[I 2026-03-10 23:43:45,030] Trial 272 finished with value: 0.4469723891360905 and parameters: {'window_ms': 230, 'overlap': 0.9, 'freq_low_hz': 1200, 'freq_high_hz': 4100, 'power_thresh_percentile': 53, 'mdl_beta': 1.5419731116916489}. Best is trial 268 with value: 0.4966994657406606.

GMDA: Selected 9359 TF points.
GMDA: Selected 9359 TF points.
GMDA: Selected 9359 TF points.
GMDA: Selected 12463 TF points.
GMDA: Selected 12463 TF points.
GMDA: Selected 12463 TF points.
GMDA: Selected 12463 TF points.
GMDA: Selected 12463 TF points.
GMDA: Selected 12463 TF points.
GMDA: Selected 12463 TF points.
GMDA: Selected 12463 TF points.
GMDA: Selected 12463 TF points.
GMDA: Selected 12463 TF points.
GMDA: Selected 12463 TF points.
GMDA: Selected 12463 TF points.
GMDA: Selected 12463 TF points.
GMDA: Selected 12463 TF points.
GMDA: Selected 12463 TF points.
GMDA: Selected 12463 TF points.
GMDA: Selected 10422 TF points.
GMDA: Selected 10422 TF points.
GMDA: Selected 10422 TF points.
GMDA: Selected 10422 TF points.
GMDA: Selected 10422 TF points.
GMDA: Selected 10422 TF points.
GMDA: Selected 10422 TF points.
GMDA: Selected 10422 TF points.
GMDA: Selected 10422 TF points.
GMDA: Selected 10422 TF points.
GMDA: Selected 10422 TF points.
GMDA: Selected 10422 TF points.
GMDA: Selected 10422 TF points.
GMDA: Selected 10422 TF points.
GMDA: Selected 10422 TF points.
GMDA: Selected 10422 TF points.
GMDA: Selected 15639 TF points.
GMDA: Selected 15639 TF points.
GMDA: Selected 15639 TF points.
GMDA: Selected 15639 TF points.
GMDA: Selected 15639 TF points.
GMDA: Selected 15639 TF points.
GMDA: Selected 15639 TF points.
GMDA: Selected 15639 TF points.
GMDA: Selected 15639 TF points.
GMDA: Selected 15639 TF points.
GMDA: Selected 15639 TF points.
GMDA: Selected 15639 TF points.
GMDA: Selected 15639 TF points.
GMDA: Selected 15639 TF points.
GMDA: Selected 15639 TF points.
GMDA: Selected 15639 TF points.
GMDA: Selected 11644 TF points.
GMDA: Selected 11644 TF points.
GMDA: Selected 11644 TF points.
GMDA: Selected 11644 TF points.
GMDA: Selected 11644 TF points.
GMDA: Selected 11644 TF points.
GMDA: Selected 11644 TF points.
GMDA: Selected 11644 TF points.
GMDA: Selected 11644 TF points.
GMDA: Selected 11644 TF points.
GMDA: Selected 11644 TF points.
GMDA: Selected 11644 TF points.
GMDA: Selected 11644 TF points.
GMDA: Selected 11644 TF points.
GMDA: Selected 11644 TF points.
GMDA: Selected 11644 TF points.
GMDA: Selected 12849 TF points.
GMDA: Selected 12849 TF points.
GMDA: Selected 12849 TF points.
GMDA: Selected 12849 TF points.
GMDA: Selected 12849 TF points.
GMDA: Selected 12849 TF points.
GMDA: Selected 12849 TF points.
GMDA: Selected 12849 TF points.
GMDA: Selected 12849 TF points.
GMDA: Selected 12849 TF points.
GMDA: Selected 12849 TF points.
GMDA: Selected 12849 TF points.
GMDA: Selected 12849 TF points.
GMDA: Selected 12849 TF points.
GMDA: Selected 12849 TF points.
GMDA: Selected 12849 TF points.
GMDA: Selected 10733 TF points.
GMDA: Selected 10733 TF points.
GMDA: Selected 10733 TF points.
GMDA: Selected 10733 TF points.
GMDA: Selected 10733 TF points.
GMDA: Selected 10733 TF points.
GMDA: Selected 10733 TF points.
GMDA: Selected 10733 TF points.
GMDA: Selected 10733 TF points.
GMDA: Selected 10733 TF points.
GMDA: Selected 10733 TF points.
GMDA: Selected 10733 TF points.
GMDA: Selected 10733 TF points.
GMDA: Selected 10733 TF points.
GMDA: Selected 10733 TF points.
GMDA: Selected 10733 TF points.
GMDA: Selected 9350 TF points.
GMDA: Selected 9350 TF points.
GMDA: Selected 9350 TF points.
GMDA: Selected 9350 TF points.
GMDA: Selected 9350 TF points.
GMDA: Selected 9350 TF points.
GMDA: Selected 9350 TF points.
GMDA: Selected 9350 TF points.
GMDA: Selected 9350 TF points.
GMDA: Selected 9350 TF points.
GMDA: Selected 9350 TF points.
GMDA: Selected 9350 TF points.
GMDA: Selected 9350 TF points.
GMDA: Selected 9350 TF points.
GMDA: Selected 9350 TF points.
GMDA: Selected 9350 TF points.
GMDA: Selected 11656 TF points.
GMDA: Selected 11656 TF points.
GMDA: Selected 11656 TF points.
GMDA: Selected 11656 TF points.
GMDA: Selected 11656 TF points.
GMDA: Selected 11656 TF points.
GMDA: Selected 11656 TF points.
GMDA: Selected 11656 TF points.
GMDA: Selected 11656 TF points.
GMDA: Selected 11656 TF points.
GMDA: Selected 11656 TF points.
GMDA: Selected 11656 TF points.
GMDA: Selected 11656 TF points.
GMDA: Selected 11656 TF points.
GMDA: Selected 11656 TF points.
GMDA: Selected 11656 TF points.
GMDA: Selected 16854 TF points.
GMDA: Selected 16854 TF points.
GMDA: Selected 16854 TF points.
GMDA: Selected 16854 TF points.
GMDA: Selected 16854 TF points.
GMDA: Selected 16854 TF points.
GMDA: Selected 16854 TF points.
GMDA: Selected 16854 TF points.
GMDA: Selected 16854 TF points.
GMDA: Selected 16854 TF points.
GMDA: Selected 16854 TF points.
GMDA: Selected 16854 TF points.
GMDA: Selected 16854 TF points.
GMDA: Selected 16854 TF points.
GMDA: Selected 16854 TF points.
GMDA: Selected 16854 TF points.
GMDA: Selected 3759 TF points.
GMDA: Selected 3759 TF points.
GMDA: Selected 3759 TF points.
GMDA: Selected 3759 TF points.
GMDA: Selected 3759 TF points.
GMDA: Selected 3759 TF points.
GMDA: Selected 3759 TF points.
GMDA: Selected 3759 TF points.
GMDA: Selected 3759 TF points.
GMDA: Selected 3759 TF points.
GMDA: Selected 3759 TF points.
GMDA: Selected 3759 TF points.
GMDA: Selected 3759 TF points.
GMDA: Selected 3759 TF points.
GMDA: Selected 3759 TF points.
GMDA: Selected 3759 TF points.
GMDA: Selected 20388 TF points.
GMDA: Selected 20388 TF points.
GMDA: Selected 20388 TF points.
GMDA: Selected 20388 TF points.
GMDA: Selected 20388 TF points.
GMDA: Selected 20388 TF points.
GMDA: Selected 20388 TF points.
GMDA: Selected 20388 TF points.
GMDA: Selected 20388 TF points.
GMDA: Selected 20388 TF points.
GMDA: Selected 20388 TF points.
GMDA: Selected 20388 TF points.
GMDA: Selected 20388 TF points.
GMDA: Selected 20388 TF points.
GMDA: Selected 20388 TF points.
GMDA: Selected 20388 TF points.
GMDA: Selected 15075 TF points.
GMDA: Selected 15075 TF points.
GMDA: Selected 15075 TF points.
GMDA: Selected 15075 TF points.
GMDA: Selected 15075 TF points.
GMDA: Selected 15075 TF points.
GMDA: Selected 15075 TF points.
GMDA: Selected 15075 TF points.
GMDA: Selected 15075 TF points.
GMDA: Selected 15075 TF points.
GMDA: Selected 15075 TF points.
GMDA: Selected 15075 TF points.
GMDA: Selected 15075 TF points.
GMDA: Selected 15075 TF points.
GMDA: Selected 15075 TF points.
GMDA: Selected 15075 TF points.
GMDA: Selected 15062 TF points.
GMDA: Selected 15062 TF points.
GMDA: Selected 15062 TF points.
GMDA: Selected 15062 TF points.
GMDA: Selected 15062 TF points.
GMDA: Selected 15062 TF points.
GMDA: Selected 15062 TF points.
GMDA: Selected 15062 TF points.
GMDA: Selected 15062 TF points.
GMDA: Selected 15062 TF points.
GMDA: Selected 15062 TF points.
GMDA: Selected 15062 TF points.
GMDA: Selected 15062 TF points.
GMDA: Selected 15062 TF points.
GMDA: Selected 15062 TF points.
GMDA: Selected 15062 TF points.
GMDA: Selected 38893 TF points.
GMDA: Selected 38893 TF points.
GMDA: Selected 38893 TF points.
GMDA: Selected 38893 TF points.
GMDA: Selected 38893 TF points.
GMDA: Selected 38893 TF points.
GMDA: Selected 38893 TF points.
GMDA: Selected 38893 TF points.
GMDA: Selected 38893 TF points.
GMDA: Selected 38893 TF points.
GMDA: Selected 38893 TF points.
GMDA: Selected 38893 TF points.
GMDA: Selected 38893 TF points.
GMDA: Selected 38893 TF points.
GMDA: Selected 38893 TF points.
GMDA: Selected 38893 TF points.
GMDA: Selected 16547 TF points.
GMDA: Selected 16547 TF points.
GMDA: Selected 16547 TF points.
GMDA: Selected 16547 TF points.
GMDA: Selected 16547 TF points.
GMDA: Selected 16547 TF points.
GMDA: Selected 16547 TF points.
GMDA: Selected 16547 TF points.
GMDA: Selected 16547 TF points.
GMDA: Selected 16547 TF points.
GMDA: Selected 16547 TF points.
GMDA: Selected 16547 TF points.
GMDA: Selected 16547 TF points.
GMDA: Selected 16547 TF points.
GMDA: Selected 16547 TF points.
GMDA: Selected 16547 TF points.
GMDA: Selected 18679 TF points.
GMDA: Selected 18679 TF points.
GMDA: Selected 18679 TF points.
GMDA: Selected 18679 TF points.
GMDA: Selected 18679 TF points.
GMDA: Selected 18679 TF points.
GMDA: Selected 18679 TF points.
GMDA: Selected 18679 TF points.
GMDA: Selected 18679 TF points.
GMDA: Selected 18679 TF points.
GMDA: Selected 18679 TF points.
GMDA: Selected 18679 TF points.
GMDA: Selected 18679 TF points.
GMDA: Selected 18679 TF points.
GMDA: Selected 18679 TF points.[I 2026-03-10 23:43:53,793] Trial 303 finished with value: 0.4876339914725384 and parameters: {'window_ms': 245, 'overlap': 0.8500000000000001, 'freq_low_hz': 1200, 'freq_high_hz': 4300, 'power_thresh_percentile': 96, 'mdl_beta': 0.9706619847351385}. Best is trial 268 with value: 0.4966994657406606.
[I 2026-03-10 23:44:00,813] Trial 301 finished with value: 0.48507617360855726 and parameters: {'window_ms': 225, 'overlap': 0.9, 'freq_low_hz': 1200, 'freq_high_hz': 4300, 'power_thresh_percentile': 94, 'mdl_beta': 1.0003665082387732}. Best is trial 268 with value: 0.4966994657406606.
[I 2026-03-10 23:44:18,992] Trial 304 finished with value: 0.4859787438662806 and parameters: {'window_ms': 225, 'overlap': 0.8500000000000001, 'freq_low_hz': 1200, 'freq_high_hz': 4300, 'power_thresh_percentile': 94, 'mdl_beta': 0.8965675410977725}. Best is trial 268 with value: 0.4966994657406606.
[I 2026-03-10 23:44:22,811] Trial 307 finished with value: 0.48247983707766723 and parameters: {'window_ms': 225, 'overlap': 0.8, 'freq_low_hz': 1150, 'freq_high_hz': 1650, 'power_thresh_percentile': 93, 'mdl_beta': 0.8662681992275238}. Best is trial 268 with value: 0.4966994657406606.
[I 2026-03-10 23:44:38,838] Trial 305 finished with value: 0.4721257544666393 and parameters: {'window_ms': 245, 'overlap': 0.8, 'freq_low_hz': 600, 'freq_high_hz': 4300, 'power_thresh_percentile': 93, 'mdl_beta': 0.9437059776376082}. Best is trial 268 with value: 0.4966994657406606.
[I 2026-03-10 23:44:42,533] Trial 302 finished with value: 0.47332902191609494 and parameters: {'window_ms': 245, 'overlap': 0.9, 'freq_low_hz': 550, 'freq_high_hz': 4300, 'power_thresh_percentile': 94, 'mdl_beta': 1.0096674531796186}. Best is trial 268 with value: 0.4966994657406606.
[I 2026-03-10 23:45:11,290] Trial 306 finished with value: 0.48858790712922473 and parameters: {'window_ms': 220, 'overlap': 0.8500000000000001, 'freq_low_hz': 1150, 'freq_high_hz': 4850, 'power_thresh_percentile': 93, 'mdl_beta': 0.9530397198162526}. Best is trial 268 with value: 0.4966994657406606.
[I 2026-03-10 23:45:30,932] Trial 308 finished with value: 0.47894799034309093 and parameters: {'window_ms': 220, 'overlap': 0.8500000000000001, 'freq_low_hz': 1150, 'freq_high_hz': 4550, 'power_thresh_percentile': 93, 'mdl_beta': 1.2516247584127347}. Best is trial 268 with value: 0.4966994657406606.
[I 2026-03-10 23:45:55,073] Trial 310 finished with value: 0.45143634816551065 and parameters: {'window_ms': 220, 'overlap': 0.9, 'freq_low_hz': 200, 'freq_high_hz': 4400, 'power_thresh_percentile': 96, 'mdl_beta': 5.738863434751182}. Best is trial 268 with value: 0.4966994657406606.
[I 2026-03-10 23:46:09,268] Trial 312 finished with value: 0.4854423920874523 and parameters: {'window_ms': 220, 'overlap': 0.9, 'freq_low_hz': 1150, 'freq_high_hz': 4850, 'power_thresh_percentile': 96, 'mdl_beta': 1.2932003362194826}. Best is trial 268 with value: 0.4966994657406606.
[I 2026-03-10 23:46:09,870] Trial 311 finished with value: 0.4854423920874523 and parameters: {'window_ms': 220, 'overlap': 0.9, 'freq_low_hz': 1150, 'freq_high_hz': 4850, 'power_thresh_percentile': 96, 'mdl_beta': 1.3122725057568039}. Best is trial 268 with value: 0.4966994657406606.
[I 2026-03-10 23:46:15,792] Trial 314 finished with value: 0.486773034309261 and parameters: {'window_ms': 210, 'overlap': 0.9, 'freq_low_hz': 1200, 'freq_high_hz': 4500, 'power_thresh_percentile': 98, 'mdl_beta': 0.6490959031607825}. Best is trial 268 with value: 0.4966994657406606.
[I 2026-03-10 23:46:25,852] Trial 313 finished with value: 0.48633850680070195 and parameters: {'window_ms': 215, 'overlap': 0.9, 'freq_low_hz': 1150, 'freq_high_hz': 4450, 'power_thresh_percentile': 96, 'mdl_beta': 1.2037525390107198}. Best is trial 268 with value: 0.4966994657406606.
[I 2026-03-10 23:46:30,857] Trial 284 finished with value: 0.44735735135264965 and parameters: {'window_ms': 235, 'overlap': 0.8500000000000001, 'freq_low_hz': 500, 'freq_high_hz': 4200, 'power_thresh_percentile': 50, 'mdl_beta': 0.7838298996487889}. Best is trial 268 with value: 0.4966994657406606.
[I 2026-03-10 23:46:47,564] Trial 318 finished with value: 0.4688510680438327 and parameters: {'window_ms': 210, 'overlap': 0.25, 'freq_low_hz': 1050, 'freq_high_hz': 5100, 'power_thresh_percentile': 91, 'mdl_beta': 2.1216716648377973}. Best is trial 268 with value: 0.4966994657406606.
[I 2026-03-10 23:46:55,193] Trial 316 finished with value: 0.48169936884148523 and parameters: {'window_ms': 210, 'overlap': 0.9, 'freq_low_hz': 1200, 'freq_high_hz': 4700, 'power_thresh_percentile': 98, 'mdl_beta': 0.6767486067080112}. Best is trial 268 with value: 0.4966994657406606.
[I 2026-03-10 23:46:55,574] Trial 319 finished with value: 0.4851000943059452 and parameters: {'window_ms': 210, 'overlap': 0.55, 'freq_low_hz': 1050, 'freq_high_hz': 3900, 'power_thresh_percentile': 95, 'mdl_beta': 3.1359585014188207}. Best is trial 268 with value: 0.4966994657406606.
[I 2026-03-10 23:47:00,672] Trial 317 finished with value: 0.49452996508888775 and parameters: {'window_ms': 215, 'overlap': 0.9, 'freq_low_hz': 1050, 'freq_high_hz': 4700, 'power_thresh_percentile': 98, 'mdl_beta': 0.6227955862127611}. Best is trial 268 with value: 0.4966994657406606.
[I 2026-03-10 23:47:05,943] Trial 309 finished with value: 0.4835607428614866 and parameters: {'window_ms': 220, 'overlap': 0.9, 'freq_low_hz': 1150, 'freq_high_hz': 4750, 'power_thresh_percentile': 91, 'mdl_beta': 1.2799777865734085}. Best is trial 268 with value: 0.4966994657406606.
[I 2026-03-10 23:47:28,940] Trial 324 finished with value: 0.47879655741686244 and parameters: {'window_ms': 215, 'overlap': 0.5, 'freq_low_hz': 1050, 'freq_high_hz': 4000, 'power_thresh_percentile': 95, 'mdl_beta': 0.6215793562967146}. Best is trial 268 with value: 0.4966994657406606.
[I 2026-03-10 23:48:10,538] Trial 320 finished with value: 0.48658285862885514 and parameters: {'window_ms': 210, 'overlap': 0.9, 'freq_low_hz': 1050, 'freq_high_hz': 5100, 'power_thresh_percentile': 95, 'mdl_beta': 1.1211876433346903}. Best is trial 268 with value: 0.4966994657406606.
[I 2026-03-10 23:48:15,344] Trial 322 finished with value: 0.4929642099926534 and parameters: {'window_ms': 230, 'overlap': 0.9, 'freq_low_hz': 1200, 'freq_high_hz': 4000, 'power_thresh_percentile': 95, 'mdl_beta': 1.1469617428921146}. Best is trial 268 with value: 0.4966994657406606.
[I 2026-03-10 23:48:15,364] Trial 321 finished with value: 0.4851993062854913 and parameters: {'window_ms': 230, 'overlap': 0.9, 'freq_low_hz': 1200, 'freq_high_hz': 4700, 'power_thresh_percentile': 95, 'mdl_beta': 0.619841713538859}. Best is trial 268 with value: 0.4966994657406606.
[I 2026-03-10 23:48:18,561] Trial 315 finished with value: 0.48403888521680233 and parameters: {'window_ms': 210, 'overlap': 0.9, 'freq_low_hz': 1050, 'freq_high_hz': 4500, 'power_thresh_percentile': 91, 'mdl_beta': 0.6329056294235438}. Best is trial 268 with value: 0.4966994657406606.
[I 2026-03-10 23:48:20,831] Trial 325 finished with value: 0.4929642099926534 and parameters: {'window_ms': 230, 'overlap': 0.9, 'freq_low_hz': 1200, 'freq_high_hz': 4000, 'power_thresh_percentile': 95, 'mdl_beta': 0.5969181468066237}. Best is trial 268 with value: 0.4966994657406606.
[I 2026-03-10 23:48:27,429] Trial 323 finished with value: 0.44848779043318243 and parameters: {'window_ms': 230, 'overlap': 0.5, 'freq_low_hz': 1200, 'freq_high_hz': 4000, 'power_thresh_percentile': 69, 'mdl_beta': 1.8710447903301042}. Best is trial 268 with value: 0.4966994657406606.
[I 2026-03-10 23:48:50,122] Trial 326 finished with value: 0.4669157072705175 and parameters: {'window_ms': 230, 'overlap': 0.9, 'freq_low_hz': 650, 'freq_high_hz': 3900, 'power_thresh_percentile': 95, 'mdl_beta': 0.5536955041913195}. Best is trial 268 with value: 0.4966994657406606.
[I 2026-03-10 23:49:04,389] Trial 327 finished with value: 0.48645112644664024 and parameters: {'window_ms': 230, 'overlap': 0.9, 'freq_low_hz': 1200, 'freq_high_hz': 4200, 'power_thresh_percentile': 97, 'mdl_beta': 0.5360403100655482}. Best is trial 268 with value: 0.4966994657406606.
[I 2026-03-10 23:49:07,512] Trial 329 finished with value: 0.486386509195401 and parameters: {'window_ms': 230, 'overlap': 0.9, 'freq_low_hz': 1100, 'freq_high_hz': 3900, 'power_thresh_percentile': 97, 'mdl_beta': 1.09945198865842}. Best is trial 268 with value: 0.4966994657406606.
[I 2026-03-10 23:49:09,201] Trial 330 finished with value: 0.486386509195401 and parameters: {'window_ms': 230, 'overlap': 0.9, 'freq_low_hz': 1100, 'freq_high_hz': 3900, 'power_thresh_percentile': 97, 'mdl_beta': 1.131818352356839}. Best is trial 268 with value: 0.4966994657406606.
[I 2026-03-10 23:49:12,203] Trial 331 finished with value: 0.48596180977563136 and parameters: {'window_ms': 235, 'overlap': 0.9, 'freq_low_hz': 1100, 'freq_high_hz': 3900, 'power_thresh_percentile': 97, 'mdl_beta': 1.1392892416556433}. Best is trial 268 with value: 0.4966994657406606.
[I 2026-03-10 23:49:25,758] Trial 332 finished with value: 0.4653212984345342 and parameters: {'window_ms': 235, 'overlap': 0.9, 'freq_low_hz': 500, 'freq_high_hz': 3900, 'power_thresh_percentile': 97, 'mdl_beta': 1.116679883022035}. Best is trial 268 with value: 0.4966994657406606.
[I 2026-03-10 23:49:43,230] Trial 337 finished with value: 0.47894853545296134 and parameters: {'window_ms': 225, 'overlap': 0.8500000000000001, 'freq_low_hz': 1150, 'freq_high_hz': 3650, 'power_thresh_percentile': 98, 'mdl_beta': 1.3467356058591857}. Best is trial 268 with value: 0.4966994657406606.
[I 2026-03-10 23:49:43,803] Trial 335 finished with value: 0.48581380441699834 and parameters: {'window_ms': 235, 'overlap': 0.8500000000000001, 'freq_low_hz': 1100, 'freq_high_hz': 3800, 'power_thresh_percentile': 97, 'mdl_beta': 1.3262802654497445}. Best is trial 268 with value: 0.4966994657406606.
[I 2026-03-10 23:49:43,834] Trial 333 finished with value: 0.48770585126793764 and parameters: {'window_ms': 235, 'overlap': 0.9, 'freq_low_hz': 1100, 'freq_high_hz': 3800, 'power_thresh_percentile': 97, 'mdl_beta': 1.1633735835914267}. Best is trial 268 with value: 0.4966994657406606.
[I 2026-03-10 23:49:53,840] Trial 334 finished with value: 0.48770585126793764 and parameters: {'window_ms': 235, 'overlap': 0.9, 'freq_low_hz': 1100, 'freq_high_hz': 3800, 'power_thresh_percentile': 97, 'mdl_beta': 4.131614619424171}. Best is trial 268 with value: 0.4966994657406606.
