[I 2026-03-10 23:55:58,566] Trial 375 finished with value: 0.4800125876125104 and parameters: {'window_ms': 10, 'overlap': 0.9, 'freq_low_hz': 1100, 'freq_high_hz': 4300, 'power_thresh_percentile': 97, 'mdl_beta': 0.8048830244532938}. Best is trial 268 with value: 0.4966994657406606.

GMDA: Selected 16056 TF points.
GMDA: Selected 16056 TF points.
GMDA: Selected 16056 TF points.
GMDA: Selected 16056 TF points.
GMDA: Selected 16056 TF points.
GMDA: Selected 11650 TF points.
GMDA: Selected 11650 TF points.
GMDA: Selected 11650 TF points.
GMDA: Selected 11650 TF points.
GMDA: Selected 11650 TF points.
GMDA: Selected 11650 TF points.
GMDA: Selected 11650 TF points.
GMDA: Selected 11650 TF points.
GMDA: Selected 11650 TF points.
GMDA: Selected 11650 TF points.
GMDA: Selected 11650 TF points.
GMDA: Selected 11650 TF points.
GMDA: Selected 11650 TF points.
GMDA: Selected 11650 TF points.
GMDA: Selected 11650 TF points.
GMDA: Selected 11650 TF points.
GMDA: Selected 16864 TF points.
GMDA: Selected 16864 TF points.
GMDA: Selected 16864 TF points.
GMDA: Selected 16864 TF points.
GMDA: Selected 16864 TF points.
GMDA: Selected 16864 TF points.
GMDA: Selected 16864 TF points.
GMDA: Selected 16864 TF points.
GMDA: Selected 16864 TF points.
GMDA: Selected 16864 TF points.
GMDA: Selected 16864 TF points.
GMDA: Selected 16864 TF points.
GMDA: Selected 16864 TF points.
GMDA: Selected 16864 TF points.
GMDA: Selected 16864 TF points.
GMDA: Selected 16864 TF points.
GMDA: Selected 3757 TF points.
GMDA: Selected 3757 TF points.
GMDA: Selected 3757 TF points.
GMDA: Selected 3757 TF points.
GMDA: Selected 3757 TF points.
GMDA: Selected 3757 TF points.
GMDA: Selected 3757 TF points.
GMDA: Selected 3757 TF points.
GMDA: Selected 3757 TF points.
GMDA: Selected 3757 TF points.
GMDA: Selected 3757 TF points.
GMDA: Selected 3757 TF points.
GMDA: Selected 3757 TF points.
GMDA: Selected 3757 TF points.
GMDA: Selected 3757 TF points.
GMDA: Selected 3757 TF points.
GMDA: Selected 7239 TF points.
GMDA: Selected 7239 TF points.
GMDA: Selected 7239 TF points.
GMDA: Selected 7239 TF points.
GMDA: Selected 7239 TF points.
GMDA: Selected 7239 TF points.
GMDA: Selected 7239 TF points.
GMDA: Selected 7239 TF points.
GMDA: Selected 7239 TF points.
GMDA: Selected 7239 TF points.
GMDA: Selected 7239 TF points.
GMDA: Selected 7239 TF points.
GMDA: Selected 7239 TF points.
GMDA: Selected 7239 TF points.
GMDA: Selected 7239 TF points.
GMDA: Selected 7239 TF points.
GMDA: Selected 136887 TF points.
GMDA: Selected 136887 TF points.
GMDA: Selected 136887 TF points.
GMDA: Selected 136887 TF points.
GMDA: Selected 136887 TF points.
GMDA: Selected 136887 TF points.
GMDA: Selected 136887 TF points.
GMDA: Selected 136887 TF points.
GMDA: Selected 136887 TF points.
GMDA: Selected 136887 TF points.
GMDA: Selected 136887 TF points.
GMDA: Selected 136887 TF points.
GMDA: Selected 136887 TF points.
GMDA: Selected 136887 TF points.
GMDA: Selected 136887 TF points.
GMDA: Selected 136887 TF points.
GMDA: Selected 17401 TF points.
GMDA: Selected 17401 TF points.
GMDA: Selected 17401 TF points.
GMDA: Selected 17401 TF points.
GMDA: Selected 17401 TF points.
GMDA: Selected 17401 TF points.
GMDA: Selected 17401 TF points.
GMDA: Selected 17401 TF points.
GMDA: Selected 17401 TF points.
GMDA: Selected 17401 TF points.
GMDA: Selected 17401 TF points.
GMDA: Selected 17401 TF points.
GMDA: Selected 17401 TF points.
GMDA: Selected 17401 TF points.
GMDA: Selected 17401 TF points.
GMDA: Selected 17401 TF points.
GMDA: Selected 13245 TF points.
GMDA: Selected 13245 TF points.
GMDA: Selected 13245 TF points.
GMDA: Selected 13245 TF points.
GMDA: Selected 13245 TF points.
GMDA: Selected 13245 TF points.
GMDA: Selected 13245 TF points.
GMDA: Selected 13245 TF points.
GMDA: Selected 13245 TF points.
GMDA: Selected 13245 TF points.
GMDA: Selected 13245 TF points.
GMDA: Selected 13245 TF points.
GMDA: Selected 13245 TF points.
GMDA: Selected 13245 TF points.
GMDA: Selected 13245 TF points.
GMDA: Selected 13245 TF points.
GMDA: Selected 3205 TF points.
GMDA: Selected 3205 TF points.
GMDA: Selected 3205 TF points.
GMDA: Selected 3205 TF points.
GMDA: Selected 3205 TF points.
GMDA: Selected 3205 TF points.
GMDA: Selected 3205 TF points.
GMDA: Selected 3205 TF points.
GMDA: Selected 3205 TF points.
GMDA: Selected 3205 TF points.
GMDA: Selected 3205 TF points.
GMDA: Selected 3205 TF points.
GMDA: Selected 3205 TF points.
GMDA: Selected 3205 TF points.
GMDA: Selected 3205 TF points.
GMDA: Selected 3205 TF points.
GMDA: Selected 17596 TF points.
GMDA: Selected 17596 TF points.
GMDA: Selected 17596 TF points.
GMDA: Selected 17596 TF points.
GMDA: Selected 17596 TF points.
GMDA: Selected 17596 TF points.
GMDA: Selected 17596 TF points.
GMDA: Selected 17596 TF points.
GMDA: Selected 17596 TF points.
GMDA: Selected 17596 TF points.
GMDA: Selected 17596 TF points.
GMDA: Selected 17596 TF points.
GMDA: Selected 17596 TF points.
GMDA: Selected 17596 TF points.
GMDA: Selected 17596 TF points.
GMDA: Selected 17596 TF points.
GMDA: Selected 10236 TF points.
GMDA: Selected 10236 TF points.
GMDA: Selected 10236 TF points.
GMDA: Selected 10236 TF points.
GMDA: Selected 10236 TF points.
GMDA: Selected 10236 TF points.
GMDA: Selected 10236 TF points.
GMDA: Selected 10236 TF points.
GMDA: Selected 10236 TF points.
GMDA: Selected 10236 TF points.
GMDA: Selected 10236 TF points.
GMDA: Selected 10236 TF points.
GMDA: Selected 10236 TF points.
GMDA: Selected 10236 TF points.
GMDA: Selected 10236 TF points.
GMDA: Selected 10236 TF points.
GMDA: Selected 26844 TF points.
GMDA: Selected 26844 TF points.
GMDA: Selected 26844 TF points.
GMDA: Selected 26844 TF points.
GMDA: Selected 26844 TF points.
GMDA: Selected 26844 TF points.
GMDA: Selected 26844 TF points.
GMDA: Selected 26844 TF points.
GMDA: Selected 26844 TF points.
GMDA: Selected 26844 TF points.
GMDA: Selected 26844 TF points.
GMDA: Selected 26844 TF points.
GMDA: Selected 26844 TF points.
GMDA: Selected 26844 TF points.
GMDA: Selected 26844 TF points.
GMDA: Selected 26844 TF points.
GMDA: Selected 5418 TF points.
GMDA: Selected 5418 TF points.
GMDA: Selected 5418 TF points.
GMDA: Selected 5418 TF points.
GMDA: Selected 5418 TF points.
GMDA: Selected 5418 TF points.
GMDA: Selected 5418 TF points.
GMDA: Selected 5418 TF points.
GMDA: Selected 5418 TF points.
GMDA: Selected 5418 TF points.
GMDA: Selected 5418 TF points.
GMDA: Selected 5418 TF points.
GMDA: Selected 5418 TF points.
GMDA: Selected 5418 TF points.
GMDA: Selected 5418 TF points.
GMDA: Selected 5418 TF points.
GMDA: Selected 18101 TF points.
GMDA: Selected 18101 TF points.
GMDA: Selected 18101 TF points.
GMDA: Selected 18101 TF points.
GMDA: Selected 18101 TF points.
GMDA: Selected 18101 TF points.
GMDA: Selected 18101 TF points.
GMDA: Selected 18101 TF points.
GMDA: Selected 18101 TF points.
GMDA: Selected 18101 TF points.
GMDA: Selected 18101 TF points.
GMDA: Selected 18101 TF points.
GMDA: Selected 18101 TF points.
GMDA: Selected 18101 TF points.
GMDA: Selected 18101 TF points.
GMDA: Selected 18101 TF points.
GMDA: Selected 8311 TF points.
GMDA: Selected 8311 TF points.
GMDA: Selected 8311 TF points.
GMDA: Selected 8311 TF points.
GMDA: Selected 8311 TF points.
GMDA: Selected 8311 TF points.
GMDA: Selected 8311 TF points.
GMDA: Selected 8311 TF points.
GMDA: Selected 8311 TF points.
GMDA: Selected 8311 TF points.
GMDA: Selected 8311 TF points.
GMDA: Selected 8311 TF points.
GMDA: Selected 8311 TF points.
GMDA: Selected 8311 TF points.
GMDA: Selected 8311 TF points.
GMDA: Selected 8311 TF points.
GMDA: Selected 8579 TF points.
GMDA: Selected 8579 TF points.
GMDA: Selected 8579 TF points.
GMDA: Selected 8579 TF points.
GMDA: Selected 8579 TF points.
GMDA: Selected 8579 TF points.
GMDA: Selected 8579 TF points.
GMDA: Selected 8579 TF points.
GMDA: Selected 8579 TF points.
GMDA: Selected 8579 TF points.
GMDA: Selected 8579 TF points.
GMDA: Selected 8579 TF points.
GMDA: Selected 8579 TF points.
GMDA: Selected 8579 TF points.
GMDA: Selected 8579 TF points.
GMDA: Selected 8579 TF points.
GMDA: Selected 9502 TF points.
GMDA: Selected 9502 TF points.
GMDA: Selected 9502 TF points.
GMDA: Selected 9502 TF points.
GMDA: Selected 9502 TF points.
GMDA: Selected 9502 TF points.
GMDA: Selected 9502 TF points.
GMDA: Selected 9502 TF points.
GMDA: Selected 9502 TF points.
GMDA: Selected 9502 TF points.
GMDA: Selected 9502 TF points.
GMDA: Selected 9502 TF points.
GMDA: Selected 9502 TF points.
GMDA: Selected 9502 TF points.[I 2026-03-10 23:56:27,815] Trial 379 finished with value: 0.48432485316865587 and parameters: {'window_ms': 205, 'overlap': 0.8, 'freq_low_hz': 1150, 'freq_high_hz': 3850, 'power_thresh_percentile': 93, 'mdl_beta': 0.7334784933575116}. Best is trial 268 with value: 0.4966994657406606.
[I 2026-03-10 23:56:34,245] Trial 378 finished with value: 0.48700345594815064 and parameters: {'window_ms': 225, 'overlap': 0.8, 'freq_low_hz': 1150, 'freq_high_hz': 4350, 'power_thresh_percentile': 92, 'mdl_beta': 0.7847454485700684}. Best is trial 268 with value: 0.4966994657406606.
[I 2026-03-10 23:57:13,762] Trial 370 finished with value: 0.4545354683356199 and parameters: {'window_ms': 225, 'overlap': 0.8500000000000001, 'freq_low_hz': 1000, 'freq_high_hz': 4100, 'power_thresh_percentile': 76, 'mdl_beta': 1.2117914970894992}. Best is trial 268 with value: 0.4966994657406606.
