[I 2026-03-10 23:14:18,421] Trial 128 finished with value: 0.47114691006785175 and parameters: {'window_ms': 125, 'overlap': 0.65, 'freq_low_hz': 1000, 'freq_high_hz': 5700, 'power_thresh_percentile': 97, 'mdl_beta': 6.850325601855705}. Best is trial 78 with value: 0.494957547881154.
GMDA: Selected 30545 TF points.
GMDA: Selected 30545 TF points.
GMDA: Selected 30545 TF points.
GMDA: Selected 30545 TF points.
GMDA: Selected 30545 TF points.
GMDA: Selected 30545 TF points.
GMDA: Selected 30545 TF points.
GMDA: Selected 30545 TF points.
GMDA: Selected 30545 TF points.
GMDA: Selected 30545 TF points.
GMDA: Selected 30545 TF points.
GMDA: Selected 30545 TF points.
GMDA: Selected 30545 TF points.
GMDA: Selected 30545 TF points.
GMDA: Selected 30545 TF points.
GMDA: Selected 30545 TF points.
GMDA: Selected 10422 TF points.
GMDA: Selected 10422 TF points.
GMDA: Selected 10422 TF points.
GMDA: Selected 10422 TF points.
GMDA: Selected 10422 TF points.
GMDA: Selected 10422 TF points.
GMDA: Selected 10422 TF points.
GMDA: Selected 10422 TF points.
GMDA: Selected 10422 TF points.
GMDA: Selected 10422 TF points.
GMDA: Selected 10422 TF points.
GMDA: Selected 10422 TF points.
GMDA: Selected 10422 TF points.
GMDA: Selected 10422 TF points.
GMDA: Selected 10422 TF points.
GMDA: Selected 10422 TF points.
GMDA: Selected 14488 TF points.
GMDA: Selected 14488 TF points.
GMDA: Selected 14488 TF points.
GMDA: Selected 14488 TF points.
GMDA: Selected 14488 TF points.
GMDA: Selected 14488 TF points.
GMDA: Selected 14488 TF points.
GMDA: Selected 14488 TF points.
GMDA: Selected 14488 TF points.
GMDA: Selected 14488 TF points.
GMDA: Selected 14488 TF points.
GMDA: Selected 14488 TF points.
GMDA: Selected 14488 TF points.
GMDA: Selected 14488 TF points.
GMDA: Selected 14488 TF points.
GMDA: Selected 14488 TF points.
GMDA: Selected 16283 TF points.
GMDA: Selected 16283 TF points.
GMDA: Selected 16283 TF points.
GMDA: Selected 16283 TF points.
GMDA: Selected 16283 TF points.
GMDA: Selected 16283 TF points.
GMDA: Selected 16283 TF points.
GMDA: Selected 16283 TF points.
GMDA: Selected 16283 TF points.
GMDA: Selected 16283 TF points.
GMDA: Selected 16283 TF points.
GMDA: Selected 16283 TF points.
GMDA: Selected 16283 TF points.
GMDA: Selected 16283 TF points.
GMDA: Selected 16283 TF points.
GMDA: Selected 16283 TF points.
GMDA: Selected 7097 TF points.
GMDA: Selected 7097 TF points.
GMDA: Selected 7097 TF points.
GMDA: Selected 7097 TF points.
GMDA: Selected 7097 TF points.
GMDA: Selected 7097 TF points.
GMDA: Selected 7097 TF points.
GMDA: Selected 7097 TF points.
GMDA: Selected 7097 TF points.
GMDA: Selected 7097 TF points.
GMDA: Selected 7097 TF points.
GMDA: Selected 7097 TF points.
GMDA: Selected 7097 TF points.
GMDA: Selected 7097 TF points.
GMDA: Selected 7097 TF points.
GMDA: Selected 7097 TF points.
GMDA: Selected 14971 TF points.
GMDA: Selected 14971 TF points.
GMDA: Selected 14971 TF points.
GMDA: Selected 14971 TF points.
GMDA: Selected 14971 TF points.
GMDA: Selected 14971 TF points.
GMDA: Selected 14971 TF points.
GMDA: Selected 14971 TF points.
GMDA: Selected 14971 TF points.
GMDA: Selected 14971 TF points.
GMDA: Selected 14971 TF points.
GMDA: Selected 14971 TF points.
GMDA: Selected 14971 TF points.
GMDA: Selected 14971 TF points.
GMDA: Selected 14971 TF points.
GMDA: Selected 14971 TF points.
GMDA: Selected 47877 TF points.
GMDA: Selected 47877 TF points.
GMDA: Selected 47877 TF points.
GMDA: Selected 47877 TF points.
GMDA: Selected 47877 TF points.
GMDA: Selected 47877 TF points.
GMDA: Selected 47877 TF points.
GMDA: Selected 47877 TF points.
GMDA: Selected 47877 TF points.
GMDA: Selected 47877 TF points.
GMDA: Selected 47877 TF points.
GMDA: Selected 47877 TF points.
GMDA: Selected 47877 TF points.
GMDA: Selected 47877 TF points.
GMDA: Selected 47877 TF points.
GMDA: Selected 47877 TF points.
GMDA: Selected 5654 TF points.
GMDA: Selected 5654 TF points.
GMDA: Selected 5654 TF points.
GMDA: Selected 5654 TF points.
GMDA: Selected 5654 TF points.
GMDA: Selected 5654 TF points.
GMDA: Selected 5654 TF points.
GMDA: Selected 5654 TF points.
GMDA: Selected 5654 TF points.
GMDA: Selected 5654 TF points.
GMDA: Selected 5654 TF points.
GMDA: Selected 5654 TF points.
GMDA: Selected 5654 TF points.
GMDA: Selected 5654 TF points.
GMDA: Selected 5654 TF points.
GMDA: Selected 5654 TF points.
GMDA: Selected 25181 TF points.
GMDA: Selected 25181 TF points.
GMDA: Selected 25181 TF points.
GMDA: Selected 25181 TF points.
GMDA: Selected 25181 TF points.
GMDA: Selected 25181 TF points.
GMDA: Selected 25181 TF points.
GMDA: Selected 25181 TF points.
GMDA: Selected 25181 TF points.
GMDA: Selected 25181 TF points.
GMDA: Selected 25181 TF points.
GMDA: Selected 25181 TF points.
GMDA: Selected 25181 TF points.
GMDA: Selected 25181 TF points.
GMDA: Selected 25181 TF points.
GMDA: Selected 25181 TF points.
GMDA: Selected 40171 TF points.
GMDA: Selected 40171 TF points.
GMDA: Selected 40171 TF points.
GMDA: Selected 40171 TF points.
GMDA: Selected 40171 TF points.
GMDA: Selected 40171 TF points.
GMDA: Selected 40171 TF points.
GMDA: Selected 40171 TF points.
GMDA: Selected 40171 TF points.
GMDA: Selected 40171 TF points.
GMDA: Selected 40171 TF points.
GMDA: Selected 40171 TF points.
GMDA: Selected 40171 TF points.
GMDA: Selected 40171 TF points.
GMDA: Selected 40171 TF points.
GMDA: Selected 40171 TF points.
GMDA: Selected 24932 TF points.
GMDA: Selected 24932 TF points.
GMDA: Selected 24932 TF points.
GMDA: Selected 24932 TF points.
GMDA: Selected 24932 TF points.
GMDA: Selected 24932 TF points.
GMDA: Selected 24932 TF points.
GMDA: Selected 24932 TF points.
GMDA: Selected 24932 TF points.
GMDA: Selected 24932 TF points.
GMDA: Selected 24932 TF points.
GMDA: Selected 24932 TF points.
GMDA: Selected 24932 TF points.
GMDA: Selected 24932 TF points.
GMDA: Selected 24932 TF points.
GMDA: Selected 24932 TF points.
GMDA: Selected 11156 TF points.
GMDA: Selected 11156 TF points.
GMDA: Selected 11156 TF points.
GMDA: Selected 11156 TF points.
GMDA: Selected 11156 TF points.
GMDA: Selected 11156 TF points.
GMDA: Selected 11156 TF points.
GMDA: Selected 11156 TF points.
GMDA: Selected 11156 TF points.
GMDA: Selected 11156 TF points.
GMDA: Selected 11156 TF points.
GMDA: Selected 11156 TF points.
GMDA: Selected 11156 TF points.
GMDA: Selected 11156 TF points.
GMDA: Selected 11156 TF points.
GMDA: Selected 11156 TF points.
GMDA: Selected 6383 TF points.
GMDA: Selected 6383 TF points.
GMDA: Selected 6383 TF points.
GMDA: Selected 6383 TF points.
GMDA: Selected 6383 TF points.
GMDA: Selected 6383 TF points.
GMDA: Selected 6383 TF points.
GMDA: Selected 6383 TF points.
GMDA: Selected 6383 TF points.
GMDA: Selected 6383 TF points.
GMDA: Selected 6383 TF points.
GMDA: Selected 6383 TF points.
GMDA: Selected 6383 TF points.
GMDA: Selected 6383 TF points.
GMDA: Selected 6383 TF points.
GMDA: Selected 6383 TF points.
GMDA: Selected 10275 TF points.
GMDA: Selected 10275 TF points.
GMDA: Selected 10275 TF points.
GMDA: Selected 10275 TF points.
GMDA: Selected 10275 TF points.
GMDA: Selected 10275 TF points.
GMDA: Selected 10275 TF points.
GMDA: Selected 10275 TF points.
GMDA: Selected 10275 TF points.
GMDA: Selected 10275 TF points.
GMDA: Selected 10275 TF points.
GMDA: Selected 10275 TF points.
GMDA: Selected 10275 TF points.
GMDA: Selected 10275 TF points.
GMDA: Selected 10275 TF points.
GMDA: Selected 10275 TF points.
GMDA: Selected 3165 TF points.
GMDA: Selected 3165 TF points.
GMDA: Selected 3165 TF points.
GMDA: Selected 3165 TF points.
GMDA: Selected 3165 TF points.
GMDA: Selected 3165 TF points.
GMDA: Selected 3165 TF points.
GMDA: Selected 3165 TF points.
GMDA: Selected 3165 TF points.
GMDA: Selected 3165 TF points.
GMDA: Selected 3165 TF points.
GMDA: Selected 3165 TF points.
GMDA: Selected 3165 TF points.
GMDA: Selected 3165 TF points.
GMDA: Selected 3165 TF points.
GMDA: Selected 3165 TF points.
GMDA: Selected 4058 TF points.
GMDA: Selected 4058 TF points.
GMDA: Selected 4058 TF points.
GMDA: Selected 4058 TF points.
GMDA: Selected 4058 TF points.
GMDA: Selected 4058 TF points.
GMDA: Selected 4058 TF points.
GMDA: Selected 4058 TF points.
GMDA: Selected 4058 TF points.
GMDA: Selected 4058 TF points.
GMDA: Selected 4058 TF points.
GMDA: Selected 4058 TF points.
GMDA: Selected 4058 TF points.
GMDA: Selected 4058 TF points.
GMDA: Selected 4058 TF points.
GMDA: Selected 4058 TF points.
GMDA: Selected 2771 TF points.
GMDA: Selected 2771 TF points.
GMDA: Selected 2771 TF points.[I 2026-03-10 23:14:27,098] Trial 129 finished with value: 0.47241829748089714 and parameters: {'window_ms': 125, 'overlap': 0.6000000000000001, 'freq_low_hz': 1000, 'freq_high_hz': 5900, 'power_thresh_percentile': 96, 'mdl_beta': 6.848214081234411}. Best is trial 78 with value: 0.494957547881154.
[I 2026-03-10 23:14:28,623] Trial 116 finished with value: 0.4814701054702457 and parameters: {'window_ms': 225, 'overlap': 0.7, 'freq_low_hz': 900, 'freq_high_hz': 5700, 'power_thresh_percentile': 85, 'mdl_beta': 7.239919624803648}. Best is trial 78 with value: 0.494957547881154.
[I 2026-03-10 23:14:36,510] Trial 131 finished with value: 0.4866622162516987 and parameters: {'window_ms': 220, 'overlap': 0.65, 'freq_low_hz': 850, 'freq_high_hz': 3700, 'power_thresh_percentile': 97, 'mdl_beta': 6.878696178074804}. Best is trial 78 with value: 0.494957547881154.
[I 2026-03-10 23:14:42,632] Trial 132 finished with value: 0.48535215776845175 and parameters: {'window_ms': 220, 'overlap': 0.65, 'freq_low_hz': 1100, 'freq_high_hz': 4300, 'power_thresh_percentile': 97, 'mdl_beta': 6.868813030908032}. Best is trial 78 with value: 0.494957547881154.
[I 2026-03-10 23:14:57,348] Trial 134 finished with value: 0.4704929785250811 and parameters: {'window_ms': 205, 'overlap': 0.65, 'freq_low_hz': 1100, 'freq_high_hz': 5900, 'power_thresh_percentile': 97, 'mdl_beta': 5.955933492633757}. Best is trial 78 with value: 0.494957547881154.
[I 2026-03-10 23:15:08,489] Trial 136 finished with value: 0.4708151993514118 and parameters: {'window_ms': 210, 'overlap': 0.65, 'freq_low_hz': 1100, 'freq_high_hz': 5900, 'power_thresh_percentile': 97, 'mdl_beta': 2.95314036186713}. Best is trial 78 with value: 0.494957547881154.
[I 2026-03-10 23:15:14,759] Trial 137 finished with value: 0.45433505069611835 and parameters: {'window_ms': 205, 'overlap': 0.6000000000000001, 'freq_low_hz': 1200, 'freq_high_hz': 5900, 'power_thresh_percentile': 97, 'mdl_beta': 6.276552307729172}. Best is trial 78 with value: 0.494957547881154.
[I 2026-03-10 23:15:25,641] Trial 138 finished with value: 0.4861654293803555 and parameters: {'window_ms': 140, 'overlap': 0.6000000000000001, 'freq_low_hz': 950, 'freq_high_hz': 3700, 'power_thresh_percentile': 96, 'mdl_beta': 5.399502938758521}. Best is trial 78 with value: 0.494957547881154.
[I 2026-03-10 23:15:33,757] Trial 112 finished with value: 0.45273338183873446 and parameters: {'window_ms': 165, 'overlap': 0.7, 'freq_low_hz': 1000, 'freq_high_hz': 4800, 'power_thresh_percentile': 66, 'mdl_beta': 4.356017771801489}. Best is trial 78 with value: 0.494957547881154.
[I 2026-03-10 23:15:48,219] Trial 139 finished with value: 0.47173113643283604 and parameters: {'window_ms': 220, 'overlap': 0.6000000000000001, 'freq_low_hz': 850, 'freq_high_hz': 3600, 'power_thresh_percentile': 94, 'mdl_beta': 6.295644722016766}. Best is trial 78 with value: 0.494957547881154.
[I 2026-03-10 23:15:59,314] Trial 140 finished with value: 0.4850189009356491 and parameters: {'window_ms': 220, 'overlap': 0.75, 'freq_low_hz': 850, 'freq_high_hz': 3700, 'power_thresh_percentile': 94, 'mdl_beta': 7.028233637143528}. Best is trial 78 with value: 0.494957547881154.
[I 2026-03-10 23:15:59,490] Trial 141 finished with value: 0.48451568045380217 and parameters: {'window_ms': 145, 'overlap': 0.55, 'freq_low_hz': 950, 'freq_high_hz': 3800, 'power_thresh_percentile': 94, 'mdl_beta': 2.5216925116227595}. Best is trial 78 with value: 0.494957547881154.
[I 2026-03-10 23:16:04,113] Trial 142 finished with value: 0.4711111855964637 and parameters: {'window_ms': 145, 'overlap': 0.55, 'freq_low_hz': 950, 'freq_high_hz': 3500, 'power_thresh_percentile': 94, 'mdl_beta': 6.986908315430372}. Best is trial 78 with value: 0.494957547881154.
[I 2026-03-10 23:16:16,906] Trial 143 finished with value: 0.49243542572918064 and parameters: {'window_ms': 140, 'overlap': 0.55, 'freq_low_hz': 950, 'freq_high_hz': 3800, 'power_thresh_percentile': 96, 'mdl_beta': 5.425450166256382}. Best is trial 78 with value: 0.494957547881154.
[I 2026-03-10 23:16:25,314] Trial 144 finished with value: 0.4848075509516302 and parameters: {'window_ms': 130, 'overlap': 0.55, 'freq_low_hz': 950, 'freq_high_hz': 4200, 'power_thresh_percentile': 96, 'mdl_beta': 5.554242213917639}. Best is trial 78 with value: 0.494957547881154.
[I 2026-03-10 23:16:31,554] Trial 146 finished with value: 0.47768916900464936 and parameters: {'window_ms': 140, 'overlap': 0.6000000000000001, 'freq_low_hz': 1050, 'freq_high_hz': 4200, 'power_thresh_percentile': 96, 'mdl_beta': 5.506419367562724}. Best is trial 78 with value: 0.494957547881154.
[I 2026-03-10 23:16:34,028] Trial 145 finished with value: 0.4942531715724942 and parameters: {'window_ms': 140, 'overlap': 0.75, 'freq_low_hz': 950, 'freq_high_hz': 3400, 'power_thresh_percentile': 96, 'mdl_beta': 2.2553737840780284}. Best is trial 78 with value: 0.494957547881154.
GMDA: Selected 3539 TF points.
GMDA: Selected 3539 TF points.
GMDA: Selected 3539 TF points.
GMDA: Selected 3539 TF points.
GMDA: Selected 3539 TF points.
GMDA: Selected 3539 TF points.
GMDA: Selected 3539 TF points.
GMDA: Selected 3539 TF points.
GMDA: Selected 3539 TF points.
GMDA: Selected 3539 TF points.
GMDA: Selected 3539 TF points.
GMDA: Selected 3539 TF points.
GMDA: Selected 3539 TF points.
GMDA: Selected 3539 TF points.
GMDA: Selected 3539 TF points.
GMDA: Selected 3539 TF points.
GMDA: Selected 9426 TF points.
GMDA: Selected 9426 TF points.
GMDA: Selected 9426 TF points.
GMDA: Selected 9426 TF points.
GMDA: Selected 9426 TF points.
GMDA: Selected 9426 TF points.
GMDA: Selected 9426 TF points.
GMDA: Selected 9426 TF points.
GMDA: Selected 9426 TF points.
GMDA: Selected 9426 TF points.
GMDA: Selected 9426 TF points.
GMDA: Selected 9426 TF points.
GMDA: Selected 9426 TF points.
GMDA: Selected 9426 TF points.
GMDA: Selected 9426 TF points.
GMDA: Selected 9426 TF points.
GMDA: Selected 111300 TF points.
GMDA: Selected 111300 TF points.
GMDA: Selected 111300 TF points.
GMDA: Selected 111300 TF points.
GMDA: Selected 111300 TF points.
GMDA: Selected 111300 TF points.
GMDA: Selected 111300 TF points.
GMDA: Selected 111300 TF points.
GMDA: Selected 111300 TF points.
GMDA: Selected 111300 TF points.
GMDA: Selected 111300 TF points.
GMDA: Selected 111300 TF points.
GMDA: Selected 111300 TF points.
GMDA: Selected 111300 TF points.
GMDA: Selected 111300 TF points.
GMDA: Selected 111300 TF points.
GMDA: Selected 21101 TF points.
GMDA: Selected 21101 TF points.
GMDA: Selected 21101 TF points.
GMDA: Selected 21101 TF points.
GMDA: Selected 21101 TF points.
GMDA: Selected 21101 TF points.
GMDA: Selected 21101 TF points.
GMDA: Selected 21101 TF points.
GMDA: Selected 21101 TF points.
GMDA: Selected 21101 TF points.
GMDA: Selected 21101 TF points.
GMDA: Selected 21101 TF points.
GMDA: Selected 21101 TF points.
GMDA: Selected 21101 TF points.
GMDA: Selected 21101 TF points.
GMDA: Selected 21101 TF points.
GMDA: Selected 5357 TF points.
GMDA: Selected 5357 TF points.
GMDA: Selected 5357 TF points.
GMDA: Selected 5357 TF points.
GMDA: Selected 5357 TF points.
GMDA: Selected 5357 TF points.
GMDA: Selected 5357 TF points.
GMDA: Selected 5357 TF points.
GMDA: Selected 5357 TF points.
GMDA: Selected 5357 TF points.
GMDA: Selected 5357 TF points.
GMDA: Selected 5357 TF points.
GMDA: Selected 5357 TF points.
GMDA: Selected 5357 TF points.
GMDA: Selected 5357 TF points.
GMDA: Selected 5357 TF points.
GMDA: Selected 5464 TF points.
GMDA: Selected 5464 TF points.
GMDA: Selected 5464 TF points.
GMDA: Selected 5464 TF points.
GMDA: Selected 5464 TF points.
GMDA: Selected 5464 TF points.
GMDA: Selected 5464 TF points.
GMDA: Selected 5464 TF points.
GMDA: Selected 5464 TF points.
GMDA: Selected 5464 TF points.
GMDA: Selected 5464 TF points.
GMDA: Selected 5464 TF points.
GMDA: Selected 5464 TF points.
GMDA: Selected 5464 TF points.
GMDA: Selected 5464 TF points.
GMDA: Selected 5464 TF points.
GMDA: Selected 1479 TF points.
GMDA: Selected 1479 TF points.
GMDA: Selected 1479 TF points.
GMDA: Selected 1479 TF points.
GMDA: Selected 1479 TF points.
GMDA: Selected 1479 TF points.
GMDA: Selected 1479 TF points.
GMDA: Selected 1479 TF points.
GMDA: Selected 1479 TF points.
GMDA: Selected 1479 TF points.
GMDA: Selected 1479 TF points.
GMDA: Selected 1479 TF points.
GMDA: Selected 1479 TF points.
GMDA: Selected 1479 TF points.
GMDA: Selected 1479 TF points.
GMDA: Selected 1479 TF points.
GMDA: Selected 10304 TF points.
GMDA: Selected 10304 TF points.
GMDA: Selected 10304 TF points.
GMDA: Selected 10304 TF points.
GMDA: Selected 10304 TF points.
GMDA: Selected 10304 TF points.
GMDA: Selected 10304 TF points.
GMDA: Selected 10304 TF points.
GMDA: Selected 10304 TF points.
GMDA: Selected 10304 TF points.
GMDA: Selected 10304 TF points.
GMDA: Selected 10304 TF points.
GMDA: Selected 10304 TF points.
GMDA: Selected 10304 TF points.
GMDA: Selected 10304 TF points.
GMDA: Selected 10304 TF points.
GMDA: Selected 13091 TF points.
GMDA: Selected 13091 TF points.
GMDA: Selected 13091 TF points.
GMDA: Selected 13091 TF points.
GMDA: Selected 13091 TF points.
GMDA: Selected 13091 TF points.
GMDA: Selected 13091 TF points.
GMDA: Selected 13091 TF points.
GMDA: Selected 13091 TF points.
GMDA: Selected 13091 TF points.
GMDA: Selected 13091 TF points.
GMDA: Selected 13091 TF points.
GMDA: Selected 13091 TF points.
GMDA: Selected 13091 TF points.
GMDA: Selected 13091 TF points.
GMDA: Selected 13091 TF points.
GMDA: Selected 8036 TF points.
GMDA: Selected 8036 TF points.
GMDA: Selected 8036 TF points.
GMDA: Selected 8036 TF points.
GMDA: Selected 8036 TF points.
GMDA: Selected 8036 TF points.
GMDA: Selected 8036 TF points.
GMDA: Selected 8036 TF points.
GMDA: Selected 8036 TF points.
GMDA: Selected 8036 TF points.
GMDA: Selected 8036 TF points.
GMDA: Selected 8036 TF points.
GMDA: Selected 8036 TF points.
GMDA: Selected 8036 TF points.
GMDA: Selected 8036 TF points.
GMDA: Selected 8036 TF points.
GMDA: Selected 40521 TF points.
GMDA: Selected 40521 TF points.
GMDA: Selected 40521 TF points.
GMDA: Selected 40521 TF points.
GMDA: Selected 40521 TF points.
GMDA: Selected 40521 TF points.
GMDA: Selected 40521 TF points.
GMDA: Selected 40521 TF points.
GMDA: Selected 40521 TF points.
GMDA: Selected 40521 TF points.
GMDA: Selected 40521 TF points.
GMDA: Selected 40521 TF points.
GMDA: Selected 40521 TF points.
GMDA: Selected 40521 TF points.
GMDA: Selected 40521 TF points.
GMDA: Selected 40521 TF points.
GMDA: Selected 5219 TF points.
GMDA: Selected 5219 TF points.
GMDA: Selected 5219 TF points.
GMDA: Selected 5219 TF points.
GMDA: Selected 5219 TF points.
GMDA: Selected 5219 TF points.
GMDA: Selected 5219 TF points.
GMDA: Selected 5219 TF points.
GMDA: Selected 5219 TF points.
GMDA: Selected 5219 TF points.
GMDA: Selected 5219 TF points.
GMDA: Selected 5219 TF points.
GMDA: Selected 5219 TF points.
GMDA: Selected 5219 TF points.
GMDA: Selected 5219 TF points.
GMDA: Selected 5219 TF points.
GMDA: Selected 13578 TF points.
GMDA: Selected 13578 TF points.
GMDA: Selected 13578 TF points.
GMDA: Selected 13578 TF points.
GMDA: Selected 13578 TF points.
GMDA: Selected 13578 TF points.
GMDA: Selected 13578 TF points.
GMDA: Selected 13578 TF points.
GMDA: Selected 13578 TF points.
GMDA: Selected 13578 TF points.
GMDA: Selected 13578 TF points.
GMDA: Selected 13578 TF points.
GMDA: Selected 13578 TF points.
GMDA: Selected 13578 TF points.
GMDA: Selected 13578 TF points.
GMDA: Selected 13578 TF points.
GMDA: Selected 43345 TF points.
GMDA: Selected 43345 TF points.
GMDA: Selected 43345 TF points.
GMDA: Selected 43345 TF points.
GMDA: Selected 43345 TF points.
GMDA: Selected 43345 TF points.
GMDA: Selected 43345 TF points.
GMDA: Selected 43345 TF points.
GMDA: Selected 43345 TF points.
GMDA: Selected 43345 TF points.
GMDA: Selected 43345 TF points.
GMDA: Selected 43345 TF points.
GMDA: Selected 43345 TF points.
GMDA: Selected 43345 TF points.
GMDA: Selected 43345 TF points.
GMDA: Selected 43345 TF points.
GMDA: Selected 3441 TF points.
GMDA: Selected 3441 TF points.
GMDA: Selected 3441 TF points.
GMDA: Selected 3441 TF points.
GMDA: Selected 3441 TF points.
GMDA: Selected 3441 TF points.
GMDA: Selected 3441 TF points.
GMDA: Selected 3441 TF points.
GMDA: Selected 3441 TF points.
GMDA: Selected 3441 TF points.
GMDA: Selected 3441 TF points.
GMDA: Selected 3441 TF points.
GMDA: Selected 3441 TF points.
GMDA: Selected 3441 TF points.
GMDA: Selected 3441 TF points.
GMDA: Selected 3441 TF points.
GMDA: Selected 3183 TF points.
GMDA: Selected 3183 TF points.
GMDA: Selected 3183 TF points.
GMDA: Selected 3183 TF points.
GMDA: Selected 3183 TF points.
GMDA: Selected 3183 TF points.
GMDA: Selected 3183 TF points.
GMDA: Selected 3183 TF points.
GMDA: Selected 3183 TF points.
GMDA: Selected 3183 TF points.
GMDA: Selected 3183 TF points.
GMDA: Selected 3183 TF points.
GMDA: Selected 3183 TF points.
GMDA: Selected 3183 TF points.
GMDA: Selected 3183 TF points.
GMDA: Selected 3183 TF points.
GMDA: Selected 1515 TF points.
GMDA: Selected 1515 TF points.
GMDA: Selected 1515 TF points.
GMDA: Selected 1515 TF points.
GMDA: Selected 1515 TF points.[I 2026-03-10 23:16:48,549] Trial 147 finished with value: 0.4778302194029711 and parameters: {'window_ms': 140, 'overlap': 0.6000000000000001, 'freq_low_hz': 1050, 'freq_high_hz': 3900, 'power_thresh_percentile': 96, 'mdl_beta': 5.04142857606186}. Best is trial 78 with value: 0.494957547881154.
