[I 2026-03-10 23:12:20,405] Trial 106 finished with value: 0.47458725642162614 and parameters: {'window_ms': 230, 'overlap': 0.55, 'freq_low_hz': 800, 'freq_high_hz': 5500, 'power_thresh_percentile': 90, 'mdl_beta': 6.680329284834612}. Best is trial 78 with value: 0.494957547881154.
GMDA: Selected 6926 TF points.
GMDA: Selected 6926 TF points.
GMDA: Selected 6926 TF points.
GMDA: Selected 6926 TF points.
GMDA: Selected 6926 TF points.
GMDA: Selected 6926 TF points.
GMDA: Selected 6926 TF points.
GMDA: Selected 6926 TF points.
GMDA: Selected 6926 TF points.
GMDA: Selected 6926 TF points.
GMDA: Selected 6926 TF points.
GMDA: Selected 6926 TF points.
GMDA: Selected 6926 TF points.
GMDA: Selected 6926 TF points.
GMDA: Selected 6926 TF points.
GMDA: Selected 6926 TF points.
GMDA: Selected 7570 TF points.
GMDA: Selected 7570 TF points.
GMDA: Selected 7570 TF points.
GMDA: Selected 7570 TF points.
GMDA: Selected 7570 TF points.
GMDA: Selected 7570 TF points.
GMDA: Selected 7570 TF points.
GMDA: Selected 7570 TF points.
GMDA: Selected 7570 TF points.
GMDA: Selected 7570 TF points.
GMDA: Selected 7570 TF points.
GMDA: Selected 7570 TF points.
GMDA: Selected 7570 TF points.
GMDA: Selected 7570 TF points.
GMDA: Selected 7570 TF points.
GMDA: Selected 7570 TF points.
GMDA: Selected 3315 TF points.
GMDA: Selected 3315 TF points.
GMDA: Selected 3315 TF points.
GMDA: Selected 3315 TF points.
GMDA: Selected 3315 TF points.
GMDA: Selected 3315 TF points.
GMDA: Selected 3315 TF points.
GMDA: Selected 3315 TF points.
GMDA: Selected 3315 TF points.
GMDA: Selected 3315 TF points.
GMDA: Selected 3315 TF points.
GMDA: Selected 3315 TF points.
GMDA: Selected 3315 TF points.
GMDA: Selected 3315 TF points.
GMDA: Selected 3315 TF points.
GMDA: Selected 3315 TF points.
GMDA: Selected 9917 TF points.
GMDA: Selected 9917 TF points.
GMDA: Selected 9917 TF points.
GMDA: Selected 9917 TF points.
GMDA: Selected 9917 TF points.
GMDA: Selected 9917 TF points.
GMDA: Selected 9917 TF points.
GMDA: Selected 9917 TF points.
GMDA: Selected 9917 TF points.
GMDA: Selected 9917 TF points.
GMDA: Selected 9917 TF points.
GMDA: Selected 9917 TF points.
GMDA: Selected 9917 TF points.
GMDA: Selected 9917 TF points.
GMDA: Selected 9917 TF points.
GMDA: Selected 9917 TF points.
GMDA: Selected 18716 TF points.
GMDA: Selected 18716 TF points.
GMDA: Selected 18716 TF points.
GMDA: Selected 18716 TF points.
GMDA: Selected 18716 TF points.
GMDA: Selected 18716 TF points.
GMDA: Selected 18716 TF points.
GMDA: Selected 18716 TF points.
GMDA: Selected 18716 TF points.
GMDA: Selected 18716 TF points.
GMDA: Selected 18716 TF points.
GMDA: Selected 18716 TF points.
GMDA: Selected 18716 TF points.
GMDA: Selected 18716 TF points.
GMDA: Selected 18716 TF points.
GMDA: Selected 18716 TF points.
GMDA: Selected 20586 TF points.
GMDA: Selected 20586 TF points.
GMDA: Selected 20586 TF points.
GMDA: Selected 20586 TF points.
GMDA: Selected 20586 TF points.
GMDA: Selected 20586 TF points.
GMDA: Selected 20586 TF points.
GMDA: Selected 20586 TF points.
GMDA: Selected 20586 TF points.
GMDA: Selected 20586 TF points.
GMDA: Selected 20586 TF points.
GMDA: Selected 20586 TF points.
GMDA: Selected 20586 TF points.
GMDA: Selected 20586 TF points.
GMDA: Selected 20586 TF points.
GMDA: Selected 20586 TF points.
GMDA: Selected 2496 TF points.
GMDA: Selected 2496 TF points.
GMDA: Selected 2496 TF points.
GMDA: Selected 2496 TF points.
GMDA: Selected 2496 TF points.
GMDA: Selected 2496 TF points.
GMDA: Selected 2496 TF points.
GMDA: Selected 2496 TF points.
GMDA: Selected 2496 TF points.
GMDA: Selected 2496 TF points.
GMDA: Selected 2496 TF points.
GMDA: Selected 2496 TF points.
GMDA: Selected 2496 TF points.
GMDA: Selected 2496 TF points.
GMDA: Selected 2496 TF points.
GMDA: Selected 2496 TF points.
GMDA: Selected 20839 TF points.
GMDA: Selected 20839 TF points.
GMDA: Selected 20839 TF points.
GMDA: Selected 20839 TF points.
GMDA: Selected 20839 TF points.
GMDA: Selected 20839 TF points.
GMDA: Selected 20839 TF points.
GMDA: Selected 20839 TF points.
GMDA: Selected 20839 TF points.
GMDA: Selected 20839 TF points.
GMDA: Selected 20839 TF points.
GMDA: Selected 20839 TF points.
GMDA: Selected 20839 TF points.
GMDA: Selected 20839 TF points.
GMDA: Selected 20839 TF points.
GMDA: Selected 20839 TF points.
GMDA: Selected 51656 TF points.
GMDA: Selected 51656 TF points.
GMDA: Selected 51656 TF points.
GMDA: Selected 51656 TF points.
GMDA: Selected 51656 TF points.
GMDA: Selected 51656 TF points.
GMDA: Selected 51656 TF points.
GMDA: Selected 51656 TF points.
GMDA: Selected 51656 TF points.
GMDA: Selected 51656 TF points.
GMDA: Selected 51656 TF points.
GMDA: Selected 51656 TF points.
GMDA: Selected 51656 TF points.
GMDA: Selected 51656 TF points.
GMDA: Selected 51656 TF points.
GMDA: Selected 51656 TF points.
GMDA: Selected 20365 TF points.
GMDA: Selected 20365 TF points.
GMDA: Selected 20365 TF points.
GMDA: Selected 20365 TF points.
GMDA: Selected 20365 TF points.
GMDA: Selected 20365 TF points.
GMDA: Selected 20365 TF points.
GMDA: Selected 20365 TF points.
GMDA: Selected 20365 TF points.
GMDA: Selected 20365 TF points.
GMDA: Selected 20365 TF points.
GMDA: Selected 20365 TF points.
GMDA: Selected 20365 TF points.
GMDA: Selected 20365 TF points.
GMDA: Selected 20365 TF points.
GMDA: Selected 20365 TF points.
GMDA: Selected 25861 TF points.
GMDA: Selected 25861 TF points.
GMDA: Selected 25861 TF points.
GMDA: Selected 25861 TF points.
GMDA: Selected 25861 TF points.
GMDA: Selected 25861 TF points.
GMDA: Selected 25861 TF points.
GMDA: Selected 25861 TF points.
GMDA: Selected 25861 TF points.
GMDA: Selected 25861 TF points.
GMDA: Selected 25861 TF points.
GMDA: Selected 25861 TF points.
GMDA: Selected 25861 TF points.
GMDA: Selected 25861 TF points.
GMDA: Selected 25861 TF points.
GMDA: Selected 25861 TF points.
GMDA: Selected 22854 TF points.
GMDA: Selected 22854 TF points.
GMDA: Selected 22854 TF points.
GMDA: Selected 22854 TF points.
GMDA: Selected 22854 TF points.
GMDA: Selected 22854 TF points.
GMDA: Selected 22854 TF points.
GMDA: Selected 22854 TF points.
GMDA: Selected 22854 TF points.
GMDA: Selected 22854 TF points.
GMDA: Selected 22854 TF points.
GMDA: Selected 22854 TF points.
GMDA: Selected 22854 TF points.
GMDA: Selected 22854 TF points.
GMDA: Selected 22854 TF points.
GMDA: Selected 22854 TF points.
GMDA: Selected 4012 TF points.
GMDA: Selected 4012 TF points.
GMDA: Selected 4012 TF points.
GMDA: Selected 4012 TF points.
GMDA: Selected 4012 TF points.
GMDA: Selected 4012 TF points.
GMDA: Selected 4012 TF points.
GMDA: Selected 4012 TF points.
GMDA: Selected 4012 TF points.
GMDA: Selected 4012 TF points.
GMDA: Selected 4012 TF points.
GMDA: Selected 4012 TF points.
GMDA: Selected 4012 TF points.
GMDA: Selected 4012 TF points.
GMDA: Selected 4012 TF points.
GMDA: Selected 4012 TF points.
GMDA: Selected 7188 TF points.
GMDA: Selected 7188 TF points.
GMDA: Selected 7188 TF points.
GMDA: Selected 7188 TF points.
GMDA: Selected 7188 TF points.
GMDA: Selected 7188 TF points.
GMDA: Selected 7188 TF points.
GMDA: Selected 7188 TF points.
GMDA: Selected 7188 TF points.
GMDA: Selected 7188 TF points.
GMDA: Selected 7188 TF points.
GMDA: Selected 7188 TF points.
GMDA: Selected 7188 TF points.
GMDA: Selected 7188 TF points.
GMDA: Selected 7188 TF points.
GMDA: Selected 7188 TF points.
GMDA: Selected 3961 TF points.
GMDA: Selected 3961 TF points.
GMDA: Selected 3961 TF points.
GMDA: Selected 3961 TF points.
GMDA: Selected 3961 TF points.
GMDA: Selected 3961 TF points.
GMDA: Selected 3961 TF points.
GMDA: Selected 3961 TF points.
GMDA: Selected 3961 TF points.
GMDA: Selected 3961 TF points.
GMDA: Selected 3961 TF points.
GMDA: Selected 3961 TF points.
GMDA: Selected 3961 TF points.
GMDA: Selected 3961 TF points.
GMDA: Selected 3961 TF points.
GMDA: Selected 3961 TF points.
GMDA: Selected 10604 TF points.
GMDA: Selected 10604 TF points.
GMDA: Selected 10604 TF points.
GMDA: Selected 10604 TF points.
GMDA: Selected 10604 TF points.
GMDA: Selected 10604 TF points.
GMDA: Selected 10604 TF points.
GMDA: Selected 10604 TF points.
GMDA: Selected 10604 TF points.
GMDA: Selected 10604 TF points.
GMDA: Selected 10604 TF points.
GMDA: Selected 10604 TF points.
GMDA: Selected 10604 TF points.
GMDA: Selected 10604 TF points.
GMDA: Selected 10604 TF points.
GMDA: Selected 10604 TF points.
GMDA: Selected 1818 TF points.
GMDA: Selected 1818 TF points.
GMDA: Selected 1818 TF points.
GMDA: Selected 1818 TF points.
GMDA: Selected 1818 TF points.GMDA: Selected 10154 TF points.
GMDA: Selected 10154 TF points.
GMDA: Selected 10154 TF points.
GMDA: Selected 10154 TF points.
GMDA: Selected 10154 TF points.
GMDA: Selected 10154 TF points.
GMDA: Selected 10154 TF points.
GMDA: Selected 10154 TF points.
GMDA: Selected 10154 TF points.
GMDA: Selected 10154 TF points.
GMDA: Selected 10154 TF points.
GMDA: Selected 10154 TF points.
GMDA: Selected 10154 TF points.
GMDA: Selected 10154 TF points.
GMDA: Selected 10154 TF points.
GMDA: Selected 10154 TF points.
GMDA: Selected 8565 TF points.
GMDA: Selected 8565 TF points.
GMDA: Selected 8565 TF points.
GMDA: Selected 8565 TF points.
GMDA: Selected 8565 TF points.
GMDA: Selected 8565 TF points.
GMDA: Selected 8565 TF points.
GMDA: Selected 8565 TF points.
GMDA: Selected 8565 TF points.
GMDA: Selected 8565 TF points.
GMDA: Selected 8565 TF points.
GMDA: Selected 8565 TF points.
GMDA: Selected 8565 TF points.
GMDA: Selected 8565 TF points.
GMDA: Selected 8565 TF points.
GMDA: Selected 8565 TF points.
GMDA: Selected 21314 TF points.
GMDA: Selected 21314 TF points.
GMDA: Selected 21314 TF points.
GMDA: Selected 21314 TF points.
GMDA: Selected 21314 TF points.
GMDA: Selected 21314 TF points.
GMDA: Selected 21314 TF points.
GMDA: Selected 21314 TF points.
GMDA: Selected 21314 TF points.
GMDA: Selected 21314 TF points.
GMDA: Selected 21314 TF points.
GMDA: Selected 21314 TF points.
GMDA: Selected 21314 TF points.
GMDA: Selected 21314 TF points.
GMDA: Selected 21314 TF points.
GMDA: Selected 21314 TF points.
GMDA: Selected 15806 TF points.
GMDA: Selected 15806 TF points.
GMDA: Selected 15806 TF points.
GMDA: Selected 15806 TF points.
GMDA: Selected 15806 TF points.
GMDA: Selected 15806 TF points.
GMDA: Selected 15806 TF points.
GMDA: Selected 15806 TF points.
GMDA: Selected 15806 TF points.
GMDA: Selected 15806 TF points.
GMDA: Selected 15806 TF points.
GMDA: Selected 15806 TF points.
GMDA: Selected 15806 TF points.
GMDA: Selected 15806 TF points.
GMDA: Selected 15806 TF points.
GMDA: Selected 15806 TF points.
GMDA: Selected 18346 TF points.
GMDA: Selected 18346 TF points.
GMDA: Selected 18346 TF points.
GMDA: Selected 18346 TF points.
GMDA: Selected 18346 TF points.
GMDA: Selected 18346 TF points.
GMDA: Selected 18346 TF points.
GMDA: Selected 18346 TF points.
GMDA: Selected 18346 TF points.
GMDA: Selected 18346 TF points.
GMDA: Selected 18346 TF points.
GMDA: Selected 18346 TF points.
GMDA: Selected 18346 TF points.
GMDA: Selected 18346 TF points.
GMDA: Selected 18346 TF points.
GMDA: Selected 18346 TF points.
GMDA: Selected 18913 TF points.
GMDA: Selected 18913 TF points.
GMDA: Selected 18913 TF points.
GMDA: Selected 18913 TF points.
GMDA: Selected 18913 TF points.
GMDA: Selected 18913 TF points.
GMDA: Selected 18913 TF points.
GMDA: Selected 18913 TF points.
GMDA: Selected 18913 TF points.
GMDA: Selected 18913 TF points.
GMDA: Selected 18913 TF points.
GMDA: Selected 18913 TF points.
GMDA: Selected 18913 TF points.
GMDA: Selected 18913 TF points.
GMDA: Selected 18913 TF points.
GMDA: Selected 18913 TF points.
GMDA: Selected 3785 TF points.
GMDA: Selected 3785 TF points.
GMDA: Selected 3785 TF points.
GMDA: Selected 3785 TF points.
GMDA: Selected 3785 TF points.
GMDA: Selected 3785 TF points.
GMDA: Selected 3785 TF points.
GMDA: Selected 3785 TF points.
GMDA: Selected 3785 TF points.
GMDA: Selected 3785 TF points.
GMDA: Selected 3785 TF points.
GMDA: Selected 3785 TF points.
GMDA: Selected 3785 TF points.
GMDA: Selected 3785 TF points.
GMDA: Selected 3785 TF points.
GMDA: Selected 3785 TF points.
GMDA: Selected 47272 TF points.
GMDA: Selected 47272 TF points.
GMDA: Selected 47272 TF points.
GMDA: Selected 47272 TF points.
GMDA: Selected 47272 TF points.
GMDA: Selected 47272 TF points.
GMDA: Selected 47272 TF points.
GMDA: Selected 47272 TF points.
GMDA: Selected 47272 TF points.
GMDA: Selected 47272 TF points.
GMDA: Selected 47272 TF points.
GMDA: Selected 47272 TF points.
GMDA: Selected 47272 TF points.
GMDA: Selected 47272 TF points.
GMDA: Selected 47272 TF points.
GMDA: Selected 47272 TF points.
GMDA: Selected 6399 TF points.
GMDA: Selected 6399 TF points.
GMDA: Selected 6399 TF points.
GMDA: Selected 6399 TF points.
GMDA: Selected 6399 TF points.
GMDA: Selected 6399 TF points.
GMDA: Selected 6399 TF points.
GMDA: Selected 6399 TF points.
GMDA: Selected 6399 TF points.
GMDA: Selected 6399 TF points.
GMDA: Selected 6399 TF points.
GMDA: Selected 6399 TF points.
GMDA: Selected 6399 TF points.
GMDA: Selected 6399 TF points.
GMDA: Selected 6399 TF points.
GMDA: Selected 6399 TF points.
GMDA: Selected 6452 TF points.
GMDA: Selected 6452 TF points.
GMDA: Selected 6452 TF points.
GMDA: Selected 6452 TF points.
GMDA: Selected 6452 TF points.
GMDA: Selected 6452 TF points.
GMDA: Selected 6452 TF points.
GMDA: Selected 6452 TF points.
GMDA: Selected 6452 TF points.
GMDA: Selected 6452 TF points.
GMDA: Selected 6452 TF points.
GMDA: Selected 6452 TF points.
GMDA: Selected 6452 TF points.
GMDA: Selected 6452 TF points.
GMDA: Selected 6452 TF points.
GMDA: Selected 6452 TF points.
GMDA: Selected 9915 TF points.
GMDA: Selected 9915 TF points.
GMDA: Selected 9915 TF points.
GMDA: Selected 9915 TF points.
GMDA: Selected 9915 TF points.
GMDA: Selected 9915 TF points.
GMDA: Selected 9915 TF points.
GMDA: Selected 9915 TF points.
GMDA: Selected 9915 TF points.
GMDA: Selected 9915 TF points.
GMDA: Selected 9915 TF points.
GMDA: Selected 9915 TF points.
GMDA: Selected 9915 TF points.
GMDA: Selected 9915 TF points.
GMDA: Selected 9915 TF points.
GMDA: Selected 9915 TF points.
GMDA: Selected 28140 TF points.
GMDA: Selected 28140 TF points.
GMDA: Selected 28140 TF points.
GMDA: Selected 28140 TF points.
GMDA: Selected 28140 TF points.
GMDA: Selected 28140 TF points.
GMDA: Selected 28140 TF points.
GMDA: Selected 28140 TF points.
GMDA: Selected 28140 TF points.
GMDA: Selected 28140 TF points.
GMDA: Selected 28140 TF points.
GMDA: Selected 28140 TF points.
GMDA: Selected 28140 TF points.
GMDA: Selected 28140 TF points.
GMDA: Selected 28140 TF points.
GMDA: Selected 28140 TF points.
GMDA: Selected 23199 TF points.
GMDA: Selected 23199 TF points.
GMDA: Selected 23199 TF points.
GMDA: Selected 23199 TF points.
GMDA: Selected 23199 TF points.
GMDA: Selected 23199 TF points.
GMDA: Selected 23199 TF points.
GMDA: Selected 23199 TF points.
GMDA: Selected 23199 TF points.
GMDA: Selected 23199 TF points.
GMDA: Selected 23199 TF points.
GMDA: Selected 23199 TF points.
GMDA: Selected 23199 TF points.
GMDA: Selected 23199 TF points.
GMDA: Selected 23199 TF points.
GMDA: Selected 23199 TF points.
GMDA: Selected 6647 TF points.
GMDA: Selected 6647 TF points.
GMDA: Selected 6647 TF points.
GMDA: Selected 6647 TF points.
GMDA: Selected 6647 TF points.
GMDA: Selected 6647 TF points.
GMDA: Selected 6647 TF points.
GMDA: Selected 6647 TF points.
GMDA: Selected 6647 TF points.
GMDA: Selected 6647 TF points.
GMDA: Selected 6647 TF points.
GMDA: Selected 6647 TF points.
GMDA: Selected 6647 TF points.
GMDA: Selected 6647 TF points.
GMDA: Selected 6647 TF points.
GMDA: Selected 6647 TF points.
GMDA: Selected 5394 TF points.
GMDA: Selected 5394 TF points.
GMDA: Selected 5394 TF points.
GMDA: Selected 5394 TF points.
GMDA: Selected 5394 TF points.
GMDA: Selected 5394 TF points.
GMDA: Selected 5394 TF points.
GMDA: Selected 5394 TF points.
GMDA: Selected 5394 TF points.
GMDA: Selected 5394 TF points.
GMDA: Selected 5394 TF points.
GMDA: Selected 5394 TF points.
GMDA: Selected 5394 TF points.
GMDA: Selected 5394 TF points.
GMDA: Selected 5394 TF points.
GMDA: Selected 5394 TF points.
GMDA: Selected 10599 TF points.
GMDA: Selected 10599 TF points.
GMDA: Selected 10599 TF points.
GMDA: Selected 10599 TF points.
GMDA: Selected 10599 TF points.
GMDA: Selected 10599 TF points.
GMDA: Selected 10599 TF points.
GMDA: Selected 10599 TF points.
GMDA: Selected 10599 TF points.
GMDA: Selected 10599 TF points.
GMDA: Selected 10599 TF points.
GMDA: Selected 10599 TF points.
GMDA: Selected 10599 TF points.
GMDA: Selected 10599 TF points.
GMDA: Selected 10599 TF points.
GMDA: Selected 10599 TF points.
GMDA: Selected 11125 TF points.
GMDA: Selected 11125 TF points.
GMDA: Selected 11125 TF points.
GMDA: Selected 11125 TF points.[I 2026-03-10 23:12:36,720] Trial 107 finished with value: 0.4719466190334005 and parameters: {'window_ms': 110, 'overlap': 0.6000000000000001, 'freq_low_hz': 800, 'freq_high_hz': 5500, 'power_thresh_percentile': 89, 'mdl_beta': 7.3090771200849805}. Best is trial 78 with value: 0.494957547881154.
[I 2026-03-10 23:12:38,730] Trial 109 finished with value: 0.4850322333539536 and parameters: {'window_ms': 240, 'overlap': 0.6000000000000001, 'freq_low_hz': 800, 'freq_high_hz': 5000, 'power_thresh_percentile': 90, 'mdl_beta': 7.289731823325115}. Best is trial 78 with value: 0.494957547881154.
[I 2026-03-10 23:12:44,290] Trial 114 finished with value: 0.4862294999296983 and parameters: {'window_ms': 150, 'overlap': 0.6000000000000001, 'freq_low_hz': 1000, 'freq_high_hz': 4600, 'power_thresh_percentile': 98, 'mdl_beta': 7.267145855544979}. Best is trial 78 with value: 0.494957547881154.
[I 2026-03-10 23:12:52,058] Trial 110 finished with value: 0.4767627336779057 and parameters: {'window_ms': 150, 'overlap': 0.6000000000000001, 'freq_low_hz': 1000, 'freq_high_hz': 5000, 'power_thresh_percentile': 89, 'mdl_beta': 3.5236339374830843}. Best is trial 78 with value: 0.494957547881154.
[I 2026-03-10 23:13:06,945] Trial 117 finished with value: 0.48596214456402864 and parameters: {'window_ms': 130, 'overlap': 0.6000000000000001, 'freq_low_hz': 1000, 'freq_high_hz': 5700, 'power_thresh_percentile': 98, 'mdl_beta': 6.971133176502735}. Best is trial 78 with value: 0.494957547881154.
[I 2026-03-10 23:13:13,000] Trial 111 finished with value: 0.4761376503891959 and parameters: {'window_ms': 165, 'overlap': 0.6000000000000001, 'freq_low_hz': 1000, 'freq_high_hz': 5000, 'power_thresh_percentile': 89, 'mdl_beta': 7.010367251000619}. Best is trial 78 with value: 0.494957547881154.
[I 2026-03-10 23:13:16,807] Trial 118 finished with value: 0.48908103782239126 and parameters: {'window_ms': 215, 'overlap': 0.7, 'freq_low_hz': 850, 'freq_high_hz': 4600, 'power_thresh_percentile': 98, 'mdl_beta': 6.9279423089321215}. Best is trial 78 with value: 0.494957547881154.
[I 2026-03-10 23:13:18,029] Trial 113 finished with value: 0.47952004900144424 and parameters: {'window_ms': 150, 'overlap': 0.6000000000000001, 'freq_low_hz': 900, 'freq_high_hz': 4600, 'power_thresh_percentile': 89, 'mdl_beta': 6.973737524466491}. Best is trial 78 with value: 0.494957547881154.
