GMDA: Selected 10065 TF points.[I 2026-03-10 23:29:14,626] Trial 231 finished with value: 0.4933094686779657 and parameters: {'window_ms': 210, 'overlap': 0.9, 'freq_low_hz': 1100, 'freq_high_hz': 4100, 'power_thresh_percentile': 95, 'mdl_beta': 1.4344690003156608}. Best is trial 200 with value: 0.4950764414984273.

GMDA: Selected 2767 TF points.
GMDA: Selected 2767 TF points.
GMDA: Selected 2767 TF points.
GMDA: Selected 2767 TF points.
GMDA: Selected 2767 TF points.
GMDA: Selected 2767 TF points.
GMDA: Selected 2767 TF points.
GMDA: Selected 2767 TF points.
GMDA: Selected 2767 TF points.
GMDA: Selected 2767 TF points.
GMDA: Selected 2767 TF points.
GMDA: Selected 2465 TF points.
GMDA: Selected 2465 TF points.
GMDA: Selected 2465 TF points.
GMDA: Selected 2465 TF points.
GMDA: Selected 2465 TF points.
GMDA: Selected 2465 TF points.
GMDA: Selected 2465 TF points.
GMDA: Selected 2465 TF points.
GMDA: Selected 2465 TF points.
GMDA: Selected 2465 TF points.
GMDA: Selected 2465 TF points.
GMDA: Selected 2465 TF points.
GMDA: Selected 2465 TF points.
GMDA: Selected 2465 TF points.
GMDA: Selected 2465 TF points.
GMDA: Selected 2465 TF points.
GMDA: Selected 4178 TF points.
GMDA: Selected 4178 TF points.
GMDA: Selected 4178 TF points.
GMDA: Selected 4178 TF points.
GMDA: Selected 4178 TF points.
GMDA: Selected 4178 TF points.
GMDA: Selected 4178 TF points.
GMDA: Selected 4178 TF points.
GMDA: Selected 4178 TF points.
GMDA: Selected 4178 TF points.
GMDA: Selected 4178 TF points.
GMDA: Selected 4178 TF points.
GMDA: Selected 4178 TF points.
GMDA: Selected 4178 TF points.
GMDA: Selected 4178 TF points.
GMDA: Selected 4178 TF points.
GMDA: Selected 4175 TF points.
GMDA: Selected 4175 TF points.
GMDA: Selected 4175 TF points.
GMDA: Selected 4175 TF points.
GMDA: Selected 4175 TF points.
GMDA: Selected 4175 TF points.
GMDA: Selected 4175 TF points.
GMDA: Selected 4175 TF points.
GMDA: Selected 4175 TF points.
GMDA: Selected 4175 TF points.
GMDA: Selected 4175 TF points.
GMDA: Selected 4175 TF points.
GMDA: Selected 4175 TF points.
GMDA: Selected 4175 TF points.
GMDA: Selected 4175 TF points.
GMDA: Selected 4175 TF points.
GMDA: Selected 2554 TF points.
GMDA: Selected 2554 TF points.
GMDA: Selected 2554 TF points.
GMDA: Selected 2554 TF points.
GMDA: Selected 2554 TF points.
GMDA: Selected 2554 TF points.
GMDA: Selected 2554 TF points.
GMDA: Selected 2554 TF points.
GMDA: Selected 2554 TF points.
GMDA: Selected 2554 TF points.
GMDA: Selected 2554 TF points.
GMDA: Selected 2554 TF points.
GMDA: Selected 2554 TF points.
GMDA: Selected 2554 TF points.
GMDA: Selected 2554 TF points.
GMDA: Selected 2554 TF points.
GMDA: Selected 2880 TF points.
GMDA: Selected 2880 TF points.
GMDA: Selected 2880 TF points.
GMDA: Selected 2880 TF points.
GMDA: Selected 2880 TF points.
GMDA: Selected 2880 TF points.
GMDA: Selected 2880 TF points.
GMDA: Selected 2880 TF points.
GMDA: Selected 2880 TF points.
GMDA: Selected 2880 TF points.
GMDA: Selected 2880 TF points.
GMDA: Selected 2880 TF points.
GMDA: Selected 2880 TF points.
GMDA: Selected 2880 TF points.
GMDA: Selected 2880 TF points.
GMDA: Selected 2880 TF points.
GMDA: Selected 40552 TF points.
GMDA: Selected 40552 TF points.
GMDA: Selected 40552 TF points.
GMDA: Selected 40552 TF points.
GMDA: Selected 40552 TF points.
GMDA: Selected 40552 TF points.
GMDA: Selected 40552 TF points.
GMDA: Selected 40552 TF points.
GMDA: Selected 40552 TF points.
GMDA: Selected 40552 TF points.
GMDA: Selected 40552 TF points.
GMDA: Selected 40552 TF points.
GMDA: Selected 40552 TF points.
GMDA: Selected 40552 TF points.
GMDA: Selected 40552 TF points.
GMDA: Selected 40552 TF points.
GMDA: Selected 7663 TF points.
GMDA: Selected 7663 TF points.
GMDA: Selected 7663 TF points.
GMDA: Selected 7663 TF points.
GMDA: Selected 7663 TF points.
GMDA: Selected 7663 TF points.
GMDA: Selected 7663 TF points.
GMDA: Selected 7663 TF points.
GMDA: Selected 7663 TF points.
GMDA: Selected 7663 TF points.
GMDA: Selected 7663 TF points.
GMDA: Selected 7663 TF points.
GMDA: Selected 7663 TF points.
GMDA: Selected 7663 TF points.
GMDA: Selected 7663 TF points.
GMDA: Selected 7663 TF points.
GMDA: Selected 4138 TF points.
GMDA: Selected 4138 TF points.
GMDA: Selected 4138 TF points.
GMDA: Selected 4138 TF points.
GMDA: Selected 4138 TF points.
GMDA: Selected 4138 TF points.
GMDA: Selected 4138 TF points.
GMDA: Selected 4138 TF points.
GMDA: Selected 4138 TF points.
GMDA: Selected 4138 TF points.
GMDA: Selected 4138 TF points.
GMDA: Selected 4138 TF points.
GMDA: Selected 4138 TF points.
GMDA: Selected 4138 TF points.
GMDA: Selected 4138 TF points.
GMDA: Selected 4138 TF points.
GMDA: Selected 3533 TF points.
GMDA: Selected 3533 TF points.
GMDA: Selected 3533 TF points.
GMDA: Selected 3533 TF points.
GMDA: Selected 3533 TF points.
GMDA: Selected 3533 TF points.
GMDA: Selected 3533 TF points.
GMDA: Selected 3533 TF points.
GMDA: Selected 3533 TF points.
GMDA: Selected 3533 TF points.
GMDA: Selected 3533 TF points.
GMDA: Selected 3533 TF points.
GMDA: Selected 3533 TF points.
GMDA: Selected 3533 TF points.
GMDA: Selected 3533 TF points.
GMDA: Selected 3533 TF points.
GMDA: Selected 9359 TF points.
GMDA: Selected 9359 TF points.
GMDA: Selected 9359 TF points.
GMDA: Selected 9359 TF points.
GMDA: Selected 9359 TF points.
GMDA: Selected 9359 TF points.
GMDA: Selected 9359 TF points.
GMDA: Selected 9359 TF points.
GMDA: Selected 9359 TF points.
GMDA: Selected 9359 TF points.
GMDA: Selected 9359 TF points.
GMDA: Selected 9359 TF points.
GMDA: Selected 9359 TF points.
GMDA: Selected 9359 TF points.
GMDA: Selected 9359 TF points.
GMDA: Selected 9359 TF points.
GMDA: Selected 8449 TF points.
GMDA: Selected 8449 TF points.
GMDA: Selected 8449 TF points.
GMDA: Selected 8449 TF points.
GMDA: Selected 8449 TF points.
GMDA: Selected 8449 TF points.
GMDA: Selected 8449 TF points.
GMDA: Selected 8449 TF points.
GMDA: Selected 8449 TF points.
GMDA: Selected 8449 TF points.
GMDA: Selected 8449 TF points.
GMDA: Selected 8449 TF points.
GMDA: Selected 8449 TF points.
GMDA: Selected 8449 TF points.
GMDA: Selected 8449 TF points.
GMDA: Selected 8449 TF points.
GMDA: Selected 10842 TF points.
GMDA: Selected 10842 TF points.
GMDA: Selected 10842 TF points.
GMDA: Selected 10842 TF points.
GMDA: Selected 10842 TF points.
GMDA: Selected 10842 TF points.
GMDA: Selected 10842 TF points.
GMDA: Selected 10842 TF points.
GMDA: Selected 10842 TF points.
GMDA: Selected 10842 TF points.
GMDA: Selected 10842 TF points.
GMDA: Selected 10842 TF points.
GMDA: Selected 10842 TF points.
GMDA: Selected 10842 TF points.
GMDA: Selected 10842 TF points.
GMDA: Selected 10842 TF points.
GMDA: Selected 10426 TF points.
GMDA: Selected 10426 TF points.
GMDA: Selected 10426 TF points.
GMDA: Selected 10426 TF points.
GMDA: Selected 10426 TF points.
GMDA: Selected 10426 TF points.
GMDA: Selected 10426 TF points.
GMDA: Selected 10426 TF points.
GMDA: Selected 10426 TF points.
GMDA: Selected 10426 TF points.
GMDA: Selected 10426 TF points.
GMDA: Selected 10426 TF points.
GMDA: Selected 10426 TF points.
GMDA: Selected 10426 TF points.
GMDA: Selected 10426 TF points.
GMDA: Selected 10426 TF points.
GMDA: Selected 18067 TF points.
GMDA: Selected 18067 TF points.
GMDA: Selected 18067 TF points.
GMDA: Selected 18067 TF points.
GMDA: Selected 18067 TF points.
GMDA: Selected 18067 TF points.
GMDA: Selected 18067 TF points.
GMDA: Selected 18067 TF points.
GMDA: Selected 18067 TF points.
GMDA: Selected 18067 TF points.
GMDA: Selected 18067 TF points.
GMDA: Selected 18067 TF points.
GMDA: Selected 18067 TF points.
GMDA: Selected 18067 TF points.
GMDA: Selected 18067 TF points.
GMDA: Selected 18067 TF points.
GMDA: Selected 12049 TF points.
GMDA: Selected 12049 TF points.
GMDA: Selected 12049 TF points.
GMDA: Selected 12049 TF points.
GMDA: Selected 12049 TF points.
GMDA: Selected 12049 TF points.
GMDA: Selected 12049 TF points.
GMDA: Selected 12049 TF points.
GMDA: Selected 12049 TF points.
GMDA: Selected 12049 TF points.
GMDA: Selected 12049 TF points.
GMDA: Selected 12049 TF points.
GMDA: Selected 12049 TF points.
GMDA: Selected 12049 TF points.
GMDA: Selected 12049 TF points.
GMDA: Selected 12049 TF points.
GMDA: Selected 16056 TF points.
GMDA: Selected 16056 TF points.
GMDA: Selected 16056 TF points.
GMDA: Selected 16056 TF points.
GMDA: Selected 16056 TF points.
GMDA: Selected 16056 TF points.
GMDA: Selected 16056 TF points.
GMDA: Selected 16056 TF points.
GMDA: Selected 16056 TF points.
GMDA: Selected 16056 TF points.
GMDA: Selected 16056 TF points.[I 2026-03-10 23:29:29,838] Trial 232 finished with value: 0.48625944458721715 and parameters: {'window_ms': 210, 'overlap': 0.9, 'freq_low_hz': 1100, 'freq_high_hz': 4300, 'power_thresh_percentile': 95, 'mdl_beta': 0.8658687951938967}. Best is trial 200 with value: 0.4950764414984273.
[I 2026-03-10 23:29:32,181] Trial 235 finished with value: 0.48441266408959427 and parameters: {'window_ms': 215, 'overlap': 0.8500000000000001, 'freq_low_hz': 1100, 'freq_high_hz': 4300, 'power_thresh_percentile': 95, 'mdl_beta': 0.8991732663033427}. Best is trial 200 with value: 0.4950764414984273.
[I 2026-03-10 23:29:35,683] Trial 237 finished with value: 0.4860370552593522 and parameters: {'window_ms': 210, 'overlap': 0.8500000000000001, 'freq_low_hz': 1100, 'freq_high_hz': 4300, 'power_thresh_percentile': 97, 'mdl_beta': 1.2595352230230603}. Best is trial 200 with value: 0.4950764414984273.
[I 2026-03-10 23:29:43,870] Trial 236 finished with value: 0.485150122016654 and parameters: {'window_ms': 210, 'overlap': 0.8500000000000001, 'freq_low_hz': 1100, 'freq_high_hz': 4100, 'power_thresh_percentile': 95, 'mdl_beta': 1.2173936457758803}. Best is trial 200 with value: 0.4950764414984273.
[I 2026-03-10 23:29:47,961] Trial 233 finished with value: 0.48517693810187995 and parameters: {'window_ms': 225, 'overlap': 0.9, 'freq_low_hz': 1100, 'freq_high_hz': 4300, 'power_thresh_percentile': 95, 'mdl_beta': 0.905970343259337}. Best is trial 200 with value: 0.4950764414984273.
[I 2026-03-10 23:29:52,829] Trial 234 finished with value: 0.48625944458721715 and parameters: {'window_ms': 210, 'overlap': 0.9, 'freq_low_hz': 1100, 'freq_high_hz': 4300, 'power_thresh_percentile': 95, 'mdl_beta': 1.2455562278513093}. Best is trial 200 with value: 0.4950764414984273.
[I 2026-03-10 23:30:02,979] Trial 238 finished with value: 0.48683341063324714 and parameters: {'window_ms': 225, 'overlap': 0.9, 'freq_low_hz': 1100, 'freq_high_hz': 4300, 'power_thresh_percentile': 97, 'mdl_beta': 1.2546439082343246}. Best is trial 200 with value: 0.4950764414984273.
[I 2026-03-10 23:30:08,972] Trial 239 finished with value: 0.4859450138365389 and parameters: {'window_ms': 210, 'overlap': 0.8500000000000001, 'freq_low_hz': 1100, 'freq_high_hz': 4300, 'power_thresh_percentile': 96, 'mdl_beta': 1.1817531128186818}. Best is trial 200 with value: 0.4950764414984273.
[I 2026-03-10 23:30:14,509] Trial 240 finished with value: 0.4860370552593522 and parameters: {'window_ms': 210, 'overlap': 0.8500000000000001, 'freq_low_hz': 1100, 'freq_high_hz': 4300, 'power_thresh_percentile': 97, 'mdl_beta': 1.1870484918205708}. Best is trial 200 with value: 0.4950764414984273.
[I 2026-03-10 23:30:29,802] Trial 241 finished with value: 0.48696019790589606 and parameters: {'window_ms': 210, 'overlap': 0.9, 'freq_low_hz': 1200, 'freq_high_hz': 4300, 'power_thresh_percentile': 97, 'mdl_beta': 1.2630489350330305}. Best is trial 200 with value: 0.4950764414984273.
[I 2026-03-10 23:30:41,226] Trial 242 finished with value: 0.49331001003614255 and parameters: {'window_ms': 220, 'overlap': 0.9, 'freq_low_hz': 1200, 'freq_high_hz': 4100, 'power_thresh_percentile': 96, 'mdl_beta': 1.2418686743275236}. Best is trial 200 with value: 0.4950764414984273.
[I 2026-03-10 23:30:41,397] Trial 245 finished with value: 0.4863975408850179 and parameters: {'window_ms': 225, 'overlap': 0.9, 'freq_low_hz': 1200, 'freq_high_hz': 4100, 'power_thresh_percentile': 97, 'mdl_beta': 1.392833617412978}. Best is trial 200 with value: 0.4950764414984273.

GMDA: Selected 3194 TF points.
GMDA: Selected 3194 TF points.
GMDA: Selected 3194 TF points.
GMDA: Selected 3194 TF points.
GMDA: Selected 3194 TF points.
GMDA: Selected 3194 TF points.
GMDA: Selected 3194 TF points.
GMDA: Selected 3194 TF points.
GMDA: Selected 3194 TF points.
GMDA: Selected 3194 TF points.
GMDA: Selected 3194 TF points.
GMDA: Selected 3194 TF points.
GMDA: Selected 4058 TF points.
GMDA: Selected 4058 TF points.
GMDA: Selected 4058 TF points.
GMDA: Selected 4058 TF points.
GMDA: Selected 4058 TF points.
GMDA: Selected 4058 TF points.
GMDA: Selected 4058 TF points.
GMDA: Selected 4058 TF points.
GMDA: Selected 4058 TF points.
GMDA: Selected 4058 TF points.
GMDA: Selected 4058 TF points.
GMDA: Selected 4058 TF points.
GMDA: Selected 4058 TF points.
GMDA: Selected 4058 TF points.
GMDA: Selected 4058 TF points.
GMDA: Selected 4058 TF points.
GMDA: Selected 40331 TF points.
GMDA: Selected 40331 TF points.
GMDA: Selected 40331 TF points.
GMDA: Selected 40331 TF points.
GMDA: Selected 40331 TF points.
GMDA: Selected 40331 TF points.
GMDA: Selected 40331 TF points.
GMDA: Selected 40331 TF points.
GMDA: Selected 40331 TF points.
GMDA: Selected 40331 TF points.
GMDA: Selected 40331 TF points.
GMDA: Selected 40331 TF points.
GMDA: Selected 40331 TF points.
GMDA: Selected 40331 TF points.
GMDA: Selected 40331 TF points.
GMDA: Selected 40331 TF points.
GMDA: Selected 4104 TF points.
GMDA: Selected 4104 TF points.
GMDA: Selected 4104 TF points.
GMDA: Selected 4104 TF points.
GMDA: Selected 4104 TF points.
GMDA: Selected 4104 TF points.
GMDA: Selected 4104 TF points.
GMDA: Selected 4104 TF points.
GMDA: Selected 4104 TF points.
GMDA: Selected 4104 TF points.
GMDA: Selected 4104 TF points.
GMDA: Selected 4104 TF points.
GMDA: Selected 4104 TF points.
GMDA: Selected 4104 TF points.
GMDA: Selected 4104 TF points.
GMDA: Selected 4104 TF points.
GMDA: Selected 25298 TF points.
GMDA: Selected 25298 TF points.
GMDA: Selected 25298 TF points.
GMDA: Selected 25298 TF points.
GMDA: Selected 25298 TF points.
GMDA: Selected 25298 TF points.
GMDA: Selected 25298 TF points.
GMDA: Selected 25298 TF points.
GMDA: Selected 25298 TF points.
GMDA: Selected 25298 TF points.
GMDA: Selected 25298 TF points.
GMDA: Selected 25298 TF points.
GMDA: Selected 25298 TF points.
GMDA: Selected 25298 TF points.
GMDA: Selected 25298 TF points.
GMDA: Selected 25298 TF points.
GMDA: Selected 6482 TF points.
GMDA: Selected 6482 TF points.
GMDA: Selected 6482 TF points.
GMDA: Selected 6482 TF points.
GMDA: Selected 6482 TF points.
GMDA: Selected 6482 TF points.
GMDA: Selected 6482 TF points.
GMDA: Selected 6482 TF points.
GMDA: Selected 6482 TF points.
GMDA: Selected 6482 TF points.
GMDA: Selected 6482 TF points.
GMDA: Selected 6482 TF points.
GMDA: Selected 6482 TF points.
GMDA: Selected 6482 TF points.
GMDA: Selected 6482 TF points.
GMDA: Selected 6482 TF points.
GMDA: Selected 2550 TF points.
GMDA: Selected 2550 TF points.
GMDA: Selected 2550 TF points.
GMDA: Selected 2550 TF points.
GMDA: Selected 2550 TF points.
GMDA: Selected 2550 TF points.
GMDA: Selected 2550 TF points.
GMDA: Selected 2550 TF points.
GMDA: Selected 2550 TF points.
GMDA: Selected 2550 TF points.
GMDA: Selected 2550 TF points.
GMDA: Selected 2550 TF points.
GMDA: Selected 2550 TF points.
GMDA: Selected 2550 TF points.
GMDA: Selected 2550 TF points.
GMDA: Selected 2550 TF points.
GMDA: Selected 1364 TF points.
GMDA: Selected 1364 TF points.
GMDA: Selected 1364 TF points.
GMDA: Selected 1364 TF points.
GMDA: Selected 1364 TF points.
GMDA: Selected 1364 TF points.
GMDA: Selected 1364 TF points.
GMDA: Selected 1364 TF points.
GMDA: Selected 1364 TF points.
GMDA: Selected 1364 TF points.
GMDA: Selected 1364 TF points.
GMDA: Selected 1364 TF points.
GMDA: Selected 1364 TF points.
GMDA: Selected 1364 TF points.
GMDA: Selected 1364 TF points.
GMDA: Selected 1364 TF points.
GMDA: Selected 4205 TF points.
GMDA: Selected 4205 TF points.
GMDA: Selected 4205 TF points.
GMDA: Selected 4205 TF points.
GMDA: Selected 4205 TF points.
GMDA: Selected 4205 TF points.
GMDA: Selected 4205 TF points.
GMDA: Selected 4205 TF points.
GMDA: Selected 4205 TF points.
GMDA: Selected 4205 TF points.
GMDA: Selected 4205 TF points.
GMDA: Selected 4205 TF points.
GMDA: Selected 4205 TF points.
GMDA: Selected 4205 TF points.
GMDA: Selected 4205 TF points.
GMDA: Selected 4205 TF points.
GMDA: Selected 11222 TF points.
GMDA: Selected 11222 TF points.
GMDA: Selected 11222 TF points.
GMDA: Selected 11222 TF points.
GMDA: Selected 11222 TF points.
GMDA: Selected 11222 TF points.
GMDA: Selected 11222 TF points.
GMDA: Selected 11222 TF points.
GMDA: Selected 11222 TF points.
GMDA: Selected 11222 TF points.
GMDA: Selected 11222 TF points.
GMDA: Selected 11222 TF points.
GMDA: Selected 11222 TF points.
GMDA: Selected 11222 TF points.
GMDA: Selected 11222 TF points.
GMDA: Selected 11222 TF points.
GMDA: Selected 10854 TF points.
GMDA: Selected 10854 TF points.
GMDA: Selected 10854 TF points.
GMDA: Selected 10854 TF points.
GMDA: Selected 10854 TF points.
GMDA: Selected 10854 TF points.
GMDA: Selected 10854 TF points.
GMDA: Selected 10854 TF points.
GMDA: Selected 10854 TF points.
GMDA: Selected 10854 TF points.
GMDA: Selected 10854 TF points.
GMDA: Selected 10854 TF points.
GMDA: Selected 10854 TF points.
GMDA: Selected 10854 TF points.
GMDA: Selected 10854 TF points.
GMDA: Selected 10854 TF points.
GMDA: Selected 10443 TF points.
GMDA: Selected 10443 TF points.
GMDA: Selected 10443 TF points.
GMDA: Selected 10443 TF points.
GMDA: Selected 10443 TF points.
GMDA: Selected 10443 TF points.
GMDA: Selected 10443 TF points.
GMDA: Selected 10443 TF points.
GMDA: Selected 10443 TF points.
GMDA: Selected 10443 TF points.
GMDA: Selected 10443 TF points.
GMDA: Selected 10443 TF points.
GMDA: Selected 10443 TF points.
GMDA: Selected 10443 TF points.
GMDA: Selected 10443 TF points.
GMDA: Selected 10443 TF points.
GMDA: Selected 18067 TF points.
GMDA: Selected 18067 TF points.
GMDA: Selected 18067 TF points.
GMDA: Selected 18067 TF points.
GMDA: Selected 18067 TF points.
GMDA: Selected 18067 TF points.
GMDA: Selected 18067 TF points.
GMDA: Selected 18067 TF points.
GMDA: Selected 18067 TF points.
GMDA: Selected 18067 TF points.
GMDA: Selected 18067 TF points.
GMDA: Selected 18067 TF points.
GMDA: Selected 18067 TF points.
GMDA: Selected 18067 TF points.
GMDA: Selected 18067 TF points.
GMDA: Selected 18067 TF points.
GMDA: Selected 12467 TF points.
GMDA: Selected 12467 TF points.
GMDA: Selected 12467 TF points.
GMDA: Selected 12467 TF points.
GMDA: Selected 12467 TF points.
GMDA: Selected 12467 TF points.
GMDA: Selected 12467 TF points.
GMDA: Selected 12467 TF points.
GMDA: Selected 12467 TF points.
GMDA: Selected 12467 TF points.
GMDA: Selected 12467 TF points.
GMDA: Selected 12467 TF points.
GMDA: Selected 12467 TF points.
GMDA: Selected 12467 TF points.
GMDA: Selected 12467 TF points.
GMDA: Selected 12467 TF points.
GMDA: Selected 16085 TF points.
GMDA: Selected 16085 TF points.
GMDA: Selected 16085 TF points.
GMDA: Selected 16085 TF points.
GMDA: Selected 16085 TF points.
GMDA: Selected 16085 TF points.
GMDA: Selected 16085 TF points.
GMDA: Selected 16085 TF points.
GMDA: Selected 16085 TF points.
GMDA: Selected 16085 TF points.
GMDA: Selected 16085 TF points.
GMDA: Selected 16085 TF points.
GMDA: Selected 16085 TF points.
GMDA: Selected 16085 TF points.
GMDA: Selected 16085 TF points.
GMDA: Selected 16085 TF points.
GMDA: Selected 6441 TF points.
GMDA: Selected 6441 TF points.
GMDA: Selected 6441 TF points.
GMDA: Selected 6441 TF points.
GMDA: Selected 6441 TF points.
GMDA: Selected 6441 TF points.
GMDA: Selected 6441 TF points.
GMDA: Selected 6441 TF points.
GMDA: Selected 6441 TF points.
GMDA: Selected 6441 TF points.
GMDA: Selected 6441 TF points.
GMDA: Selected 6441 TF points.
GMDA: Selected 6441 TF points.
GMDA: Selected 6441 TF points.
GMDA: Selected 6441 TF points.
GMDA: Selected 6441 TF points.
GMDA: Selected 8738 TF points.
GMDA: Selected 8738 TF points.
GMDA: Selected 8738 TF points.
GMDA: Selected 8738 TF points.
GMDA: Selected 8738 TF points.
GMDA: Selected 8738 TF points.
GMDA: Selected 8738 TF points.
GMDA: Selected 8738 TF points.
GMDA: Selected 8738 TF points.[I 2026-03-10 23:30:48,288] Trial 243 finished with value: 0.485698869252908 and parameters: {'window_ms': 225, 'overlap': 0.9, 'freq_low_hz': 1200, 'freq_high_hz': 4100, 'power_thresh_percentile': 96, 'mdl_beta': 1.2780544048487334}. Best is trial 200 with value: 0.4950764414984273.
[I 2026-03-10 23:30:57,151] Trial 247 finished with value: 0.4785873568547925 and parameters: {'window_ms': 220, 'overlap': 0.9, 'freq_low_hz': 1200, 'freq_high_hz': 4100, 'power_thresh_percentile': 98, 'mdl_beta': 1.4444863333698792}. Best is trial 200 with value: 0.4950764414984273.
[I 2026-03-10 23:30:58,340] Trial 244 finished with value: 0.485698869252908 and parameters: {'window_ms': 225, 'overlap': 0.9, 'freq_low_hz': 1200, 'freq_high_hz': 4100, 'power_thresh_percentile': 96, 'mdl_beta': 1.2413858520749241}. Best is trial 200 with value: 0.4950764414984273.
[I 2026-03-10 23:31:08,893] Trial 246 finished with value: 0.49331001003614255 and parameters: {'window_ms': 220, 'overlap': 0.9, 'freq_low_hz': 1200, 'freq_high_hz': 4100, 'power_thresh_percentile': 96, 'mdl_beta': 1.4517500087545618}. Best is trial 200 with value: 0.4950764414984273.
[I 2026-03-10 23:31:12,204] Trial 248 finished with value: 0.4863975408850179 and parameters: {'window_ms': 225, 'overlap': 0.9, 'freq_low_hz': 1200, 'freq_high_hz': 4100, 'power_thresh_percentile': 97, 'mdl_beta': 1.4769117219449868}. Best is trial 200 with value: 0.4950764414984273.
[I 2026-03-10 23:31:36,820] Trial 249 finished with value: 0.49331001003614255 and parameters: {'window_ms': 220, 'overlap': 0.9, 'freq_low_hz': 1200, 'freq_high_hz': 4100, 'power_thresh_percentile': 96, 'mdl_beta': 1.4045656643698388}. Best is trial 200 with value: 0.4950764414984273.
