[I 2026-03-10 23:49:54,909] Trial 336 finished with value: 0.48585538858216726 and parameters: {'window_ms': 235, 'overlap': 0.8500000000000001, 'freq_low_hz': 1150, 'freq_high_hz': 4050, 'power_thresh_percentile': 96, 'mdl_beta': 1.2478091012320123}. Best is trial 268 with value: 0.4966994657406606.

GMDA: Selected 8443 TF points.
GMDA: Selected 8443 TF points.
GMDA: Selected 8443 TF points.
GMDA: Selected 8443 TF points.
GMDA: Selected 8443 TF points.
GMDA: Selected 8443 TF points.
GMDA: Selected 8443 TF points.
GMDA: Selected 8443 TF points.
GMDA: Selected 8443 TF points.
GMDA: Selected 8443 TF points.
GMDA: Selected 8443 TF points.
GMDA: Selected 8443 TF points.
GMDA: Selected 8443 TF points.
GMDA: Selected 8272 TF points.
GMDA: Selected 8272 TF points.
GMDA: Selected 8272 TF points.
GMDA: Selected 8272 TF points.
GMDA: Selected 8272 TF points.
GMDA: Selected 8272 TF points.
GMDA: Selected 8272 TF points.
GMDA: Selected 8272 TF points.
GMDA: Selected 8272 TF points.
GMDA: Selected 8272 TF points.
GMDA: Selected 8272 TF points.
GMDA: Selected 8272 TF points.
GMDA: Selected 8272 TF points.
GMDA: Selected 8272 TF points.
GMDA: Selected 8272 TF points.
GMDA: Selected 8272 TF points.
GMDA: Selected 12045 TF points.
GMDA: Selected 12045 TF points.
GMDA: Selected 12045 TF points.
GMDA: Selected 12045 TF points.
GMDA: Selected 12045 TF points.
GMDA: Selected 12045 TF points.
GMDA: Selected 12045 TF points.
GMDA: Selected 12045 TF points.
GMDA: Selected 12045 TF points.
GMDA: Selected 12045 TF points.
GMDA: Selected 12045 TF points.
GMDA: Selected 12045 TF points.
GMDA: Selected 12045 TF points.
GMDA: Selected 12045 TF points.
GMDA: Selected 12045 TF points.
GMDA: Selected 12045 TF points.
GMDA: Selected 18067 TF points.
GMDA: Selected 18067 TF points.
GMDA: Selected 18067 TF points.
GMDA: Selected 18067 TF points.
GMDA: Selected 18067 TF points.
GMDA: Selected 18067 TF points.
GMDA: Selected 18067 TF points.
GMDA: Selected 18067 TF points.
GMDA: Selected 18067 TF points.
GMDA: Selected 18067 TF points.
GMDA: Selected 18067 TF points.
GMDA: Selected 18067 TF points.
GMDA: Selected 18067 TF points.
GMDA: Selected 18067 TF points.
GMDA: Selected 18067 TF points.
GMDA: Selected 18067 TF points.
GMDA: Selected 9350 TF points.
GMDA: Selected 9350 TF points.
GMDA: Selected 9350 TF points.
GMDA: Selected 9350 TF points.
GMDA: Selected 9350 TF points.
GMDA: Selected 9350 TF points.
GMDA: Selected 9350 TF points.
GMDA: Selected 9350 TF points.
GMDA: Selected 9350 TF points.
GMDA: Selected 9350 TF points.
GMDA: Selected 9350 TF points.
GMDA: Selected 9350 TF points.
GMDA: Selected 9350 TF points.
GMDA: Selected 9350 TF points.
GMDA: Selected 9350 TF points.
GMDA: Selected 9350 TF points.
GMDA: Selected 15081 TF points.
GMDA: Selected 15081 TF points.
GMDA: Selected 15081 TF points.
GMDA: Selected 15081 TF points.
GMDA: Selected 15081 TF points.
GMDA: Selected 15081 TF points.
GMDA: Selected 15081 TF points.
GMDA: Selected 15081 TF points.
GMDA: Selected 15081 TF points.
GMDA: Selected 15081 TF points.
GMDA: Selected 15081 TF points.
GMDA: Selected 15081 TF points.
GMDA: Selected 15081 TF points.
GMDA: Selected 15081 TF points.
GMDA: Selected 15081 TF points.
GMDA: Selected 15081 TF points.
GMDA: Selected 8588 TF points.
GMDA: Selected 8588 TF points.
GMDA: Selected 8588 TF points.
GMDA: Selected 8588 TF points.
GMDA: Selected 8588 TF points.
GMDA: Selected 8588 TF points.
GMDA: Selected 8588 TF points.
GMDA: Selected 8588 TF points.
GMDA: Selected 8588 TF points.
GMDA: Selected 8588 TF points.
GMDA: Selected 8588 TF points.
GMDA: Selected 8588 TF points.
GMDA: Selected 8588 TF points.
GMDA: Selected 8588 TF points.
GMDA: Selected 8588 TF points.
GMDA: Selected 8588 TF points.
GMDA: Selected 5828 TF points.
GMDA: Selected 5828 TF points.
GMDA: Selected 5828 TF points.
GMDA: Selected 5828 TF points.
GMDA: Selected 5828 TF points.
GMDA: Selected 5828 TF points.
GMDA: Selected 5828 TF points.
GMDA: Selected 5828 TF points.
GMDA: Selected 5828 TF points.
GMDA: Selected 5828 TF points.
GMDA: Selected 5828 TF points.
GMDA: Selected 5828 TF points.
GMDA: Selected 5828 TF points.
GMDA: Selected 5828 TF points.
GMDA: Selected 5828 TF points.
GMDA: Selected 5828 TF points.
GMDA: Selected 11437 TF points.
GMDA: Selected 11437 TF points.
GMDA: Selected 11437 TF points.
GMDA: Selected 11437 TF points.
GMDA: Selected 11437 TF points.
GMDA: Selected 11437 TF points.
GMDA: Selected 11437 TF points.
GMDA: Selected 11437 TF points.
GMDA: Selected 11437 TF points.
GMDA: Selected 11437 TF points.
GMDA: Selected 11437 TF points.
GMDA: Selected 11437 TF points.
GMDA: Selected 11437 TF points.
GMDA: Selected 11437 TF points.
GMDA: Selected 11437 TF points.
GMDA: Selected 11437 TF points.
GMDA: Selected 132099 TF points.
GMDA: Selected 132099 TF points.
GMDA: Selected 132099 TF points.
GMDA: Selected 132099 TF points.
GMDA: Selected 132099 TF points.
GMDA: Selected 132099 TF points.
GMDA: Selected 132099 TF points.
GMDA: Selected 132099 TF points.
GMDA: Selected 132099 TF points.
GMDA: Selected 132099 TF points.
GMDA: Selected 132099 TF points.
GMDA: Selected 132099 TF points.
GMDA: Selected 132099 TF points.
GMDA: Selected 132099 TF points.
GMDA: Selected 132099 TF points.
GMDA: Selected 132099 TF points.
GMDA: Selected 16569 TF points.
GMDA: Selected 16569 TF points.
GMDA: Selected 16569 TF points.
GMDA: Selected 16569 TF points.
GMDA: Selected 16569 TF points.
GMDA: Selected 16569 TF points.
GMDA: Selected 16569 TF points.
GMDA: Selected 16569 TF points.
GMDA: Selected 16569 TF points.
GMDA: Selected 16569 TF points.
GMDA: Selected 16569 TF points.
GMDA: Selected 16569 TF points.
GMDA: Selected 16569 TF points.
GMDA: Selected 16569 TF points.
GMDA: Selected 16569 TF points.
GMDA: Selected 16569 TF points.
GMDA: Selected 12481 TF points.
GMDA: Selected 12481 TF points.
GMDA: Selected 12481 TF points.
GMDA: Selected 12481 TF points.
GMDA: Selected 12481 TF points.
GMDA: Selected 12481 TF points.
GMDA: Selected 12481 TF points.
GMDA: Selected 12481 TF points.
GMDA: Selected 12481 TF points.
GMDA: Selected 12481 TF points.
GMDA: Selected 12481 TF points.
GMDA: Selected 12481 TF points.
GMDA: Selected 12481 TF points.
GMDA: Selected 12481 TF points.
GMDA: Selected 12481 TF points.
GMDA: Selected 12481 TF points.
GMDA: Selected 32545 TF points.
GMDA: Selected 32545 TF points.
GMDA: Selected 32545 TF points.
GMDA: Selected 32545 TF points.
GMDA: Selected 32545 TF points.
GMDA: Selected 32545 TF points.
GMDA: Selected 32545 TF points.
GMDA: Selected 32545 TF points.
GMDA: Selected 32545 TF points.
GMDA: Selected 32545 TF points.
GMDA: Selected 32545 TF points.
GMDA: Selected 32545 TF points.
GMDA: Selected 32545 TF points.
GMDA: Selected 32545 TF points.
GMDA: Selected 32545 TF points.
GMDA: Selected 32545 TF points.
GMDA: Selected 14061 TF points.
GMDA: Selected 14061 TF points.
GMDA: Selected 14061 TF points.
GMDA: Selected 14061 TF points.
GMDA: Selected 14061 TF points.
GMDA: Selected 14061 TF points.
GMDA: Selected 14061 TF points.
GMDA: Selected 14061 TF points.
GMDA: Selected 14061 TF points.
GMDA: Selected 14061 TF points.
GMDA: Selected 14061 TF points.
GMDA: Selected 14061 TF points.
GMDA: Selected 14061 TF points.
GMDA: Selected 14061 TF points.
GMDA: Selected 14061 TF points.
GMDA: Selected 14061 TF points.
GMDA: Selected 8429 TF points.
GMDA: Selected 8429 TF points.
GMDA: Selected 8429 TF points.
GMDA: Selected 8429 TF points.
GMDA: Selected 8429 TF points.
GMDA: Selected 8429 TF points.
GMDA: Selected 8429 TF points.
GMDA: Selected 8429 TF points.
GMDA: Selected 8429 TF points.
GMDA: Selected 8429 TF points.
GMDA: Selected 8429 TF points.
GMDA: Selected 8429 TF points.
GMDA: Selected 8429 TF points.
GMDA: Selected 8429 TF points.
GMDA: Selected 8429 TF points.
GMDA: Selected 8429 TF points.
GMDA: Selected 3356 TF points.
GMDA: Selected 3356 TF points.
GMDA: Selected 3356 TF points.
GMDA: Selected 3356 TF points.
GMDA: Selected 3356 TF points.
GMDA: Selected 3356 TF points.
GMDA: Selected 3356 TF points.
GMDA: Selected 3356 TF points.
GMDA: Selected 3356 TF points.
GMDA: Selected 3356 TF points.
GMDA: Selected 3356 TF points.
GMDA: Selected 3356 TF points.
GMDA: Selected 3356 TF points.
GMDA: Selected 3356 TF points.
GMDA: Selected 3356 TF points.
GMDA: Selected 3356 TF points.
GMDA: Selected 5913 TF points.
GMDA: Selected 5913 TF points.
GMDA: Selected 5913 TF points.
GMDA: Selected 5913 TF points.
GMDA: Selected 5913 TF points.
GMDA: Selected 5913 TF points.
GMDA: Selected 5913 TF points.[I 2026-03-10 23:50:02,442] Trial 296 finished with value: 0.4469437848266918 and parameters: {'window_ms': 240, 'overlap': 0.9, 'freq_low_hz': 1200, 'freq_high_hz': 4000, 'power_thresh_percentile': 55, 'mdl_beta': 0.8259811070394085}. Best is trial 268 with value: 0.4966994657406606.
[I 2026-03-10 23:50:22,562] Trial 339 finished with value: 0.48658896060832035 and parameters: {'window_ms': 225, 'overlap': 0.8500000000000001, 'freq_low_hz': 1200, 'freq_high_hz': 3400, 'power_thresh_percentile': 96, 'mdl_beta': 1.6739785737782935}. Best is trial 268 with value: 0.4966994657406606.
[I 2026-03-10 23:50:46,995] Trial 341 finished with value: 0.4856086810295751 and parameters: {'window_ms': 225, 'overlap': 0.9, 'freq_low_hz': 1200, 'freq_high_hz': 4000, 'power_thresh_percentile': 96, 'mdl_beta': 2.8028842332155532}. Best is trial 268 with value: 0.4966994657406606.
[I 2026-03-10 23:50:49,013] Trial 340 finished with value: 0.4939778835312988 and parameters: {'window_ms': 220, 'overlap': 0.9, 'freq_low_hz': 1200, 'freq_high_hz': 4000, 'power_thresh_percentile': 96, 'mdl_beta': 0.8177408740885478}. Best is trial 268 with value: 0.4966994657406606.
[I 2026-03-10 23:50:49,688] Trial 345 finished with value: 0.48459195731141114 and parameters: {'window_ms': 220, 'overlap': 0.3, 'freq_low_hz': 1200, 'freq_high_hz': 4100, 'power_thresh_percentile': 95, 'mdl_beta': 1.4628117556742037}. Best is trial 268 with value: 0.4966994657406606.
[I 2026-03-10 23:50:54,609] Trial 343 finished with value: 0.4856086810295751 and parameters: {'window_ms': 225, 'overlap': 0.9, 'freq_low_hz': 1200, 'freq_high_hz': 4000, 'power_thresh_percentile': 96, 'mdl_beta': 2.8970943369373927}. Best is trial 268 with value: 0.4966994657406606.
[I 2026-03-10 23:51:03,241] Trial 342 finished with value: 0.4856086810295751 and parameters: {'window_ms': 225, 'overlap': 0.9, 'freq_low_hz': 1200, 'freq_high_hz': 4000, 'power_thresh_percentile': 96, 'mdl_beta': 0.8335372972658652}. Best is trial 268 with value: 0.4966994657406606.
[I 2026-03-10 23:51:05,370] Trial 344 finished with value: 0.4722711441714628 and parameters: {'window_ms': 225, 'overlap': 0.9, 'freq_low_hz': 600, 'freq_high_hz': 3500, 'power_thresh_percentile': 96, 'mdl_beta': 2.59374027184315}. Best is trial 268 with value: 0.4966994657406606.
[I 2026-03-10 23:51:17,508] Trial 346 finished with value: 0.47742952208866524 and parameters: {'window_ms': 220, 'overlap': 0.55, 'freq_low_hz': 1200, 'freq_high_hz': 4100, 'power_thresh_percentile': 95, 'mdl_beta': 1.5048817204483615}. Best is trial 268 with value: 0.4966994657406606.
[I 2026-03-10 23:51:35,099] Trial 338 finished with value: 0.4565320184983754 and parameters: {'window_ms': 225, 'overlap': 0.8500000000000001, 'freq_low_hz': 1150, 'freq_high_hz': 3650, 'power_thresh_percentile': 84, 'mdl_beta': 2.5845247640593803}. Best is trial 268 with value: 0.4966994657406606.

GMDA: Selected 16854 TF points.
GMDA: Selected 16854 TF points.
GMDA: Selected 16854 TF points.
GMDA: Selected 16854 TF points.
GMDA: Selected 16854 TF points.
GMDA: Selected 16854 TF points.
GMDA: Selected 16854 TF points.
GMDA: Selected 11650 TF points.
GMDA: Selected 11650 TF points.
GMDA: Selected 11650 TF points.
GMDA: Selected 11650 TF points.
GMDA: Selected 11650 TF points.
GMDA: Selected 11650 TF points.
GMDA: Selected 11650 TF points.
GMDA: Selected 11650 TF points.
GMDA: Selected 11650 TF points.
GMDA: Selected 11650 TF points.
GMDA: Selected 11650 TF points.
GMDA: Selected 11650 TF points.
GMDA: Selected 11650 TF points.
GMDA: Selected 11650 TF points.
GMDA: Selected 11650 TF points.
GMDA: Selected 11650 TF points.
GMDA: Selected 16067 TF points.
GMDA: Selected 16067 TF points.
GMDA: Selected 16067 TF points.
GMDA: Selected 16067 TF points.
GMDA: Selected 16067 TF points.
GMDA: Selected 16067 TF points.
GMDA: Selected 16067 TF points.
GMDA: Selected 16067 TF points.
GMDA: Selected 16067 TF points.
GMDA: Selected 16067 TF points.
GMDA: Selected 16067 TF points.
GMDA: Selected 16067 TF points.
GMDA: Selected 16067 TF points.
GMDA: Selected 16067 TF points.
GMDA: Selected 16067 TF points.
GMDA: Selected 16067 TF points.
GMDA: Selected 18090 TF points.
GMDA: Selected 18090 TF points.
GMDA: Selected 18090 TF points.
GMDA: Selected 18090 TF points.
GMDA: Selected 18090 TF points.
GMDA: Selected 18090 TF points.
GMDA: Selected 18090 TF points.
GMDA: Selected 18090 TF points.
GMDA: Selected 18090 TF points.
GMDA: Selected 18090 TF points.
GMDA: Selected 18090 TF points.
GMDA: Selected 18090 TF points.
GMDA: Selected 18090 TF points.
GMDA: Selected 18090 TF points.
GMDA: Selected 18090 TF points.
GMDA: Selected 18090 TF points.
GMDA: Selected 9037 TF points.
GMDA: Selected 9037 TF points.
GMDA: Selected 9037 TF points.
GMDA: Selected 9037 TF points.
GMDA: Selected 9037 TF points.
GMDA: Selected 9037 TF points.
GMDA: Selected 9037 TF points.
GMDA: Selected 9037 TF points.
GMDA: Selected 9037 TF points.
GMDA: Selected 9037 TF points.
GMDA: Selected 9037 TF points.
GMDA: Selected 9037 TF points.
GMDA: Selected 9037 TF points.
GMDA: Selected 9037 TF points.
GMDA: Selected 9037 TF points.
GMDA: Selected 9037 TF points.
GMDA: Selected 2301 TF points.
GMDA: Selected 2301 TF points.
GMDA: Selected 2301 TF points.
GMDA: Selected 2301 TF points.
GMDA: Selected 2301 TF points.
GMDA: Selected 2301 TF points.
GMDA: Selected 2301 TF points.
GMDA: Selected 2301 TF points.
GMDA: Selected 2301 TF points.
GMDA: Selected 2301 TF points.
GMDA: Selected 2301 TF points.
GMDA: Selected 2301 TF points.
GMDA: Selected 2301 TF points.
GMDA: Selected 2301 TF points.
GMDA: Selected 2301 TF points.
GMDA: Selected 2301 TF points.
GMDA: Selected 16252 TF points.
GMDA: Selected 16252 TF points.
GMDA: Selected 16252 TF points.
GMDA: Selected 16252 TF points.
GMDA: Selected 16252 TF points.
GMDA: Selected 16252 TF points.
GMDA: Selected 16252 TF points.
GMDA: Selected 16252 TF points.
GMDA: Selected 16252 TF points.
GMDA: Selected 16252 TF points.
GMDA: Selected 16252 TF points.
GMDA: Selected 16252 TF points.
GMDA: Selected 16252 TF points.
GMDA: Selected 16252 TF points.
GMDA: Selected 16252 TF points.
GMDA: Selected 16252 TF points.
GMDA: Selected 18575 TF points.
GMDA: Selected 18575 TF points.
GMDA: Selected 18575 TF points.
GMDA: Selected 18575 TF points.
GMDA: Selected 18575 TF points.
GMDA: Selected 18575 TF points.
GMDA: Selected 18575 TF points.
GMDA: Selected 18575 TF points.
GMDA: Selected 18575 TF points.
GMDA: Selected 18575 TF points.
GMDA: Selected 18575 TF points.
GMDA: Selected 18575 TF points.
GMDA: Selected 18575 TF points.
GMDA: Selected 18575 TF points.
GMDA: Selected 18575 TF points.
GMDA: Selected 18575 TF points.
GMDA: Selected 14562 TF points.
GMDA: Selected 14562 TF points.
GMDA: Selected 14562 TF points.
GMDA: Selected 14562 TF points.
GMDA: Selected 14562 TF points.
GMDA: Selected 14562 TF points.
GMDA: Selected 14562 TF points.
GMDA: Selected 14562 TF points.
GMDA: Selected 14562 TF points.
GMDA: Selected 14562 TF points.
GMDA: Selected 14562 TF points.
GMDA: Selected 14562 TF points.
GMDA: Selected 14562 TF points.
GMDA: Selected 14562 TF points.
GMDA: Selected 14562 TF points.
GMDA: Selected 14562 TF points.
GMDA: Selected 8330 TF points.
GMDA: Selected 8330 TF points.
GMDA: Selected 8330 TF points.
GMDA: Selected 8330 TF points.
GMDA: Selected 8330 TF points.
GMDA: Selected 8330 TF points.
GMDA: Selected 8330 TF points.
GMDA: Selected 8330 TF points.
GMDA: Selected 8330 TF points.
GMDA: Selected 8330 TF points.
GMDA: Selected 8330 TF points.
GMDA: Selected 8330 TF points.
GMDA: Selected 8330 TF points.
GMDA: Selected 8330 TF points.
GMDA: Selected 8330 TF points.
GMDA: Selected 8330 TF points.
GMDA: Selected 1772 TF points.
GMDA: Selected 1772 TF points.
GMDA: Selected 1772 TF points.
GMDA: Selected 1772 TF points.
GMDA: Selected 1772 TF points.
GMDA: Selected 1772 TF points.
GMDA: Selected 1772 TF points.
GMDA: Selected 1772 TF points.
GMDA: Selected 1772 TF points.
GMDA: Selected 1772 TF points.
GMDA: Selected 1772 TF points.
GMDA: Selected 1772 TF points.
GMDA: Selected 1772 TF points.
GMDA: Selected 1772 TF points.
GMDA: Selected 1772 TF points.
GMDA: Selected 1772 TF points.
GMDA: Selected 16872 TF points.
GMDA: Selected 16872 TF points.
GMDA: Selected 16872 TF points.
GMDA: Selected 16872 TF points.
GMDA: Selected 16872 TF points.
GMDA: Selected 16872 TF points.
GMDA: Selected 16872 TF points.
GMDA: Selected 16872 TF points.
GMDA: Selected 16872 TF points.
GMDA: Selected 16872 TF points.
GMDA: Selected 16872 TF points.
GMDA: Selected 16872 TF points.
GMDA: Selected 16872 TF points.
GMDA: Selected 16872 TF points.
GMDA: Selected 16872 TF points.
GMDA: Selected 16872 TF points.
GMDA: Selected 31190 TF points.
GMDA: Selected 31190 TF points.
GMDA: Selected 31190 TF points.
GMDA: Selected 31190 TF points.
GMDA: Selected 31190 TF points.
GMDA: Selected 31190 TF points.
GMDA: Selected 31190 TF points.
GMDA: Selected 31190 TF points.
GMDA: Selected 31190 TF points.
GMDA: Selected 31190 TF points.
GMDA: Selected 31190 TF points.
GMDA: Selected 31190 TF points.
GMDA: Selected 31190 TF points.
GMDA: Selected 31190 TF points.
GMDA: Selected 31190 TF points.
GMDA: Selected 31190 TF points.
GMDA: Selected 8437 TF points.
GMDA: Selected 8437 TF points.
GMDA: Selected 8437 TF points.
GMDA: Selected 8437 TF points.
GMDA: Selected 8437 TF points.
GMDA: Selected 8437 TF points.
GMDA: Selected 8437 TF points.
GMDA: Selected 8437 TF points.
GMDA: Selected 8437 TF points.
GMDA: Selected 8437 TF points.
GMDA: Selected 8437 TF points.
GMDA: Selected 8437 TF points.
GMDA: Selected 8437 TF points.
GMDA: Selected 8437 TF points.
GMDA: Selected 8437 TF points.
GMDA: Selected 8437 TF points.
GMDA: Selected 7764 TF points.
GMDA: Selected 7764 TF points.
GMDA: Selected 7764 TF points.
GMDA: Selected 7764 TF points.
GMDA: Selected 7764 TF points.
GMDA: Selected 7764 TF points.
GMDA: Selected 7764 TF points.
GMDA: Selected 7764 TF points.
GMDA: Selected 7764 TF points.
GMDA: Selected 7764 TF points.
GMDA: Selected 7764 TF points.
GMDA: Selected 7764 TF points.
GMDA: Selected 7764 TF points.
GMDA: Selected 7764 TF points.
GMDA: Selected 7764 TF points.
GMDA: Selected 7764 TF points.
GMDA: Selected 11258 TF points.
GMDA: Selected 11258 TF points.
GMDA: Selected 11258 TF points.
GMDA: Selected 11258 TF points.
GMDA: Selected 11258 TF points.
GMDA: Selected 11258 TF points.
GMDA: Selected 11258 TF points.
GMDA: Selected 11258 TF points.
GMDA: Selected 11258 TF points.
GMDA: Selected 11258 TF points.
GMDA: Selected 11258 TF points.
GMDA: Selected 11258 TF points.
GMDA: Selected 11258 TF points.
GMDA: Selected 11258 TF points.
GMDA: Selected 11258 TF points.
GMDA: Selected 11258 TF points.
GMDA: Selected 12539 TF points.
GMDA: Selected 12539 TF points.
GMDA: Selected 12539 TF points.
GMDA: Selected 12539 TF points.
GMDA: Selected 12539 TF points.
GMDA: Selected 12539 TF points.
GMDA: Selected 12539 TF points.
GMDA: Selected 12539 TF points.
GMDA: Selected 12539 TF points.
GMDA: Selected 12539 TF points.
GMDA: Selected 12539 TF points.
GMDA: Selected 12539 TF points.[I 2026-03-10 23:51:44,409] Trial 351 finished with value: 0.48006117774731677 and parameters: {'window_ms': 45, 'overlap': 0.9, 'freq_low_hz': 1150, 'freq_high_hz': 3650, 'power_thresh_percentile': 98, 'mdl_beta': 0.8923283053886315}. Best is trial 268 with value: 0.4966994657406606.
[I 2026-03-10 23:52:02,201] Trial 349 finished with value: 0.48590566085889475 and parameters: {'window_ms': 215, 'overlap': 0.9, 'freq_low_hz': 1150, 'freq_high_hz': 3650, 'power_thresh_percentile': 95, 'mdl_beta': 4.977944441787378}. Best is trial 268 with value: 0.4966994657406606.
[I 2026-03-10 23:52:07,229] Trial 347 finished with value: 0.4928221429003726 and parameters: {'window_ms': 220, 'overlap': 0.9, 'freq_low_hz': 1200, 'freq_high_hz': 4100, 'power_thresh_percentile': 95, 'mdl_beta': 0.8211349574813975}. Best is trial 268 with value: 0.4966994657406606.
[I 2026-03-10 23:52:10,768] Trial 348 finished with value: 0.4846444251969065 and parameters: {'window_ms': 220, 'overlap': 0.9, 'freq_low_hz': 1150, 'freq_high_hz': 4050, 'power_thresh_percentile': 95, 'mdl_beta': 0.923348231605831}. Best is trial 268 with value: 0.4966994657406606.
[I 2026-03-10 23:52:16,534] Trial 353 finished with value: 0.4783880778432597 and parameters: {'window_ms': 215, 'overlap': 0.9, 'freq_low_hz': 1150, 'freq_high_hz': 3850, 'power_thresh_percentile': 98, 'mdl_beta': 0.9532972836038117}. Best is trial 268 with value: 0.4966994657406606.
[I 2026-03-10 23:52:20,273] Trial 350 finished with value: 0.48590566085889475 and parameters: {'window_ms': 215, 'overlap': 0.9, 'freq_low_hz': 1150, 'freq_high_hz': 3650, 'power_thresh_percentile': 95, 'mdl_beta': 0.9682627750351623}. Best is trial 268 with value: 0.4966994657406606.
[I 2026-03-10 23:52:34,015] Trial 352 finished with value: 0.4781364111910649 and parameters: {'window_ms': 215, 'overlap': 0.9, 'freq_low_hz': 1150, 'freq_high_hz': 3650, 'power_thresh_percentile': 94, 'mdl_beta': 0.9834512540674742}. Best is trial 268 with value: 0.4966994657406606.
[I 2026-03-10 23:52:38,273] Trial 354 finished with value: 0.485991190061602 and parameters: {'window_ms': 215, 'overlap': 0.9, 'freq_low_hz': 1150, 'freq_high_hz': 3050, 'power_thresh_percentile': 95, 'mdl_beta': 4.490135779757115}. Best is trial 268 with value: 0.4966994657406606.
