[I 2026-03-10 23:05:51,030] Trial 70 finished with value: 0.4717266927205234 and parameters: {'window_ms': 160, 'overlap': 0.8500000000000001, 'freq_low_hz': 650, 'freq_high_hz': 4500, 'power_thresh_percentile': 97, 'mdl_beta': 7.403482986740648}. Best is trial 60 with value: 0.49205574757471193.
[I 2026-03-10 23:06:51,727] Trial 74 finished with value: 0.47890652279456214 and parameters: {'window_ms': 120, 'overlap': 0.7, 'freq_low_hz': 950, 'freq_high_hz': 4200, 'power_thresh_percentile': 88, 'mdl_beta': 3.1550123809295627}. Best is trial 60 with value: 0.49205574757471193.
[I 2026-03-10 23:06:56,690] Trial 76 finished with value: 0.4686991450053131 and parameters: {'window_ms': 120, 'overlap': 0.8500000000000001, 'freq_low_hz': 800, 'freq_high_hz': 2400, 'power_thresh_percentile': 88, 'mdl_beta': 4.025148052132372}. Best is trial 60 with value: 0.49205574757471193.
[I 2026-03-10 23:06:57,647] Trial 78 finished with value: 0.494957547881154 and parameters: {'window_ms': 120, 'overlap': 0.8500000000000001, 'freq_low_hz': 800, 'freq_high_hz': 4200, 'power_thresh_percentile': 95, 'mdl_beta': 6.95392085263425}. Best is trial 78 with value: 0.494957547881154.
[I 2026-03-10 23:07:36,272] Trial 72 finished with value: 0.48359817522917525 and parameters: {'window_ms': 160, 'overlap': 0.8500000000000001, 'freq_low_hz': 950, 'freq_high_hz': 4500, 'power_thresh_percentile': 88, 'mdl_beta': 1.2456688634293152}. Best is trial 78 with value: 0.494957547881154.
[I 2026-03-10 23:07:45,470] Trial 79 finished with value: 0.4722762159982478 and parameters: {'window_ms': 155, 'overlap': 0.8500000000000001, 'freq_low_hz': 800, 'freq_high_hz': 3200, 'power_thresh_percentile': 95, 'mdl_beta': 7.022695947195676}. Best is trial 78 with value: 0.494957547881154.
[I 2026-03-10 23:07:51,185] Trial 73 finished with value: 0.45365050173890453 and parameters: {'window_ms': 120, 'overlap': 0.7, 'freq_low_hz': 950, 'freq_high_hz': 4300, 'power_thresh_percentile': 77, 'mdl_beta': 1.1810225487805779}. Best is trial 78 with value: 0.494957547881154.
[I 2026-03-10 23:08:08,595] Trial 80 finished with value: 0.4727271652721449 and parameters: {'window_ms': 155, 'overlap': 0.8, 'freq_low_hz': 750, 'freq_high_hz': 5800, 'power_thresh_percentile': 95, 'mdl_beta': 6.860599572501362}. Best is trial 78 with value: 0.494957547881154.
[I 2026-03-10 23:08:09,133] Trial 77 finished with value: 0.4653279905066731 and parameters: {'window_ms': 120, 'overlap': 0.8500000000000001, 'freq_low_hz': 800, 'freq_high_hz': 4300, 'power_thresh_percentile': 88, 'mdl_beta': 7.104518683576301}. Best is trial 78 with value: 0.494957547881154.
[I 2026-03-10 23:08:40,844] Trial 75 finished with value: 0.46781391502871117 and parameters: {'window_ms': 120, 'overlap': 0.8500000000000001, 'freq_low_hz': 800, 'freq_high_hz': 5800, 'power_thresh_percentile': 88, 'mdl_beta': 7.136587212426896}. Best is trial 78 with value: 0.494957547881154.
[I 2026-03-10 23:08:55,724] Trial 81 finished with value: 0.47238541689294966 and parameters: {'window_ms': 155, 'overlap': 0.9, 'freq_low_hz': 750, 'freq_high_hz': 3900, 'power_thresh_percentile': 92, 'mdl_beta': 7.145329725528995}. Best is trial 78 with value: 0.494957547881154.
[I 2026-03-10 23:08:55,858] Trial 82 finished with value: 0.4872572549480637 and parameters: {'window_ms': 90, 'overlap': 0.9, 'freq_low_hz': 800, 'freq_high_hz': 3900, 'power_thresh_percentile': 95, 'mdl_beta': 7.06792503852717}. Best is trial 78 with value: 0.494957547881154.
[I 2026-03-10 23:09:04,275] Trial 71 finished with value: 0.44654642078687024 and parameters: {'window_ms': 120, 'overlap': 0.8500000000000001, 'freq_low_hz': 950, 'freq_high_hz': 4500, 'power_thresh_percentile': 78, 'mdl_beta': 1.3569377340956976}. Best is trial 78 with value: 0.494957547881154.
[I 2026-03-10 23:09:36,953] Trial 84 finished with value: 0.47926502699724266 and parameters: {'window_ms': 210, 'overlap': 0.9, 'freq_low_hz': 750, 'freq_high_hz': 4000, 'power_thresh_percentile': 93, 'mdl_beta': 7.728535561379681}. Best is trial 78 with value: 0.494957547881154.
[I 2026-03-10 23:09:47,504] Trial 88 finished with value: 0.4796660030451858 and parameters: {'window_ms': 110, 'overlap': 0.9, 'freq_low_hz': 700, 'freq_high_hz': 4100, 'power_thresh_percentile': 97, 'mdl_beta': 7.68058931174029}. Best is trial 78 with value: 0.494957547881154.
[I 2026-03-10 23:09:53,133] Trial 86 finished with value: 0.4733586266649552 and parameters: {'window_ms': 180, 'overlap': 0.9, 'freq_low_hz': 700, 'freq_high_hz': 4000, 'power_thresh_percentile': 93, 'mdl_beta': 7.6972623150851325}. Best is trial 78 with value: 0.494957547881154.
[I 2026-03-10 23:10:08,222] Trial 91 finished with value: 0.47831116077862007 and parameters: {'window_ms': 85, 'overlap': 0.8, 'freq_low_hz': 700, 'freq_high_hz': 4700, 'power_thresh_percentile': 98, 'mdl_beta': 4.824378727557623}. Best is trial 78 with value: 0.494957547881154.
[I 2026-03-10 23:10:11,532] Trial 85 finished with value: 0.4676244378669788 and parameters: {'window_ms': 100, 'overlap': 0.9, 'freq_low_hz': 700, 'freq_high_hz': 3900, 'power_thresh_percentile': 91, 'mdl_beta': 7.15579167575592}. Best is trial 78 with value: 0.494957547881154.
[I 2026-03-10 23:10:30,613] Trial 87 finished with value: 0.46951215606065366 and parameters: {'window_ms': 90, 'overlap': 0.9, 'freq_low_hz': 700, 'freq_high_hz': 3800, 'power_thresh_percentile': 92, 'mdl_beta': 7.726828802447895}. Best is trial 78 with value: 0.494957547881154.
[I 2026-03-10 23:10:33,727] Trial 93 finished with value: 0.47877710401797696 and parameters: {'window_ms': 75, 'overlap': 0.8, 'freq_low_hz': 850, 'freq_high_hz': 3500, 'power_thresh_percentile': 95, 'mdl_beta': 6.656387610609058}. Best is trial 78 with value: 0.494957547881154.
[I 2026-03-10 23:10:37,163] Trial 83 finished with value: 0.48629009296857484 and parameters: {'window_ms': 100, 'overlap': 0.9, 'freq_low_hz': 750, 'freq_high_hz': 5800, 'power_thresh_percentile': 92, 'mdl_beta': 7.170533682537149}. Best is trial 78 with value: 0.494957547881154.
[I 2026-03-10 23:10:48,753] Trial 90 finished with value: 0.4677633517026281 and parameters: {'window_ms': 95, 'overlap': 0.9, 'freq_low_hz': 700, 'freq_high_hz': 4100, 'power_thresh_percentile': 93, 'mdl_beta': 7.703680169658265}. Best is trial 78 with value: 0.494957547881154.
[I 2026-03-10 23:10:51,622] Trial 92 finished with value: 0.48482258312575777 and parameters: {'window_ms': 90, 'overlap': 0.8, 'freq_low_hz': 850, 'freq_high_hz': 3600, 'power_thresh_percentile': 91, 'mdl_beta': 6.637861531108312}. Best is trial 78 with value: 0.494957547881154.
[I 2026-03-10 23:10:52,430] Trial 94 finished with value: 0.4855412336224715 and parameters: {'window_ms': 240, 'overlap': 0.65, 'freq_low_hz': 850, 'freq_high_hz': 3600, 'power_thresh_percentile': 91, 'mdl_beta': 6.650139895427427}. Best is trial 78 with value: 0.494957547881154.
[I 2026-03-10 23:10:59,965] Trial 89 finished with value: 0.46794044241072225 and parameters: {'window_ms': 80, 'overlap': 0.9, 'freq_low_hz': 700, 'freq_high_hz': 4100, 'power_thresh_percentile': 93, 'mdl_beta': 7.64410979583502}. Best is trial 78 with value: 0.494957547881154.
[I 2026-03-10 23:11:14,791] Trial 98 finished with value: 0.4723434696554527 and parameters: {'window_ms': 95, 'overlap': 0.65, 'freq_low_hz': 750, 'freq_high_hz': 5300, 'power_thresh_percentile': 96, 'mdl_beta': 2.9504181729211334}. Best is trial 78 with value: 0.494957547881154.
[I 2026-03-10 23:11:17,555] Trial 95 finished with value: 0.4781269010268138 and parameters: {'window_ms': 75, 'overlap': 0.8, 'freq_low_hz': 850, 'freq_high_hz': 5300, 'power_thresh_percentile': 95, 'mdl_beta': 6.182693936708328}. Best is trial 78 with value: 0.494957547881154.
[I 2026-03-10 23:11:20,430] Trial 97 finished with value: 0.4742269632495878 and parameters: {'window_ms': 45, 'overlap': 0.65, 'freq_low_hz': 600, 'freq_high_hz': 5300, 'power_thresh_percentile': 96, 'mdl_beta': 6.169563930457436}. Best is trial 78 with value: 0.494957547881154.
[I 2026-03-10 23:11:28,484] Trial 101 finished with value: 0.47735424097272977 and parameters: {'window_ms': 250, 'overlap': 0.65, 'freq_low_hz': 750, 'freq_high_hz': 5300, 'power_thresh_percentile': 97, 'mdl_beta': 7.484434021384492}. Best is trial 78 with value: 0.494957547881154.
[I 2026-03-10 23:11:29,779] Trial 99 finished with value: 0.4778132191489381 and parameters: {'window_ms': 235, 'overlap': 0.55, 'freq_low_hz': 750, 'freq_high_hz': 5300, 'power_thresh_percentile': 95, 'mdl_beta': 6.741885979988382}. Best is trial 78 with value: 0.494957547881154.
[I 2026-03-10 23:11:38,623] Trial 96 finished with value: 0.4781269010268138 and parameters: {'window_ms': 75, 'overlap': 0.8, 'freq_low_hz': 850, 'freq_high_hz': 5300, 'power_thresh_percentile': 95, 'mdl_beta': 6.209840537702833}. Best is trial 78 with value: 0.494957547881154.
[I 2026-03-10 23:11:39,122] Trial 102 finished with value: 0.47254656120118405 and parameters: {'window_ms': 105, 'overlap': 0.65, 'freq_low_hz': 650, 'freq_high_hz': 5500, 'power_thresh_percentile': 96, 'mdl_beta': 7.454886539526447}. Best is trial 78 with value: 0.494957547881154.
[I 2026-03-10 23:11:52,442] Trial 100 finished with value: 0.47915217305437446 and parameters: {'window_ms': 240, 'overlap': 0.8500000000000001, 'freq_low_hz': 750, 'freq_high_hz': 5300, 'power_thresh_percentile': 97, 'mdl_beta': 7.372828239311051}. Best is trial 78 with value: 0.494957547881154.
[I 2026-03-10 23:12:16,908] Trial 105 finished with value: 0.4782949763679924 and parameters: {'window_ms': 245, 'overlap': 0.55, 'freq_low_hz': 800, 'freq_high_hz': 5500, 'power_thresh_percentile': 90, 'mdl_beta': 3.3621682625216773}. Best is trial 78 with value: 0.494957547881154.
[I 2026-03-10 23:12:19,654] Trial 103 finished with value: 0.451403980710386 and parameters: {'window_ms': 250, 'overlap': 0.8, 'freq_low_hz': 100, 'freq_high_hz': 5500, 'power_thresh_percentile': 95, 'mdl_beta': 7.397042792496703}. Best is trial 78 with value: 0.494957547881154.
[I 2026-03-10 23:12:20,207] Trial 108 finished with value: 0.4780629872284462 and parameters: {'window_ms': 230, 'overlap': 0.6000000000000001, 'freq_low_hz': 800, 'freq_high_hz': 5000, 'power_thresh_percentile': 94, 'mdl_beta': 2.388500999645148}. Best is trial 78 with value: 0.494957547881154.
