[I 2026-03-10 23:13:20,509] Trial 115 finished with value: 0.4783227573530022 and parameters: {'window_ms': 130, 'overlap': 0.7, 'freq_low_hz': 900, 'freq_high_hz': 4800, 'power_thresh_percentile': 94, 'mdl_beta': 4.329049499014602}. Best is trial 78 with value: 0.494957547881154.
GMDA: Selected 1347 TF points.
GMDA: Selected 1347 TF points.
GMDA: Selected 1347 TF points.
GMDA: Selected 1347 TF points.
GMDA: Selected 1347 TF points.
GMDA: Selected 1347 TF points.
GMDA: Selected 1347 TF points.
GMDA: Selected 1347 TF points.
GMDA: Selected 1347 TF points.
GMDA: Selected 1347 TF points.
GMDA: Selected 1347 TF points.
GMDA: Selected 1347 TF points.
GMDA: Selected 1347 TF points.
GMDA: Selected 1347 TF points.
GMDA: Selected 1347 TF points.
GMDA: Selected 1347 TF points.
GMDA: Selected 6071 TF points.
GMDA: Selected 6071 TF points.
GMDA: Selected 6071 TF points.
GMDA: Selected 6071 TF points.
GMDA: Selected 6071 TF points.
GMDA: Selected 6071 TF points.
GMDA: Selected 6071 TF points.
GMDA: Selected 6071 TF points.
GMDA: Selected 6071 TF points.
GMDA: Selected 6071 TF points.
GMDA: Selected 6071 TF points.
GMDA: Selected 6071 TF points.
GMDA: Selected 6071 TF points.
GMDA: Selected 6071 TF points.
GMDA: Selected 6071 TF points.
GMDA: Selected 6071 TF points.
GMDA: Selected 9753 TF points.
GMDA: Selected 9753 TF points.
GMDA: Selected 9753 TF points.
GMDA: Selected 9753 TF points.
GMDA: Selected 9753 TF points.
GMDA: Selected 9753 TF points.
GMDA: Selected 9753 TF points.
GMDA: Selected 9753 TF points.
GMDA: Selected 9753 TF points.
GMDA: Selected 9753 TF points.
GMDA: Selected 9753 TF points.
GMDA: Selected 9753 TF points.
GMDA: Selected 9753 TF points.
GMDA: Selected 9753 TF points.
GMDA: Selected 9753 TF points.
GMDA: Selected 9753 TF points.
GMDA: Selected 17440 TF points.
GMDA: Selected 17440 TF points.
GMDA: Selected 17440 TF points.
GMDA: Selected 17440 TF points.
GMDA: Selected 17440 TF points.
GMDA: Selected 17440 TF points.
GMDA: Selected 17440 TF points.
GMDA: Selected 17440 TF points.
GMDA: Selected 17440 TF points.
GMDA: Selected 17440 TF points.
GMDA: Selected 17440 TF points.
GMDA: Selected 17440 TF points.
GMDA: Selected 17440 TF points.
GMDA: Selected 17440 TF points.
GMDA: Selected 17440 TF points.
GMDA: Selected 17440 TF points.
GMDA: Selected 16950 TF points.
GMDA: Selected 16950 TF points.
GMDA: Selected 16950 TF points.
GMDA: Selected 16950 TF points.
GMDA: Selected 16950 TF points.
GMDA: Selected 16950 TF points.
GMDA: Selected 16950 TF points.
GMDA: Selected 16950 TF points.
GMDA: Selected 16950 TF points.
GMDA: Selected 16950 TF points.
GMDA: Selected 16950 TF points.
GMDA: Selected 16950 TF points.
GMDA: Selected 16950 TF points.
GMDA: Selected 16950 TF points.
GMDA: Selected 16950 TF points.
GMDA: Selected 16950 TF points.
GMDA: Selected 16148 TF points.
GMDA: Selected 16148 TF points.
GMDA: Selected 16148 TF points.
GMDA: Selected 16148 TF points.
GMDA: Selected 16148 TF points.
GMDA: Selected 16148 TF points.
GMDA: Selected 16148 TF points.
GMDA: Selected 16148 TF points.
GMDA: Selected 16148 TF points.
GMDA: Selected 16148 TF points.
GMDA: Selected 16148 TF points.
GMDA: Selected 16148 TF points.
GMDA: Selected 16148 TF points.
GMDA: Selected 16148 TF points.
GMDA: Selected 16148 TF points.
GMDA: Selected 16148 TF points.
GMDA: Selected 3200 TF points.
GMDA: Selected 3200 TF points.
GMDA: Selected 3200 TF points.
GMDA: Selected 3200 TF points.
GMDA: Selected 3200 TF points.
GMDA: Selected 3200 TF points.
GMDA: Selected 3200 TF points.
GMDA: Selected 3200 TF points.
GMDA: Selected 3200 TF points.
GMDA: Selected 3200 TF points.
GMDA: Selected 3200 TF points.
GMDA: Selected 3200 TF points.
GMDA: Selected 3200 TF points.
GMDA: Selected 3200 TF points.
GMDA: Selected 3200 TF points.
GMDA: Selected 3200 TF points.
GMDA: Selected 19652 TF points.
GMDA: Selected 19652 TF points.
GMDA: Selected 19652 TF points.
GMDA: Selected 19652 TF points.
GMDA: Selected 19652 TF points.
GMDA: Selected 19652 TF points.
GMDA: Selected 19652 TF points.
GMDA: Selected 19652 TF points.
GMDA: Selected 19652 TF points.
GMDA: Selected 19652 TF points.
GMDA: Selected 19652 TF points.
GMDA: Selected 19652 TF points.
GMDA: Selected 19652 TF points.
GMDA: Selected 19652 TF points.
GMDA: Selected 19652 TF points.
GMDA: Selected 19652 TF points.
GMDA: Selected 45058 TF points.
GMDA: Selected 45058 TF points.
GMDA: Selected 45058 TF points.
GMDA: Selected 45058 TF points.
GMDA: Selected 45058 TF points.
GMDA: Selected 45058 TF points.
GMDA: Selected 45058 TF points.
GMDA: Selected 45058 TF points.
GMDA: Selected 45058 TF points.
GMDA: Selected 45058 TF points.
GMDA: Selected 45058 TF points.
GMDA: Selected 45058 TF points.
GMDA: Selected 45058 TF points.
GMDA: Selected 45058 TF points.
GMDA: Selected 45058 TF points.
GMDA: Selected 45058 TF points.
GMDA: Selected 4914 TF points.
GMDA: Selected 4914 TF points.
GMDA: Selected 4914 TF points.
GMDA: Selected 4914 TF points.
GMDA: Selected 4914 TF points.
GMDA: Selected 4914 TF points.
GMDA: Selected 4914 TF points.
GMDA: Selected 4914 TF points.
GMDA: Selected 4914 TF points.
GMDA: Selected 4914 TF points.
GMDA: Selected 4914 TF points.
GMDA: Selected 4914 TF points.
GMDA: Selected 4914 TF points.
GMDA: Selected 4914 TF points.
GMDA: Selected 4914 TF points.
GMDA: Selected 4914 TF points.
GMDA: Selected 18053 TF points.
GMDA: Selected 18053 TF points.
GMDA: Selected 18053 TF points.
GMDA: Selected 18053 TF points.
GMDA: Selected 18053 TF points.
GMDA: Selected 18053 TF points.
GMDA: Selected 18053 TF points.
GMDA: Selected 18053 TF points.
GMDA: Selected 18053 TF points.
GMDA: Selected 18053 TF points.
GMDA: Selected 18053 TF points.
GMDA: Selected 18053 TF points.
GMDA: Selected 18053 TF points.
GMDA: Selected 18053 TF points.
GMDA: Selected 18053 TF points.
GMDA: Selected 18053 TF points.
GMDA: Selected 52325 TF points.
GMDA: Selected 52325 TF points.
GMDA: Selected 52325 TF points.
GMDA: Selected 52325 TF points.
GMDA: Selected 52325 TF points.
GMDA: Selected 52325 TF points.
GMDA: Selected 52325 TF points.
GMDA: Selected 52325 TF points.
GMDA: Selected 52325 TF points.
GMDA: Selected 52325 TF points.
GMDA: Selected 52325 TF points.
GMDA: Selected 52325 TF points.
GMDA: Selected 52325 TF points.
GMDA: Selected 52325 TF points.
GMDA: Selected 52325 TF points.
GMDA: Selected 52325 TF points.
GMDA: Selected 23831 TF points.
GMDA: Selected 23831 TF points.
GMDA: Selected 23831 TF points.
GMDA: Selected 23831 TF points.
GMDA: Selected 23831 TF points.
GMDA: Selected 23831 TF points.
GMDA: Selected 23831 TF points.
GMDA: Selected 23831 TF points.
GMDA: Selected 23831 TF points.
GMDA: Selected 23831 TF points.
GMDA: Selected 23831 TF points.
GMDA: Selected 23831 TF points.
GMDA: Selected 23831 TF points.
GMDA: Selected 23831 TF points.
GMDA: Selected 23831 TF points.
GMDA: Selected 23831 TF points.
GMDA: Selected 5132 TF points.
GMDA: Selected 5132 TF points.
GMDA: Selected 5132 TF points.
GMDA: Selected 5132 TF points.
GMDA: Selected 5132 TF points.
GMDA: Selected 5132 TF points.
GMDA: Selected 5132 TF points.
GMDA: Selected 5132 TF points.
GMDA: Selected 5132 TF points.
GMDA: Selected 5132 TF points.
GMDA: Selected 5132 TF points.
GMDA: Selected 5132 TF points.
GMDA: Selected 5132 TF points.
GMDA: Selected 5132 TF points.
GMDA: Selected 5132 TF points.
GMDA: Selected 5132 TF points.
GMDA: Selected 13024 TF points.
GMDA: Selected 13024 TF points.
GMDA: Selected 13024 TF points.
GMDA: Selected 13024 TF points.
GMDA: Selected 13024 TF points.
GMDA: Selected 13024 TF points.
GMDA: Selected 13024 TF points.
GMDA: Selected 13024 TF points.
GMDA: Selected 13024 TF points.
GMDA: Selected 13024 TF points.
GMDA: Selected 13024 TF points.
GMDA: Selected 13024 TF points.
GMDA: Selected 13024 TF points.
GMDA: Selected 13024 TF points.
GMDA: Selected 13024 TF points.
GMDA: Selected 13024 TF points.
GMDA: Selected 7849 TF points.
GMDA: Selected 7849 TF points.
GMDA: Selected 7849 TF points.
GMDA: Selected 7849 TF points.
GMDA: Selected 7849 TF points.
GMDA: Selected 7849 TF points.
GMDA: Selected 7849 TF points.
GMDA: Selected 7849 TF points.
GMDA: Selected 7849 TF points.
GMDA: Selected 7849 TF points.
GMDA: Selected 7849 TF points.
GMDA: Selected 7849 TF points.
GMDA: Selected 7849 TF points.
GMDA: Selected 7849 TF points.
GMDA: Selected 7849 TF points.
GMDA: Selected 7849 TF points.
GMDA: Selected 3194 TF points.
GMDA: Selected 3194 TF points.
GMDA: Selected 3194 TF points.
GMDA: Selected 3194 TF points.[I 2026-03-10 23:13:28,965] Trial 119 finished with value: 0.48596214456402864 and parameters: {'window_ms': 130, 'overlap': 0.6000000000000001, 'freq_low_hz': 1000, 'freq_high_hz': 5700, 'power_thresh_percentile': 98, 'mdl_beta': 6.865128731063694}. Best is trial 78 with value: 0.494957547881154.
[I 2026-03-10 23:13:41,011] Trial 120 finished with value: 0.47867494335894534 and parameters: {'window_ms': 140, 'overlap': 0.7, 'freq_low_hz': 900, 'freq_high_hz': 5800, 'power_thresh_percentile': 98, 'mdl_beta': 6.539362781265351}. Best is trial 78 with value: 0.494957547881154.
[I 2026-03-10 23:13:44,872] Trial 121 finished with value: 0.48656492924430395 and parameters: {'window_ms': 130, 'overlap': 0.7, 'freq_low_hz': 900, 'freq_high_hz': 4600, 'power_thresh_percentile': 97, 'mdl_beta': 6.8824703781892325}. Best is trial 78 with value: 0.494957547881154.
[I 2026-03-10 23:13:46,051] Trial 122 finished with value: 0.4778182032053931 and parameters: {'window_ms': 220, 'overlap': 0.7, 'freq_low_hz': 1100, 'freq_high_hz': 5800, 'power_thresh_percentile': 98, 'mdl_beta': 4.319794995958975}. Best is trial 78 with value: 0.494957547881154.
[I 2026-03-10 23:13:47,801] Trial 123 finished with value: 0.4791622461428014 and parameters: {'window_ms': 210, 'overlap': 0.7, 'freq_low_hz': 950, 'freq_high_hz': 5700, 'power_thresh_percentile': 98, 'mdl_beta': 6.58013879464468}. Best is trial 78 with value: 0.494957547881154.
GMDA: Selected 741 TF points.
GMDA: Selected 741 TF points.
GMDA: Selected 741 TF points.
GMDA: Selected 741 TF points.
GMDA: Selected 741 TF points.
GMDA: Selected 741 TF points.
GMDA: Selected 741 TF points.
GMDA: Selected 741 TF points.
GMDA: Selected 741 TF points.
GMDA: Selected 741 TF points.
GMDA: Selected 741 TF points.
GMDA: Selected 741 TF points.
GMDA: Selected 741 TF points.
GMDA: Selected 741 TF points.
GMDA: Selected 741 TF points.
GMDA: Selected 741 TF points.
GMDA: Selected 12390 TF points.
GMDA: Selected 12390 TF points.
GMDA: Selected 12390 TF points.
GMDA: Selected 12390 TF points.
GMDA: Selected 12390 TF points.
GMDA: Selected 12390 TF points.
GMDA: Selected 12390 TF points.
GMDA: Selected 12390 TF points.
GMDA: Selected 12390 TF points.
GMDA: Selected 12390 TF points.
GMDA: Selected 12390 TF points.
GMDA: Selected 12390 TF points.
GMDA: Selected 12390 TF points.
GMDA: Selected 12390 TF points.
GMDA: Selected 12390 TF points.
GMDA: Selected 12390 TF points.
GMDA: Selected 46340 TF points.
GMDA: Selected 46340 TF points.
GMDA: Selected 46340 TF points.
GMDA: Selected 46340 TF points.
GMDA: Selected 46340 TF points.
GMDA: Selected 46340 TF points.
GMDA: Selected 46340 TF points.
GMDA: Selected 46340 TF points.
GMDA: Selected 46340 TF points.
GMDA: Selected 46340 TF points.
GMDA: Selected 46340 TF points.
GMDA: Selected 46340 TF points.
GMDA: Selected 46340 TF points.
GMDA: Selected 46340 TF points.
GMDA: Selected 46340 TF points.
GMDA: Selected 46340 TF points.
GMDA: Selected 6675 TF points.
GMDA: Selected 6675 TF points.
GMDA: Selected 6675 TF points.
GMDA: Selected 6675 TF points.
GMDA: Selected 6675 TF points.
GMDA: Selected 6675 TF points.
GMDA: Selected 6675 TF points.
GMDA: Selected 6675 TF points.
GMDA: Selected 6675 TF points.
GMDA: Selected 6675 TF points.
GMDA: Selected 6675 TF points.
GMDA: Selected 6675 TF points.
GMDA: Selected 6675 TF points.
GMDA: Selected 6675 TF points.
GMDA: Selected 6675 TF points.
GMDA: Selected 6675 TF points.
GMDA: Selected 28375 TF points.
GMDA: Selected 28375 TF points.
GMDA: Selected 28375 TF points.
GMDA: Selected 28375 TF points.
GMDA: Selected 28375 TF points.
GMDA: Selected 28375 TF points.
GMDA: Selected 28375 TF points.
GMDA: Selected 28375 TF points.
GMDA: Selected 28375 TF points.
GMDA: Selected 28375 TF points.
GMDA: Selected 28375 TF points.
GMDA: Selected 28375 TF points.
GMDA: Selected 28375 TF points.
GMDA: Selected 28375 TF points.
GMDA: Selected 28375 TF points.
GMDA: Selected 28375 TF points.
GMDA: Selected 3776 TF points.
GMDA: Selected 3776 TF points.
GMDA: Selected 3776 TF points.
GMDA: Selected 3776 TF points.
GMDA: Selected 3776 TF points.
GMDA: Selected 3776 TF points.
GMDA: Selected 3776 TF points.
GMDA: Selected 3776 TF points.
GMDA: Selected 3776 TF points.
GMDA: Selected 3776 TF points.
GMDA: Selected 3776 TF points.
GMDA: Selected 3776 TF points.
GMDA: Selected 3776 TF points.
GMDA: Selected 3776 TF points.
GMDA: Selected 3776 TF points.
GMDA: Selected 3776 TF points.
GMDA: Selected 69992 TF points.
GMDA: Selected 69992 TF points.
GMDA: Selected 69992 TF points.
GMDA: Selected 69992 TF points.
GMDA: Selected 69992 TF points.
GMDA: Selected 69992 TF points.
GMDA: Selected 69992 TF points.
GMDA: Selected 69992 TF points.
GMDA: Selected 69992 TF points.
GMDA: Selected 69992 TF points.
GMDA: Selected 69992 TF points.
GMDA: Selected 69992 TF points.
GMDA: Selected 69992 TF points.
GMDA: Selected 69992 TF points.
GMDA: Selected 69992 TF points.
GMDA: Selected 69992 TF points.
GMDA: Selected 7738 TF points.
GMDA: Selected 7738 TF points.
GMDA: Selected 7738 TF points.
GMDA: Selected 7738 TF points.
GMDA: Selected 7738 TF points.
GMDA: Selected 7738 TF points.
GMDA: Selected 7738 TF points.
GMDA: Selected 7738 TF points.
GMDA: Selected 7738 TF points.
GMDA: Selected 7738 TF points.
GMDA: Selected 7738 TF points.
GMDA: Selected 7738 TF points.
GMDA: Selected 7738 TF points.
GMDA: Selected 7738 TF points.
GMDA: Selected 7738 TF points.
GMDA: Selected 7738 TF points.
GMDA: Selected 11391 TF points.
GMDA: Selected 11391 TF points.
GMDA: Selected 11391 TF points.
GMDA: Selected 11391 TF points.
GMDA: Selected 11391 TF points.
GMDA: Selected 11391 TF points.
GMDA: Selected 11391 TF points.
GMDA: Selected 11391 TF points.
GMDA: Selected 11391 TF points.
GMDA: Selected 11391 TF points.
GMDA: Selected 11391 TF points.
GMDA: Selected 11391 TF points.
GMDA: Selected 11391 TF points.
GMDA: Selected 11391 TF points.
GMDA: Selected 11391 TF points.
GMDA: Selected 11391 TF points.
GMDA: Selected 25259 TF points.
GMDA: Selected 25259 TF points.
GMDA: Selected 25259 TF points.
GMDA: Selected 25259 TF points.
GMDA: Selected 25259 TF points.
GMDA: Selected 25259 TF points.
GMDA: Selected 25259 TF points.
GMDA: Selected 25259 TF points.
GMDA: Selected 25259 TF points.
GMDA: Selected 25259 TF points.
GMDA: Selected 25259 TF points.
GMDA: Selected 25259 TF points.
GMDA: Selected 25259 TF points.
GMDA: Selected 25259 TF points.
GMDA: Selected 25259 TF points.
GMDA: Selected 25259 TF points.
GMDA: Selected 10249 TF points.
GMDA: Selected 10249 TF points.
GMDA: Selected 10249 TF points.
GMDA: Selected 10249 TF points.
GMDA: Selected 10249 TF points.
GMDA: Selected 10249 TF points.
GMDA: Selected 10249 TF points.
GMDA: Selected 10249 TF points.
GMDA: Selected 10249 TF points.
GMDA: Selected 10249 TF points.
GMDA: Selected 10249 TF points.
GMDA: Selected 10249 TF points.
GMDA: Selected 10249 TF points.
GMDA: Selected 10249 TF points.
GMDA: Selected 10249 TF points.
GMDA: Selected 10249 TF points.
GMDA: Selected 12433 TF points.
GMDA: Selected 12433 TF points.
GMDA: Selected 12433 TF points.
GMDA: Selected 12433 TF points.
GMDA: Selected 12433 TF points.
GMDA: Selected 12433 TF points.
GMDA: Selected 12433 TF points.
GMDA: Selected 12433 TF points.
GMDA: Selected 12433 TF points.
GMDA: Selected 12433 TF points.
GMDA: Selected 12433 TF points.
GMDA: Selected 12433 TF points.
GMDA: Selected 12433 TF points.
GMDA: Selected 12433 TF points.
GMDA: Selected 12433 TF points.
GMDA: Selected 12433 TF points.
GMDA: Selected 9149 TF points.
GMDA: Selected 9149 TF points.
GMDA: Selected 9149 TF points.
GMDA: Selected 9149 TF points.
GMDA: Selected 9149 TF points.
GMDA: Selected 9149 TF points.
GMDA: Selected 9149 TF points.
GMDA: Selected 9149 TF points.
GMDA: Selected 9149 TF points.
GMDA: Selected 9149 TF points.
GMDA: Selected 9149 TF points.
GMDA: Selected 9149 TF points.
GMDA: Selected 9149 TF points.
GMDA: Selected 9149 TF points.
GMDA: Selected 9149 TF points.
GMDA: Selected 9149 TF points.
GMDA: Selected 11107 TF points.
GMDA: Selected 11107 TF points.
GMDA: Selected 11107 TF points.
GMDA: Selected 11107 TF points.
GMDA: Selected 11107 TF points.
GMDA: Selected 11107 TF points.
GMDA: Selected 11107 TF points.
GMDA: Selected 11107 TF points.
GMDA: Selected 11107 TF points.
GMDA: Selected 11107 TF points.
GMDA: Selected 11107 TF points.
GMDA: Selected 11107 TF points.
GMDA: Selected 11107 TF points.
GMDA: Selected 11107 TF points.
GMDA: Selected 11107 TF points.
GMDA: Selected 11107 TF points.
GMDA: Selected 2534 TF points.
GMDA: Selected 2534 TF points.
GMDA: Selected 2534 TF points.
GMDA: Selected 2534 TF points.
GMDA: Selected 2534 TF points.
GMDA: Selected 2534 TF points.
GMDA: Selected 2534 TF points.
GMDA: Selected 2534 TF points.
GMDA: Selected 2534 TF points.
GMDA: Selected 2534 TF points.
GMDA: Selected 2534 TF points.
GMDA: Selected 2534 TF points.
GMDA: Selected 2534 TF points.
GMDA: Selected 2534 TF points.
GMDA: Selected 2534 TF points.
GMDA: Selected 2534 TF points.
GMDA: Selected 3723 TF points.
GMDA: Selected 3723 TF points.
GMDA: Selected 3723 TF points.
GMDA: Selected 3723 TF points.
GMDA: Selected 3723 TF points.
GMDA: Selected 3723 TF points.
GMDA: Selected 3723 TF points.
GMDA: Selected 3723 TF points.
GMDA: Selected 3723 TF points.
GMDA: Selected 3723 TF points.
GMDA: Selected 3723 TF points.
GMDA: Selected 3723 TF points.
GMDA: Selected 3723 TF points.
GMDA: Selected 3723 TF points.
GMDA: Selected 3723 TF points.
GMDA: Selected 3723 TF points.
GMDA: Selected 2767 TF points.
GMDA: Selected 2767 TF points.
GMDA: Selected 2767 TF points.
GMDA: Selected 2767 TF points.
GMDA: Selected 2767 TF points.[I 2026-03-10 23:13:52,872] Trial 124 finished with value: 0.47748383521238646 and parameters: {'window_ms': 125, 'overlap': 0.55, 'freq_low_hz': 1050, 'freq_high_hz': 5700, 'power_thresh_percentile': 98, 'mdl_beta': 6.905949884881677}. Best is trial 78 with value: 0.494957547881154.
[I 2026-03-10 23:14:07,058] Trial 125 finished with value: 0.47800380088140776 and parameters: {'window_ms': 125, 'overlap': 0.65, 'freq_low_hz': 1050, 'freq_high_hz': 5700, 'power_thresh_percentile': 98, 'mdl_beta': 6.82747766937383}. Best is trial 78 with value: 0.494957547881154.
[I 2026-03-10 23:14:10,907] Trial 126 finished with value: 0.4860972196795193 and parameters: {'window_ms': 220, 'overlap': 0.65, 'freq_low_hz': 1100, 'freq_high_hz': 5900, 'power_thresh_percentile': 98, 'mdl_beta': 6.8519227163284135}. Best is trial 78 with value: 0.494957547881154.
[I 2026-03-10 23:14:15,716] Trial 127 finished with value: 0.47020791409850654 and parameters: {'window_ms': 115, 'overlap': 0.65, 'freq_low_hz': 1000, 'freq_high_hz': 5700, 'power_thresh_percentile': 97, 'mdl_beta': 6.574875287062068}. Best is trial 78 with value: 0.494957547881154.
