[I 2026-03-10 23:59:05,312] Trial 377 finished with value: 0.46136490408388026 and parameters: {'window_ms': 225, 'overlap': 0.9, 'freq_low_hz': 1100, 'freq_high_hz': 4300, 'power_thresh_percentile': 77, 'mdl_beta': 3.293692411665706}. Best is trial 268 with value: 0.4966994657406606.

GMDA: Selected 5913 TF points.
GMDA: Selected 5913 TF points.
GMDA: Selected 5913 TF points.
GMDA: Selected 5913 TF points.
GMDA: Selected 5913 TF points.
GMDA: Selected 5913 TF points.
GMDA: Selected 5913 TF points.
GMDA: Selected 5913 TF points.
GMDA: Selected 5913 TF points.
GMDA: Selected 2109 TF points.
GMDA: Selected 2109 TF points.
GMDA: Selected 2109 TF points.
GMDA: Selected 2109 TF points.
GMDA: Selected 2109 TF points.
GMDA: Selected 2109 TF points.
GMDA: Selected 2109 TF points.
GMDA: Selected 2109 TF points.
GMDA: Selected 2109 TF points.
GMDA: Selected 2109 TF points.
GMDA: Selected 2109 TF points.
GMDA: Selected 2109 TF points.
GMDA: Selected 2109 TF points.
GMDA: Selected 2109 TF points.
GMDA: Selected 2109 TF points.
GMDA: Selected 2109 TF points.
GMDA: Selected 14547 TF points.
GMDA: Selected 14547 TF points.
GMDA: Selected 14547 TF points.
GMDA: Selected 14547 TF points.
GMDA: Selected 14547 TF points.
GMDA: Selected 14547 TF points.
GMDA: Selected 14547 TF points.
GMDA: Selected 14547 TF points.
GMDA: Selected 14547 TF points.
GMDA: Selected 14547 TF points.
GMDA: Selected 14547 TF points.
GMDA: Selected 14547 TF points.
GMDA: Selected 14547 TF points.
GMDA: Selected 14547 TF points.
GMDA: Selected 14547 TF points.
GMDA: Selected 14547 TF points.
GMDA: Selected 49661 TF points.
GMDA: Selected 49661 TF points.
GMDA: Selected 49661 TF points.
GMDA: Selected 49661 TF points.
GMDA: Selected 49661 TF points.
GMDA: Selected 49661 TF points.
GMDA: Selected 49661 TF points.
GMDA: Selected 49661 TF points.
GMDA: Selected 49661 TF points.
GMDA: Selected 49661 TF points.
GMDA: Selected 49661 TF points.
GMDA: Selected 49661 TF points.
GMDA: Selected 49661 TF points.
GMDA: Selected 49661 TF points.
GMDA: Selected 49661 TF points.
GMDA: Selected 49661 TF points.

GMDA: Selected 18679 TF points.
GMDA: Selected 15992 TF points.
GMDA: Selected 15992 TF points.
GMDA: Selected 15992 TF points.
GMDA: Selected 15992 TF points.
GMDA: Selected 15992 TF points.
GMDA: Selected 15992 TF points.
GMDA: Selected 15992 TF points.
GMDA: Selected 15992 TF points.
GMDA: Selected 15992 TF points.
GMDA: Selected 15992 TF points.
GMDA: Selected 15992 TF points.
GMDA: Selected 15992 TF points.
GMDA: Selected 15992 TF points.
GMDA: Selected 15992 TF points.
GMDA: Selected 15992 TF points.
GMDA: Selected 15992 TF points.
GMDA: Selected 6635 TF points.
GMDA: Selected 6635 TF points.
GMDA: Selected 6635 TF points.
GMDA: Selected 6635 TF points.
GMDA: Selected 6635 TF points.
GMDA: Selected 6635 TF points.
GMDA: Selected 6635 TF points.
GMDA: Selected 6635 TF points.
GMDA: Selected 6635 TF points.
GMDA: Selected 6635 TF points.
GMDA: Selected 6635 TF points.
GMDA: Selected 6635 TF points.
GMDA: Selected 6635 TF points.
GMDA: Selected 6635 TF points.
GMDA: Selected 6635 TF points.
GMDA: Selected 6635 TF points.
GMDA: Selected 4979 TF points.
GMDA: Selected 4979 TF points.
GMDA: Selected 4979 TF points.
GMDA: Selected 4979 TF points.
GMDA: Selected 4979 TF points.
GMDA: Selected 4979 TF points.
GMDA: Selected 4979 TF points.
GMDA: Selected 4979 TF points.
GMDA: Selected 4979 TF points.
GMDA: Selected 4979 TF points.
GMDA: Selected 4979 TF points.
GMDA: Selected 4979 TF points.
GMDA: Selected 4979 TF points.
GMDA: Selected 4979 TF points.
GMDA: Selected 4979 TF points.
GMDA: Selected 4979 TF points.
GMDA: Selected 17571 TF points.
GMDA: Selected 17571 TF points.
GMDA: Selected 17571 TF points.
GMDA: Selected 17571 TF points.
GMDA: Selected 17571 TF points.
GMDA: Selected 17571 TF points.
GMDA: Selected 17571 TF points.
GMDA: Selected 17571 TF points.
GMDA: Selected 17571 TF points.
GMDA: Selected 17571 TF points.
GMDA: Selected 17571 TF points.
GMDA: Selected 17571 TF points.
GMDA: Selected 17571 TF points.
GMDA: Selected 17571 TF points.
GMDA: Selected 17571 TF points.
GMDA: Selected 17571 TF points.
GMDA: Selected 8437 TF points.
GMDA: Selected 8437 TF points.
GMDA: Selected 8437 TF points.
GMDA: Selected 8437 TF points.
GMDA: Selected 8437 TF points.
GMDA: Selected 8437 TF points.
GMDA: Selected 8437 TF points.
GMDA: Selected 8437 TF points.
GMDA: Selected 8437 TF points.
GMDA: Selected 8437 TF points.
GMDA: Selected 8437 TF points.
GMDA: Selected 8437 TF points.
GMDA: Selected 8437 TF points.
GMDA: Selected 8437 TF points.
GMDA: Selected 8437 TF points.
GMDA: Selected 8437 TF points.
GMDA: Selected 5430 TF points.
GMDA: Selected 5430 TF points.
GMDA: Selected 5430 TF points.
GMDA: Selected 5430 TF points.
GMDA: Selected 5430 TF points.
GMDA: Selected 5430 TF points.
GMDA: Selected 5430 TF points.
GMDA: Selected 5430 TF points.
GMDA: Selected 5430 TF points.
GMDA: Selected 5430 TF points.
GMDA: Selected 5430 TF points.
GMDA: Selected 5430 TF points.
GMDA: Selected 5430 TF points.
GMDA: Selected 5430 TF points.
GMDA: Selected 5430 TF points.
GMDA: Selected 5430 TF points.
GMDA: Selected 11236 TF points.
GMDA: Selected 11236 TF points.
GMDA: Selected 11236 TF points.
GMDA: Selected 11236 TF points.
GMDA: Selected 11236 TF points.
GMDA: Selected 11236 TF points.
GMDA: Selected 11236 TF points.
GMDA: Selected 11236 TF points.
GMDA: Selected 11236 TF points.
GMDA: Selected 11236 TF points.
GMDA: Selected 11236 TF points.
GMDA: Selected 11236 TF points.
GMDA: Selected 11236 TF points.
GMDA: Selected 11236 TF points.
GMDA: Selected 11236 TF points.
GMDA: Selected 11236 TF points.
GMDA: Selected 14570 TF points.
GMDA: Selected 14570 TF points.
GMDA: Selected 14570 TF points.
GMDA: Selected 14570 TF points.
GMDA: Selected 14570 TF points.
GMDA: Selected 14570 TF points.
GMDA: Selected 14570 TF points.
GMDA: Selected 14570 TF points.
GMDA: Selected 14570 TF points.
GMDA: Selected 14570 TF points.
GMDA: Selected 14570 TF points.
GMDA: Selected 14570 TF points.
GMDA: Selected 14570 TF points.
GMDA: Selected 14570 TF points.
GMDA: Selected 14570 TF points.
GMDA: Selected 14570 TF points.
GMDA: Selected 11461 TF points.
GMDA: Selected 11461 TF points.
GMDA: Selected 11461 TF points.
GMDA: Selected 11461 TF points.
GMDA: Selected 11461 TF points.
GMDA: Selected 11461 TF points.
GMDA: Selected 11461 TF points.
GMDA: Selected 11461 TF points.
GMDA: Selected 11461 TF points.
GMDA: Selected 11461 TF points.
GMDA: Selected 11461 TF points.
GMDA: Selected 11461 TF points.
GMDA: Selected 11461 TF points.
GMDA: Selected 11461 TF points.
GMDA: Selected 11461 TF points.
GMDA: Selected 11461 TF points.
GMDA: Selected 3211 TF points.
GMDA: Selected 3211 TF points.
GMDA: Selected 3211 TF points.
GMDA: Selected 3211 TF points.
GMDA: Selected 3211 TF points.
GMDA: Selected 3211 TF points.
GMDA: Selected 3211 TF points.
GMDA: Selected 3211 TF points.
GMDA: Selected 3211 TF points.
GMDA: Selected 3211 TF points.
GMDA: Selected 3211 TF points.
GMDA: Selected 3211 TF points.
GMDA: Selected 3211 TF points.
GMDA: Selected 3211 TF points.
GMDA: Selected 3211 TF points.
GMDA: Selected 3211 TF points.
GMDA: Selected 8439 TF points.
GMDA: Selected 8439 TF points.
GMDA: Selected 8439 TF points.
GMDA: Selected 8439 TF points.
GMDA: Selected 8439 TF points.
GMDA: Selected 8439 TF points.
GMDA: Selected 8439 TF points.
GMDA: Selected 8439 TF points.
GMDA: Selected 8439 TF points.
GMDA: Selected 8439 TF points.
GMDA: Selected 8439 TF points.
GMDA: Selected 8439 TF points.
GMDA: Selected 8439 TF points.
GMDA: Selected 8439 TF points.
GMDA: Selected 8439 TF points.
GMDA: Selected 8439 TF points.
GMDA: Selected 12845 TF points.
GMDA: Selected 12845 TF points.
GMDA: Selected 12845 TF points.
GMDA: Selected 12845 TF points.
GMDA: Selected 12845 TF points.
GMDA: Selected 12845 TF points.
GMDA: Selected 12845 TF points.
GMDA: Selected 12845 TF points.
GMDA: Selected 12845 TF points.
GMDA: Selected 12845 TF points.
GMDA: Selected 12845 TF points.
GMDA: Selected 12845 TF points.
GMDA: Selected 12845 TF points.
GMDA: Selected 12845 TF points.
GMDA: Selected 12845 TF points.
GMDA: Selected 12845 TF points.

GMDA: Selected 19280 TF points.
GMDA: Selected 19280 TF points.
GMDA: Selected 19280 TF points.
GMDA: Selected 19280 TF points.
GMDA: Selected 19280 TF points.
GMDA: Selected 19280 TF points.
GMDA: Selected 19280 TF points.
GMDA: Selected 19280 TF points.
GMDA: Selected 19280 TF points.
GMDA: Selected 19280 TF points.
GMDA: Selected 15074 TF points.
GMDA: Selected 15074 TF points.
GMDA: Selected 15074 TF points.
GMDA: Selected 15074 TF points.
GMDA: Selected 15074 TF points.
GMDA: Selected 15074 TF points.
GMDA: Selected 15074 TF points.
GMDA: Selected 15074 TF points.
GMDA: Selected 15074 TF points.
GMDA: Selected 15074 TF points.
GMDA: Selected 15074 TF points.
GMDA: Selected 15074 TF points.
GMDA: Selected 15074 TF points.
GMDA: Selected 15074 TF points.
GMDA: Selected 15074 TF points.
GMDA: Selected 15074 TF points.
GMDA: Selected 123975 TF points.
GMDA: Selected 123975 TF points.
GMDA: Selected 123975 TF points.
GMDA: Selected 123975 TF points.
GMDA: Selected 123975 TF points.
GMDA: Selected 123975 TF points.
GMDA: Selected 123975 TF points.
GMDA: Selected 123975 TF points.
GMDA: Selected 123975 TF points.
GMDA: Selected 123975 TF points.
GMDA: Selected 123975 TF points.
GMDA: Selected 123975 TF points.
GMDA: Selected 123975 TF points.
GMDA: Selected 123975 TF points.
GMDA: Selected 123975 TF points.
GMDA: Selected 123975 TF points.
GMDA: Selected 20339 TF points.
GMDA: Selected 20339 TF points.
GMDA: Selected 20339 TF points.
GMDA: Selected 20339 TF points.
GMDA: Selected 20339 TF points.
GMDA: Selected 20339 TF points.
GMDA: Selected 20339 TF points.
GMDA: Selected 20339 TF points.
GMDA: Selected 20339 TF points.
GMDA: Selected 20339 TF points.
GMDA: Selected 20339 TF points.
GMDA: Selected 20339 TF points.
GMDA: Selected 20339 TF points.
GMDA: Selected 20339 TF points.
GMDA: Selected 20339 TF points.
GMDA: Selected 20339 TF points.
GMDA: Selected 9039 TF points.
GMDA: Selected 9039 TF points.
GMDA: Selected 9039 TF points.
GMDA: Selected 9039 TF points.
GMDA: Selected 9039 TF points.
GMDA: Selected 9039 TF points.
GMDA: Selected 9039 TF points.
GMDA: Selected 9039 TF points.
GMDA: Selected 9039 TF points.
GMDA: Selected 9039 TF points.
GMDA: Selected 9039 TF points.
GMDA: Selected 9039 TF points.
GMDA: Selected 9039 TF points.
GMDA: Selected 9039 TF points.
GMDA: Selected 9039 TF points.
GMDA: Selected 9039 TF points.
GMDA: Selected 8135 TF points.
GMDA: Selected 8135 TF points.
GMDA: Selected 8135 TF points.
GMDA: Selected 8135 TF points.
GMDA: Selected 8135 TF points.
GMDA: Selected 8135 TF points.
GMDA: Selected 8135 TF points.
GMDA: Selected 8135 TF points.
GMDA: Selected 8135 TF points.
GMDA: Selected 8135 TF points.
GMDA: Selected 8135 TF points.
GMDA: Selected 8135 TF points.
GMDA: Selected 8135 TF points.
GMDA: Selected 8135 TF points.
GMDA: Selected 8135 TF points.
GMDA: Selected 8135 TF points.
GMDA: Selected 11258 TF points.
GMDA: Selected 11258 TF points.
GMDA: Selected 11258 TF points.
GMDA: Selected 11258 TF points.
GMDA: Selected 11258 TF points.
GMDA: Selected 11258 TF points.
GMDA: Selected 11258 TF points.
GMDA: Selected 11258 TF points.
GMDA: Selected 11258 TF points.
GMDA: Selected 11258 TF points.
GMDA: Selected 11258 TF points.
GMDA: Selected 11258 TF points.
GMDA: Selected 11258 TF points.
GMDA: Selected 11258 TF points.
GMDA: Selected 11258 TF points.
GMDA: Selected 11258 TF points.
GMDA: Selected 12539 TF points.
GMDA: Selected 12539 TF points.
GMDA: Selected 12539 TF points.
GMDA: Selected 12539 TF points.
GMDA: Selected 12539 TF points.
GMDA: Selected 12539 TF points.
GMDA: Selected 12539 TF points.
GMDA: Selected 12539 TF points.
GMDA: Selected 12539 TF points.
GMDA: Selected 12539 TF points.
GMDA: Selected 12539 TF points.
GMDA: Selected 12539 TF points.
GMDA: Selected 12539 TF points.
GMDA: Selected 12539 TF points.
GMDA: Selected 12539 TF points.
GMDA: Selected 12539 TF points.
GMDA: Selected 10256 TF points.
GMDA: Selected 10256 TF points.
GMDA: Selected 10256 TF points.
GMDA: Selected 10256 TF points.
GMDA: Selected 10256 TF points.
GMDA: Selected 10256 TF points.
GMDA: Selected 10256 TF points.
GMDA: Selected 10256 TF points.
GMDA: Selected 10256 TF points.
GMDA: Selected 10256 TF points.
GMDA: Selected 10256 TF points.
GMDA: Selected 10256 TF points.
GMDA: Selected 10256 TF points.
GMDA: Selected 10256 TF points.
GMDA: Selected 10256 TF points.
GMDA: Selected 10256 TF points.
GMDA: Selected 4220 TF points.
GMDA: Selected 4220 TF points.
GMDA: Selected 4220 TF points.
GMDA: Selected 4220 TF points.
GMDA: Selected 4220 TF points.
GMDA: Selected 4220 TF points.
GMDA: Selected 4220 TF points.
GMDA: Selected 4220 TF points.
GMDA: Selected 4220 TF points.
GMDA: Selected 4220 TF points.
GMDA: Selected 4220 TF points.
GMDA: Selected 4220 TF points.
GMDA: Selected 4220 TF points.
GMDA: Selected 4220 TF points.
GMDA: Selected 4220 TF points.
GMDA: Selected 4220 TF points.
GMDA: Selected 12453 TF points.
GMDA: Selected 12453 TF points.
GMDA: Selected 12453 TF points.
GMDA: Selected 12453 TF points.
GMDA: Selected 12453 TF points.
GMDA: Selected 12453 TF points.
GMDA: Selected 12453 TF points.
GMDA: Selected 12453 TF points.
GMDA: Selected 12453 TF points.
GMDA: Selected 12453 TF points.
GMDA: Selected 12453 TF points.
GMDA: Selected 12453 TF points.
GMDA: Selected 12453 TF points.
GMDA: Selected 12453 TF points.
GMDA: Selected 12453 TF points.
GMDA: Selected 12453 TF points.
GMDA: Selected 8136 TF points.
GMDA: Selected 8136 TF points.
GMDA: Selected 8136 TF points.
GMDA: Selected 8136 TF points.
GMDA: Selected 8136 TF points.
GMDA: Selected 8136 TF points.
GMDA: Selected 8136 TF points.
GMDA: Selected 8136 TF points.
GMDA: Selected 8136 TF points.
GMDA: Selected 8136 TF points.
GMDA: Selected 8136 TF points.
GMDA: Selected 8136 TF points.
GMDA: Selected 8136 TF points.
GMDA: Selected 8136 TF points.
GMDA: Selected 8136 TF points.
GMDA: Selected 8136 TF points.

GMDA: Selected 12539 TF points.
GMDA: Selected 12539 TF points.
GMDA: Selected 12539 TF points.
GMDA: Selected 12539 TF points.
GMDA: Selected 17485 TF points.
GMDA: Selected 17485 TF points.
GMDA: Selected 17485 TF points.
GMDA: Selected 17485 TF points.
GMDA: Selected 17485 TF points.
GMDA: Selected 17485 TF points.
GMDA: Selected 17485 TF points.
GMDA: Selected 17485 TF points.
GMDA: Selected 17485 TF points.
GMDA: Selected 17485 TF points.
GMDA: Selected 17485 TF points.
GMDA: Selected 17485 TF points.
GMDA: Selected 17485 TF points.
GMDA: Selected 17485 TF points.
GMDA: Selected 17485 TF points.
GMDA: Selected 17485 TF points.
GMDA: Selected 6330 TF points.
GMDA: Selected 6330 TF points.
GMDA: Selected 6330 TF points.
GMDA: Selected 6330 TF points.
GMDA: Selected 6330 TF points.
GMDA: Selected 6330 TF points.
GMDA: Selected 6330 TF points.
GMDA: Selected 6330 TF points.
GMDA: Selected 6330 TF points.
GMDA: Selected 6330 TF points.
GMDA: Selected 6330 TF points.
GMDA: Selected 6330 TF points.
GMDA: Selected 6330 TF points.
GMDA: Selected 6330 TF points.
GMDA: Selected 6330 TF points.
GMDA: Selected 6330 TF points.
GMDA: Selected 9778 TF points.
GMDA: Selected 9778 TF points.
GMDA: Selected 9778 TF points.
GMDA: Selected 9778 TF points.
GMDA: Selected 9778 TF points.
GMDA: Selected 9778 TF points.
GMDA: Selected 9778 TF points.
GMDA: Selected 9778 TF points.
GMDA: Selected 9778 TF points.
GMDA: Selected 9778 TF points.
GMDA: Selected 9778 TF points.
GMDA: Selected 9778 TF points.
GMDA: Selected 9778 TF points.
GMDA: Selected 9778 TF points.
GMDA: Selected 9778 TF points.
GMDA: Selected 9778 TF points.
GMDA: Selected 9901 TF points.
GMDA: Selected 9901 TF points.
GMDA: Selected 9901 TF points.
GMDA: Selected 9901 TF points.
GMDA: Selected 9901 TF points.
GMDA: Selected 9901 TF points.
GMDA: Selected 9901 TF points.
GMDA: Selected 9901 TF points.
GMDA: Selected 9901 TF points.
GMDA: Selected 9901 TF points.
GMDA: Selected 9901 TF points.
GMDA: Selected 9901 TF points.
GMDA: Selected 9901 TF points.
GMDA: Selected 9901 TF points.
GMDA: Selected 9901 TF points.
GMDA: Selected 9901 TF points.

GMDA: Selected 9502 TF points.
GMDA: Selected 9502 TF points.

GMDA: Selected 9634 TF points.
GMDA: Selected 9634 TF points.
GMDA: Selected 12903 TF points.
GMDA: Selected 12903 TF points.
GMDA: Selected 12903 TF points.
GMDA: Selected 12903 TF points.
GMDA: Selected 12903 TF points.
GMDA: Selected 12903 TF points.
GMDA: Selected 12903 TF points.
GMDA: Selected 12903 TF points.
GMDA: Selected 12903 TF points.
GMDA: Selected 12903 TF points.
GMDA: Selected 12903 TF points.
GMDA: Selected 12903 TF points.
GMDA: Selected 12903 TF points.
GMDA: Selected 12903 TF points.
GMDA: Selected 12903 TF points.
GMDA: Selected 12903 TF points.

GMDA: Selected 10065 TF points.
GMDA: Selected 10065 TF points.
GMDA: Selected 10065 TF points.
GMDA: Selected 10065 TF points.
GMDA: Selected 10065 TF points.
GMDA: Selected 10065 TF points.
GMDA: Selected 10065 TF points.
GMDA: Selected 10065 TF points.
GMDA: Selected 11650 TF points.
GMDA: Selected 11650 TF points.
GMDA: Selected 11650 TF points.
GMDA: Selected 11650 TF points.
GMDA: Selected 11650 TF points.
GMDA: Selected 11650 TF points.
GMDA: Selected 11650 TF points.
GMDA: Selected 11650 TF points.
GMDA: Selected 11650 TF points.
GMDA: Selected 11650 TF points.
GMDA: Selected 11650 TF points.
GMDA: Selected 11650 TF points.
GMDA: Selected 11650 TF points.
GMDA: Selected 11650 TF points.
GMDA: Selected 11650 TF points.
GMDA: Selected 11650 TF points.
GMDA: Selected 18085 TF points.
GMDA: Selected 18085 TF points.
GMDA: Selected 18085 TF points.
GMDA: Selected 18085 TF points.
GMDA: Selected 18085 TF points.
GMDA: Selected 18085 TF points.
GMDA: Selected 18085 TF points.
GMDA: Selected 18085 TF points.
GMDA: Selected 18085 TF points.
GMDA: Selected 18085 TF points.
GMDA: Selected 18085 TF points.
GMDA: Selected 18085 TF points.
GMDA: Selected 18085 TF points.
GMDA: Selected 18085 TF points.
GMDA: Selected 18085 TF points.
GMDA: Selected 18085 TF points.
GMDA: Selected 140531 TF points.
GMDA: Selected 140531 TF points.
GMDA: Selected 140531 TF points.
GMDA: Selected 140531 TF points.
GMDA: Selected 140531 TF points.
GMDA: Selected 140531 TF points.
GMDA: Selected 140531 TF points.
GMDA: Selected 140531 TF points.
GMDA: Selected 140531 TF points.
GMDA: Selected 140531 TF points.
GMDA: Selected 140531 TF points.
GMDA: Selected 140531 TF points.
GMDA: Selected 140531 TF points.
GMDA: Selected 140531 TF points.
GMDA: Selected 140531 TF points.
GMDA: Selected 140531 TF points.
GMDA: Selected 22608 TF points.
GMDA: Selected 22608 TF points.
GMDA: Selected 22608 TF points.
GMDA: Selected 22608 TF points.
GMDA: Selected 22608 TF points.
GMDA: Selected 22608 TF points.
GMDA: Selected 22608 TF points.
GMDA: Selected 22608 TF points.
GMDA: Selected 22608 TF points.
GMDA: Selected 22608 TF points.
GMDA: Selected 22608 TF points.
GMDA: Selected 22608 TF points.
GMDA: Selected 22608 TF points.
GMDA: Selected 22608 TF points.
GMDA: Selected 22608 TF points.
GMDA: Selected 22608 TF points.
GMDA: Selected 14866 TF points.
GMDA: Selected 14866 TF points.
GMDA: Selected 14866 TF points.
GMDA: Selected 14866 TF points.
GMDA: Selected 14866 TF points.
GMDA: Selected 14866 TF points.
GMDA: Selected 14866 TF points.
GMDA: Selected 14866 TF points.
GMDA: Selected 14866 TF points.
GMDA: Selected 14866 TF points.
GMDA: Selected 14866 TF points.
GMDA: Selected 14866 TF points.
GMDA: Selected 14866 TF points.
GMDA: Selected 14866 TF points.
GMDA: Selected 14866 TF points.
GMDA: Selected 14866 TF points.
GMDA: Selected 7037 TF points.
GMDA: Selected 7037 TF points.
GMDA: Selected 7037 TF points.
GMDA: Selected 7037 TF points.
GMDA: Selected 7037 TF points.
GMDA: Selected 7037 TF points.
GMDA: Selected 7037 TF points.
GMDA: Selected 7037 TF points.
GMDA: Selected 7037 TF points.
GMDA: Selected 7037 TF points.
GMDA: Selected 7037 TF points.
GMDA: Selected 7037 TF points.
GMDA: Selected 7037 TF points.
GMDA: Selected 7037 TF points.
GMDA: Selected 7037 TF points.
GMDA: Selected 7037 TF points.
GMDA: Selected 14061 TF points.
GMDA: Selected 14061 TF points.
GMDA: Selected 14061 TF points.
GMDA: Selected 14061 TF points.
GMDA: Selected 14061 TF points.
GMDA: Selected 14061 TF points.
GMDA: Selected 14061 TF points.
GMDA: Selected 14061 TF points.
GMDA: Selected 14061 TF points.
GMDA: Selected 14061 TF points.
GMDA: Selected 14061 TF points.
GMDA: Selected 14061 TF points.
GMDA: Selected 14061 TF points.
GMDA: Selected 14061 TF points.
GMDA: Selected 14061 TF points.
GMDA: Selected 14061 TF points.
GMDA: Selected 101100 TF points.
GMDA: Selected 101100 TF points.
GMDA: Selected 101100 TF points.
GMDA: Selected 101100 TF points.
GMDA: Selected 101100 TF points.
GMDA: Selected 101100 TF points.
GMDA: Selected 101100 TF points.
GMDA: Selected 101100 TF points.
GMDA: Selected 101100 TF points.
GMDA: Selected 101100 TF points.
GMDA: Selected 101100 TF points.
GMDA: Selected 101100 TF points.
GMDA: Selected 101100 TF points.
GMDA: Selected 101100 TF points.
GMDA: Selected 101100 TF points.
GMDA: Selected 101100 TF points.
GMDA: Selected 73858 TF points.
GMDA: Selected 73858 TF points.
GMDA: Selected 73858 TF points.
GMDA: Selected 73858 TF points.
GMDA: Selected 73858 TF points.
GMDA: Selected 73858 TF points.
GMDA: Selected 73858 TF points.
GMDA: Selected 73858 TF points.
GMDA: Selected 73858 TF points.
GMDA: Selected 73858 TF points.
GMDA: Selected 73858 TF points.
GMDA: Selected 73858 TF points.
GMDA: Selected 73858 TF points.
GMDA: Selected 73858 TF points.
GMDA: Selected 73858 TF points.
GMDA: Selected 73858 TF points.
GMDA: Selected 23275 TF points.
GMDA: Selected 23275 TF points.
GMDA: Selected 23275 TF points.
GMDA: Selected 23275 TF points.
GMDA: Selected 23275 TF points.
GMDA: Selected 23275 TF points.
GMDA: Selected 23275 TF points.
GMDA: Selected 23275 TF points.
GMDA: Selected 23275 TF 