[I 2026-03-10 23:24:45,251] Trial 203 finished with value: 0.49341267567392016 and parameters: {'window_ms': 200, 'overlap': 0.9, 'freq_low_hz': 1100, 'freq_high_hz': 3800, 'power_thresh_percentile': 96, 'mdl_beta': 0.8163876253176895}. Best is trial 200 with value: 0.4950764414984273.
/home/mkeller/mkeller/signal-processing-research/localization/tuning/run_optuna_respeaker_v3.py:97: UserWarning: The distribution is specified by [1550, 6000] and step=100, but the range is not divisible by `step`. It will be replaced with [1550, 5950].
  freq_high_hz = trial.suggest_int("freq_high_hz", min_high, 6000, step=100)
[I 2026-03-10 23:25:07,644] Trial 204 finished with value: 0.4857689459213052 and parameters: {'window_ms': 110, 'overlap': 0.9, 'freq_low_hz': 1150, 'freq_high_hz': 3750, 'power_thresh_percentile': 96, 'mdl_beta': 1.0658499501801366}. Best is trial 200 with value: 0.4950764414984273.
[I 2026-03-10 23:25:09,749] Trial 184 finished with value: 0.4552988471129887 and parameters: {'window_ms': 175, 'overlap': 0.8500000000000001, 'freq_low_hz': 1050, 'freq_high_hz': 4000, 'power_thresh_percentile': 75, 'mdl_beta': 1.9109550963227588}. Best is trial 200 with value: 0.4950764414984273.
[I 2026-03-10 23:25:16,390] Trial 205 finished with value: 0.48690166049720507 and parameters: {'window_ms': 215, 'overlap': 0.9, 'freq_low_hz': 1150, 'freq_high_hz': 3750, 'power_thresh_percentile': 97, 'mdl_beta': 1.0666170719861974}. Best is trial 200 with value: 0.4950764414984273.
[I 2026-03-10 23:25:23,626] Trial 206 finished with value: 0.4875887708175593 and parameters: {'window_ms': 215, 'overlap': 0.9, 'freq_low_hz': 1150, 'freq_high_hz': 3750, 'power_thresh_percentile': 96, 'mdl_beta': 0.9984157994817565}. Best is trial 200 with value: 0.4950764414984273.
[I 2026-03-10 23:25:32,548] Trial 207 finished with value: 0.48875650625632133 and parameters: {'window_ms': 200, 'overlap': 0.9, 'freq_low_hz': 1150, 'freq_high_hz': 4150, 'power_thresh_percentile': 96, 'mdl_beta': 1.4253191249609092}. Best is trial 200 with value: 0.4950764414984273.
[I 2026-03-10 23:25:32,856] Trial 208 finished with value: 0.4875887708175593 and parameters: {'window_ms': 215, 'overlap': 0.9, 'freq_low_hz': 1150, 'freq_high_hz': 3750, 'power_thresh_percentile': 96, 'mdl_beta': 1.39320221836713}. Best is trial 200 with value: 0.4950764414984273.
[I 2026-03-10 23:25:33,098] Trial 209 finished with value: 0.4875887708175593 and parameters: {'window_ms': 215, 'overlap': 0.9, 'freq_low_hz': 1150, 'freq_high_hz': 3750, 'power_thresh_percentile': 96, 'mdl_beta': 1.3901937421391963}. Best is trial 200 with value: 0.4950764414984273.
[I 2026-03-10 23:25:46,178] Trial 210 finished with value: 0.48630617700561096 and parameters: {'window_ms': 205, 'overlap': 0.9, 'freq_low_hz': 1150, 'freq_high_hz': 3750, 'power_thresh_percentile': 96, 'mdl_beta': 1.0824835255261265}. Best is trial 200 with value: 0.4950764414984273.
[I 2026-03-10 23:26:21,093] Trial 211 finished with value: 0.48541368544341124 and parameters: {'window_ms': 205, 'overlap': 0.9, 'freq_low_hz': 1150, 'freq_high_hz': 3750, 'power_thresh_percentile': 94, 'mdl_beta': 0.5548014653719828}. Best is trial 200 with value: 0.4950764414984273.
[I 2026-03-10 23:26:26,813] Trial 213 finished with value: 0.48737935470175575 and parameters: {'window_ms': 205, 'overlap': 0.9, 'freq_low_hz': 1150, 'freq_high_hz': 4150, 'power_thresh_percentile': 96, 'mdl_beta': 0.6818444334331674}. Best is trial 200 with value: 0.4950764414984273.
[I 2026-03-10 23:26:27,709] Trial 212 finished with value: 0.48541368544341124 and parameters: {'window_ms': 205, 'overlap': 0.9, 'freq_low_hz': 1150, 'freq_high_hz': 3750, 'power_thresh_percentile': 94, 'mdl_beta': 0.5508032460329102}. Best is trial 200 with value: 0.4950764414984273.
[I 2026-03-10 23:26:27,884] Trial 214 finished with value: 0.48630617700561096 and parameters: {'window_ms': 205, 'overlap': 0.9, 'freq_low_hz': 1150, 'freq_high_hz': 3750, 'power_thresh_percentile': 96, 'mdl_beta': 1.027149212520154}. Best is trial 200 with value: 0.4950764414984273.
[I 2026-03-10 23:27:03,037] Trial 216 finished with value: 0.47865381391386186 and parameters: {'window_ms': 200, 'overlap': 0.9, 'freq_low_hz': 1200, 'freq_high_hz': 4200, 'power_thresh_percentile': 94, 'mdl_beta': 1.133092417175094}. Best is trial 200 with value: 0.4950764414984273.
[I 2026-03-10 23:27:04,300] Trial 217 finished with value: 0.48950513242977906 and parameters: {'window_ms': 210, 'overlap': 0.9, 'freq_low_hz': 1200, 'freq_high_hz': 4200, 'power_thresh_percentile': 94, 'mdl_beta': 0.5868798470330732}. Best is trial 200 with value: 0.4950764414984273.
[I 2026-03-10 23:27:04,401] Trial 215 finished with value: 0.47865381391386186 and parameters: {'window_ms': 200, 'overlap': 0.9, 'freq_low_hz': 1200, 'freq_high_hz': 4200, 'power_thresh_percentile': 94, 'mdl_beta': 0.6882651051606206}. Best is trial 200 with value: 0.4950764414984273.
[I 2026-03-10 23:27:17,684] Trial 218 finished with value: 0.47865381391386186 and parameters: {'window_ms': 200, 'overlap': 0.9, 'freq_low_hz': 1200, 'freq_high_hz': 4200, 'power_thresh_percentile': 94, 'mdl_beta': 0.6419316421868153}. Best is trial 200 with value: 0.4950764414984273.
[I 2026-03-10 23:27:21,609] Trial 222 finished with value: 0.4860511019557599 and parameters: {'window_ms': 195, 'overlap': 0.9, 'freq_low_hz': 1200, 'freq_high_hz': 4200, 'power_thresh_percentile': 97, 'mdl_beta': 0.7681464206033856}. Best is trial 200 with value: 0.4950764414984273.
[I 2026-03-10 23:27:23,798] Trial 219 finished with value: 0.4880623791830405 and parameters: {'window_ms': 200, 'overlap': 0.9, 'freq_low_hz': 1150, 'freq_high_hz': 4050, 'power_thresh_percentile': 96, 'mdl_beta': 1.4371114820854676}. Best is trial 200 with value: 0.4950764414984273.
[I 2026-03-10 23:27:32,469] Trial 221 finished with value: 0.48716268367693133 and parameters: {'window_ms': 195, 'overlap': 0.9, 'freq_low_hz': 1200, 'freq_high_hz': 4200, 'power_thresh_percentile': 96, 'mdl_beta': 0.7449328743465584}. Best is trial 200 with value: 0.4950764414984273.
[I 2026-03-10 23:27:51,865] Trial 220 finished with value: 0.48950513242977906 and parameters: {'window_ms': 210, 'overlap': 0.9, 'freq_low_hz': 1200, 'freq_high_hz': 4200, 'power_thresh_percentile': 94, 'mdl_beta': 0.7382395581523843}. Best is trial 200 with value: 0.4950764414984273.
[I 2026-03-10 23:27:52,514] Trial 223 finished with value: 0.48750505480332523 and parameters: {'window_ms': 210, 'overlap': 0.9, 'freq_low_hz': 1100, 'freq_high_hz': 4200, 'power_thresh_percentile': 97, 'mdl_beta': 0.8049976128109237}. Best is trial 200 with value: 0.4950764414984273.
[I 2026-03-10 23:28:08,602] Trial 225 finished with value: 0.49476868400291235 and parameters: {'window_ms': 210, 'overlap': 0.9, 'freq_low_hz': 1200, 'freq_high_hz': 4300, 'power_thresh_percentile': 96, 'mdl_beta': 1.43340250165004}. Best is trial 200 with value: 0.4950764414984273.
[I 2026-03-10 23:28:22,555] Trial 226 finished with value: 0.49480434084076336 and parameters: {'window_ms': 215, 'overlap': 0.9, 'freq_low_hz': 1100, 'freq_high_hz': 4100, 'power_thresh_percentile': 96, 'mdl_beta': 0.8502815753623234}. Best is trial 200 with value: 0.4950764414984273.
[I 2026-03-10 23:28:23,137] Trial 224 finished with value: 0.4862642414101667 and parameters: {'window_ms': 195, 'overlap': 0.9, 'freq_low_hz': 1200, 'freq_high_hz': 4200, 'power_thresh_percentile': 95, 'mdl_beta': 0.7256718030034415}. Best is trial 200 with value: 0.4950764414984273.
[I 2026-03-10 23:28:30,489] Trial 228 finished with value: 0.4865631030572209 and parameters: {'window_ms': 210, 'overlap': 0.9, 'freq_low_hz': 1150, 'freq_high_hz': 4350, 'power_thresh_percentile': 96, 'mdl_beta': 1.4256696155210444}. Best is trial 200 with value: 0.4950764414984273.
[I 2026-03-10 23:28:40,545] Trial 227 finished with value: 0.48659426357505214 and parameters: {'window_ms': 215, 'overlap': 0.9, 'freq_low_hz': 1100, 'freq_high_hz': 4100, 'power_thresh_percentile': 95, 'mdl_beta': 0.8540022001049736}. Best is trial 200 with value: 0.4950764414984273.
[I 2026-03-10 23:28:48,563] Trial 229 finished with value: 0.4788778473158003 and parameters: {'window_ms': 215, 'overlap': 0.9, 'freq_low_hz': 1150, 'freq_high_hz': 4050, 'power_thresh_percentile': 95, 'mdl_beta': 1.4424662757322058}. Best is trial 200 with value: 0.4950764414984273.
[I 2026-03-10 23:29:06,738] Trial 230 finished with value: 0.4788778473158003 and parameters: {'window_ms': 215, 'overlap': 0.9, 'freq_low_hz': 1150, 'freq_high_hz': 4050, 'power_thresh_percentile': 95, 'mdl_beta': 0.9207320186373031}. Best is trial 200 with value: 0.4950764414984273.

GMDA: Selected 11125 TF points.
GMDA: Selected 11125 TF points.
GMDA: Selected 11125 TF points.
GMDA: Selected 11125 TF points.
GMDA: Selected 11125 TF points.
GMDA: Selected 11125 TF points.
GMDA: Selected 11125 TF points.
GMDA: Selected 11125 TF points.
GMDA: Selected 11125 TF points.
GMDA: Selected 11125 TF points.
GMDA: Selected 11125 TF points.
GMDA: Selected 11125 TF points.
GMDA: Selected 3293 TF points.
GMDA: Selected 3293 TF points.
GMDA: Selected 3293 TF points.
GMDA: Selected 3293 TF points.
GMDA: Selected 3293 TF points.
GMDA: Selected 3293 TF points.
GMDA: Selected 3293 TF points.
GMDA: Selected 3293 TF points.
GMDA: Selected 3293 TF points.
GMDA: Selected 3293 TF points.
GMDA: Selected 3293 TF points.
GMDA: Selected 3293 TF points.
GMDA: Selected 3293 TF points.
GMDA: Selected 3293 TF points.
GMDA: Selected 3293 TF points.
GMDA: Selected 3293 TF points.
GMDA: Selected 2673 TF points.
GMDA: Selected 2673 TF points.
GMDA: Selected 2673 TF points.
GMDA: Selected 2673 TF points.
GMDA: Selected 2673 TF points.
GMDA: Selected 2673 TF points.
GMDA: Selected 2673 TF points.
GMDA: Selected 2673 TF points.
GMDA: Selected 2673 TF points.
GMDA: Selected 2673 TF points.
GMDA: Selected 2673 TF points.
GMDA: Selected 2673 TF points.
GMDA: Selected 2673 TF points.
GMDA: Selected 2673 TF points.
GMDA: Selected 2673 TF points.
GMDA: Selected 2673 TF points.
GMDA: Selected 37809 TF points.
GMDA: Selected 37809 TF points.
GMDA: Selected 37809 TF points.
GMDA: Selected 37809 TF points.
GMDA: Selected 37809 TF points.
GMDA: Selected 37809 TF points.
GMDA: Selected 37809 TF points.
GMDA: Selected 37809 TF points.
GMDA: Selected 37809 TF points.
GMDA: Selected 37809 TF points.
GMDA: Selected 37809 TF points.
GMDA: Selected 37809 TF points.
GMDA: Selected 37809 TF points.
GMDA: Selected 37809 TF points.
GMDA: Selected 37809 TF points.
GMDA: Selected 37809 TF points.
GMDA: Selected 1932 TF points.
GMDA: Selected 1932 TF points.
GMDA: Selected 1932 TF points.
GMDA: Selected 1932 TF points.
GMDA: Selected 1932 TF points.
GMDA: Selected 1932 TF points.
GMDA: Selected 1932 TF points.
GMDA: Selected 1932 TF points.
GMDA: Selected 1932 TF points.
GMDA: Selected 1932 TF points.
GMDA: Selected 1932 TF points.
GMDA: Selected 1932 TF points.
GMDA: Selected 1932 TF points.
GMDA: Selected 1932 TF points.
GMDA: Selected 1932 TF points.
GMDA: Selected 1932 TF points.
GMDA: Selected 4610 TF points.
GMDA: Selected 4610 TF points.
GMDA: Selected 4610 TF points.
GMDA: Selected 4610 TF points.
GMDA: Selected 4610 TF points.
GMDA: Selected 4610 TF points.
GMDA: Selected 4610 TF points.
GMDA: Selected 4610 TF points.
GMDA: Selected 4610 TF points.
GMDA: Selected 4610 TF points.
GMDA: Selected 4610 TF points.
GMDA: Selected 4610 TF points.
GMDA: Selected 4610 TF points.
GMDA: Selected 4610 TF points.
GMDA: Selected 4610 TF points.
GMDA: Selected 4610 TF points.
GMDA: Selected 5624 TF points.
GMDA: Selected 5624 TF points.
GMDA: Selected 5624 TF points.
GMDA: Selected 5624 TF points.
GMDA: Selected 5624 TF points.
GMDA: Selected 5624 TF points.
GMDA: Selected 5624 TF points.
GMDA: Selected 5624 TF points.
GMDA: Selected 5624 TF points.
GMDA: Selected 5624 TF points.
GMDA: Selected 5624 TF points.
GMDA: Selected 5624 TF points.
GMDA: Selected 5624 TF points.
GMDA: Selected 5624 TF points.
GMDA: Selected 5624 TF points.
GMDA: Selected 5624 TF points.
GMDA: Selected 32337 TF points.
GMDA: Selected 32337 TF points.
GMDA: Selected 32337 TF points.
GMDA: Selected 32337 TF points.
GMDA: Selected 32337 TF points.
GMDA: Selected 32337 TF points.
GMDA: Selected 32337 TF points.
GMDA: Selected 32337 TF points.
GMDA: Selected 32337 TF points.
GMDA: Selected 32337 TF points.
GMDA: Selected 32337 TF points.
GMDA: Selected 32337 TF points.
GMDA: Selected 32337 TF points.
GMDA: Selected 32337 TF points.
GMDA: Selected 32337 TF points.
GMDA: Selected 32337 TF points.
GMDA: Selected 3334 TF points.
GMDA: Selected 3334 TF points.
GMDA: Selected 3334 TF points.
GMDA: Selected 3334 TF points.
GMDA: Selected 3334 TF points.
GMDA: Selected 3334 TF points.
GMDA: Selected 3334 TF points.
GMDA: Selected 3334 TF points.
GMDA: Selected 3334 TF points.
GMDA: Selected 3334 TF points.
GMDA: Selected 3334 TF points.
GMDA: Selected 3334 TF points.
GMDA: Selected 3334 TF points.
GMDA: Selected 3334 TF points.
GMDA: Selected 3334 TF points.
GMDA: Selected 3334 TF points.
GMDA: Selected 3325 TF points.
GMDA: Selected 3325 TF points.
GMDA: Selected 3325 TF points.
GMDA: Selected 3325 TF points.
GMDA: Selected 3325 TF points.
GMDA: Selected 3325 TF points.
GMDA: Selected 3325 TF points.
GMDA: Selected 3325 TF points.
GMDA: Selected 3325 TF points.
GMDA: Selected 3325 TF points.
GMDA: Selected 3325 TF points.
GMDA: Selected 3325 TF points.
GMDA: Selected 3325 TF points.
GMDA: Selected 3325 TF points.
GMDA: Selected 3325 TF points.
GMDA: Selected 3325 TF points.
GMDA: Selected 11246 TF points.
GMDA: Selected 11246 TF points.
GMDA: Selected 11246 TF points.
GMDA: Selected 11246 TF points.
GMDA: Selected 11246 TF points.
GMDA: Selected 11246 TF points.
GMDA: Selected 11246 TF points.
GMDA: Selected 11246 TF points.
GMDA: Selected 11246 TF points.
GMDA: Selected 11246 TF points.
GMDA: Selected 11246 TF points.
GMDA: Selected 11246 TF points.
GMDA: Selected 11246 TF points.
GMDA: Selected 11246 TF points.
GMDA: Selected 11246 TF points.
GMDA: Selected 11246 TF points.
GMDA: Selected 10835 TF points.
GMDA: Selected 10835 TF points.
GMDA: Selected 10835 TF points.
GMDA: Selected 10835 TF points.
GMDA: Selected 10835 TF points.
GMDA: Selected 10835 TF points.
GMDA: Selected 10835 TF points.
GMDA: Selected 10835 TF points.
GMDA: Selected 10835 TF points.
GMDA: Selected 10835 TF points.
GMDA: Selected 10835 TF points.
GMDA: Selected 10835 TF points.
GMDA: Selected 10835 TF points.
GMDA: Selected 10835 TF points.
GMDA: Selected 10835 TF points.
GMDA: Selected 10835 TF points.
GMDA: Selected 10443 TF points.
GMDA: Selected 10443 TF points.
GMDA: Selected 10443 TF points.
GMDA: Selected 10443 TF points.
GMDA: Selected 10443 TF points.
GMDA: Selected 10443 TF points.
GMDA: Selected 10443 TF points.
GMDA: Selected 10443 TF points.
GMDA: Selected 10443 TF points.
GMDA: Selected 10443 TF points.
GMDA: Selected 10443 TF points.
GMDA: Selected 10443 TF points.
GMDA: Selected 10443 TF points.
GMDA: Selected 10443 TF points.
GMDA: Selected 10443 TF points.
GMDA: Selected 10443 TF points.
GMDA: Selected 10426 TF points.
GMDA: Selected 10426 TF points.
GMDA: Selected 10426 TF points.
GMDA: Selected 10426 TF points.
GMDA: Selected 10426 TF points.
GMDA: Selected 10426 TF points.
GMDA: Selected 10426 TF points.
GMDA: Selected 10426 TF points.
GMDA: Selected 10426 TF points.
GMDA: Selected 10426 TF points.
GMDA: Selected 10426 TF points.
GMDA: Selected 10426 TF points.
GMDA: Selected 10426 TF points.
GMDA: Selected 10426 TF points.
GMDA: Selected 10426 TF points.
GMDA: Selected 10426 TF points.
GMDA: Selected 9037 TF points.
GMDA: Selected 9037 TF points.
GMDA: Selected 9037 TF points.
GMDA: Selected 9037 TF points.
GMDA: Selected 9037 TF points.
GMDA: Selected 9037 TF points.
GMDA: Selected 9037 TF points.
GMDA: Selected 9037 TF points.
GMDA: Selected 9037 TF points.
GMDA: Selected 9037 TF points.
GMDA: Selected 9037 TF points.
GMDA: Selected 9037 TF points.
GMDA: Selected 9037 TF points.
GMDA: Selected 9037 TF points.
GMDA: Selected 9037 TF points.
GMDA: Selected 9037 TF points.
GMDA: Selected 15061 TF points.
GMDA: Selected 15061 TF points.
GMDA: Selected 15061 TF points.
GMDA: Selected 15061 TF points.
GMDA: Selected 15061 TF points.
GMDA: Selected 15061 TF points.
GMDA: Selected 15061 TF points.
GMDA: Selected 15061 TF points.
GMDA: Selected 15061 TF points.
GMDA: Selected 15061 TF points.
GMDA: Selected 15061 TF points.
GMDA: Selected 15061 TF points.
GMDA: Selected 15061 TF points.
GMDA: Selected 15061 TF points.
GMDA: Selected 15061 TF points.
GMDA: Selected 15061 TF points.
GMDA: Selected 10065 TF points.
GMDA: Selected 10065 TF points.
GMDA: Selected 10065 TF points.
GMDA: Selected 10065 TF points.
GMDA: Selected 10065 TF points.
GMDA: Selected 10065 TF points.
GMDA: Selected 10065 TF points.
