[I 2026-03-10 23:22:18,018] Trial 186 finished with value: 0.47120265332668804 and parameters: {'window_ms': 175, 'overlap': 0.55, 'freq_low_hz': 250, 'freq_high_hz': 4000, 'power_thresh_percentile': 95, 'mdl_beta': 6.952666021157287}. Best is trial 78 with value: 0.494957547881154.

GMDA: Selected 1818 TF points.
GMDA: Selected 1818 TF points.
GMDA: Selected 1818 TF points.
GMDA: Selected 1818 TF points.
GMDA: Selected 1818 TF points.
GMDA: Selected 1818 TF points.
GMDA: Selected 1818 TF points.
GMDA: Selected 1818 TF points.
GMDA: Selected 1818 TF points.
GMDA: Selected 1818 TF points.
GMDA: Selected 1818 TF points.
GMDA: Selected 2371 TF points.
GMDA: Selected 2371 TF points.
GMDA: Selected 2371 TF points.
GMDA: Selected 2371 TF points.
GMDA: Selected 2371 TF points.
GMDA: Selected 2371 TF points.
GMDA: Selected 2371 TF points.
GMDA: Selected 2371 TF points.
GMDA: Selected 2371 TF points.
GMDA: Selected 2371 TF points.
GMDA: Selected 2371 TF points.
GMDA: Selected 2371 TF points.
GMDA: Selected 2371 TF points.
GMDA: Selected 2371 TF points.
GMDA: Selected 2371 TF points.
GMDA: Selected 2371 TF points.
GMDA: Selected 2371 TF points.
GMDA: Selected 2371 TF points.
GMDA: Selected 2371 TF points.
GMDA: Selected 2371 TF points.
GMDA: Selected 2371 TF points.
GMDA: Selected 2371 TF points.
GMDA: Selected 2371 TF points.
GMDA: Selected 2371 TF points.
GMDA: Selected 2371 TF points.
GMDA: Selected 2371 TF points.
GMDA: Selected 2371 TF points.
GMDA: Selected 2371 TF points.
GMDA: Selected 2371 TF points.
GMDA: Selected 2371 TF points.
GMDA: Selected 2371 TF points.
GMDA: Selected 2371 TF points.
GMDA: Selected 2080 TF points.
GMDA: Selected 2080 TF points.
GMDA: Selected 2080 TF points.
GMDA: Selected 2080 TF points.
GMDA: Selected 2080 TF points.
GMDA: Selected 2080 TF points.
GMDA: Selected 2080 TF points.
GMDA: Selected 2080 TF points.
GMDA: Selected 2080 TF points.
GMDA: Selected 2080 TF points.
GMDA: Selected 2080 TF points.
GMDA: Selected 2080 TF points.
GMDA: Selected 2080 TF points.
GMDA: Selected 2080 TF points.
GMDA: Selected 2080 TF points.
GMDA: Selected 2080 TF points.
GMDA: Selected 4929 TF points.
GMDA: Selected 4929 TF points.
GMDA: Selected 4929 TF points.
GMDA: Selected 4929 TF points.
GMDA: Selected 4929 TF points.
GMDA: Selected 4929 TF points.
GMDA: Selected 4929 TF points.
GMDA: Selected 4929 TF points.
GMDA: Selected 4929 TF points.
GMDA: Selected 4929 TF points.
GMDA: Selected 4929 TF points.
GMDA: Selected 4929 TF points.
GMDA: Selected 4929 TF points.
GMDA: Selected 4929 TF points.
GMDA: Selected 4929 TF points.
GMDA: Selected 4929 TF points.
GMDA: Selected 4163 TF points.
GMDA: Selected 4163 TF points.
GMDA: Selected 4163 TF points.
GMDA: Selected 4163 TF points.
GMDA: Selected 4163 TF points.
GMDA: Selected 4163 TF points.
GMDA: Selected 4163 TF points.
GMDA: Selected 4163 TF points.
GMDA: Selected 4163 TF points.
GMDA: Selected 4163 TF points.
GMDA: Selected 4163 TF points.
GMDA: Selected 4163 TF points.
GMDA: Selected 4163 TF points.
GMDA: Selected 4163 TF points.
GMDA: Selected 4163 TF points.
GMDA: Selected 4163 TF points.
GMDA: Selected 2772 TF points.
GMDA: Selected 2772 TF points.
GMDA: Selected 2772 TF points.
GMDA: Selected 2772 TF points.
GMDA: Selected 2772 TF points.
GMDA: Selected 2772 TF points.
GMDA: Selected 2772 TF points.
GMDA: Selected 2772 TF points.
GMDA: Selected 2772 TF points.
GMDA: Selected 2772 TF points.
GMDA: Selected 2772 TF points.
GMDA: Selected 2772 TF points.
GMDA: Selected 2772 TF points.
GMDA: Selected 2772 TF points.
GMDA: Selected 2772 TF points.
GMDA: Selected 2772 TF points.
GMDA: Selected 3841 TF points.
GMDA: Selected 3841 TF points.
GMDA: Selected 3841 TF points.
GMDA: Selected 3841 TF points.
GMDA: Selected 3841 TF points.
GMDA: Selected 3841 TF points.
GMDA: Selected 3841 TF points.
GMDA: Selected 3841 TF points.
GMDA: Selected 3841 TF points.
GMDA: Selected 3841 TF points.
GMDA: Selected 3841 TF points.
GMDA: Selected 3841 TF points.
GMDA: Selected 3841 TF points.
GMDA: Selected 3841 TF points.
GMDA: Selected 3841 TF points.
GMDA: Selected 3841 TF points.
GMDA: Selected 3938 TF points.
GMDA: Selected 3938 TF points.
GMDA: Selected 3938 TF points.
GMDA: Selected 3938 TF points.
GMDA: Selected 3938 TF points.
GMDA: Selected 3938 TF points.
GMDA: Selected 3938 TF points.
GMDA: Selected 3938 TF points.
GMDA: Selected 3938 TF points.
GMDA: Selected 3938 TF points.
GMDA: Selected 3938 TF points.
GMDA: Selected 3938 TF points.
GMDA: Selected 3938 TF points.
GMDA: Selected 3938 TF points.
GMDA: Selected 3938 TF points.
GMDA: Selected 3938 TF points.
GMDA: Selected 1160 TF points.
GMDA: Selected 1160 TF points.
GMDA: Selected 1160 TF points.
GMDA: Selected 1160 TF points.
GMDA: Selected 1160 TF points.
GMDA: Selected 1160 TF points.
GMDA: Selected 1160 TF points.
GMDA: Selected 1160 TF points.
GMDA: Selected 1160 TF points.
GMDA: Selected 1160 TF points.
GMDA: Selected 1160 TF points.
GMDA: Selected 1160 TF points.
GMDA: Selected 1160 TF points.
GMDA: Selected 1160 TF points.
GMDA: Selected 1160 TF points.
GMDA: Selected 1160 TF points.
GMDA: Selected 1134 TF points.
GMDA: Selected 1134 TF points.
GMDA: Selected 1134 TF points.
GMDA: Selected 1134 TF points.
GMDA: Selected 1134 TF points.
GMDA: Selected 1134 TF points.
GMDA: Selected 1134 TF points.
GMDA: Selected 1134 TF points.
GMDA: Selected 1134 TF points.
GMDA: Selected 1134 TF points.
GMDA: Selected 1134 TF points.
GMDA: Selected 1134 TF points.
GMDA: Selected 1134 TF points.
GMDA: Selected 1134 TF points.
GMDA: Selected 1134 TF points.
GMDA: Selected 1134 TF points.
GMDA: Selected 2586 TF points.
GMDA: Selected 2586 TF points.
GMDA: Selected 2586 TF points.
GMDA: Selected 2586 TF points.
GMDA: Selected 2586 TF points.
GMDA: Selected 2586 TF points.
GMDA: Selected 2586 TF points.
GMDA: Selected 2586 TF points.
GMDA: Selected 2586 TF points.
GMDA: Selected 2586 TF points.
GMDA: Selected 2586 TF points.
GMDA: Selected 2586 TF points.
GMDA: Selected 2586 TF points.
GMDA: Selected 2586 TF points.
GMDA: Selected 2586 TF points.
GMDA: Selected 2586 TF points.
GMDA: Selected 5711 TF points.
GMDA: Selected 5711 TF points.
GMDA: Selected 5711 TF points.
GMDA: Selected 5711 TF points.
GMDA: Selected 5711 TF points.
GMDA: Selected 5711 TF points.
GMDA: Selected 5711 TF points.
GMDA: Selected 5711 TF points.
GMDA: Selected 5711 TF points.
GMDA: Selected 5711 TF points.
GMDA: Selected 5711 TF points.
GMDA: Selected 5711 TF points.
GMDA: Selected 5711 TF points.
GMDA: Selected 5711 TF points.
GMDA: Selected 5711 TF points.
GMDA: Selected 5711 TF points.
GMDA: Selected 25318 TF points.
GMDA: Selected 25318 TF points.
GMDA: Selected 25318 TF points.
GMDA: Selected 25318 TF points.
GMDA: Selected 25318 TF points.
GMDA: Selected 25318 TF points.
GMDA: Selected 25318 TF points.
GMDA: Selected 25318 TF points.
GMDA: Selected 25318 TF points.
GMDA: Selected 25318 TF points.
GMDA: Selected 25318 TF points.
GMDA: Selected 25318 TF points.
GMDA: Selected 25318 TF points.
GMDA: Selected 25318 TF points.
GMDA: Selected 25318 TF points.
GMDA: Selected 25318 TF points.
GMDA: Selected 11102 TF points.
GMDA: Selected 11102 TF points.
GMDA: Selected 11102 TF points.
GMDA: Selected 11102 TF points.
GMDA: Selected 11102 TF points.
GMDA: Selected 11102 TF points.
GMDA: Selected 11102 TF points.
GMDA: Selected 11102 TF points.
GMDA: Selected 11102 TF points.
GMDA: Selected 11102 TF points.
GMDA: Selected 11102 TF points.
GMDA: Selected 11102 TF points.
GMDA: Selected 11102 TF points.
GMDA: Selected 11102 TF points.
GMDA: Selected 11102 TF points.
GMDA: Selected 11102 TF points.
GMDA: Selected 1322 TF points.
GMDA: Selected 1322 TF points.
GMDA: Selected 1322 TF points.
GMDA: Selected 1322 TF points.
GMDA: Selected 1322 TF points.
GMDA: Selected 1322 TF points.
GMDA: Selected 1322 TF points.
GMDA: Selected 1322 TF points.
GMDA: Selected 1322 TF points.
GMDA: Selected 1322 TF points.
GMDA: Selected 1322 TF points.
GMDA: Selected 1322 TF points.
GMDA: Selected 1322 TF points.
GMDA: Selected 1322 TF points.
GMDA: Selected 1322 TF points.
GMDA: Selected 1322 TF points.
GMDA: Selected 9359 TF points.
GMDA: Selected 9359 TF points.
GMDA: Selected 9359 TF points.
GMDA: Selected 9359 TF points.
GMDA: Selected 9359 TF points.
GMDA: Selected 9359 TF points.
GMDA: Selected 9359 TF points.
GMDA: Selected 9359 TF points.
GMDA: Selected 9359 TF points.
GMDA: Selected 9359 TF points.
GMDA: Selected 9359 TF points.
GMDA: Selected 9359 TF points.
GMDA: Selected 9359 TF points.[I 2026-03-10 23:22:43,358] Trial 187 finished with value: 0.47185225677414744 and parameters: {'window_ms': 185, 'overlap': 0.8500000000000001, 'freq_low_hz': 950, 'freq_high_hz': 3900, 'power_thresh_percentile': 95, 'mdl_beta': 1.557668153303768}. Best is trial 78 with value: 0.494957547881154.
[I 2026-03-10 23:22:45,392] Trial 189 finished with value: 0.4851225712967624 and parameters: {'window_ms': 145, 'overlap': 0.8500000000000001, 'freq_low_hz': 1100, 'freq_high_hz': 3900, 'power_thresh_percentile': 95, 'mdl_beta': 1.5372948995131888}. Best is trial 78 with value: 0.494957547881154.
[I 2026-03-10 23:22:46,970] Trial 188 finished with value: 0.4851225712967624 and parameters: {'window_ms': 145, 'overlap': 0.8500000000000001, 'freq_low_hz': 1100, 'freq_high_hz': 3900, 'power_thresh_percentile': 95, 'mdl_beta': 1.6045864648408608}. Best is trial 78 with value: 0.494957547881154.
[I 2026-03-10 23:22:51,423] Trial 190 finished with value: 0.4860320268483247 and parameters: {'window_ms': 175, 'overlap': 0.8500000000000001, 'freq_low_hz': 1100, 'freq_high_hz': 3900, 'power_thresh_percentile': 95, 'mdl_beta': 1.6358438541663334}. Best is trial 78 with value: 0.494957547881154.
GMDA: Selected 35722 TF points.
GMDA: Selected 35722 TF points.
GMDA: Selected 35722 TF points.
GMDA: Selected 35722 TF points.
GMDA: Selected 35722 TF points.
GMDA: Selected 35722 TF points.
GMDA: Selected 35722 TF points.
GMDA: Selected 35722 TF points.
GMDA: Selected 35722 TF points.
GMDA: Selected 35722 TF points.
GMDA: Selected 35722 TF points.
GMDA: Selected 35722 TF points.
GMDA: Selected 35722 TF points.
GMDA: Selected 35722 TF points.
GMDA: Selected 35722 TF points.
GMDA: Selected 35722 TF points.
GMDA: Selected 10662 TF points.
GMDA: Selected 10662 TF points.
GMDA: Selected 10662 TF points.
GMDA: Selected 10662 TF points.
GMDA: Selected 10662 TF points.
GMDA: Selected 10662 TF points.
GMDA: Selected 10662 TF points.
GMDA: Selected 10662 TF points.
GMDA: Selected 10662 TF points.
GMDA: Selected 10662 TF points.
GMDA: Selected 10662 TF points.
GMDA: Selected 10662 TF points.
GMDA: Selected 10662 TF points.
GMDA: Selected 10662 TF points.
GMDA: Selected 10662 TF points.
GMDA: Selected 10662 TF points.
GMDA: Selected 15343 TF points.
GMDA: Selected 15343 TF points.
GMDA: Selected 15343 TF points.
GMDA: Selected 15343 TF points.
GMDA: Selected 15343 TF points.
GMDA: Selected 15343 TF points.
GMDA: Selected 15343 TF points.
GMDA: Selected 15343 TF points.
GMDA: Selected 15343 TF points.
GMDA: Selected 15343 TF points.
GMDA: Selected 15343 TF points.
GMDA: Selected 15343 TF points.
GMDA: Selected 15343 TF points.
GMDA: Selected 15343 TF points.
GMDA: Selected 15343 TF points.
GMDA: Selected 15343 TF points.
GMDA: Selected 7863 TF points.
GMDA: Selected 7863 TF points.
GMDA: Selected 7863 TF points.
GMDA: Selected 7863 TF points.
GMDA: Selected 7863 TF points.
GMDA: Selected 7863 TF points.
GMDA: Selected 7863 TF points.
GMDA: Selected 7863 TF points.
GMDA: Selected 7863 TF points.
GMDA: Selected 7863 TF points.
GMDA: Selected 7863 TF points.
GMDA: Selected 7863 TF points.
GMDA: Selected 7863 TF points.
GMDA: Selected 7863 TF points.
GMDA: Selected 7863 TF points.
GMDA: Selected 7863 TF points.
GMDA: Selected 5136 TF points.
GMDA: Selected 5136 TF points.
GMDA: Selected 5136 TF points.
GMDA: Selected 5136 TF points.
GMDA: Selected 5136 TF points.
GMDA: Selected 5136 TF points.
GMDA: Selected 5136 TF points.
GMDA: Selected 5136 TF points.
GMDA: Selected 5136 TF points.
GMDA: Selected 5136 TF points.
GMDA: Selected 5136 TF points.
GMDA: Selected 5136 TF points.
GMDA: Selected 5136 TF points.
GMDA: Selected 5136 TF points.
GMDA: Selected 5136 TF points.
GMDA: Selected 5136 TF points.
GMDA: Selected 6241 TF points.
GMDA: Selected 6241 TF points.
GMDA: Selected 6241 TF points.
GMDA: Selected 6241 TF points.
GMDA: Selected 6241 TF points.
GMDA: Selected 6241 TF points.
GMDA: Selected 6241 TF points.
GMDA: Selected 6241 TF points.
GMDA: Selected 6241 TF points.
GMDA: Selected 6241 TF points.
GMDA: Selected 6241 TF points.
GMDA: Selected 6241 TF points.
GMDA: Selected 6241 TF points.
GMDA: Selected 6241 TF points.
GMDA: Selected 6241 TF points.
GMDA: Selected 6241 TF points.
GMDA: Selected 31815 TF points.
GMDA: Selected 31815 TF points.
GMDA: Selected 31815 TF points.
GMDA: Selected 31815 TF points.
GMDA: Selected 31815 TF points.
GMDA: Selected 31815 TF points.
GMDA: Selected 31815 TF points.
GMDA: Selected 31815 TF points.
GMDA: Selected 31815 TF points.
GMDA: Selected 31815 TF points.
GMDA: Selected 31815 TF points.
GMDA: Selected 31815 TF points.
GMDA: Selected 31815 TF points.
GMDA: Selected 31815 TF points.
GMDA: Selected 31815 TF points.
GMDA: Selected 31815 TF points.
GMDA: Selected 62752 TF points.
GMDA: Selected 62752 TF points.
GMDA: Selected 62752 TF points.
GMDA: Selected 62752 TF points.
GMDA: Selected 62752 TF points.
GMDA: Selected 62752 TF points.
GMDA: Selected 62752 TF points.
GMDA: Selected 62752 TF points.
GMDA: Selected 62752 TF points.
GMDA: Selected 62752 TF points.
GMDA: Selected 62752 TF points.
GMDA: Selected 62752 TF points.
GMDA: Selected 62752 TF points.
GMDA: Selected 62752 TF points.
GMDA: Selected 62752 TF points.
GMDA: Selected 62752 TF points.
GMDA: Selected 12901 TF points.
GMDA: Selected 12901 TF points.
GMDA: Selected 12901 TF points.
GMDA: Selected 12901 TF points.
GMDA: Selected 12901 TF points.
GMDA: Selected 12901 TF points.
GMDA: Selected 12901 TF points.
GMDA: Selected 12901 TF points.
GMDA: Selected 12901 TF points.
GMDA: Selected 12901 TF points.
GMDA: Selected 12901 TF points.
GMDA: Selected 12901 TF points.
GMDA: Selected 12901 TF points.
GMDA: Selected 12901 TF points.
GMDA: Selected 12901 TF points.
GMDA: Selected 12901 TF points.
GMDA: Selected 12685 TF points.
GMDA: Selected 12685 TF points.
GMDA: Selected 12685 TF points.
GMDA: Selected 12685 TF points.
GMDA: Selected 12685 TF points.
GMDA: Selected 12685 TF points.
GMDA: Selected 12685 TF points.
GMDA: Selected 12685 TF points.
GMDA: Selected 12685 TF points.
GMDA: Selected 12685 TF points.
GMDA: Selected 12685 TF points.
GMDA: Selected 12685 TF points.
GMDA: Selected 12685 TF points.
GMDA: Selected 12685 TF points.
GMDA: Selected 12685 TF points.
GMDA: Selected 12685 TF points.
GMDA: Selected 28919 TF points.
GMDA: Selected 28919 TF points.
GMDA: Selected 28919 TF points.
GMDA: Selected 28919 TF points.
GMDA: Selected 28919 TF points.
GMDA: Selected 28919 TF points.
GMDA: Selected 28919 TF points.
GMDA: Selected 28919 TF points.
GMDA: Selected 28919 TF points.
GMDA: Selected 28919 TF points.
GMDA: Selected 28919 TF points.
GMDA: Selected 28919 TF points.
GMDA: Selected 28919 TF points.
GMDA: Selected 28919 TF points.
GMDA: Selected 28919 TF points.
GMDA: Selected 28919 TF points.
GMDA: Selected 11156 TF points.
GMDA: Selected 11156 TF points.
GMDA: Selected 11156 TF points.
GMDA: Selected 11156 TF points.
GMDA: Selected 11156 TF points.
GMDA: Selected 11156 TF points.
GMDA: Selected 11156 TF points.
GMDA: Selected 11156 TF points.
GMDA: Selected 11156 TF points.
GMDA: Selected 11156 TF points.
GMDA: Selected 11156 TF points.
GMDA: Selected 11156 TF points.
GMDA: Selected 11156 TF points.
GMDA: Selected 11156 TF points.
GMDA: Selected 11156 TF points.
GMDA: Selected 11156 TF points.
GMDA: Selected 110529 TF points.
GMDA: Selected 110529 TF points.
GMDA: Selected 110529 TF points.
GMDA: Selected 110529 TF points.
GMDA: Selected 110529 TF points.
GMDA: Selected 110529 TF points.
GMDA: Selected 110529 TF points.
GMDA: Selected 110529 TF points.
GMDA: Selected 110529 TF points.
GMDA: Selected 110529 TF points.
GMDA: Selected 110529 TF points.
GMDA: Selected 110529 TF points.
GMDA: Selected 110529 TF points.
GMDA: Selected 110529 TF points.
GMDA: Selected 110529 TF points.
GMDA: Selected 110529 TF points.
GMDA: Selected 21060 TF points.
GMDA: Selected 21060 TF points.
GMDA: Selected 21060 TF points.
GMDA: Selected 21060 TF points.
GMDA: Selected 21060 TF points.
GMDA: Selected 21060 TF points.
GMDA: Selected 21060 TF points.
GMDA: Selected 21060 TF points.
GMDA: Selected 21060 TF points.
GMDA: Selected 21060 TF points.
GMDA: Selected 21060 TF points.
GMDA: Selected 21060 TF points.
GMDA: Selected 21060 TF points.
GMDA: Selected 21060 TF points.
GMDA: Selected 21060 TF points.
GMDA: Selected 21060 TF points.
GMDA: Selected 8885 TF points.
GMDA: Selected 8885 TF points.
GMDA: Selected 8885 TF points.
GMDA: Selected 8885 TF points.
GMDA: Selected 8885 TF points.
GMDA: Selected 8885 TF points.
GMDA: Selected 8885 TF points.
GMDA: Selected 8885 TF points.
GMDA: Selected 8885 TF points.
GMDA: Selected 8885 TF points.
GMDA: Selected 8885 TF points.
GMDA: Selected 8885 TF points.
GMDA: Selected 8885 TF points.
GMDA: Selected 8885 TF points.
GMDA: Selected 8885 TF points.
GMDA: Selected 8885 TF points.
GMDA: Selected 9359 TF points.
GMDA: Selected 9359 TF points.
GMDA: Selected 9359 TF points.
GMDA: Selected 9359 TF points.
GMDA: Selected 9359 TF points.
GMDA: Selected 9359 TF points.
GMDA: Selected 9359 TF points.
GMDA: Selected 9359 TF points.
GMDA: Selected 9359 TF points.
GMDA: Selected 9359 TF points.
GMDA: Selected 9359 TF points.
GMDA: Selected 9359 TF points.
GMDA: Selected 9359 TF points.
GMDA: Selected 9359 TF points.
GMDA: Selected 9359 TF points.
GMDA: Selected 9359 TF points.
GMDA: Selected 8443 TF points.
GMDA: Selected 8443 TF points.
GMDA: Selected 8443 TF points.[I 2026-03-10 23:23:19,491] Trial 191 finished with value: 0.48672967966404906 and parameters: {'window_ms': 145, 'overlap': 0.9, 'freq_low_hz': 1100, 'freq_high_hz': 3900, 'power_thresh_percentile': 95, 'mdl_beta': 1.6158709297812115}. Best is trial 78 with value: 0.494957547881154.
[I 2026-03-10 23:23:19,605] Trial 192 finished with value: 0.4865776193149148 and parameters: {'window_ms': 215, 'overlap': 0.9, 'freq_low_hz': 1100, 'freq_high_hz': 3900, 'power_thresh_percentile': 96, 'mdl_beta': 1.3332155661804679}. Best is trial 78 with value: 0.494957547881154.
/home/mkeller/mkeller/signal-processing-research/localization/tuning/run_optuna_respeaker_v3.py:97: UserWarning: The distribution is specified by [1550, 6000] and step=100, but the range is not divisible by `step`. It will be replaced with [1550, 5950].
  freq_high_hz = trial.suggest_int("freq_high_hz", min_high, 6000, step=100)
[I 2026-03-10 23:23:26,878] Trial 193 finished with value: 0.4878339858662792 and parameters: {'window_ms': 145, 'overlap': 0.9, 'freq_low_hz': 1100, 'freq_high_hz': 3900, 'power_thresh_percentile': 96, 'mdl_beta': 1.479502450594501}. Best is trial 78 with value: 0.494957547881154.
[I 2026-03-10 23:23:35,837] Trial 194 finished with value: 0.48858943304190616 and parameters: {'window_ms': 145, 'overlap': 0.9, 'freq_low_hz': 1000, 'freq_high_hz': 3900, 'power_thresh_percentile': 97, 'mdl_beta': 1.5906064689577728}. Best is trial 78 with value: 0.494957547881154.
[I 2026-03-10 23:23:37,442] Trial 196 finished with value: 0.4863051926490617 and parameters: {'window_ms': 105, 'overlap': 0.9, 'freq_low_hz': 1000, 'freq_high_hz': 3800, 'power_thresh_percentile': 97, 'mdl_beta': 1.7034068269760652}. Best is trial 78 with value: 0.494957547881154.
[I 2026-03-10 23:23:41,192] Trial 195 finished with value: 0.49470371394954776 and parameters: {'window_ms': 215, 'overlap': 0.9, 'freq_low_hz': 1000, 'freq_high_hz': 3800, 'power_thresh_percentile': 97, 'mdl_beta': 1.409752658953821}. Best is trial 78 with value: 0.494957547881154.
[I 2026-03-10 23:24:06,435] Trial 197 finished with value: 0.487409497911254 and parameters: {'window_ms': 110, 'overlap': 0.9, 'freq_low_hz': 1100, 'freq_high_hz': 4200, 'power_thresh_percentile': 96, 'mdl_beta': 1.445843176874664}. Best is trial 78 with value: 0.494957547881154.
/home/mkeller/mkeller/signal-processing-research/localization/tuning/run_optuna_respeaker_v3.py:97: UserWarning: The distribution is specified by [1550, 6000] and step=100, but the range is not divisible by `step`. It will be replaced with [1550, 5950].
  freq_high_hz = trial.suggest_int("freq_high_hz", min_high, 6000, step=100)
[I 2026-03-10 23:24:22,621] Trial 198 finished with value: 0.4875887708175593 and parameters: {'window_ms': 215, 'overlap': 0.9, 'freq_low_hz': 1150, 'freq_high_hz': 3750, 'power_thresh_percentile': 96, 'mdl_beta': 1.3829525289347542}. Best is trial 78 with value: 0.494957547881154.
[I 2026-03-10 23:24:24,387] Trial 199 finished with value: 0.4867772226336235 and parameters: {'window_ms': 215, 'overlap': 0.9, 'freq_low_hz': 1150, 'freq_high_hz': 3850, 'power_thresh_percentile': 96, 'mdl_beta': 1.3809705488831523}. Best is trial 78 with value: 0.494957547881154.
[I 2026-03-10 23:24:30,895] Trial 202 finished with value: 0.48603110777016495 and parameters: {'window_ms': 105, 'overlap': 0.9, 'freq_low_hz': 1050, 'freq_high_hz': 3800, 'power_thresh_percentile': 97, 'mdl_beta': 0.9261128314079873}. Best is trial 78 with value: 0.494957547881154.
[I 2026-03-10 23:24:33,362] Trial 200 finished with value: 0.4950764414984273 and parameters: {'window_ms': 215, 'overlap': 0.9, 'freq_low_hz': 1100, 'freq_high_hz': 3800, 'power_thresh_percentile': 96, 'mdl_beta': 1.1036711463337165}. Best is trial 200 with value: 0.4950764414984273.
[I 2026-03-10 23:24:36,634] Trial 201 finished with value: 0.4871100741270318 and parameters: {'window_ms': 145, 'overlap': 0.9, 'freq_low_hz': 1150, 'freq_high_hz': 3750, 'power_thresh_percentile': 96, 'mdl_beta': 1.3903523630182846}. Best is trial 200 with value: 0.4950764414984273.
