[I 2026-03-10 23:16:48,925] Trial 130 finished with value: 0.446392765030843 and parameters: {'window_ms': 140, 'overlap': 0.65, 'freq_low_hz': 950, 'freq_high_hz': 4400, 'power_thresh_percentile': 62, 'mdl_beta': 4.009690385604338}. Best is trial 78 with value: 0.494957547881154.
[I 2026-03-10 23:16:55,527] Trial 150 finished with value: 0.48113926107701366 and parameters: {'window_ms': 140, 'overlap': 0.6000000000000001, 'freq_low_hz': 900, 'freq_high_hz': 3200, 'power_thresh_percentile': 98, 'mdl_beta': 5.3722506518164375}. Best is trial 78 with value: 0.494957547881154.
[I 2026-03-10 23:16:57,176] Trial 149 finished with value: 0.4792143613055365 and parameters: {'window_ms': 135, 'overlap': 0.6000000000000001, 'freq_low_hz': 900, 'freq_high_hz': 3900, 'power_thresh_percentile': 98, 'mdl_beta': 5.160282522164544}. Best is trial 78 with value: 0.494957547881154.
[I 2026-03-10 23:17:15,386] Trial 152 finished with value: 0.4795848738448647 and parameters: {'window_ms': 135, 'overlap': 0.75, 'freq_low_hz': 900, 'freq_high_hz': 3300, 'power_thresh_percentile': 98, 'mdl_beta': 1.7878123031416921}. Best is trial 78 with value: 0.494957547881154.
[I 2026-03-10 23:17:16,770] Trial 153 finished with value: 0.47054303926835434 and parameters: {'window_ms': 135, 'overlap': 0.5, 'freq_low_hz': 900, 'freq_high_hz': 3700, 'power_thresh_percentile': 98, 'mdl_beta': 7.264141566840834}. Best is trial 78 with value: 0.494957547881154.
[I 2026-03-10 23:17:24,115] Trial 154 finished with value: 0.47088214797257893 and parameters: {'window_ms': 115, 'overlap': 0.5, 'freq_low_hz': 900, 'freq_high_hz': 3400, 'power_thresh_percentile': 95, 'mdl_beta': 7.225637004671624}. Best is trial 78 with value: 0.494957547881154.
[I 2026-03-10 23:17:30,225] Trial 133 finished with value: 0.45330809826271434 and parameters: {'window_ms': 140, 'overlap': 0.6000000000000001, 'freq_low_hz': 1200, 'freq_high_hz': 5900, 'power_thresh_percentile': 66, 'mdl_beta': 6.347593976034087}. Best is trial 78 with value: 0.494957547881154.
[I 2026-03-10 23:17:42,881] Trial 156 finished with value: 0.4790317194497429 and parameters: {'window_ms': 150, 'overlap': 0.5, 'freq_low_hz': 950, 'freq_high_hz': 3500, 'power_thresh_percentile': 95, 'mdl_beta': 2.2778650044945237}. Best is trial 78 with value: 0.494957547881154.
[I 2026-03-10 23:17:49,248] Trial 155 finished with value: 0.4714870495449039 and parameters: {'window_ms': 105, 'overlap': 0.7, 'freq_low_hz': 950, 'freq_high_hz': 3700, 'power_thresh_percentile': 95, 'mdl_beta': 7.579733659242605}. Best is trial 78 with value: 0.494957547881154.
/home/mkeller/mkeller/signal-processing-research/localization/tuning/run_optuna_respeaker_v3.py:97: UserWarning: The distribution is specified by [1550, 6000] and step=100, but the range is not divisible by `step`. It will be replaced with [1550, 5950].
  freq_high_hz = trial.suggest_int("freq_high_hz", min_high, 6000, step=100)
[I 2026-03-10 23:18:03,902] Trial 158 finished with value: 0.4707784990638591 and parameters: {'window_ms': 130, 'overlap': 0.75, 'freq_low_hz': 950, 'freq_high_hz': 3500, 'power_thresh_percentile': 96, 'mdl_beta': 2.3031216739137537}. Best is trial 78 with value: 0.494957547881154.
[I 2026-03-10 23:18:07,319] Trial 157 finished with value: 0.4718067903003503 and parameters: {'window_ms': 150, 'overlap': 0.75, 'freq_low_hz': 950, 'freq_high_hz': 4400, 'power_thresh_percentile': 96, 'mdl_beta': 7.52899615338792}. Best is trial 78 with value: 0.494957547881154.
[I 2026-03-10 23:18:28,069] Trial 159 finished with value: 0.478536027892705 and parameters: {'window_ms': 130, 'overlap': 0.75, 'freq_low_hz': 850, 'freq_high_hz': 4400, 'power_thresh_percentile': 96, 'mdl_beta': 7.57677868971966}. Best is trial 78 with value: 0.494957547881154.
[I 2026-03-10 23:18:28,960] Trial 160 finished with value: 0.47854668282865687 and parameters: {'window_ms': 130, 'overlap': 0.75, 'freq_low_hz': 1150, 'freq_high_hz': 4650, 'power_thresh_percentile': 96, 'mdl_beta': 6.750486619086223}. Best is trial 78 with value: 0.494957547881154.
[I 2026-03-10 23:18:31,672] Trial 148 finished with value: 0.4425398279404138 and parameters: {'window_ms': 140, 'overlap': 0.6000000000000001, 'freq_low_hz': 900, 'freq_high_hz': 3300, 'power_thresh_percentile': 58, 'mdl_beta': 6.752078716986193}. Best is trial 78 with value: 0.494957547881154.
[I 2026-03-10 23:18:55,983] Trial 135 finished with value: 0.46077312620269717 and parameters: {'window_ms': 140, 'overlap': 0.65, 'freq_low_hz': 850, 'freq_high_hz': 5900, 'power_thresh_percentile': 61, 'mdl_beta': 6.287626296918624}. Best is trial 78 with value: 0.494957547881154.
[I 2026-03-10 23:19:08,991] Trial 104 finished with value: 0.44574255601627877 and parameters: {'window_ms': 250, 'overlap': 0.8500000000000001, 'freq_low_hz': 650, 'freq_high_hz': 5500, 'power_thresh_percentile': 66, 'mdl_beta': 7.297720324605869}. Best is trial 78 with value: 0.494957547881154.
[I 2026-03-10 23:19:14,973] Trial 162 finished with value: 0.479744882935033 and parameters: {'window_ms': 130, 'overlap': 0.9, 'freq_low_hz': 850, 'freq_high_hz': 4600, 'power_thresh_percentile': 97, 'mdl_beta': 6.736955102589993}. Best is trial 78 with value: 0.494957547881154.
[I 2026-03-10 23:19:58,167] Trial 151 finished with value: 0.45429930138963964 and parameters: {'window_ms': 135, 'overlap': 0.75, 'freq_low_hz': 900, 'freq_high_hz': 3300, 'power_thresh_percentile': 58, 'mdl_beta': 2.188732537655561}. Best is trial 78 with value: 0.494957547881154.
[I 2026-03-10 23:20:06,473] Trial 168 finished with value: 0.4851556736254353 and parameters: {'window_ms': 230, 'overlap': 0.7, 'freq_low_hz': 750, 'freq_high_hz': 3800, 'power_thresh_percentile': 93, 'mdl_beta': 7.1218911619509875}. Best is trial 78 with value: 0.494957547881154.
[I 2026-03-10 23:20:09,249] Trial 161 finished with value: 0.4776825849929567 and parameters: {'window_ms': 150, 'overlap': 0.9, 'freq_low_hz': 1000, 'freq_high_hz': 4600, 'power_thresh_percentile': 93, 'mdl_beta': 6.73678256361349}. Best is trial 78 with value: 0.494957547881154.
[I 2026-03-10 23:20:30,861] Trial 163 finished with value: 0.4786771062617005 and parameters: {'window_ms': 155, 'overlap': 0.9, 'freq_low_hz': 1000, 'freq_high_hz': 4600, 'power_thresh_percentile': 93, 'mdl_beta': 4.750868745030749}. Best is trial 78 with value: 0.494957547881154.
[I 2026-03-10 23:20:43,860] Trial 166 finished with value: 0.48519304428968096 and parameters: {'window_ms': 165, 'overlap': 0.9, 'freq_low_hz': 1000, 'freq_high_hz': 3800, 'power_thresh_percentile': 93, 'mdl_beta': 2.109008413365718}. Best is trial 78 with value: 0.494957547881154.
[I 2026-03-10 23:20:48,924] Trial 169 finished with value: 0.4794860613528901 and parameters: {'window_ms': 230, 'overlap': 0.7, 'freq_low_hz': 750, 'freq_high_hz': 3600, 'power_thresh_percentile': 92, 'mdl_beta': 4.73329576130885}. Best is trial 78 with value: 0.494957547881154.
[I 2026-03-10 23:20:53,141] Trial 171 finished with value: 0.47755864598816666 and parameters: {'window_ms': 165, 'overlap': 0.65, 'freq_low_hz': 800, 'freq_high_hz': 3600, 'power_thresh_percentile': 92, 'mdl_beta': 4.734700153306647}. Best is trial 78 with value: 0.494957547881154.
[I 2026-03-10 23:20:57,010] Trial 167 finished with value: 0.4863005510778128 and parameters: {'window_ms': 155, 'overlap': 0.9, 'freq_low_hz': 1000, 'freq_high_hz': 4000, 'power_thresh_percentile': 93, 'mdl_beta': 1.9616412648099637}. Best is trial 78 with value: 0.494957547881154.
[I 2026-03-10 23:21:08,821] Trial 173 finished with value: 0.47137934723847047 and parameters: {'window_ms': 115, 'overlap': 0.65, 'freq_low_hz': 800, 'freq_high_hz': 3600, 'power_thresh_percentile': 97, 'mdl_beta': 6.515327686274168}. Best is trial 78 with value: 0.494957547881154.
[I 2026-03-10 23:21:10,676] Trial 164 finished with value: 0.4731289680423002 and parameters: {'window_ms': 155, 'overlap': 0.9, 'freq_low_hz': 1000, 'freq_high_hz': 5600, 'power_thresh_percentile': 93, 'mdl_beta': 4.669311612338129}. Best is trial 78 with value: 0.494957547881154.
[I 2026-03-10 23:21:16,239] Trial 165 finished with value: 0.4731289680423002 and parameters: {'window_ms': 155, 'overlap': 0.9, 'freq_low_hz': 1000, 'freq_high_hz': 5600, 'power_thresh_percentile': 93, 'mdl_beta': 7.08988434046047}. Best is trial 78 with value: 0.494957547881154.
[I 2026-03-10 23:21:20,606] Trial 174 finished with value: 0.4710234254037775 and parameters: {'window_ms': 85, 'overlap': 0.65, 'freq_low_hz': 800, 'freq_high_hz': 5600, 'power_thresh_percentile': 97, 'mdl_beta': 6.498980200678415}. Best is trial 78 with value: 0.494957547881154.
[I 2026-03-10 23:21:21,314] Trial 175 finished with value: 0.4855869017000174 and parameters: {'window_ms': 115, 'overlap': 0.65, 'freq_low_hz': 1050, 'freq_high_hz': 4000, 'power_thresh_percentile': 97, 'mdl_beta': 6.540729211534845}. Best is trial 78 with value: 0.494957547881154.
[I 2026-03-10 23:21:25,611] Trial 170 finished with value: 0.46192096980690345 and parameters: {'window_ms': 165, 'overlap': 0.65, 'freq_low_hz': 1000, 'freq_high_hz': 3600, 'power_thresh_percentile': 80, 'mdl_beta': 6.044617173424916}. Best is trial 78 with value: 0.494957547881154.
[I 2026-03-10 23:21:32,485] Trial 172 finished with value: 0.47812846934500763 and parameters: {'window_ms': 165, 'overlap': 0.65, 'freq_low_hz': 800, 'freq_high_hz': 5600, 'power_thresh_percentile': 92, 'mdl_beta': 6.962484597186826}. Best is trial 78 with value: 0.494957547881154.
[I 2026-03-10 23:21:39,607] Trial 179 finished with value: 0.4923068118197123 and parameters: {'window_ms': 175, 'overlap': 0.55, 'freq_low_hz': 1050, 'freq_high_hz': 4000, 'power_thresh_percentile': 97, 'mdl_beta': 6.971397185919826}. Best is trial 78 with value: 0.494957547881154.
[I 2026-03-10 23:21:40,393] Trial 178 finished with value: 0.48482017053201376 and parameters: {'window_ms': 100, 'overlap': 0.55, 'freq_low_hz': 1050, 'freq_high_hz': 6000, 'power_thresh_percentile': 97, 'mdl_beta': 1.8373827027568663}. Best is trial 78 with value: 0.494957547881154.
[I 2026-03-10 23:21:44,839] Trial 181 finished with value: 0.48360357743390503 and parameters: {'window_ms': 125, 'overlap': 0.55, 'freq_low_hz': 1050, 'freq_high_hz': 4100, 'power_thresh_percentile': 98, 'mdl_beta': 1.9665462221841647}. Best is trial 78 with value: 0.494957547881154.
[I 2026-03-10 23:21:47,601] Trial 182 finished with value: 0.4782800283851615 and parameters: {'window_ms': 100, 'overlap': 0.55, 'freq_low_hz': 1050, 'freq_high_hz': 4100, 'power_thresh_percentile': 98, 'mdl_beta': 1.9449309636661394}. Best is trial 78 with value: 0.494957547881154.
[I 2026-03-10 23:21:51,409] Trial 176 finished with value: 0.487386746147199 and parameters: {'window_ms': 115, 'overlap': 0.9, 'freq_low_hz': 1050, 'freq_high_hz': 4000, 'power_thresh_percentile': 97, 'mdl_beta': 1.6211318045991279}. Best is trial 78 with value: 0.494957547881154.
[I 2026-03-10 23:21:51,789] Trial 180 finished with value: 0.4709358182979542 and parameters: {'window_ms': 175, 'overlap': 0.55, 'freq_low_hz': 850, 'freq_high_hz': 4000, 'power_thresh_percentile': 95, 'mdl_beta': 1.9651890172935014}. Best is trial 78 with value: 0.494957547881154.
[I 2026-03-10 23:21:55,030] Trial 183 finished with value: 0.4838601724695973 and parameters: {'window_ms': 125, 'overlap': 0.55, 'freq_low_hz': 1050, 'freq_high_hz': 4000, 'power_thresh_percentile': 98, 'mdl_beta': 2.465509767320997}. Best is trial 78 with value: 0.494957547881154.
[I 2026-03-10 23:22:04,008] Trial 177 finished with value: 0.48738880564886394 and parameters: {'window_ms': 155, 'overlap': 0.9, 'freq_low_hz': 1050, 'freq_high_hz': 3900, 'power_thresh_percentile': 97, 'mdl_beta': 1.5906218654466184}. Best is trial 78 with value: 0.494957547881154.
GMDA: Selected 41102 TF points.
GMDA: Selected 41102 TF points.
GMDA: Selected 41102 TF points.
GMDA: Selected 41102 TF points.
GMDA: Selected 41102 TF points.
GMDA: Selected 41102 TF points.
GMDA: Selected 41102 TF points.
GMDA: Selected 41102 TF points.
GMDA: Selected 41102 TF points.
GMDA: Selected 41102 TF points.
GMDA: Selected 41102 TF points.
GMDA: Selected 41102 TF points.
GMDA: Selected 41102 TF points.
GMDA: Selected 41102 TF points.
GMDA: Selected 41102 TF points.
GMDA: Selected 41102 TF points.
GMDA: Selected 6330 TF points.
GMDA: Selected 6330 TF points.
GMDA: Selected 6330 TF points.
GMDA: Selected 6330 TF points.
GMDA: Selected 6330 TF points.
GMDA: Selected 6330 TF points.
GMDA: Selected 6330 TF points.
GMDA: Selected 6330 TF points.
GMDA: Selected 6330 TF points.
GMDA: Selected 6330 TF points.
GMDA: Selected 6330 TF points.
GMDA: Selected 6330 TF points.
GMDA: Selected 6330 TF points.
GMDA: Selected 6330 TF points.
GMDA: Selected 6330 TF points.
GMDA: Selected 6330 TF points.
GMDA: Selected 20625 TF points.
GMDA: Selected 20625 TF points.
GMDA: Selected 20625 TF points.
GMDA: Selected 20625 TF points.
GMDA: Selected 20625 TF points.
GMDA: Selected 20625 TF points.
GMDA: Selected 20625 TF points.
GMDA: Selected 20625 TF points.
GMDA: Selected 20625 TF points.
GMDA: Selected 20625 TF points.
GMDA: Selected 20625 TF points.
GMDA: Selected 20625 TF points.
GMDA: Selected 20625 TF points.
GMDA: Selected 20625 TF points.
GMDA: Selected 20625 TF points.
GMDA: Selected 20625 TF points.
GMDA: Selected 26500 TF points.
GMDA: Selected 26500 TF points.
GMDA: Selected 26500 TF points.
GMDA: Selected 26500 TF points.
GMDA: Selected 26500 TF points.
GMDA: Selected 26500 TF points.
GMDA: Selected 26500 TF points.
GMDA: Selected 26500 TF points.
GMDA: Selected 26500 TF points.
GMDA: Selected 26500 TF points.
GMDA: Selected 26500 TF points.
GMDA: Selected 26500 TF points.
GMDA: Selected 26500 TF points.
GMDA: Selected 26500 TF points.
GMDA: Selected 26500 TF points.
GMDA: Selected 26500 TF points.
GMDA: Selected 16130 TF points.
GMDA: Selected 16130 TF points.
GMDA: Selected 16130 TF points.
GMDA: Selected 16130 TF points.
GMDA: Selected 16130 TF points.
GMDA: Selected 16130 TF points.
GMDA: Selected 16130 TF points.
GMDA: Selected 16130 TF points.
GMDA: Selected 16130 TF points.
GMDA: Selected 16130 TF points.
GMDA: Selected 16130 TF points.
GMDA: Selected 16130 TF points.
GMDA: Selected 16130 TF points.
GMDA: Selected 16130 TF points.
GMDA: Selected 16130 TF points.
GMDA: Selected 16130 TF points.
GMDA: Selected 65236 TF points.
GMDA: Selected 65236 TF points.
GMDA: Selected 65236 TF points.
GMDA: Selected 65236 TF points.
GMDA: Selected 65236 TF points.
GMDA: Selected 65236 TF points.
GMDA: Selected 65236 TF points.
GMDA: Selected 65236 TF points.
GMDA: Selected 65236 TF points.
GMDA: Selected 65236 TF points.
GMDA: Selected 65236 TF points.
GMDA: Selected 65236 TF points.
GMDA: Selected 65236 TF points.
GMDA: Selected 65236 TF points.
GMDA: Selected 65236 TF points.
GMDA: Selected 65236 TF points.
GMDA: Selected 28541 TF points.
GMDA: Selected 28541 TF points.
GMDA: Selected 28541 TF points.
GMDA: Selected 28541 TF points.
GMDA: Selected 28541 TF points.
GMDA: Selected 28541 TF points.
GMDA: Selected 28541 TF points.
GMDA: Selected 28541 TF points.
GMDA: Selected 28541 TF points.
GMDA: Selected 28541 TF points.
GMDA: Selected 28541 TF points.
GMDA: Selected 28541 TF points.
GMDA: Selected 28541 TF points.
GMDA: Selected 28541 TF points.
GMDA: Selected 28541 TF points.
GMDA: Selected 28541 TF points.
GMDA: Selected 15582 TF points.
GMDA: Selected 15582 TF points.
GMDA: Selected 15582 TF points.
GMDA: Selected 15582 TF points.
GMDA: Selected 15582 TF points.
GMDA: Selected 15582 TF points.
GMDA: Selected 15582 TF points.
GMDA: Selected 15582 TF points.
GMDA: Selected 15582 TF points.
GMDA: Selected 15582 TF points.
GMDA: Selected 15582 TF points.
GMDA: Selected 15582 TF points.
GMDA: Selected 15582 TF points.
GMDA: Selected 15582 TF points.
GMDA: Selected 15582 TF points.
GMDA: Selected 15582 TF points.
GMDA: Selected 23907 TF points.
GMDA: Selected 23907 TF points.
GMDA: Selected 23907 TF points.
GMDA: Selected 23907 TF points.
GMDA: Selected 23907 TF points.
GMDA: Selected 23907 TF points.
GMDA: Selected 23907 TF points.
GMDA: Selected 23907 TF points.
GMDA: Selected 23907 TF points.
GMDA: Selected 23907 TF points.
GMDA: Selected 23907 TF points.
GMDA: Selected 23907 TF points.
GMDA: Selected 23907 TF points.
GMDA: Selected 23907 TF points.
GMDA: Selected 23907 TF points.
GMDA: Selected 23907 TF points.
GMDA: Selected 5579 TF points.
GMDA: Selected 5579 TF points.
GMDA: Selected 5579 TF points.
GMDA: Selected 5579 TF points.
GMDA: Selected 5579 TF points.
GMDA: Selected 5579 TF points.
GMDA: Selected 5579 TF points.
GMDA: Selected 5579 TF points.
GMDA: Selected 5579 TF points.
GMDA: Selected 5579 TF points.
GMDA: Selected 5579 TF points.
GMDA: Selected 5579 TF points.
GMDA: Selected 5579 TF points.
GMDA: Selected 5579 TF points.
GMDA: Selected 5579 TF points.
GMDA: Selected 5579 TF points.
GMDA: Selected 10696 TF points.
GMDA: Selected 10696 TF points.
GMDA: Selected 10696 TF points.
GMDA: Selected 10696 TF points.
GMDA: Selected 10696 TF points.
GMDA: Selected 10696 TF points.
GMDA: Selected 10696 TF points.
GMDA: Selected 10696 TF points.
GMDA: Selected 10696 TF points.
GMDA: Selected 10696 TF points.
GMDA: Selected 10696 TF points.
GMDA: Selected 10696 TF points.
GMDA: Selected 10696 TF points.
GMDA: Selected 10696 TF points.
GMDA: Selected 10696 TF points.
GMDA: Selected 10696 TF points.
GMDA: Selected 24300 TF points.
GMDA: Selected 24300 TF points.
GMDA: Selected 24300 TF points.
GMDA: Selected 24300 TF points.
GMDA: Selected 24300 TF points.
GMDA: Selected 24300 TF points.
GMDA: Selected 24300 TF points.
GMDA: Selected 24300 TF points.
GMDA: Selected 24300 TF points.
GMDA: Selected 24300 TF points.
GMDA: Selected 24300 TF points.
GMDA: Selected 24300 TF points.
GMDA: Selected 24300 TF points.
GMDA: Selected 24300 TF points.
GMDA: Selected 24300 TF points.
GMDA: Selected 24300 TF points.
GMDA: Selected 56800 TF points.
GMDA: Selected 56800 TF points.
GMDA: Selected 56800 TF points.
GMDA: Selected 56800 TF points.
GMDA: Selected 56800 TF points.
GMDA: Selected 56800 TF points.
GMDA: Selected 56800 TF points.
GMDA: Selected 56800 TF points.
GMDA: Selected 56800 TF points.
GMDA: Selected 56800 TF points.
GMDA: Selected 56800 TF points.
GMDA: Selected 56800 TF points.
GMDA: Selected 56800 TF points.
GMDA: Selected 56800 TF points.
GMDA: Selected 56800 TF points.
GMDA: Selected 56800 TF points.
GMDA: Selected 19706 TF points.
GMDA: Selected 19706 TF points.
GMDA: Selected 19706 TF points.
GMDA: Selected 19706 TF points.
GMDA: Selected 19706 TF points.
GMDA: Selected 19706 TF points.
GMDA: Selected 19706 TF points.
GMDA: Selected 19706 TF points.
GMDA: Selected 19706 TF points.
GMDA: Selected 19706 TF points.
GMDA: Selected 19706 TF points.
GMDA: Selected 19706 TF points.
GMDA: Selected 19706 TF points.
GMDA: Selected 19706 TF points.
GMDA: Selected 19706 TF points.
GMDA: Selected 19706 TF points.
GMDA: Selected 2423 TF points.
GMDA: Selected 2423 TF points.
GMDA: Selected 2423 TF points.
GMDA: Selected 2423 TF points.
GMDA: Selected 2423 TF points.
GMDA: Selected 2423 TF points.
GMDA: Selected 2423 TF points.
GMDA: Selected 2423 TF points.
GMDA: Selected 2423 TF points.
GMDA: Selected 2423 TF points.
GMDA: Selected 2423 TF points.
GMDA: Selected 2423 TF points.
GMDA: Selected 2423 TF points.
GMDA: Selected 2423 TF points.
GMDA: Selected 2423 TF points.
GMDA: Selected 2423 TF points.
GMDA: Selected 8580 TF points.
GMDA: Selected 8580 TF points.
GMDA: Selected 8580 TF points.
GMDA: Selected 8580 TF points.
GMDA: Selected 8580 TF points.
GMDA: Selected 8580 TF points.
GMDA: Selected 8580 TF points.
GMDA: Selected 8580 TF points.
GMDA: Selected 8580 TF points.
GMDA: Selected 8580 TF points.
GMDA: Selected 8580 TF points.
GMDA: Selected 8580 TF points.
GMDA: Selected 8580 TF points.
GMDA: Selected 8580 TF points.
GMDA: Selected 8580 TF points.
GMDA: Selected 8580 TF points.
GMDA: Selected 14028 TF points.
GMDA: Selected 14028 TF points.
[I 2026-03-10 23:22:09,957] Trial 185 finished with value: 0.47134940781591533 and parameters: {'window_ms': 180, 'overlap': 0.55, 'freq_low_hz': 1050, 'freq_high_hz': 4000, 'power_thresh_percentile': 95, 'mdl_beta': 7.043147021270045}. Best is trial 78 with value: 0.494957547881154.
