[I 2026-03-10 23:35:16,805] Trial 271 finished with value: 0.48030677242362574 and parameters: {'window_ms': 230, 'overlap': 0.9, 'freq_low_hz': 1200, 'freq_high_hz': 4100, 'power_thresh_percentile': 93, 'mdl_beta': 1.5008738557842012}. Best is trial 268 with value: 0.4966994657406606.
[I 2026-03-10 23:35:40,073] Trial 274 finished with value: 0.48483004329971585 and parameters: {'window_ms': 230, 'overlap': 0.9, 'freq_low_hz': 1200, 'freq_high_hz': 4400, 'power_thresh_percentile': 95, 'mdl_beta': 1.5550152310999141}. Best is trial 268 with value: 0.4966994657406606.
[I 2026-03-10 23:36:01,355] Trial 273 finished with value: 0.4846600211431873 and parameters: {'window_ms': 190, 'overlap': 0.9, 'freq_low_hz': 1200, 'freq_high_hz': 4100, 'power_thresh_percentile': 93, 'mdl_beta': 1.1637088448229724}. Best is trial 268 with value: 0.4966994657406606.
[I 2026-03-10 23:36:05,461] Trial 275 finished with value: 0.4849971800834222 and parameters: {'window_ms': 230, 'overlap': 0.9, 'freq_low_hz': 1200, 'freq_high_hz': 4400, 'power_thresh_percentile': 94, 'mdl_beta': 1.151966220980391}. Best is trial 268 with value: 0.4966994657406606.
[I 2026-03-10 23:36:37,015] Trial 277 finished with value: 0.48613547008141295 and parameters: {'window_ms': 190, 'overlap': 0.9, 'freq_low_hz': 1200, 'freq_high_hz': 4200, 'power_thresh_percentile': 95, 'mdl_beta': 1.0867489082758806}. Best is trial 268 with value: 0.4966994657406606.
[I 2026-03-10 23:36:44,850] Trial 276 finished with value: 0.48655839760857594 and parameters: {'window_ms': 230, 'overlap': 0.9, 'freq_low_hz': 1200, 'freq_high_hz': 4100, 'power_thresh_percentile': 94, 'mdl_beta': 1.1875418524411578}. Best is trial 268 with value: 0.4966994657406606.
[I 2026-03-10 23:37:14,433] Trial 278 finished with value: 0.4791923977217673 and parameters: {'window_ms': 190, 'overlap': 0.9, 'freq_low_hz': 1200, 'freq_high_hz': 4200, 'power_thresh_percentile': 94, 'mdl_beta': 1.1234320825625743}. Best is trial 268 with value: 0.4966994657406606.
[I 2026-03-10 23:37:29,214] Trial 280 finished with value: 0.49353241709237916 and parameters: {'window_ms': 235, 'overlap': 0.9, 'freq_low_hz': 1200, 'freq_high_hz': 4200, 'power_thresh_percentile': 95, 'mdl_beta': 0.7919434019879243}. Best is trial 268 with value: 0.4966994657406606.
[I 2026-03-10 23:37:29,994] Trial 279 finished with value: 0.48632484605813164 and parameters: {'window_ms': 225, 'overlap': 0.9, 'freq_low_hz': 1200, 'freq_high_hz': 4200, 'power_thresh_percentile': 95, 'mdl_beta': 1.0882794057605414}. Best is trial 268 with value: 0.4966994657406606.
[I 2026-03-10 23:37:36,269] Trial 282 finished with value: 0.47916341238454424 and parameters: {'window_ms': 205, 'overlap': 0.9, 'freq_low_hz': 1200, 'freq_high_hz': 4200, 'power_thresh_percentile': 97, 'mdl_beta': 0.7385642269157433}. Best is trial 268 with value: 0.4966994657406606.
[I 2026-03-10 23:37:54,788] Trial 281 finished with value: 0.48804523041304054 and parameters: {'window_ms': 205, 'overlap': 0.9, 'freq_low_hz': 1200, 'freq_high_hz': 4200, 'power_thresh_percentile': 95, 'mdl_beta': 0.8404915852776531}. Best is trial 268 with value: 0.4966994657406606.
[I 2026-03-10 23:38:10,557] Trial 285 finished with value: 0.48393657859414363 and parameters: {'window_ms': 235, 'overlap': 0.8500000000000001, 'freq_low_hz': 1200, 'freq_high_hz': 4200, 'power_thresh_percentile': 97, 'mdl_beta': 0.7543546826853107}. Best is trial 268 with value: 0.4966994657406606.
[I 2026-03-10 23:38:10,873] Trial 283 finished with value: 0.47916341238454424 and parameters: {'window_ms': 205, 'overlap': 0.9, 'freq_low_hz': 1200, 'freq_high_hz': 4200, 'power_thresh_percentile': 97, 'mdl_beta': 1.3242899268967476}. Best is trial 268 with value: 0.4966994657406606.
[I 2026-03-10 23:38:19,010] Trial 286 finished with value: 0.4871158223852141 and parameters: {'window_ms': 220, 'overlap': 0.8500000000000001, 'freq_low_hz': 1200, 'freq_high_hz': 4100, 'power_thresh_percentile': 97, 'mdl_beta': 1.3061106232414152}. Best is trial 268 with value: 0.4966994657406606.
[I 2026-03-10 23:38:36,149] Trial 289 finished with value: 0.4774111712001785 and parameters: {'window_ms': 240, 'overlap': 0.35, 'freq_low_hz': 1200, 'freq_high_hz': 4100, 'power_thresh_percentile': 95, 'mdl_beta': 0.9290190097625264}. Best is trial 268 with value: 0.4966994657406606.
[I 2026-03-10 23:39:07,770] Trial 288 finished with value: 0.4870154053084682 and parameters: {'window_ms': 240, 'overlap': 0.8500000000000001, 'freq_low_hz': 1200, 'freq_high_hz': 4100, 'power_thresh_percentile': 96, 'mdl_beta': 0.9321543406308791}. Best is trial 268 with value: 0.4966994657406606.
[I 2026-03-10 23:39:37,535] Trial 290 finished with value: 0.4923055235376109 and parameters: {'window_ms': 240, 'overlap': 0.9, 'freq_low_hz': 1200, 'freq_high_hz': 4000, 'power_thresh_percentile': 95, 'mdl_beta': 0.9587109197302901}. Best is trial 268 with value: 0.4966994657406606.
[I 2026-03-10 23:39:38,543] Trial 292 finished with value: 0.47870940334602297 and parameters: {'window_ms': 225, 'overlap': 0.45, 'freq_low_hz': 1150, 'freq_high_hz': 3850, 'power_thresh_percentile': 93, 'mdl_beta': 1.602098676497629}. Best is trial 268 with value: 0.4966994657406606.
[I 2026-03-10 23:40:07,486] Trial 291 finished with value: 0.48478480158789017 and parameters: {'window_ms': 220, 'overlap': 0.9, 'freq_low_hz': 1150, 'freq_high_hz': 3850, 'power_thresh_percentile': 94, 'mdl_beta': 0.9585117639438678}. Best is trial 268 with value: 0.4966994657406606.
GMDA: Selected 14028 TF points.
GMDA: Selected 14028 TF points.
GMDA: Selected 14028 TF points.
GMDA: Selected 14028 TF points.
GMDA: Selected 14028 TF points.
GMDA: Selected 14028 TF points.
GMDA: Selected 14028 TF points.
GMDA: Selected 14028 TF points.
GMDA: Selected 14028 TF points.
GMDA: Selected 14028 TF points.
GMDA: Selected 14028 TF points.
GMDA: Selected 14028 TF points.
GMDA: Selected 14028 TF points.
GMDA: Selected 14028 TF points.
GMDA: Selected 10443 TF points.
GMDA: Selected 10443 TF points.
GMDA: Selected 10443 TF points.
GMDA: Selected 10443 TF points.
GMDA: Selected 10443 TF points.
GMDA: Selected 10443 TF points.
GMDA: Selected 10443 TF points.
GMDA: Selected 10443 TF points.
GMDA: Selected 10443 TF points.
GMDA: Selected 10443 TF points.
GMDA: Selected 10443 TF points.
GMDA: Selected 10443 TF points.
GMDA: Selected 10443 TF points.
GMDA: Selected 10443 TF points.
GMDA: Selected 10443 TF points.
GMDA: Selected 10443 TF points.
GMDA: Selected 7832 TF points.
GMDA: Selected 7832 TF points.
GMDA: Selected 7832 TF points.
GMDA: Selected 7832 TF points.
GMDA: Selected 7832 TF points.
GMDA: Selected 7832 TF points.
GMDA: Selected 7832 TF points.
GMDA: Selected 7832 TF points.
GMDA: Selected 7832 TF points.
GMDA: Selected 7832 TF points.
GMDA: Selected 7832 TF points.
GMDA: Selected 7832 TF points.
GMDA: Selected 7832 TF points.
GMDA: Selected 7832 TF points.
GMDA: Selected 7832 TF points.
GMDA: Selected 7832 TF points.
GMDA: Selected 12030 TF points.
GMDA: Selected 12030 TF points.
GMDA: Selected 12030 TF points.
GMDA: Selected 12030 TF points.
GMDA: Selected 12030 TF points.
GMDA: Selected 12030 TF points.
GMDA: Selected 12030 TF points.
GMDA: Selected 12030 TF points.
GMDA: Selected 12030 TF points.
GMDA: Selected 12030 TF points.
GMDA: Selected 12030 TF points.
GMDA: Selected 12030 TF points.
GMDA: Selected 12030 TF points.
GMDA: Selected 12030 TF points.
GMDA: Selected 12030 TF points.
GMDA: Selected 12030 TF points.
GMDA: Selected 18098 TF points.
GMDA: Selected 18098 TF points.
GMDA: Selected 18098 TF points.
GMDA: Selected 18098 TF points.
GMDA: Selected 18098 TF points.
GMDA: Selected 18098 TF points.
GMDA: Selected 18098 TF points.
GMDA: Selected 18098 TF points.
GMDA: Selected 18098 TF points.
GMDA: Selected 18098 TF points.
GMDA: Selected 18098 TF points.
GMDA: Selected 18098 TF points.
GMDA: Selected 18098 TF points.
GMDA: Selected 18098 TF points.
GMDA: Selected 18098 TF points.
GMDA: Selected 18098 TF points.
GMDA: Selected 14548 TF points.
GMDA: Selected 14548 TF points.
GMDA: Selected 14548 TF points.
GMDA: Selected 14548 TF points.
GMDA: Selected 14548 TF points.
GMDA: Selected 14548 TF points.
GMDA: Selected 14548 TF points.
GMDA: Selected 14548 TF points.
GMDA: Selected 14548 TF points.
GMDA: Selected 14548 TF points.
GMDA: Selected 14548 TF points.
GMDA: Selected 14548 TF points.
GMDA: Selected 14548 TF points.
GMDA: Selected 14548 TF points.
GMDA: Selected 14548 TF points.
GMDA: Selected 14548 TF points.
GMDA: Selected 9634 TF points.
GMDA: Selected 9634 TF points.
GMDA: Selected 9634 TF points.
GMDA: Selected 9634 TF points.
GMDA: Selected 9634 TF points.
GMDA: Selected 9634 TF points.
GMDA: Selected 9634 TF points.
GMDA: Selected 9634 TF points.
GMDA: Selected 9634 TF points.
GMDA: Selected 9634 TF points.
GMDA: Selected 9634 TF points.
GMDA: Selected 9634 TF points.
GMDA: Selected 9634 TF points.
GMDA: Selected 9634 TF points.
GMDA: Selected 9634 TF points.
GMDA: Selected 9634 TF points.
GMDA: Selected 11656 TF points.
GMDA: Selected 11656 TF points.
GMDA: Selected 11656 TF points.
GMDA: Selected 11656 TF points.
GMDA: Selected 11656 TF points.
GMDA: Selected 11656 TF points.
GMDA: Selected 11656 TF points.
GMDA: Selected 11656 TF points.
GMDA: Selected 11656 TF points.
GMDA: Selected 11656 TF points.
GMDA: Selected 11656 TF points.
GMDA: Selected 11656 TF points.
GMDA: Selected 11656 TF points.
GMDA: Selected 11656 TF points.
GMDA: Selected 11656 TF points.
GMDA: Selected 11656 TF points.
GMDA: Selected 16854 TF points.
GMDA: Selected 16854 TF points.
GMDA: Selected 16854 TF points.
GMDA: Selected 16854 TF points.
GMDA: Selected 16854 TF points.
GMDA: Selected 16854 TF points.
GMDA: Selected 16854 TF points.
GMDA: Selected 16854 TF points.
GMDA: Selected 16854 TF points.
GMDA: Selected 16854 TF points.
GMDA: Selected 16854 TF points.
GMDA: Selected 16854 TF points.
GMDA: Selected 16854 TF points.
GMDA: Selected 16854 TF points.
GMDA: Selected 16854 TF points.
GMDA: Selected 16854 TF points.
GMDA: Selected 3757 TF points.
GMDA: Selected 3757 TF points.
GMDA: Selected 3757 TF points.
GMDA: Selected 3757 TF points.
GMDA: Selected 3757 TF points.
GMDA: Selected 3757 TF points.
GMDA: Selected 3757 TF points.
GMDA: Selected 3757 TF points.
GMDA: Selected 3757 TF points.
GMDA: Selected 3757 TF points.
GMDA: Selected 3757 TF points.
GMDA: Selected 3757 TF points.
GMDA: Selected 3757 TF points.
GMDA: Selected 3757 TF points.
GMDA: Selected 3757 TF points.
GMDA: Selected 3757 TF points.
GMDA: Selected 10846 TF points.
GMDA: Selected 10846 TF points.
GMDA: Selected 10846 TF points.
GMDA: Selected 10846 TF points.
GMDA: Selected 10846 TF points.
GMDA: Selected 10846 TF points.
GMDA: Selected 10846 TF points.
GMDA: Selected 10846 TF points.
GMDA: Selected 10846 TF points.
GMDA: Selected 10846 TF points.
GMDA: Selected 10846 TF points.
GMDA: Selected 10846 TF points.
GMDA: Selected 10846 TF points.
GMDA: Selected 10846 TF points.
GMDA: Selected 10846 TF points.
GMDA: Selected 10846 TF points.
GMDA: Selected 20402 TF points.
GMDA: Selected 20402 TF points.
GMDA: Selected 20402 TF points.
GMDA: Selected 20402 TF points.
GMDA: Selected 20402 TF points.
GMDA: Selected 20402 TF points.
GMDA: Selected 20402 TF points.
GMDA: Selected 20402 TF points.
GMDA: Selected 20402 TF points.
GMDA: Selected 20402 TF points.
GMDA: Selected 20402 TF points.
GMDA: Selected 20402 TF points.
GMDA: Selected 20402 TF points.
GMDA: Selected 20402 TF points.
GMDA: Selected 20402 TF points.
GMDA: Selected 20402 TF points.
GMDA: Selected 15075 TF points.
GMDA: Selected 15075 TF points.
GMDA: Selected 15075 TF points.
GMDA: Selected 15075 TF points.
GMDA: Selected 15075 TF points.
GMDA: Selected 15075 TF points.
GMDA: Selected 15075 TF points.
GMDA: Selected 15075 TF points.
GMDA: Selected 15075 TF points.
GMDA: Selected 15075 TF points.
GMDA: Selected 15075 TF points.
GMDA: Selected 15075 TF points.
GMDA: Selected 15075 TF points.
GMDA: Selected 15075 TF points.
GMDA: Selected 15075 TF points.
GMDA: Selected 15075 TF points.
GMDA: Selected 6037 TF points.
GMDA: Selected 6037 TF points.
GMDA: Selected 6037 TF points.
GMDA: Selected 6037 TF points.
GMDA: Selected 6037 TF points.
GMDA: Selected 6037 TF points.
GMDA: Selected 6037 TF points.
GMDA: Selected 6037 TF points.
GMDA: Selected 6037 TF points.
GMDA: Selected 6037 TF points.
GMDA: Selected 6037 TF points.
GMDA: Selected 6037 TF points.
GMDA: Selected 6037 TF points.
GMDA: Selected 6037 TF points.
GMDA: Selected 6037 TF points.
GMDA: Selected 6037 TF points.
GMDA: Selected 7779 TF points.
GMDA: Selected 7779 TF points.
GMDA: Selected 7779 TF points.
GMDA: Selected 7779 TF points.
GMDA: Selected 7779 TF points.
GMDA: Selected 7779 TF points.
GMDA: Selected 7779 TF points.
GMDA: Selected 7779 TF points.
GMDA: Selected 7779 TF points.
GMDA: Selected 7779 TF points.
GMDA: Selected 7779 TF points.
GMDA: Selected 7779 TF points.
GMDA: Selected 7779 TF points.
GMDA: Selected 7779 TF points.
GMDA: Selected 7779 TF points.
GMDA: Selected 7779 TF points.
GMDA: Selected 3490 TF points.
GMDA: Selected 3490 TF points.
GMDA: Selected 3490 TF points.
GMDA: Selected 3490 TF points.
GMDA: Selected 3490 TF points.
GMDA: Selected 3490 TF points.
GMDA: Selected 3490 TF points.
GMDA: Selected 3490 TF points.
GMDA: Selected 3490 TF points.
GMDA: Selected 3490 TF points.
GMDA: Selected 3490 TF points.
GMDA: Selected 3490 TF points.
GMDA: Selected 3490 TF points.
GMDA: Selected 3490 TF points.
GMDA: Selected 3490 TF points.
GMDA: Selected 3490 TF points.
GMDA: Selected 23275 TF points.
GMDA: Selected 23275 TF points.
GMDA: Selected 23275 TF points.
GMDA: Selected 23275 TF points.
GMDA: Selected 23275 TF points.
[I 2026-03-10 23:40:45,162] Trial 293 finished with value: 0.4773739042800424 and parameters: {'window_ms': 245, 'overlap': 0.9, 'freq_low_hz': 1200, 'freq_high_hz': 2600, 'power_thresh_percentile': 92, 'mdl_beta': 0.6484189727148605}. Best is trial 268 with value: 0.4966994657406606.
[I 2026-03-10 23:40:48,346] Trial 287 finished with value: 0.454531525448409 and parameters: {'window_ms': 240, 'overlap': 0.8500000000000001, 'freq_low_hz': 1200, 'freq_high_hz': 4100, 'power_thresh_percentile': 80, 'mdl_beta': 0.8161281417329782}. Best is trial 268 with value: 0.4966994657406606.
[I 2026-03-10 23:41:30,865] Trial 295 finished with value: 0.46512578380202446 and parameters: {'window_ms': 235, 'overlap': 0.9, 'freq_low_hz': 300, 'freq_high_hz': 4000, 'power_thresh_percentile': 95, 'mdl_beta': 0.7221187240772685}. Best is trial 268 with value: 0.4966994657406606.
[I 2026-03-10 23:41:38,287] Trial 294 finished with value: 0.4875531320232089 and parameters: {'window_ms': 240, 'overlap': 0.9, 'freq_low_hz': 1150, 'freq_high_hz': 4050, 'power_thresh_percentile': 92, 'mdl_beta': 0.8192957324117529}. Best is trial 268 with value: 0.4966994657406606.
[I 2026-03-10 23:41:41,465] Trial 260 finished with value: 0.4470703439493202 and parameters: {'window_ms': 200, 'overlap': 0.9, 'freq_low_hz': 1200, 'freq_high_hz': 4000, 'power_thresh_percentile': 53, 'mdl_beta': 1.5483832696076325}. Best is trial 268 with value: 0.4966994657406606.
[I 2026-03-10 23:42:21,180] Trial 297 finished with value: 0.4865837432239794 and parameters: {'window_ms': 235, 'overlap': 0.9, 'freq_low_hz': 1150, 'freq_high_hz': 4450, 'power_thresh_percentile': 95, 'mdl_beta': 0.7048555487269229}. Best is trial 268 with value: 0.4966994657406606.
[I 2026-03-10 23:42:47,138] Trial 261 finished with value: 0.44702072266256676 and parameters: {'window_ms': 200, 'overlap': 0.9, 'freq_low_hz': 1200, 'freq_high_hz': 4000, 'power_thresh_percentile': 50, 'mdl_beta': 1.7830805625659063}. Best is trial 268 with value: 0.4966994657406606.
[I 2026-03-10 23:42:57,254] Trial 298 finished with value: 0.48525411203532204 and parameters: {'window_ms': 225, 'overlap': 0.9, 'freq_low_hz': 1150, 'freq_high_hz': 4050, 'power_thresh_percentile': 95, 'mdl_beta': 1.0443130571379793}. Best is trial 268 with value: 0.4966994657406606.
[I 2026-03-10 23:43:06,645] Trial 300 finished with value: 0.49245918959976104 and parameters: {'window_ms': 225, 'overlap': 0.9, 'freq_low_hz': 1150, 'freq_high_hz': 4450, 'power_thresh_percentile': 95, 'mdl_beta': 1.035716996491145}. Best is trial 268 with value: 0.4966994657406606.
[I 2026-03-10 23:43:21,921] Trial 299 finished with value: 0.48496530736825877 and parameters: {'window_ms': 225, 'overlap': 0.9, 'freq_low_hz': 1200, 'freq_high_hz': 4400, 'power_thresh_percentile': 94, 'mdl_beta': 1.1061849542051179}. Best is trial 268 with value: 0.4966994657406606.
