[I 2026-03-10 23:53:12,234] Trial 356 finished with value: 0.48534935740123125 and parameters: {'window_ms': 215, 'overlap': 0.9, 'freq_low_hz': 1200, 'freq_high_hz': 3100, 'power_thresh_percentile': 94, 'mdl_beta': 0.7690412016519047}. Best is trial 268 with value: 0.4966994657406606.
[I 2026-03-10 23:53:13,409] Trial 361 finished with value: 0.48372131917852423 and parameters: {'window_ms': 220, 'overlap': 0.9, 'freq_low_hz': 1200, 'freq_high_hz': 1900, 'power_thresh_percentile': 94, 'mdl_beta': 7.961726251593525}. Best is trial 268 with value: 0.4966994657406606.
[I 2026-03-10 23:53:25,756] Trial 355 finished with value: 0.47879825043335034 and parameters: {'window_ms': 215, 'overlap': 0.9, 'freq_low_hz': 1200, 'freq_high_hz': 4100, 'power_thresh_percentile': 94, 'mdl_beta': 0.9746324546704432}. Best is trial 268 with value: 0.4966994657406606.
[I 2026-03-10 23:53:25,978] Trial 359 finished with value: 0.48755168999301174 and parameters: {'window_ms': 215, 'overlap': 0.9, 'freq_low_hz': 1200, 'freq_high_hz': 2900, 'power_thresh_percentile': 94, 'mdl_beta': 0.815144131830583}. Best is trial 268 with value: 0.4966994657406606.
[I 2026-03-10 23:53:47,350] Trial 362 finished with value: 0.4778037753172363 and parameters: {'window_ms': 220, 'overlap': 0.9, 'freq_low_hz': 1200, 'freq_high_hz': 2800, 'power_thresh_percentile': 98, 'mdl_beta': 0.765608304254048}. Best is trial 268 with value: 0.4966994657406606.
[I 2026-03-10 23:53:48,282] Trial 363 finished with value: 0.48651958871710604 and parameters: {'window_ms': 220, 'overlap': 0.8500000000000001, 'freq_low_hz': 1050, 'freq_high_hz': 4200, 'power_thresh_percentile': 98, 'mdl_beta': 1.658321552191257}. Best is trial 268 with value: 0.4966994657406606.
[I 2026-03-10 23:53:49,620] Trial 358 finished with value: 0.4865321412790017 and parameters: {'window_ms': 215, 'overlap': 0.9, 'freq_low_hz': 1200, 'freq_high_hz': 4200, 'power_thresh_percentile': 94, 'mdl_beta': 7.987435491831646}. Best is trial 268 with value: 0.4966994657406606.
[I 2026-03-10 23:54:03,013] Trial 365 finished with value: 0.4855161312130298 and parameters: {'window_ms': 230, 'overlap': 0.8500000000000001, 'freq_low_hz': 1050, 'freq_high_hz': 4200, 'power_thresh_percentile': 98, 'mdl_beta': 1.3497901221896975}. Best is trial 268 with value: 0.4966994657406606.
[I 2026-03-10 23:54:03,304] Trial 360 finished with value: 0.48501106484696677 and parameters: {'window_ms': 220, 'overlap': 0.9, 'freq_low_hz': 1200, 'freq_high_hz': 4200, 'power_thresh_percentile': 94, 'mdl_beta': 0.7116447939406003}. Best is trial 268 with value: 0.4966994657406606.
[I 2026-03-10 23:54:08,022] Trial 364 finished with value: 0.4931735114930729 and parameters: {'window_ms': 230, 'overlap': 0.8500000000000001, 'freq_low_hz': 1050, 'freq_high_hz': 4200, 'power_thresh_percentile': 97, 'mdl_beta': 0.7770833874200029}. Best is trial 268 with value: 0.4966994657406606.
[I 2026-03-10 23:54:43,379] Trial 368 finished with value: 0.4879051817952276 and parameters: {'window_ms': 230, 'overlap': 0.8500000000000001, 'freq_low_hz': 1000, 'freq_high_hz': 4100, 'power_thresh_percentile': 96, 'mdl_beta': 1.34958123521727}. Best is trial 268 with value: 0.4966994657406606.
[I 2026-03-10 23:54:44,170] Trial 366 finished with value: 0.4888601246796344 and parameters: {'window_ms': 230, 'overlap': 0.8500000000000001, 'freq_low_hz': 1050, 'freq_high_hz': 4200, 'power_thresh_percentile': 96, 'mdl_beta': 1.3069854133220682}. Best is trial 268 with value: 0.4966994657406606.
[I 2026-03-10 23:54:44,605] Trial 367 finished with value: 0.48911816040760603 and parameters: {'window_ms': 230, 'overlap': 0.8500000000000001, 'freq_low_hz': 1000, 'freq_high_hz': 4200, 'power_thresh_percentile': 96, 'mdl_beta': 1.2760885874207304}. Best is trial 268 with value: 0.4966994657406606.
[I 2026-03-10 23:55:00,299] Trial 371 finished with value: 0.458106260865721 and parameters: {'window_ms': 230, 'overlap': 0.8500000000000001, 'freq_low_hz': 450, 'freq_high_hz': 4100, 'power_thresh_percentile': 96, 'mdl_beta': 1.1516942738769966}. Best is trial 268 with value: 0.4966994657406606.
[I 2026-03-10 23:55:04,401] Trial 369 finished with value: 0.4865510153833789 and parameters: {'window_ms': 230, 'overlap': 0.9, 'freq_low_hz': 1000, 'freq_high_hz': 4100, 'power_thresh_percentile': 96, 'mdl_beta': 1.2018342576805876}. Best is trial 268 with value: 0.4966994657406606.
[I 2026-03-10 23:55:22,329] Trial 328 finished with value: 0.4450252215514241 and parameters: {'window_ms': 230, 'overlap': 0.9, 'freq_low_hz': 650, 'freq_high_hz': 3900, 'power_thresh_percentile': 69, 'mdl_beta': 1.1916997511708178}. Best is trial 268 with value: 0.4966994657406606.

GMDA: Selected 8738 TF points.
GMDA: Selected 8738 TF points.
GMDA: Selected 8738 TF points.
GMDA: Selected 8738 TF points.
GMDA: Selected 8738 TF points.
GMDA: Selected 8738 TF points.
GMDA: Selected 8738 TF points.
GMDA: Selected 16868 TF points.
GMDA: Selected 16868 TF points.
GMDA: Selected 16868 TF points.
GMDA: Selected 16868 TF points.
GMDA: Selected 16868 TF points.
GMDA: Selected 16868 TF points.
GMDA: Selected 16868 TF points.
GMDA: Selected 16868 TF points.
GMDA: Selected 16868 TF points.
GMDA: Selected 16868 TF points.
GMDA: Selected 16868 TF points.
GMDA: Selected 16868 TF points.
GMDA: Selected 16868 TF points.
GMDA: Selected 16868 TF points.
GMDA: Selected 16868 TF points.
GMDA: Selected 16868 TF points.
GMDA: Selected 3759 TF points.
GMDA: Selected 3759 TF points.
GMDA: Selected 3759 TF points.
GMDA: Selected 3759 TF points.
GMDA: Selected 3759 TF points.
GMDA: Selected 3759 TF points.
GMDA: Selected 3759 TF points.
GMDA: Selected 3759 TF points.
GMDA: Selected 3759 TF points.
GMDA: Selected 3759 TF points.
GMDA: Selected 3759 TF points.
GMDA: Selected 3759 TF points.
GMDA: Selected 3759 TF points.
GMDA: Selected 3759 TF points.
GMDA: Selected 3759 TF points.
GMDA: Selected 3759 TF points.
GMDA: Selected 22494 TF points.
GMDA: Selected 22494 TF points.
GMDA: Selected 22494 TF points.
GMDA: Selected 22494 TF points.
GMDA: Selected 22494 TF points.
GMDA: Selected 22494 TF points.
GMDA: Selected 22494 TF points.
GMDA: Selected 22494 TF points.
GMDA: Selected 22494 TF points.
GMDA: Selected 22494 TF points.
GMDA: Selected 22494 TF points.
GMDA: Selected 22494 TF points.
GMDA: Selected 22494 TF points.
GMDA: Selected 22494 TF points.
GMDA: Selected 22494 TF points.
GMDA: Selected 22494 TF points.
GMDA: Selected 17475 TF points.
GMDA: Selected 17475 TF points.
GMDA: Selected 17475 TF points.
GMDA: Selected 17475 TF points.
GMDA: Selected 17475 TF points.
GMDA: Selected 17475 TF points.
GMDA: Selected 17475 TF points.
GMDA: Selected 17475 TF points.
GMDA: Selected 17475 TF points.
GMDA: Selected 17475 TF points.
GMDA: Selected 17475 TF points.
GMDA: Selected 17475 TF points.
GMDA: Selected 17475 TF points.
GMDA: Selected 17475 TF points.
GMDA: Selected 17475 TF points.
GMDA: Selected 17475 TF points.
GMDA: Selected 9037 TF points.
GMDA: Selected 9037 TF points.
GMDA: Selected 9037 TF points.
GMDA: Selected 9037 TF points.
GMDA: Selected 9037 TF points.
GMDA: Selected 9037 TF points.
GMDA: Selected 9037 TF points.
GMDA: Selected 9037 TF points.
GMDA: Selected 9037 TF points.
GMDA: Selected 9037 TF points.
GMDA: Selected 9037 TF points.
GMDA: Selected 9037 TF points.
GMDA: Selected 9037 TF points.
GMDA: Selected 9037 TF points.
GMDA: Selected 9037 TF points.
GMDA: Selected 9037 TF points.
GMDA: Selected 5847 TF points.
GMDA: Selected 5847 TF points.
GMDA: Selected 5847 TF points.
GMDA: Selected 5847 TF points.
GMDA: Selected 5847 TF points.
GMDA: Selected 5847 TF points.
GMDA: Selected 5847 TF points.
GMDA: Selected 5847 TF points.
GMDA: Selected 5847 TF points.
GMDA: Selected 5847 TF points.
GMDA: Selected 5847 TF points.
GMDA: Selected 5847 TF points.
GMDA: Selected 5847 TF points.
GMDA: Selected 5847 TF points.
GMDA: Selected 5847 TF points.
GMDA: Selected 5847 TF points.
GMDA: Selected 14045 TF points.
GMDA: Selected 14045 TF points.
GMDA: Selected 14045 TF points.
GMDA: Selected 14045 TF points.
GMDA: Selected 14045 TF points.
GMDA: Selected 14045 TF points.
GMDA: Selected 14045 TF points.
GMDA: Selected 14045 TF points.
GMDA: Selected 14045 TF points.
GMDA: Selected 14045 TF points.
GMDA: Selected 14045 TF points.
GMDA: Selected 14045 TF points.
GMDA: Selected 14045 TF points.
GMDA: Selected 14045 TF points.
GMDA: Selected 14045 TF points.
GMDA: Selected 14045 TF points.
GMDA: Selected 11284 TF points.
GMDA: Selected 11284 TF points.
GMDA: Selected 11284 TF points.
GMDA: Selected 11284 TF points.
GMDA: Selected 11284 TF points.
GMDA: Selected 11284 TF points.
GMDA: Selected 11284 TF points.
GMDA: Selected 11284 TF points.
GMDA: Selected 11284 TF points.
GMDA: Selected 11284 TF points.
GMDA: Selected 11284 TF points.
GMDA: Selected 11284 TF points.
GMDA: Selected 11284 TF points.
GMDA: Selected 11284 TF points.
GMDA: Selected 11284 TF points.
GMDA: Selected 11284 TF points.
GMDA: Selected 126403 TF points.
GMDA: Selected 126403 TF points.
GMDA: Selected 126403 TF points.
GMDA: Selected 126403 TF points.
GMDA: Selected 126403 TF points.
GMDA: Selected 126403 TF points.
GMDA: Selected 126403 TF points.
GMDA: Selected 126403 TF points.
GMDA: Selected 126403 TF points.
GMDA: Selected 126403 TF points.
GMDA: Selected 126403 TF points.
GMDA: Selected 126403 TF points.
GMDA: Selected 126403 TF points.
GMDA: Selected 126403 TF points.
GMDA: Selected 126403 TF points.
GMDA: Selected 126403 TF points.
GMDA: Selected 11650 TF points.
GMDA: Selected 11650 TF points.
GMDA: Selected 11650 TF points.
GMDA: Selected 11650 TF points.
GMDA: Selected 11650 TF points.
GMDA: Selected 11650 TF points.
GMDA: Selected 11650 TF points.
GMDA: Selected 11650 TF points.
GMDA: Selected 11650 TF points.
GMDA: Selected 11650 TF points.
GMDA: Selected 11650 TF points.
GMDA: Selected 11650 TF points.
GMDA: Selected 11650 TF points.
GMDA: Selected 11650 TF points.
GMDA: Selected 11650 TF points.
GMDA: Selected 11650 TF points.
GMDA: Selected 5027 TF points.
GMDA: Selected 5027 TF points.
GMDA: Selected 5027 TF points.
GMDA: Selected 5027 TF points.
GMDA: Selected 5027 TF points.
GMDA: Selected 5027 TF points.
GMDA: Selected 5027 TF points.
GMDA: Selected 5027 TF points.
GMDA: Selected 5027 TF points.
GMDA: Selected 5027 TF points.
GMDA: Selected 5027 TF points.
GMDA: Selected 5027 TF points.
GMDA: Selected 5027 TF points.
GMDA: Selected 5027 TF points.
GMDA: Selected 5027 TF points.
GMDA: Selected 5027 TF points.
GMDA: Selected 9527 TF points.
GMDA: Selected 9527 TF points.
GMDA: Selected 9527 TF points.
GMDA: Selected 9527 TF points.
GMDA: Selected 9527 TF points.
GMDA: Selected 9527 TF points.
GMDA: Selected 9527 TF points.
GMDA: Selected 9527 TF points.
GMDA: Selected 9527 TF points.
GMDA: Selected 9527 TF points.
GMDA: Selected 9527 TF points.
GMDA: Selected 9527 TF points.
GMDA: Selected 9527 TF points.
GMDA: Selected 9527 TF points.
GMDA: Selected 9527 TF points.
GMDA: Selected 9527 TF points.
GMDA: Selected 4214 TF points.
GMDA: Selected 4214 TF points.
GMDA: Selected 4214 TF points.
GMDA: Selected 4214 TF points.
GMDA: Selected 4214 TF points.
GMDA: Selected 4214 TF points.
GMDA: Selected 4214 TF points.
GMDA: Selected 4214 TF points.
GMDA: Selected 4214 TF points.
GMDA: Selected 4214 TF points.
GMDA: Selected 4214 TF points.
GMDA: Selected 4214 TF points.
GMDA: Selected 4214 TF points.
GMDA: Selected 4214 TF points.
GMDA: Selected 4214 TF points.
GMDA: Selected 4214 TF points.
GMDA: Selected 4234 TF points.
GMDA: Selected 4234 TF points.
GMDA: Selected 4234 TF points.
GMDA: Selected 4234 TF points.
GMDA: Selected 4234 TF points.
GMDA: Selected 4234 TF points.
GMDA: Selected 4234 TF points.
GMDA: Selected 4234 TF points.
GMDA: Selected 4234 TF points.
GMDA: Selected 4234 TF points.
GMDA: Selected 4234 TF points.
GMDA: Selected 4234 TF points.
GMDA: Selected 4234 TF points.
GMDA: Selected 4234 TF points.
GMDA: Selected 4234 TF points.
GMDA: Selected 4234 TF points.
GMDA: Selected 8579 TF points.
GMDA: Selected 8579 TF points.
GMDA: Selected 8579 TF points.
GMDA: Selected 8579 TF points.
GMDA: Selected 8579 TF points.
GMDA: Selected 8579 TF points.
GMDA: Selected 8579 TF points.
GMDA: Selected 8579 TF points.
GMDA: Selected 8579 TF points.
GMDA: Selected 8579 TF points.
GMDA: Selected 8579 TF points.
GMDA: Selected 8579 TF points.
GMDA: Selected 8579 TF points.
GMDA: Selected 8579 TF points.
GMDA: Selected 8579 TF points.
GMDA: Selected 8579 TF points.
GMDA: Selected 9634 TF points.
GMDA: Selected 9634 TF points.
GMDA: Selected 9634 TF points.
GMDA: Selected 9634 TF points.
GMDA: Selected 9634 TF points.
GMDA: Selected 9634 TF points.
GMDA: Selected 9634 TF points.
GMDA: Selected 9634 TF points.
GMDA: Selected 9634 TF points.
GMDA: Selected 9634 TF points.
GMDA: Selected 9634 TF points.
GMDA: Selected 9634 TF points.
GMDA: Selected 9634 TF points.
GMDA: Selected 9634 TF points.[I 2026-03-10 23:55:38,769] Trial 374 finished with value: 0.48683341063324714 and parameters: {'window_ms': 225, 'overlap': 0.9, 'freq_low_hz': 1100, 'freq_high_hz': 4300, 'power_thresh_percentile': 97, 'mdl_beta': 1.0998513529066138}. Best is trial 268 with value: 0.4966994657406606.
[I 2026-03-10 23:55:41,157] Trial 372 finished with value: 0.4887422138420699 and parameters: {'window_ms': 230, 'overlap': 0.8500000000000001, 'freq_low_hz': 1100, 'freq_high_hz': 4300, 'power_thresh_percentile': 96, 'mdl_beta': 1.163194458998065}. Best is trial 268 with value: 0.4966994657406606.
[I 2026-03-10 23:55:47,875] Trial 357 finished with value: 0.445247963258779 and parameters: {'window_ms': 215, 'overlap': 0.9, 'freq_low_hz': 1200, 'freq_high_hz': 3100, 'power_thresh_percentile': 74, 'mdl_beta': 0.7765335618315838}. Best is trial 268 with value: 0.4966994657406606.
[I 2026-03-10 23:55:53,564] Trial 373 finished with value: 0.48588809372276504 and parameters: {'window_ms': 225, 'overlap': 0.9, 'freq_low_hz': 1100, 'freq_high_hz': 4300, 'power_thresh_percentile': 96, 'mdl_beta': 0.50418713359799}. Best is trial 268 with value: 0.4966994657406606.
[I 2026-03-10 23:55:54,355] Trial 376 finished with value: 0.4862786388561795 and parameters: {'window_ms': 225, 'overlap': 0.9, 'freq_low_hz': 1150, 'freq_high_hz': 3850, 'power_thresh_percentile': 97, 'mdl_beta': 0.7947186713305492}. Best is trial 268 with value: 0.4966994657406606.
