[I 2026-03-10 22:55:42,731] A new study created in RDB with name: respeaker_v3_gmda
/home/mkeller/mkeller/signal-processing-research/localization/tuning/run_optuna_respeaker_v3.py:97: UserWarning: The distribution is specified by [1550, 6000] and step=100, but the range is not divisible by `step`. It will be replaced with [1550, 5950].
  freq_high_hz = trial.suggest_int("freq_high_hz", min_high, 6000, step=100)
/home/mkeller/mkeller/signal-processing-research/localization/tuning/run_optuna_respeaker_v3.py:97: UserWarning: The distribution is specified by [1550, 6000] and step=100, but the range is not divisible by `step`. It will be replaced with [1550, 5950].
  freq_high_hz = trial.suggest_int("freq_high_hz", min_high, 6000, step=100)
[I 2026-03-10 22:55:53,484] Trial 5 finished with value: 0.483846308630926 and parameters: {'window_ms': 145, 'overlap': 0.3, 'freq_low_hz': 1100, 'freq_high_hz': 2800, 'power_thresh_percentile': 97, 'mdl_beta': 2.9709986867497773}. Best is trial 5 with value: 0.483846308630926.
[I 2026-03-10 22:55:55,864] Trial 2 finished with value: 0.47032033957921215 and parameters: {'window_ms': 170, 'overlap': 0.55, 'freq_low_hz': 1150, 'freq_high_hz': 1550, 'power_thresh_percentile': 85, 'mdl_beta': 1.7301898549573913}. Best is trial 5 with value: 0.483846308630926.
[I 2026-03-10 22:56:00,937] Trial 1 finished with value: 0.4778566197930754 and parameters: {'window_ms': 185, 'overlap': 0.6000000000000001, 'freq_low_hz': 750, 'freq_high_hz': 5400, 'power_thresh_percentile': 97, 'mdl_beta': 6.874915134787076}. Best is trial 5 with value: 0.483846308630926.
[I 2026-03-10 22:56:07,582] Trial 6 finished with value: 0.45145715767088446 and parameters: {'window_ms': 35, 'overlap': 0.4, 'freq_low_hz': 1150, 'freq_high_hz': 2950, 'power_thresh_percentile': 77, 'mdl_beta': 4.0526035525055075}. Best is trial 5 with value: 0.483846308630926.
[I 2026-03-10 22:56:15,065] Trial 0 finished with value: 0.45643495884428 and parameters: {'window_ms': 30, 'overlap': 0.5, 'freq_low_hz': 500, 'freq_high_hz': 3000, 'power_thresh_percentile': 80, 'mdl_beta': 3.0}. Best is trial 5 with value: 0.483846308630926.
[I 2026-03-10 22:56:16,952] Trial 9 finished with value: 0.45747642513317716 and parameters: {'window_ms': 200, 'overlap': 0.35, 'freq_low_hz': 1200, 'freq_high_hz': 2100, 'power_thresh_percentile': 57, 'mdl_beta': 3.791823232419683}. Best is trial 5 with value: 0.483846308630926.
[I 2026-03-10 22:56:30,107] Trial 10 finished with value: 0.4501300035082385 and parameters: {'window_ms': 210, 'overlap': 0.7, 'freq_low_hz': 1050, 'freq_high_hz': 1700, 'power_thresh_percentile': 57, 'mdl_beta': 6.910871023348413}. Best is trial 5 with value: 0.483846308630926.
/home/mkeller/mkeller/signal-processing-research/localization/tuning/run_optuna_respeaker_v3.py:97: UserWarning: The distribution is specified by [1550, 6000] and step=100, but the range is not divisible by `step`. It will be replaced with [1550, 5950].
  freq_high_hz = trial.suggest_int("freq_high_hz", min_high, 6000, step=100)
[I 2026-03-10 22:56:30,662] Trial 8 finished with value: 0.4694105760780283 and parameters: {'window_ms': 210, 'overlap': 0.4, 'freq_low_hz': 850, 'freq_high_hz': 5400, 'power_thresh_percentile': 84, 'mdl_beta': 4.113681530683579}. Best is trial 5 with value: 0.483846308630926.
[I 2026-03-10 22:56:31,674] Trial 11 finished with value: 0.45662747104474644 and parameters: {'window_ms': 200, 'overlap': 0.55, 'freq_low_hz': 950, 'freq_high_hz': 2100, 'power_thresh_percentile': 71, 'mdl_beta': 2.6286030114426446}. Best is trial 5 with value: 0.483846308630926.
[I 2026-03-10 22:56:40,879] Trial 12 finished with value: 0.46473105120653413 and parameters: {'window_ms': 225, 'overlap': 0.25, 'freq_low_hz': 700, 'freq_high_hz': 3300, 'power_thresh_percentile': 76, 'mdl_beta': 4.55947058059094}. Best is trial 5 with value: 0.483846308630926.
[I 2026-03-10 22:56:44,331] Trial 13 finished with value: 0.44307715204771553 and parameters: {'window_ms': 170, 'overlap': 0.3, 'freq_low_hz': 250, 'freq_high_hz': 2100, 'power_thresh_percentile': 64, 'mdl_beta': 0.8415546021331548}. Best is trial 5 with value: 0.483846308630926.
[I 2026-03-10 22:56:46,445] Trial 16 finished with value: 0.4715500988768504 and parameters: {'window_ms': 80, 'overlap': 0.55, 'freq_low_hz': 400, 'freq_high_hz': 4100, 'power_thresh_percentile': 96, 'mdl_beta': 4.5227778571138675}. Best is trial 5 with value: 0.483846308630926.
[I 2026-03-10 22:57:00,315] Trial 3 finished with value: 0.4607294554225447 and parameters: {'window_ms': 30, 'overlap': 0.75, 'freq_low_hz': 250, 'freq_high_hz': 5000, 'power_thresh_percentile': 84, 'mdl_beta': 4.118253916565094}. Best is trial 5 with value: 0.483846308630926.
[I 2026-03-10 22:57:12,419] Trial 4 finished with value: 0.4678934445296734 and parameters: {'window_ms': 235, 'overlap': 0.65, 'freq_low_hz': 250, 'freq_high_hz': 5000, 'power_thresh_percentile': 74, 'mdl_beta': 7.34807028959554}. Best is trial 5 with value: 0.483846308630926.
[I 2026-03-10 22:57:16,559] Trial 19 finished with value: 0.4720918260017125 and parameters: {'window_ms': 125, 'overlap': 0.9, 'freq_low_hz': 750, 'freq_high_hz': 5700, 'power_thresh_percentile': 98, 'mdl_beta': 7.483773419152429}. Best is trial 5 with value: 0.483846308630926.
[I 2026-03-10 22:57:27,175] Trial 7 finished with value: 0.441135025309048 and parameters: {'window_ms': 150, 'overlap': 0.9, 'freq_low_hz': 350, 'freq_high_hz': 2300, 'power_thresh_percentile': 79, 'mdl_beta': 7.559421447925425}. Best is trial 5 with value: 0.483846308630926.
[I 2026-03-10 22:57:28,718] Trial 18 finished with value: 0.4798843168943615 and parameters: {'window_ms': 105, 'overlap': 0.9, 'freq_low_hz': 550, 'freq_high_hz': 4900, 'power_thresh_percentile': 96, 'mdl_beta': 7.857073335414926}. Best is trial 5 with value: 0.483846308630926.
[I 2026-03-10 22:57:30,964] Trial 20 finished with value: 0.4716194621456751 and parameters: {'window_ms': 110, 'overlap': 0.9, 'freq_low_hz': 800, 'freq_high_hz': 6000, 'power_thresh_percentile': 98, 'mdl_beta': 6.802761214487621}. Best is trial 5 with value: 0.483846308630926.
[I 2026-03-10 22:57:34,149] Trial 17 finished with value: 0.46184326353370136 and parameters: {'window_ms': 90, 'overlap': 0.9, 'freq_low_hz': 150, 'freq_high_hz': 4400, 'power_thresh_percentile': 95, 'mdl_beta': 0.581508460423529}. Best is trial 5 with value: 0.483846308630926.
[I 2026-03-10 22:57:43,793] Trial 21 finished with value: 0.4790342217444265 and parameters: {'window_ms': 115, 'overlap': 0.9, 'freq_low_hz': 750, 'freq_high_hz': 4300, 'power_thresh_percentile': 97, 'mdl_beta': 5.995490168354685}. Best is trial 5 with value: 0.483846308630926.
[I 2026-03-10 22:57:46,624] Trial 23 finished with value: 0.4556497583290322 and parameters: {'window_ms': 110, 'overlap': 0.45, 'freq_low_hz': 550, 'freq_high_hz': 4000, 'power_thresh_percentile': 90, 'mdl_beta': 5.904116663543171}. Best is trial 5 with value: 0.483846308630926.
[I 2026-03-10 22:58:03,202] Trial 22 finished with value: 0.4612693033125625 and parameters: {'window_ms': 120, 'overlap': 0.8500000000000001, 'freq_low_hz': 500, 'freq_high_hz': 4000, 'power_thresh_percentile': 92, 'mdl_beta': 5.825706859076334}. Best is trial 5 with value: 0.483846308630926.
[I 2026-03-10 22:58:08,999] Trial 25 finished with value: 0.46739478156285486 and parameters: {'window_ms': 90, 'overlap': 0.8, 'freq_low_hz': 600, 'freq_high_hz': 3800, 'power_thresh_percentile': 91, 'mdl_beta': 5.53684226456827}. Best is trial 5 with value: 0.483846308630926.
[I 2026-03-10 22:58:10,437] Trial 24 finished with value: 0.46220531790852426 and parameters: {'window_ms': 105, 'overlap': 0.8, 'freq_low_hz': 550, 'freq_high_hz': 4300, 'power_thresh_percentile': 91, 'mdl_beta': 5.681212130660396}. Best is trial 5 with value: 0.483846308630926.
[I 2026-03-10 22:58:16,102] Trial 26 finished with value: 0.4518556030349327 and parameters: {'window_ms': 65, 'overlap': 0.8, 'freq_low_hz': 550, 'freq_high_hz': 3700, 'power_thresh_percentile': 90, 'mdl_beta': 5.718431523998246}. Best is trial 5 with value: 0.483846308630926.
[I 2026-03-10 22:58:24,445] Trial 15 finished with value: 0.4692395929176 and parameters: {'window_ms': 250, 'overlap': 0.9, 'freq_low_hz': 750, 'freq_high_hz': 4600, 'power_thresh_percentile': 88, 'mdl_beta': 2.419300324011214}. Best is trial 5 with value: 0.483846308630926.
[I 2026-03-10 22:58:25,226] Trial 27 finished with value: 0.45212854649865986 and parameters: {'window_ms': 65, 'overlap': 0.8, 'freq_low_hz': 550, 'freq_high_hz': 3600, 'power_thresh_percentile': 90, 'mdl_beta': 5.202910932329753}. Best is trial 5 with value: 0.483846308630926.
[I 2026-03-10 22:58:38,753] Trial 28 finished with value: 0.46609222866924804 and parameters: {'window_ms': 60, 'overlap': 0.8, 'freq_low_hz': 600, 'freq_high_hz': 4700, 'power_thresh_percentile': 90, 'mdl_beta': 5.790062464319304}. Best is trial 5 with value: 0.483846308630926.
[I 2026-03-10 22:58:46,128] Trial 33 finished with value: 0.484837989410745 and parameters: {'window_ms': 145, 'overlap': 0.65, 'freq_low_hz': 950, 'freq_high_hz': 4800, 'power_thresh_percentile': 94, 'mdl_beta': 5.027689255684735}. Best is trial 33 with value: 0.484837989410745.
[I 2026-03-10 22:58:48,635] Trial 34 finished with value: 0.47947921812052596 and parameters: {'window_ms': 140, 'overlap': 0.7, 'freq_low_hz': 900, 'freq_high_hz': 4800, 'power_thresh_percentile': 94, 'mdl_beta': 6.383832374758888}. Best is trial 33 with value: 0.484837989410745.
[I 2026-03-10 22:58:52,240] Trial 30 finished with value: 0.4641802540904742 and parameters: {'window_ms': 60, 'overlap': 0.8, 'freq_low_hz': 900, 'freq_high_hz': 3400, 'power_thresh_percentile': 87, 'mdl_beta': 5.143223643024504}. Best is trial 33 with value: 0.484837989410745.
[I 2026-03-10 22:58:53,108] Trial 31 finished with value: 0.4676884798934013 and parameters: {'window_ms': 60, 'overlap': 0.7, 'freq_low_hz': 1000, 'freq_high_hz': 4700, 'power_thresh_percentile': 87, 'mdl_beta': 3.0790072857707154}. Best is trial 33 with value: 0.484837989410745.
[I 2026-03-10 22:58:54,299] Trial 29 finished with value: 0.4661695680446416 and parameters: {'window_ms': 65, 'overlap': 0.8, 'freq_low_hz': 600, 'freq_high_hz': 4700, 'power_thresh_percentile': 90, 'mdl_beta': 5.5707326665783015}. Best is trial 33 with value: 0.484837989410745.
[I 2026-03-10 22:59:01,622] Trial 32 finished with value: 0.4826344353950972 and parameters: {'window_ms': 140, 'overlap': 0.7, 'freq_low_hz': 900, 'freq_high_hz': 4800, 'power_thresh_percentile': 86, 'mdl_beta': 2.788164766424178}. Best is trial 33 with value: 0.484837989410745.
[I 2026-03-10 22:59:06,552] Trial 37 finished with value: 0.4735028084946754 and parameters: {'window_ms': 155, 'overlap': 0.5, 'freq_low_hz': 1000, 'freq_high_hz': 2800, 'power_thresh_percentile': 86, 'mdl_beta': 3.39940051212559}. Best is trial 33 with value: 0.484837989410745.
[I 2026-03-10 22:59:06,652] Trial 40 finished with value: 0.4782625698350558 and parameters: {'window_ms': 145, 'overlap': 0.6000000000000001, 'freq_low_hz': 1050, 'freq_high_hz': 2700, 'power_thresh_percentile': 94, 'mdl_beta': 7.970241928033952}. Best is trial 33 with value: 0.484837989410745.
[I 2026-03-10 22:59:06,944] Trial 39 finished with value: 0.4780370143477898 and parameters: {'window_ms': 145, 'overlap': 0.65, 'freq_low_hz': 1050, 'freq_high_hz': 2900, 'power_thresh_percentile': 94, 'mdl_beta': 7.969195744081316}. Best is trial 33 with value: 0.484837989410745.
/home/mkeller/mkeller/signal-processing-research/localization/tuning/run_optuna_respeaker_v3.py:97: UserWarning: The distribution is specified by [1550, 6000] and step=100, but the range is not divisible by `step`. It will be replaced with [1550, 5950].
  freq_high_hz = trial.suggest_int("freq_high_hz", min_high, 6000, step=100)
[I 2026-03-10 22:59:14,900] Trial 38 finished with value: 0.4792005260575697 and parameters: {'window_ms': 150, 'overlap': 0.65, 'freq_low_hz': 1000, 'freq_high_hz': 5100, 'power_thresh_percentile': 94, 'mdl_beta': 3.479725727697339}. Best is trial 33 with value: 0.484837989410745.
/home/mkeller/mkeller/signal-processing-research/localization/tuning/run_optuna_respeaker_v3.py:97: UserWarning: The distribution is specified by [1550, 6000] and step=100, but the range is not divisible by `step`. It will be replaced with [1550, 5950].
  freq_high_hz = trial.suggest_int("freq_high_hz", min_high, 6000, step=100)
[I 2026-03-10 22:59:27,184] Trial 42 finished with value: 0.47798530716965604 and parameters: {'window_ms': 170, 'overlap': 0.6000000000000001, 'freq_low_hz': 1100, 'freq_high_hz': 5200, 'power_thresh_percentile': 94, 'mdl_beta': 1.5318662806854433}. Best is trial 33 with value: 0.484837989410745.
/home/mkeller/mkeller/signal-processing-research/localization/tuning/run_optuna_respeaker_v3.py:97: UserWarning: The distribution is specified by [1550, 6000] and step=100, but the range is not divisible by `step`. It will be replaced with [1550, 5950].
  freq_high_hz = trial.suggest_int("freq_high_hz", min_high, 6000, step=100)
[I 2026-03-10 22:59:42,960] Trial 35 finished with value: 0.44437181190597935 and parameters: {'window_ms': 145, 'overlap': 0.7, 'freq_low_hz': 1050, 'freq_high_hz': 2700, 'power_thresh_percentile': 52, 'mdl_beta': 6.436465174139544}. Best is trial 33 with value: 0.484837989410745.
[I 2026-03-10 22:59:50,308] Trial 41 finished with value: 0.467205684053809 and parameters: {'window_ms': 160, 'overlap': 0.6000000000000001, 'freq_low_hz': 1050, 'freq_high_hz': 5200, 'power_thresh_percentile': 82, 'mdl_beta': 1.7463044402281223}. Best is trial 33 with value: 0.484837989410745.
[I 2026-03-10 22:59:55,593] Trial 45 finished with value: 0.47396325123668953 and parameters: {'window_ms': 175, 'overlap': 0.5, 'freq_low_hz': 1150, 'freq_high_hz': 5250, 'power_thresh_percentile': 82, 'mdl_beta': 1.9263866404972998}. Best is trial 33 with value: 0.484837989410745.
[I 2026-03-10 22:59:56,403] Trial 44 finished with value: 0.4741145273042117 and parameters: {'window_ms': 170, 'overlap': 0.65, 'freq_low_hz': 1150, 'freq_high_hz': 5150, 'power_thresh_percentile': 83, 'mdl_beta': 2.075749400900886}. Best is trial 33 with value: 0.484837989410745.
[I 2026-03-10 22:59:56,692] Trial 36 finished with value: 0.4438891414920081 and parameters: {'window_ms': 145, 'overlap': 0.65, 'freq_low_hz': 1000, 'freq_high_hz': 3000, 'power_thresh_percentile': 51, 'mdl_beta': 3.215966649494304}. Best is trial 33 with value: 0.484837989410745.
[I 2026-03-10 23:00:01,524] Trial 43 finished with value: 0.4746042152133127 and parameters: {'window_ms': 170, 'overlap': 0.65, 'freq_low_hz': 1100, 'freq_high_hz': 5100, 'power_thresh_percentile': 82, 'mdl_beta': 1.6219444943564505}. Best is trial 33 with value: 0.484837989410745.
[I 2026-03-10 23:00:04,999] Trial 48 finished with value: 0.4792550892344068 and parameters: {'window_ms': 135, 'overlap': 0.75, 'freq_low_hz': 900, 'freq_high_hz': 5600, 'power_thresh_percentile': 98, 'mdl_beta': 6.458244709971982}. Best is trial 33 with value: 0.484837989410745.
[I 2026-03-10 23:00:11,449] Trial 51 finished with value: 0.4872066114232032 and parameters: {'window_ms': 130, 'overlap': 0.75, 'freq_low_hz': 900, 'freq_high_hz': 5600, 'power_thresh_percentile': 98, 'mdl_beta': 2.696490602020871}. Best is trial 51 with value: 0.4872066114232032.
[I 2026-03-10 23:00:26,352] Trial 47 finished with value: 0.4737984383420992 and parameters: {'window_ms': 180, 'overlap': 0.5, 'freq_low_hz': 1200, 'freq_high_hz': 5600, 'power_thresh_percentile': 82, 'mdl_beta': 2.337039388024556}. Best is trial 51 with value: 0.4872066114232032.
[I 2026-03-10 23:01:03,044] Trial 46 finished with value: 0.46702714933618494 and parameters: {'window_ms': 130, 'overlap': 0.75, 'freq_low_hz': 1150, 'freq_high_hz': 5550, 'power_thresh_percentile': 82, 'mdl_beta': 2.0627550271923725}. Best is trial 51 with value: 0.4872066114232032.
[I 2026-03-10 23:01:07,292] Trial 14 finished with value: 0.4474020641596357 and parameters: {'window_ms': 185, 'overlap': 0.9, 'freq_low_hz': 1150, 'freq_high_hz': 4150, 'power_thresh_percentile': 63, 'mdl_beta': 2.143461006865536}. Best is trial 51 with value: 0.4872066114232032.
[I 2026-03-10 23:02:53,086] Trial 57 finished with value: 0.45988455309510895 and parameters: {'window_ms': 100, 'overlap': 0.25, 'freq_low_hz': 800, 'freq_high_hz': 6000, 'power_thresh_percentile': 70, 'mdl_beta': 4.320476442554752}. Best is trial 51 with value: 0.4872066114232032.
[I 2026-03-10 23:02:54,928] Trial 50 finished with value: 0.44554697608294946 and parameters: {'window_ms': 135, 'overlap': 0.75, 'freq_low_hz': 900, 'freq_high_hz': 4900, 'power_thresh_percentile': 72, 'mdl_beta': 6.41773424358227}. Best is trial 51 with value: 0.4872066114232032.
[I 2026-03-10 23:02:56,991] Trial 49 finished with value: 0.44563373749083834 and parameters: {'window_ms': 135, 'overlap': 0.75, 'freq_low_hz': 900, 'freq_high_hz': 5000, 'power_thresh_percentile': 71, 'mdl_beta': 6.395549030487665}. Best is trial 51 with value: 0.4872066114232032.
[I 2026-03-10 23:03:23,842] Trial 53 finished with value: 0.44557930074988766 and parameters: {'window_ms': 135, 'overlap': 0.75, 'freq_low_hz': 850, 'freq_high_hz': 4900, 'power_thresh_percentile': 71, 'mdl_beta': 2.7153855592846305}. Best is trial 51 with value: 0.4872066114232032.
[I 2026-03-10 23:03:32,625] Trial 59 finished with value: 0.4794573020976609 and parameters: {'window_ms': 190, 'overlap': 0.7, 'freq_low_hz': 850, 'freq_high_hz': 4500, 'power_thresh_percentile': 96, 'mdl_beta': 2.609099554950336}. Best is trial 51 with value: 0.4872066114232032.
[I 2026-03-10 23:03:35,006] Trial 58 finished with value: 0.46961412343018416 and parameters: {'window_ms': 135, 'overlap': 0.7, 'freq_low_hz': 900, 'freq_high_hz': 4900, 'power_thresh_percentile': 96, 'mdl_beta': 2.7285530057203866}. Best is trial 51 with value: 0.4872066114232032.
[I 2026-03-10 23:03:36,669] Trial 60 finished with value: 0.49205574757471193 and parameters: {'window_ms': 160, 'overlap': 0.7, 'freq_low_hz': 700, 'freq_high_hz': 4900, 'power_thresh_percentile': 96, 'mdl_beta': 2.746228163275241}. Best is trial 60 with value: 0.49205574757471193.
[I 2026-03-10 23:03:42,955] Trial 52 finished with value: 0.45244534541398945 and parameters: {'window_ms': 135, 'overlap': 0.75, 'freq_low_hz': 850, 'freq_high_hz': 5600, 'power_thresh_percentile': 73, 'mdl_beta': 2.7656001488161817}. Best is trial 60 with value: 0.49205574757471193.
[I 2026-03-10 23:04:05,415] Trial 61 finished with value: 0.4852299225524236 and parameters: {'window_ms': 190, 'overlap': 0.7, 'freq_low_hz': 700, 'freq_high_hz': 4500, 'power_thresh_percentile': 95, 'mdl_beta': 7.099112425903756}. Best is trial 60 with value: 0.49205574757471193.
[I 2026-03-10 23:04:12,729] Trial 63 finished with value: 0.4778527007382487 and parameters: {'window_ms': 15, 'overlap': 0.35, 'freq_low_hz': 400, 'freq_high_hz': 5400, 'power_thresh_percentile': 93, 'mdl_beta': 3.8329336039682986}. Best is trial 60 with value: 0.49205574757471193.
[I 2026-03-10 23:04:38,608] Trial 67 finished with value: 0.45717981771819355 and parameters: {'window_ms': 215, 'overlap': 0.8500000000000001, 'freq_low_hz': 700, 'freq_high_hz': 1800, 'power_thresh_percentile': 98, 'mdl_beta': 4.649490450736234}. Best is trial 60 with value: 0.49205574757471193.
[I 2026-03-10 23:04:45,444] Trial 66 finished with value: 0.47848627703503993 and parameters: {'window_ms': 195, 'overlap': 0.4, 'freq_low_hz': 650, 'freq_high_hz': 5400, 'power_thresh_percentile': 92, 'mdl_beta': 3.7300132962682895}. Best is trial 60 with value: 0.49205574757471193.
[I 2026-03-10 23:05:02,320] Trial 54 finished with value: 0.4592574886713081 and parameters: {'window_ms': 190, 'overlap': 0.75, 'freq_low_hz': 400, 'freq_high_hz': 6000, 'power_thresh_percentile': 69, 'mdl_beta': 2.6908871714834506}. Best is trial 60 with value: 0.49205574757471193.
[I 2026-03-10 23:05:05,726] Trial 62 finished with value: 0.4854536847266474 and parameters: {'window_ms': 120, 'overlap': 0.8500000000000001, 'freq_low_hz': 950, 'freq_high_hz': 4800, 'power_thresh_percentile': 93, 'mdl_beta': 3.7804333075412937}. Best is trial 60 with value: 0.49205574757471193.
[I 2026-03-10 23:05:11,609] Trial 55 finished with value: 0.4525459177367299 and parameters: {'window_ms': 130, 'overlap': 0.75, 'freq_low_hz': 400, 'freq_high_hz': 6000, 'power_thresh_percentile': 71, 'mdl_beta': 2.6694618754358275}. Best is trial 60 with value: 0.49205574757471193.
[I 2026-03-10 23:05:34,188] Trial 65 finished with value: 0.4785810504941678 and parameters: {'window_ms': 160, 'overlap': 0.8500000000000001, 'freq_low_hz': 700, 'freq_high_hz': 4500, 'power_thresh_percentile': 92, 'mdl_beta': 3.682563183564466}. Best is trial 60 with value: 0.49205574757471193.
[I 2026-03-10 23:05:40,333] Trial 68 finished with value: 0.4790675866855158 and parameters: {'window_ms': 195, 'overlap': 0.8500000000000001, 'freq_low_hz': 650, 'freq_high_hz': 4500, 'power_thresh_percentile': 96, 'mdl_beta': 1.259156796054384}. Best is trial 60 with value: 0.49205574757471193.
[I 2026-03-10 23:05:40,627] Trial 64 finished with value: 0.48582203413354497 and parameters: {'window_ms': 160, 'overlap': 0.8500000000000001, 'freq_low_hz': 700, 'freq_high_hz': 5400, 'power_thresh_percentile': 92, 'mdl_beta': 3.69390889080158}. Best is trial 60 with value: 0.49205574757471193.
[I 2026-03-10 23:05:42,862] Trial 56 finished with value: 0.454294830293431 and parameters: {'window_ms': 20, 'overlap': 0.75, 'freq_low_hz': 350, 'freq_high_hz': 5900, 'power_thresh_percentile': 72, 'mdl_beta': 2.720013503547368}. Best is trial 60 with value: 0.49205574757471193.
[I 2026-03-10 23:05:48,477] Trial 69 finished with value: 0.4849979711604017 and parameters: {'window_ms': 160, 'overlap': 0.8500000000000001, 'freq_low_hz': 800, 'freq_high_hz': 4500, 'power_thresh_percentile': 96, 'mdl_beta': 7.2326018866642645}. Best is trial 60 with value: 0.49205574757471193.
