[I 2026-03-10 23:31:54,011] Trial 250 finished with value: 0.49331001003614255 and parameters: {'window_ms': 220, 'overlap': 0.9, 'freq_low_hz': 1200, 'freq_high_hz': 4100, 'power_thresh_percentile': 96, 'mdl_beta': 1.43741261800589}. Best is trial 200 with value: 0.4950764414984273.
[I 2026-03-10 23:31:55,258] Trial 251 finished with value: 0.48606558647736686 and parameters: {'window_ms': 220, 'overlap': 0.9, 'freq_low_hz': 1150, 'freq_high_hz': 4150, 'power_thresh_percentile': 96, 'mdl_beta': 0.9941316282751828}. Best is trial 200 with value: 0.4950764414984273.
[I 2026-03-10 23:32:07,136] Trial 253 finished with value: 0.4858216444792686 and parameters: {'window_ms': 220, 'overlap': 0.9, 'freq_low_hz': 1150, 'freq_high_hz': 3050, 'power_thresh_percentile': 94, 'mdl_beta': 1.0632113954032216}. Best is trial 200 with value: 0.4950764414984273.
[I 2026-03-10 23:32:24,254] Trial 252 finished with value: 0.4846221068587515 and parameters: {'window_ms': 220, 'overlap': 0.9, 'freq_low_hz': 1150, 'freq_high_hz': 4150, 'power_thresh_percentile': 94, 'mdl_beta': 1.4548438822864787}. Best is trial 200 with value: 0.4950764414984273.
[I 2026-03-10 23:32:29,425] Trial 254 finished with value: 0.4791512715219099 and parameters: {'window_ms': 200, 'overlap': 0.9, 'freq_low_hz': 1150, 'freq_high_hz': 3950, 'power_thresh_percentile': 94, 'mdl_beta': 1.4274232283549173}. Best is trial 200 with value: 0.4950764414984273.

GMDA: Selected 1515 TF points.
GMDA: Selected 1515 TF points.
GMDA: Selected 1515 TF points.
GMDA: Selected 1515 TF points.
GMDA: Selected 1515 TF points.
GMDA: Selected 1515 TF points.
GMDA: Selected 1515 TF points.
GMDA: Selected 1515 TF points.
GMDA: Selected 1515 TF points.
GMDA: Selected 1515 TF points.
GMDA: Selected 1515 TF points.
GMDA: Selected 2520 TF points.
GMDA: Selected 2520 TF points.
GMDA: Selected 2520 TF points.
GMDA: Selected 2520 TF points.
GMDA: Selected 2520 TF points.
GMDA: Selected 2520 TF points.
GMDA: Selected 2520 TF points.
GMDA: Selected 2520 TF points.
GMDA: Selected 2520 TF points.
GMDA: Selected 2520 TF points.
GMDA: Selected 2520 TF points.
GMDA: Selected 2520 TF points.
GMDA: Selected 2520 TF points.
GMDA: Selected 2520 TF points.
GMDA: Selected 2520 TF points.
GMDA: Selected 2520 TF points.
GMDA: Selected 5553 TF points.
GMDA: Selected 5553 TF points.
GMDA: Selected 5553 TF points.
GMDA: Selected 5553 TF points.
GMDA: Selected 5553 TF points.
GMDA: Selected 5553 TF points.
GMDA: Selected 5553 TF points.
GMDA: Selected 5553 TF points.
GMDA: Selected 5553 TF points.
GMDA: Selected 5553 TF points.
GMDA: Selected 5553 TF points.
GMDA: Selected 5553 TF points.
GMDA: Selected 5553 TF points.
GMDA: Selected 5553 TF points.
GMDA: Selected 5553 TF points.
GMDA: Selected 5553 TF points.
GMDA: Selected 11288 TF points.
GMDA: Selected 11288 TF points.
GMDA: Selected 11288 TF points.
GMDA: Selected 11288 TF points.
GMDA: Selected 11288 TF points.
GMDA: Selected 11288 TF points.
GMDA: Selected 11288 TF points.
GMDA: Selected 11288 TF points.
GMDA: Selected 11288 TF points.
GMDA: Selected 11288 TF points.
GMDA: Selected 11288 TF points.
GMDA: Selected 11288 TF points.
GMDA: Selected 11288 TF points.
GMDA: Selected 11288 TF points.
GMDA: Selected 11288 TF points.
GMDA: Selected 11288 TF points.
GMDA: Selected 7175 TF points.
GMDA: Selected 7175 TF points.
GMDA: Selected 7175 TF points.
GMDA: Selected 7175 TF points.
GMDA: Selected 7175 TF points.
GMDA: Selected 7175 TF points.
GMDA: Selected 7175 TF points.
GMDA: Selected 7175 TF points.
GMDA: Selected 7175 TF points.
GMDA: Selected 7175 TF points.
GMDA: Selected 7175 TF points.
GMDA: Selected 7175 TF points.
GMDA: Selected 7175 TF points.
GMDA: Selected 7175 TF points.
GMDA: Selected 7175 TF points.
GMDA: Selected 7175 TF points.
GMDA: Selected 15050 TF points.
GMDA: Selected 15050 TF points.
GMDA: Selected 15050 TF points.
GMDA: Selected 15050 TF points.
GMDA: Selected 15050 TF points.
GMDA: Selected 15050 TF points.
GMDA: Selected 15050 TF points.
GMDA: Selected 15050 TF points.
GMDA: Selected 15050 TF points.
GMDA: Selected 15050 TF points.
GMDA: Selected 15050 TF points.
GMDA: Selected 15050 TF points.
GMDA: Selected 15050 TF points.
GMDA: Selected 15050 TF points.
GMDA: Selected 15050 TF points.
GMDA: Selected 15050 TF points.
GMDA: Selected 1371 TF points.
GMDA: Selected 1371 TF points.
GMDA: Selected 1371 TF points.
GMDA: Selected 1371 TF points.
GMDA: Selected 1371 TF points.
GMDA: Selected 1371 TF points.
GMDA: Selected 1371 TF points.
GMDA: Selected 1371 TF points.
GMDA: Selected 1371 TF points.
GMDA: Selected 1371 TF points.
GMDA: Selected 1371 TF points.
GMDA: Selected 1371 TF points.
GMDA: Selected 1371 TF points.
GMDA: Selected 1371 TF points.
GMDA: Selected 1371 TF points.
GMDA: Selected 1371 TF points.
GMDA: Selected 9883 TF points.
GMDA: Selected 9883 TF points.
GMDA: Selected 9883 TF points.
GMDA: Selected 9883 TF points.
GMDA: Selected 9883 TF points.
GMDA: Selected 9883 TF points.
GMDA: Selected 9883 TF points.
GMDA: Selected 9883 TF points.
GMDA: Selected 9883 TF points.
GMDA: Selected 9883 TF points.
GMDA: Selected 9883 TF points.
GMDA: Selected 9883 TF points.
GMDA: Selected 9883 TF points.
GMDA: Selected 9883 TF points.
GMDA: Selected 9883 TF points.
GMDA: Selected 9883 TF points.
GMDA: Selected 8728 TF points.
GMDA: Selected 8728 TF points.
GMDA: Selected 8728 TF points.
GMDA: Selected 8728 TF points.
GMDA: Selected 8728 TF points.
GMDA: Selected 8728 TF points.
GMDA: Selected 8728 TF points.
GMDA: Selected 8728 TF points.
GMDA: Selected 8728 TF points.
GMDA: Selected 8728 TF points.
GMDA: Selected 8728 TF points.
GMDA: Selected 8728 TF points.
GMDA: Selected 8728 TF points.
GMDA: Selected 8728 TF points.
GMDA: Selected 8728 TF points.
GMDA: Selected 8728 TF points.
GMDA: Selected 10421 TF points.
GMDA: Selected 10421 TF points.
GMDA: Selected 10421 TF points.
GMDA: Selected 10421 TF points.
GMDA: Selected 10421 TF points.
GMDA: Selected 10421 TF points.
GMDA: Selected 10421 TF points.
GMDA: Selected 10421 TF points.
GMDA: Selected 10421 TF points.
GMDA: Selected 10421 TF points.
GMDA: Selected 10421 TF points.
GMDA: Selected 10421 TF points.
GMDA: Selected 10421 TF points.
GMDA: Selected 10421 TF points.
GMDA: Selected 10421 TF points.
GMDA: Selected 10421 TF points.
GMDA: Selected 10443 TF points.
GMDA: Selected 10443 TF points.
GMDA: Selected 10443 TF points.
GMDA: Selected 10443 TF points.
GMDA: Selected 10443 TF points.
GMDA: Selected 10443 TF points.
GMDA: Selected 10443 TF points.
GMDA: Selected 10443 TF points.
GMDA: Selected 10443 TF points.
GMDA: Selected 10443 TF points.
GMDA: Selected 10443 TF points.
GMDA: Selected 10443 TF points.
GMDA: Selected 10443 TF points.
GMDA: Selected 10443 TF points.
GMDA: Selected 10443 TF points.
GMDA: Selected 10443 TF points.
GMDA: Selected 18098 TF points.
GMDA: Selected 18098 TF points.
GMDA: Selected 18098 TF points.
GMDA: Selected 18098 TF points.
GMDA: Selected 18098 TF points.
GMDA: Selected 18098 TF points.
GMDA: Selected 18098 TF points.
GMDA: Selected 18098 TF points.
GMDA: Selected 18098 TF points.
GMDA: Selected 18098 TF points.
GMDA: Selected 18098 TF points.
GMDA: Selected 18098 TF points.
GMDA: Selected 18098 TF points.
GMDA: Selected 18098 TF points.
GMDA: Selected 18098 TF points.
GMDA: Selected 18098 TF points.
GMDA: Selected 15061 TF points.
GMDA: Selected 15061 TF points.
GMDA: Selected 15061 TF points.
GMDA: Selected 15061 TF points.
GMDA: Selected 15061 TF points.
GMDA: Selected 15061 TF points.
GMDA: Selected 15061 TF points.
GMDA: Selected 15061 TF points.
GMDA: Selected 15061 TF points.
GMDA: Selected 15061 TF points.
GMDA: Selected 15061 TF points.
GMDA: Selected 15061 TF points.
GMDA: Selected 15061 TF points.
GMDA: Selected 15061 TF points.
GMDA: Selected 15061 TF points.
GMDA: Selected 15061 TF points.
GMDA: Selected 16085 TF points.
GMDA: Selected 16085 TF points.
GMDA: Selected 16085 TF points.
GMDA: Selected 16085 TF points.
GMDA: Selected 16085 TF points.
GMDA: Selected 16085 TF points.
GMDA: Selected 16085 TF points.
GMDA: Selected 16085 TF points.
GMDA: Selected 16085 TF points.
GMDA: Selected 16085 TF points.
GMDA: Selected 16085 TF points.
GMDA: Selected 16085 TF points.
GMDA: Selected 16085 TF points.
GMDA: Selected 16085 TF points.
GMDA: Selected 16085 TF points.
GMDA: Selected 16085 TF points.
GMDA: Selected 8738 TF points.
GMDA: Selected 8738 TF points.
GMDA: Selected 8738 TF points.
GMDA: Selected 8738 TF points.
GMDA: Selected 8738 TF points.
GMDA: Selected 8738 TF points.
GMDA: Selected 8738 TF points.
GMDA: Selected 8738 TF points.
GMDA: Selected 8738 TF points.
GMDA: Selected 8738 TF points.
GMDA: Selected 8738 TF points.
GMDA: Selected 8738 TF points.
GMDA: Selected 8738 TF points.
GMDA: Selected 8738 TF points.
GMDA: Selected 8738 TF points.
GMDA: Selected 8738 TF points.
GMDA: Selected 12057 TF points.
GMDA: Selected 12057 TF points.
GMDA: Selected 12057 TF points.
GMDA: Selected 12057 TF points.
GMDA: Selected 12057 TF points.
GMDA: Selected 12057 TF points.
GMDA: Selected 12057 TF points.
GMDA: Selected 12057 TF points.
GMDA: Selected 12057 TF points.
GMDA: Selected 12057 TF points.
GMDA: Selected 12057 TF points.
GMDA: Selected 12057 TF points.
GMDA: Selected 12057 TF points.
GMDA: Selected 12057 TF points.
GMDA: Selected 12057 TF points.
GMDA: Selected 12057 TF points.
GMDA: Selected 16854 TF points.
GMDA: Selected 16854 TF points.
GMDA: Selected 16854 TF points.
GMDA: Selected 16854 TF points.
GMDA: Selected 16854 TF points.
GMDA: Selected 16854 TF points.
GMDA: Selected 16854 TF points.
GMDA: Selected 16854 TF points.
GMDA: Selected 16854 TF points.[I 2026-03-10 23:32:36,750] Trial 255 finished with value: 0.48489811105208047 and parameters: {'window_ms': 220, 'overlap': 0.9, 'freq_low_hz': 1150, 'freq_high_hz': 3950, 'power_thresh_percentile': 94, 'mdl_beta': 1.754168210079625}. Best is trial 200 with value: 0.4950764414984273.
[I 2026-03-10 23:32:42,835] Trial 256 finished with value: 0.48658538176151833 and parameters: {'window_ms': 215, 'overlap': 0.9, 'freq_low_hz': 1150, 'freq_high_hz': 3950, 'power_thresh_percentile': 94, 'mdl_beta': 1.000265559311847}. Best is trial 200 with value: 0.4950764414984273.
[I 2026-03-10 23:33:00,589] Trial 257 finished with value: 0.48489811105208047 and parameters: {'window_ms': 220, 'overlap': 0.9, 'freq_low_hz': 1150, 'freq_high_hz': 3950, 'power_thresh_percentile': 94, 'mdl_beta': 1.708784630538}. Best is trial 200 with value: 0.4950764414984273.
[I 2026-03-10 23:33:04,382] Trial 262 finished with value: 0.47826613735818635 and parameters: {'window_ms': 215, 'overlap': 0.8500000000000001, 'freq_low_hz': 1200, 'freq_high_hz': 4000, 'power_thresh_percentile': 98, 'mdl_beta': 1.7543738009862215}. Best is trial 200 with value: 0.4950764414984273.
[I 2026-03-10 23:33:11,214] Trial 263 finished with value: 0.47826613735818635 and parameters: {'window_ms': 215, 'overlap': 0.8500000000000001, 'freq_low_hz': 1200, 'freq_high_hz': 4000, 'power_thresh_percentile': 98, 'mdl_beta': 1.7274953528091257}. Best is trial 200 with value: 0.4950764414984273.
[I 2026-03-10 23:33:13,541] Trial 258 finished with value: 0.49328058451200757 and parameters: {'window_ms': 220, 'overlap': 0.9, 'freq_low_hz': 1200, 'freq_high_hz': 4000, 'power_thresh_percentile': 94, 'mdl_beta': 1.063866509539607}. Best is trial 200 with value: 0.4950764414984273.
[I 2026-03-10 23:33:14,465] Trial 259 finished with value: 0.49328058451200757 and parameters: {'window_ms': 220, 'overlap': 0.9, 'freq_low_hz': 1200, 'freq_high_hz': 4000, 'power_thresh_percentile': 94, 'mdl_beta': 1.7115991202926968}. Best is trial 200 with value: 0.4950764414984273.
[I 2026-03-10 23:33:14,754] Trial 264 finished with value: 0.47768721932198566 and parameters: {'window_ms': 200, 'overlap': 0.8500000000000001, 'freq_low_hz': 1200, 'freq_high_hz': 4000, 'power_thresh_percentile': 98, 'mdl_beta': 1.7272003699892866}. Best is trial 200 with value: 0.4950764414984273.
[I 2026-03-10 23:33:33,581] Trial 265 finished with value: 0.47768721932198566 and parameters: {'window_ms': 200, 'overlap': 0.8500000000000001, 'freq_low_hz': 1200, 'freq_high_hz': 4000, 'power_thresh_percentile': 98, 'mdl_beta': 0.509528332999255}. Best is trial 200 with value: 0.4950764414984273.
[I 2026-03-10 23:33:48,286] Trial 266 finished with value: 0.4870213459578457 and parameters: {'window_ms': 235, 'overlap': 0.8500000000000001, 'freq_low_hz': 1200, 'freq_high_hz': 3900, 'power_thresh_percentile': 96, 'mdl_beta': 0.5198664228039275}. Best is trial 200 with value: 0.4950764414984273.
[I 2026-03-10 23:34:18,639] Trial 267 finished with value: 0.4850230425070852 and parameters: {'window_ms': 235, 'overlap': 0.9, 'freq_low_hz': 1200, 'freq_high_hz': 3900, 'power_thresh_percentile': 96, 'mdl_beta': 1.565758244776213}. Best is trial 200 with value: 0.4950764414984273.
[I 2026-03-10 23:34:18,855] Trial 269 finished with value: 0.4966994657406606 and parameters: {'window_ms': 230, 'overlap': 0.9, 'freq_low_hz': 1200, 'freq_high_hz': 4100, 'power_thresh_percentile': 96, 'mdl_beta': 1.5587384787175593}. Best is trial 269 with value: 0.4966994657406606.
[I 2026-03-10 23:34:25,734] Trial 268 finished with value: 0.4966994657406606 and parameters: {'window_ms': 230, 'overlap': 0.9, 'freq_low_hz': 1200, 'freq_high_hz': 4100, 'power_thresh_percentile': 96, 'mdl_beta': 1.12136133566762}. Best is trial 268 with value: 0.4966994657406606.

GMDA: Selected 2771 TF points.
GMDA: Selected 2771 TF points.
GMDA: Selected 2771 TF points.
GMDA: Selected 2771 TF points.
GMDA: Selected 2771 TF points.
GMDA: Selected 2771 TF points.
GMDA: Selected 2771 TF points.
GMDA: Selected 2771 TF points.
GMDA: Selected 2771 TF points.
GMDA: Selected 2771 TF points.
GMDA: Selected 2771 TF points.
GMDA: Selected 2771 TF points.
GMDA: Selected 2771 TF points.
GMDA: Selected 3558 TF points.
GMDA: Selected 3558 TF points.
GMDA: Selected 3558 TF points.
GMDA: Selected 3558 TF points.
GMDA: Selected 3558 TF points.
GMDA: Selected 3558 TF points.
GMDA: Selected 3558 TF points.
GMDA: Selected 3558 TF points.
GMDA: Selected 3558 TF points.
GMDA: Selected 3558 TF points.
GMDA: Selected 3558 TF points.
GMDA: Selected 3558 TF points.
GMDA: Selected 3558 TF points.
GMDA: Selected 3558 TF points.
GMDA: Selected 3558 TF points.
GMDA: Selected 3558 TF points.
GMDA: Selected 6885 TF points.
GMDA: Selected 6885 TF points.
GMDA: Selected 6885 TF points.
GMDA: Selected 6885 TF points.
GMDA: Selected 6885 TF points.
GMDA: Selected 6885 TF points.
GMDA: Selected 6885 TF points.
GMDA: Selected 6885 TF points.
GMDA: Selected 6885 TF points.
GMDA: Selected 6885 TF points.
GMDA: Selected 6885 TF points.
GMDA: Selected 6885 TF points.
GMDA: Selected 6885 TF points.
GMDA: Selected 6885 TF points.
GMDA: Selected 6885 TF points.
GMDA: Selected 6885 TF points.
GMDA: Selected 2911 TF points.
GMDA: Selected 2911 TF points.
GMDA: Selected 2911 TF points.
GMDA: Selected 2911 TF points.
GMDA: Selected 2911 TF points.
GMDA: Selected 2911 TF points.
GMDA: Selected 2911 TF points.
GMDA: Selected 2911 TF points.
GMDA: Selected 2911 TF points.
GMDA: Selected 2911 TF points.
GMDA: Selected 2911 TF points.
GMDA: Selected 2911 TF points.
GMDA: Selected 2911 TF points.
GMDA: Selected 2911 TF points.
GMDA: Selected 2911 TF points.
GMDA: Selected 2911 TF points.
GMDA: Selected 25402 TF points.
GMDA: Selected 25402 TF points.
GMDA: Selected 25402 TF points.
GMDA: Selected 25402 TF points.
GMDA: Selected 25402 TF points.
GMDA: Selected 25402 TF points.
GMDA: Selected 25402 TF points.
GMDA: Selected 25402 TF points.
GMDA: Selected 25402 TF points.
GMDA: Selected 25402 TF points.
GMDA: Selected 25402 TF points.
GMDA: Selected 25402 TF points.
GMDA: Selected 25402 TF points.
GMDA: Selected 25402 TF points.
GMDA: Selected 25402 TF points.
GMDA: Selected 25402 TF points.
GMDA: Selected 32337 TF points.
GMDA: Selected 32337 TF points.
GMDA: Selected 32337 TF points.
GMDA: Selected 32337 TF points.
GMDA: Selected 32337 TF points.
GMDA: Selected 32337 TF points.
GMDA: Selected 32337 TF points.
GMDA: Selected 32337 TF points.
GMDA: Selected 32337 TF points.
GMDA: Selected 32337 TF points.
GMDA: Selected 32337 TF points.
GMDA: Selected 32337 TF points.
GMDA: Selected 32337 TF points.
GMDA: Selected 32337 TF points.
GMDA: Selected 32337 TF points.
GMDA: Selected 32337 TF points.
GMDA: Selected 1986 TF points.
GMDA: Selected 1986 TF points.
GMDA: Selected 1986 TF points.
GMDA: Selected 1986 TF points.
GMDA: Selected 1986 TF points.
GMDA: Selected 1986 TF points.
GMDA: Selected 1986 TF points.
GMDA: Selected 1986 TF points.
GMDA: Selected 1986 TF points.
GMDA: Selected 1986 TF points.
GMDA: Selected 1986 TF points.
GMDA: Selected 1986 TF points.
GMDA: Selected 1986 TF points.
GMDA: Selected 1986 TF points.
GMDA: Selected 1986 TF points.
GMDA: Selected 1986 TF points.
GMDA: Selected 49374 TF points.
GMDA: Selected 49374 TF points.
GMDA: Selected 49374 TF points.
GMDA: Selected 49374 TF points.
GMDA: Selected 49374 TF points.
GMDA: Selected 49374 TF points.
GMDA: Selected 49374 TF points.
GMDA: Selected 49374 TF points.
GMDA: Selected 49374 TF points.
GMDA: Selected 49374 TF points.
GMDA: Selected 49374 TF points.
GMDA: Selected 49374 TF points.
GMDA: Selected 49374 TF points.
GMDA: Selected 49374 TF points.
GMDA: Selected 49374 TF points.
GMDA: Selected 49374 TF points.
GMDA: Selected 15639 TF points.
GMDA: Selected 15639 TF points.
GMDA: Selected 15639 TF points.
GMDA: Selected 15639 TF points.
GMDA: Selected 15639 TF points.
GMDA: Selected 15639 TF points.
GMDA: Selected 15639 TF points.
GMDA: Selected 15639 TF points.
GMDA: Selected 15639 TF points.
GMDA: Selected 15639 TF points.
GMDA: Selected 15639 TF points.
GMDA: Selected 15639 TF points.
GMDA: Selected 15639 TF points.
GMDA: Selected 15639 TF points.
GMDA: Selected 15639 TF points.
GMDA: Selected 15639 TF points.
GMDA: Selected 12049 TF points.
GMDA: Selected 12049 TF points.
GMDA: Selected 12049 TF points.
GMDA: Selected 12049 TF points.
GMDA: Selected 12049 TF points.
GMDA: Selected 12049 TF points.
GMDA: Selected 12049 TF points.
GMDA: Selected 12049 TF points.
GMDA: Selected 12049 TF points.
GMDA: Selected 12049 TF points.
GMDA: Selected 12049 TF points.
GMDA: Selected 12049 TF points.
GMDA: Selected 12049 TF points.
GMDA: Selected 12049 TF points.
GMDA: Selected 12049 TF points.
GMDA: Selected 12049 TF points.
GMDA: Selected 14548 TF points.
GMDA: Selected 14548 TF points.
GMDA: Selected 14548 TF points.
GMDA: Selected 14548 TF points.
GMDA: Selected 14548 TF points.
GMDA: Selected 14548 TF points.
GMDA: Selected 14548 TF points.
GMDA: Selected 14548 TF points.
GMDA: Selected 14548 TF points.
GMDA: Selected 14548 TF points.
GMDA: Selected 14548 TF points.
GMDA: Selected 14548 TF points.
GMDA: Selected 14548 TF points.
GMDA: Selected 14548 TF points.
GMDA: Selected 14548 TF points.
GMDA: Selected 14548 TF points.
GMDA: Selected 6441 TF points.
GMDA: Selected 6441 TF points.
GMDA: Selected 6441 TF points.
GMDA: Selected 6441 TF points.
GMDA: Selected 6441 TF points.
GMDA: Selected 6441 TF points.
GMDA: Selected 6441 TF points.
GMDA: Selected 6441 TF points.
GMDA: Selected 6441 TF points.
GMDA: Selected 6441 TF points.
GMDA: Selected 6441 TF points.
GMDA: Selected 6441 TF points.
GMDA: Selected 6441 TF points.
GMDA: Selected 6441 TF points.
GMDA: Selected 6441 TF points.
GMDA: Selected 6441 TF points.
GMDA: Selected 11656 TF points.
GMDA: Selected 11656 TF points.
GMDA: Selected 11656 TF points.
GMDA: Selected 11656 TF points.
GMDA: Selected 11656 TF points.
GMDA: Selected 11656 TF points.
GMDA: Selected 11656 TF points.
GMDA: Selected 11656 TF points.
GMDA: Selected 11656 TF points.
GMDA: Selected 11656 TF points.
GMDA: Selected 11656 TF points.
GMDA: Selected 11656 TF points.
GMDA: Selected 11656 TF points.
GMDA: Selected 11656 TF points.
GMDA: Selected 11656 TF points.
GMDA: Selected 11656 TF points.
GMDA: Selected 11656 TF points.
GMDA: Selected 11656 TF points.
GMDA: Selected 11656 TF points.
GMDA: Selected 11656 TF points.
GMDA: Selected 11656 TF points.
GMDA: Selected 11656 TF points.
GMDA: Selected 11656 TF points.
GMDA: Selected 11656 TF points.
GMDA: Selected 11656 TF points.
GMDA: Selected 11656 TF points.
GMDA: Selected 11656 TF points.
GMDA: Selected 11656 TF points.
GMDA: Selected 11656 TF points.
GMDA: Selected 11656 TF points.
GMDA: Selected 11656 TF points.
GMDA: Selected 11656 TF points.
GMDA: Selected 16854 TF points.
GMDA: Selected 16854 TF points.
GMDA: Selected 16854 TF points.
GMDA: Selected 16854 TF points.
GMDA: Selected 16854 TF points.
GMDA: Selected 16854 TF points.
GMDA: Selected 16854 TF points.
GMDA: Selected 16854 TF points.
GMDA: Selected 16854 TF points.
GMDA: Selected 16854 TF points.
GMDA: Selected 16854 TF points.
GMDA: Selected 16854 TF points.
GMDA: Selected 16854 TF points.
GMDA: Selected 16854 TF points.
GMDA: Selected 16854 TF points.
GMDA: Selected 16854 TF points.
GMDA: Selected 11650 TF points.
GMDA: Selected 11650 TF points.
GMDA: Selected 11650 TF points.
GMDA: Selected 11650 TF points.
GMDA: Selected 11650 TF points.
GMDA: Selected 11650 TF points.
GMDA: Selected 11650 TF points.
GMDA: Selected 11650 TF points.
GMDA: Selected 11650 TF points.
GMDA: Selected 11650 TF points.
GMDA: Selected 11650 TF points.
GMDA: Selected 11650 TF points.
GMDA: Selected 11650 TF points.
GMDA: Selected 11650 TF points.
GMDA: Selected 11650 TF points.
GMDA: Selected 11650 TF points.
GMDA: Selected 19280 TF points.
GMDA: Selected 19280 TF points.
GMDA: Selected 19280 TF points.
GMDA: Selected 19280 TF points.
GMDA: Selected 19280 TF points.
GMDA: Selected 19280 TF points.[I 2026-03-10 23:35:02,637] Trial 270 finished with value: 0.4816072129341107 and parameters: {'window_ms': 230, 'overlap': 0.9, 'freq_low_hz': 1200, 'freq_high_hz': 4400, 'power_thresh_percentile': 93, 'mdl_beta': 0.5318542441422518}. Best is trial 268 with value: 0.4966994657406606.
