[I 2026-03-10 23:00:29,035] A new study created in RDB with name: respeaker_v3_ssz
[I 2026-03-10 23:01:03,663] Trial 5 finished with value: 0.41096964208008435 and parameters: {'window_ms': 120, 'overlap': 0.25, 'freq_low_hz': 100, 'freq_high_hz': 2400, 'epsilon': 0.13925289528359278, 'd_freq': 15}. Best is trial 5 with value: 0.41096964208008435.
[I 2026-03-10 23:01:31,034] Trial 2 finished with value: 0.41442944918377284 and parameters: {'window_ms': 135, 'overlap': 0.6000000000000001, 'freq_low_hz': 600, 'freq_high_hz': 3100, 'epsilon': 0.40879030166697367, 'd_freq': 12}. Best is trial 2 with value: 0.41442944918377284.
[I 2026-03-10 23:01:32,418] Trial 0 finished with value: 0.41090236058967594 and parameters: {'window_ms': 30, 'overlap': 0.5, 'freq_low_hz': 200, 'freq_high_hz': 3000, 'epsilon': 0.1, 'd_freq': 8}. Best is trial 2 with value: 0.41442944918377284.
[I 2026-03-10 23:02:04,829] Trial 3 finished with value: 0.4114816526161281 and parameters: {'window_ms': 100, 'overlap': 0.6000000000000001, 'freq_low_hz': 100, 'freq_high_hz': 1900, 'epsilon': 0.43525012788871037, 'd_freq': 4}. Best is trial 2 with value: 0.41442944918377284.
[I 2026-03-10 23:03:27,158] Trial 4 finished with value: 0.41415877335501444 and parameters: {'window_ms': 180, 'overlap': 0.65, 'freq_low_hz': 450, 'freq_high_hz': 5000, 'epsilon': 0.42061425322791046, 'd_freq': 6}. Best is trial 2 with value: 0.41442944918377284.
[I 2026-03-10 23:04:11,562] Trial 9 finished with value: 0.40742482123119783 and parameters: {'window_ms': 180, 'overlap': 0.6000000000000001, 'freq_low_hz': 450, 'freq_high_hz': 4300, 'epsilon': 0.2891018893235179, 'd_freq': 6}. Best is trial 2 with value: 0.41442944918377284.
[I 2026-03-10 23:05:15,321] Trial 10 finished with value: 0.426557533028519 and parameters: {'window_ms': 230, 'overlap': 0.75, 'freq_low_hz': 550, 'freq_high_hz': 2400, 'epsilon': 0.3479557853182075, 'd_freq': 6}. Best is trial 10 with value: 0.426557533028519.
[I 2026-03-10 23:05:17,018] Trial 8 finished with value: 0.42801055378196284 and parameters: {'window_ms': 135, 'overlap': 0.55, 'freq_low_hz': 750, 'freq_high_hz': 3500, 'epsilon': 0.3525170810659767, 'd_freq': 2}. Best is trial 8 with value: 0.42801055378196284.
[I 2026-03-10 23:05:43,645] Trial 6 finished with value: 0.42999360954994387 and parameters: {'window_ms': 45, 'overlap': 0.65, 'freq_low_hz': 1200, 'freq_high_hz': 4000, 'epsilon': 0.22140163931768203, 'd_freq': 2}. Best is trial 6 with value: 0.42999360954994387.
[I 2026-03-10 23:06:01,430] Trial 13 finished with value: 0.4074317087258458 and parameters: {'window_ms': 230, 'overlap': 0.25, 'freq_low_hz': 1000, 'freq_high_hz': 5600, 'epsilon': 0.12348503037701718, 'd_freq': 16}. Best is trial 6 with value: 0.42999360954994387.
[I 2026-03-10 23:07:47,115] Trial 7 finished with value: 0.4221735202775185 and parameters: {'window_ms': 40, 'overlap': 0.6000000000000001, 'freq_low_hz': 650, 'freq_high_hz': 5400, 'epsilon': 0.09522907680229982, 'd_freq': 2}. Best is trial 6 with value: 0.42999360954994387.
[I 2026-03-10 23:07:57,884] Trial 1 finished with value: 0.4277442190163543 and parameters: {'window_ms': 225, 'overlap': 0.65, 'freq_low_hz': 1100, 'freq_high_hz': 5400, 'epsilon': 0.25886037014175123, 'd_freq': 2}. Best is trial 6 with value: 0.42999360954994387.
[I 2026-03-10 23:08:54,259] Trial 11 finished with value: 0.41438618208951733 and parameters: {'window_ms': 95, 'overlap': 0.9, 'freq_low_hz': 1100, 'freq_high_hz': 4500, 'epsilon': 0.3651193738172424, 'd_freq': 11}. Best is trial 6 with value: 0.42999360954994387.
[I 2026-03-10 23:09:11,307] Trial 12 finished with value: 0.42694828330794465 and parameters: {'window_ms': 200, 'overlap': 0.8, 'freq_low_hz': 100, 'freq_high_hz': 2000, 'epsilon': 0.3020491831157347, 'd_freq': 3}. Best is trial 6 with value: 0.42999360954994387.
[I 2026-03-10 23:09:24,479] Trial 14 finished with value: 0.44688512628927035 and parameters: {'window_ms': 205, 'overlap': 0.75, 'freq_low_hz': 800, 'freq_high_hz': 5600, 'epsilon': 0.3207493307945848, 'd_freq': 7}. Best is trial 14 with value: 0.44688512628927035.
[I 2026-03-10 23:10:37,084] Trial 20 finished with value: 0.40574935446034166 and parameters: {'window_ms': 10, 'overlap': 0.4, 'freq_low_hz': 850, 'freq_high_hz': 6000, 'epsilon': 0.2020216963988426, 'd_freq': 9}. Best is trial 14 with value: 0.44688512628927035.
[I 2026-03-10 23:12:01,732] Trial 21 finished with value: 0.41468598345136437 and parameters: {'window_ms': 60, 'overlap': 0.75, 'freq_low_hz': 1200, 'freq_high_hz': 4400, 'epsilon': 0.024124844533052886, 'd_freq': 5}. Best is trial 14 with value: 0.44688512628927035.
[I 2026-03-10 23:14:32,932] Trial 18 finished with value: 0.4370535206655828 and parameters: {'window_ms': 70, 'overlap': 0.45, 'freq_low_hz': 850, 'freq_high_hz': 3800, 'epsilon': 0.1820143167320104, 'd_freq': 1}. Best is trial 14 with value: 0.44688512628927035.
[I 2026-03-10 23:14:41,379] Trial 19 finished with value: 0.437350433760639 and parameters: {'window_ms': 60, 'overlap': 0.45, 'freq_low_hz': 850, 'freq_high_hz': 3700, 'epsilon': 0.19647470807941977, 'd_freq': 1}. Best is trial 14 with value: 0.44688512628927035.
[I 2026-03-10 23:15:40,543] Trial 23 finished with value: 0.4142986659614436 and parameters: {'window_ms': 75, 'overlap': 0.4, 'freq_low_hz': 850, 'freq_high_hz': 4800, 'epsilon': 0.17898356007916208, 'd_freq': 9}. Best is trial 14 with value: 0.44688512628927035.
[I 2026-03-10 23:16:01,026] Trial 24 finished with value: 0.4074700343224995 and parameters: {'window_ms': 170, 'overlap': 0.35, 'freq_low_hz': 850, 'freq_high_hz': 4900, 'epsilon': 0.27169442115841175, 'd_freq': 8}. Best is trial 14 with value: 0.44688512628927035.
[I 2026-03-10 23:16:35,969] Trial 22 finished with value: 0.4144398477062058 and parameters: {'window_ms': 160, 'overlap': 0.9, 'freq_low_hz': 850, 'freq_high_hz': 3800, 'epsilon': 0.18412609107921654, 'd_freq': 8}. Best is trial 14 with value: 0.44688512628927035.
[I 2026-03-10 23:18:32,247] Trial 25 finished with value: 0.4143912728585386 and parameters: {'window_ms': 165, 'overlap': 0.9, 'freq_low_hz': 950, 'freq_high_hz': 3100, 'epsilon': 0.2643785535209153, 'd_freq': 13}. Best is trial 14 with value: 0.44688512628927035.
[I 2026-03-10 23:21:46,792] Trial 27 finished with value: 0.44066838255346436 and parameters: {'window_ms': 80, 'overlap': 0.45, 'freq_low_hz': 950, 'freq_high_hz': 3500, 'epsilon': 0.23822982205309434, 'd_freq': 1}. Best is trial 14 with value: 0.44688512628927035.
[I 2026-03-10 23:21:57,367] Trial 26 finished with value: 0.44079634890362623 and parameters: {'window_ms': 80, 'overlap': 0.45, 'freq_low_hz': 950, 'freq_high_hz': 3800, 'epsilon': 0.15566584735420202, 'd_freq': 1}. Best is trial 14 with value: 0.44688512628927035.
[I 2026-03-10 23:22:38,622] Trial 16 finished with value: 0.43380070988862596 and parameters: {'window_ms': 80, 'overlap': 0.9, 'freq_low_hz': 1200, 'freq_high_hz': 4000, 'epsilon': 0.22511728778006876, 'd_freq': 2}. Best is trial 14 with value: 0.44688512628927035.
[I 2026-03-10 23:22:58,193] Trial 30 finished with value: 0.42147405711150937 and parameters: {'window_ms': 250, 'overlap': 0.35, 'freq_low_hz': 1000, 'freq_high_hz': 2700, 'epsilon': 0.3204529287812298, 'd_freq': 4}. Best is trial 14 with value: 0.44688512628927035.
[I 2026-03-10 23:23:32,182] Trial 29 finished with value: 0.4154737449591076 and parameters: {'window_ms': 250, 'overlap': 0.5, 'freq_low_hz': 750, 'freq_high_hz': 3500, 'epsilon': 0.3123023878538097, 'd_freq': 4}. Best is trial 14 with value: 0.44688512628927035.
[I 2026-03-10 23:23:36,012] Trial 31 finished with value: 0.42147405711150937 and parameters: {'window_ms': 250, 'overlap': 0.35, 'freq_low_hz': 1000, 'freq_high_hz': 2700, 'epsilon': 0.3074521717923927, 'd_freq': 4}. Best is trial 14 with value: 0.44688512628927035.
[I 2026-03-10 23:24:07,291] Trial 34 finished with value: 0.4119365511799086 and parameters: {'window_ms': 105, 'overlap': 0.5, 'freq_low_hz': 750, 'freq_high_hz': 1600, 'epsilon': 0.07117605097896017, 'd_freq': 10}. Best is trial 14 with value: 0.44688512628927035.
[I 2026-03-10 23:24:12,264] Trial 33 finished with value: 0.4245982250829 and parameters: {'window_ms': 110, 'overlap': 0.8, 'freq_low_hz': 950, 'freq_high_hz': 1500, 'epsilon': 0.148803770415874, 'd_freq': 10}. Best is trial 14 with value: 0.44688512628927035.
[I 2026-03-10 23:24:33,945] Trial 32 finished with value: 0.41513198958402536 and parameters: {'window_ms': 110, 'overlap': 0.5, 'freq_low_hz': 750, 'freq_high_hz': 3400, 'epsilon': 0.1428050018527514, 'd_freq': 4}. Best is trial 14 with value: 0.44688512628927035.
[I 2026-03-10 23:24:36,884] Trial 28 finished with value: 0.4410246090041309 and parameters: {'window_ms': 85, 'overlap': 0.5, 'freq_low_hz': 750, 'freq_high_hz': 3600, 'epsilon': 0.1612806426666495, 'd_freq': 1}. Best is trial 14 with value: 0.44688512628927035.
[I 2026-03-10 23:26:30,997] Trial 35 finished with value: 0.40588384591047416 and parameters: {'window_ms': 15, 'overlap': 0.8, 'freq_low_hz': 300, 'freq_high_hz': 5800, 'epsilon': 0.14720940151653034, 'd_freq': 14}. Best is trial 14 with value: 0.44688512628927035.
[I 2026-03-10 23:28:22,932] Trial 15 finished with value: 0.426900059384715 and parameters: {'window_ms': 10, 'overlap': 0.8500000000000001, 'freq_low_hz': 1200, 'freq_high_hz': 4300, 'epsilon': 0.021769774624830596, 'd_freq': 1}. Best is trial 14 with value: 0.44688512628927035.
[I 2026-03-10 23:29:33,384] Trial 36 finished with value: 0.4373729804479733 and parameters: {'window_ms': 60, 'overlap': 0.45, 'freq_low_hz': 700, 'freq_high_hz': 3400, 'epsilon': 0.22946903052048762, 'd_freq': 1}. Best is trial 14 with value: 0.44688512628927035.
[I 2026-03-10 23:30:17,562] Trial 40 finished with value: 0.4215811380367825 and parameters: {'window_ms': 95, 'overlap': 0.55, 'freq_low_hz': 1100, 'freq_high_hz': 3200, 'epsilon': 0.24566885016648693, 'd_freq': 3}. Best is trial 14 with value: 0.44688512628927035.
[I 2026-03-10 23:30:26,167] Trial 37 finished with value: 0.4370891210389212 and parameters: {'window_ms': 15, 'overlap': 0.45, 'freq_low_hz': 1100, 'freq_high_hz': 4100, 'epsilon': 0.23937809416137956, 'd_freq': 1}. Best is trial 14 with value: 0.44688512628927035.
[I 2026-03-10 23:31:08,228] Trial 38 finished with value: 0.43734366204658587 and parameters: {'window_ms': 85, 'overlap': 0.55, 'freq_low_hz': 500, 'freq_high_hz': 3300, 'epsilon': 0.24564306299351668, 'd_freq': 1}. Best is trial 14 with value: 0.44688512628927035.
[I 2026-03-10 23:31:21,052] Trial 41 finished with value: 0.41139296468862724 and parameters: {'window_ms': 90, 'overlap': 0.55, 'freq_low_hz': 1100, 'freq_high_hz': 3000, 'epsilon': 0.25330516585781226, 'd_freq': 3}. Best is trial 14 with value: 0.44688512628927035.
[I 2026-03-10 23:31:46,433] Trial 39 finished with value: 0.4350020648919469 and parameters: {'window_ms': 140, 'overlap': 0.55, 'freq_low_hz': 1100, 'freq_high_hz': 3300, 'epsilon': 0.2448200212159995, 'd_freq': 1}. Best is trial 14 with value: 0.44688512628927035.
[I 2026-03-10 23:32:01,346] Trial 42 finished with value: 0.42191443700041464 and parameters: {'window_ms': 85, 'overlap': 0.7, 'freq_low_hz': 550, 'freq_high_hz': 2900, 'epsilon': 0.39932155993293583, 'd_freq': 7}. Best is trial 14 with value: 0.44688512628927035.
[I 2026-03-10 23:32:11,073] Trial 44 finished with value: 0.40769345050983574 and parameters: {'window_ms': 145, 'overlap': 0.3, 'freq_low_hz': 600, 'freq_high_hz': 5200, 'epsilon': 0.08126552837078965, 'd_freq': 7}. Best is trial 14 with value: 0.44688512628927035.
[I 2026-03-10 23:33:03,670] Trial 45 finished with value: 0.4252304357996476 and parameters: {'window_ms': 145, 'overlap': 0.65, 'freq_low_hz': 650, 'freq_high_hz': 4600, 'epsilon': 0.10073774476647374, 'd_freq': 7}. Best is trial 14 with value: 0.44688512628927035.
[I 2026-03-10 23:33:17,735] Trial 46 finished with value: 0.41122875753619104 and parameters: {'window_ms': 45, 'overlap': 0.4, 'freq_low_hz': 650, 'freq_high_hz': 2800, 'epsilon': 0.4011909464483583, 'd_freq': 3}. Best is trial 14 with value: 0.44688512628927035.
[I 2026-03-10 23:33:32,080] Trial 43 finished with value: 0.41426920060258415 and parameters: {'window_ms': 125, 'overlap': 0.7, 'freq_low_hz': 550, 'freq_high_hz': 5300, 'epsilon': 0.37740066360475144, 'd_freq': 7}. Best is trial 14 with value: 0.44688512628927035.
[I 2026-03-10 23:33:41,120] Trial 47 finished with value: 0.42212110983690354 and parameters: {'window_ms': 35, 'overlap': 0.4, 'freq_low_hz': 650, 'freq_high_hz': 3600, 'epsilon': 0.10105649045686463, 'd_freq': 3}. Best is trial 14 with value: 0.44688512628927035.
[I 2026-03-10 23:34:57,702] Trial 48 finished with value: 0.42234709267509135 and parameters: {'window_ms': 40, 'overlap': 0.4, 'freq_low_hz': 700, 'freq_high_hz': 3700, 'epsilon': 0.11930142958915672, 'd_freq': 2}. Best is trial 14 with value: 0.44688512628927035.
[I 2026-03-10 23:35:28,703] Trial 52 finished with value: 0.4116106458233542 and parameters: {'window_ms': 55, 'overlap': 0.45, 'freq_low_hz': 950, 'freq_high_hz': 2500, 'epsilon': 0.16380790033602827, 'd_freq': 2}. Best is trial 14 with value: 0.44688512628927035.
[I 2026-03-10 23:35:48,290] Trial 49 finished with value: 0.4117207773130165 and parameters: {'window_ms': 50, 'overlap': 0.4, 'freq_low_hz': 700, 'freq_high_hz': 3600, 'epsilon': 0.16571914054439688, 'd_freq': 2}. Best is trial 14 with value: 0.44688512628927035.
[I 2026-03-10 23:36:19,960] Trial 50 finished with value: 0.427875035506149 and parameters: {'window_ms': 125, 'overlap': 0.45, 'freq_low_hz': 700, 'freq_high_hz': 3600, 'epsilon': 0.20983757817872323, 'd_freq': 2}. Best is trial 14 with value: 0.44688512628927035.
[I 2026-03-10 23:36:32,699] Trial 54 finished with value: 0.4140292832122426 and parameters: {'window_ms': 210, 'overlap': 0.6000000000000001, 'freq_low_hz': 800, 'freq_high_hz': 2100, 'epsilon': 0.2142188059144754, 'd_freq': 5}. Best is trial 14 with value: 0.44688512628927035.
[I 2026-03-10 23:36:34,426] Trial 51 finished with value: 0.42127697616629384 and parameters: {'window_ms': 60, 'overlap': 0.45, 'freq_low_hz': 700, 'freq_high_hz': 3600, 'epsilon': 0.208941966987697, 'd_freq': 2}. Best is trial 14 with value: 0.44688512628927035.
[I 2026-03-10 23:36:36,845] Trial 53 finished with value: 0.4209993702811465 and parameters: {'window_ms': 200, 'overlap': 0.45, 'freq_low_hz': 900, 'freq_high_hz': 4100, 'epsilon': 0.21185463867966597, 'd_freq': 5}. Best is trial 14 with value: 0.44688512628927035.
[I 2026-03-10 23:36:44,021] Trial 55 finished with value: 0.42116062500236634 and parameters: {'window_ms': 210, 'overlap': 0.5, 'freq_low_hz': 800, 'freq_high_hz': 2100, 'epsilon': 0.20780010349336367, 'd_freq': 5}. Best is trial 14 with value: 0.44688512628927035.
[I 2026-03-10 23:41:56,916] Trial 17 finished with value: 0.4468773263811968 and parameters: {'window_ms': 75, 'overlap': 0.9, 'freq_low_hz': 900, 'freq_high_hz': 4100, 'epsilon': 0.2124403158316476, 'd_freq': 1}. Best is trial 14 with value: 0.44688512628927035.
[I 2026-03-10 23:43:10,367] Trial 57 finished with value: 0.43695392888923285 and parameters: {'window_ms': 70, 'overlap': 0.5, 'freq_low_hz': 900, 'freq_high_hz': 4000, 'epsilon': 0.4488788241240062, 'd_freq': 1}. Best is trial 14 with value: 0.44688512628927035.
[I 2026-03-10 23:43:10,693] Trial 59 finished with value: 0.43676195550190733 and parameters: {'window_ms': 65, 'overlap': 0.5, 'freq_low_hz': 800, 'freq_high_hz': 3800, 'epsilon': 0.2844398324099313, 'd_freq': 1}. Best is trial 14 with value: 0.44688512628927035.
[I 2026-03-10 23:43:15,405] Trial 60 finished with value: 0.43750205374852036 and parameters: {'window_ms': 70, 'overlap': 0.5, 'freq_low_hz': 900, 'freq_high_hz': 3900, 'epsilon': 0.2884420973250311, 'd_freq': 1}. Best is trial 14 with value: 0.44688512628927035.
[I 2026-03-10 23:43:33,785] Trial 56 finished with value: 0.4369033295872745 and parameters: {'window_ms': 65, 'overlap': 0.5, 'freq_low_hz': 900, 'freq_high_hz': 4100, 'epsilon': 0.2040183594545142, 'd_freq': 1}. Best is trial 14 with value: 0.44688512628927035.
[I 2026-03-10 23:43:34,118] Trial 58 finished with value: 0.43695392888923285 and parameters: {'window_ms': 70, 'overlap': 0.5, 'freq_low_hz': 900, 'freq_high_hz': 4100, 'epsilon': 0.28427442819011733, 'd_freq': 1}. Best is trial 14 with value: 0.44688512628927035.
[I 2026-03-10 23:44:48,343] Trial 63 finished with value: 0.41442878585639953 and parameters: {'window_ms': 75, 'overlap': 0.7, 'freq_low_hz': 1050, 'freq_high_hz': 4200, 'epsilon': 0.3281724020263058, 'd_freq': 12}. Best is trial 14 with value: 0.44688512628927035.
[I 2026-03-10 23:44:50,461] Trial 64 finished with value: 0.3898442300658619 and parameters: {'window_ms': 25, 'overlap': 0.7, 'freq_low_hz': 900, 'freq_high_hz': 4600, 'epsilon': 0.3329385361747775, 'd_freq': 12}. Best is trial 14 with value: 0.44688512628927035.
[I 2026-03-10 23:46:07,597] Trial 65 finished with value: 0.40058919869126347 and parameters: {'window_ms': 25, 'overlap': 0.8500000000000001, 'freq_low_hz': 1050, 'freq_high_hz': 4300, 'epsilon': 0.3447217355055125, 'd_freq': 12}. Best is trial 14 with value: 0.44688512628927035.
[I 2026-03-10 23:51:01,989] Trial 69 finished with value: 0.4347692152412407 and parameters: {'window_ms': 80, 'overlap': 0.65, 'freq_low_hz': 800, 'freq_high_hz': 3900, 'epsilon': 0.22367844679656818, 'd_freq': 2}. Best is trial 14 with value: 0.44688512628927035.
[I 2026-03-10 23:53:58,343] Trial 66 finished with value: 0.4279085546906287 and parameters: {'window_ms': 80, 'overlap': 0.8500000000000001, 'freq_low_hz': 1050, 'freq_high_hz': 3900, 'epsilon': 0.3271337411292241, 'd_freq': 2}. Best is trial 14 with value: 0.44688512628927035.
[I 2026-03-10 23:55:07,434] Trial 68 finished with value: 0.4278887178372033 and parameters: {'window_ms': 80, 'overlap': 0.8500000000000001, 'freq_low_hz': 1000, 'freq_high_hz': 3900, 'epsilon': 0.18973204343874311, 'd_freq': 2}. Best is trial 14 with value: 0.44688512628927035.
[I 2026-03-10 23:55:09,996] Trial 67 finished with value: 0.4107970214843771 and parameters: {'window_ms': 25, 'overlap': 0.8500000000000001, 'freq_low_hz': 1050, 'freq_high_hz': 3900, 'epsilon': 0.2668836310758308, 'd_freq': 2}. Best is trial 14 with value: 0.44688512628927035.
[I 2026-03-10 23:56:21,583] Trial 70 finished with value: 0.42157700871103454 and parameters: {'window_ms': 100, 'overlap': 0.8500000000000001, 'freq_low_hz': 950, 'freq_high_hz': 3100, 'epsilon': 0.29805813455650265, 'd_freq': 3}. Best is trial 14 with value: 0.44688512628927035.
[I 2026-03-10 23:56:36,655] Trial 73 finished with value: 0.4224618023587137 and parameters: {'window_ms': 100, 'overlap': 0.35, 'freq_low_hz': 950, 'freq_high_hz': 3300, 'epsilon': 0.2303381211778142, 'd_freq': 3}. Best is trial 14 with value: 0.44688512628927035.
[I 2026-03-10 23:57:09,080] Trial 71 finished with value: 0.4212820141266684 and parameters: {'window_ms': 100, 'overlap': 0.75, 'freq_low_hz': 950, 'freq_high_hz': 3300, 'epsilon': 0.18827944083683482, 'd_freq': 3}. Best is trial 14 with value: 0.44688512628927035.
[I 2026-03-10 23:58:01,369] Trial 72 finished with value: 0.4210905919854607 and parameters: {'window_ms': 100, 'overlap': 0.75, 'freq_low_hz': 950, 'freq_high_hz': 3400, 'epsilon': 0.2971991972876626, 'd_freq': 3}. Best is trial 14 with value: 0.44688512628927035.
[I 2026-03-11 00:00:26,401] Trial 61 finished with value: 0.44688107149522993 and parameters: {'window_ms': 70, 'overlap': 0.8500000000000001, 'freq_low_hz': 900, 'freq_high_hz': 3900, 'epsilon': 0.29237485739921876, 'd_freq': 1}. Best is trial 14 with value: 0.44688512628927035.
[I 2026-03-11 00:00:30,345] Trial 76 finished with value: 0.43678992835939184 and parameters: {'window_ms': 55, 'overlap': 0.45, 'freq_low_hz': 850, 'freq_high_hz': 3500, 'epsilon': 0.17139572347286194, 'd_freq': 1}. Best is trial 14 with value: 0.44688512628927035.
[I 2026-03-11 00:00:36,344] Trial 62 finished with value: 0.4374874349092096 and parameters: {'window_ms': 25, 'overlap': 0.8500000000000001, 'freq_low_hz': 1050, 'freq_high_hz': 3900, 'epsilon': 0.28099869579416986, 'd_freq': 1}. Best is trial 14 with value: 0.44688512628927035.
[I 2026-03-11 00:01:09,018] Trial 77 finished with value: 0.43678992835939184 and parameters: {'window_ms': 55, 'overlap': 0.45, 'freq_low_hz': 850, 'freq_high_hz': 3500, 'epsilon': 0.16816674348604338, 'd_freq': 1}. Best is trial 14 with value: 0.44688512628927035.
[I 2026-03-11 00:02:51,950] Trial 75 finished with value: 0.4347687368663862 and parameters: {'window_ms': 115, 'overlap': 0.75, 'freq_low_hz': 750, 'freq_high_hz': 3400, 'epsilon': 0.17380956425795233, 'd_freq': 1}. Best is trial 14 with value: 0.44688512628927035.
[I 2026-03-11 00:02:53,811] Trial 74 finished with value: 0.44780966284873536 and parameters: {'window_ms': 95, 'overlap': 0.75, 'freq_low_hz': 750, 'freq_high_hz': 3400, 'epsilon': 0.17313746463927648, 'd_freq': 1}. Best is trial 74 with value: 0.44780966284873536.
[I 2026-03-11 00:10:41,193] Trial 78 finished with value: 0.4371871677521753 and parameters: {'window_ms': 50, 'overlap': 0.9, 'freq_low_hz': 850, 'freq_high_hz': 3500, 'epsilon': 0.126213750068286, 'd_freq': 1}. Best is trial 74 with value: 0.44780966284873536.
