[I 2026-03-10 23:40:07,663] Trial 137 finished with value: 0.47932731265595896 and parameters: {'window_ms': 10, 'overlap': 0.9, 'freq_low_hz': 1100, 'freq_high_hz': 3100, 'power_thresh_percentile': 88, 'mdl_beta': 1.4664557163859282}. Best is trial 134 with value: 0.5051403610133298.
GMDA: Selected 16627 TF points.
GMDA: Selected 16627 TF points.
GMDA: Selected 16627 TF points.
GMDA: Selected 16627 TF points.
GMDA: Selected 16627 TF points.
GMDA: Selected 16627 TF points.
GMDA: Selected 16627 TF points.
GMDA: Selected 16627 TF points.
GMDA: Selected 16627 TF points.
GMDA: Selected 16627 TF points.
GMDA: Selected 16627 TF points.
GMDA: Selected 16627 TF points.
GMDA: Selected 16627 TF points.
GMDA: Selected 16627 TF points.
GMDA: Selected 16627 TF points.
GMDA: Selected 16627 TF points.
GMDA: Selected 4110 TF points.
GMDA: Selected 4110 TF points.
GMDA: Selected 4110 TF points.
GMDA: Selected 4110 TF points.
GMDA: Selected 4110 TF points.
GMDA: Selected 4110 TF points.
GMDA: Selected 4110 TF points.
GMDA: Selected 4110 TF points.
GMDA: Selected 4110 TF points.
GMDA: Selected 4110 TF points.
GMDA: Selected 4110 TF points.
GMDA: Selected 4110 TF points.
GMDA: Selected 4110 TF points.
GMDA: Selected 4110 TF points.
GMDA: Selected 4110 TF points.
GMDA: Selected 4110 TF points.
GMDA: Selected 48078 TF points.
GMDA: Selected 48078 TF points.
GMDA: Selected 48078 TF points.
GMDA: Selected 48078 TF points.
GMDA: Selected 48078 TF points.
GMDA: Selected 48078 TF points.
GMDA: Selected 48078 TF points.
GMDA: Selected 48078 TF points.
GMDA: Selected 48078 TF points.
GMDA: Selected 48078 TF points.
GMDA: Selected 48078 TF points.
GMDA: Selected 48078 TF points.
GMDA: Selected 48078 TF points.
GMDA: Selected 48078 TF points.
GMDA: Selected 48078 TF points.
GMDA: Selected 48078 TF points.
GMDA: Selected 100799 TF points.
GMDA: Selected 100799 TF points.
GMDA: Selected 100799 TF points.
GMDA: Selected 100799 TF points.
GMDA: Selected 100799 TF points.
GMDA: Selected 100799 TF points.
GMDA: Selected 100799 TF points.
GMDA: Selected 100799 TF points.
GMDA: Selected 100799 TF points.
GMDA: Selected 100799 TF points.
GMDA: Selected 100799 TF points.
GMDA: Selected 100799 TF points.
GMDA: Selected 100799 TF points.
GMDA: Selected 100799 TF points.
GMDA: Selected 100799 TF points.
GMDA: Selected 100799 TF points.
GMDA: Selected 12612 TF points.
GMDA: Selected 12612 TF points.
GMDA: Selected 12612 TF points.
GMDA: Selected 12612 TF points.
GMDA: Selected 12612 TF points.
GMDA: Selected 12612 TF points.
GMDA: Selected 12612 TF points.
GMDA: Selected 12612 TF points.
GMDA: Selected 12612 TF points.
GMDA: Selected 12612 TF points.
GMDA: Selected 12612 TF points.
GMDA: Selected 12612 TF points.
GMDA: Selected 12612 TF points.
GMDA: Selected 12612 TF points.
GMDA: Selected 12612 TF points.
GMDA: Selected 12612 TF points.
GMDA: Selected 55537 TF points.
GMDA: Selected 55537 TF points.
GMDA: Selected 55537 TF points.
GMDA: Selected 55537 TF points.
GMDA: Selected 55537 TF points.
GMDA: Selected 55537 TF points.
GMDA: Selected 55537 TF points.
GMDA: Selected 55537 TF points.
GMDA: Selected 55537 TF points.
GMDA: Selected 55537 TF points.
GMDA: Selected 55537 TF points.
GMDA: Selected 55537 TF points.
GMDA: Selected 55537 TF points.
GMDA: Selected 55537 TF points.
GMDA: Selected 55537 TF points.
GMDA: Selected 55537 TF points.
GMDA: Selected 12158 TF points.
GMDA: Selected 12158 TF points.
GMDA: Selected 12158 TF points.
GMDA: Selected 12158 TF points.
GMDA: Selected 12158 TF points.
GMDA: Selected 12158 TF points.
GMDA: Selected 12158 TF points.
GMDA: Selected 12158 TF points.
GMDA: Selected 12158 TF points.
GMDA: Selected 12158 TF points.
GMDA: Selected 12158 TF points.
GMDA: Selected 12158 TF points.
GMDA: Selected 12158 TF points.
GMDA: Selected 12158 TF points.
GMDA: Selected 12158 TF points.
GMDA: Selected 12158 TF points.
GMDA: Selected 4839 TF points.
GMDA: Selected 4839 TF points.
GMDA: Selected 4839 TF points.
GMDA: Selected 4839 TF points.
GMDA: Selected 4839 TF points.
GMDA: Selected 4839 TF points.
GMDA: Selected 4839 TF points.
GMDA: Selected 4839 TF points.
GMDA: Selected 4839 TF points.
GMDA: Selected 4839 TF points.
GMDA: Selected 4839 TF points.
GMDA: Selected 4839 TF points.
GMDA: Selected 4839 TF points.
GMDA: Selected 4839 TF points.
GMDA: Selected 4839 TF points.
GMDA: Selected 4839 TF points.
GMDA: Selected 43199 TF points.
GMDA: Selected 43199 TF points.
GMDA: Selected 43199 TF points.
GMDA: Selected 43199 TF points.
GMDA: Selected 43199 TF points.
GMDA: Selected 43199 TF points.
GMDA: Selected 43199 TF points.
GMDA: Selected 43199 TF points.
GMDA: Selected 43199 TF points.
GMDA: Selected 43199 TF points.
GMDA: Selected 43199 TF points.
GMDA: Selected 43199 TF points.
GMDA: Selected 43199 TF points.
GMDA: Selected 43199 TF points.
GMDA: Selected 43199 TF points.
GMDA: Selected 43199 TF points.
GMDA: Selected 10884 TF points.
GMDA: Selected 10884 TF points.
GMDA: Selected 10884 TF points.
GMDA: Selected 10884 TF points.
GMDA: Selected 10884 TF points.
GMDA: Selected 10884 TF points.
GMDA: Selected 10884 TF points.
GMDA: Selected 10884 TF points.
GMDA: Selected 10884 TF points.
GMDA: Selected 10884 TF points.
GMDA: Selected 10884 TF points.
GMDA: Selected 10884 TF points.
GMDA: Selected 10884 TF points.
GMDA: Selected 10884 TF points.
GMDA: Selected 10884 TF points.
GMDA: Selected 10884 TF points.
GMDA: Selected 8876 TF points.
GMDA: Selected 8876 TF points.
GMDA: Selected 8876 TF points.
GMDA: Selected 8876 TF points.
GMDA: Selected 8876 TF points.
GMDA: Selected 8876 TF points.
GMDA: Selected 8876 TF points.
GMDA: Selected 8876 TF points.
GMDA: Selected 8876 TF points.
GMDA: Selected 8876 TF points.
GMDA: Selected 8876 TF points.
GMDA: Selected 8876 TF points.
GMDA: Selected 8876 TF points.
GMDA: Selected 8876 TF points.
GMDA: Selected 8876 TF points.
GMDA: Selected 8876 TF points.
GMDA: Selected 10231 TF points.
GMDA: Selected 10231 TF points.
GMDA: Selected 10231 TF points.
GMDA: Selected 10231 TF points.
GMDA: Selected 10231 TF points.
GMDA: Selected 10231 TF points.
GMDA: Selected 10231 TF points.
GMDA: Selected 10231 TF points.
GMDA: Selected 10231 TF points.
GMDA: Selected 10231 TF points.
GMDA: Selected 10231 TF points.
GMDA: Selected 10231 TF points.
GMDA: Selected 10231 TF points.
GMDA: Selected 10231 TF points.
GMDA: Selected 10231 TF points.
GMDA: Selected 10231 TF points.
GMDA: Selected 27032 TF points.
GMDA: Selected 27032 TF points.
GMDA: Selected 27032 TF points.
GMDA: Selected 27032 TF points.
GMDA: Selected 27032 TF points.
GMDA: Selected 27032 TF points.
GMDA: Selected 27032 TF points.
GMDA: Selected 27032 TF points.
GMDA: Selected 27032 TF points.
GMDA: Selected 27032 TF points.
GMDA: Selected 27032 TF points.
GMDA: Selected 27032 TF points.
GMDA: Selected 27032 TF points.
GMDA: Selected 27032 TF points.
GMDA: Selected 27032 TF points.
GMDA: Selected 27032 TF points.
GMDA: Selected 99433 TF points.
GMDA: Selected 99433 TF points.
GMDA: Selected 99433 TF points.
GMDA: Selected 99433 TF points.
GMDA: Selected 99433 TF points.
GMDA: Selected 99433 TF points.
GMDA: Selected 99433 TF points.
GMDA: Selected 99433 TF points.
GMDA: Selected 99433 TF points.
GMDA: Selected 99433 TF points.
GMDA: Selected 99433 TF points.
GMDA: Selected 99433 TF points.
GMDA: Selected 99433 TF points.
GMDA: Selected 99433 TF points.
GMDA: Selected 99433 TF points.
GMDA: Selected 99433 TF points.
GMDA: Selected 21013 TF points.
GMDA: Selected 21013 TF points.
GMDA: Selected 21013 TF points.
GMDA: Selected 21013 TF points.
GMDA: Selected 21013 TF points.
GMDA: Selected 21013 TF points.
GMDA: Selected 21013 TF points.
GMDA: Selected 21013 TF points.
GMDA: Selected 21013 TF points.
GMDA: Selected 21013 TF points.
GMDA: Selected 21013 TF points.
GMDA: Selected 21013 TF points.
GMDA: Selected 21013 TF points.
GMDA: Selected 21013 TF points.
GMDA: Selected 21013 TF points.
GMDA: Selected 21013 TF points.
GMDA: Selected 30039 TF points.
GMDA: Selected 30039 TF points.
GMDA: Selected 30039 TF points.
GMDA: Selected 30039 TF points.
GMDA: Selected 30039 TF points.
GMDA: Selected 30039 TF points.
GMDA: Selected 30039 TF points.
GMDA: Selected 30039 TF points.
GMDA: Selected 30039 TF points.
GMDA: Selected 30039 TF points.
GMDA: Selected 30039 TF points.
GMDA: Selected 30039 TF points.
GMDA: Selected 30039 TF points.
GMDA: Selected 30039 TF points.
GMDA: Selected 30039 TF points.
GMDA: Selected 30039 TF points.
GMDA: Selected 23475 TF points.
[I 2026-03-10 23:40:11,428] Trial 136 finished with value: 0.49735374935201754 and parameters: {'window_ms': 235, 'overlap': 0.9, 'freq_low_hz': 1100, 'freq_high_hz': 3200, 'power_thresh_percentile': 88, 'mdl_beta': 1.9115972092975817}. Best is trial 134 with value: 0.5051403610133298.
[I 2026-03-10 23:40:52,371] Trial 138 finished with value: 0.5064071745134024 and parameters: {'window_ms': 235, 'overlap': 0.9, 'freq_low_hz': 1100, 'freq_high_hz': 3300, 'power_thresh_percentile': 88, 'mdl_beta': 1.4811461539994784}. Best is trial 138 with value: 0.5064071745134024.
[I 2026-03-10 23:41:19,379] Trial 139 finished with value: 0.4846973124380563 and parameters: {'window_ms': 235, 'overlap': 0.9, 'freq_low_hz': 1100, 'freq_high_hz': 3300, 'power_thresh_percentile': 87, 'mdl_beta': 2.9799435678490562}. Best is trial 138 with value: 0.5064071745134024.
[I 2026-03-10 23:41:29,618] Trial 140 finished with value: 0.47412829662518474 and parameters: {'window_ms': 10, 'overlap': 0.9, 'freq_low_hz': 1100, 'freq_high_hz': 2800, 'power_thresh_percentile': 87, 'mdl_beta': 3.1557691459015356}. Best is trial 138 with value: 0.5064071745134024.
[I 2026-03-10 23:41:36,379] Trial 144 finished with value: 0.4909119559009175 and parameters: {'window_ms': 220, 'overlap': 0.8500000000000001, 'freq_low_hz': 1200, 'freq_high_hz': 3300, 'power_thresh_percentile': 87, 'mdl_beta': 2.935646213949682}. Best is trial 138 with value: 0.5064071745134024.
GMDA: Selected 10154 TF points.
GMDA: Selected 10154 TF points.
GMDA: Selected 10154 TF points.
GMDA: Selected 10154 TF points.
GMDA: Selected 10154 TF points.
GMDA: Selected 10154 TF points.
GMDA: Selected 10154 TF points.
GMDA: Selected 10154 TF points.
GMDA: Selected 10154 TF points.
GMDA: Selected 10154 TF points.
GMDA: Selected 10154 TF points.
GMDA: Selected 10154 TF points.
GMDA: Selected 10154 TF points.
GMDA: Selected 10154 TF points.
GMDA: Selected 10154 TF points.
GMDA: Selected 10154 TF points.
GMDA: Selected 17353 TF points.
GMDA: Selected 17353 TF points.
GMDA: Selected 17353 TF points.
GMDA: Selected 17353 TF points.
GMDA: Selected 17353 TF points.
GMDA: Selected 17353 TF points.
GMDA: Selected 17353 TF points.
GMDA: Selected 17353 TF points.
GMDA: Selected 17353 TF points.
GMDA: Selected 17353 TF points.
GMDA: Selected 17353 TF points.
GMDA: Selected 17353 TF points.
GMDA: Selected 17353 TF points.
GMDA: Selected 17353 TF points.
GMDA: Selected 17353 TF points.
GMDA: Selected 17353 TF points.
GMDA: Selected 5894 TF points.
GMDA: Selected 5894 TF points.
GMDA: Selected 5894 TF points.
GMDA: Selected 5894 TF points.
GMDA: Selected 5894 TF points.
GMDA: Selected 5894 TF points.
GMDA: Selected 5894 TF points.
GMDA: Selected 5894 TF points.
GMDA: Selected 5894 TF points.
GMDA: Selected 5894 TF points.
GMDA: Selected 5894 TF points.
GMDA: Selected 5894 TF points.
GMDA: Selected 5894 TF points.
GMDA: Selected 5894 TF points.
GMDA: Selected 5894 TF points.
GMDA: Selected 5894 TF points.
GMDA: Selected 240480 TF points.
GMDA: Selected 240480 TF points.
GMDA: Selected 240480 TF points.
GMDA: Selected 240480 TF points.
GMDA: Selected 240480 TF points.
GMDA: Selected 240480 TF points.
GMDA: Selected 240480 TF points.
GMDA: Selected 240480 TF points.
GMDA: Selected 240480 TF points.
GMDA: Selected 240480 TF points.
GMDA: Selected 240480 TF points.
GMDA: Selected 240480 TF points.
GMDA: Selected 240480 TF points.
GMDA: Selected 240480 TF points.
GMDA: Selected 240480 TF points.
GMDA: Selected 240480 TF points.
GMDA: Selected 5635 TF points.
GMDA: Selected 5635 TF points.
GMDA: Selected 5635 TF points.
GMDA: Selected 5635 TF points.
GMDA: Selected 5635 TF points.
GMDA: Selected 5635 TF points.
GMDA: Selected 5635 TF points.
GMDA: Selected 5635 TF points.
GMDA: Selected 5635 TF points.
GMDA: Selected 5635 TF points.
GMDA: Selected 5635 TF points.
GMDA: Selected 5635 TF points.
GMDA: Selected 5635 TF points.
GMDA: Selected 5635 TF points.
GMDA: Selected 5635 TF points.
GMDA: Selected 5635 TF points.
GMDA: Selected 10100 TF points.
GMDA: Selected 10100 TF points.
GMDA: Selected 10100 TF points.
GMDA: Selected 10100 TF points.
GMDA: Selected 10100 TF points.
GMDA: Selected 10100 TF points.
GMDA: Selected 10100 TF points.
GMDA: Selected 10100 TF points.
GMDA: Selected 10100 TF points.
GMDA: Selected 10100 TF points.
GMDA: Selected 10100 TF points.
GMDA: Selected 10100 TF points.
GMDA: Selected 10100 TF points.
GMDA: Selected 10100 TF points.
GMDA: Selected 10100 TF points.
GMDA: Selected 10100 TF points.
GMDA: Selected 12907 TF points.
GMDA: Selected 12907 TF points.
GMDA: Selected 12907 TF points.
GMDA: Selected 12907 TF points.
GMDA: Selected 12907 TF points.
GMDA: Selected 12907 TF points.
GMDA: Selected 12907 TF points.
GMDA: Selected 12907 TF points.
GMDA: Selected 12907 TF points.
GMDA: Selected 12907 TF points.
GMDA: Selected 12907 TF points.
GMDA: Selected 12907 TF points.
GMDA: Selected 12907 TF points.
GMDA: Selected 12907 TF points.
GMDA: Selected 12907 TF points.
GMDA: Selected 12907 TF points.
GMDA: Selected 9211 TF points.
GMDA: Selected 9211 TF points.
GMDA: Selected 9211 TF points.
GMDA: Selected 9211 TF points.
GMDA: Selected 9211 TF points.
GMDA: Selected 9211 TF points.
GMDA: Selected 9211 TF points.
GMDA: Selected 9211 TF points.
GMDA: Selected 9211 TF points.
GMDA: Selected 9211 TF points.
GMDA: Selected 9211 TF points.
GMDA: Selected 9211 TF points.
GMDA: Selected 9211 TF points.
GMDA: Selected 9211 TF points.
GMDA: Selected 9211 TF points.
GMDA: Selected 9211 TF points.
GMDA: Selected 22501 TF points.
GMDA: Selected 22501 TF points.
GMDA: Selected 22501 TF points.
GMDA: Selected 22501 TF points.
GMDA: Selected 22501 TF points.
GMDA: Selected 22501 TF points.
GMDA: Selected 22501 TF points.
GMDA: Selected 22501 TF points.
GMDA: Selected 22501 TF points.
GMDA: Selected 22501 TF points.
GMDA: Selected 22501 TF points.
GMDA: Selected 22501 TF points.
GMDA: Selected 22501 TF points.
GMDA: Selected 22501 TF points.
GMDA: Selected 22501 TF points.
GMDA: Selected 22501 TF points.
GMDA: Selected 16980 TF points.
GMDA: Selected 16980 TF points.
GMDA: Selected 16980 TF points.
GMDA: Selected 16980 TF points.
GMDA: Selected 16980 TF points.
GMDA: Selected 16980 TF points.
GMDA: Selected 16980 TF points.
GMDA: Selected 16980 TF points.
GMDA: Selected 16980 TF points.
GMDA: Selected 16980 TF points.
GMDA: Selected 16980 TF points.
GMDA: Selected 16980 TF points.
GMDA: Selected 16980 TF points.
GMDA: Selected 16980 TF points.
GMDA: Selected 16980 TF points.
GMDA: Selected 16980 TF points.
GMDA: Selected 12880 TF points.
GMDA: Selected 12880 TF points.
GMDA: Selected 12880 TF points.
GMDA: Selected 12880 TF points.
GMDA: Selected 12880 TF points.
GMDA: Selected 12880 TF points.
GMDA: Selected 12880 TF points.
GMDA: Selected 12880 TF points.
GMDA: Selected 12880 TF points.
GMDA: Selected 12880 TF points.
GMDA: Selected 12880 TF points.
GMDA: Selected 12880 TF points.
GMDA: Selected 12880 TF points.
GMDA: Selected 12880 TF points.
GMDA: Selected 12880 TF points.
GMDA: Selected 12880 TF points.
GMDA: Selected 57675 TF points.
GMDA: Selected 57675 TF points.
GMDA: Selected 57675 TF points.
GMDA: Selected 57675 TF points.
GMDA: Selected 57675 TF points.
GMDA: Selected 57675 TF points.
GMDA: Selected 57675 TF points.
GMDA: Selected 57675 TF points.
GMDA: Selected 57675 TF points.
GMDA: Selected 57675 TF points.
GMDA: Selected 57675 TF points.
GMDA: Selected 57675 TF points.
GMDA: Selected 57675 TF points.
GMDA: Selected 57675 TF points.
GMDA: Selected 57675 TF points.
GMDA: Selected 57675 TF points.
GMDA: Selected 22589 TF points.
GMDA: Selected 22589 TF points.
GMDA: Selected 22589 TF points.
GMDA: Selected 22589 TF points.
GMDA: Selected 22589 TF points.
GMDA: Selected 22589 TF points.
GMDA: Selected 22589 TF points.
GMDA: Selected 22589 TF points.
GMDA: Selected 22589 TF points.
GMDA: Selected 22589 TF points.
GMDA: Selected 22589 TF points.
GMDA: Selected 22589 TF points.
GMDA: Selected 22589 TF points.
GMDA: Selected 22589 TF points.
GMDA: Selected 22589 TF points.
GMDA: Selected 22589 TF points.
GMDA: Selected 31601 TF points.
GMDA: Selected 31601 TF points.
GMDA: Selected 31601 TF points.
GMDA: Selected 31601 TF points.
GMDA: Selected 31601 TF points.
GMDA: Selected 31601 TF points.
GMDA: Selected 31601 TF points.
GMDA: Selected 31601 TF points.
GMDA: Selected 31601 TF points.
GMDA: Selected 31601 TF points.
GMDA: Selected 31601 TF points.
GMDA: Selected 31601 TF points.
GMDA: Selected 31601 TF points.
GMDA: Selected 31601 TF points.
GMDA: Selected 31601 TF points.
GMDA: Selected 31601 TF points.
GMDA: Selected 25203 TF points.
GMDA: Selected 25203 TF points.
GMDA: Selected 25203 TF points.
GMDA: Selected 25203 TF points.
GMDA: Selected 25203 TF points.
GMDA: Selected 25203 TF points.
GMDA: Selected 25203 TF points.
GMDA: Selected 25203 TF points.
GMDA: Selected 25203 TF points.
GMDA: Selected 25203 TF points.
GMDA: Selected 25203 TF points.
GMDA: Selected 25203 TF points.
GMDA: Selected 25203 TF points.
GMDA: Selected 25203 TF points.
GMDA: Selected 25203 TF points.
GMDA: Selected 25203 TF points.
GMDA: Selected 18319 TF points.
GMDA: Selected 18319 TF points.
GMDA: Selected 18319 TF points.
GMDA: Selected 18319 TF points.
GMDA: Selected 18319 TF points.
GMDA: Selected 18319 TF points.
GMDA: Selected 18319 TF points.
GMDA: Selected 18319 TF points.
GMDA: Selected 18319 TF points.
GMDA: Selected 18319 TF points.
GMDA: Selected 18319 TF points.
GMDA: Selected 18319 TF points.
GMDA: Selected 18319 TF points.
GMDA: Selected 18319 TF points.
GMDA: Selected 18319 TF points.
GMDA: Selected 18319 TF points.
GMDA: Selected 18816 TF points.
[I 2026-03-10 23:41:57,578] Trial 145 finished with value: 0.4873056267037734 and parameters: {'window_ms': 210, 'overlap': 0.9, 'freq_low_hz': 1050, 'freq_high_hz': 3300, 'power_thresh_percentile': 91, 'mdl_beta': 3.029267829968954}. Best is trial 138 with value: 0.5064071745134024.
[I 2026-03-10 23:41:59,391] Trial 141 finished with value: 0.4776875994222122 and parameters: {'window_ms': 225, 'overlap': 0.9, 'freq_low_hz': 1100, 'freq_high_hz': 3300, 'power_thresh_percentile': 87, 'mdl_beta': 2.9588196492135213}. Best is trial 138 with value: 0.5064071745134024.
[I 2026-03-10 23:42:11,939] Trial 143 finished with value: 0.47198602411650464 and parameters: {'window_ms': 220, 'overlap': 0.9, 'freq_low_hz': 1100, 'freq_high_hz': 2900, 'power_thresh_percentile': 87, 'mdl_beta': 3.038599371688103}. Best is trial 138 with value: 0.5064071745134024.
[I 2026-03-10 23:42:32,469] Trial 142 finished with value: 0.48459481992678294 and parameters: {'window_ms': 225, 'overlap': 0.9, 'freq_low_hz': 1100, 'freq_high_hz': 3600, 'power_thresh_percentile': 87, 'mdl_beta': 3.125384165749959}. Best is trial 138 with value: 0.5064071745134024.
[I 2026-03-10 23:42:38,262] Trial 147 finished with value: 0.48097440370763433 and parameters: {'window_ms': 225, 'overlap': 0.8500000000000001, 'freq_low_hz': 1000, 'freq_high_hz': 2800, 'power_thresh_percentile': 87, 'mdl_beta': 1.8282200461771494}. Best is trial 138 with value: 0.5064071745134024.
[I 2026-03-10 23:42:38,506] Trial 146 finished with value: 0.47203849797716624 and parameters: {'window_ms': 225, 'overlap': 0.9, 'freq_low_hz': 1150, 'freq_high_hz': 2850, 'power_thresh_percentile': 88, 'mdl_beta': 3.0937116401245914}. Best is trial 138 with value: 0.5064071745134024.
[I 2026-03-10 23:43:09,331] Trial 148 finished with value: 0.48644882716237 and parameters: {'window_ms': 225, 'overlap': 0.9, 'freq_low_hz': 1050, 'freq_high_hz': 3300, 'power_thresh_percentile': 91, 'mdl_beta': 1.1314750831337086}. Best is trial 138 with value: 0.5064071745134024.
[I 2026-03-10 23:43:10,454] Trial 149 finished with value: 0.47014725860862344 and parameters: {'window_ms': 225, 'overlap': 0.8500000000000001, 'freq_low_hz': 1200, 'freq_high_hz': 3200, 'power_thresh_percentile': 86, 'mdl_beta': 0.6916900752272584}. Best is trial 138 with value: 0.5064071745134024.
[I 2026-03-10 23:43:12,486] Trial 151 finished with value: 0.47695387114721194 and parameters: {'window_ms': 220, 'overlap': 0.8500000000000001, 'freq_low_hz': 1200, 'freq_high_hz': 2900, 'power_thresh_percentile': 88, 'mdl_beta': 1.8110355758107564}. Best is trial 138 with value: 0.5064071745134024.
[I 2026-03-10 23:43:16,378] Trial 150 finished with value: 0.47630089033752476 and parameters: {'window_ms': 220, 'overlap': 0.8500000000000001, 'freq_low_hz': 1200, 'freq_high_hz': 3200, 'power_thresh_percentile': 88, 'mdl_beta': 1.2084533582060997}. Best is trial 138 with value: 0.5064071745134024.
[I 2026-03-10 23:43:40,098] Trial 155 finished with value: 0.4864907806057135 and parameters: {'window_ms': 230, 'overlap': 0.8500000000000001, 'freq_low_hz': 1200, 'freq_high_hz': 3200, 'power_thresh_percentile': 91, 'mdl_beta': 1.146048189141982}. Best is trial 138 with value: 0.5064071745134024.
