[I 2026-03-11 00:01:15,480] Trial 226 finished with value: 0.4948559180028024 and parameters: {'window_ms': 235, 'overlap': 0.9, 'freq_low_hz': 1000, 'freq_high_hz': 3300, 'power_thresh_percentile': 89, 'mdl_beta': 1.8097411925190587}. Best is trial 138 with value: 0.5064071745134024.
GMDA: Selected 23475 TF points.
GMDA: Selected 23475 TF points.
GMDA: Selected 23475 TF points.
GMDA: Selected 23475 TF points.
GMDA: Selected 23475 TF points.
GMDA: Selected 23475 TF points.
GMDA: Selected 23475 TF points.
GMDA: Selected 23475 TF points.
GMDA: Selected 23475 TF points.
GMDA: Selected 23475 TF points.
GMDA: Selected 23475 TF points.
GMDA: Selected 23475 TF points.
GMDA: Selected 23475 TF points.
GMDA: Selected 23475 TF points.
GMDA: Selected 23475 TF points.
GMDA: Selected 19347 TF points.
GMDA: Selected 19347 TF points.
GMDA: Selected 19347 TF points.
GMDA: Selected 19347 TF points.
GMDA: Selected 19347 TF points.
GMDA: Selected 19347 TF points.
GMDA: Selected 19347 TF points.
GMDA: Selected 19347 TF points.
GMDA: Selected 19347 TF points.
GMDA: Selected 19347 TF points.
GMDA: Selected 19347 TF points.
GMDA: Selected 19347 TF points.
GMDA: Selected 19347 TF points.
GMDA: Selected 19347 TF points.
GMDA: Selected 19347 TF points.
GMDA: Selected 19347 TF points.
GMDA: Selected 75058 TF points.
GMDA: Selected 75058 TF points.
GMDA: Selected 75058 TF points.
GMDA: Selected 75058 TF points.
GMDA: Selected 75058 TF points.
GMDA: Selected 75058 TF points.
GMDA: Selected 75058 TF points.
GMDA: Selected 75058 TF points.
GMDA: Selected 75058 TF points.
GMDA: Selected 75058 TF points.
GMDA: Selected 75058 TF points.
GMDA: Selected 75058 TF points.
GMDA: Selected 75058 TF points.
GMDA: Selected 75058 TF points.
GMDA: Selected 75058 TF points.
GMDA: Selected 75058 TF points.
GMDA: Selected 26106 TF points.
GMDA: Selected 26106 TF points.
GMDA: Selected 26106 TF points.
GMDA: Selected 26106 TF points.
GMDA: Selected 26106 TF points.
GMDA: Selected 26106 TF points.
GMDA: Selected 26106 TF points.
GMDA: Selected 26106 TF points.
GMDA: Selected 26106 TF points.
GMDA: Selected 26106 TF points.
GMDA: Selected 26106 TF points.
GMDA: Selected 26106 TF points.
GMDA: Selected 26106 TF points.
GMDA: Selected 26106 TF points.
GMDA: Selected 26106 TF points.
GMDA: Selected 26106 TF points.
GMDA: Selected 28558 TF points.
GMDA: Selected 28558 TF points.
GMDA: Selected 28558 TF points.
GMDA: Selected 28558 TF points.
GMDA: Selected 28558 TF points.
GMDA: Selected 28558 TF points.
GMDA: Selected 28558 TF points.
GMDA: Selected 28558 TF points.
GMDA: Selected 28558 TF points.
GMDA: Selected 28558 TF points.
GMDA: Selected 28558 TF points.
GMDA: Selected 28558 TF points.
GMDA: Selected 28558 TF points.
GMDA: Selected 28558 TF points.
GMDA: Selected 28558 TF points.
GMDA: Selected 28558 TF points.
GMDA: Selected 40730 TF points.
GMDA: Selected 40730 TF points.
GMDA: Selected 40730 TF points.
GMDA: Selected 40730 TF points.
GMDA: Selected 40730 TF points.
GMDA: Selected 40730 TF points.
GMDA: Selected 40730 TF points.
GMDA: Selected 40730 TF points.
GMDA: Selected 40730 TF points.
GMDA: Selected 40730 TF points.
GMDA: Selected 40730 TF points.
GMDA: Selected 40730 TF points.
GMDA: Selected 40730 TF points.
GMDA: Selected 40730 TF points.
GMDA: Selected 40730 TF points.
GMDA: Selected 40730 TF points.
GMDA: Selected 29509 TF points.
GMDA: Selected 29509 TF points.
GMDA: Selected 29509 TF points.
GMDA: Selected 29509 TF points.
GMDA: Selected 29509 TF points.
GMDA: Selected 29509 TF points.
GMDA: Selected 29509 TF points.
GMDA: Selected 29509 TF points.
GMDA: Selected 29509 TF points.
GMDA: Selected 29509 TF points.
GMDA: Selected 29509 TF points.
GMDA: Selected 29509 TF points.
GMDA: Selected 29509 TF points.
GMDA: Selected 29509 TF points.
GMDA: Selected 29509 TF points.
GMDA: Selected 29509 TF points.
GMDA: Selected 27135 TF points.
GMDA: Selected 27135 TF points.
GMDA: Selected 27135 TF points.
GMDA: Selected 27135 TF points.
GMDA: Selected 27135 TF points.
GMDA: Selected 27135 TF points.
GMDA: Selected 27135 TF points.
GMDA: Selected 27135 TF points.
GMDA: Selected 27135 TF points.
GMDA: Selected 27135 TF points.
GMDA: Selected 27135 TF points.
GMDA: Selected 27135 TF points.
GMDA: Selected 27135 TF points.
GMDA: Selected 27135 TF points.
GMDA: Selected 27135 TF points.
GMDA: Selected 27135 TF points.
GMDA: Selected 24729 TF points.
GMDA: Selected 24729 TF points.
GMDA: Selected 24729 TF points.
GMDA: Selected 24729 TF points.
GMDA: Selected 24729 TF points.
GMDA: Selected 24729 TF points.
GMDA: Selected 24729 TF points.
GMDA: Selected 24729 TF points.
GMDA: Selected 24729 TF points.
GMDA: Selected 24729 TF points.
GMDA: Selected 24729 TF points.
GMDA: Selected 24729 TF points.
GMDA: Selected 24729 TF points.
GMDA: Selected 24729 TF points.
GMDA: Selected 24729 TF points.
GMDA: Selected 24729 TF points.
GMDA: Selected 19287 TF points.
GMDA: Selected 19287 TF points.
GMDA: Selected 19287 TF points.
GMDA: Selected 19287 TF points.
GMDA: Selected 19287 TF points.
GMDA: Selected 19287 TF points.
GMDA: Selected 19287 TF points.
GMDA: Selected 19287 TF points.
GMDA: Selected 19287 TF points.
GMDA: Selected 19287 TF points.
GMDA: Selected 19287 TF points.
GMDA: Selected 19287 TF points.
GMDA: Selected 19287 TF points.
GMDA: Selected 19287 TF points.
GMDA: Selected 19287 TF points.
GMDA: Selected 82757 TF points.
GMDA: Selected 82757 TF points.
GMDA: Selected 82757 TF points.
GMDA: Selected 82757 TF points.
GMDA: Selected 82757 TF points.
GMDA: Selected 82757 TF points.
GMDA: Selected 82757 TF points.
GMDA: Selected 82757 TF points.
GMDA: Selected 82757 TF points.
GMDA: Selected 82757 TF points.
GMDA: Selected 82757 TF points.
GMDA: Selected 82757 TF points.
GMDA: Selected 82757 TF points.
GMDA: Selected 82757 TF points.
GMDA: Selected 82757 TF points.
GMDA: Selected 82757 TF points.
GMDA: Selected 34950 TF points.
GMDA: Selected 34950 TF points.
GMDA: Selected 34950 TF points.
GMDA: Selected 34950 TF points.
GMDA: Selected 34950 TF points.
GMDA: Selected 34950 TF points.
GMDA: Selected 34950 TF points.
GMDA: Selected 34950 TF points.
GMDA: Selected 34950 TF points.
GMDA: Selected 34950 TF points.
GMDA: Selected 34950 TF points.
GMDA: Selected 34950 TF points.
GMDA: Selected 34950 TF points.
GMDA: Selected 34950 TF points.
GMDA: Selected 34950 TF points.
GMDA: Selected 34950 TF points.
GMDA: Selected 31619 TF points.
GMDA: Selected 31619 TF points.
GMDA: Selected 31619 TF points.
GMDA: Selected 31619 TF points.
GMDA: Selected 31619 TF points.
GMDA: Selected 31619 TF points.
GMDA: Selected 31619 TF points.
GMDA: Selected 31619 TF points.
GMDA: Selected 31619 TF points.
GMDA: Selected 31619 TF points.
GMDA: Selected 31619 TF points.
GMDA: Selected 31619 TF points.
GMDA: Selected 31619 TF points.
GMDA: Selected 31619 TF points.
GMDA: Selected 31619 TF points.
GMDA: Selected 31619 TF points.
GMDA: Selected 25904 TF points.
GMDA: Selected 25904 TF points.
GMDA: Selected 25904 TF points.
GMDA: Selected 25904 TF points.
GMDA: Selected 25904 TF points.
GMDA: Selected 25904 TF points.
GMDA: Selected 25904 TF points.
GMDA: Selected 25904 TF points.
GMDA: Selected 25904 TF points.
GMDA: Selected 25904 TF points.
GMDA: Selected 25904 TF points.
GMDA: Selected 25904 TF points.
GMDA: Selected 25904 TF points.
GMDA: Selected 25904 TF points.
GMDA: Selected 25904 TF points.
GMDA: Selected 25904 TF points.
GMDA: Selected 24127 TF points.
GMDA: Selected 24127 TF points.
GMDA: Selected 24127 TF points.
GMDA: Selected 24127 TF points.
GMDA: Selected 24127 TF points.
GMDA: Selected 24127 TF points.
GMDA: Selected 24127 TF points.
GMDA: Selected 24127 TF points.
GMDA: Selected 24127 TF points.
GMDA: Selected 24127 TF points.
GMDA: Selected 24127 TF points.
GMDA: Selected 24127 TF points.
GMDA: Selected 24127 TF points.
GMDA: Selected 24127 TF points.
GMDA: Selected 24127 TF points.
GMDA: Selected 24127 TF points.
GMDA: Selected 37529 TF points.
GMDA: Selected 37529 TF points.
GMDA: Selected 37529 TF points.
GMDA: Selected 37529 TF points.
GMDA: Selected 37529 TF points.
GMDA: Selected 37529 TF points.
GMDA: Selected 37529 TF points.
GMDA: Selected 37529 TF points.
GMDA: Selected 37529 TF points.
GMDA: Selected 37529 TF points.
GMDA: Selected 37529 TF points.
GMDA: Selected 37529 TF points.
GMDA: Selected 37529 TF points.
GMDA: Selected 37529 TF points.
GMDA: Selected 37529 TF points.
GMDA: Selected 19287 TF points.
GMDA: Selected 19287 TF points.
GMDA: Selected 19287 TF points.
GMDA: Selected 19287 TF points.
GMDA: Selected 19287 TF points.
GMDA: Selected 19287 TF points.
GMDA: Selected 19287 TF points.
GMDA: Selected 19287 TF points.
GMDA: Selected 19287 TF points.
GMDA: Selected 19287 TF points.
GMDA: Selected 19287 TF points.
GMDA: Selected 19287 TF points.
GMDA: Selected 19287 TF points.
GMDA: Selected 19287 TF points.
GMDA: Selected 19287 TF points.
GMDA: Selected 19287 TF points.
GMDA: Selected 28692 TF points.
GMDA: Selected 28692 TF points.
GMDA: Selected 28692 TF points.
GMDA: Selected 28692 TF points.
GMDA: Selected 28692 TF points.
GMDA: Selected 28692 TF points.
GMDA: Selected 28692 TF points.
GMDA: Selected 28692 TF points.
GMDA: Selected 28692 TF points.
GMDA: Selected 28692 TF points.
GMDA: Selected 28692 TF points.
GMDA: Selected 28692 TF points.
GMDA: Selected 28692 TF points.
GMDA: Selected 28692 TF points.
GMDA: Selected 28692 TF points.
GMDA: Selected 28692 TF points.
GMDA: Selected 30636 TF points.
GMDA: Selected 30636 TF points.
GMDA: Selected 30636 TF points.
GMDA: Selected 30636 TF points.
GMDA: Selected 30636 TF points.
GMDA: Selected 30636 TF points.
GMDA: Selected 30636 TF points.
GMDA: Selected 30636 TF points.
GMDA: Selected 30636 TF points.
GMDA: Selected 30636 TF points.
GMDA: Selected 30636 TF points.
GMDA: Selected 30636 TF points.
GMDA: Selected 30636 TF points.
GMDA: Selected 30636 TF points.
GMDA: Selected 30636 TF points.
GMDA: Selected 30636 TF points.
GMDA: Selected 27215 TF points.
GMDA: Selected 27215 TF points.
GMDA: Selected 27215 TF points.
GMDA: Selected 27215 TF points.
GMDA: Selected 27215 TF points.
GMDA: Selected 27215 TF points.
GMDA: Selected 27215 TF points.
GMDA: Selected 27215 TF points.
GMDA: Selected 27215 TF points.
GMDA: Selected 27215 TF points.
GMDA: Selected 27215 TF points.
GMDA: Selected 27215 TF points.
GMDA: Selected 27215 TF points.
GMDA: Selected 27215 TF points.
GMDA: Selected 27215 TF points.
GMDA: Selected 27215 TF points.
GMDA: Selected 27689 TF points.
GMDA: Selected 27689 TF points.
GMDA: Selected 27689 TF points.
GMDA: Selected 27689 TF points.
GMDA: Selected 27689 TF points.
GMDA: Selected 27689 TF points.
GMDA: Selected 27689 TF points.
GMDA: Selected 27689 TF points.
GMDA: Selected 27689 TF points.
GMDA: Selected 27689 TF points.
GMDA: Selected 27689 TF points.
GMDA: Selected 27689 TF points.
GMDA: Selected 27689 TF points.
GMDA: Selected 27689 TF points.
GMDA: Selected 27689 TF points.
GMDA: Selected 27689 TF points.
GMDA: Selected 30948 TF points.
GMDA: Selected 30948 TF points.
GMDA: Selected 30948 TF points.
GMDA: Selected 30948 TF points.
GMDA: Selected 30948 TF points.
GMDA: Selected 30948 TF points.
GMDA: Selected 30948 TF points.
GMDA: Selected 30948 TF points.
GMDA: Selected 30948 TF points.
GMDA: Selected 30948 TF points.
GMDA: Selected 30948 TF points.
GMDA: Selected 30948 TF points.
GMDA: Selected 30948 TF points.
GMDA: Selected 30948 TF points.
GMDA: Selected 30948 TF points.
GMDA: Selected 30948 TF points.
GMDA: Selected 25904 TF points.
GMDA: Selected 25904 TF points.
GMDA: Selected 25904 TF points.
GMDA: Selected 25904 TF points.
GMDA: Selected 25904 TF points.
GMDA: Selected 25904 TF points.
GMDA: Selected 25904 TF points.
GMDA: Selected 25904 TF points.
GMDA: Selected 25904 TF points.
GMDA: Selected 25904 TF points.
GMDA: Selected 25904 TF points.
GMDA: Selected 25904 TF points.
GMDA: Selected 25904 TF points.
GMDA: Selected 25904 TF points.
GMDA: Selected 25904 TF points.
GMDA: Selected 25904 TF points.
GMDA: Selected 22123 TF points.
GMDA: Selected 22123 TF points.
GMDA: Selected 22123 TF points.
GMDA: Selected 22123 TF points.
GMDA: Selected 22123 TF points.
GMDA: Selected 22123 TF points.
GMDA: Selected 22123 TF points.
GMDA: Selected 22123 TF points.
GMDA: Selected 22123 TF points.
GMDA: Selected 22123 TF points.
GMDA: Selected 22123 TF points.
GMDA: Selected 22123 TF points.
GMDA: Selected 22123 TF points.
GMDA: Selected 22123 TF points.
GMDA: Selected 22123 TF points.
GMDA: Selected 22123 TF points.
GMDA: Selected 18816 TF points.
GMDA: Selected 18816 TF points.
GMDA: Selected 18816 TF points.
GMDA: Selected 18816 TF points.
GMDA: Selected 18816 TF points.
GMDA: Selected 18816 TF points.
GMDA: Selected 18816 TF points.
GMDA: Selected 18816 TF points.
GMDA: Selected 18816 TF points.
GMDA: Selected 18816 TF points.
GMDA: Selected 18816 TF points.
GMDA: Selected 18816 TF points.
GMDA: Selected 18816 TF points.
GMDA: Selected 18816 TF points.
GMDA: Selected 18816 TF points.
GMDA: Selected 21526 TF points.
GMDA: Selected 21526 TF points.
GMDA: Selected 21526 TF points.
GMDA: Selected 21526 TF points.
GMDA: Selected 21526 TF points.
GMDA: Selected 21526 TF points.
GMDA: Selected 21526 TF points.
GMDA: Selected 21526 TF points.
GMDA: Selected 21526 TF points.
GMDA: Selected 21526 TF points.
GMDA: Selected 21526 TF points.
GMDA: Selected 21526 TF points.
GMDA: Selected 21526 TF points.
GMDA: Selected 21526 TF points.
GMDA: Selected 21526 TF points.
GMDA: Selected 21526 TF points.
GMDA: Selected 25364 TF points.
GMDA: Selected 25364 TF points.
GMDA: Selected 25364 TF points.
GMDA: Selected 25364 TF points.
GMDA: Selected 25364 TF points.
GMDA: Selected 25364 TF points.
GMDA: Selected 25364 TF points.
GMDA: Selected 25364 TF points.
GMDA: Selected 25364 TF points.
GMDA: Selected 25364 TF points.
GMDA: Selected 25364 TF points.
GMDA: Selected 25364 TF points.
GMDA: Selected 25364 TF points.
GMDA: Selected 25364 TF points.
GMDA: Selected 25364 TF points.
GMDA: Selected 25364 TF points.
GMDA: Selected 19287 TF points.
GMDA: Selected 19287 TF points.
GMDA: Selected 19287 TF points.
GMDA: Selected 19287 TF points.
GMDA: Selected 19287 TF points.
GMDA: Selected 19287 TF points.
GMDA: Selected 19287 TF points.
GMDA: Selected 19287 TF points.
GMDA: Selected 19287 TF points.
GMDA: Selected 19287 TF points.
GMDA: Selected 19287 TF points.
GMDA: Selected 19287 TF points.
GMDA: Selected 19287 TF points.
GMDA: Selected 19287 TF points.
GMDA: Selected 19287 TF points.
GMDA: Selected 19287 TF points.
GMDA: Selected 28692 TF points.
GMDA: Selected 28692 TF points.
GMDA: Selected 28692 TF points.
GMDA: Selected 28692 TF points.
GMDA: Selected 28692 TF points.
GMDA: Selected 28692 TF points.
GMDA: Selected 28692 TF points.
GMDA: Selected 28692 TF points.
GMDA: Selected 28692 TF points.
GMDA: Selected 28692 TF points.
GMDA: Selected 28692 TF points.
GMDA: Selected 28692 TF points.
GMDA: Selected 28692 TF points.
GMDA: Selected 28692 TF points.
GMDA: Selected 28692 TF points.
GMDA: Selected 28692 TF points.
GMDA: Selected 23631 TF points.
GMDA: Selected 23631 TF points.
GMDA: Selected 23631 TF points.
GMDA: Selected 23631 TF points.
GMDA: Selected 23631 TF points.
GMDA: Selected 23631 TF points.
GMDA: Selected 23631 TF points.
GMDA: Selected 23631 TF points.
GMDA: Selected 23631 TF points.
GMDA: Selected 23631 TF points.
GMDA: Selected 23631 TF points.
GMDA: Selected 23631 TF points.
GMDA: Selected 23631 TF points.
GMDA: Selected 23631 TF points.
GMDA: Selected 23631 TF points.
GMDA: Selected 23631 TF points.
GMDA: Selected 23588 TF points.
GMDA: Selected 23588 TF points.
GMDA: Selected 23588 TF points.
GMDA: Selected 23588 TF points.
GMDA: Selected 23588 TF points.
GMDA: Selected 23588 TF points.
GMDA: Selected 23588 TF points.
GMDA: Selected 23588 TF points.
GMDA: Selected 23588 TF points.
GMDA: Selected 23588 TF points.
GMDA: Selected 23588 TF points.
GMDA: Selected 23588 TF points.
GMDA: Selected 23588 TF points.
GMDA: Selected 23588 TF points.
GMDA: Selected 23588 TF points.
GMDA: Selected 23588 TF points.
GMDA: Selected 33755 TF points.
GMDA: Selected 33755 TF points.
GMDA: Selected 33755 TF points.
GMDA: Selected 33755 TF points.
GMDA: Selected 33755 TF points.
GMDA: Selected 33755 TF points.
GMDA: Selected 33755 TF points.
GMDA: Selected 33755 TF points.
GMDA: Selected 33755 TF points.
GMDA: Selected 33755 TF points.
GMDA: Selected 33755 TF points.
GMDA: Selected 33755 TF points.
GMDA: Selected 33755 TF points.
GMDA: Selected 33755 TF points.
GMDA: Selected 33755 TF points.
GMDA: Selected 33755 TF points.
GMDA: Selected 31619 TF points.
GMDA: Selected 31619 TF points.
GMDA: Selected 31619 TF points.
GMDA: Selected 31619 TF points.
GMDA: Selected 31619 TF points.
GMDA: Selected 31619 TF points.
GMDA: Selected 31619 TF points.
GMDA: Selected 31619 TF points.
GMDA: Selected 31619 TF points.
GMDA: Selected 31619 TF points.
GMDA: Selected 31619 TF points.
GMDA: Selected 31619 TF points.
GMDA: Selected 31619 TF points.
GMDA: Selected 31619 TF points.
GMDA: Selected 31619 TF points.
GMDA: Selected 31619 TF points.
GMDA: Selected 25904 TF points.
GMDA: Selected 25904 TF points.
GMDA: Selected 25904 TF points.
GMDA: Selected 25904 TF points.
GMDA: Selected 25904 TF points.
GMDA: Selected 25904 TF points.
GMDA: Selected 25904 TF points.
GMDA: Selected 25904 TF points.
GMDA: Selected 25904 TF points.
GMDA: Selected 25904 TF points.
GMDA: Selected 25904 TF points.
GMDA: Selected 25904 TF points.
GMDA: Selected 25904 TF points.
GMDA: Selected 25904 TF points.
GMDA: Selected 25904 TF points.
GMDA: Selected 25904 TF points.
GMDA: Selected 22117 TF points.
GMDA: Selected 22117 TF points.
GMDA: Selected 22117 TF points.
GMDA: Selected 22117 TF points.
GMDA: Selected 22117 TF points.
GMDA: Selected 22117 TF points.
GMDA: Selected 22117 TF points.
GMDA: Selected 22117 TF points.
GMDA: Selected 22117 TF points.
GMDA: Selected 22117 TF points.
GMDA: Selected 22117 TF points.
GMDA: Selected 22117 TF points.
GMDA: Selected 22117 TF points.
GMDA: Selected 22117 TF points.
GMDA: Selected 22117 TF points.
GMDA: Selected 22117 TF points.

GMDA: Selected 30948 TF points.
GMDA: Selected 30948 TF points.
GMDA: Selected 30948 TF points.
GMDA: Selected 30948 TF points.
GMDA: Selected 30948 TF points.
GMDA: Selected 30948 TF points.
GMDA: Selected 30948 TF points.
GMDA: Selected 30948 TF points.
GMDA: Selected 30948 TF points.
GMDA: Selected 30948 TF points.
GMDA: Selected 30948 TF points.
GMDA: Selected 30948 TF points.
GMDA: Selected 24729 TF points.
GMDA: Selected 24729 TF points.
GMDA: Selected 24729 TF points.
GMDA: Selected 24729 TF points.
GMDA: Selected 24729 TF points.
GMDA: Selected 24729 TF points.
GMDA: Selected 24729 TF points.
GMDA: Selected 24729 TF points.
GMDA: Selected 24729 TF points.
GMDA: Selected 24729 TF points.
GMDA: Selected 24729 TF points.
GMDA: Selected 24729 TF points.
GMDA: Selected 24729 TF points.
GMDA: Selected 24729 TF points.
GMDA: Selected 24729 TF points.
GMDA: Selected 24729 TF points.
GMDA: Selected 22123 TF points.
GMDA: Selected 22123 TF points.
GMDA: Selected 22123 TF points.
GMDA: Selected 22123 TF points.
GMDA: Selected 22123 TF points.
GMDA: Selected 22123 TF points.
GMDA: Selected 22123 TF points.
GMDA: Selected 22123 TF points.
GMDA: Selected 22123 TF points.
GMDA: Selected 22123 TF points.
GMDA: Selected 22123 TF points.
GMDA: Selected 22123 TF points.
GMDA: Selected 22123 TF points.
GMDA: Selected 22123 TF points.
GMDA: Selected 22123 TF points.
GMDA: Selected 22123 TF points.

GMDA: Selected 24727 TF points.
GMDA: Selected 24727 TF points.
GMDA: Selected 24727 TF points.
GMDA: Selected 24727 TF points.
GMDA: Selected 24727 TF points.
GMDA: Selected 24727 TF points.
GMDA: Selected 24727 TF points.
GMDA: Selected 24727 TF points.
GMDA: Selected 24727 TF points.
GMDA: Selected 24727 TF points.
GMDA: Selected 24727 TF points.
GMDA: Selected 25411 TF points.
GMDA: Selected 25411 TF points.
GMDA: Selected 25411 TF points.
GMDA: Selected 25411 TF points.
GMDA: Selected 25411 TF points.
GMDA: Selected 25411 TF points.
GMDA: Selected 25411 TF points.
GMDA: Selected 25411 TF points.
GMDA: Selected 25411 TF points.
GMDA: Selected 25411 TF points.
GMDA: Selected 25411 TF points.
GMDA: Selected 25411 TF points.
GMDA: Selected 25411 TF points.
GMDA: Selected 25411 TF points.
GMDA: Selected 25411 TF points.
GMDA: Selected 25411 TF points.

GMDA: Selected 20106 TF points.
GMDA: Selected 20106 TF points.
GMDA: Selected 20106 TF points.
GMDA: Selected 20106 TF points.
GMDA: Selected 20106 TF points.
GMDA: Selected 20106 TF points.
GMDA: Selected 20106 TF points.
GMDA: Selected 20106 TF points.
GMDA: Selected 20106 TF points.
GMDA: Selected 20106 TF points.
GMDA: Selected 20106 TF points.
GMDA: Selected 20106 TF points.
GMDA: Selected 20106 TF points.
GMDA: Selected 33114 TF points.
GMDA: Selected 33114 TF points.
GMDA: Selected 33114 TF points.
GMDA: Selected 33114 TF points.
GMDA: Selected 33114 TF points.
GMDA: Selected 33114 TF points.
GMDA: Selected 33114 TF points.
GMDA: Selected 33114 TF points.
GMDA: Selected 33114 TF points.
GMDA: Selected 33114 TF points.
GMDA: Selected 33114 TF points.
GMDA: Selected 33114 TF points.
GMDA: Selected 33114 TF points.
GMDA: Selected 33114 TF points.
GMDA: Selected 33114 TF points.
GMDA: Selected 33114 TF points.
GMDA: Selected 28700 TF points.
GMDA: Selected 28700 TF points.
GMDA: Selected 28700 TF points.
GMDA: Selected 28700 TF points.
GMDA: Selected 28700 TF points.
GMDA: Selected 28700 TF points.
GMDA: Selected 28700 TF points.
GMDA: Selected 28700 TF points.
GMDA: Selected 28700 TF points.
GMDA: Selected 28700 TF points.
GMDA: Selected 28700 TF points.
GMDA: Selected 28700 TF points.
GMDA: Selected 28700 TF points.
GMDA: Selected 28700 TF points.
GMDA: Selected 28700 TF points.
GMDA: Selected 28700 TF points.
GMDA: Selected 13689 TF points.
GMDA: Selected 13689 TF points.
GMDA: Selected 13689 TF points.
GMDA: Selected 13689 TF points.
GMDA: Selected 13689 TF points.
GMDA: Selected 13689 TF points.
GMDA: Selected 