[I 2026-03-10 23:22:53,719] Trial 72 finished with value: 0.4813059872559907 and parameters: {'window_ms': 235, 'overlap': 0.9, 'freq_low_hz': 1200, 'freq_high_hz': 3300, 'power_thresh_percentile': 92, 'mdl_beta': 6.723864149308102}. Best is trial 57 with value: 0.49000297934547055.
[I 2026-03-10 23:22:54,812] Trial 70 finished with value: 0.4934074809813332 and parameters: {'window_ms': 235, 'overlap': 0.9, 'freq_low_hz': 1200, 'freq_high_hz': 3700, 'power_thresh_percentile': 93, 'mdl_beta': 1.578943632333413}. Best is trial 70 with value: 0.4934074809813332.
[I 2026-03-10 23:22:58,921] Trial 73 finished with value: 0.47115083435773447 and parameters: {'window_ms': 210, 'overlap': 0.8, 'freq_low_hz': 700, 'freq_high_hz': 3200, 'power_thresh_percentile': 92, 'mdl_beta': 6.658791079655279}. Best is trial 70 with value: 0.4934074809813332.
[I 2026-03-10 23:23:06,865] Trial 62 finished with value: 0.45955862926649593 and parameters: {'window_ms': 175, 'overlap': 0.65, 'freq_low_hz': 1150, 'freq_high_hz': 5850, 'power_thresh_percentile': 70, 'mdl_beta': 5.64812785289239}. Best is trial 70 with value: 0.4934074809813332.
[I 2026-03-10 23:23:11,179] Trial 74 finished with value: 0.47346688919538304 and parameters: {'window_ms': 210, 'overlap': 0.8, 'freq_low_hz': 650, 'freq_high_hz': 4000, 'power_thresh_percentile': 92, 'mdl_beta': 6.888971177437249}. Best is trial 70 with value: 0.4934074809813332.
[I 2026-03-10 23:23:14,020] Trial 71 finished with value: 0.480293792692432 and parameters: {'window_ms': 245, 'overlap': 0.9, 'freq_low_hz': 1200, 'freq_high_hz': 4000, 'power_thresh_percentile': 92, 'mdl_beta': 6.937564961868136}. Best is trial 70 with value: 0.4934074809813332.
[I 2026-03-10 23:23:25,946] Trial 75 finished with value: 0.4790824281988164 and parameters: {'window_ms': 210, 'overlap': 0.8, 'freq_low_hz': 1050, 'freq_high_hz': 3200, 'power_thresh_percentile': 92, 'mdl_beta': 0.851106032414463}. Best is trial 70 with value: 0.4934074809813332.
[I 2026-03-10 23:23:27,212] Trial 63 finished with value: 0.4594987623477982 and parameters: {'window_ms': 165, 'overlap': 0.7, 'freq_low_hz': 1200, 'freq_high_hz': 5800, 'power_thresh_percentile': 72, 'mdl_beta': 7.995957705681462}. Best is trial 70 with value: 0.4934074809813332.
[I 2026-03-10 23:24:04,300] Trial 80 finished with value: 0.48850368501135616 and parameters: {'window_ms': 250, 'overlap': 0.8500000000000001, 'freq_low_hz': 1050, 'freq_high_hz': 3800, 'power_thresh_percentile': 95, 'mdl_beta': 0.9828390129303408}. Best is trial 70 with value: 0.4934074809813332.
[I 2026-03-10 23:24:08,861] Trial 78 finished with value: 0.4876834453432066 and parameters: {'window_ms': 250, 'overlap': 0.8500000000000001, 'freq_low_hz': 1050, 'freq_high_hz': 3800, 'power_thresh_percentile': 93, 'mdl_beta': 0.8919585991562888}. Best is trial 70 with value: 0.4934074809813332.
[I 2026-03-10 23:24:13,329] Trial 81 finished with value: 0.47848440665450276 and parameters: {'window_ms': 235, 'overlap': 0.8500000000000001, 'freq_low_hz': 1050, 'freq_high_hz': 3800, 'power_thresh_percentile': 95, 'mdl_beta': 1.099199072032116}. Best is trial 70 with value: 0.4934074809813332.
[I 2026-03-10 23:24:20,994] Trial 79 finished with value: 0.4876834453432066 and parameters: {'window_ms': 250, 'overlap': 0.8500000000000001, 'freq_low_hz': 1050, 'freq_high_hz': 3800, 'power_thresh_percentile': 93, 'mdl_beta': 1.0018816160288113}. Best is trial 70 with value: 0.4934074809813332.
[I 2026-03-10 23:24:24,798] Trial 82 finished with value: 0.4867116014589412 and parameters: {'window_ms': 230, 'overlap': 0.8500000000000001, 'freq_low_hz': 1200, 'freq_high_hz': 3700, 'power_thresh_percentile': 95, 'mdl_beta': 1.0450865688287743}. Best is trial 70 with value: 0.4934074809813332.
[I 2026-03-10 23:24:31,618] Trial 83 finished with value: 0.48731493279685095 and parameters: {'window_ms': 230, 'overlap': 0.8500000000000001, 'freq_low_hz': 1050, 'freq_high_hz': 4300, 'power_thresh_percentile': 95, 'mdl_beta': 3.806207599658111}. Best is trial 70 with value: 0.4934074809813332.
[I 2026-03-10 23:24:51,199] Trial 84 finished with value: 0.46529063970786955 and parameters: {'window_ms': 250, 'overlap': 0.8500000000000001, 'freq_low_hz': 550, 'freq_high_hz': 2800, 'power_thresh_percentile': 95, 'mdl_beta': 1.0097323727684855}. Best is trial 70 with value: 0.4934074809813332.
[I 2026-03-10 23:24:52,758] Trial 86 finished with value: 0.4803583094538782 and parameters: {'window_ms': 250, 'overlap': 0.8500000000000001, 'freq_low_hz': 950, 'freq_high_hz': 2800, 'power_thresh_percentile': 96, 'mdl_beta': 1.5635245025383187}. Best is trial 70 with value: 0.4934074809813332.
[I 2026-03-10 23:25:04,736] Trial 85 finished with value: 0.47856248980380295 and parameters: {'window_ms': 230, 'overlap': 0.8500000000000001, 'freq_low_hz': 950, 'freq_high_hz': 3700, 'power_thresh_percentile': 95, 'mdl_beta': 0.5566635456503122}. Best is trial 70 with value: 0.4934074809813332.
[I 2026-03-10 23:25:16,113] Trial 87 finished with value: 0.4864328880110122 and parameters: {'window_ms': 250, 'overlap': 0.8500000000000001, 'freq_low_hz': 950, 'freq_high_hz': 3700, 'power_thresh_percentile': 95, 'mdl_beta': 0.9360548865358052}. Best is trial 70 with value: 0.4934074809813332.
[I 2026-03-10 23:25:17,578] Trial 88 finished with value: 0.4864328880110122 and parameters: {'window_ms': 250, 'overlap': 0.8500000000000001, 'freq_low_hz': 950, 'freq_high_hz': 3700, 'power_thresh_percentile': 95, 'mdl_beta': 1.612580476110719}. Best is trial 70 with value: 0.4934074809813332.
[I 2026-03-10 23:25:26,728] Trial 89 finished with value: 0.4870897439630715 and parameters: {'window_ms': 230, 'overlap': 0.8500000000000001, 'freq_low_hz': 1050, 'freq_high_hz': 3700, 'power_thresh_percentile': 95, 'mdl_beta': 1.6170617756109236}. Best is trial 70 with value: 0.4934074809813332.
GMDA: Selected 8050 TF points.
GMDA: Selected 8050 TF points.
GMDA: Selected 8050 TF points.
GMDA: Selected 8050 TF points.
GMDA: Selected 8050 TF points.
GMDA: Selected 8050 TF points.
GMDA: Selected 8050 TF points.
GMDA: Selected 8050 TF points.
GMDA: Selected 8050 TF points.
GMDA: Selected 8050 TF points.
GMDA: Selected 8050 TF points.
GMDA: Selected 8050 TF points.
GMDA: Selected 8050 TF points.
GMDA: Selected 8050 TF points.
GMDA: Selected 8050 TF points.
GMDA: Selected 8050 TF points.
GMDA: Selected 4206 TF points.
GMDA: Selected 4206 TF points.
GMDA: Selected 4206 TF points.
GMDA: Selected 4206 TF points.
GMDA: Selected 4206 TF points.
GMDA: Selected 4206 TF points.
GMDA: Selected 4206 TF points.
GMDA: Selected 4206 TF points.
GMDA: Selected 4206 TF points.
GMDA: Selected 4206 TF points.
GMDA: Selected 4206 TF points.
GMDA: Selected 4206 TF points.
GMDA: Selected 4206 TF points.
GMDA: Selected 4206 TF points.
GMDA: Selected 4206 TF points.
GMDA: Selected 4206 TF points.
GMDA: Selected 15493 TF points.
GMDA: Selected 15493 TF points.
GMDA: Selected 15493 TF points.
GMDA: Selected 15493 TF points.
GMDA: Selected 15493 TF points.
GMDA: Selected 15493 TF points.
GMDA: Selected 15493 TF points.
GMDA: Selected 15493 TF points.
GMDA: Selected 15493 TF points.
GMDA: Selected 15493 TF points.
GMDA: Selected 15493 TF points.
GMDA: Selected 15493 TF points.
GMDA: Selected 15493 TF points.
GMDA: Selected 15493 TF points.
GMDA: Selected 15493 TF points.
GMDA: Selected 15493 TF points.
GMDA: Selected 14444 TF points.
GMDA: Selected 14444 TF points.
GMDA: Selected 14444 TF points.
GMDA: Selected 14444 TF points.
GMDA: Selected 14444 TF points.
GMDA: Selected 14444 TF points.
GMDA: Selected 14444 TF points.
GMDA: Selected 14444 TF points.
GMDA: Selected 14444 TF points.
GMDA: Selected 14444 TF points.
GMDA: Selected 14444 TF points.
GMDA: Selected 14444 TF points.
GMDA: Selected 14444 TF points.
GMDA: Selected 14444 TF points.
GMDA: Selected 14444 TF points.
GMDA: Selected 14444 TF points.
GMDA: Selected 102857 TF points.
GMDA: Selected 102857 TF points.
GMDA: Selected 102857 TF points.
GMDA: Selected 102857 TF points.
GMDA: Selected 102857 TF points.
GMDA: Selected 102857 TF points.
GMDA: Selected 102857 TF points.
GMDA: Selected 102857 TF points.
GMDA: Selected 102857 TF points.
GMDA: Selected 102857 TF points.
GMDA: Selected 102857 TF points.
GMDA: Selected 102857 TF points.
GMDA: Selected 102857 TF points.
GMDA: Selected 102857 TF points.
GMDA: Selected 102857 TF points.
GMDA: Selected 102857 TF points.
GMDA: Selected 15263 TF points.
GMDA: Selected 15263 TF points.
GMDA: Selected 15263 TF points.
GMDA: Selected 15263 TF points.
GMDA: Selected 15263 TF points.
GMDA: Selected 15263 TF points.
GMDA: Selected 15263 TF points.
GMDA: Selected 15263 TF points.
GMDA: Selected 15263 TF points.
GMDA: Selected 15263 TF points.
GMDA: Selected 15263 TF points.
GMDA: Selected 15263 TF points.
GMDA: Selected 15263 TF points.
GMDA: Selected 15263 TF points.
GMDA: Selected 15263 TF points.
GMDA: Selected 15263 TF points.
GMDA: Selected 5147 TF points.
GMDA: Selected 5147 TF points.
GMDA: Selected 5147 TF points.
GMDA: Selected 5147 TF points.
GMDA: Selected 5147 TF points.
GMDA: Selected 5147 TF points.
GMDA: Selected 5147 TF points.
GMDA: Selected 5147 TF points.
GMDA: Selected 5147 TF points.
GMDA: Selected 5147 TF points.
GMDA: Selected 5147 TF points.
GMDA: Selected 5147 TF points.
GMDA: Selected 5147 TF points.
GMDA: Selected 5147 TF points.
GMDA: Selected 5147 TF points.
GMDA: Selected 5147 TF points.
GMDA: Selected 15384 TF points.
GMDA: Selected 15384 TF points.
GMDA: Selected 15384 TF points.
GMDA: Selected 15384 TF points.
GMDA: Selected 15384 TF points.
GMDA: Selected 15384 TF points.
GMDA: Selected 15384 TF points.
GMDA: Selected 15384 TF points.
GMDA: Selected 15384 TF points.
GMDA: Selected 15384 TF points.
GMDA: Selected 15384 TF points.
GMDA: Selected 15384 TF points.
GMDA: Selected 15384 TF points.
GMDA: Selected 15384 TF points.
GMDA: Selected 15384 TF points.
GMDA: Selected 15384 TF points.
GMDA: Selected 25245 TF points.
GMDA: Selected 25245 TF points.
GMDA: Selected 25245 TF points.
GMDA: Selected 25245 TF points.
GMDA: Selected 25245 TF points.
GMDA: Selected 25245 TF points.
GMDA: Selected 25245 TF points.
GMDA: Selected 25245 TF points.
GMDA: Selected 25245 TF points.
GMDA: Selected 25245 TF points.
GMDA: Selected 25245 TF points.
GMDA: Selected 25245 TF points.
GMDA: Selected 25245 TF points.
GMDA: Selected 25245 TF points.
GMDA: Selected 25245 TF points.
GMDA: Selected 25245 TF points.
GMDA: Selected 18856 TF points.
GMDA: Selected 18856 TF points.
GMDA: Selected 18856 TF points.
GMDA: Selected 18856 TF points.
GMDA: Selected 18856 TF points.
GMDA: Selected 18856 TF points.
GMDA: Selected 18856 TF points.
GMDA: Selected 18856 TF points.
GMDA: Selected 18856 TF points.
GMDA: Selected 18856 TF points.
GMDA: Selected 18856 TF points.
GMDA: Selected 18856 TF points.
GMDA: Selected 18856 TF points.
GMDA: Selected 18856 TF points.
GMDA: Selected 18856 TF points.
GMDA: Selected 18856 TF points.
GMDA: Selected 2924 TF points.
GMDA: Selected 2924 TF points.
GMDA: Selected 2924 TF points.
GMDA: Selected 2924 TF points.
GMDA: Selected 2924 TF points.
GMDA: Selected 2924 TF points.
GMDA: Selected 2924 TF points.
GMDA: Selected 2924 TF points.
GMDA: Selected 2924 TF points.
GMDA: Selected 2924 TF points.
GMDA: Selected 2924 TF points.
GMDA: Selected 2924 TF points.
GMDA: Selected 2924 TF points.
GMDA: Selected 2924 TF points.
GMDA: Selected 2924 TF points.
GMDA: Selected 2924 TF points.
GMDA: Selected 19267 TF points.
GMDA: Selected 19267 TF points.
GMDA: Selected 19267 TF points.
GMDA: Selected 19267 TF points.
GMDA: Selected 19267 TF points.
GMDA: Selected 19267 TF points.
GMDA: Selected 19267 TF points.
GMDA: Selected 19267 TF points.
GMDA: Selected 19267 TF points.
GMDA: Selected 19267 TF points.
GMDA: Selected 19267 TF points.
GMDA: Selected 19267 TF points.
GMDA: Selected 19267 TF points.
GMDA: Selected 19267 TF points.
GMDA: Selected 19267 TF points.
GMDA: Selected 19267 TF points.
GMDA: Selected 9439 TF points.
GMDA: Selected 9439 TF points.
GMDA: Selected 9439 TF points.
GMDA: Selected 9439 TF points.
GMDA: Selected 9439 TF points.
GMDA: Selected 9439 TF points.
GMDA: Selected 9439 TF points.
GMDA: Selected 9439 TF points.
GMDA: Selected 9439 TF points.
GMDA: Selected 9439 TF points.
GMDA: Selected 9439 TF points.
GMDA: Selected 9439 TF points.
GMDA: Selected 9439 TF points.
GMDA: Selected 9439 TF points.
GMDA: Selected 9439 TF points.
GMDA: Selected 9439 TF points.
GMDA: Selected 13517 TF points.
GMDA: Selected 13517 TF points.
GMDA: Selected 13517 TF points.
GMDA: Selected 13517 TF points.
GMDA: Selected 13517 TF points.
GMDA: Selected 13517 TF points.
GMDA: Selected 13517 TF points.
GMDA: Selected 13517 TF points.
GMDA: Selected 13517 TF points.
GMDA: Selected 13517 TF points.
GMDA: Selected 13517 TF points.
GMDA: Selected 13517 TF points.
GMDA: Selected 13517 TF points.
GMDA: Selected 13517 TF points.
GMDA: Selected 13517 TF points.
GMDA: Selected 13517 TF points.
GMDA: Selected 9220 TF points.
GMDA: Selected 9220 TF points.
GMDA: Selected 9220 TF points.
GMDA: Selected 9220 TF points.
GMDA: Selected 9220 TF points.
GMDA: Selected 9220 TF points.
GMDA: Selected 9220 TF points.
GMDA: Selected 9220 TF points.
GMDA: Selected 9220 TF points.
GMDA: Selected 9220 TF points.
GMDA: Selected 9220 TF points.
GMDA: Selected 9220 TF points.
GMDA: Selected 9220 TF points.
GMDA: Selected 9220 TF points.
GMDA: Selected 9220 TF points.
GMDA: Selected 9220 TF points.
GMDA: Selected 7545 TF points.
GMDA: Selected 7545 TF points.
GMDA: Selected 7545 TF points.
GMDA: Selected 7545 TF points.
GMDA: Selected 7545 TF points.
GMDA: Selected 7545 TF points.
GMDA: Selected 7545 TF points.
GMDA: Selected 7545 TF points.
GMDA: Selected 7545 TF points.
GMDA: Selected 7545 TF points.
GMDA: Selected 7545 TF points.
GMDA: Selected 7545 TF points.
GMDA: Selected 7545 TF points.
GMDA: Selected 7545 TF points.
GMDA: Selected 7545 TF points.
GMDA: Selected 7545 TF points.
GMDA: Selected 75523 TF points.
GMDA: Selected 75523 TF points.
GMDA: Selected 75523 TF points.
[I 2026-03-10 23:26:13,589] Trial 93 finished with value: 0.48620224424029834 and parameters: {'window_ms': 230, 'overlap': 0.8, 'freq_low_hz': 1000, 'freq_high_hz': 3800, 'power_thresh_percentile': 93, 'mdl_beta': 0.7888733320749427}. Best is trial 70 with value: 0.4934074809813332.
[I 2026-03-10 23:26:20,835] Trial 94 finished with value: 0.48033828881279883 and parameters: {'window_ms': 230, 'overlap': 0.8, 'freq_low_hz': 1000, 'freq_high_hz': 4200, 'power_thresh_percentile': 93, 'mdl_beta': 0.7684180413406405}. Best is trial 70 with value: 0.4934074809813332.
[I 2026-03-10 23:26:26,642] Trial 91 finished with value: 0.4926713273853799 and parameters: {'window_ms': 230, 'overlap': 0.9, 'freq_low_hz': 950, 'freq_high_hz': 3700, 'power_thresh_percentile': 93, 'mdl_beta': 0.6067169834338353}. Best is trial 70 with value: 0.4934074809813332.
[I 2026-03-10 23:26:28,392] Trial 95 finished with value: 0.4790634526770827 and parameters: {'window_ms': 50, 'overlap': 0.8, 'freq_low_hz': 1000, 'freq_high_hz': 3900, 'power_thresh_percentile': 93, 'mdl_beta': 1.2480710605544934}. Best is trial 70 with value: 0.4934074809813332.
[I 2026-03-10 23:26:36,253] Trial 76 finished with value: 0.4458037459177596 and parameters: {'window_ms': 250, 'overlap': 0.8, 'freq_low_hz': 550, 'freq_high_hz': 3800, 'power_thresh_percentile': 71, 'mdl_beta': 0.8482752069115838}. Best is trial 70 with value: 0.4934074809813332.
[I 2026-03-10 23:26:51,026] Trial 92 finished with value: 0.4859413454190926 and parameters: {'window_ms': 240, 'overlap': 0.9, 'freq_low_hz': 1000, 'freq_high_hz': 4200, 'power_thresh_percentile': 93, 'mdl_beta': 0.7327216769393375}. Best is trial 70 with value: 0.4934074809813332.
[I 2026-03-10 23:27:17,896] Trial 97 finished with value: 0.4784620001134423 and parameters: {'window_ms': 60, 'overlap': 0.75, 'freq_low_hz': 1100, 'freq_high_hz': 3400, 'power_thresh_percentile': 89, 'mdl_beta': 1.1904162817724457}. Best is trial 70 with value: 0.4934074809813332.
[I 2026-03-10 23:27:21,045] Trial 100 finished with value: 0.4806261942078334 and parameters: {'window_ms': 235, 'overlap': 0.9, 'freq_low_hz': 1050, 'freq_high_hz': 3400, 'power_thresh_percentile': 97, 'mdl_beta': 1.232170286977559}. Best is trial 70 with value: 0.4934074809813332.
[I 2026-03-10 23:27:21,439] Trial 98 finished with value: 0.48600131923776646 and parameters: {'window_ms': 240, 'overlap': 0.9, 'freq_low_hz': 1050, 'freq_high_hz': 3900, 'power_thresh_percentile': 97, 'mdl_beta': 1.2617725778582072}. Best is trial 70 with value: 0.4934074809813332.
