[I 2026-03-10 23:43:41,927] Trial 153 finished with value: 0.4864907806057135 and parameters: {'window_ms': 230, 'overlap': 0.8500000000000001, 'freq_low_hz': 1200, 'freq_high_hz': 3200, 'power_thresh_percentile': 91, 'mdl_beta': 1.8609584346030292}. Best is trial 138 with value: 0.5064071745134024.
/home/mkeller/mkeller/signal-processing-research/localization/tuning/run_optuna_respeaker_v3.py:97: UserWarning: The distribution is specified by [1550, 6000] and step=100, but the range is not divisible by `step`. It will be replaced with [1550, 5950].
  freq_high_hz = trial.suggest_int("freq_high_hz", min_high, 6000, step=100)
GMDA: Selected 26728 TF points.
GMDA: Selected 26728 TF points.
GMDA: Selected 26728 TF points.
GMDA: Selected 26728 TF points.
GMDA: Selected 26728 TF points.
GMDA: Selected 26728 TF points.
GMDA: Selected 26728 TF points.
GMDA: Selected 26728 TF points.
GMDA: Selected 26728 TF points.
GMDA: Selected 26728 TF points.
GMDA: Selected 26728 TF points.
GMDA: Selected 26728 TF points.
GMDA: Selected 26728 TF points.
GMDA: Selected 26728 TF points.
GMDA: Selected 26728 TF points.
GMDA: Selected 26728 TF points.
GMDA: Selected 131809 TF points.
GMDA: Selected 131809 TF points.
GMDA: Selected 131809 TF points.
GMDA: Selected 131809 TF points.
GMDA: Selected 131809 TF points.
GMDA: Selected 131809 TF points.
GMDA: Selected 131809 TF points.
GMDA: Selected 131809 TF points.
GMDA: Selected 131809 TF points.
GMDA: Selected 131809 TF points.
GMDA: Selected 131809 TF points.
GMDA: Selected 131809 TF points.
GMDA: Selected 131809 TF points.
GMDA: Selected 131809 TF points.
GMDA: Selected 131809 TF points.
GMDA: Selected 131809 TF points.
GMDA: Selected 13942 TF points.
GMDA: Selected 13942 TF points.
GMDA: Selected 13942 TF points.
GMDA: Selected 13942 TF points.
GMDA: Selected 13942 TF points.
GMDA: Selected 13942 TF points.
GMDA: Selected 13942 TF points.
GMDA: Selected 13942 TF points.
GMDA: Selected 13942 TF points.
GMDA: Selected 13942 TF points.
GMDA: Selected 13942 TF points.
GMDA: Selected 13942 TF points.
GMDA: Selected 13942 TF points.
GMDA: Selected 13942 TF points.
GMDA: Selected 13942 TF points.
GMDA: Selected 13942 TF points.
GMDA: Selected 18284 TF points.
GMDA: Selected 18284 TF points.
GMDA: Selected 18284 TF points.
GMDA: Selected 18284 TF points.
GMDA: Selected 18284 TF points.
GMDA: Selected 18284 TF points.
GMDA: Selected 18284 TF points.
GMDA: Selected 18284 TF points.
GMDA: Selected 18284 TF points.
GMDA: Selected 18284 TF points.
GMDA: Selected 18284 TF points.
GMDA: Selected 18284 TF points.
GMDA: Selected 18284 TF points.
GMDA: Selected 18284 TF points.
GMDA: Selected 18284 TF points.
GMDA: Selected 18284 TF points.
GMDA: Selected 30295 TF points.
GMDA: Selected 30295 TF points.
GMDA: Selected 30295 TF points.
GMDA: Selected 30295 TF points.
GMDA: Selected 30295 TF points.
GMDA: Selected 30295 TF points.
GMDA: Selected 30295 TF points.
GMDA: Selected 30295 TF points.
GMDA: Selected 30295 TF points.
GMDA: Selected 30295 TF points.
GMDA: Selected 30295 TF points.
GMDA: Selected 30295 TF points.
GMDA: Selected 30295 TF points.
GMDA: Selected 30295 TF points.
GMDA: Selected 30295 TF points.
GMDA: Selected 30295 TF points.
GMDA: Selected 50905 TF points.
GMDA: Selected 50905 TF points.
GMDA: Selected 50905 TF points.
GMDA: Selected 50905 TF points.
GMDA: Selected 50905 TF points.
GMDA: Selected 50905 TF points.
GMDA: Selected 50905 TF points.
GMDA: Selected 50905 TF points.
GMDA: Selected 50905 TF points.
GMDA: Selected 50905 TF points.
GMDA: Selected 50905 TF points.
GMDA: Selected 50905 TF points.
GMDA: Selected 50905 TF points.
GMDA: Selected 50905 TF points.
GMDA: Selected 50905 TF points.
GMDA: Selected 50905 TF points.
GMDA: Selected 22534 TF points.
GMDA: Selected 22534 TF points.
GMDA: Selected 22534 TF points.
GMDA: Selected 22534 TF points.
GMDA: Selected 22534 TF points.
GMDA: Selected 22534 TF points.
GMDA: Selected 22534 TF points.
GMDA: Selected 22534 TF points.
GMDA: Selected 22534 TF points.
GMDA: Selected 22534 TF points.
GMDA: Selected 22534 TF points.
GMDA: Selected 22534 TF points.
GMDA: Selected 22534 TF points.
GMDA: Selected 22534 TF points.
GMDA: Selected 22534 TF points.
GMDA: Selected 22534 TF points.
GMDA: Selected 9220 TF points.
GMDA: Selected 9220 TF points.
GMDA: Selected 9220 TF points.
GMDA: Selected 9220 TF points.
GMDA: Selected 9220 TF points.
GMDA: Selected 9220 TF points.
GMDA: Selected 9220 TF points.
GMDA: Selected 9220 TF points.
GMDA: Selected 9220 TF points.
GMDA: Selected 9220 TF points.
GMDA: Selected 9220 TF points.
GMDA: Selected 9220 TF points.
GMDA: Selected 9220 TF points.
GMDA: Selected 9220 TF points.
GMDA: Selected 9220 TF points.
GMDA: Selected 9220 TF points.
GMDA: Selected 4964 TF points.
GMDA: Selected 4964 TF points.
GMDA: Selected 4964 TF points.
GMDA: Selected 4964 TF points.
GMDA: Selected 4964 TF points.
GMDA: Selected 4964 TF points.
GMDA: Selected 4964 TF points.
GMDA: Selected 4964 TF points.
GMDA: Selected 4964 TF points.
GMDA: Selected 4964 TF points.
GMDA: Selected 4964 TF points.
GMDA: Selected 4964 TF points.
GMDA: Selected 4964 TF points.
GMDA: Selected 4964 TF points.
GMDA: Selected 4964 TF points.
GMDA: Selected 4964 TF points.
GMDA: Selected 19320 TF points.
GMDA: Selected 19320 TF points.
GMDA: Selected 19320 TF points.
GMDA: Selected 19320 TF points.
GMDA: Selected 19320 TF points.
GMDA: Selected 19320 TF points.
GMDA: Selected 19320 TF points.
GMDA: Selected 19320 TF points.
GMDA: Selected 19320 TF points.
GMDA: Selected 19320 TF points.
GMDA: Selected 19320 TF points.
GMDA: Selected 19320 TF points.
GMDA: Selected 19320 TF points.
GMDA: Selected 19320 TF points.
GMDA: Selected 19320 TF points.
GMDA: Selected 19320 TF points.
GMDA: Selected 8578 TF points.
GMDA: Selected 8578 TF points.
GMDA: Selected 8578 TF points.
GMDA: Selected 8578 TF points.
GMDA: Selected 8578 TF points.
GMDA: Selected 8578 TF points.
GMDA: Selected 8578 TF points.
GMDA: Selected 8578 TF points.
GMDA: Selected 8578 TF points.
GMDA: Selected 8578 TF points.
GMDA: Selected 8578 TF points.
GMDA: Selected 8578 TF points.
GMDA: Selected 8578 TF points.
GMDA: Selected 8578 TF points.
GMDA: Selected 8578 TF points.
GMDA: Selected 8578 TF points.
GMDA: Selected 72143 TF points.
GMDA: Selected 72143 TF points.
GMDA: Selected 72143 TF points.
GMDA: Selected 72143 TF points.
GMDA: Selected 72143 TF points.
GMDA: Selected 72143 TF points.
GMDA: Selected 72143 TF points.
GMDA: Selected 72143 TF points.
GMDA: Selected 72143 TF points.
GMDA: Selected 72143 TF points.
GMDA: Selected 72143 TF points.
GMDA: Selected 72143 TF points.
GMDA: Selected 72143 TF points.
GMDA: Selected 72143 TF points.
GMDA: Selected 72143 TF points.
GMDA: Selected 72143 TF points.
GMDA: Selected 57859 TF points.
GMDA: Selected 57859 TF points.
GMDA: Selected 57859 TF points.
GMDA: Selected 57859 TF points.
GMDA: Selected 57859 TF points.
GMDA: Selected 57859 TF points.
GMDA: Selected 57859 TF points.
GMDA: Selected 57859 TF points.
GMDA: Selected 57859 TF points.
GMDA: Selected 57859 TF points.
GMDA: Selected 57859 TF points.
GMDA: Selected 57859 TF points.
GMDA: Selected 57859 TF points.
GMDA: Selected 57859 TF points.
GMDA: Selected 57859 TF points.
GMDA: Selected 57859 TF points.
GMDA: Selected 30104 TF points.
GMDA: Selected 30104 TF points.
GMDA: Selected 30104 TF points.
GMDA: Selected 30104 TF points.
GMDA: Selected 30104 TF points.
GMDA: Selected 30104 TF points.
GMDA: Selected 30104 TF points.
GMDA: Selected 30104 TF points.
GMDA: Selected 30104 TF points.
GMDA: Selected 30104 TF points.
GMDA: Selected 30104 TF points.
GMDA: Selected 30104 TF points.
GMDA: Selected 30104 TF points.
GMDA: Selected 30104 TF points.
GMDA: Selected 30104 TF points.
GMDA: Selected 30104 TF points.
GMDA: Selected 32643 TF points.
GMDA: Selected 32643 TF points.
GMDA: Selected 32643 TF points.
GMDA: Selected 32643 TF points.
GMDA: Selected 32643 TF points.
GMDA: Selected 32643 TF points.
GMDA: Selected 32643 TF points.
GMDA: Selected 32643 TF points.
GMDA: Selected 32643 TF points.
GMDA: Selected 32643 TF points.
GMDA: Selected 32643 TF points.
GMDA: Selected 32643 TF points.
GMDA: Selected 32643 TF points.
GMDA: Selected 32643 TF points.
GMDA: Selected 32643 TF points.
GMDA: Selected 32643 TF points.
GMDA: Selected 12074 TF points.
GMDA: Selected 12074 TF points.
GMDA: Selected 12074 TF points.
GMDA: Selected 12074 TF points.
GMDA: Selected 12074 TF points.
GMDA: Selected 12074 TF points.
GMDA: Selected 12074 TF points.
GMDA: Selected 12074 TF points.
GMDA: Selected 12074 TF points.
GMDA: Selected 12074 TF points.
GMDA: Selected 12074 TF points.
GMDA: Selected 12074 TF points.
GMDA: Selected 12074 TF points.
GMDA: Selected 12074 TF points.
GMDA: Selected 12074 TF points.
GMDA: Selected 12074 TF points.
GMDA: Selected 37529 TF points.
[I 2026-03-10 23:44:03,377] Trial 152 finished with value: 0.4773424342396495 and parameters: {'window_ms': 225, 'overlap': 0.8500000000000001, 'freq_low_hz': 1200, 'freq_high_hz': 3600, 'power_thresh_percentile': 88, 'mdl_beta': 1.8752236857378486}. Best is trial 138 with value: 0.5064071745134024.
[I 2026-03-10 23:44:29,257] Trial 154 finished with value: 0.47113950297673735 and parameters: {'window_ms': 230, 'overlap': 0.8500000000000001, 'freq_low_hz': 1200, 'freq_high_hz': 3200, 'power_thresh_percentile': 84, 'mdl_beta': 1.1632764051965356}. Best is trial 138 with value: 0.5064071745134024.
[I 2026-03-10 23:44:59,556] Trial 157 finished with value: 0.4702969142016397 and parameters: {'window_ms': 245, 'overlap': 0.8500000000000001, 'freq_low_hz': 1200, 'freq_high_hz': 3200, 'power_thresh_percentile': 84, 'mdl_beta': 2.3364820403002096}. Best is trial 138 with value: 0.5064071745134024.
[I 2026-03-10 23:45:07,413] Trial 156 finished with value: 0.4709722849429357 and parameters: {'window_ms': 230, 'overlap': 0.8500000000000001, 'freq_low_hz': 1200, 'freq_high_hz': 3400, 'power_thresh_percentile': 84, 'mdl_beta': 0.6887800795026386}. Best is trial 138 with value: 0.5064071745134024.
[I 2026-03-10 23:45:10,043] Trial 159 finished with value: 0.4917693416445786 and parameters: {'window_ms': 235, 'overlap': 0.9, 'freq_low_hz': 1150, 'freq_high_hz': 3350, 'power_thresh_percentile': 90, 'mdl_beta': 2.2970600322073436}. Best is trial 138 with value: 0.5064071745134024.
[I 2026-03-10 23:45:18,684] Trial 158 finished with value: 0.4852452226611021 and parameters: {'window_ms': 235, 'overlap': 0.8500000000000001, 'freq_low_hz': 1150, 'freq_high_hz': 3350, 'power_thresh_percentile': 83, 'mdl_beta': 2.313480549105753}. Best is trial 138 with value: 0.5064071745134024.
[I 2026-03-10 23:45:44,010] Trial 160 finished with value: 0.4881577943871954 and parameters: {'window_ms': 235, 'overlap': 0.9, 'freq_low_hz': 1150, 'freq_high_hz': 3350, 'power_thresh_percentile': 89, 'mdl_beta': 2.3119445224987403}. Best is trial 138 with value: 0.5064071745134024.
[I 2026-03-10 23:46:23,563] Trial 163 finished with value: 0.4917693416445786 and parameters: {'window_ms': 235, 'overlap': 0.9, 'freq_low_hz': 1150, 'freq_high_hz': 3350, 'power_thresh_percentile': 90, 'mdl_beta': 2.3865389133778865}. Best is trial 138 with value: 0.5064071745134024.
GMDA: Selected 31116 TF points.
GMDA: Selected 31116 TF points.
GMDA: Selected 31116 TF points.
GMDA: Selected 31116 TF points.
GMDA: Selected 31116 TF points.
GMDA: Selected 31116 TF points.
GMDA: Selected 31116 TF points.
GMDA: Selected 31116 TF points.
GMDA: Selected 31116 TF points.
GMDA: Selected 31116 TF points.
GMDA: Selected 31116 TF points.
GMDA: Selected 31116 TF points.
GMDA: Selected 31116 TF points.
GMDA: Selected 31116 TF points.
GMDA: Selected 31116 TF points.
GMDA: Selected 31116 TF points.
GMDA: Selected 9935 TF points.
GMDA: Selected 9935 TF points.
GMDA: Selected 9935 TF points.
GMDA: Selected 9935 TF points.
GMDA: Selected 9935 TF points.
GMDA: Selected 9935 TF points.
GMDA: Selected 9935 TF points.
GMDA: Selected 9935 TF points.
GMDA: Selected 9935 TF points.
GMDA: Selected 9935 TF points.
GMDA: Selected 9935 TF points.
GMDA: Selected 9935 TF points.
GMDA: Selected 9935 TF points.
GMDA: Selected 9935 TF points.
GMDA: Selected 9935 TF points.
GMDA: Selected 9935 TF points.
GMDA: Selected 192853 TF points.
GMDA: Selected 192853 TF points.
GMDA: Selected 192853 TF points.
GMDA: Selected 192853 TF points.
GMDA: Selected 192853 TF points.
GMDA: Selected 192853 TF points.
GMDA: Selected 192853 TF points.
GMDA: Selected 192853 TF points.
GMDA: Selected 192853 TF points.
GMDA: Selected 192853 TF points.
GMDA: Selected 192853 TF points.
GMDA: Selected 192853 TF points.
GMDA: Selected 192853 TF points.
GMDA: Selected 192853 TF points.
GMDA: Selected 192853 TF points.
GMDA: Selected 192853 TF points.
GMDA: Selected 17083 TF points.
GMDA: Selected 17083 TF points.
GMDA: Selected 17083 TF points.
GMDA: Selected 17083 TF points.
GMDA: Selected 17083 TF points.
GMDA: Selected 17083 TF points.
GMDA: Selected 17083 TF points.
GMDA: Selected 17083 TF points.
GMDA: Selected 17083 TF points.
GMDA: Selected 17083 TF points.
GMDA: Selected 17083 TF points.
GMDA: Selected 17083 TF points.
GMDA: Selected 17083 TF points.
GMDA: Selected 17083 TF points.
GMDA: Selected 17083 TF points.
GMDA: Selected 17083 TF points.
GMDA: Selected 14890 TF points.
GMDA: Selected 14890 TF points.
GMDA: Selected 14890 TF points.
GMDA: Selected 14890 TF points.
GMDA: Selected 14890 TF points.
GMDA: Selected 14890 TF points.
GMDA: Selected 14890 TF points.
GMDA: Selected 14890 TF points.
GMDA: Selected 14890 TF points.
GMDA: Selected 14890 TF points.
GMDA: Selected 14890 TF points.
GMDA: Selected 14890 TF points.
GMDA: Selected 14890 TF points.
GMDA: Selected 14890 TF points.
GMDA: Selected 14890 TF points.
GMDA: Selected 14890 TF points.
GMDA: Selected 3285 TF points.
GMDA: Selected 3285 TF points.
GMDA: Selected 3285 TF points.
GMDA: Selected 3285 TF points.
GMDA: Selected 3285 TF points.
GMDA: Selected 3285 TF points.
GMDA: Selected 3285 TF points.
GMDA: Selected 3285 TF points.
GMDA: Selected 3285 TF points.
GMDA: Selected 3285 TF points.
GMDA: Selected 3285 TF points.
GMDA: Selected 3285 TF points.
GMDA: Selected 3285 TF points.
GMDA: Selected 3285 TF points.
GMDA: Selected 3285 TF points.
GMDA: Selected 3285 TF points.
GMDA: Selected 16875 TF points.
GMDA: Selected 16875 TF points.
GMDA: Selected 16875 TF points.
GMDA: Selected 16875 TF points.
GMDA: Selected 16875 TF points.
GMDA: Selected 16875 TF points.
GMDA: Selected 16875 TF points.
GMDA: Selected 16875 TF points.
GMDA: Selected 16875 TF points.
GMDA: Selected 16875 TF points.
GMDA: Selected 16875 TF points.
GMDA: Selected 16875 TF points.
GMDA: Selected 16875 TF points.
GMDA: Selected 16875 TF points.
GMDA: Selected 16875 TF points.
GMDA: Selected 16875 TF points.
GMDA: Selected 47390 TF points.
GMDA: Selected 47390 TF points.
GMDA: Selected 47390 TF points.
GMDA: Selected 47390 TF points.
GMDA: Selected 47390 TF points.
GMDA: Selected 47390 TF points.
GMDA: Selected 47390 TF points.
GMDA: Selected 47390 TF points.
GMDA: Selected 47390 TF points.
GMDA: Selected 47390 TF points.
GMDA: Selected 47390 TF points.
GMDA: Selected 47390 TF points.
GMDA: Selected 47390 TF points.
GMDA: Selected 47390 TF points.
GMDA: Selected 47390 TF points.
GMDA: Selected 47390 TF points.
GMDA: Selected 7084 TF points.
GMDA: Selected 7084 TF points.
GMDA: Selected 7084 TF points.
GMDA: Selected 7084 TF points.
GMDA: Selected 7084 TF points.
GMDA: Selected 7084 TF points.
GMDA: Selected 7084 TF points.
GMDA: Selected 7084 TF points.
GMDA: Selected 7084 TF points.
GMDA: Selected 7084 TF points.
GMDA: Selected 7084 TF points.
GMDA: Selected 7084 TF points.
GMDA: Selected 7084 TF points.
GMDA: Selected 7084 TF points.
GMDA: Selected 7084 TF points.
GMDA: Selected 7084 TF points.
GMDA: Selected 98865 TF points.
GMDA: Selected 98865 TF points.
GMDA: Selected 98865 TF points.
GMDA: Selected 98865 TF points.
GMDA: Selected 98865 TF points.
GMDA: Selected 98865 TF points.
GMDA: Selected 98865 TF points.
GMDA: Selected 98865 TF points.
GMDA: Selected 98865 TF points.
GMDA: Selected 98865 TF points.
GMDA: Selected 98865 TF points.
GMDA: Selected 98865 TF points.
GMDA: Selected 98865 TF points.
GMDA: Selected 98865 TF points.
GMDA: Selected 98865 TF points.
GMDA: Selected 98865 TF points.
GMDA: Selected 23101 TF points.
GMDA: Selected 23101 TF points.
GMDA: Selected 23101 TF points.
GMDA: Selected 23101 TF points.
GMDA: Selected 23101 TF points.
GMDA: Selected 23101 TF points.
GMDA: Selected 23101 TF points.
GMDA: Selected 23101 TF points.
GMDA: Selected 23101 TF points.
GMDA: Selected 23101 TF points.
GMDA: Selected 23101 TF points.
GMDA: Selected 23101 TF points.
GMDA: Selected 23101 TF points.
GMDA: Selected 23101 TF points.
GMDA: Selected 23101 TF points.
GMDA: Selected 23101 TF points.
GMDA: Selected 24284 TF points.
GMDA: Selected 24284 TF points.
GMDA: Selected 24284 TF points.
GMDA: Selected 24284 TF points.
GMDA: Selected 24284 TF points.
GMDA: Selected 24284 TF points.
GMDA: Selected 24284 TF points.
GMDA: Selected 24284 TF points.
GMDA: Selected 24284 TF points.
GMDA: Selected 24284 TF points.
GMDA: Selected 24284 TF points.
GMDA: Selected 24284 TF points.
GMDA: Selected 24284 TF points.
GMDA: Selected 24284 TF points.
GMDA: Selected 24284 TF points.
GMDA: Selected 24284 TF points.
GMDA: Selected 28699 TF points.
GMDA: Selected 28699 TF points.
GMDA: Selected 28699 TF points.
GMDA: Selected 28699 TF points.
GMDA: Selected 28699 TF points.
GMDA: Selected 28699 TF points.
GMDA: Selected 28699 TF points.
GMDA: Selected 28699 TF points.
GMDA: Selected 28699 TF points.
GMDA: Selected 28699 TF points.
GMDA: Selected 28699 TF points.
GMDA: Selected 28699 TF points.
GMDA: Selected 28699 TF points.
GMDA: Selected 28699 TF points.
GMDA: Selected 28699 TF points.
GMDA: Selected 28699 TF points.
GMDA: Selected 15729 TF points.
GMDA: Selected 15729 TF points.
GMDA: Selected 15729 TF points.
GMDA: Selected 15729 TF points.
GMDA: Selected 15729 TF points.
GMDA: Selected 15729 TF points.
GMDA: Selected 15729 TF points.
GMDA: Selected 15729 TF points.
GMDA: Selected 15729 TF points.
GMDA: Selected 15729 TF points.
GMDA: Selected 15729 TF points.
GMDA: Selected 15729 TF points.
GMDA: Selected 15729 TF points.
GMDA: Selected 15729 TF points.
GMDA: Selected 15729 TF points.
GMDA: Selected 15729 TF points.
GMDA: Selected 21465 TF points.
GMDA: Selected 21465 TF points.
GMDA: Selected 21465 TF points.
GMDA: Selected 21465 TF points.
GMDA: Selected 21465 TF points.
GMDA: Selected 21465 TF points.
GMDA: Selected 21465 TF points.
GMDA: Selected 21465 TF points.
GMDA: Selected 21465 TF points.
GMDA: Selected 21465 TF points.
GMDA: Selected 21465 TF points.
GMDA: Selected 21465 TF points.
GMDA: Selected 21465 TF points.
GMDA: Selected 21465 TF points.
GMDA: Selected 21465 TF points.
GMDA: Selected 21465 TF points.
GMDA: Selected 22076 TF points.
GMDA: Selected 22076 TF points.
GMDA: Selected 22076 TF points.
GMDA: Selected 22076 TF points.
GMDA: Selected 22076 TF points.
GMDA: Selected 22076 TF points.
GMDA: Selected 22076 TF points.
GMDA: Selected 22076 TF points.
GMDA: Selected 22076 TF points.
GMDA: Selected 22076 TF points.
GMDA: Selected 22076 TF points.
GMDA: Selected 22076 TF points.
GMDA: Selected 22076 TF points.
GMDA: Selected 22076 TF points.
GMDA: Selected 22076 TF points.
GMDA: Selected 22076 TF points.
GMDA: Selected 19287 TF points.
[I 2026-03-10 23:46:43,292] Trial 161 finished with value: 0.4777375221529418 and parameters: {'window_ms': 235, 'overlap': 0.9, 'freq_low_hz': 1150, 'freq_high_hz': 3350, 'power_thresh_percentile': 83, 'mdl_beta': 2.282513531029043}. Best is trial 138 with value: 0.5064071745134024.
[I 2026-03-10 23:47:11,581] Trial 164 finished with value: 0.49924957850997864 and parameters: {'window_ms': 235, 'overlap': 0.9, 'freq_low_hz': 1150, 'freq_high_hz': 3450, 'power_thresh_percentile': 89, 'mdl_beta': 1.588618404276418}. Best is trial 138 with value: 0.5064071745134024.
[I 2026-03-10 23:47:11,698] Trial 165 finished with value: 0.4881577943871954 and parameters: {'window_ms': 235, 'overlap': 0.9, 'freq_low_hz': 1150, 'freq_high_hz': 3350, 'power_thresh_percentile': 89, 'mdl_beta': 1.5903582786114976}. Best is trial 138 with value: 0.5064071745134024.
[I 2026-03-10 23:47:53,986] Trial 168 finished with value: 0.47348775158706397 and parameters: {'window_ms': 245, 'overlap': 0.9, 'freq_low_hz': 750, 'freq_high_hz': 3500, 'power_thresh_percentile': 90, 'mdl_beta': 2.8027415921592143}. Best is trial 138 with value: 0.5064071745134024.
[I 2026-03-10 23:48:09,129] Trial 169 finished with value: 0.48485386881245573 and parameters: {'window_ms': 245, 'overlap': 0.9, 'freq_low_hz': 1150, 'freq_high_hz': 3550, 'power_thresh_percentile': 92, 'mdl_beta': 2.7250560208622545}. Best is trial 138 with value: 0.5064071745134024.
[I 2026-03-10 23:48:15,667] Trial 170 finished with value: 0.48485386881245573 and parameters: {'window_ms': 245, 'overlap': 0.9, 'freq_low_hz': 1150, 'freq_high_hz': 3550, 'power_thresh_percentile': 92, 'mdl_beta': 2.803005621906775}. Best is trial 138 with value: 0.5064071745134024.
[I 2026-03-10 23:48:47,466] Trial 171 finished with value: 0.48485386881245573 and parameters: {'window_ms': 245, 'overlap': 0.9, 'freq_low_hz': 1150, 'freq_high_hz': 3550, 'power_thresh_percentile': 92, 'mdl_beta': 2.7446749015193888}. Best is trial 138 with value: 0.5064071745134024.
[I 2026-03-10 23:48:52,685] Trial 172 finished with value: 0.478121217910092 and parameters: {'window_ms': 240, 'overlap': 0.9, 'freq_low_hz': 1150, 'freq_high_hz': 3550, 'power_thresh_percentile': 92, 'mdl_beta': 2.544795417900027}. Best is trial 138 with value: 0.5064071745134024.
[I 2026-03-10 23:49:26,722] Trial 173 finished with value: 0.478121217910092 and parameters: {'window_ms': 240, 'overlap': 0.9, 'freq_low_hz': 1150, 'freq_high_hz': 3550, 'power_thresh_percentile': 92, 'mdl_beta': 2.5447726861665645}. Best is trial 138 with value: 0.5064071745134024.
