[I 2026-03-10 23:58:48,754] Trial 208 finished with value: 0.48827440225886715 and parameters: {'window_ms': 230, 'overlap': 0.9, 'freq_low_hz': 950, 'freq_high_hz': 3200, 'power_thresh_percentile': 86, 'mdl_beta': 1.942633391079956}. Best is trial 138 with value: 0.5064071745134024.

GMDA: Selected 4926 TF points.
GMDA: Selected 4926 TF points.
GMDA: Selected 4926 TF points.
GMDA: Selected 4926 TF points.
GMDA: Selected 4926 TF points.
GMDA: Selected 4926 TF points.
GMDA: Selected 4926 TF points.
GMDA: Selected 4926 TF points.
GMDA: Selected 4926 TF points.
GMDA: Selected 4926 TF points.
GMDA: Selected 4926 TF points.
GMDA: Selected 4926 TF points.
GMDA: Selected 15100 TF points.
GMDA: Selected 15100 TF points.
GMDA: Selected 15100 TF points.
GMDA: Selected 15100 TF points.
GMDA: Selected 15100 TF points.
GMDA: Selected 15100 TF points.
GMDA: Selected 15100 TF points.
GMDA: Selected 15100 TF points.
GMDA: Selected 15100 TF points.
GMDA: Selected 15100 TF points.
GMDA: Selected 15100 TF points.
GMDA: Selected 15100 TF points.
GMDA: Selected 15100 TF points.
GMDA: Selected 15100 TF points.
GMDA: Selected 15100 TF points.
GMDA: Selected 15100 TF points.
GMDA: Selected 94586 TF points.
GMDA: Selected 94586 TF points.
GMDA: Selected 94586 TF points.
GMDA: Selected 94586 TF points.
GMDA: Selected 94586 TF points.
GMDA: Selected 94586 TF points.
GMDA: Selected 94586 TF points.
GMDA: Selected 94586 TF points.
GMDA: Selected 94586 TF points.
GMDA: Selected 94586 TF points.
GMDA: Selected 94586 TF points.
GMDA: Selected 94586 TF points.
GMDA: Selected 94586 TF points.
GMDA: Selected 94586 TF points.
GMDA: Selected 94586 TF points.
GMDA: Selected 94586 TF points.
GMDA: Selected 21084 TF points.
GMDA: Selected 21084 TF points.
GMDA: Selected 21084 TF points.
GMDA: Selected 21084 TF points.
GMDA: Selected 21084 TF points.
GMDA: Selected 21084 TF points.
GMDA: Selected 21084 TF points.
GMDA: Selected 21084 TF points.
GMDA: Selected 21084 TF points.
GMDA: Selected 21084 TF points.
GMDA: Selected 21084 TF points.
GMDA: Selected 21084 TF points.
GMDA: Selected 21084 TF points.
GMDA: Selected 21084 TF points.
GMDA: Selected 21084 TF points.
GMDA: Selected 21084 TF points.
GMDA: Selected 24083 TF points.
GMDA: Selected 24083 TF points.
GMDA: Selected 24083 TF points.
GMDA: Selected 24083 TF points.
GMDA: Selected 24083 TF points.
GMDA: Selected 24083 TF points.
GMDA: Selected 24083 TF points.
GMDA: Selected 24083 TF points.
GMDA: Selected 24083 TF points.
GMDA: Selected 24083 TF points.
GMDA: Selected 24083 TF points.
GMDA: Selected 24083 TF points.
GMDA: Selected 24083 TF points.
GMDA: Selected 24083 TF points.
GMDA: Selected 24083 TF points.
GMDA: Selected 24083 TF points.
GMDA: Selected 23403 TF points.
GMDA: Selected 23403 TF points.
GMDA: Selected 23403 TF points.
GMDA: Selected 23403 TF points.
GMDA: Selected 23403 TF points.
GMDA: Selected 23403 TF points.
GMDA: Selected 23403 TF points.
GMDA: Selected 23403 TF points.
GMDA: Selected 23403 TF points.
GMDA: Selected 23403 TF points.
GMDA: Selected 23403 TF points.
GMDA: Selected 23403 TF points.
GMDA: Selected 23403 TF points.
GMDA: Selected 23403 TF points.
GMDA: Selected 23403 TF points.
GMDA: Selected 23403 TF points.
GMDA: Selected 20311 TF points.
GMDA: Selected 20311 TF points.
GMDA: Selected 20311 TF points.
GMDA: Selected 20311 TF points.
GMDA: Selected 20311 TF points.
GMDA: Selected 20311 TF points.
GMDA: Selected 20311 TF points.
GMDA: Selected 20311 TF points.
GMDA: Selected 20311 TF points.
GMDA: Selected 20311 TF points.
GMDA: Selected 20311 TF points.
GMDA: Selected 20311 TF points.
GMDA: Selected 20311 TF points.
GMDA: Selected 20311 TF points.
GMDA: Selected 20311 TF points.
GMDA: Selected 20311 TF points.
GMDA: Selected 23606 TF points.
GMDA: Selected 23606 TF points.
GMDA: Selected 23606 TF points.
GMDA: Selected 23606 TF points.
GMDA: Selected 23606 TF points.
GMDA: Selected 23606 TF points.
GMDA: Selected 23606 TF points.
GMDA: Selected 23606 TF points.
GMDA: Selected 23606 TF points.
GMDA: Selected 23606 TF points.
GMDA: Selected 23606 TF points.
GMDA: Selected 23606 TF points.
GMDA: Selected 23606 TF points.
GMDA: Selected 23606 TF points.
GMDA: Selected 23606 TF points.
GMDA: Selected 23606 TF points.
GMDA: Selected 24284 TF points.
GMDA: Selected 24284 TF points.
GMDA: Selected 24284 TF points.
GMDA: Selected 24284 TF points.
GMDA: Selected 24284 TF points.
GMDA: Selected 24284 TF points.
GMDA: Selected 24284 TF points.
GMDA: Selected 24284 TF points.
GMDA: Selected 24284 TF points.
GMDA: Selected 24284 TF points.
GMDA: Selected 24284 TF points.
GMDA: Selected 24284 TF points.
GMDA: Selected 24284 TF points.
GMDA: Selected 24284 TF points.
GMDA: Selected 24284 TF points.
GMDA: Selected 24284 TF points.
GMDA: Selected 19262 TF points.
GMDA: Selected 19262 TF points.
GMDA: Selected 19262 TF points.
GMDA: Selected 19262 TF points.
GMDA: Selected 19262 TF points.
GMDA: Selected 19262 TF points.
GMDA: Selected 19262 TF points.
GMDA: Selected 19262 TF points.
GMDA: Selected 19262 TF points.
GMDA: Selected 19262 TF points.
GMDA: Selected 19262 TF points.
GMDA: Selected 19262 TF points.
GMDA: Selected 19262 TF points.
GMDA: Selected 19262 TF points.
GMDA: Selected 19262 TF points.
GMDA: Selected 19262 TF points.
GMDA: Selected 28716 TF points.
GMDA: Selected 28716 TF points.
GMDA: Selected 28716 TF points.
GMDA: Selected 28716 TF points.
GMDA: Selected 28716 TF points.
GMDA: Selected 28716 TF points.
GMDA: Selected 28716 TF points.
GMDA: Selected 28716 TF points.
GMDA: Selected 28716 TF points.
GMDA: Selected 28716 TF points.
GMDA: Selected 28716 TF points.
GMDA: Selected 28716 TF points.
GMDA: Selected 28716 TF points.
GMDA: Selected 28716 TF points.
GMDA: Selected 28716 TF points.
GMDA: Selected 28716 TF points.
GMDA: Selected 23588 TF points.
GMDA: Selected 23588 TF points.
GMDA: Selected 23588 TF points.
GMDA: Selected 23588 TF points.
GMDA: Selected 23588 TF points.
GMDA: Selected 23588 TF points.
GMDA: Selected 23588 TF points.
GMDA: Selected 23588 TF points.
GMDA: Selected 23588 TF points.
GMDA: Selected 23588 TF points.
GMDA: Selected 23588 TF points.
GMDA: Selected 23588 TF points.
GMDA: Selected 23588 TF points.
GMDA: Selected 23588 TF points.
GMDA: Selected 23588 TF points.
GMDA: Selected 23588 TF points.
GMDA: Selected 11664 TF points.
GMDA: Selected 11664 TF points.
GMDA: Selected 11664 TF points.
GMDA: Selected 11664 TF points.
GMDA: Selected 11664 TF points.
GMDA: Selected 11664 TF points.
GMDA: Selected 11664 TF points.
GMDA: Selected 11664 TF points.
GMDA: Selected 11664 TF points.
GMDA: Selected 11664 TF points.
GMDA: Selected 11664 TF points.
GMDA: Selected 11664 TF points.
GMDA: Selected 11664 TF points.
GMDA: Selected 11664 TF points.
GMDA: Selected 11664 TF points.
GMDA: Selected 11664 TF points.
GMDA: Selected 18961 TF points.
GMDA: Selected 18961 TF points.
GMDA: Selected 18961 TF points.
GMDA: Selected 18961 TF points.
GMDA: Selected 18961 TF points.
GMDA: Selected 18961 TF points.
GMDA: Selected 18961 TF points.
GMDA: Selected 18961 TF points.
GMDA: Selected 18961 TF points.
GMDA: Selected 18961 TF points.
GMDA: Selected 18961 TF points.
GMDA: Selected 18961 TF points.
GMDA: Selected 18961 TF points.
GMDA: Selected 18961 TF points.
GMDA: Selected 18961 TF points.
GMDA: Selected 18961 TF points.
GMDA: Selected 28933 TF points.
GMDA: Selected 28933 TF points.
GMDA: Selected 28933 TF points.
GMDA: Selected 28933 TF points.
GMDA: Selected 28933 TF points.
GMDA: Selected 28933 TF points.
GMDA: Selected 28933 TF points.
GMDA: Selected 28933 TF points.
GMDA: Selected 28933 TF points.
GMDA: Selected 28933 TF points.
GMDA: Selected 28933 TF points.
GMDA: Selected 28933 TF points.
GMDA: Selected 28933 TF points.
GMDA: Selected 28933 TF points.
GMDA: Selected 28933 TF points.
GMDA: Selected 28933 TF points.
GMDA: Selected 28737 TF points.
GMDA: Selected 28737 TF points.
GMDA: Selected 28737 TF points.
GMDA: Selected 28737 TF points.
GMDA: Selected 28737 TF points.
GMDA: Selected 28737 TF points.
GMDA: Selected 28737 TF points.
GMDA: Selected 28737 TF points.
GMDA: Selected 28737 TF points.
GMDA: Selected 28737 TF points.
GMDA: Selected 28737 TF points.
GMDA: Selected 28737 TF points.
GMDA: Selected 28737 TF points.
GMDA: Selected 28737 TF points.
GMDA: Selected 28737 TF points.
GMDA: Selected 28737 TF points.
GMDA: Selected 24727 TF points.
GMDA: Selected 24727 TF points.
GMDA: Selected 24727 TF points.
GMDA: Selected 24727 TF points.
GMDA: Selected 24727 TF points.[I 2026-03-10 23:59:07,716] Trial 210 finished with value: 0.5021222342024503 and parameters: {'window_ms': 230, 'overlap': 0.9, 'freq_low_hz': 950, 'freq_high_hz': 3100, 'power_thresh_percentile': 86, 'mdl_beta': 1.936489390006599}. Best is trial 138 with value: 0.5064071745134024.
[I 2026-03-10 23:59:22,348] Trial 211 finished with value: 0.47952365269497177 and parameters: {'window_ms': 225, 'overlap': 0.9, 'freq_low_hz': 950, 'freq_high_hz': 3200, 'power_thresh_percentile': 88, 'mdl_beta': 1.9096552695242595}. Best is trial 138 with value: 0.5064071745134024.
[I 2026-03-10 23:59:25,089] Trial 212 finished with value: 0.47449017106919844 and parameters: {'window_ms': 225, 'overlap': 0.9, 'freq_low_hz': 950, 'freq_high_hz': 3100, 'power_thresh_percentile': 88, 'mdl_beta': 1.9421177135859256}. Best is trial 138 with value: 0.5064071745134024.
[I 2026-03-10 23:59:37,791] Trial 213 finished with value: 0.47449017106919844 and parameters: {'window_ms': 225, 'overlap': 0.9, 'freq_low_hz': 950, 'freq_high_hz': 3100, 'power_thresh_percentile': 88, 'mdl_beta': 2.0166452687609655}. Best is trial 138 with value: 0.5064071745134024.
[I 2026-03-10 23:59:41,436] Trial 214 finished with value: 0.47449017106919844 and parameters: {'window_ms': 225, 'overlap': 0.9, 'freq_low_hz': 950, 'freq_high_hz': 3100, 'power_thresh_percentile': 88, 'mdl_beta': 1.9414948257818119}. Best is trial 138 with value: 0.5064071745134024.
[I 2026-03-10 23:59:48,766] Trial 215 finished with value: 0.480646274535024 and parameters: {'window_ms': 240, 'overlap': 0.9, 'freq_low_hz': 950, 'freq_high_hz': 3000, 'power_thresh_percentile': 88, 'mdl_beta': 1.9363156307456548}. Best is trial 138 with value: 0.5064071745134024.
[I 2026-03-10 23:59:59,757] Trial 216 finished with value: 0.4802605017290462 and parameters: {'window_ms': 225, 'overlap': 0.9, 'freq_low_hz': 950, 'freq_high_hz': 3000, 'power_thresh_percentile': 88, 'mdl_beta': 1.529867484034526}. Best is trial 138 with value: 0.5064071745134024.
[I 2026-03-11 00:00:01,257] Trial 217 finished with value: 0.480646274535024 and parameters: {'window_ms': 240, 'overlap': 0.9, 'freq_low_hz': 950, 'freq_high_hz': 3000, 'power_thresh_percentile': 88, 'mdl_beta': 1.553116852400058}. Best is trial 138 with value: 0.5064071745134024.
[I 2026-03-11 00:00:19,050] Trial 218 finished with value: 0.4802605017290462 and parameters: {'window_ms': 225, 'overlap': 0.9, 'freq_low_hz': 950, 'freq_high_hz': 3000, 'power_thresh_percentile': 88, 'mdl_beta': 1.555946999365691}. Best is trial 138 with value: 0.5064071745134024.
[I 2026-03-11 00:00:33,123] Trial 219 finished with value: 0.480646274535024 and parameters: {'window_ms': 240, 'overlap': 0.9, 'freq_low_hz': 950, 'freq_high_hz': 3000, 'power_thresh_percentile': 88, 'mdl_beta': 1.5599812453326827}. Best is trial 138 with value: 0.5064071745134024.
[I 2026-03-11 00:00:36,103] Trial 220 finished with value: 0.48836923303696794 and parameters: {'window_ms': 240, 'overlap': 0.9, 'freq_low_hz': 1000, 'freq_high_hz': 3000, 'power_thresh_percentile': 88, 'mdl_beta': 1.5141476606584057}. Best is trial 138 with value: 0.5064071745134024.
[I 2026-03-11 00:00:41,108] Trial 221 finished with value: 0.481002590510454 and parameters: {'window_ms': 235, 'overlap': 0.9, 'freq_low_hz': 1000, 'freq_high_hz': 3000, 'power_thresh_percentile': 89, 'mdl_beta': 1.8130062054425418}. Best is trial 138 with value: 0.5064071745134024.
[I 2026-03-11 00:00:45,005] Trial 222 finished with value: 0.48029537389600097 and parameters: {'window_ms': 240, 'overlap': 0.9, 'freq_low_hz': 1000, 'freq_high_hz': 3000, 'power_thresh_percentile': 89, 'mdl_beta': 1.5321022273249616}. Best is trial 138 with value: 0.5064071745134024.
[I 2026-03-11 00:00:51,439] Trial 223 finished with value: 0.481002590510454 and parameters: {'window_ms': 235, 'overlap': 0.9, 'freq_low_hz': 1000, 'freq_high_hz': 3000, 'power_thresh_percentile': 89, 'mdl_beta': 1.5354478800508082}. Best is trial 138 with value: 0.5064071745134024.
[I 2026-03-11 00:01:03,238] Trial 224 finished with value: 0.4948559180028024 and parameters: {'window_ms': 235, 'overlap': 0.9, 'freq_low_hz': 1000, 'freq_high_hz': 3300, 'power_thresh_percentile': 89, 'mdl_beta': 1.7844659068663868}. Best is trial 138 with value: 0.5064071745134024.
[I 2026-03-11 00:01:05,372] Trial 225 finished with value: 0.4948559180028024 and parameters: {'window_ms': 235, 'overlap': 0.9, 'freq_low_hz': 1000, 'freq_high_hz': 3300, 'power_thresh_percentile': 89, 'mdl_beta': 1.770002724336303}. Best is trial 138 with value: 0.5064071745134024.
