[I 2026-03-10 23:49:29,001] Trial 162 finished with value: 0.45902432474944316 and parameters: {'window_ms': 235, 'overlap': 0.9, 'freq_low_hz': 1150, 'freq_high_hz': 3350, 'power_thresh_percentile': 66, 'mdl_beta': 2.394253048217881}. Best is trial 138 with value: 0.5064071745134024.
[I 2026-03-10 23:50:31,494] Trial 175 finished with value: 0.4879666704617818 and parameters: {'window_ms': 240, 'overlap': 0.9, 'freq_low_hz': 1100, 'freq_high_hz': 3700, 'power_thresh_percentile': 89, 'mdl_beta': 2.481700349558123}. Best is trial 138 with value: 0.5064071745134024.
[I 2026-03-10 23:50:59,833] Trial 176 finished with value: 0.4879666704617818 and parameters: {'window_ms': 240, 'overlap': 0.9, 'freq_low_hz': 1100, 'freq_high_hz': 3700, 'power_thresh_percentile': 89, 'mdl_beta': 0.916583094994704}. Best is trial 138 with value: 0.5064071745134024.
[I 2026-03-10 23:51:10,337] Trial 177 finished with value: 0.481715906114284 and parameters: {'window_ms': 215, 'overlap': 0.9, 'freq_low_hz': 1100, 'freq_high_hz': 3700, 'power_thresh_percentile': 89, 'mdl_beta': 1.3304936062889179}. Best is trial 138 with value: 0.5064071745134024.
[I 2026-03-10 23:51:30,988] Trial 179 finished with value: 0.4960536402275304 and parameters: {'window_ms': 215, 'overlap': 0.9, 'freq_low_hz': 1100, 'freq_high_hz': 3700, 'power_thresh_percentile': 90, 'mdl_beta': 1.6571171843143655}. Best is trial 138 with value: 0.5064071745134024.
[I 2026-03-10 23:51:31,593] Trial 166 finished with value: 0.45947479852189094 and parameters: {'window_ms': 240, 'overlap': 0.9, 'freq_low_hz': 1150, 'freq_high_hz': 3550, 'power_thresh_percentile': 66, 'mdl_beta': 2.829109526426}. Best is trial 138 with value: 0.5064071745134024.
[I 2026-03-10 23:51:56,185] Trial 178 finished with value: 0.481715906114284 and parameters: {'window_ms': 215, 'overlap': 0.9, 'freq_low_hz': 1100, 'freq_high_hz': 3700, 'power_thresh_percentile': 89, 'mdl_beta': 1.6812410468761623}. Best is trial 138 with value: 0.5064071745134024.
[I 2026-03-10 23:51:57,666] Trial 167 finished with value: 0.44823428605871646 and parameters: {'window_ms': 245, 'overlap': 0.9, 'freq_low_hz': 750, 'freq_high_hz': 3500, 'power_thresh_percentile': 66, 'mdl_beta': 1.582202324445741}. Best is trial 138 with value: 0.5064071745134024.
[I 2026-03-10 23:52:04,551] Trial 184 finished with value: 0.47040192770955686 and parameters: {'window_ms': 205, 'overlap': 0.35, 'freq_low_hz': 1050, 'freq_high_hz': 3800, 'power_thresh_percentile': 91, 'mdl_beta': 1.7494718589774771}. Best is trial 138 with value: 0.5064071745134024.
[I 2026-03-10 23:52:53,961] Trial 181 finished with value: 0.4802775129507375 and parameters: {'window_ms': 215, 'overlap': 0.9, 'freq_low_hz': 1050, 'freq_high_hz': 3400, 'power_thresh_percentile': 90, 'mdl_beta': 1.6637901747301584}. Best is trial 138 with value: 0.5064071745134024.
[I 2026-03-10 23:52:57,029] Trial 180 finished with value: 0.47307623849941727 and parameters: {'window_ms': 215, 'overlap': 0.9, 'freq_low_hz': 350, 'freq_high_hz': 3400, 'power_thresh_percentile': 90, 'mdl_beta': 1.6903569422784464}. Best is trial 138 with value: 0.5064071745134024.
[I 2026-03-10 23:52:58,214] Trial 182 finished with value: 0.49489130436871875 and parameters: {'window_ms': 230, 'overlap': 0.9, 'freq_low_hz': 1050, 'freq_high_hz': 3400, 'power_thresh_percentile': 90, 'mdl_beta': 2.0024896691864114}. Best is trial 138 with value: 0.5064071745134024.
[I 2026-03-10 23:53:07,158] Trial 187 finished with value: 0.4857367228028046 and parameters: {'window_ms': 230, 'overlap': 0.8500000000000001, 'freq_low_hz': 1050, 'freq_high_hz': 3900, 'power_thresh_percentile': 94, 'mdl_beta': 3.4280812330563366}. Best is trial 138 with value: 0.5064071745134024.
[I 2026-03-10 23:53:26,920] Trial 186 finished with value: 0.48809892371788344 and parameters: {'window_ms': 25, 'overlap': 0.8500000000000001, 'freq_low_hz': 1050, 'freq_high_hz': 4000, 'power_thresh_percentile': 91, 'mdl_beta': 2.0420424771349324}. Best is trial 138 with value: 0.5064071745134024.
[I 2026-03-10 23:53:28,149] Trial 185 finished with value: 0.48367769738853944 and parameters: {'window_ms': 205, 'overlap': 0.8500000000000001, 'freq_low_hz': 1050, 'freq_high_hz': 4000, 'power_thresh_percentile': 90, 'mdl_beta': 1.6133963171639305}. Best is trial 138 with value: 0.5064071745134024.
[I 2026-03-10 23:53:38,551] Trial 183 finished with value: 0.4891815221660167 and parameters: {'window_ms': 205, 'overlap': 0.9, 'freq_low_hz': 1050, 'freq_high_hz': 3900, 'power_thresh_percentile': 90, 'mdl_beta': 1.7483642828399617}. Best is trial 138 with value: 0.5064071745134024.
[I 2026-03-10 23:54:07,326] Trial 174 finished with value: 0.4625618440586339 and parameters: {'window_ms': 215, 'overlap': 0.9, 'freq_low_hz': 1150, 'freq_high_hz': 3650, 'power_thresh_percentile': 67, 'mdl_beta': 0.9060856187500813}. Best is trial 138 with value: 0.5064071745134024.
[I 2026-03-10 23:54:08,895] Trial 190 finished with value: 0.4799385563827904 and parameters: {'window_ms': 230, 'overlap': 0.8500000000000001, 'freq_low_hz': 1000, 'freq_high_hz': 3900, 'power_thresh_percentile': 94, 'mdl_beta': 2.0968261142376448}. Best is trial 138 with value: 0.5064071745134024.
[I 2026-03-10 23:54:39,437] Trial 188 finished with value: 0.49489130436871875 and parameters: {'window_ms': 230, 'overlap': 0.9, 'freq_low_hz': 1050, 'freq_high_hz': 3400, 'power_thresh_percentile': 90, 'mdl_beta': 2.0278334753555516}. Best is trial 138 with value: 0.5064071745134024.
[I 2026-03-10 23:55:05,089] Trial 189 finished with value: 0.4698639459533769 and parameters: {'window_ms': 230, 'overlap': 0.8500000000000001, 'freq_low_hz': 1000, 'freq_high_hz': 3900, 'power_thresh_percentile': 86, 'mdl_beta': 1.9997456868757253}. Best is trial 138 with value: 0.5064071745134024.
[I 2026-03-10 23:55:31,479] Trial 193 finished with value: 0.494870180826272 and parameters: {'window_ms': 230, 'overlap': 0.9, 'freq_low_hz': 1000, 'freq_high_hz': 3200, 'power_thresh_percentile': 88, 'mdl_beta': 2.0468019803198816}. Best is trial 138 with value: 0.5064071745134024.
[I 2026-03-10 23:55:48,405] Trial 196 finished with value: 0.4870384688997244 and parameters: {'window_ms': 220, 'overlap': 0.9, 'freq_low_hz': 1100, 'freq_high_hz': 3800, 'power_thresh_percentile': 93, 'mdl_beta': 1.3635886788521638}. Best is trial 138 with value: 0.5064071745134024.
[I 2026-03-10 23:55:48,911] Trial 191 finished with value: 0.4916961604067948 and parameters: {'window_ms': 230, 'overlap': 0.9, 'freq_low_hz': 1000, 'freq_high_hz': 3400, 'power_thresh_percentile': 86, 'mdl_beta': 2.0573277045911746}. Best is trial 138 with value: 0.5064071745134024.
[I 2026-03-10 23:56:03,118] Trial 192 finished with value: 0.4916961604067948 and parameters: {'window_ms': 230, 'overlap': 0.9, 'freq_low_hz': 1000, 'freq_high_hz': 3400, 'power_thresh_percentile': 86, 'mdl_beta': 1.976655370493404}. Best is trial 138 with value: 0.5064071745134024.
[I 2026-03-10 23:56:34,434] Trial 195 finished with value: 0.4908837067880589 and parameters: {'window_ms': 230, 'overlap': 0.9, 'freq_low_hz': 1000, 'freq_high_hz': 3900, 'power_thresh_percentile': 88, 'mdl_beta': 1.3247307552937249}. Best is trial 138 with value: 0.5064071745134024.
[I 2026-03-10 23:56:36,052] Trial 194 finished with value: 0.46299556454610435 and parameters: {'window_ms': 220, 'overlap': 0.9, 'freq_low_hz': 1000, 'freq_high_hz': 3900, 'power_thresh_percentile': 86, 'mdl_beta': 1.0214196920834777}. Best is trial 138 with value: 0.5064071745134024.
[I 2026-03-10 23:56:54,069] Trial 198 finished with value: 0.4776887434115878 and parameters: {'window_ms': 220, 'overlap': 0.9, 'freq_low_hz': 1100, 'freq_high_hz': 3400, 'power_thresh_percentile': 88, 'mdl_beta': 1.37376318793624}. Best is trial 138 with value: 0.5064071745134024.
[I 2026-03-10 23:56:56,565] Trial 197 finished with value: 0.4916961604067948 and parameters: {'window_ms': 230, 'overlap': 0.9, 'freq_low_hz': 1000, 'freq_high_hz': 3400, 'power_thresh_percentile': 86, 'mdl_beta': 1.3471054526580826}. Best is trial 138 with value: 0.5064071745134024.
[I 2026-03-10 23:57:10,306] Trial 199 finished with value: 0.4935452885295663 and parameters: {'window_ms': 220, 'overlap': 0.9, 'freq_low_hz': 1000, 'freq_high_hz': 3200, 'power_thresh_percentile': 88, 'mdl_beta': 1.392514513852384}. Best is trial 138 with value: 0.5064071745134024.
[I 2026-03-10 23:57:19,184] Trial 201 finished with value: 0.4935452885295663 and parameters: {'window_ms': 220, 'overlap': 0.9, 'freq_low_hz': 1000, 'freq_high_hz': 3200, 'power_thresh_percentile': 88, 'mdl_beta': 1.8915085638659375}. Best is trial 138 with value: 0.5064071745134024.
[I 2026-03-10 23:57:27,149] Trial 200 finished with value: 0.49881411237598605 and parameters: {'window_ms': 230, 'overlap': 0.9, 'freq_low_hz': 1000, 'freq_high_hz': 3400, 'power_thresh_percentile': 88, 'mdl_beta': 1.2928251569446478}. Best is trial 138 with value: 0.5064071745134024.
GMDA: Selected 75523 TF points.
GMDA: Selected 75523 TF points.
GMDA: Selected 75523 TF points.
GMDA: Selected 75523 TF points.
GMDA: Selected 75523 TF points.
GMDA: Selected 75523 TF points.
GMDA: Selected 75523 TF points.
GMDA: Selected 75523 TF points.
GMDA: Selected 75523 TF points.
GMDA: Selected 75523 TF points.
GMDA: Selected 75523 TF points.
GMDA: Selected 75523 TF points.
GMDA: Selected 75523 TF points.
GMDA: Selected 25377 TF points.
GMDA: Selected 25377 TF points.
GMDA: Selected 25377 TF points.
GMDA: Selected 25377 TF points.
GMDA: Selected 25377 TF points.
GMDA: Selected 25377 TF points.
GMDA: Selected 25377 TF points.
GMDA: Selected 25377 TF points.
GMDA: Selected 25377 TF points.
GMDA: Selected 25377 TF points.
GMDA: Selected 25377 TF points.
GMDA: Selected 25377 TF points.
GMDA: Selected 25377 TF points.
GMDA: Selected 25377 TF points.
GMDA: Selected 25377 TF points.
GMDA: Selected 25377 TF points.
GMDA: Selected 19869 TF points.
GMDA: Selected 19869 TF points.
GMDA: Selected 19869 TF points.
GMDA: Selected 19869 TF points.
GMDA: Selected 19869 TF points.
GMDA: Selected 19869 TF points.
GMDA: Selected 19869 TF points.
GMDA: Selected 19869 TF points.
GMDA: Selected 19869 TF points.
GMDA: Selected 19869 TF points.
GMDA: Selected 19869 TF points.
GMDA: Selected 19869 TF points.
GMDA: Selected 19869 TF points.
GMDA: Selected 19869 TF points.
GMDA: Selected 19869 TF points.
GMDA: Selected 19869 TF points.
GMDA: Selected 20014 TF points.
GMDA: Selected 20014 TF points.
GMDA: Selected 20014 TF points.
GMDA: Selected 20014 TF points.
GMDA: Selected 20014 TF points.
GMDA: Selected 20014 TF points.
GMDA: Selected 20014 TF points.
GMDA: Selected 20014 TF points.
GMDA: Selected 20014 TF points.
GMDA: Selected 20014 TF points.
GMDA: Selected 20014 TF points.
GMDA: Selected 20014 TF points.
GMDA: Selected 20014 TF points.
GMDA: Selected 20014 TF points.
GMDA: Selected 20014 TF points.
GMDA: Selected 20014 TF points.
GMDA: Selected 5058 TF points.
GMDA: Selected 5058 TF points.
GMDA: Selected 5058 TF points.
GMDA: Selected 5058 TF points.
GMDA: Selected 5058 TF points.
GMDA: Selected 5058 TF points.
GMDA: Selected 5058 TF points.
GMDA: Selected 5058 TF points.
GMDA: Selected 5058 TF points.
GMDA: Selected 5058 TF points.
GMDA: Selected 5058 TF points.
GMDA: Selected 5058 TF points.
GMDA: Selected 5058 TF points.
GMDA: Selected 5058 TF points.
GMDA: Selected 5058 TF points.
GMDA: Selected 5058 TF points.
GMDA: Selected 24127 TF points.
GMDA: Selected 24127 TF points.
GMDA: Selected 24127 TF points.
GMDA: Selected 24127 TF points.
GMDA: Selected 24127 TF points.
GMDA: Selected 24127 TF points.
GMDA: Selected 24127 TF points.
GMDA: Selected 24127 TF points.
GMDA: Selected 24127 TF points.
GMDA: Selected 24127 TF points.
GMDA: Selected 24127 TF points.
GMDA: Selected 24127 TF points.
GMDA: Selected 24127 TF points.
GMDA: Selected 24127 TF points.
GMDA: Selected 24127 TF points.
GMDA: Selected 24127 TF points.
GMDA: Selected 26491 TF points.
GMDA: Selected 26491 TF points.
GMDA: Selected 26491 TF points.
GMDA: Selected 26491 TF points.
GMDA: Selected 26491 TF points.
GMDA: Selected 26491 TF points.
GMDA: Selected 26491 TF points.
GMDA: Selected 26491 TF points.
GMDA: Selected 26491 TF points.
GMDA: Selected 26491 TF points.
GMDA: Selected 26491 TF points.
GMDA: Selected 26491 TF points.
GMDA: Selected 26491 TF points.
GMDA: Selected 26491 TF points.
GMDA: Selected 26491 TF points.
GMDA: Selected 26491 TF points.
GMDA: Selected 20499 TF points.
GMDA: Selected 20499 TF points.
GMDA: Selected 20499 TF points.
GMDA: Selected 20499 TF points.
GMDA: Selected 20499 TF points.
GMDA: Selected 20499 TF points.
GMDA: Selected 20499 TF points.
GMDA: Selected 20499 TF points.
GMDA: Selected 20499 TF points.
GMDA: Selected 20499 TF points.
GMDA: Selected 20499 TF points.
GMDA: Selected 20499 TF points.
GMDA: Selected 20499 TF points.
GMDA: Selected 20499 TF points.
GMDA: Selected 20499 TF points.
GMDA: Selected 20499 TF points.
GMDA: Selected 12074 TF points.
GMDA: Selected 12074 TF points.
GMDA: Selected 12074 TF points.
GMDA: Selected 12074 TF points.
GMDA: Selected 12074 TF points.
GMDA: Selected 12074 TF points.
GMDA: Selected 12074 TF points.
GMDA: Selected 12074 TF points.
GMDA: Selected 12074 TF points.
GMDA: Selected 12074 TF points.
GMDA: Selected 12074 TF points.
GMDA: Selected 12074 TF points.
GMDA: Selected 12074 TF points.
GMDA: Selected 12074 TF points.
GMDA: Selected 12074 TF points.
GMDA: Selected 12074 TF points.
GMDA: Selected 24284 TF points.
GMDA: Selected 24284 TF points.
GMDA: Selected 24284 TF points.
GMDA: Selected 24284 TF points.
GMDA: Selected 24284 TF points.
GMDA: Selected 24284 TF points.
GMDA: Selected 24284 TF points.
GMDA: Selected 24284 TF points.
GMDA: Selected 24284 TF points.
GMDA: Selected 24284 TF points.
GMDA: Selected 24284 TF points.
GMDA: Selected 24284 TF points.
GMDA: Selected 24284 TF points.
GMDA: Selected 24284 TF points.
GMDA: Selected 24284 TF points.
GMDA: Selected 24284 TF points.
GMDA: Selected 27634 TF points.
GMDA: Selected 27634 TF points.
GMDA: Selected 27634 TF points.
GMDA: Selected 27634 TF points.
GMDA: Selected 27634 TF points.
GMDA: Selected 27634 TF points.
GMDA: Selected 27634 TF points.
GMDA: Selected 27634 TF points.
GMDA: Selected 27634 TF points.
GMDA: Selected 27634 TF points.
GMDA: Selected 27634 TF points.
GMDA: Selected 27634 TF points.
GMDA: Selected 27634 TF points.
GMDA: Selected 27634 TF points.
GMDA: Selected 27634 TF points.
GMDA: Selected 27634 TF points.
GMDA: Selected 19262 TF points.
GMDA: Selected 19262 TF points.
GMDA: Selected 19262 TF points.
GMDA: Selected 19262 TF points.
GMDA: Selected 19262 TF points.
GMDA: Selected 19262 TF points.
GMDA: Selected 19262 TF points.
GMDA: Selected 19262 TF points.
GMDA: Selected 19262 TF points.
GMDA: Selected 19262 TF points.
GMDA: Selected 19262 TF points.
GMDA: Selected 19262 TF points.
GMDA: Selected 19262 TF points.
GMDA: Selected 19262 TF points.
GMDA: Selected 19262 TF points.
GMDA: Selected 19262 TF points.
GMDA: Selected 28716 TF points.
GMDA: Selected 28716 TF points.
GMDA: Selected 28716 TF points.
GMDA: Selected 28716 TF points.
GMDA: Selected 28716 TF points.
GMDA: Selected 28716 TF points.
GMDA: Selected 28716 TF points.
GMDA: Selected 28716 TF points.
GMDA: Selected 28716 TF points.
GMDA: Selected 28716 TF points.
GMDA: Selected 28716 TF points.
GMDA: Selected 28716 TF points.
GMDA: Selected 28716 TF points.
GMDA: Selected 28716 TF points.
GMDA: Selected 28716 TF points.
GMDA: Selected 28716 TF points.
GMDA: Selected 19784 TF points.
GMDA: Selected 19784 TF points.
GMDA: Selected 19784 TF points.
GMDA: Selected 19784 TF points.
GMDA: Selected 19784 TF points.
GMDA: Selected 19784 TF points.
GMDA: Selected 19784 TF points.
GMDA: Selected 19784 TF points.
GMDA: Selected 19784 TF points.
GMDA: Selected 19784 TF points.
GMDA: Selected 19784 TF points.
GMDA: Selected 19784 TF points.
GMDA: Selected 19784 TF points.
GMDA: Selected 19784 TF points.
GMDA: Selected 19784 TF points.
GMDA: Selected 19784 TF points.
GMDA: Selected 26527 TF points.
GMDA: Selected 26527 TF points.
GMDA: Selected 26527 TF points.
GMDA: Selected 26527 TF points.
GMDA: Selected 26527 TF points.
GMDA: Selected 26527 TF points.
GMDA: Selected 26527 TF points.
GMDA: Selected 26527 TF points.
GMDA: Selected 26527 TF points.
GMDA: Selected 26527 TF points.
GMDA: Selected 26527 TF points.
GMDA: Selected 26527 TF points.
GMDA: Selected 26527 TF points.
GMDA: Selected 26527 TF points.
GMDA: Selected 26527 TF points.
GMDA: Selected 26527 TF points.
GMDA: Selected 26485 TF points.
GMDA: Selected 26485 TF points.
GMDA: Selected 26485 TF points.
GMDA: Selected 26485 TF points.
GMDA: Selected 26485 TF points.
GMDA: Selected 26485 TF points.
GMDA: Selected 26485 TF points.
GMDA: Selected 26485 TF points.
GMDA: Selected 26485 TF points.
GMDA: Selected 26485 TF points.
GMDA: Selected 26485 TF points.
GMDA: Selected 26485 TF points.
GMDA: Selected 26485 TF points.
GMDA: Selected 26485 TF points.
GMDA: Selected 26485 TF points.
GMDA: Selected 26485 TF points.
GMDA: Selected 30948 TF points.
GMDA: Selected 30948 TF points.
GMDA: Selected 30948 TF points.
GMDA: Selected 30948 TF points.[I 2026-03-10 23:57:43,530] Trial 202 finished with value: 0.4885820431225449 and parameters: {'window_ms': 230, 'overlap': 0.9, 'freq_low_hz': 1000, 'freq_high_hz': 3200, 'power_thresh_percentile': 86, 'mdl_beta': 2.2199674277106043}. Best is trial 138 with value: 0.5064071745134024.
[I 2026-03-10 23:58:06,183] Trial 204 finished with value: 0.49537831665540477 and parameters: {'window_ms': 230, 'overlap': 0.9, 'freq_low_hz': 950, 'freq_high_hz': 3400, 'power_thresh_percentile': 88, 'mdl_beta': 2.153747787061198}. Best is trial 138 with value: 0.5064071745134024.
[I 2026-03-10 23:58:13,732] Trial 203 finished with value: 0.48827440225886715 and parameters: {'window_ms': 230, 'overlap': 0.9, 'freq_low_hz': 950, 'freq_high_hz': 3200, 'power_thresh_percentile': 86, 'mdl_beta': 2.141913517843673}. Best is trial 138 with value: 0.5064071745134024.
[I 2026-03-10 23:58:24,555] Trial 205 finished with value: 0.4885820431225449 and parameters: {'window_ms': 230, 'overlap': 0.9, 'freq_low_hz': 1000, 'freq_high_hz': 3200, 'power_thresh_percentile': 86, 'mdl_beta': 1.9173006351430586}. Best is trial 138 with value: 0.5064071745134024.
[I 2026-03-10 23:58:28,582] Trial 206 finished with value: 0.48827440225886715 and parameters: {'window_ms': 230, 'overlap': 0.9, 'freq_low_hz': 950, 'freq_high_hz': 3200, 'power_thresh_percentile': 86, 'mdl_beta': 2.1984461433501425}. Best is trial 138 with value: 0.5064071745134024.
[I 2026-03-10 23:58:39,084] Trial 207 finished with value: 0.4885820431225449 and parameters: {'window_ms': 230, 'overlap': 0.9, 'freq_low_hz': 1000, 'freq_high_hz': 3200, 'power_thresh_percentile': 86, 'mdl_beta': 2.148276106826665}. Best is trial 138 with value: 0.5064071745134024.
[I 2026-03-10 23:58:48,206] Trial 209 finished with value: 0.49284610528781964 and parameters: {'window_ms': 230, 'overlap': 0.9, 'freq_low_hz': 1000, 'freq_high_hz': 3200, 'power_thresh_percentile': 87, 'mdl_beta': 1.9195933720622467}. Best is trial 138 with value: 0.5064071745134024.
