[I 2026-03-10 23:00:29,344] A new study created in RDB with name: respeaker_v3_gmda
[I 2026-03-10 23:01:12,531] Trial 1 finished with value: 0.46815512962948697 and parameters: {'window_ms': 200, 'overlap': 0.75, 'freq_low_hz': 800, 'freq_high_hz': 1600, 'power_thresh_percentile': 83, 'mdl_beta': 7.61147238727013}. Best is trial 1 with value: 0.46815512962948697.
[I 2026-03-10 23:01:21,848] Trial 7 finished with value: 0.47132453230645993 and parameters: {'window_ms': 185, 'overlap': 0.65, 'freq_low_hz': 1050, 'freq_high_hz': 5700, 'power_thresh_percentile': 94, 'mdl_beta': 7.791705371976339}. Best is trial 7 with value: 0.47132453230645993.
[I 2026-03-10 23:01:24,851] Trial 6 finished with value: 0.46384246445619526 and parameters: {'window_ms': 55, 'overlap': 0.45, 'freq_low_hz': 600, 'freq_high_hz': 1900, 'power_thresh_percentile': 59, 'mdl_beta': 5.7707068269066}. Best is trial 7 with value: 0.47132453230645993.
[I 2026-03-10 23:01:26,042] Trial 0 finished with value: 0.45643495884428 and parameters: {'window_ms': 30, 'overlap': 0.5, 'freq_low_hz': 500, 'freq_high_hz': 3000, 'power_thresh_percentile': 80, 'mdl_beta': 3.0}. Best is trial 7 with value: 0.47132453230645993.
[I 2026-03-10 23:01:45,155] Trial 3 finished with value: 0.4422402938224671 and parameters: {'window_ms': 240, 'overlap': 0.3, 'freq_low_hz': 950, 'freq_high_hz': 3900, 'power_thresh_percentile': 68, 'mdl_beta': 6.855193101176026}. Best is trial 7 with value: 0.47132453230645993.
[I 2026-03-10 23:01:54,654] Trial 9 finished with value: 0.4710640755832419 and parameters: {'window_ms': 225, 'overlap': 0.25, 'freq_low_hz': 600, 'freq_high_hz': 4000, 'power_thresh_percentile': 91, 'mdl_beta': 6.557954306883772}. Best is trial 7 with value: 0.47132453230645993.
[I 2026-03-10 23:01:56,079] Trial 2 finished with value: 0.45963107595676067 and parameters: {'window_ms': 180, 'overlap': 0.65, 'freq_low_hz': 400, 'freq_high_hz': 2800, 'power_thresh_percentile': 76, 'mdl_beta': 1.7418722277618732}. Best is trial 7 with value: 0.47132453230645993.
[I 2026-03-10 23:02:19,507] Trial 8 finished with value: 0.47769944377809287 and parameters: {'window_ms': 230, 'overlap': 0.65, 'freq_low_hz': 650, 'freq_high_hz': 4900, 'power_thresh_percentile': 91, 'mdl_beta': 3.2940144720004834}. Best is trial 8 with value: 0.47769944377809287.
[I 2026-03-10 23:02:30,000] Trial 14 finished with value: 0.46377306286221265 and parameters: {'window_ms': 105, 'overlap': 0.65, 'freq_low_hz': 950, 'freq_high_hz': 1900, 'power_thresh_percentile': 85, 'mdl_beta': 5.984105711319946}. Best is trial 8 with value: 0.47769944377809287.
[I 2026-03-10 23:02:35,955] Trial 4 finished with value: 0.43821119643421175 and parameters: {'window_ms': 145, 'overlap': 0.55, 'freq_low_hz': 200, 'freq_high_hz': 3500, 'power_thresh_percentile': 64, 'mdl_beta': 5.9050084186402785}. Best is trial 8 with value: 0.47769944377809287.
[I 2026-03-10 23:02:51,544] Trial 12 finished with value: 0.46021746442218836 and parameters: {'window_ms': 85, 'overlap': 0.45, 'freq_low_hz': 150, 'freq_high_hz': 2100, 'power_thresh_percentile': 66, 'mdl_beta': 6.44708383442273}. Best is trial 8 with value: 0.47769944377809287.
[I 2026-03-10 23:02:56,299] Trial 11 finished with value: 0.4674544609112658 and parameters: {'window_ms': 215, 'overlap': 0.75, 'freq_low_hz': 900, 'freq_high_hz': 4200, 'power_thresh_percentile': 87, 'mdl_beta': 0.6432378128687841}. Best is trial 8 with value: 0.47769944377809287.
[I 2026-03-10 23:03:02,894] Trial 5 finished with value: 0.44683148492082697 and parameters: {'window_ms': 95, 'overlap': 0.6000000000000001, 'freq_low_hz': 1050, 'freq_high_hz': 4300, 'power_thresh_percentile': 62, 'mdl_beta': 3.9039231091297997}. Best is trial 8 with value: 0.47769944377809287.
[I 2026-03-10 23:03:04,330] Trial 10 finished with value: 0.4415168989786748 and parameters: {'window_ms': 95, 'overlap': 0.35, 'freq_low_hz': 100, 'freq_high_hz': 5200, 'power_thresh_percentile': 74, 'mdl_beta': 2.954064880290627}. Best is trial 8 with value: 0.47769944377809287.
[I 2026-03-10 23:03:13,960] Trial 13 finished with value: 0.4543661277440762 and parameters: {'window_ms': 15, 'overlap': 0.3, 'freq_low_hz': 750, 'freq_high_hz': 4600, 'power_thresh_percentile': 72, 'mdl_beta': 1.2550616830386445}. Best is trial 8 with value: 0.47769944377809287.
/home/mkeller/mkeller/signal-processing-research/localization/tuning/run_optuna_respeaker_v3.py:97: UserWarning: The distribution is specified by [1550, 6000] and step=100, but the range is not divisible by `step`. It will be replaced with [1550, 5950].
  freq_high_hz = trial.suggest_int("freq_high_hz", min_high, 6000, step=100)
[I 2026-03-10 23:03:32,336] Trial 18 finished with value: 0.4856167812823177 and parameters: {'window_ms': 160, 'overlap': 0.8500000000000001, 'freq_low_hz': 1200, 'freq_high_hz': 5500, 'power_thresh_percentile': 98, 'mdl_beta': 4.208579986133672}. Best is trial 18 with value: 0.4856167812823177.
/home/mkeller/mkeller/signal-processing-research/localization/tuning/run_optuna_respeaker_v3.py:97: UserWarning: The distribution is specified by [1550, 6000] and step=100, but the range is not divisible by `step`. It will be replaced with [1550, 5950].
  freq_high_hz = trial.suggest_int("freq_high_hz", min_high, 6000, step=100)
[I 2026-03-10 23:03:37,091] Trial 19 finished with value: 0.48773572958160927 and parameters: {'window_ms': 160, 'overlap': 0.8500000000000001, 'freq_low_hz': 1200, 'freq_high_hz': 5600, 'power_thresh_percentile': 98, 'mdl_beta': 4.232122446936655}. Best is trial 19 with value: 0.48773572958160927.
/home/mkeller/mkeller/signal-processing-research/localization/tuning/run_optuna_respeaker_v3.py:97: UserWarning: The distribution is specified by [1550, 6000] and step=100, but the range is not divisible by `step`. It will be replaced with [1550, 5950].
  freq_high_hz = trial.suggest_int("freq_high_hz", min_high, 6000, step=100)
[I 2026-03-10 23:04:03,375] Trial 20 finished with value: 0.47422429858157766 and parameters: {'window_ms': 165, 'overlap': 0.9, 'freq_low_hz': 750, 'freq_high_hz': 5700, 'power_thresh_percentile': 98, 'mdl_beta': 4.637775986479264}. Best is trial 19 with value: 0.48773572958160927.
/home/mkeller/mkeller/signal-processing-research/localization/tuning/run_optuna_respeaker_v3.py:97: UserWarning: The distribution is specified by [1550, 6000] and step=100, but the range is not divisible by `step`. It will be replaced with [1550, 5950].
  freq_high_hz = trial.suggest_int("freq_high_hz", min_high, 6000, step=100)
[I 2026-03-10 23:04:07,508] Trial 21 finished with value: 0.4857550602857163 and parameters: {'window_ms': 170, 'overlap': 0.9, 'freq_low_hz': 1200, 'freq_high_hz': 6000, 'power_thresh_percentile': 98, 'mdl_beta': 4.417677286041742}. Best is trial 19 with value: 0.48773572958160927.
[I 2026-03-10 23:04:29,926] Trial 23 finished with value: 0.4803975587920463 and parameters: {'window_ms': 150, 'overlap': 0.9, 'freq_low_hz': 1150, 'freq_high_hz': 5850, 'power_thresh_percentile': 98, 'mdl_beta': 4.661145981637966}. Best is trial 19 with value: 0.48773572958160927.
[I 2026-03-10 23:04:31,371] Trial 15 finished with value: 0.4408199529216006 and parameters: {'window_ms': 185, 'overlap': 0.6000000000000001, 'freq_low_hz': 950, 'freq_high_hz': 3900, 'power_thresh_percentile': 63, 'mdl_beta': 2.3918442840152867}. Best is trial 19 with value: 0.48773572958160927.
[I 2026-03-10 23:04:36,769] Trial 22 finished with value: 0.4712158444494229 and parameters: {'window_ms': 170, 'overlap': 0.9, 'freq_low_hz': 1150, 'freq_high_hz': 5950, 'power_thresh_percentile': 97, 'mdl_beta': 4.844926362792499}. Best is trial 19 with value: 0.48773572958160927.
[I 2026-03-10 23:05:59,782] Trial 16 finished with value: 0.46178689031862996 and parameters: {'window_ms': 75, 'overlap': 0.8500000000000001, 'freq_low_hz': 350, 'freq_high_hz': 2300, 'power_thresh_percentile': 63, 'mdl_beta': 3.6487181573279064}. Best is trial 19 with value: 0.48773572958160927.
[I 2026-03-10 23:11:54,711] Trial 28 finished with value: 0.4534106335473232 and parameters: {'window_ms': 130, 'overlap': 0.8, 'freq_low_hz': 1200, 'freq_high_hz': 5300, 'power_thresh_percentile': 52, 'mdl_beta': 5.02012275397297}. Best is trial 19 with value: 0.48773572958160927.
[I 2026-03-10 23:12:13,592] Trial 29 finished with value: 0.4554599800857575 and parameters: {'window_ms': 125, 'overlap': 0.8, 'freq_low_hz': 1200, 'freq_high_hz': 5300, 'power_thresh_percentile': 50, 'mdl_beta': 3.8376507232513295}. Best is trial 19 with value: 0.48773572958160927.
[I 2026-03-10 23:12:20,491] Trial 17 finished with value: 0.45542908079044203 and parameters: {'window_ms': 120, 'overlap': 0.8500000000000001, 'freq_low_hz': 1200, 'freq_high_hz': 5300, 'power_thresh_percentile': 52, 'mdl_beta': 0.6974898041666324}. Best is trial 19 with value: 0.48773572958160927.
[I 2026-03-10 23:12:41,888] Trial 26 finished with value: 0.46536658778154744 and parameters: {'window_ms': 130, 'overlap': 0.8, 'freq_low_hz': 1200, 'freq_high_hz': 6000, 'power_thresh_percentile': 51, 'mdl_beta': 4.9478103867868795}. Best is trial 19 with value: 0.48773572958160927.
[I 2026-03-10 23:13:04,225] Trial 27 finished with value: 0.46550007951081285 and parameters: {'window_ms': 115, 'overlap': 0.8, 'freq_low_hz': 1100, 'freq_high_hz': 6000, 'power_thresh_percentile': 52, 'mdl_beta': 5.177678017471965}. Best is trial 19 with value: 0.48773572958160927.
[I 2026-03-10 23:13:11,553] Trial 30 finished with value: 0.45546975148992436 and parameters: {'window_ms': 125, 'overlap': 0.8, 'freq_low_hz': 1200, 'freq_high_hz': 5300, 'power_thresh_percentile': 51, 'mdl_beta': 5.242675249088963}. Best is trial 19 with value: 0.48773572958160927.
[I 2026-03-10 23:13:23,758] Trial 32 finished with value: 0.47450982143908504 and parameters: {'window_ms': 145, 'overlap': 0.75, 'freq_low_hz': 1100, 'freq_high_hz': 4900, 'power_thresh_percentile': 90, 'mdl_beta': 5.312637576009493}. Best is trial 19 with value: 0.48773572958160927.
[I 2026-03-10 23:13:28,241] Trial 33 finished with value: 0.481614791068956 and parameters: {'window_ms': 150, 'overlap': 0.75, 'freq_low_hz': 1050, 'freq_high_hz': 4900, 'power_thresh_percentile': 91, 'mdl_beta': 5.351182494090239}. Best is trial 19 with value: 0.48773572958160927.
[I 2026-03-10 23:13:28,580] Trial 31 finished with value: 0.4740848153107378 and parameters: {'window_ms': 140, 'overlap': 0.8, 'freq_low_hz': 1100, 'freq_high_hz': 5300, 'power_thresh_percentile': 90, 'mdl_beta': 4.246998585477411}. Best is trial 19 with value: 0.48773572958160927.
[I 2026-03-10 23:13:55,445] Trial 34 finished with value: 0.4744253968044967 and parameters: {'window_ms': 155, 'overlap': 0.75, 'freq_low_hz': 1050, 'freq_high_hz': 4800, 'power_thresh_percentile': 90, 'mdl_beta': 4.195399310541269}. Best is trial 19 with value: 0.48773572958160927.
[I 2026-03-10 23:13:56,433] Trial 37 finished with value: 0.47840528476832106 and parameters: {'window_ms': 205, 'overlap': 0.7, 'freq_low_hz': 850, 'freq_high_hz': 3400, 'power_thresh_percentile': 94, 'mdl_beta': 2.719990036806907}. Best is trial 19 with value: 0.48773572958160927.
[I 2026-03-10 23:14:13,761] Trial 36 finished with value: 0.4837528496102265 and parameters: {'window_ms': 205, 'overlap': 0.7, 'freq_low_hz': 1050, 'freq_high_hz': 4800, 'power_thresh_percentile': 90, 'mdl_beta': 2.7025112956825663}. Best is trial 19 with value: 0.48773572958160927.
[I 2026-03-10 23:14:22,969] Trial 35 finished with value: 0.476169520549348 and parameters: {'window_ms': 150, 'overlap': 0.75, 'freq_low_hz': 1000, 'freq_high_hz': 4800, 'power_thresh_percentile': 90, 'mdl_beta': 4.254522086765206}. Best is trial 19 with value: 0.48773572958160927.
[I 2026-03-10 23:14:47,112] Trial 38 finished with value: 0.47878936867469934 and parameters: {'window_ms': 160, 'overlap': 0.8500000000000001, 'freq_low_hz': 1050, 'freq_high_hz': 5600, 'power_thresh_percentile': 94, 'mdl_beta': 4.3852269372493}. Best is trial 19 with value: 0.48773572958160927.
[I 2026-03-10 23:14:51,902] Trial 39 finished with value: 0.4794295899685902 and parameters: {'window_ms': 205, 'overlap': 0.8500000000000001, 'freq_low_hz': 1000, 'freq_high_hz': 5600, 'power_thresh_percentile': 94, 'mdl_beta': 4.198035736502242}. Best is trial 19 with value: 0.48773572958160927.
[I 2026-03-10 23:15:13,290] Trial 41 finished with value: 0.4726944674250159 and parameters: {'window_ms': 195, 'overlap': 0.8500000000000001, 'freq_low_hz': 1000, 'freq_high_hz': 5600, 'power_thresh_percentile': 95, 'mdl_beta': 3.539268733647933}. Best is trial 19 with value: 0.48773572958160927.
[I 2026-03-10 23:15:19,641] Trial 40 finished with value: 0.47869576482075155 and parameters: {'window_ms': 200, 'overlap': 0.8500000000000001, 'freq_low_hz': 1000, 'freq_high_hz': 5600, 'power_thresh_percentile': 94, 'mdl_beta': 3.4547287047037814}. Best is trial 19 with value: 0.48773572958160927.
[I 2026-03-10 23:16:39,754] Trial 47 finished with value: 0.4701738292719361 and parameters: {'window_ms': 175, 'overlap': 0.55, 'freq_low_hz': 450, 'freq_high_hz': 4500, 'power_thresh_percentile': 83, 'mdl_beta': 2.2348710425982294}. Best is trial 19 with value: 0.48773572958160927.
/home/mkeller/mkeller/signal-processing-research/localization/tuning/run_optuna_respeaker_v3.py:97: UserWarning: The distribution is specified by [1550, 6000] and step=100, but the range is not divisible by `step`. It will be replaced with [1550, 5950].
  freq_high_hz = trial.suggest_int("freq_high_hz", min_high, 6000, step=100)
[I 2026-03-10 23:17:13,793] Trial 46 finished with value: 0.4749405231474169 and parameters: {'window_ms': 250, 'overlap': 0.7, 'freq_low_hz': 1150, 'freq_high_hz': 4550, 'power_thresh_percentile': 78, 'mdl_beta': 2.09359002858299}. Best is trial 19 with value: 0.48773572958160927.
[I 2026-03-10 23:17:18,030] Trial 44 finished with value: 0.4740406209928754 and parameters: {'window_ms': 195, 'overlap': 0.7, 'freq_low_hz': 850, 'freq_high_hz': 5600, 'power_thresh_percentile': 81, 'mdl_beta': 1.9493666292898295}. Best is trial 19 with value: 0.48773572958160927.
[I 2026-03-10 23:18:02,286] Trial 25 finished with value: 0.46021940379264326 and parameters: {'window_ms': 135, 'overlap': 0.9, 'freq_low_hz': 1150, 'freq_high_hz': 5250, 'power_thresh_percentile': 53, 'mdl_beta': 4.7031167173124935}. Best is trial 19 with value: 0.48773572958160927.
[I 2026-03-10 23:18:11,883] Trial 48 finished with value: 0.48177986826948055 and parameters: {'window_ms': 185, 'overlap': 0.7, 'freq_low_hz': 1150, 'freq_high_hz': 4950, 'power_thresh_percentile': 87, 'mdl_beta': 7.172696291683461}. Best is trial 19 with value: 0.48773572958160927.
[I 2026-03-10 23:18:27,495] Trial 42 finished with value: 0.4805935036429192 and parameters: {'window_ms': 200, 'overlap': 0.8500000000000001, 'freq_low_hz': 1000, 'freq_high_hz': 5600, 'power_thresh_percentile': 82, 'mdl_beta': 2.405393012878602}. Best is trial 19 with value: 0.48773572958160927.
[I 2026-03-10 23:18:55,164] Trial 43 finished with value: 0.47309220186142414 and parameters: {'window_ms': 195, 'overlap': 0.8500000000000001, 'freq_low_hz': 850, 'freq_high_hz': 5700, 'power_thresh_percentile': 81, 'mdl_beta': 1.8704012485857753}. Best is trial 19 with value: 0.48773572958160927.
[I 2026-03-10 23:18:56,712] Trial 49 finished with value: 0.47403991839016196 and parameters: {'window_ms': 185, 'overlap': 0.7, 'freq_low_hz': 1100, 'freq_high_hz': 5100, 'power_thresh_percentile': 86, 'mdl_beta': 3.0095839282323307}. Best is trial 19 with value: 0.48773572958160927.
[I 2026-03-10 23:19:19,645] Trial 52 finished with value: 0.46784189784319496 and parameters: {'window_ms': 220, 'overlap': 0.5, 'freq_low_hz': 1100, 'freq_high_hz': 5100, 'power_thresh_percentile': 86, 'mdl_beta': 7.597511573680929}. Best is trial 19 with value: 0.48773572958160927.
[I 2026-03-10 23:19:24,651] Trial 55 finished with value: 0.4572334218305529 and parameters: {'window_ms': 220, 'overlap': 0.45, 'freq_low_hz': 250, 'freq_high_hz': 4200, 'power_thresh_percentile': 96, 'mdl_beta': 7.210305918632191}. Best is trial 19 with value: 0.48773572958160927.
[I 2026-03-10 23:19:35,243] Trial 53 finished with value: 0.4745341017421698 and parameters: {'window_ms': 220, 'overlap': 0.5, 'freq_low_hz': 1100, 'freq_high_hz': 5100, 'power_thresh_percentile': 85, 'mdl_beta': 7.382240762149643}. Best is trial 19 with value: 0.48773572958160927.
/home/mkeller/mkeller/signal-processing-research/localization/tuning/run_optuna_respeaker_v3.py:97: UserWarning: The distribution is specified by [1550, 6000] and step=100, but the range is not divisible by `step`. It will be replaced with [1550, 5950].
  freq_high_hz = trial.suggest_int("freq_high_hz", min_high, 6000, step=100)
[I 2026-03-10 23:19:37,994] Trial 51 finished with value: 0.48167244422903 and parameters: {'window_ms': 185, 'overlap': 0.7, 'freq_low_hz': 1100, 'freq_high_hz': 5000, 'power_thresh_percentile': 87, 'mdl_beta': 5.607416085424162}. Best is trial 19 with value: 0.48773572958160927.
[I 2026-03-10 23:19:56,073] Trial 56 finished with value: 0.4571923448224844 and parameters: {'window_ms': 230, 'overlap': 0.6000000000000001, 'freq_low_hz': 250, 'freq_high_hz': 3600, 'power_thresh_percentile': 96, 'mdl_beta': 7.440494564633602}. Best is trial 19 with value: 0.48773572958160927.
[I 2026-03-10 23:20:00,269] Trial 54 finished with value: 0.46784189784319496 and parameters: {'window_ms': 220, 'overlap': 0.5, 'freq_low_hz': 1100, 'freq_high_hz': 5100, 'power_thresh_percentile': 86, 'mdl_beta': 7.376986575581503}. Best is trial 19 with value: 0.48773572958160927.
[I 2026-03-10 23:20:00,543] Trial 45 finished with value: 0.4632360855083004 and parameters: {'window_ms': 190, 'overlap': 0.9, 'freq_low_hz': 450, 'freq_high_hz': 4600, 'power_thresh_percentile': 83, 'mdl_beta': 3.309951647394258}. Best is trial 19 with value: 0.48773572958160927.
/home/mkeller/mkeller/signal-processing-research/localization/tuning/run_optuna_respeaker_v3.py:97: UserWarning: The distribution is specified by [1550, 6000] and step=100, but the range is not divisible by `step`. It will be replaced with [1550, 5950].
  freq_high_hz = trial.suggest_int("freq_high_hz", min_high, 6000, step=100)
[I 2026-03-10 23:20:16,532] Trial 58 finished with value: 0.4778919165209971 and parameters: {'window_ms': 175, 'overlap': 0.6000000000000001, 'freq_low_hz': 1150, 'freq_high_hz': 3550, 'power_thresh_percentile': 92, 'mdl_beta': 5.804205555084136}. Best is trial 19 with value: 0.48773572958160927.
[I 2026-03-10 23:20:46,848] Trial 61 finished with value: 0.47982626832534 and parameters: {'window_ms': 175, 'overlap': 0.65, 'freq_low_hz': 1150, 'freq_high_hz': 3050, 'power_thresh_percentile': 88, 'mdl_beta': 5.761743871805744}. Best is trial 19 with value: 0.48773572958160927.
[I 2026-03-10 23:20:49,739] Trial 60 finished with value: 0.481621054023257 and parameters: {'window_ms': 175, 'overlap': 0.55, 'freq_low_hz': 1150, 'freq_high_hz': 4650, 'power_thresh_percentile': 88, 'mdl_beta': 5.626543920552048}. Best is trial 19 with value: 0.48773572958160927.
[I 2026-03-10 23:21:01,133] Trial 59 finished with value: 0.4677780061651529 and parameters: {'window_ms': 175, 'overlap': 0.65, 'freq_low_hz': 1150, 'freq_high_hz': 5450, 'power_thresh_percentile': 88, 'mdl_beta': 5.7724409171433955}. Best is trial 19 with value: 0.48773572958160927.
[I 2026-03-10 23:21:03,994] Trial 57 finished with value: 0.49000297934547055 and parameters: {'window_ms': 235, 'overlap': 0.9, 'freq_low_hz': 1150, 'freq_high_hz': 3550, 'power_thresh_percentile': 92, 'mdl_beta': 1.1304629820797205}. Best is trial 57 with value: 0.49000297934547055.
[I 2026-03-10 23:21:16,137] Trial 64 finished with value: 0.47739844924300856 and parameters: {'window_ms': 165, 'overlap': 0.65, 'freq_low_hz': 900, 'freq_high_hz': 5800, 'power_thresh_percentile': 98, 'mdl_beta': 6.286787613595671}. Best is trial 57 with value: 0.49000297934547055.
[I 2026-03-10 23:21:19,525] Trial 24 finished with value: 0.46935701781117717 and parameters: {'window_ms': 150, 'overlap': 0.9, 'freq_low_hz': 1150, 'freq_high_hz': 5950, 'power_thresh_percentile': 50, 'mdl_beta': 4.846549642740864}. Best is trial 57 with value: 0.49000297934547055.
[I 2026-03-10 23:21:20,676] Trial 65 finished with value: 0.4803497670455371 and parameters: {'window_ms': 165, 'overlap': 0.7, 'freq_low_hz': 1200, 'freq_high_hz': 5800, 'power_thresh_percentile': 98, 'mdl_beta': 6.369025032559785}. Best is trial 57 with value: 0.49000297934547055.
[I 2026-03-10 23:21:21,391] Trial 50 finished with value: 0.47465099938017874 and parameters: {'window_ms': 180, 'overlap': 0.9, 'freq_low_hz': 1100, 'freq_high_hz': 5000, 'power_thresh_percentile': 87, 'mdl_beta': 7.2389725783210785}. Best is trial 57 with value: 0.49000297934547055.
[I 2026-03-10 23:21:28,943] Trial 66 finished with value: 0.47935208991171707 and parameters: {'window_ms': 165, 'overlap': 0.7, 'freq_low_hz': 900, 'freq_high_hz': 5800, 'power_thresh_percentile': 98, 'mdl_beta': 6.184432632114049}. Best is trial 57 with value: 0.49000297934547055.
[I 2026-03-10 23:22:02,413] Trial 69 finished with value: 0.47873994068072306 and parameters: {'window_ms': 240, 'overlap': 0.9, 'freq_low_hz': 1200, 'freq_high_hz': 2600, 'power_thresh_percentile': 96, 'mdl_beta': 1.4637998913225347}. Best is trial 57 with value: 0.49000297934547055.
[I 2026-03-10 23:22:04,008] Trial 67 finished with value: 0.4788616115965281 and parameters: {'window_ms': 240, 'overlap': 0.9, 'freq_low_hz': 1200, 'freq_high_hz': 5900, 'power_thresh_percentile': 98, 'mdl_beta': 1.3534925548805037}. Best is trial 57 with value: 0.49000297934547055.
[I 2026-03-10 23:22:33,722] Trial 68 finished with value: 0.4864187851128044 and parameters: {'window_ms': 240, 'overlap': 0.9, 'freq_low_hz': 1200, 'freq_high_hz': 3200, 'power_thresh_percentile': 92, 'mdl_beta': 6.711294408332372}. Best is trial 57 with value: 0.49000297934547055.
