[I 2026-03-10 23:35:09,601] Trial 119 finished with value: 0.48834840145994957 and parameters: {'window_ms': 235, 'overlap': 0.9, 'freq_low_hz': 1050, 'freq_high_hz': 3300, 'power_thresh_percentile': 90, 'mdl_beta': 1.9396631830751585}. Best is trial 70 with value: 0.4934074809813332.
GMDA: Selected 5502 TF points.
GMDA: Selected 5502 TF points.
GMDA: Selected 5502 TF points.
GMDA: Selected 5502 TF points.
GMDA: Selected 5502 TF points.
GMDA: Selected 5502 TF points.
GMDA: Selected 5502 TF points.
GMDA: Selected 5502 TF points.
GMDA: Selected 5502 TF points.
GMDA: Selected 5502 TF points.
GMDA: Selected 5502 TF points.
GMDA: Selected 5502 TF points.
GMDA: Selected 5502 TF points.
GMDA: Selected 5502 TF points.
GMDA: Selected 5502 TF points.
GMDA: Selected 5502 TF points.
GMDA: Selected 11091 TF points.
GMDA: Selected 11091 TF points.
GMDA: Selected 11091 TF points.
GMDA: Selected 11091 TF points.
GMDA: Selected 11091 TF points.
GMDA: Selected 11091 TF points.
GMDA: Selected 11091 TF points.
GMDA: Selected 11091 TF points.
GMDA: Selected 11091 TF points.
GMDA: Selected 11091 TF points.
GMDA: Selected 11091 TF points.
GMDA: Selected 11091 TF points.
GMDA: Selected 11091 TF points.
GMDA: Selected 11091 TF points.
GMDA: Selected 11091 TF points.
GMDA: Selected 11091 TF points.
GMDA: Selected 27677 TF points.
GMDA: Selected 27677 TF points.
GMDA: Selected 27677 TF points.
GMDA: Selected 27677 TF points.
GMDA: Selected 27677 TF points.
GMDA: Selected 27677 TF points.
GMDA: Selected 27677 TF points.
GMDA: Selected 27677 TF points.
GMDA: Selected 27677 TF points.
GMDA: Selected 27677 TF points.
GMDA: Selected 27677 TF points.
GMDA: Selected 27677 TF points.
GMDA: Selected 27677 TF points.
GMDA: Selected 27677 TF points.
GMDA: Selected 27677 TF points.
GMDA: Selected 27677 TF points.
GMDA: Selected 98940 TF points.
GMDA: Selected 98940 TF points.
GMDA: Selected 98940 TF points.
GMDA: Selected 98940 TF points.
GMDA: Selected 98940 TF points.
GMDA: Selected 98940 TF points.
GMDA: Selected 98940 TF points.
GMDA: Selected 98940 TF points.
GMDA: Selected 98940 TF points.
GMDA: Selected 98940 TF points.
GMDA: Selected 98940 TF points.
GMDA: Selected 98940 TF points.
GMDA: Selected 98940 TF points.
GMDA: Selected 98940 TF points.
GMDA: Selected 98940 TF points.
GMDA: Selected 98940 TF points.
GMDA: Selected 21146 TF points.
GMDA: Selected 21146 TF points.
GMDA: Selected 21146 TF points.
GMDA: Selected 21146 TF points.
GMDA: Selected 21146 TF points.
GMDA: Selected 21146 TF points.
GMDA: Selected 21146 TF points.
GMDA: Selected 21146 TF points.
GMDA: Selected 21146 TF points.
GMDA: Selected 21146 TF points.
GMDA: Selected 21146 TF points.
GMDA: Selected 21146 TF points.
GMDA: Selected 21146 TF points.
GMDA: Selected 21146 TF points.
GMDA: Selected 21146 TF points.
GMDA: Selected 21146 TF points.
GMDA: Selected 18522 TF points.
GMDA: Selected 18522 TF points.
GMDA: Selected 18522 TF points.
GMDA: Selected 18522 TF points.
GMDA: Selected 18522 TF points.
GMDA: Selected 18522 TF points.
GMDA: Selected 18522 TF points.
GMDA: Selected 18522 TF points.
GMDA: Selected 18522 TF points.
GMDA: Selected 18522 TF points.
GMDA: Selected 18522 TF points.
GMDA: Selected 18522 TF points.
GMDA: Selected 18522 TF points.
GMDA: Selected 18522 TF points.
GMDA: Selected 18522 TF points.
GMDA: Selected 18522 TF points.
GMDA: Selected 70821 TF points.
GMDA: Selected 70821 TF points.
GMDA: Selected 70821 TF points.
GMDA: Selected 70821 TF points.
GMDA: Selected 70821 TF points.
GMDA: Selected 70821 TF points.
GMDA: Selected 70821 TF points.
GMDA: Selected 70821 TF points.
GMDA: Selected 70821 TF points.
GMDA: Selected 70821 TF points.
GMDA: Selected 70821 TF points.
GMDA: Selected 70821 TF points.
GMDA: Selected 70821 TF points.
GMDA: Selected 70821 TF points.
GMDA: Selected 70821 TF points.
GMDA: Selected 70821 TF points.
GMDA: Selected 40689 TF points.
GMDA: Selected 40689 TF points.
GMDA: Selected 40689 TF points.
GMDA: Selected 40689 TF points.
GMDA: Selected 40689 TF points.
GMDA: Selected 40689 TF points.
GMDA: Selected 40689 TF points.
GMDA: Selected 40689 TF points.
GMDA: Selected 40689 TF points.
GMDA: Selected 40689 TF points.
GMDA: Selected 40689 TF points.
GMDA: Selected 40689 TF points.
GMDA: Selected 40689 TF points.
GMDA: Selected 40689 TF points.
GMDA: Selected 40689 TF points.
GMDA: Selected 40689 TF points.
GMDA: Selected 12907 TF points.
GMDA: Selected 12907 TF points.
GMDA: Selected 12907 TF points.
GMDA: Selected 12907 TF points.
GMDA: Selected 12907 TF points.
GMDA: Selected 12907 TF points.
GMDA: Selected 12907 TF points.
GMDA: Selected 12907 TF points.
GMDA: Selected 12907 TF points.
GMDA: Selected 12907 TF points.
GMDA: Selected 12907 TF points.
GMDA: Selected 12907 TF points.
GMDA: Selected 12907 TF points.
GMDA: Selected 12907 TF points.
GMDA: Selected 12907 TF points.
GMDA: Selected 12907 TF points.
GMDA: Selected 9220 TF points.
GMDA: Selected 9220 TF points.
GMDA: Selected 9220 TF points.
GMDA: Selected 9220 TF points.
GMDA: Selected 9220 TF points.
GMDA: Selected 9220 TF points.
GMDA: Selected 9220 TF points.
GMDA: Selected 9220 TF points.
GMDA: Selected 9220 TF points.
GMDA: Selected 9220 TF points.
GMDA: Selected 9220 TF points.
GMDA: Selected 9220 TF points.
GMDA: Selected 9220 TF points.
GMDA: Selected 9220 TF points.
GMDA: Selected 9220 TF points.
GMDA: Selected 9220 TF points.
GMDA: Selected 9888 TF points.
GMDA: Selected 9888 TF points.
GMDA: Selected 9888 TF points.
GMDA: Selected 9888 TF points.
GMDA: Selected 9888 TF points.
GMDA: Selected 9888 TF points.
GMDA: Selected 9888 TF points.
GMDA: Selected 9888 TF points.
GMDA: Selected 9888 TF points.
GMDA: Selected 9888 TF points.
GMDA: Selected 9888 TF points.
GMDA: Selected 9888 TF points.
GMDA: Selected 9888 TF points.
GMDA: Selected 9888 TF points.
GMDA: Selected 9888 TF points.
GMDA: Selected 9888 TF points.
GMDA: Selected 13521 TF points.
GMDA: Selected 13521 TF points.
GMDA: Selected 13521 TF points.
GMDA: Selected 13521 TF points.
GMDA: Selected 13521 TF points.
GMDA: Selected 13521 TF points.
GMDA: Selected 13521 TF points.
GMDA: Selected 13521 TF points.
GMDA: Selected 13521 TF points.
GMDA: Selected 13521 TF points.
GMDA: Selected 13521 TF points.
GMDA: Selected 13521 TF points.
GMDA: Selected 13521 TF points.
GMDA: Selected 13521 TF points.
GMDA: Selected 13521 TF points.
GMDA: Selected 13521 TF points.
GMDA: Selected 3091 TF points.
GMDA: Selected 3091 TF points.
GMDA: Selected 3091 TF points.
GMDA: Selected 3091 TF points.
GMDA: Selected 3091 TF points.
GMDA: Selected 3091 TF points.
GMDA: Selected 3091 TF points.
GMDA: Selected 3091 TF points.
GMDA: Selected 3091 TF points.
GMDA: Selected 3091 TF points.
GMDA: Selected 3091 TF points.
GMDA: Selected 3091 TF points.
GMDA: Selected 3091 TF points.
GMDA: Selected 3091 TF points.
GMDA: Selected 3091 TF points.
GMDA: Selected 3091 TF points.
GMDA: Selected 3554 TF points.
GMDA: Selected 3554 TF points.
GMDA: Selected 3554 TF points.
GMDA: Selected 3554 TF points.
GMDA: Selected 3554 TF points.
GMDA: Selected 3554 TF points.
GMDA: Selected 3554 TF points.
GMDA: Selected 3554 TF points.
GMDA: Selected 3554 TF points.
GMDA: Selected 3554 TF points.
GMDA: Selected 3554 TF points.
GMDA: Selected 3554 TF points.
GMDA: Selected 3554 TF points.
GMDA: Selected 3554 TF points.
GMDA: Selected 3554 TF points.
GMDA: Selected 3554 TF points.
GMDA: Selected 66056 TF points.
GMDA: Selected 66056 TF points.
GMDA: Selected 66056 TF points.
GMDA: Selected 66056 TF points.
GMDA: Selected 66056 TF points.
GMDA: Selected 66056 TF points.
GMDA: Selected 66056 TF points.
GMDA: Selected 66056 TF points.
GMDA: Selected 66056 TF points.
GMDA: Selected 66056 TF points.
GMDA: Selected 66056 TF points.
GMDA: Selected 66056 TF points.
GMDA: Selected 66056 TF points.
GMDA: Selected 66056 TF points.
GMDA: Selected 66056 TF points.
GMDA: Selected 66056 TF points.
GMDA: Selected 22589 TF points.
GMDA: Selected 22589 TF points.
GMDA: Selected 22589 TF points.
GMDA: Selected 22589 TF points.
GMDA: Selected 22589 TF points.
GMDA: Selected 22589 TF points.
GMDA: Selected 22589 TF points.
GMDA: Selected 22589 TF points.
GMDA: Selected 22589 TF points.
GMDA: Selected 22589 TF points.
GMDA: Selected 22589 TF points.
GMDA: Selected 22589 TF points.
GMDA: Selected 22589 TF points.
GMDA: Selected 22589 TF points.
GMDA: Selected 22589 TF points.
GMDA: Selected 22589 TF points.
GMDA: Selected 20106 TF points.
GMDA: Selected 20106 TF points.
GMDA: Selected 20106 TF points.[I 2026-03-10 23:35:31,148] Trial 120 finished with value: 0.48834840145994957 and parameters: {'window_ms': 235, 'overlap': 0.9, 'freq_low_hz': 1050, 'freq_high_hz': 3300, 'power_thresh_percentile': 90, 'mdl_beta': 2.2263983838283514}. Best is trial 70 with value: 0.4934074809813332.
[I 2026-03-10 23:35:49,349] Trial 121 finished with value: 0.4853464538410668 and parameters: {'window_ms': 220, 'overlap': 0.9, 'freq_low_hz': 1050, 'freq_high_hz': 3900, 'power_thresh_percentile': 93, 'mdl_beta': 2.3515168277180822}. Best is trial 70 with value: 0.4934074809813332.
[I 2026-03-10 23:35:51,974] Trial 113 finished with value: 0.45100948172945377 and parameters: {'window_ms': 215, 'overlap': 0.9, 'freq_low_hz': 1150, 'freq_high_hz': 3450, 'power_thresh_percentile': 59, 'mdl_beta': 3.8828125764597283}. Best is trial 70 with value: 0.4934074809813332.
[I 2026-03-10 23:35:52,447] Trial 124 finished with value: 0.46992886286251356 and parameters: {'window_ms': 100, 'overlap': 0.9, 'freq_low_hz': 1000, 'freq_high_hz': 1600, 'power_thresh_percentile': 90, 'mdl_beta': 2.160925993705786}. Best is trial 70 with value: 0.4934074809813332.
[I 2026-03-10 23:35:56,176] Trial 112 finished with value: 0.4598676018209166 and parameters: {'window_ms': 245, 'overlap': 0.9, 'freq_low_hz': 1150, 'freq_high_hz': 3450, 'power_thresh_percentile': 57, 'mdl_beta': 2.0497381569640516}. Best is trial 70 with value: 0.4934074809813332.
[I 2026-03-10 23:36:34,841] Trial 126 finished with value: 0.4699801887022946 and parameters: {'window_ms': 240, 'overlap': 0.9, 'freq_low_hz': 1000, 'freq_high_hz': 1500, 'power_thresh_percentile': 90, 'mdl_beta': 2.1311472123646995}. Best is trial 70 with value: 0.4934074809813332.
[I 2026-03-10 23:36:41,398] Trial 122 finished with value: 0.4939776787488286 and parameters: {'window_ms': 235, 'overlap': 0.9, 'freq_low_hz': 1000, 'freq_high_hz': 3300, 'power_thresh_percentile': 90, 'mdl_beta': 0.9936826410662811}. Best is trial 122 with value: 0.4939776787488286.
[I 2026-03-10 23:36:56,605] Trial 123 finished with value: 0.4854461764048744 and parameters: {'window_ms': 240, 'overlap': 0.9, 'freq_low_hz': 1000, 'freq_high_hz': 3000, 'power_thresh_percentile': 90, 'mdl_beta': 0.9922470303067518}. Best is trial 122 with value: 0.4939776787488286.
[I 2026-03-10 23:37:15,845] Trial 117 finished with value: 0.46433456249687816 and parameters: {'window_ms': 245, 'overlap': 0.9, 'freq_low_hz': 900, 'freq_high_hz': 3300, 'power_thresh_percentile': 76, 'mdl_beta': 2.0280591592638446}. Best is trial 122 with value: 0.4939776787488286.
[I 2026-03-10 23:37:38,132] Trial 127 finished with value: 0.4871533662061702 and parameters: {'window_ms': 105, 'overlap': 0.9, 'freq_low_hz': 900, 'freq_high_hz': 3000, 'power_thresh_percentile': 90, 'mdl_beta': 2.542278350531894}. Best is trial 122 with value: 0.4939776787488286.
[I 2026-03-10 23:37:41,292] Trial 129 finished with value: 0.47975061868545144 and parameters: {'window_ms': 240, 'overlap': 0.9, 'freq_low_hz': 1100, 'freq_high_hz': 3000, 'power_thresh_percentile': 89, 'mdl_beta': 2.521575729213851}. Best is trial 122 with value: 0.4939776787488286.
[I 2026-03-10 23:37:54,615] Trial 128 finished with value: 0.4936485960644782 and parameters: {'window_ms': 240, 'overlap': 0.9, 'freq_low_hz': 1100, 'freq_high_hz': 3300, 'power_thresh_percentile': 89, 'mdl_beta': 1.9394591284717266}. Best is trial 122 with value: 0.4939776787488286.
[I 2026-03-10 23:38:03,025] Trial 125 finished with value: 0.4644066740379832 and parameters: {'window_ms': 220, 'overlap': 0.9, 'freq_low_hz': 900, 'freq_high_hz': 3000, 'power_thresh_percentile': 85, 'mdl_beta': 2.185402093499832}. Best is trial 122 with value: 0.4939776787488286.
[I 2026-03-10 23:38:35,476] Trial 130 finished with value: 0.48536216181143654 and parameters: {'window_ms': 240, 'overlap': 0.9, 'freq_low_hz': 1100, 'freq_high_hz': 3100, 'power_thresh_percentile': 88, 'mdl_beta': 2.6582135191067517}. Best is trial 122 with value: 0.4939776787488286.
[I 2026-03-10 23:38:49,227] Trial 131 finished with value: 0.48549193144820746 and parameters: {'window_ms': 235, 'overlap': 0.9, 'freq_low_hz': 900, 'freq_high_hz': 3100, 'power_thresh_percentile': 89, 'mdl_beta': 1.4692509727815688}. Best is trial 122 with value: 0.4939776787488286.
[I 2026-03-10 23:39:35,071] Trial 134 finished with value: 0.5051403610133298 and parameters: {'window_ms': 235, 'overlap': 0.9, 'freq_low_hz': 1100, 'freq_high_hz': 3100, 'power_thresh_percentile': 88, 'mdl_beta': 2.9350541418993323}. Best is trial 134 with value: 0.5051403610133298.
[I 2026-03-10 23:39:37,301] Trial 132 finished with value: 0.4660706865794387 and parameters: {'window_ms': 235, 'overlap': 0.9, 'freq_low_hz': 900, 'freq_high_hz': 3100, 'power_thresh_percentile': 85, 'mdl_beta': 1.9305733081970473}. Best is trial 134 with value: 0.5051403610133298.
[I 2026-03-10 23:39:49,412] Trial 133 finished with value: 0.4638739656687539 and parameters: {'window_ms': 235, 'overlap': 0.9, 'freq_low_hz': 1100, 'freq_high_hz': 3100, 'power_thresh_percentile': 85, 'mdl_beta': 1.4494325587584385}. Best is trial 134 with value: 0.5051403610133298.
[I 2026-03-10 23:40:06,492] Trial 135 finished with value: 0.47749140665097584 and parameters: {'window_ms': 85, 'overlap': 0.9, 'freq_low_hz': 1100, 'freq_high_hz': 3100, 'power_thresh_percentile': 85, 'mdl_beta': 1.431268718916428}. Best is trial 134 with value: 0.5051403610133298.
