[I 2026-03-10 23:27:23,971] Trial 77 finished with value: 0.45242944680565866 and parameters: {'window_ms': 250, 'overlap': 0.8500000000000001, 'freq_low_hz': 600, 'freq_high_hz': 3800, 'power_thresh_percentile': 70, 'mdl_beta': 1.0672127874812403}. Best is trial 70 with value: 0.4934074809813332.
GMDA: Selected 13820 TF points.
GMDA: Selected 13820 TF points.
GMDA: Selected 13820 TF points.
GMDA: Selected 13820 TF points.
GMDA: Selected 13820 TF points.
GMDA: Selected 13820 TF points.
GMDA: Selected 13820 TF points.
GMDA: Selected 13820 TF points.
GMDA: Selected 13820 TF points.
GMDA: Selected 13820 TF points.
GMDA: Selected 13820 TF points.
GMDA: Selected 13820 TF points.
GMDA: Selected 13820 TF points.
GMDA: Selected 13820 TF points.
GMDA: Selected 13820 TF points.
GMDA: Selected 13820 TF points.
GMDA: Selected 12135 TF points.
GMDA: Selected 12135 TF points.
GMDA: Selected 12135 TF points.
GMDA: Selected 12135 TF points.
GMDA: Selected 12135 TF points.
GMDA: Selected 12135 TF points.
GMDA: Selected 12135 TF points.
GMDA: Selected 12135 TF points.
GMDA: Selected 12135 TF points.
GMDA: Selected 12135 TF points.
GMDA: Selected 12135 TF points.
GMDA: Selected 12135 TF points.
GMDA: Selected 12135 TF points.
GMDA: Selected 12135 TF points.
GMDA: Selected 12135 TF points.
GMDA: Selected 12135 TF points.
GMDA: Selected 5761 TF points.
GMDA: Selected 5761 TF points.
GMDA: Selected 5761 TF points.
GMDA: Selected 5761 TF points.
GMDA: Selected 5761 TF points.
GMDA: Selected 5761 TF points.
GMDA: Selected 5761 TF points.
GMDA: Selected 5761 TF points.
GMDA: Selected 5761 TF points.
GMDA: Selected 5761 TF points.
GMDA: Selected 5761 TF points.
GMDA: Selected 5761 TF points.
GMDA: Selected 5761 TF points.
GMDA: Selected 5761 TF points.
GMDA: Selected 5761 TF points.
GMDA: Selected 5761 TF points.
GMDA: Selected 9419 TF points.
GMDA: Selected 9419 TF points.
GMDA: Selected 9419 TF points.
GMDA: Selected 9419 TF points.
GMDA: Selected 9419 TF points.
GMDA: Selected 9419 TF points.
GMDA: Selected 9419 TF points.
GMDA: Selected 9419 TF points.
GMDA: Selected 9419 TF points.
GMDA: Selected 9419 TF points.
GMDA: Selected 9419 TF points.
GMDA: Selected 9419 TF points.
GMDA: Selected 9419 TF points.
GMDA: Selected 9419 TF points.
GMDA: Selected 9419 TF points.
GMDA: Selected 9419 TF points.
GMDA: Selected 118034 TF points.
GMDA: Selected 118034 TF points.
GMDA: Selected 118034 TF points.
GMDA: Selected 118034 TF points.
GMDA: Selected 118034 TF points.
GMDA: Selected 118034 TF points.
GMDA: Selected 118034 TF points.
GMDA: Selected 118034 TF points.
GMDA: Selected 118034 TF points.
GMDA: Selected 118034 TF points.
GMDA: Selected 118034 TF points.
GMDA: Selected 118034 TF points.
GMDA: Selected 118034 TF points.
GMDA: Selected 118034 TF points.
GMDA: Selected 118034 TF points.
GMDA: Selected 118034 TF points.
GMDA: Selected 15303 TF points.
GMDA: Selected 15303 TF points.
GMDA: Selected 15303 TF points.
GMDA: Selected 15303 TF points.
GMDA: Selected 15303 TF points.
GMDA: Selected 15303 TF points.
GMDA: Selected 15303 TF points.
GMDA: Selected 15303 TF points.
GMDA: Selected 15303 TF points.
GMDA: Selected 15303 TF points.
GMDA: Selected 15303 TF points.
GMDA: Selected 15303 TF points.
GMDA: Selected 15303 TF points.
GMDA: Selected 15303 TF points.
GMDA: Selected 15303 TF points.
GMDA: Selected 15303 TF points.
GMDA: Selected 61651 TF points.
GMDA: Selected 61651 TF points.
GMDA: Selected 61651 TF points.
GMDA: Selected 61651 TF points.
GMDA: Selected 61651 TF points.
GMDA: Selected 61651 TF points.
GMDA: Selected 61651 TF points.
GMDA: Selected 61651 TF points.
GMDA: Selected 61651 TF points.
GMDA: Selected 61651 TF points.
GMDA: Selected 61651 TF points.
GMDA: Selected 61651 TF points.
GMDA: Selected 61651 TF points.
GMDA: Selected 61651 TF points.
GMDA: Selected 61651 TF points.
GMDA: Selected 61651 TF points.
GMDA: Selected 11348 TF points.
GMDA: Selected 11348 TF points.
GMDA: Selected 11348 TF points.
GMDA: Selected 11348 TF points.
GMDA: Selected 11348 TF points.
GMDA: Selected 11348 TF points.
GMDA: Selected 11348 TF points.
GMDA: Selected 11348 TF points.
GMDA: Selected 11348 TF points.
GMDA: Selected 11348 TF points.
GMDA: Selected 11348 TF points.
GMDA: Selected 11348 TF points.
GMDA: Selected 11348 TF points.
GMDA: Selected 11348 TF points.
GMDA: Selected 11348 TF points.
GMDA: Selected 11348 TF points.
GMDA: Selected 6574 TF points.
GMDA: Selected 6574 TF points.
GMDA: Selected 6574 TF points.
GMDA: Selected 6574 TF points.
GMDA: Selected 6574 TF points.
GMDA: Selected 6574 TF points.
GMDA: Selected 6574 TF points.
GMDA: Selected 6574 TF points.
GMDA: Selected 6574 TF points.
GMDA: Selected 6574 TF points.
GMDA: Selected 6574 TF points.
GMDA: Selected 6574 TF points.
GMDA: Selected 6574 TF points.
GMDA: Selected 6574 TF points.
GMDA: Selected 6574 TF points.
GMDA: Selected 6574 TF points.
GMDA: Selected 2832 TF points.
GMDA: Selected 2832 TF points.
GMDA: Selected 2832 TF points.
GMDA: Selected 2832 TF points.
GMDA: Selected 2832 TF points.
GMDA: Selected 2832 TF points.
GMDA: Selected 2832 TF points.
GMDA: Selected 2832 TF points.
GMDA: Selected 2832 TF points.
GMDA: Selected 2832 TF points.
GMDA: Selected 2832 TF points.
GMDA: Selected 2832 TF points.
GMDA: Selected 2832 TF points.
GMDA: Selected 2832 TF points.
GMDA: Selected 2832 TF points.
GMDA: Selected 2832 TF points.
GMDA: Selected 16085 TF points.
GMDA: Selected 16085 TF points.
GMDA: Selected 16085 TF points.
GMDA: Selected 16085 TF points.
GMDA: Selected 16085 TF points.
GMDA: Selected 16085 TF points.
GMDA: Selected 16085 TF points.
GMDA: Selected 16085 TF points.
GMDA: Selected 16085 TF points.
GMDA: Selected 16085 TF points.
GMDA: Selected 16085 TF points.
GMDA: Selected 16085 TF points.
GMDA: Selected 16085 TF points.
GMDA: Selected 16085 TF points.
GMDA: Selected 16085 TF points.
GMDA: Selected 16085 TF points.
GMDA: Selected 8679 TF points.
GMDA: Selected 8679 TF points.
GMDA: Selected 8679 TF points.
GMDA: Selected 8679 TF points.
GMDA: Selected 8679 TF points.
GMDA: Selected 8679 TF points.
GMDA: Selected 8679 TF points.
GMDA: Selected 8679 TF points.
GMDA: Selected 8679 TF points.
GMDA: Selected 8679 TF points.
GMDA: Selected 8679 TF points.
GMDA: Selected 8679 TF points.
GMDA: Selected 8679 TF points.
GMDA: Selected 8679 TF points.
GMDA: Selected 8679 TF points.
GMDA: Selected 8679 TF points.
GMDA: Selected 8381 TF points.
GMDA: Selected 8381 TF points.
GMDA: Selected 8381 TF points.
GMDA: Selected 8381 TF points.
GMDA: Selected 8381 TF points.
GMDA: Selected 8381 TF points.
GMDA: Selected 8381 TF points.
GMDA: Selected 8381 TF points.
GMDA: Selected 8381 TF points.
GMDA: Selected 8381 TF points.
GMDA: Selected 8381 TF points.
GMDA: Selected 8381 TF points.
GMDA: Selected 8381 TF points.
GMDA: Selected 8381 TF points.
GMDA: Selected 8381 TF points.
GMDA: Selected 8381 TF points.
GMDA: Selected 9220 TF points.
GMDA: Selected 9220 TF points.
GMDA: Selected 9220 TF points.
GMDA: Selected 9220 TF points.
GMDA: Selected 9220 TF points.
GMDA: Selected 9220 TF points.
GMDA: Selected 9220 TF points.
GMDA: Selected 9220 TF points.
GMDA: Selected 9220 TF points.
GMDA: Selected 9220 TF points.
GMDA: Selected 9220 TF points.
GMDA: Selected 9220 TF points.
GMDA: Selected 9220 TF points.
GMDA: Selected 9220 TF points.
GMDA: Selected 9220 TF points.
GMDA: Selected 9220 TF points.
GMDA: Selected 11299 TF points.
GMDA: Selected 11299 TF points.
GMDA: Selected 11299 TF points.
GMDA: Selected 11299 TF points.
GMDA: Selected 11299 TF points.
GMDA: Selected 11299 TF points.
GMDA: Selected 11299 TF points.
GMDA: Selected 11299 TF points.
GMDA: Selected 11299 TF points.
GMDA: Selected 11299 TF points.
GMDA: Selected 11299 TF points.
GMDA: Selected 11299 TF points.
GMDA: Selected 11299 TF points.
GMDA: Selected 11299 TF points.
GMDA: Selected 11299 TF points.
GMDA: Selected 11299 TF points.
GMDA: Selected 10141 TF points.
GMDA: Selected 10141 TF points.
GMDA: Selected 10141 TF points.
GMDA: Selected 10141 TF points.
GMDA: Selected 10141 TF points.
GMDA: Selected 10141 TF points.
GMDA: Selected 10141 TF points.
GMDA: Selected 10141 TF points.
GMDA: Selected 10141 TF points.
GMDA: Selected 10141 TF points.
GMDA: Selected 10141 TF points.
GMDA: Selected 10141 TF points.
GMDA: Selected 10141 TF points.
GMDA: Selected 10141 TF points.
GMDA: Selected 10141 TF points.
GMDA: Selected 10141 TF points.
GMDA: Selected 4926 TF points.
GMDA: Selected 4926 TF points.
GMDA: Selected 4926 TF points.
GMDA: Selected 4926 TF points.[I 2026-03-10 23:27:26,073] Trial 96 finished with value: 0.47574252771081577 and parameters: {'window_ms': 60, 'overlap': 0.75, 'freq_low_hz': 1050, 'freq_high_hz': 4100, 'power_thresh_percentile': 89, 'mdl_beta': 1.285836789287801}. Best is trial 70 with value: 0.4934074809813332.
[I 2026-03-10 23:27:51,011] Trial 102 finished with value: 0.4796953979713843 and parameters: {'window_ms': 225, 'overlap': 0.8500000000000001, 'freq_low_hz': 1050, 'freq_high_hz': 3500, 'power_thresh_percentile': 97, 'mdl_beta': 0.5094001039017324}. Best is trial 70 with value: 0.4934074809813332.
[I 2026-03-10 23:27:51,580] Trial 106 finished with value: 0.47626448294979273 and parameters: {'window_ms': 225, 'overlap': 0.25, 'freq_low_hz': 1100, 'freq_high_hz': 3600, 'power_thresh_percentile': 91, 'mdl_beta': 0.5142582703455603}. Best is trial 70 with value: 0.4934074809813332.
[I 2026-03-10 23:27:56,192] Trial 105 finished with value: 0.47659444541781554 and parameters: {'window_ms': 225, 'overlap': 0.25, 'freq_low_hz': 1100, 'freq_high_hz': 4100, 'power_thresh_percentile': 91, 'mdl_beta': 1.7875632516337725}. Best is trial 70 with value: 0.4934074809813332.
[I 2026-03-10 23:28:16,525] Trial 101 finished with value: 0.49205142227411813 and parameters: {'window_ms': 225, 'overlap': 0.8500000000000001, 'freq_low_hz': 1100, 'freq_high_hz': 3400, 'power_thresh_percentile': 89, 'mdl_beta': 1.150748196169138}. Best is trial 70 with value: 0.4934074809813332.
[I 2026-03-10 23:28:20,242] Trial 108 finished with value: 0.4789542517708094 and parameters: {'window_ms': 245, 'overlap': 0.4, 'freq_low_hz': 950, 'freq_high_hz': 4400, 'power_thresh_percentile': 94, 'mdl_beta': 1.658927690617173}. Best is trial 70 with value: 0.4934074809813332.
[I 2026-03-10 23:28:34,025] Trial 99 finished with value: 0.4886221024674634 and parameters: {'window_ms': 225, 'overlap': 0.9, 'freq_low_hz': 1050, 'freq_high_hz': 3500, 'power_thresh_percentile': 89, 'mdl_beta': 1.1599515897889026}. Best is trial 70 with value: 0.4934074809813332.
[I 2026-03-10 23:29:06,914] Trial 107 finished with value: 0.488353056531737 and parameters: {'window_ms': 225, 'overlap': 0.8500000000000001, 'freq_low_hz': 1100, 'freq_high_hz': 3600, 'power_thresh_percentile': 91, 'mdl_beta': 1.7511893647759396}. Best is trial 70 with value: 0.4934074809813332.
[I 2026-03-10 23:29:24,551] Trial 110 finished with value: 0.48539887938541126 and parameters: {'window_ms': 215, 'overlap': 0.8500000000000001, 'freq_low_hz': 1150, 'freq_high_hz': 4350, 'power_thresh_percentile': 94, 'mdl_beta': 4.01228601604952}. Best is trial 70 with value: 0.4934074809813332.
[I 2026-03-10 23:30:28,505] Trial 90 finished with value: 0.44131089287855896 and parameters: {'window_ms': 230, 'overlap': 0.8500000000000001, 'freq_low_hz': 950, 'freq_high_hz': 3700, 'power_thresh_percentile': 59, 'mdl_beta': 0.5897703017043154}. Best is trial 70 with value: 0.4934074809813332.
[I 2026-03-10 23:32:38,888] Trial 115 finished with value: 0.48046377961852393 and parameters: {'window_ms': 215, 'overlap': 0.9, 'freq_low_hz': 1150, 'freq_high_hz': 3450, 'power_thresh_percentile': 89, 'mdl_beta': 1.4019877375983696}. Best is trial 70 with value: 0.4934074809813332.
[I 2026-03-10 23:32:46,474] Trial 104 finished with value: 0.44753825733027863 and parameters: {'window_ms': 225, 'overlap': 0.8500000000000001, 'freq_low_hz': 1100, 'freq_high_hz': 3600, 'power_thresh_percentile': 57, 'mdl_beta': 1.7944984499502157}. Best is trial 70 with value: 0.4934074809813332.
[I 2026-03-10 23:33:12,653] Trial 111 finished with value: 0.4590289308586745 and parameters: {'window_ms': 245, 'overlap': 0.8500000000000001, 'freq_low_hz': 1150, 'freq_high_hz': 3550, 'power_thresh_percentile': 59, 'mdl_beta': 3.9223070512259817}. Best is trial 70 with value: 0.4934074809813332.
[I 2026-03-10 23:33:14,025] Trial 109 finished with value: 0.4415852924099483 and parameters: {'window_ms': 245, 'overlap': 0.8500000000000001, 'freq_low_hz': 950, 'freq_high_hz': 3500, 'power_thresh_percentile': 57, 'mdl_beta': 1.6613609647947039}. Best is trial 70 with value: 0.4934074809813332.
GMDA: Selected 9801 TF points.
GMDA: Selected 9801 TF points.
GMDA: Selected 9801 TF points.
GMDA: Selected 9801 TF points.
GMDA: Selected 9801 TF points.
GMDA: Selected 9801 TF points.
GMDA: Selected 9801 TF points.
GMDA: Selected 9801 TF points.
GMDA: Selected 9801 TF points.
GMDA: Selected 9801 TF points.
GMDA: Selected 9801 TF points.
GMDA: Selected 9801 TF points.
GMDA: Selected 9801 TF points.
GMDA: Selected 9801 TF points.
GMDA: Selected 9801 TF points.
GMDA: Selected 9801 TF points.
GMDA: Selected 20555 TF points.
GMDA: Selected 20555 TF points.
GMDA: Selected 20555 TF points.
GMDA: Selected 20555 TF points.
GMDA: Selected 20555 TF points.
GMDA: Selected 20555 TF points.
GMDA: Selected 20555 TF points.
GMDA: Selected 20555 TF points.
GMDA: Selected 20555 TF points.
GMDA: Selected 20555 TF points.
GMDA: Selected 20555 TF points.
GMDA: Selected 20555 TF points.
GMDA: Selected 20555 TF points.
GMDA: Selected 20555 TF points.
GMDA: Selected 20555 TF points.
GMDA: Selected 20555 TF points.
GMDA: Selected 9641 TF points.
GMDA: Selected 9641 TF points.
GMDA: Selected 9641 TF points.
GMDA: Selected 9641 TF points.
GMDA: Selected 9641 TF points.
GMDA: Selected 9641 TF points.
GMDA: Selected 9641 TF points.
GMDA: Selected 9641 TF points.
GMDA: Selected 9641 TF points.
GMDA: Selected 9641 TF points.
GMDA: Selected 9641 TF points.
GMDA: Selected 9641 TF points.
GMDA: Selected 9641 TF points.
GMDA: Selected 9641 TF points.
GMDA: Selected 9641 TF points.
GMDA: Selected 9641 TF points.
GMDA: Selected 118213 TF points.
GMDA: Selected 118213 TF points.
GMDA: Selected 118213 TF points.
GMDA: Selected 118213 TF points.
GMDA: Selected 118213 TF points.
GMDA: Selected 118213 TF points.
GMDA: Selected 118213 TF points.
GMDA: Selected 118213 TF points.
GMDA: Selected 118213 TF points.
GMDA: Selected 118213 TF points.
GMDA: Selected 118213 TF points.
GMDA: Selected 118213 TF points.
GMDA: Selected 118213 TF points.
GMDA: Selected 118213 TF points.
GMDA: Selected 118213 TF points.
GMDA: Selected 118213 TF points.
GMDA: Selected 15132 TF points.
GMDA: Selected 15132 TF points.
GMDA: Selected 15132 TF points.
GMDA: Selected 15132 TF points.
GMDA: Selected 15132 TF points.
GMDA: Selected 15132 TF points.
GMDA: Selected 15132 TF points.
GMDA: Selected 15132 TF points.
GMDA: Selected 15132 TF points.
GMDA: Selected 15132 TF points.
GMDA: Selected 15132 TF points.
GMDA: Selected 15132 TF points.
GMDA: Selected 15132 TF points.
GMDA: Selected 15132 TF points.
GMDA: Selected 15132 TF points.
GMDA: Selected 15132 TF points.
GMDA: Selected 18513 TF points.
GMDA: Selected 18513 TF points.
GMDA: Selected 18513 TF points.
GMDA: Selected 18513 TF points.
GMDA: Selected 18513 TF points.
GMDA: Selected 18513 TF points.
GMDA: Selected 18513 TF points.
GMDA: Selected 18513 TF points.
GMDA: Selected 18513 TF points.
GMDA: Selected 18513 TF points.
GMDA: Selected 18513 TF points.
GMDA: Selected 18513 TF points.
GMDA: Selected 18513 TF points.
GMDA: Selected 18513 TF points.
GMDA: Selected 18513 TF points.
GMDA: Selected 18513 TF points.
GMDA: Selected 15428 TF points.
GMDA: Selected 15428 TF points.
GMDA: Selected 15428 TF points.
GMDA: Selected 15428 TF points.
GMDA: Selected 15428 TF points.
GMDA: Selected 15428 TF points.
GMDA: Selected 15428 TF points.
GMDA: Selected 15428 TF points.
GMDA: Selected 15428 TF points.
GMDA: Selected 15428 TF points.
GMDA: Selected 15428 TF points.
GMDA: Selected 15428 TF points.
GMDA: Selected 15428 TF points.
GMDA: Selected 15428 TF points.
GMDA: Selected 15428 TF points.
GMDA: Selected 15428 TF points.
GMDA: Selected 16633 TF points.
GMDA: Selected 16633 TF points.
GMDA: Selected 16633 TF points.
GMDA: Selected 16633 TF points.
GMDA: Selected 16633 TF points.
GMDA: Selected 16633 TF points.
GMDA: Selected 16633 TF points.
GMDA: Selected 16633 TF points.
GMDA: Selected 16633 TF points.
GMDA: Selected 16633 TF points.
GMDA: Selected 16633 TF points.
GMDA: Selected 16633 TF points.
GMDA: Selected 16633 TF points.
GMDA: Selected 16633 TF points.
GMDA: Selected 16633 TF points.
GMDA: Selected 16633 TF points.
GMDA: Selected 11348 TF points.
GMDA: Selected 11348 TF points.
GMDA: Selected 11348 TF points.
GMDA: Selected 11348 TF points.
GMDA: Selected 11348 TF points.
GMDA: Selected 11348 TF points.
GMDA: Selected 11348 TF points.
GMDA: Selected 11348 TF points.
GMDA: Selected 11348 TF points.
GMDA: Selected 11348 TF points.
GMDA: Selected 11348 TF points.
GMDA: Selected 11348 TF points.
GMDA: Selected 11348 TF points.
GMDA: Selected 11348 TF points.
GMDA: Selected 11348 TF points.
GMDA: Selected 11348 TF points.
GMDA: Selected 3393 TF points.
GMDA: Selected 3393 TF points.
GMDA: Selected 3393 TF points.
GMDA: Selected 3393 TF points.
GMDA: Selected 3393 TF points.
GMDA: Selected 3393 TF points.
GMDA: Selected 3393 TF points.
GMDA: Selected 3393 TF points.
GMDA: Selected 3393 TF points.
GMDA: Selected 3393 TF points.
GMDA: Selected 3393 TF points.
GMDA: Selected 3393 TF points.
GMDA: Selected 3393 TF points.
GMDA: Selected 3393 TF points.
GMDA: Selected 3393 TF points.
GMDA: Selected 3393 TF points.
GMDA: Selected 9401 TF points.
GMDA: Selected 9401 TF points.
GMDA: Selected 9401 TF points.
GMDA: Selected 9401 TF points.
GMDA: Selected 9401 TF points.
GMDA: Selected 9401 TF points.
GMDA: Selected 9401 TF points.
GMDA: Selected 9401 TF points.
GMDA: Selected 9401 TF points.
GMDA: Selected 9401 TF points.
GMDA: Selected 9401 TF points.
GMDA: Selected 9401 TF points.
GMDA: Selected 9401 TF points.
GMDA: Selected 9401 TF points.
GMDA: Selected 9401 TF points.
GMDA: Selected 9401 TF points.
GMDA: Selected 3086 TF points.
GMDA: Selected 3086 TF points.
GMDA: Selected 3086 TF points.
GMDA: Selected 3086 TF points.
GMDA: Selected 3086 TF points.
GMDA: Selected 3086 TF points.
GMDA: Selected 3086 TF points.
GMDA: Selected 3086 TF points.
GMDA: Selected 3086 TF points.
GMDA: Selected 3086 TF points.
GMDA: Selected 3086 TF points.
GMDA: Selected 3086 TF points.
GMDA: Selected 3086 TF points.
GMDA: Selected 3086 TF points.
GMDA: Selected 3086 TF points.
GMDA: Selected 3086 TF points.
GMDA: Selected 17576 TF points.
GMDA: Selected 17576 TF points.
GMDA: Selected 17576 TF points.
GMDA: Selected 17576 TF points.
GMDA: Selected 17576 TF points.
GMDA: Selected 17576 TF points.
GMDA: Selected 17576 TF points.
GMDA: Selected 17576 TF points.
GMDA: Selected 17576 TF points.
GMDA: Selected 17576 TF points.
GMDA: Selected 17576 TF points.
GMDA: Selected 17576 TF points.
GMDA: Selected 17576 TF points.
GMDA: Selected 17576 TF points.
GMDA: Selected 17576 TF points.
GMDA: Selected 17576 TF points.
GMDA: Selected 64401 TF points.
GMDA: Selected 64401 TF points.
GMDA: Selected 64401 TF points.
GMDA: Selected 64401 TF points.
GMDA: Selected 64401 TF points.
GMDA: Selected 64401 TF points.
GMDA: Selected 64401 TF points.
GMDA: Selected 64401 TF points.
GMDA: Selected 64401 TF points.
GMDA: Selected 64401 TF points.
GMDA: Selected 64401 TF points.
GMDA: Selected 64401 TF points.
GMDA: Selected 64401 TF points.
GMDA: Selected 64401 TF points.
GMDA: Selected 64401 TF points.
GMDA: Selected 64401 TF points.
GMDA: Selected 3706 TF points.
GMDA: Selected 3706 TF points.
GMDA: Selected 3706 TF points.
GMDA: Selected 3706 TF points.
GMDA: Selected 3706 TF points.
GMDA: Selected 3706 TF points.
GMDA: Selected 3706 TF points.
GMDA: Selected 3706 TF points.
GMDA: Selected 3706 TF points.
GMDA: Selected 3706 TF points.
GMDA: Selected 3706 TF points.
GMDA: Selected 3706 TF points.
GMDA: Selected 3706 TF points.
GMDA: Selected 3706 TF points.
GMDA: Selected 3706 TF points.
GMDA: Selected 3706 TF points.
GMDA: Selected 73638 TF points.
GMDA: Selected 73638 TF points.
GMDA: Selected 73638 TF points.
GMDA: Selected 73638 TF points.
GMDA: Selected 73638 TF points.
GMDA: Selected 73638 TF points.
GMDA: Selected 73638 TF points.
GMDA: Selected 73638 TF points.
GMDA: Selected 73638 TF points.
GMDA: Selected 73638 TF points.
GMDA: Selected 73638 TF points.
GMDA: Selected 73638 TF points.
GMDA: Selected 73638 TF points.
GMDA: Selected 73638 TF points.
GMDA: Selected 73638 TF points.
GMDA: Selected 73638 TF points.
GMDA: Selected 22589 TF points.
GMDA: Selected 22589 TF points.
GMDA: Selected 22589 TF points.[I 2026-03-10 23:33:40,661] Trial 114 finished with value: 0.4485097282820181 and parameters: {'window_ms': 215, 'overlap': 0.9, 'freq_low_hz': 1150, 'freq_high_hz': 3450, 'power_thresh_percentile': 75, 'mdl_beta': 2.018722007571269}. Best is trial 70 with value: 0.4934074809813332.
[I 2026-03-10 23:34:16,114] Trial 116 finished with value: 0.48315586779837827 and parameters: {'window_ms': 235, 'overlap': 0.9, 'freq_low_hz': 1100, 'freq_high_hz': 3300, 'power_thresh_percentile': 91, 'mdl_beta': 1.451390916198009}. Best is trial 70 with value: 0.4934074809813332.
[I 2026-03-10 23:34:47,368] Trial 103 finished with value: 0.4489599091214766 and parameters: {'window_ms': 225, 'overlap': 0.8500000000000001, 'freq_low_hz': 1050, 'freq_high_hz': 4400, 'power_thresh_percentile': 56, 'mdl_beta': 1.7327877331971333}. Best is trial 70 with value: 0.4934074809813332.
[I 2026-03-10 23:35:04,423] Trial 118 finished with value: 0.48834840145994957 and parameters: {'window_ms': 235, 'overlap': 0.9, 'freq_low_hz': 1050, 'freq_high_hz': 3300, 'power_thresh_percentile': 90, 'mdl_beta': 1.9833086646701785}. Best is trial 70 with value: 0.4934074809813332.
