[I 2026-03-10 23:26:28,403] Trial 856 finished with value: 0.3632868086387516 and parameters: {'window_ms': 170, 'overlap': 0.65, 'freq_low_hz': 1000, 'freq_high_hz': 2200}. Best is trial 628 with value: 0.414949757177793.
[I 2026-03-10 23:26:32,684] Trial 857 finished with value: 0.3782144006238146 and parameters: {'window_ms': 230, 'overlap': 0.7, 'freq_low_hz': 1050, 'freq_high_hz': 2000}. Best is trial 628 with value: 0.414949757177793.
[I 2026-03-10 23:26:35,634] Trial 839 finished with value: 0.3697334516396218 and parameters: {'window_ms': 245, 'overlap': 0.65, 'freq_low_hz': 1100, 'freq_high_hz': 5500}. Best is trial 628 with value: 0.414949757177793.
[I 2026-03-10 23:26:37,639] Trial 859 finished with value: 0.3635426636976755 and parameters: {'window_ms': 200, 'overlap': 0.65, 'freq_low_hz': 1050, 'freq_high_hz': 2200}. Best is trial 628 with value: 0.414949757177793.
[I 2026-03-10 23:26:40,016] Trial 858 finished with value: 0.363640463311501 and parameters: {'window_ms': 215, 'overlap': 0.65, 'freq_low_hz': 1050, 'freq_high_hz': 2200}. Best is trial 628 with value: 0.414949757177793.
[I 2026-03-10 23:26:40,498] Trial 860 finished with value: 0.39204208323771983 and parameters: {'window_ms': 215, 'overlap': 0.65, 'freq_low_hz': 1050, 'freq_high_hz': 2000}. Best is trial 628 with value: 0.414949757177793.
[I 2026-03-10 23:26:41,462] Trial 845 finished with value: 0.35361149406070463 and parameters: {'window_ms': 245, 'overlap': 0.65, 'freq_low_hz': 1050, 'freq_high_hz': 5000}. Best is trial 628 with value: 0.414949757177793.
[I 2026-03-10 23:26:49,666] Trial 862 finished with value: 0.37905910152446987 and parameters: {'window_ms': 210, 'overlap': 0.7, 'freq_low_hz': 1000, 'freq_high_hz': 1900}. Best is trial 628 with value: 0.414949757177793.
[I 2026-03-10 23:26:54,274] Trial 865 finished with value: 0.3829425961351027 and parameters: {'window_ms': 185, 'overlap': 0.65, 'freq_low_hz': 1150, 'freq_high_hz': 1850}. Best is trial 628 with value: 0.414949757177793.
[I 2026-03-10 23:26:55,586] Trial 864 finished with value: 0.3639079541989123 and parameters: {'window_ms': 190, 'overlap': 0.7, 'freq_low_hz': 1050, 'freq_high_hz': 2000}. Best is trial 628 with value: 0.414949757177793.
[I 2026-03-10 23:26:56,185] Trial 866 finished with value: 0.40693455585206173 and parameters: {'window_ms': 200, 'overlap': 0.7, 'freq_low_hz': 1150, 'freq_high_hz': 1850}. Best is trial 628 with value: 0.414949757177793.
[I 2026-03-10 23:27:00,257] Trial 867 finished with value: 0.40693455585206173 and parameters: {'window_ms': 200, 'overlap': 0.7, 'freq_low_hz': 1150, 'freq_high_hz': 1850}. Best is trial 628 with value: 0.414949757177793.
[I 2026-03-10 23:27:00,821] Trial 870 finished with value: 0.3825691770875041 and parameters: {'window_ms': 190, 'overlap': 0.7, 'freq_low_hz': 1150, 'freq_high_hz': 1850}. Best is trial 628 with value: 0.414949757177793.
[I 2026-03-10 23:27:01,256] Trial 869 finished with value: 0.37704009394488935 and parameters: {'window_ms': 195, 'overlap': 0.7, 'freq_low_hz': 1150, 'freq_high_hz': 1850}. Best is trial 628 with value: 0.414949757177793.
[I 2026-03-10 23:27:02,074] Trial 868 finished with value: 0.3794329384843817 and parameters: {'window_ms': 185, 'overlap': 0.7, 'freq_low_hz': 1150, 'freq_high_hz': 1850}. Best is trial 628 with value: 0.414949757177793.
[I 2026-03-10 23:27:09,679] Trial 871 finished with value: 0.3825691770875041 and parameters: {'window_ms': 190, 'overlap': 0.7, 'freq_low_hz': 1150, 'freq_high_hz': 1850}. Best is trial 628 with value: 0.414949757177793.
[I 2026-03-10 23:27:15,380] Trial 873 finished with value: 0.37956915240920824 and parameters: {'window_ms': 195, 'overlap': 0.65, 'freq_low_hz': 1150, 'freq_high_hz': 1850}. Best is trial 628 with value: 0.414949757177793.
[I 2026-03-10 23:27:15,635] Trial 874 finished with value: 0.3817232517138327 and parameters: {'window_ms': 200, 'overlap': 0.65, 'freq_low_hz': 1150, 'freq_high_hz': 1750}. Best is trial 628 with value: 0.414949757177793.
[I 2026-03-10 23:27:16,270] Trial 872 finished with value: 0.38063770020842846 and parameters: {'window_ms': 240, 'overlap': 0.7, 'freq_low_hz': 1150, 'freq_high_hz': 1850}. Best is trial 628 with value: 0.414949757177793.
[I 2026-03-10 23:27:17,499] Trial 861 finished with value: 0.3696896488807794 and parameters: {'window_ms': 200, 'overlap': 0.65, 'freq_low_hz': 1050, 'freq_high_hz': 5500}. Best is trial 628 with value: 0.414949757177793.
[I 2026-03-10 23:27:18,194] Trial 876 finished with value: 0.382322373427903 and parameters: {'window_ms': 205, 'overlap': 0.65, 'freq_low_hz': 1200, 'freq_high_hz': 1700}. Best is trial 628 with value: 0.414949757177793.
[I 2026-03-10 23:27:18,409] Trial 875 finished with value: 0.413665690906141 and parameters: {'window_ms': 195, 'overlap': 0.65, 'freq_low_hz': 1200, 'freq_high_hz': 1800}. Best is trial 628 with value: 0.414949757177793.
[I 2026-03-10 23:27:19,462] Trial 877 finished with value: 0.3821090337477915 and parameters: {'window_ms': 200, 'overlap': 0.75, 'freq_low_hz': 1200, 'freq_high_hz': 1700}. Best is trial 628 with value: 0.414949757177793.
[I 2026-03-10 23:27:21,260] Trial 878 finished with value: 0.3829999888930862 and parameters: {'window_ms': 200, 'overlap': 0.65, 'freq_low_hz': 1200, 'freq_high_hz': 1700}. Best is trial 628 with value: 0.414949757177793.
[I 2026-03-10 23:27:24,910] Trial 863 finished with value: 0.35375400772727955 and parameters: {'window_ms': 200, 'overlap': 0.7, 'freq_low_hz': 1050, 'freq_high_hz': 4600}. Best is trial 628 with value: 0.414949757177793.
[I 2026-03-10 23:27:27,559] Trial 879 finished with value: 0.3829999888930862 and parameters: {'window_ms': 200, 'overlap': 0.65, 'freq_low_hz': 1200, 'freq_high_hz': 1700}. Best is trial 628 with value: 0.414949757177793.
[I 2026-03-10 23:27:34,234] Trial 881 finished with value: 0.4025158594858789 and parameters: {'window_ms': 240, 'overlap': 0.65, 'freq_low_hz': 1200, 'freq_high_hz': 1700}. Best is trial 628 with value: 0.414949757177793.
[I 2026-03-10 23:27:34,753] Trial 883 finished with value: 0.3829999888930862 and parameters: {'window_ms': 200, 'overlap': 0.65, 'freq_low_hz': 1200, 'freq_high_hz': 1700}. Best is trial 628 with value: 0.414949757177793.
[I 2026-03-10 23:27:35,121] Trial 882 finished with value: 0.3829999888930862 and parameters: {'window_ms': 200, 'overlap': 0.65, 'freq_low_hz': 1200, 'freq_high_hz': 1700}. Best is trial 628 with value: 0.414949757177793.
[I 2026-03-10 23:27:35,195] Trial 880 finished with value: 0.4025158594858789 and parameters: {'window_ms': 240, 'overlap': 0.65, 'freq_low_hz': 1200, 'freq_high_hz': 1700}. Best is trial 628 with value: 0.414949757177793.
[I 2026-03-10 23:27:39,869] Trial 885 finished with value: 0.39184213049197575 and parameters: {'window_ms': 200, 'overlap': 0.65, 'freq_low_hz': 1200, 'freq_high_hz': 2000}. Best is trial 628 with value: 0.414949757177793.
[I 2026-03-10 23:27:42,003] Trial 887 finished with value: 0.3916993605183614 and parameters: {'window_ms': 195, 'overlap': 0.65, 'freq_low_hz': 1200, 'freq_high_hz': 2000}. Best is trial 628 with value: 0.414949757177793.
[I 2026-03-10 23:27:47,123] Trial 888 finished with value: 0.37787611599570153 and parameters: {'window_ms': 185, 'overlap': 0.65, 'freq_low_hz': 1200, 'freq_high_hz': 2000}. Best is trial 628 with value: 0.414949757177793.
[I 2026-03-10 23:27:49,621] Trial 889 finished with value: 0.39177355255175456 and parameters: {'window_ms': 190, 'overlap': 0.65, 'freq_low_hz': 1200, 'freq_high_hz': 2000}. Best is trial 628 with value: 0.414949757177793.
[I 2026-03-10 23:27:54,290] Trial 884 finished with value: 0.3670211786461386 and parameters: {'window_ms': 240, 'overlap': 0.65, 'freq_low_hz': 300, 'freq_high_hz': 2000}. Best is trial 628 with value: 0.414949757177793.
[I 2026-03-10 23:27:54,498] Trial 890 finished with value: 0.39277220763175624 and parameters: {'window_ms': 195, 'overlap': 0.65, 'freq_low_hz': 1200, 'freq_high_hz': 1900}. Best is trial 628 with value: 0.414949757177793.
[I 2026-03-10 23:27:59,680] Trial 892 finished with value: 0.37800953996696707 and parameters: {'window_ms': 205, 'overlap': 0.65, 'freq_low_hz': 1200, 'freq_high_hz': 2000}. Best is trial 628 with value: 0.414949757177793.
[I 2026-03-10 23:27:59,863] Trial 891 finished with value: 0.3916993605183614 and parameters: {'window_ms': 195, 'overlap': 0.65, 'freq_low_hz': 1200, 'freq_high_hz': 2000}. Best is trial 628 with value: 0.414949757177793.
[I 2026-03-10 23:28:02,347] Trial 895 finished with value: 0.392127156469242 and parameters: {'window_ms': 190, 'overlap': 0.65, 'freq_low_hz': 1200, 'freq_high_hz': 1900}. Best is trial 628 with value: 0.414949757177793.
[I 2026-03-10 23:28:02,564] Trial 894 finished with value: 0.392127156469242 and parameters: {'window_ms': 190, 'overlap': 0.65, 'freq_low_hz': 1200, 'freq_high_hz': 1900}. Best is trial 628 with value: 0.414949757177793.
[I 2026-03-10 23:28:08,642] Trial 896 finished with value: 0.392127156469242 and parameters: {'window_ms': 190, 'overlap': 0.65, 'freq_low_hz': 1200, 'freq_high_hz': 1900}. Best is trial 628 with value: 0.414949757177793.
[I 2026-03-10 23:28:12,354] Trial 899 finished with value: 0.3815441162960625 and parameters: {'window_ms': 190, 'overlap': 0.65, 'freq_low_hz': 1150, 'freq_high_hz': 1750}. Best is trial 628 with value: 0.414949757177793.
[I 2026-03-10 23:28:13,789] Trial 886 finished with value: 0.3462023607578693 and parameters: {'window_ms': 195, 'overlap': 0.65, 'freq_low_hz': 1200, 'freq_high_hz': 4700}. Best is trial 628 with value: 0.414949757177793.
[I 2026-03-10 23:28:13,948] Trial 893 finished with value: 0.3501079143520644 and parameters: {'window_ms': 190, 'overlap': 0.65, 'freq_low_hz': 100, 'freq_high_hz': 2000}. Best is trial 628 with value: 0.414949757177793.
[I 2026-03-10 23:28:15,261] Trial 897 finished with value: 0.3672673771842511 and parameters: {'window_ms': 205, 'overlap': 0.65, 'freq_low_hz': 900, 'freq_high_hz': 1900}. Best is trial 628 with value: 0.414949757177793.
[I 2026-03-10 23:28:20,734] Trial 898 finished with value: 0.38134642386004247 and parameters: {'window_ms': 185, 'overlap': 0.65, 'freq_low_hz': 1000, 'freq_high_hz': 1900}. Best is trial 628 with value: 0.414949757177793.
[I 2026-03-10 23:28:22,205] Trial 902 finished with value: 0.39696442142041366 and parameters: {'window_ms': 190, 'overlap': 0.65, 'freq_low_hz': 1000, 'freq_high_hz': 1800}. Best is trial 628 with value: 0.414949757177793.
[I 2026-03-10 23:28:23,855] Trial 903 finished with value: 0.4006867700491614 and parameters: {'window_ms': 180, 'overlap': 0.65, 'freq_low_hz': 1000, 'freq_high_hz': 1800}. Best is trial 628 with value: 0.414949757177793.
[I 2026-03-10 23:28:24,334] Trial 900 finished with value: 0.38122798361670374 and parameters: {'window_ms': 190, 'overlap': 0.65, 'freq_low_hz': 1000, 'freq_high_hz': 1900}. Best is trial 628 with value: 0.414949757177793.
[I 2026-03-10 23:28:26,789] Trial 901 finished with value: 0.3782630832801873 and parameters: {'window_ms': 250, 'overlap': 0.65, 'freq_low_hz': 1000, 'freq_high_hz': 1900}. Best is trial 628 with value: 0.414949757177793.
[I 2026-03-10 23:28:29,982] Trial 904 finished with value: 0.38162762856365706 and parameters: {'window_ms': 185, 'overlap': 0.65, 'freq_low_hz': 900, 'freq_high_hz': 1800}. Best is trial 628 with value: 0.414949757177793.
[I 2026-03-10 23:28:31,630] Trial 906 finished with value: 0.3649448271606217 and parameters: {'window_ms': 175, 'overlap': 0.65, 'freq_low_hz': 800, 'freq_high_hz': 1600}. Best is trial 628 with value: 0.414949757177793.
[I 2026-03-10 23:28:31,874] Trial 905 finished with value: 0.35746028969882887 and parameters: {'window_ms': 185, 'overlap': 0.65, 'freq_low_hz': 1000, 'freq_high_hz': 1600}. Best is trial 628 with value: 0.414949757177793.
[I 2026-03-10 23:28:34,863] Trial 907 finished with value: 0.36388635400118163 and parameters: {'window_ms': 205, 'overlap': 0.65, 'freq_low_hz': 1000, 'freq_high_hz': 1600}. Best is trial 628 with value: 0.414949757177793.
[I 2026-03-10 23:28:35,089] Trial 908 finished with value: 0.3568558096868414 and parameters: {'window_ms': 250, 'overlap': 0.65, 'freq_low_hz': 1000, 'freq_high_hz': 1600}. Best is trial 628 with value: 0.414949757177793.
[I 2026-03-10 23:28:39,550] Trial 909 finished with value: 0.4067685447428845 and parameters: {'window_ms': 250, 'overlap': 0.65, 'freq_low_hz': 1150, 'freq_high_hz': 1750}. Best is trial 628 with value: 0.414949757177793.
[I 2026-03-10 23:28:41,761] Trial 910 finished with value: 0.38209357677983735 and parameters: {'window_ms': 210, 'overlap': 0.7, 'freq_low_hz': 1150, 'freq_high_hz': 1750}. Best is trial 628 with value: 0.414949757177793.
[I 2026-03-10 23:28:45,425] Trial 911 finished with value: 0.38304980038410635 and parameters: {'window_ms': 250, 'overlap': 0.7, 'freq_low_hz': 1150, 'freq_high_hz': 1750}. Best is trial 628 with value: 0.414949757177793.
[I 2026-03-10 23:28:48,540] Trial 913 finished with value: 0.38225931817034187 and parameters: {'window_ms': 240, 'overlap': 0.7, 'freq_low_hz': 1150, 'freq_high_hz': 1750}. Best is trial 628 with value: 0.414949757177793.
[I 2026-03-10 23:28:49,259] Trial 914 finished with value: 0.3660768411066527 and parameters: {'window_ms': 115, 'overlap': 0.7, 'freq_low_hz': 1150, 'freq_high_hz': 1750}. Best is trial 628 with value: 0.414949757177793.
[I 2026-03-10 23:28:52,024] Trial 912 finished with value: 0.3639378219345329 and parameters: {'window_ms': 240, 'overlap': 0.7, 'freq_low_hz': 700, 'freq_high_hz': 1600}. Best is trial 628 with value: 0.414949757177793.
[I 2026-03-10 23:28:52,035] Trial 916 finished with value: 0.38225931817034187 and parameters: {'window_ms': 240, 'overlap': 0.7, 'freq_low_hz': 1150, 'freq_high_hz': 1750}. Best is trial 628 with value: 0.414949757177793.
[I 2026-03-10 23:28:52,318] Trial 915 finished with value: 0.3758427437966864 and parameters: {'window_ms': 245, 'overlap': 0.7, 'freq_low_hz': 1150, 'freq_high_hz': 1750}. Best is trial 628 with value: 0.414949757177793.
[I 2026-03-10 23:28:56,221] Trial 918 finished with value: 0.38225931817034187 and parameters: {'window_ms': 240, 'overlap': 0.7, 'freq_low_hz': 1150, 'freq_high_hz': 1750}. Best is trial 628 with value: 0.414949757177793.
[I 2026-03-10 23:28:56,876] Trial 917 finished with value: 0.36594218033846365 and parameters: {'window_ms': 110, 'overlap': 0.7, 'freq_low_hz': 1150, 'freq_high_hz': 1750}. Best is trial 628 with value: 0.414949757177793.
[I 2026-03-10 23:29:01,678] Trial 920 finished with value: 0.3800514626799333 and parameters: {'window_ms': 130, 'overlap': 0.7, 'freq_low_hz': 1150, 'freq_high_hz': 1750}. Best is trial 628 with value: 0.414949757177793.
[I 2026-03-10 23:29:02,088] Trial 919 finished with value: 0.3758427437966864 and parameters: {'window_ms': 245, 'overlap': 0.7, 'freq_low_hz': 1150, 'freq_high_hz': 1750}. Best is trial 628 with value: 0.414949757177793.
[I 2026-03-10 23:29:06,356] Trial 921 finished with value: 0.38225931817034187 and parameters: {'window_ms': 240, 'overlap': 0.7, 'freq_low_hz': 1150, 'freq_high_hz': 1750}. Best is trial 628 with value: 0.414949757177793.
[I 2026-03-10 23:29:07,894] Trial 922 finished with value: 0.4022980313149325 and parameters: {'window_ms': 240, 'overlap': 0.7, 'freq_low_hz': 1200, 'freq_high_hz': 1800}. Best is trial 628 with value: 0.414949757177793.
[I 2026-03-10 23:29:09,676] Trial 925 finished with value: 0.3783125271689488 and parameters: {'window_ms': 235, 'overlap': 0.25, 'freq_low_hz': 1200, 'freq_high_hz': 1800}. Best is trial 628 with value: 0.414949757177793.
[I 2026-03-10 23:29:10,263] Trial 923 finished with value: 0.4137971651170764 and parameters: {'window_ms': 240, 'overlap': 0.65, 'freq_low_hz': 1200, 'freq_high_hz': 1800}. Best is trial 628 with value: 0.414949757177793.
[I 2026-03-10 23:29:11,734] Trial 924 finished with value: 0.4016762765066289 and parameters: {'window_ms': 235, 'overlap': 0.65, 'freq_low_hz': 1200, 'freq_high_hz': 1800}. Best is trial 628 with value: 0.414949757177793.
[I 2026-03-10 23:29:12,130] Trial 926 finished with value: 0.4016762765066289 and parameters: {'window_ms': 235, 'overlap': 0.65, 'freq_low_hz': 1200, 'freq_high_hz': 1800}. Best is trial 628 with value: 0.414949757177793.
[I 2026-03-10 23:29:15,289] Trial 927 finished with value: 0.3783125271689488 and parameters: {'window_ms': 235, 'overlap': 0.25, 'freq_low_hz': 1200, 'freq_high_hz': 1800}. Best is trial 628 with value: 0.414949757177793.
[I 2026-03-10 23:29:18,572] Trial 928 finished with value: 0.4016762765066289 and parameters: {'window_ms': 235, 'overlap': 0.65, 'freq_low_hz': 1200, 'freq_high_hz': 1800}. Best is trial 628 with value: 0.414949757177793.
[I 2026-03-10 23:29:24,779] Trial 929 finished with value: 0.4016762765066289 and parameters: {'window_ms': 235, 'overlap': 0.65, 'freq_low_hz': 1200, 'freq_high_hz': 1800}. Best is trial 628 with value: 0.414949757177793.
[I 2026-03-10 23:29:33,722] Trial 932 finished with value: 0.3921930596138021 and parameters: {'window_ms': 235, 'overlap': 0.65, 'freq_low_hz': 1200, 'freq_high_hz': 1900}. Best is trial 628 with value: 0.414949757177793.
[I 2026-03-10 23:29:35,167] Trial 933 finished with value: 0.3926785955718411 and parameters: {'window_ms': 230, 'overlap': 0.65, 'freq_low_hz': 1200, 'freq_high_hz': 1900}. Best is trial 628 with value: 0.414949757177793.
[I 2026-03-10 23:29:36,598] Trial 931 finished with value: 0.3641067978543658 and parameters: {'window_ms': 235, 'overlap': 0.65, 'freq_low_hz': 1200, 'freq_high_hz': 2100}. Best is trial 628 with value: 0.414949757177793.
[I 2026-03-10 23:29:38,788] Trial 935 finished with value: 0.36404093916382685 and parameters: {'window_ms': 245, 'overlap': 0.65, 'freq_low_hz': 1200, 'freq_high_hz': 2100}. Best is trial 628 with value: 0.414949757177793.
[I 2026-03-10 23:29:42,952] Trial 934 finished with value: 0.36404093916382685 and parameters: {'window_ms': 245, 'overlap': 0.65, 'freq_low_hz': 1200, 'freq_high_hz': 2100}. Best is trial 628 with value: 0.414949757177793.
[I 2026-03-10 23:29:43,433] Trial 937 finished with value: 0.37987183038526534 and parameters: {'window_ms': 245, 'overlap': 0.65, 'freq_low_hz': 1200, 'freq_high_hz': 1900}. Best is trial 628 with value: 0.414949757177793.
[I 2026-03-10 23:29:44,903] Trial 936 finished with value: 0.36404093916382685 and parameters: {'window_ms': 245, 'overlap': 0.65, 'freq_low_hz': 1200, 'freq_high_hz': 2100}. Best is trial 628 with value: 0.414949757177793.
[I 2026-03-10 23:29:46,122] Trial 930 finished with value: 0.37468867257089233 and parameters: {'window_ms': 235, 'overlap': 0.65, 'freq_low_hz': 1200, 'freq_high_hz': 2900}. Best is trial 628 with value: 0.414949757177793.
[I 2026-03-10 23:29:46,914] Trial 938 finished with value: 0.38354145729562006 and parameters: {'window_ms': 250, 'overlap': 0.65, 'freq_low_hz': 1200, 'freq_high_hz': 1900}. Best is trial 628 with value: 0.414949757177793.
[I 2026-03-10 23:29:59,942] Trial 939 finished with value: 0.36404093916382685 and parameters: {'window_ms': 245, 'overlap': 0.65, 'freq_low_hz': 1200, 'freq_high_hz': 2100}. Best is trial 628 with value: 0.414949757177793.
[I 2026-03-10 23:30:03,734] Trial 940 finished with value: 0.36404093916382685 and parameters: {'window_ms': 245, 'overlap': 0.65, 'freq_low_hz': 1200, 'freq_high_hz': 2100}. Best is trial 628 with value: 0.414949757177793.
[I 2026-03-10 23:30:05,417] Trial 941 finished with value: 0.36404093916382685 and parameters: {'window_ms': 245, 'overlap': 0.65, 'freq_low_hz': 1200, 'freq_high_hz': 2100}. Best is trial 628 with value: 0.414949757177793.
[I 2026-03-10 23:30:07,253] Trial 943 finished with value: 0.37987183038526534 and parameters: {'window_ms': 245, 'overlap': 0.65, 'freq_low_hz': 1200, 'freq_high_hz': 1900}. Best is trial 628 with value: 0.414949757177793.
[I 2026-03-10 23:30:09,611] Trial 945 finished with value: 0.38354145729562006 and parameters: {'window_ms': 250, 'overlap': 0.65, 'freq_low_hz': 1200, 'freq_high_hz': 1900}. Best is trial 628 with value: 0.414949757177793.
[I 2026-03-10 23:30:14,643] Trial 944 finished with value: 0.38354145729562006 and parameters: {'window_ms': 250, 'overlap': 0.65, 'freq_low_hz': 1200, 'freq_high_hz': 1900}. Best is trial 628 with value: 0.414949757177793.
[I 2026-03-10 23:30:15,795] Trial 948 finished with value: 0.3922778045560112 and parameters: {'window_ms': 245, 'overlap': 0.75, 'freq_low_hz': 1200, 'freq_high_hz': 1900}. Best is trial 628 with value: 0.414949757177793.
[I 2026-03-10 23:30:17,198] Trial 947 finished with value: 0.378581176787374 and parameters: {'window_ms': 250, 'overlap': 0.75, 'freq_low_hz': 1200, 'freq_high_hz': 1900}. Best is trial 628 with value: 0.414949757177793.
[I 2026-03-10 23:30:18,221] Trial 946 finished with value: 0.3649762959809099 and parameters: {'window_ms': 250, 'overlap': 0.65, 'freq_low_hz': 650, 'freq_high_hz': 1600}. Best is trial 628 with value: 0.414949757177793.
[I 2026-03-10 23:30:24,261] Trial 950 finished with value: 0.38404190906816266 and parameters: {'window_ms': 240, 'overlap': 0.65, 'freq_low_hz': 1150, 'freq_high_hz': 1650}. Best is trial 628 with value: 0.414949757177793.
[I 2026-03-10 23:30:29,877] Trial 951 finished with value: 0.3834488486153828 and parameters: {'window_ms': 240, 'overlap': 0.75, 'freq_low_hz': 1150, 'freq_high_hz': 1650}. Best is trial 628 with value: 0.414949757177793.
[I 2026-03-10 23:30:30,906] Trial 953 finished with value: 0.38404190906816266 and parameters: {'window_ms': 240, 'overlap': 0.65, 'freq_low_hz': 1150, 'freq_high_hz': 1650}. Best is trial 628 with value: 0.414949757177793.
[I 2026-03-10 23:30:32,852] Trial 942 finished with value: 0.3607698160706438 and parameters: {'window_ms': 245, 'overlap': 0.65, 'freq_low_hz': 1200, 'freq_high_hz': 3900}. Best is trial 628 with value: 0.414949757177793.
