[I 2026-03-10 23:10:00,717] Trial 468 finished with value: 0.37732382096788497 and parameters: {'window_ms': 240, 'overlap': 0.55, 'freq_low_hz': 1200, 'freq_high_hz': 1800}. Best is trial 180 with value: 0.4147228372997391.
[I 2026-03-10 23:10:00,996] Trial 464 finished with value: 0.37085860607157134 and parameters: {'window_ms': 225, 'overlap': 0.55, 'freq_low_hz': 100, 'freq_high_hz': 1500}. Best is trial 180 with value: 0.4147228372997391.
[I 2026-03-10 23:10:01,129] Trial 467 finished with value: 0.39922640842102186 and parameters: {'window_ms': 225, 'overlap': 0.55, 'freq_low_hz': 1200, 'freq_high_hz': 1800}. Best is trial 180 with value: 0.4147228372997391.
[I 2026-03-10 23:10:02,501] Trial 470 finished with value: 0.37732382096788497 and parameters: {'window_ms': 240, 'overlap': 0.55, 'freq_low_hz': 1200, 'freq_high_hz': 1800}. Best is trial 180 with value: 0.4147228372997391.
[I 2026-03-10 23:10:06,145] Trial 469 finished with value: 0.3869182862420676 and parameters: {'window_ms': 240, 'overlap': 0.55, 'freq_low_hz': 350, 'freq_high_hz': 1800}. Best is trial 180 with value: 0.4147228372997391.
[I 2026-03-10 23:10:10,489] Trial 472 finished with value: 0.37732382096788497 and parameters: {'window_ms': 240, 'overlap': 0.55, 'freq_low_hz': 1200, 'freq_high_hz': 1800}. Best is trial 180 with value: 0.4147228372997391.
[I 2026-03-10 23:10:10,800] Trial 471 finished with value: 0.37732382096788497 and parameters: {'window_ms': 240, 'overlap': 0.55, 'freq_low_hz': 1200, 'freq_high_hz': 1800}. Best is trial 180 with value: 0.4147228372997391.
[I 2026-03-10 23:10:12,482] Trial 473 finished with value: 0.37732382096788497 and parameters: {'window_ms': 240, 'overlap': 0.55, 'freq_low_hz': 1200, 'freq_high_hz': 1800}. Best is trial 180 with value: 0.4147228372997391.
[I 2026-03-10 23:10:14,797] Trial 474 finished with value: 0.4137971651170764 and parameters: {'window_ms': 240, 'overlap': 0.65, 'freq_low_hz': 1200, 'freq_high_hz': 1800}. Best is trial 180 with value: 0.4147228372997391.
[I 2026-03-10 23:10:16,817] Trial 475 finished with value: 0.4137971651170764 and parameters: {'window_ms': 240, 'overlap': 0.65, 'freq_low_hz': 1200, 'freq_high_hz': 1800}. Best is trial 180 with value: 0.4147228372997391.
[I 2026-03-10 23:10:20,330] Trial 476 finished with value: 0.40956090190401906 and parameters: {'window_ms': 215, 'overlap': 0.65, 'freq_low_hz': 1200, 'freq_high_hz': 1800}. Best is trial 180 with value: 0.4147228372997391.
[I 2026-03-10 23:10:21,413] Trial 479 finished with value: 0.4137971651170764 and parameters: {'window_ms': 240, 'overlap': 0.65, 'freq_low_hz': 1200, 'freq_high_hz': 1800}. Best is trial 180 with value: 0.4147228372997391.
[I 2026-03-10 23:10:22,069] Trial 478 finished with value: 0.35729365896626 and parameters: {'window_ms': 240, 'overlap': 0.65, 'freq_low_hz': 900, 'freq_high_hz': 1600}. Best is trial 180 with value: 0.4147228372997391.
[I 2026-03-10 23:10:25,932] Trial 480 finished with value: 0.4137971651170764 and parameters: {'window_ms': 240, 'overlap': 0.65, 'freq_low_hz': 1200, 'freq_high_hz': 1800}. Best is trial 180 with value: 0.4147228372997391.
[I 2026-03-10 23:10:27,954] Trial 477 finished with value: 0.35485316919926385 and parameters: {'window_ms': 215, 'overlap': 0.65, 'freq_low_hz': 350, 'freq_high_hz': 1600}. Best is trial 180 with value: 0.4147228372997391.
[I 2026-03-10 23:10:29,107] Trial 482 finished with value: 0.38878920561633756 and parameters: {'window_ms': 60, 'overlap': 0.65, 'freq_low_hz': 1100, 'freq_high_hz': 1600}. Best is trial 180 with value: 0.4147228372997391.
[I 2026-03-10 23:10:31,130] Trial 481 finished with value: 0.40956090190401906 and parameters: {'window_ms': 215, 'overlap': 0.65, 'freq_low_hz': 1200, 'freq_high_hz': 1800}. Best is trial 180 with value: 0.4147228372997391.
[I 2026-03-10 23:10:33,996] Trial 483 finished with value: 0.37070842258080955 and parameters: {'window_ms': 220, 'overlap': 0.65, 'freq_low_hz': 850, 'freq_high_hz': 1600}. Best is trial 180 with value: 0.4147228372997391.
[I 2026-03-10 23:10:34,130] Trial 484 finished with value: 0.3769646579297812 and parameters: {'window_ms': 220, 'overlap': 0.65, 'freq_low_hz': 1100, 'freq_high_hz': 1600}. Best is trial 180 with value: 0.4147228372997391.
[I 2026-03-10 23:10:37,402] Trial 485 finished with value: 0.3571169575752907 and parameters: {'window_ms': 215, 'overlap': 0.65, 'freq_low_hz': 900, 'freq_high_hz': 1600}. Best is trial 180 with value: 0.4147228372997391.
[I 2026-03-10 23:10:41,385] Trial 486 finished with value: 0.36359190623364035 and parameters: {'window_ms': 235, 'overlap': 0.65, 'freq_low_hz': 900, 'freq_high_hz': 1600}. Best is trial 180 with value: 0.4147228372997391.
[I 2026-03-10 23:10:41,521] Trial 487 finished with value: 0.3750570610756386 and parameters: {'window_ms': 240, 'overlap': 0.65, 'freq_low_hz': 1150, 'freq_high_hz': 1750}. Best is trial 180 with value: 0.4147228372997391.
[I 2026-03-10 23:10:43,013] Trial 488 finished with value: 0.3704846275653114 and parameters: {'window_ms': 240, 'overlap': 0.65, 'freq_low_hz': 1100, 'freq_high_hz': 1600}. Best is trial 180 with value: 0.4147228372997391.
[I 2026-03-10 23:10:47,266] Trial 489 finished with value: 0.3750570610756386 and parameters: {'window_ms': 240, 'overlap': 0.65, 'freq_low_hz': 1150, 'freq_high_hz': 1750}. Best is trial 180 with value: 0.4147228372997391.
[I 2026-03-10 23:10:47,937] Trial 490 finished with value: 0.3704846275653114 and parameters: {'window_ms': 240, 'overlap': 0.65, 'freq_low_hz': 1100, 'freq_high_hz': 1600}. Best is trial 180 with value: 0.4147228372997391.
[I 2026-03-10 23:10:51,343] Trial 491 finished with value: 0.3750570610756386 and parameters: {'window_ms': 240, 'overlap': 0.65, 'freq_low_hz': 1150, 'freq_high_hz': 1750}. Best is trial 180 with value: 0.4147228372997391.
[I 2026-03-10 23:10:53,720] Trial 493 finished with value: 0.3750570610756386 and parameters: {'window_ms': 240, 'overlap': 0.65, 'freq_low_hz': 1150, 'freq_high_hz': 1750}. Best is trial 180 with value: 0.4147228372997391.
[I 2026-03-10 23:10:55,197] Trial 492 finished with value: 0.3657206456540234 and parameters: {'window_ms': 185, 'overlap': 0.65, 'freq_low_hz': 700, 'freq_high_hz': 1600}. Best is trial 180 with value: 0.4147228372997391.
[I 2026-03-10 23:10:56,395] Trial 494 finished with value: 0.3750570610756386 and parameters: {'window_ms': 240, 'overlap': 0.65, 'freq_low_hz': 1150, 'freq_high_hz': 1750}. Best is trial 180 with value: 0.4147228372997391.
[I 2026-03-10 23:11:04,405] Trial 497 finished with value: 0.38254902162558846 and parameters: {'window_ms': 240, 'overlap': 0.65, 'freq_low_hz': 1200, 'freq_high_hz': 1900}. Best is trial 180 with value: 0.4147228372997391.
[I 2026-03-10 23:11:09,350] Trial 496 finished with value: 0.37812408708861905 and parameters: {'window_ms': 240, 'overlap': 0.65, 'freq_low_hz': 1150, 'freq_high_hz': 1950}. Best is trial 180 with value: 0.4147228372997391.
[I 2026-03-10 23:11:11,801] Trial 498 finished with value: 0.37812408708861905 and parameters: {'window_ms': 240, 'overlap': 0.65, 'freq_low_hz': 1150, 'freq_high_hz': 1950}. Best is trial 180 with value: 0.4147228372997391.
[I 2026-03-10 23:11:14,453] Trial 499 finished with value: 0.3921930596138021 and parameters: {'window_ms': 235, 'overlap': 0.65, 'freq_low_hz': 1200, 'freq_high_hz': 1900}. Best is trial 180 with value: 0.4147228372997391.
[I 2026-03-10 23:11:15,733] Trial 500 finished with value: 0.3921689236484934 and parameters: {'window_ms': 235, 'overlap': 0.65, 'freq_low_hz': 1150, 'freq_high_hz': 1950}. Best is trial 180 with value: 0.4147228372997391.
[I 2026-03-10 23:11:16,885] Trial 501 finished with value: 0.3921930596138021 and parameters: {'window_ms': 235, 'overlap': 0.65, 'freq_low_hz': 1200, 'freq_high_hz': 1900}. Best is trial 180 with value: 0.4147228372997391.
[I 2026-03-10 23:11:20,579] Trial 502 finished with value: 0.3921930596138021 and parameters: {'window_ms': 235, 'overlap': 0.65, 'freq_low_hz': 1200, 'freq_high_hz': 1900}. Best is trial 180 with value: 0.4147228372997391.
[I 2026-03-10 23:11:21,200] Trial 504 finished with value: 0.3921930596138021 and parameters: {'window_ms': 235, 'overlap': 0.65, 'freq_low_hz': 1200, 'freq_high_hz': 1900}. Best is trial 180 with value: 0.4147228372997391.
[I 2026-03-10 23:11:35,860] Trial 506 finished with value: 0.3921930596138021 and parameters: {'window_ms': 235, 'overlap': 0.65, 'freq_low_hz': 1200, 'freq_high_hz': 1900}. Best is trial 180 with value: 0.4147228372997391.
[I 2026-03-10 23:11:35,905] Trial 509 finished with value: 0.3834861122244705 and parameters: {'window_ms': 235, 'overlap': 0.65, 'freq_low_hz': 1200, 'freq_high_hz': 1700}. Best is trial 180 with value: 0.4147228372997391.
[I 2026-03-10 23:11:38,125] Trial 507 finished with value: 0.3921930596138021 and parameters: {'window_ms': 235, 'overlap': 0.65, 'freq_low_hz': 1200, 'freq_high_hz': 1900}. Best is trial 180 with value: 0.4147228372997391.
[I 2026-03-10 23:11:38,774] Trial 511 finished with value: 0.41234034349139786 and parameters: {'window_ms': 225, 'overlap': 0.65, 'freq_low_hz': 1200, 'freq_high_hz': 1700}. Best is trial 180 with value: 0.4147228372997391.
[I 2026-03-10 23:11:41,025] Trial 512 finished with value: 0.41234034349139786 and parameters: {'window_ms': 225, 'overlap': 0.65, 'freq_low_hz': 1200, 'freq_high_hz': 1700}. Best is trial 180 with value: 0.4147228372997391.
[I 2026-03-10 23:11:43,886] Trial 495 finished with value: 0.3463971660037678 and parameters: {'window_ms': 190, 'overlap': 0.65, 'freq_low_hz': 1150, 'freq_high_hz': 5350}. Best is trial 180 with value: 0.4147228372997391.
[I 2026-03-10 23:11:44,454] Trial 505 finished with value: 0.367045101888778 and parameters: {'window_ms': 235, 'overlap': 0.65, 'freq_low_hz': 1200, 'freq_high_hz': 3300}. Best is trial 180 with value: 0.4147228372997391.
[I 2026-03-10 23:11:44,928] Trial 508 finished with value: 0.36368719213874534 and parameters: {'window_ms': 225, 'overlap': 0.65, 'freq_low_hz': 1200, 'freq_high_hz': 2200}. Best is trial 180 with value: 0.4147228372997391.
[I 2026-03-10 23:11:52,481] Trial 503 finished with value: 0.36047872239735096 and parameters: {'window_ms': 235, 'overlap': 0.65, 'freq_low_hz': 1200, 'freq_high_hz': 4100}. Best is trial 180 with value: 0.4147228372997391.
[I 2026-03-10 23:11:54,033] Trial 510 finished with value: 0.3608891572418633 and parameters: {'window_ms': 235, 'overlap': 0.65, 'freq_low_hz': 1200, 'freq_high_hz': 3000}. Best is trial 180 with value: 0.4147228372997391.
[I 2026-03-10 23:11:54,390] Trial 513 finished with value: 0.4058519028881417 and parameters: {'window_ms': 225, 'overlap': 0.6000000000000001, 'freq_low_hz': 1200, 'freq_high_hz': 1700}. Best is trial 180 with value: 0.4147228372997391.
[I 2026-03-10 23:12:01,533] Trial 520 finished with value: 0.4058519028881417 and parameters: {'window_ms': 225, 'overlap': 0.6000000000000001, 'freq_low_hz': 1200, 'freq_high_hz': 1700}. Best is trial 180 with value: 0.4147228372997391.
[I 2026-03-10 23:12:02,495] Trial 516 finished with value: 0.3635994693048444 and parameters: {'window_ms': 225, 'overlap': 0.6000000000000001, 'freq_low_hz': 1200, 'freq_high_hz': 2200}. Best is trial 180 with value: 0.4147228372997391.
[I 2026-03-10 23:12:02,858] Trial 519 finished with value: 0.4058519028881417 and parameters: {'window_ms': 225, 'overlap': 0.6000000000000001, 'freq_low_hz': 1200, 'freq_high_hz': 1700}. Best is trial 180 with value: 0.4147228372997391.
[I 2026-03-10 23:12:07,104] Trial 514 finished with value: 0.36085037445633955 and parameters: {'window_ms': 225, 'overlap': 0.6000000000000001, 'freq_low_hz': 1200, 'freq_high_hz': 3000}. Best is trial 180 with value: 0.4147228372997391.
[I 2026-03-10 23:12:10,445] Trial 521 finished with value: 0.38171233354872985 and parameters: {'window_ms': 225, 'overlap': 0.6000000000000001, 'freq_low_hz': 1150, 'freq_high_hz': 1750}. Best is trial 180 with value: 0.4147228372997391.
[I 2026-03-10 23:12:10,554] Trial 523 finished with value: 0.38056768804281693 and parameters: {'window_ms': 170, 'overlap': 0.6000000000000001, 'freq_low_hz': 1150, 'freq_high_hz': 1750}. Best is trial 180 with value: 0.4147228372997391.
[I 2026-03-10 23:12:11,393] Trial 517 finished with value: 0.3750157144203768 and parameters: {'window_ms': 225, 'overlap': 0.6000000000000001, 'freq_low_hz': 1200, 'freq_high_hz': 3200}. Best is trial 180 with value: 0.4147228372997391.
[I 2026-03-10 23:12:13,316] Trial 518 finished with value: 0.34535955557294995 and parameters: {'window_ms': 135, 'overlap': 0.6000000000000001, 'freq_low_hz': 1200, 'freq_high_hz': 3200}. Best is trial 180 with value: 0.4147228372997391.
[I 2026-03-10 23:12:14,105] Trial 515 finished with value: 0.36706238190672863 and parameters: {'window_ms': 225, 'overlap': 0.6000000000000001, 'freq_low_hz': 1200, 'freq_high_hz': 3300}. Best is trial 180 with value: 0.4147228372997391.
[I 2026-03-10 23:12:14,262] Trial 522 finished with value: 0.38171233354872985 and parameters: {'window_ms': 225, 'overlap': 0.6000000000000001, 'freq_low_hz': 1150, 'freq_high_hz': 1750}. Best is trial 180 with value: 0.4147228372997391.
[I 2026-03-10 23:12:20,582] Trial 526 finished with value: 0.3813763199198975 and parameters: {'window_ms': 175, 'overlap': 0.6000000000000001, 'freq_low_hz': 1150, 'freq_high_hz': 1750}. Best is trial 180 with value: 0.4147228372997391.
[I 2026-03-10 23:12:22,032] Trial 525 finished with value: 0.36488043196801684 and parameters: {'window_ms': 230, 'overlap': 0.6000000000000001, 'freq_low_hz': 950, 'freq_high_hz': 1600}. Best is trial 180 with value: 0.4147228372997391.
[I 2026-03-10 23:12:24,538] Trial 527 finished with value: 0.3730850126484436 and parameters: {'window_ms': 230, 'overlap': 0.3, 'freq_low_hz': 950, 'freq_high_hz': 1600}. Best is trial 180 with value: 0.4147228372997391.
[I 2026-03-10 23:12:28,211] Trial 528 finished with value: 0.3568163566191876 and parameters: {'window_ms': 230, 'overlap': 0.7, 'freq_low_hz': 950, 'freq_high_hz': 1600}. Best is trial 180 with value: 0.4147228372997391.
[I 2026-03-10 23:12:28,446] Trial 524 finished with value: 0.3643715711445471 and parameters: {'window_ms': 230, 'overlap': 0.6000000000000001, 'freq_low_hz': 950, 'freq_high_hz': 2100}. Best is trial 180 with value: 0.4147228372997391.
[I 2026-03-10 23:12:30,704] Trial 529 finished with value: 0.3821353433206968 and parameters: {'window_ms': 230, 'overlap': 0.7, 'freq_low_hz': 1150, 'freq_high_hz': 1750}. Best is trial 180 with value: 0.4147228372997391.
[I 2026-03-10 23:12:33,287] Trial 530 finished with value: 0.37787470299915726 and parameters: {'window_ms': 230, 'overlap': 0.7, 'freq_low_hz': 1150, 'freq_high_hz': 2050}. Best is trial 180 with value: 0.4147228372997391.
[I 2026-03-10 23:12:33,692] Trial 532 finished with value: 0.3564097641891788 and parameters: {'window_ms': 240, 'overlap': 0.7, 'freq_low_hz': 950, 'freq_high_hz': 1600}. Best is trial 180 with value: 0.4147228372997391.
[I 2026-03-10 23:12:34,529] Trial 533 finished with value: 0.3564097641891788 and parameters: {'window_ms': 240, 'overlap': 0.7, 'freq_low_hz': 950, 'freq_high_hz': 1600}. Best is trial 180 with value: 0.4147228372997391.
[I 2026-03-10 23:12:43,146] Trial 535 finished with value: 0.3564097641891788 and parameters: {'window_ms': 240, 'overlap': 0.7, 'freq_low_hz': 950, 'freq_high_hz': 1600}. Best is trial 180 with value: 0.4147228372997391.
[I 2026-03-10 23:12:44,356] Trial 536 finished with value: 0.36376073244941115 and parameters: {'window_ms': 115, 'overlap': 0.7, 'freq_low_hz': 1150, 'freq_high_hz': 2050}. Best is trial 180 with value: 0.4147228372997391.
[I 2026-03-10 23:12:45,105] Trial 534 finished with value: 0.37787470299915726 and parameters: {'window_ms': 230, 'overlap': 0.7, 'freq_low_hz': 1150, 'freq_high_hz': 2050}. Best is trial 180 with value: 0.4147228372997391.
[I 2026-03-10 23:12:47,951] Trial 537 finished with value: 0.38386089958811753 and parameters: {'window_ms': 240, 'overlap': 0.65, 'freq_low_hz': 1150, 'freq_high_hz': 1850}. Best is trial 180 with value: 0.4147228372997391.
[I 2026-03-10 23:12:48,291] Trial 538 finished with value: 0.36407044004821176 and parameters: {'window_ms': 205, 'overlap': 0.65, 'freq_low_hz': 800, 'freq_high_hz': 1600}. Best is trial 180 with value: 0.4147228372997391.
[I 2026-03-10 23:12:50,662] Trial 540 finished with value: 0.4137971651170764 and parameters: {'window_ms': 240, 'overlap': 0.65, 'freq_low_hz': 1200, 'freq_high_hz': 1800}. Best is trial 180 with value: 0.4147228372997391.
[I 2026-03-10 23:12:52,795] Trial 542 finished with value: 0.40355287725513184 and parameters: {'window_ms': 245, 'overlap': 0.65, 'freq_low_hz': 1200, 'freq_high_hz': 1800}. Best is trial 180 with value: 0.4147228372997391.
[I 2026-03-10 23:12:53,205] Trial 539 finished with value: 0.3782787045457704 and parameters: {'window_ms': 245, 'overlap': 0.65, 'freq_low_hz': 1100, 'freq_high_hz': 2000}. Best is trial 180 with value: 0.4147228372997391.
[I 2026-03-10 23:13:00,894] Trial 541 finished with value: 0.3799249438888527 and parameters: {'window_ms': 240, 'overlap': 0.65, 'freq_low_hz': 150, 'freq_high_hz': 1600}. Best is trial 180 with value: 0.4147228372997391.
[I 2026-03-10 23:13:02,193] Trial 543 finished with value: 0.40355287725513184 and parameters: {'window_ms': 245, 'overlap': 0.65, 'freq_low_hz': 1200, 'freq_high_hz': 1800}. Best is trial 180 with value: 0.4147228372997391.
[I 2026-03-10 23:13:02,473] Trial 544 finished with value: 0.37752609493870026 and parameters: {'window_ms': 250, 'overlap': 0.65, 'freq_low_hz': 1200, 'freq_high_hz': 1800}. Best is trial 180 with value: 0.4147228372997391.
[I 2026-03-10 23:13:04,509] Trial 531 finished with value: 0.35451053970167296 and parameters: {'window_ms': 230, 'overlap': 0.7, 'freq_low_hz': 1150, 'freq_high_hz': 5050}. Best is trial 180 with value: 0.4147228372997391.
[I 2026-03-10 23:13:04,562] Trial 545 finished with value: 0.40355287725513184 and parameters: {'window_ms': 245, 'overlap': 0.65, 'freq_low_hz': 1200, 'freq_high_hz': 1800}. Best is trial 180 with value: 0.4147228372997391.
[I 2026-03-10 23:13:05,602] Trial 546 finished with value: 0.37752609493870026 and parameters: {'window_ms': 250, 'overlap': 0.65, 'freq_low_hz': 1200, 'freq_high_hz': 1800}. Best is trial 180 with value: 0.4147228372997391.
[I 2026-03-10 23:13:08,077] Trial 548 finished with value: 0.40355287725513184 and parameters: {'window_ms': 245, 'overlap': 0.65, 'freq_low_hz': 1200, 'freq_high_hz': 1800}. Best is trial 180 with value: 0.4147228372997391.
[I 2026-03-10 23:13:11,544] Trial 550 finished with value: 0.4052419006536092 and parameters: {'window_ms': 250, 'overlap': 0.65, 'freq_low_hz': 1200, 'freq_high_hz': 1700}. Best is trial 180 with value: 0.4147228372997391.
[I 2026-03-10 23:13:12,442] Trial 547 finished with value: 0.3592330206639358 and parameters: {'window_ms': 245, 'overlap': 0.6000000000000001, 'freq_low_hz': 250, 'freq_high_hz': 1500}. Best is trial 180 with value: 0.4147228372997391.
[I 2026-03-10 23:13:14,029] Trial 549 finished with value: 0.3663366533753117 and parameters: {'window_ms': 250, 'overlap': 0.65, 'freq_low_hz': 800, 'freq_high_hz': 1500}. Best is trial 180 with value: 0.4147228372997391.
[I 2026-03-10 23:13:18,966] Trial 553 finished with value: 0.4052419006536092 and parameters: {'window_ms': 250, 'overlap': 0.65, 'freq_low_hz': 1200, 'freq_high_hz': 1700}. Best is trial 180 with value: 0.4147228372997391.
[I 2026-03-10 23:13:19,640] Trial 552 finished with value: 0.4052419006536092 and parameters: {'window_ms': 250, 'overlap': 0.65, 'freq_low_hz': 1200, 'freq_high_hz': 1700}. Best is trial 180 with value: 0.4147228372997391.
[I 2026-03-10 23:13:21,032] Trial 554 finished with value: 0.3834861122244705 and parameters: {'window_ms': 235, 'overlap': 0.65, 'freq_low_hz': 1200, 'freq_high_hz': 1700}. Best is trial 180 with value: 0.4147228372997391.
[I 2026-03-10 23:13:21,613] Trial 555 finished with value: 0.3834861122244705 and parameters: {'window_ms': 235, 'overlap': 0.65, 'freq_low_hz': 1200, 'freq_high_hz': 1700}. Best is trial 180 with value: 0.4147228372997391.
[I 2026-03-10 23:13:22,701] Trial 556 finished with value: 0.3834861122244705 and parameters: {'window_ms': 235, 'overlap': 0.65, 'freq_low_hz': 1200, 'freq_high_hz': 1700}. Best is trial 180 with value: 0.4147228372997391.
[I 2026-03-10 23:13:26,791] Trial 557 finished with value: 0.3834861122244705 and parameters: {'window_ms': 235, 'overlap': 0.65, 'freq_low_hz': 1200, 'freq_high_hz': 1700}. Best is trial 180 with value: 0.4147228372997391.
[I 2026-03-10 23:13:27,501] Trial 558 finished with value: 0.38329664256772433 and parameters: {'window_ms': 235, 'overlap': 0.6000000000000001, 'freq_low_hz': 1200, 'freq_high_hz': 1700}. Best is trial 180 with value: 0.4147228372997391.
[I 2026-03-10 23:13:30,539] Trial 560 finished with value: 0.38329664256772433 and parameters: {'window_ms': 235, 'overlap': 0.6000000000000001, 'freq_low_hz': 1200, 'freq_high_hz': 1700}. Best is trial 180 with value: 0.4147228372997391.
[I 2026-03-10 23:13:36,430] Trial 561 finished with value: 0.380552962182732 and parameters: {'window_ms': 235, 'overlap': 0.6000000000000001, 'freq_low_hz': 1150, 'freq_high_hz': 1850}. Best is trial 180 with value: 0.4147228372997391.
[I 2026-03-10 23:13:39,465] Trial 563 finished with value: 0.380552962182732 and parameters: {'window_ms': 235, 'overlap': 0.6000000000000001, 'freq_low_hz': 1150, 'freq_high_hz': 1850}. Best is trial 180 with value: 0.4147228372997391.
[I 2026-03-10 23:13:39,680] Trial 562 finished with value: 0.380552962182732 and parameters: {'window_ms': 235, 'overlap': 0.6000000000000001, 'freq_low_hz': 1150, 'freq_high_hz': 1850}. Best is trial 180 with value: 0.4147228372997391.
