[I 2026-03-10 23:17:11,963] Trial 659 finished with value: 0.4016762765066289 and parameters: {'window_ms': 235, 'overlap': 0.65, 'freq_low_hz': 1200, 'freq_high_hz': 1800}. Best is trial 628 with value: 0.414949757177793.
[I 2026-03-10 23:17:15,594] Trial 651 finished with value: 0.35443223943331514 and parameters: {'window_ms': 215, 'overlap': 0.65, 'freq_low_hz': 1200, 'freq_high_hz': 3800}. Best is trial 628 with value: 0.414949757177793.
[I 2026-03-10 23:17:18,498] Trial 662 finished with value: 0.39205019630573334 and parameters: {'window_ms': 240, 'overlap': 0.65, 'freq_low_hz': 1200, 'freq_high_hz': 2000}. Best is trial 628 with value: 0.414949757177793.
[I 2026-03-10 23:17:20,646] Trial 663 finished with value: 0.39213653083864647 and parameters: {'window_ms': 235, 'overlap': 0.65, 'freq_low_hz': 1200, 'freq_high_hz': 2000}. Best is trial 628 with value: 0.414949757177793.
[I 2026-03-10 23:17:21,714] Trial 660 finished with value: 0.37876700505566513 and parameters: {'window_ms': 235, 'overlap': 0.65, 'freq_low_hz': 900, 'freq_high_hz': 2000}. Best is trial 628 with value: 0.414949757177793.
[I 2026-03-10 23:17:27,183] Trial 664 finished with value: 0.39205019630573334 and parameters: {'window_ms': 240, 'overlap': 0.65, 'freq_low_hz': 1200, 'freq_high_hz': 2000}. Best is trial 628 with value: 0.414949757177793.
[I 2026-03-10 23:17:30,553] Trial 666 finished with value: 0.39205019630573334 and parameters: {'window_ms': 240, 'overlap': 0.65, 'freq_low_hz': 1200, 'freq_high_hz': 2000}. Best is trial 628 with value: 0.414949757177793.
[I 2026-03-10 23:17:37,514] Trial 665 finished with value: 0.36498904978039015 and parameters: {'window_ms': 240, 'overlap': 0.65, 'freq_low_hz': 900, 'freq_high_hz': 2000}. Best is trial 628 with value: 0.414949757177793.
[I 2026-03-10 23:17:42,900] Trial 661 finished with value: 0.3544342365918461 and parameters: {'window_ms': 235, 'overlap': 0.65, 'freq_low_hz': 1200, 'freq_high_hz': 3800}. Best is trial 628 with value: 0.414949757177793.
[I 2026-03-10 23:17:42,954] Trial 667 finished with value: 0.36638908788367597 and parameters: {'window_ms': 190, 'overlap': 0.65, 'freq_low_hz': 400, 'freq_high_hz': 2000}. Best is trial 628 with value: 0.414949757177793.
[I 2026-03-10 23:17:45,324] Trial 672 finished with value: 0.3574314931412927 and parameters: {'window_ms': 155, 'overlap': 0.65, 'freq_low_hz': 1050, 'freq_high_hz': 1600}. Best is trial 628 with value: 0.414949757177793.
[I 2026-03-10 23:17:47,745] Trial 671 finished with value: 0.3916993605183614 and parameters: {'window_ms': 195, 'overlap': 0.65, 'freq_low_hz': 1200, 'freq_high_hz': 2000}. Best is trial 628 with value: 0.414949757177793.
[I 2026-03-10 23:17:49,618] Trial 668 finished with value: 0.37869017247821973 and parameters: {'window_ms': 215, 'overlap': 0.65, 'freq_low_hz': 900, 'freq_high_hz': 2000}. Best is trial 628 with value: 0.414949757177793.
[I 2026-03-10 23:17:54,361] Trial 674 finished with value: 0.392127156469242 and parameters: {'window_ms': 190, 'overlap': 0.65, 'freq_low_hz': 1200, 'freq_high_hz': 1900}. Best is trial 628 with value: 0.414949757177793.
[I 2026-03-10 23:17:58,962] Trial 670 finished with value: 0.3633552825638236 and parameters: {'window_ms': 185, 'overlap': 0.65, 'freq_low_hz': 900, 'freq_high_hz': 2300}. Best is trial 628 with value: 0.414949757177793.
[I 2026-03-10 23:18:01,198] Trial 673 finished with value: 0.36362086921608044 and parameters: {'window_ms': 200, 'overlap': 0.65, 'freq_low_hz': 1050, 'freq_high_hz': 2100}. Best is trial 628 with value: 0.414949757177793.
[I 2026-03-10 23:18:05,387] Trial 669 finished with value: 0.362711643608703 and parameters: {'window_ms': 190, 'overlap': 0.65, 'freq_low_hz': 400, 'freq_high_hz': 2300}. Best is trial 628 with value: 0.414949757177793.
[I 2026-03-10 23:18:09,731] Trial 677 finished with value: 0.39509604221090316 and parameters: {'window_ms': 175, 'overlap': 0.65, 'freq_low_hz': 1200, 'freq_high_hz': 1900}. Best is trial 628 with value: 0.414949757177793.
[I 2026-03-10 23:18:10,630] Trial 680 finished with value: 0.3729079855269013 and parameters: {'window_ms': 120, 'overlap': 0.65, 'freq_low_hz': 950, 'freq_high_hz': 1600}. Best is trial 628 with value: 0.414949757177793.
[I 2026-03-10 23:18:11,073] Trial 675 finished with value: 0.3639798391818116 and parameters: {'window_ms': 180, 'overlap': 0.65, 'freq_low_hz': 950, 'freq_high_hz': 2100}. Best is trial 628 with value: 0.414949757177793.
[I 2026-03-10 23:18:11,934] Trial 679 finished with value: 0.35788047778194876 and parameters: {'window_ms': 185, 'overlap': 0.65, 'freq_low_hz': 950, 'freq_high_hz': 1600}. Best is trial 628 with value: 0.414949757177793.
[I 2026-03-10 23:18:13,663] Trial 676 finished with value: 0.3633216647776556 and parameters: {'window_ms': 215, 'overlap': 0.65, 'freq_low_hz': 1200, 'freq_high_hz': 2300}. Best is trial 628 with value: 0.414949757177793.
[I 2026-03-10 23:18:18,859] Trial 681 finished with value: 0.37913685796870866 and parameters: {'window_ms': 170, 'overlap': 0.65, 'freq_low_hz': 1150, 'freq_high_hz': 1850}. Best is trial 628 with value: 0.414949757177793.
[I 2026-03-10 23:18:24,779] Trial 682 finished with value: 0.37956915240920824 and parameters: {'window_ms': 195, 'overlap': 0.65, 'freq_low_hz': 1150, 'freq_high_hz': 1850}. Best is trial 628 with value: 0.414949757177793.
[I 2026-03-10 23:18:26,773] Trial 678 finished with value: 0.36315934949720763 and parameters: {'window_ms': 215, 'overlap': 0.65, 'freq_low_hz': 950, 'freq_high_hz': 2300}. Best is trial 628 with value: 0.414949757177793.
[I 2026-03-10 23:18:26,842] Trial 684 finished with value: 0.3575414616236705 and parameters: {'window_ms': 195, 'overlap': 0.65, 'freq_low_hz': 950, 'freq_high_hz': 1600}. Best is trial 628 with value: 0.414949757177793.
[I 2026-03-10 23:18:35,015] Trial 685 finished with value: 0.37913685796870866 and parameters: {'window_ms': 170, 'overlap': 0.65, 'freq_low_hz': 1150, 'freq_high_hz': 1850}. Best is trial 628 with value: 0.414949757177793.
[I 2026-03-10 23:18:35,917] Trial 688 finished with value: 0.38342356922182763 and parameters: {'window_ms': 200, 'overlap': 0.65, 'freq_low_hz': 1150, 'freq_high_hz': 1850}. Best is trial 628 with value: 0.414949757177793.
[I 2026-03-10 23:18:36,526] Trial 686 finished with value: 0.3825292127486277 and parameters: {'window_ms': 175, 'overlap': 0.65, 'freq_low_hz': 1150, 'freq_high_hz': 1850}. Best is trial 628 with value: 0.414949757177793.
[I 2026-03-10 23:18:41,947] Trial 689 finished with value: 0.38454673566342096 and parameters: {'window_ms': 250, 'overlap': 0.65, 'freq_low_hz': 1150, 'freq_high_hz': 1850}. Best is trial 628 with value: 0.414949757177793.
[I 2026-03-10 23:18:44,171] Trial 683 finished with value: 0.38470000677747906 and parameters: {'window_ms': 245, 'overlap': 0.65, 'freq_low_hz': 950, 'freq_high_hz': 2600}. Best is trial 628 with value: 0.414949757177793.
[I 2026-03-10 23:18:45,744] Trial 687 finished with value: 0.37887314589630083 and parameters: {'window_ms': 210, 'overlap': 0.65, 'freq_low_hz': 500, 'freq_high_hz': 1600}. Best is trial 628 with value: 0.414949757177793.
[I 2026-03-10 23:18:47,527] Trial 691 finished with value: 0.3833479162642823 and parameters: {'window_ms': 250, 'overlap': 0.7, 'freq_low_hz': 1150, 'freq_high_hz': 1650}. Best is trial 628 with value: 0.414949757177793.
[I 2026-03-10 23:18:48,622] Trial 690 finished with value: 0.37968325289232313 and parameters: {'window_ms': 230, 'overlap': 0.7, 'freq_low_hz': 1150, 'freq_high_hz': 1850}. Best is trial 628 with value: 0.414949757177793.
[I 2026-03-10 23:18:48,839] Trial 693 finished with value: 0.40948696084042213 and parameters: {'window_ms': 200, 'overlap': 0.7, 'freq_low_hz': 1200, 'freq_high_hz': 1800}. Best is trial 628 with value: 0.414949757177793.
[I 2026-03-10 23:18:50,239] Trial 692 finished with value: 0.37752609493870026 and parameters: {'window_ms': 250, 'overlap': 0.65, 'freq_low_hz': 1200, 'freq_high_hz': 1800}. Best is trial 628 with value: 0.414949757177793.
[I 2026-03-10 23:18:56,394] Trial 694 finished with value: 0.3836303308582108 and parameters: {'window_ms': 250, 'overlap': 0.7, 'freq_low_hz': 1100, 'freq_high_hz': 1600}. Best is trial 628 with value: 0.414949757177793.
[I 2026-03-10 23:18:56,954] Trial 695 finished with value: 0.41481902023932227 and parameters: {'window_ms': 250, 'overlap': 0.6000000000000001, 'freq_low_hz': 1200, 'freq_high_hz': 1700}. Best is trial 628 with value: 0.414949757177793.
[I 2026-03-10 23:19:04,900] Trial 698 finished with value: 0.36989822633880487 and parameters: {'window_ms': 230, 'overlap': 0.7, 'freq_low_hz': 1100, 'freq_high_hz': 1600}. Best is trial 628 with value: 0.414949757177793.
[I 2026-03-10 23:19:07,276] Trial 699 finished with value: 0.4066332923312591 and parameters: {'window_ms': 200, 'overlap': 0.7, 'freq_low_hz': 1200, 'freq_high_hz': 1700}. Best is trial 628 with value: 0.414949757177793.
[I 2026-03-10 23:19:08,709] Trial 700 finished with value: 0.4135805415625077 and parameters: {'window_ms': 240, 'overlap': 0.7, 'freq_low_hz': 1200, 'freq_high_hz': 1700}. Best is trial 628 with value: 0.414949757177793.
[I 2026-03-10 23:19:09,790] Trial 696 finished with value: 0.34719871677353425 and parameters: {'window_ms': 135, 'overlap': 0.7, 'freq_low_hz': 1200, 'freq_high_hz': 2600}. Best is trial 628 with value: 0.414949757177793.
[I 2026-03-10 23:19:12,729] Trial 703 finished with value: 0.37727947880936413 and parameters: {'window_ms': 230, 'overlap': 0.6000000000000001, 'freq_low_hz': 1100, 'freq_high_hz': 1600}. Best is trial 628 with value: 0.414949757177793.
[I 2026-03-10 23:19:13,084] Trial 702 finished with value: 0.3647523763698308 and parameters: {'window_ms': 230, 'overlap': 0.6000000000000001, 'freq_low_hz': 800, 'freq_high_hz': 1600}. Best is trial 628 with value: 0.414949757177793.
[I 2026-03-10 23:19:13,568] Trial 697 finished with value: 0.3654659087988971 and parameters: {'window_ms': 230, 'overlap': 0.7, 'freq_low_hz': 500, 'freq_high_hz': 1600}. Best is trial 628 with value: 0.414949757177793.
[I 2026-03-10 23:19:18,104] Trial 705 finished with value: 0.40679607990430966 and parameters: {'window_ms': 245, 'overlap': 0.6000000000000001, 'freq_low_hz': 1200, 'freq_high_hz': 1700}. Best is trial 628 with value: 0.414949757177793.
[I 2026-03-10 23:19:26,078] Trial 706 finished with value: 0.40679607990430966 and parameters: {'window_ms': 245, 'overlap': 0.6000000000000001, 'freq_low_hz': 1200, 'freq_high_hz': 1700}. Best is trial 628 with value: 0.414949757177793.
[I 2026-03-10 23:19:26,502] Trial 707 finished with value: 0.373521186421302 and parameters: {'window_ms': 65, 'overlap': 0.6000000000000001, 'freq_low_hz': 1200, 'freq_high_hz': 1700}. Best is trial 628 with value: 0.414949757177793.
[I 2026-03-10 23:19:32,179] Trial 709 finished with value: 0.38322634109906656 and parameters: {'window_ms': 245, 'overlap': 0.7, 'freq_low_hz': 1200, 'freq_high_hz': 1700}. Best is trial 628 with value: 0.414949757177793.
[I 2026-03-10 23:19:33,370] Trial 708 finished with value: 0.356566451269691 and parameters: {'window_ms': 245, 'overlap': 0.7, 'freq_low_hz': 1000, 'freq_high_hz': 1600}. Best is trial 628 with value: 0.414949757177793.
[I 2026-03-10 23:19:35,668] Trial 710 finished with value: 0.356566451269691 and parameters: {'window_ms': 245, 'overlap': 0.7, 'freq_low_hz': 1000, 'freq_high_hz': 1600}. Best is trial 628 with value: 0.414949757177793.
[I 2026-03-10 23:19:36,214] Trial 712 finished with value: 0.35117735224640856 and parameters: {'window_ms': 245, 'overlap': 0.75, 'freq_low_hz': 1000, 'freq_high_hz': 1500}. Best is trial 628 with value: 0.414949757177793.
[I 2026-03-10 23:19:42,157] Trial 713 finished with value: 0.35498999604152004 and parameters: {'window_ms': 165, 'overlap': 0.7, 'freq_low_hz': 1000, 'freq_high_hz': 1500}. Best is trial 628 with value: 0.414949757177793.
[I 2026-03-10 23:19:47,534] Trial 714 finished with value: 0.35163930304133934 and parameters: {'window_ms': 250, 'overlap': 0.7, 'freq_low_hz': 1000, 'freq_high_hz': 1500}. Best is trial 628 with value: 0.414949757177793.
[I 2026-03-10 23:19:47,904] Trial 704 finished with value: 0.35325764532767756 and parameters: {'window_ms': 75, 'overlap': 0.6000000000000001, 'freq_low_hz': 1200, 'freq_high_hz': 4300}. Best is trial 628 with value: 0.414949757177793.
[I 2026-03-10 23:19:48,538] Trial 715 finished with value: 0.35100166002930255 and parameters: {'window_ms': 250, 'overlap': 0.65, 'freq_low_hz': 1000, 'freq_high_hz': 1500}. Best is trial 628 with value: 0.414949757177793.
[I 2026-03-10 23:19:54,154] Trial 716 finished with value: 0.35498999604152004 and parameters: {'window_ms': 165, 'overlap': 0.7, 'freq_low_hz': 1000, 'freq_high_hz': 1500}. Best is trial 628 with value: 0.414949757177793.
[I 2026-03-10 23:20:01,777] Trial 718 finished with value: 0.37752609493870026 and parameters: {'window_ms': 250, 'overlap': 0.65, 'freq_low_hz': 1200, 'freq_high_hz': 1800}. Best is trial 628 with value: 0.414949757177793.
[I 2026-03-10 23:20:03,220] Trial 719 finished with value: 0.37752609493870026 and parameters: {'window_ms': 250, 'overlap': 0.65, 'freq_low_hz': 1200, 'freq_high_hz': 1800}. Best is trial 628 with value: 0.414949757177793.
[I 2026-03-10 23:20:10,375] Trial 721 finished with value: 0.37752609493870026 and parameters: {'window_ms': 250, 'overlap': 0.65, 'freq_low_hz': 1200, 'freq_high_hz': 1800}. Best is trial 628 with value: 0.414949757177793.
[I 2026-03-10 23:20:15,957] Trial 724 finished with value: 0.4137971651170764 and parameters: {'window_ms': 240, 'overlap': 0.65, 'freq_low_hz': 1200, 'freq_high_hz': 1800}. Best is trial 628 with value: 0.414949757177793.
[I 2026-03-10 23:20:20,011] Trial 723 finished with value: 0.38386089958811753 and parameters: {'window_ms': 240, 'overlap': 0.65, 'freq_low_hz': 1150, 'freq_high_hz': 1850}. Best is trial 628 with value: 0.414949757177793.
[I 2026-03-10 23:20:20,559] Trial 701 finished with value: 0.3909756913276791 and parameters: {'window_ms': 230, 'overlap': 0.6000000000000001, 'freq_low_hz': 1200, 'freq_high_hz': 5800}. Best is trial 628 with value: 0.414949757177793.
[I 2026-03-10 23:20:21,331] Trial 720 finished with value: 0.3751714665201022 and parameters: {'window_ms': 250, 'overlap': 0.65, 'freq_low_hz': 750, 'freq_high_hz': 1800}. Best is trial 628 with value: 0.414949757177793.
[I 2026-03-10 23:20:27,106] Trial 725 finished with value: 0.38386089958811753 and parameters: {'window_ms': 240, 'overlap': 0.65, 'freq_low_hz': 1150, 'freq_high_hz': 1850}. Best is trial 628 with value: 0.414949757177793.
[I 2026-03-10 23:20:27,483] Trial 722 finished with value: 0.36032863329475 and parameters: {'window_ms': 240, 'overlap': 0.65, 'freq_low_hz': 750, 'freq_high_hz': 1900}. Best is trial 628 with value: 0.414949757177793.
[I 2026-03-10 23:20:32,023] Trial 726 finished with value: 0.37812408708861905 and parameters: {'window_ms': 240, 'overlap': 0.65, 'freq_low_hz': 1150, 'freq_high_hz': 1950}. Best is trial 628 with value: 0.414949757177793.
[I 2026-03-10 23:20:36,473] Trial 727 finished with value: 0.37812408708861905 and parameters: {'window_ms': 240, 'overlap': 0.65, 'freq_low_hz': 1150, 'freq_high_hz': 1950}. Best is trial 628 with value: 0.414949757177793.
[I 2026-03-10 23:20:38,789] Trial 717 finished with value: 0.3609256585320636 and parameters: {'window_ms': 245, 'overlap': 0.65, 'freq_low_hz': 1200, 'freq_high_hz': 4300}. Best is trial 628 with value: 0.414949757177793.
[I 2026-03-10 23:20:44,935] Trial 728 finished with value: 0.37812408708861905 and parameters: {'window_ms': 240, 'overlap': 0.65, 'freq_low_hz': 1150, 'freq_high_hz': 1950}. Best is trial 628 with value: 0.414949757177793.
[I 2026-03-10 23:20:44,971] Trial 730 finished with value: 0.3513498828756286 and parameters: {'window_ms': 95, 'overlap': 0.65, 'freq_low_hz': 850, 'freq_high_hz': 1900}. Best is trial 628 with value: 0.414949757177793.
[I 2026-03-10 23:20:50,171] Trial 732 finished with value: 0.38254902162558846 and parameters: {'window_ms': 240, 'overlap': 0.65, 'freq_low_hz': 1200, 'freq_high_hz': 1900}. Best is trial 628 with value: 0.414949757177793.
[I 2026-03-10 23:20:50,382] Trial 731 finished with value: 0.37812408708861905 and parameters: {'window_ms': 240, 'overlap': 0.65, 'freq_low_hz': 1150, 'freq_high_hz': 1950}. Best is trial 628 with value: 0.414949757177793.
[I 2026-03-10 23:20:53,703] Trial 733 finished with value: 0.37812408708861905 and parameters: {'window_ms': 240, 'overlap': 0.65, 'freq_low_hz': 1150, 'freq_high_hz': 1950}. Best is trial 628 with value: 0.414949757177793.
[I 2026-03-10 23:20:56,025] Trial 734 finished with value: 0.37987183038526534 and parameters: {'window_ms': 245, 'overlap': 0.65, 'freq_low_hz': 1200, 'freq_high_hz': 1900}. Best is trial 628 with value: 0.414949757177793.
[I 2026-03-10 23:20:58,957] Trial 711 finished with value: 0.39101202443421634 and parameters: {'window_ms': 245, 'overlap': 0.7, 'freq_low_hz': 1200, 'freq_high_hz': 5800}. Best is trial 628 with value: 0.414949757177793.
[I 2026-03-10 23:20:59,250] Trial 735 finished with value: 0.38254902162558846 and parameters: {'window_ms': 240, 'overlap': 0.65, 'freq_low_hz': 1200, 'freq_high_hz': 1900}. Best is trial 628 with value: 0.414949757177793.
[I 2026-03-10 23:21:03,866] Trial 738 finished with value: 0.4045317359422826 and parameters: {'window_ms': 245, 'overlap': 0.65, 'freq_low_hz': 1200, 'freq_high_hz': 1700}. Best is trial 628 with value: 0.414949757177793.
[I 2026-03-10 23:21:04,878] Trial 736 finished with value: 0.38254902162558846 and parameters: {'window_ms': 240, 'overlap': 0.65, 'freq_low_hz': 1200, 'freq_high_hz': 1900}. Best is trial 628 with value: 0.414949757177793.
[I 2026-03-10 23:21:07,695] Trial 737 finished with value: 0.4045317359422826 and parameters: {'window_ms': 245, 'overlap': 0.65, 'freq_low_hz': 1200, 'freq_high_hz': 1700}. Best is trial 628 with value: 0.414949757177793.
[I 2026-03-10 23:21:10,798] Trial 739 finished with value: 0.4045317359422826 and parameters: {'window_ms': 245, 'overlap': 0.65, 'freq_low_hz': 1200, 'freq_high_hz': 1700}. Best is trial 628 with value: 0.414949757177793.
[I 2026-03-10 23:21:11,409] Trial 729 finished with value: 0.3614438563111834 and parameters: {'window_ms': 240, 'overlap': 0.65, 'freq_low_hz': 1150, 'freq_high_hz': 3650}. Best is trial 628 with value: 0.414949757177793.
[I 2026-03-10 23:21:11,448] Trial 740 finished with value: 0.4076054465754557 and parameters: {'window_ms': 245, 'overlap': 0.65, 'freq_low_hz': 1050, 'freq_high_hz': 1700}. Best is trial 628 with value: 0.414949757177793.
[I 2026-03-10 23:21:15,822] Trial 742 finished with value: 0.4025158594858789 and parameters: {'window_ms': 240, 'overlap': 0.65, 'freq_low_hz': 1200, 'freq_high_hz': 1700}. Best is trial 628 with value: 0.414949757177793.
[I 2026-03-10 23:21:21,395] Trial 744 finished with value: 0.3834861122244705 and parameters: {'window_ms': 235, 'overlap': 0.65, 'freq_low_hz': 1200, 'freq_high_hz': 1700}. Best is trial 628 with value: 0.414949757177793.
[I 2026-03-10 23:21:22,989] Trial 741 finished with value: 0.3639466692481711 and parameters: {'window_ms': 245, 'overlap': 0.65, 'freq_low_hz': 1050, 'freq_high_hz': 2100}. Best is trial 628 with value: 0.414949757177793.
[I 2026-03-10 23:21:23,709] Trial 745 finished with value: 0.3834861122244705 and parameters: {'window_ms': 235, 'overlap': 0.65, 'freq_low_hz': 1200, 'freq_high_hz': 1700}. Best is trial 628 with value: 0.414949757177793.
[I 2026-03-10 23:21:24,061] Trial 743 finished with value: 0.4147321891805484 and parameters: {'window_ms': 235, 'overlap': 0.65, 'freq_low_hz': 1050, 'freq_high_hz': 1700}. Best is trial 628 with value: 0.414949757177793.
[I 2026-03-10 23:21:31,517] Trial 749 finished with value: 0.4136285073783773 and parameters: {'window_ms': 180, 'overlap': 0.65, 'freq_low_hz': 1200, 'freq_high_hz': 1800}. Best is trial 628 with value: 0.414949757177793.
[I 2026-03-10 23:21:34,490] Trial 750 finished with value: 0.4016762765066289 and parameters: {'window_ms': 235, 'overlap': 0.65, 'freq_low_hz': 1200, 'freq_high_hz': 1800}. Best is trial 628 with value: 0.414949757177793.
[I 2026-03-10 23:21:37,241] Trial 746 finished with value: 0.36388948320790704 and parameters: {'window_ms': 235, 'overlap': 0.65, 'freq_low_hz': 1050, 'freq_high_hz': 2100}. Best is trial 628 with value: 0.414949757177793.
[I 2026-03-10 23:21:42,717] Trial 748 finished with value: 0.36388948320790704 and parameters: {'window_ms': 235, 'overlap': 0.65, 'freq_low_hz': 1050, 'freq_high_hz': 2100}. Best is trial 628 with value: 0.414949757177793.
[I 2026-03-10 23:21:42,730] Trial 747 finished with value: 0.363827261198315 and parameters: {'window_ms': 235, 'overlap': 0.7, 'freq_low_hz': 1050, 'freq_high_hz': 2100}. Best is trial 628 with value: 0.414949757177793.
[I 2026-03-10 23:21:43,598] Trial 752 finished with value: 0.37584976076577004 and parameters: {'window_ms': 235, 'overlap': 0.7, 'freq_low_hz': 1150, 'freq_high_hz': 1750}. Best is trial 628 with value: 0.414949757177793.
[I 2026-03-10 23:21:45,898] Trial 753 finished with value: 0.37584976076577004 and parameters: {'window_ms': 235, 'overlap': 0.7, 'freq_low_hz': 1150, 'freq_high_hz': 1750}. Best is trial 628 with value: 0.414949757177793.
[I 2026-03-10 23:21:46,098] Trial 751 finished with value: 0.363827261198315 and parameters: {'window_ms': 235, 'overlap': 0.7, 'freq_low_hz': 1050, 'freq_high_hz': 2100}. Best is trial 628 with value: 0.414949757177793.
[I 2026-03-10 23:21:46,228] Trial 755 finished with value: 0.3765106261773967 and parameters: {'window_ms': 235, 'overlap': 0.7, 'freq_low_hz': 1050, 'freq_high_hz': 1600}. Best is trial 628 with value: 0.414949757177793.
[I 2026-03-10 23:21:49,393] Trial 754 finished with value: 0.37584976076577004 and parameters: {'window_ms': 235, 'overlap': 0.7, 'freq_low_hz': 1150, 'freq_high_hz': 1750}. Best is trial 628 with value: 0.414949757177793.
