[I 2026-03-10 23:21:58,222] Trial 756 finished with value: 0.3641722653305847 and parameters: {'window_ms': 180, 'overlap': 0.7, 'freq_low_hz': 1050, 'freq_high_hz': 2100}. Best is trial 628 with value: 0.414949757177793.
[I 2026-03-10 23:22:01,833] Trial 757 finished with value: 0.36354026741499745 and parameters: {'window_ms': 185, 'overlap': 0.7, 'freq_low_hz': 1050, 'freq_high_hz': 2100}. Best is trial 628 with value: 0.414949757177793.
[I 2026-03-10 23:22:03,853] Trial 760 finished with value: 0.40451367954573697 and parameters: {'window_ms': 180, 'overlap': 0.7, 'freq_low_hz': 1000, 'freq_high_hz': 1800}. Best is trial 628 with value: 0.414949757177793.
[I 2026-03-10 23:22:05,700] Trial 758 finished with value: 0.3632530927507117 and parameters: {'window_ms': 150, 'overlap': 0.7, 'freq_low_hz': 1050, 'freq_high_hz': 2100}. Best is trial 628 with value: 0.414949757177793.
[I 2026-03-10 23:22:05,906] Trial 762 finished with value: 0.3836303308582108 and parameters: {'window_ms': 250, 'overlap': 0.7, 'freq_low_hz': 1100, 'freq_high_hz': 1600}. Best is trial 628 with value: 0.414949757177793.
[I 2026-03-10 23:22:06,533] Trial 759 finished with value: 0.3932329413905206 and parameters: {'window_ms': 250, 'overlap': 0.7, 'freq_low_hz': 1000, 'freq_high_hz': 1800}. Best is trial 628 with value: 0.414949757177793.
[I 2026-03-10 23:22:06,578] Trial 761 finished with value: 0.40753609339892727 and parameters: {'window_ms': 185, 'overlap': 0.7, 'freq_low_hz': 1100, 'freq_high_hz': 1800}. Best is trial 628 with value: 0.414949757177793.
[I 2026-03-10 23:22:07,742] Trial 765 finished with value: 0.4006867700491614 and parameters: {'window_ms': 180, 'overlap': 0.65, 'freq_low_hz': 1000, 'freq_high_hz': 1800}. Best is trial 628 with value: 0.414949757177793.
[I 2026-03-10 23:22:09,429] Trial 764 finished with value: 0.4055326091493392 and parameters: {'window_ms': 205, 'overlap': 0.65, 'freq_low_hz': 1000, 'freq_high_hz': 1800}. Best is trial 628 with value: 0.414949757177793.
[I 2026-03-10 23:22:18,262] Trial 768 finished with value: 0.3875292085948587 and parameters: {'window_ms': 205, 'overlap': 0.35, 'freq_low_hz': 1100, 'freq_high_hz': 1600}. Best is trial 628 with value: 0.414949757177793.
[I 2026-03-10 23:22:19,036] Trial 766 finished with value: 0.4006867700491614 and parameters: {'window_ms': 180, 'overlap': 0.65, 'freq_low_hz': 1000, 'freq_high_hz': 1800}. Best is trial 628 with value: 0.414949757177793.
[I 2026-03-10 23:22:22,998] Trial 767 finished with value: 0.4113653099285424 and parameters: {'window_ms': 205, 'overlap': 0.65, 'freq_low_hz': 1100, 'freq_high_hz': 1800}. Best is trial 628 with value: 0.414949757177793.
[I 2026-03-10 23:22:23,667] Trial 769 finished with value: 0.36388635400118163 and parameters: {'window_ms': 205, 'overlap': 0.65, 'freq_low_hz': 1000, 'freq_high_hz': 1600}. Best is trial 628 with value: 0.414949757177793.
[I 2026-03-10 23:22:24,275] Trial 771 finished with value: 0.364081984499864 and parameters: {'window_ms': 205, 'overlap': 0.65, 'freq_low_hz': 950, 'freq_high_hz': 1600}. Best is trial 628 with value: 0.414949757177793.
[I 2026-03-10 23:22:27,108] Trial 770 finished with value: 0.3807945732540519 and parameters: {'window_ms': 140, 'overlap': 0.65, 'freq_low_hz': 1000, 'freq_high_hz': 1800}. Best is trial 628 with value: 0.414949757177793.
[I 2026-03-10 23:22:27,567] Trial 763 finished with value: 0.37538844256951004 and parameters: {'window_ms': 180, 'overlap': 0.65, 'freq_low_hz': 1100, 'freq_high_hz': 3400}. Best is trial 628 with value: 0.414949757177793.
[I 2026-03-10 23:22:28,513] Trial 773 finished with value: 0.36585182103597613 and parameters: {'window_ms': 145, 'overlap': 0.65, 'freq_low_hz': 950, 'freq_high_hz': 1600}. Best is trial 628 with value: 0.414949757177793.
[I 2026-03-10 23:22:34,664] Trial 772 finished with value: 0.3785114234452549 and parameters: {'window_ms': 210, 'overlap': 0.65, 'freq_low_hz': 950, 'freq_high_hz': 1900}. Best is trial 628 with value: 0.414949757177793.
[I 2026-03-10 23:22:47,899] Trial 776 finished with value: 0.3720363135861448 and parameters: {'window_ms': 240, 'overlap': 0.65, 'freq_low_hz': 950, 'freq_high_hz': 1900}. Best is trial 628 with value: 0.414949757177793.
[I 2026-03-10 23:22:48,546] Trial 775 finished with value: 0.36421073480049654 and parameters: {'window_ms': 240, 'overlap': 0.65, 'freq_low_hz': 950, 'freq_high_hz': 2000}. Best is trial 628 with value: 0.414949757177793.
[I 2026-03-10 23:22:52,943] Trial 778 finished with value: 0.3646277989135543 and parameters: {'window_ms': 190, 'overlap': 0.65, 'freq_low_hz': 950, 'freq_high_hz': 2000}. Best is trial 628 with value: 0.414949757177793.
[I 2026-03-10 23:22:57,410] Trial 781 finished with value: 0.36451516936590683 and parameters: {'window_ms': 195, 'overlap': 0.65, 'freq_low_hz': 950, 'freq_high_hz': 2000}. Best is trial 628 with value: 0.414949757177793.
[I 2026-03-10 23:22:57,417] Trial 780 finished with value: 0.3642473271842093 and parameters: {'window_ms': 160, 'overlap': 0.65, 'freq_low_hz': 950, 'freq_high_hz': 2000}. Best is trial 628 with value: 0.414949757177793.
[I 2026-03-10 23:22:58,193] Trial 782 finished with value: 0.3916655764013976 and parameters: {'window_ms': 195, 'overlap': 0.75, 'freq_low_hz': 1150, 'freq_high_hz': 1950}. Best is trial 628 with value: 0.414949757177793.
[I 2026-03-10 23:23:01,370] Trial 783 finished with value: 0.38254902162558846 and parameters: {'window_ms': 240, 'overlap': 0.65, 'freq_low_hz': 1200, 'freq_high_hz': 1900}. Best is trial 628 with value: 0.414949757177793.
[I 2026-03-10 23:23:04,194] Trial 774 finished with value: 0.3609537356532586 and parameters: {'window_ms': 195, 'overlap': 0.65, 'freq_low_hz': 950, 'freq_high_hz': 4100}. Best is trial 628 with value: 0.414949757177793.
[I 2026-03-10 23:23:07,415] Trial 785 finished with value: 0.40828235021639436 and parameters: {'window_ms': 195, 'overlap': 0.75, 'freq_low_hz': 1200, 'freq_high_hz': 1700}. Best is trial 628 with value: 0.414949757177793.
[I 2026-03-10 23:23:09,634] Trial 784 finished with value: 0.39277220763175624 and parameters: {'window_ms': 195, 'overlap': 0.65, 'freq_low_hz': 1200, 'freq_high_hz': 1900}. Best is trial 628 with value: 0.414949757177793.
[I 2026-03-10 23:23:10,335] Trial 777 finished with value: 0.3614718943136745 and parameters: {'window_ms': 195, 'overlap': 0.65, 'freq_low_hz': 1150, 'freq_high_hz': 3450}. Best is trial 628 with value: 0.414949757177793.
[I 2026-03-10 23:23:13,263] Trial 787 finished with value: 0.3839287505636353 and parameters: {'window_ms': 190, 'overlap': 0.65, 'freq_low_hz': 1150, 'freq_high_hz': 1650}. Best is trial 628 with value: 0.414949757177793.
[I 2026-03-10 23:23:16,606] Trial 788 finished with value: 0.3839287505636353 and parameters: {'window_ms': 190, 'overlap': 0.65, 'freq_low_hz': 1150, 'freq_high_hz': 1650}. Best is trial 628 with value: 0.414949757177793.
[I 2026-03-10 23:23:16,731] Trial 789 finished with value: 0.4045317359422826 and parameters: {'window_ms': 245, 'overlap': 0.65, 'freq_low_hz': 1200, 'freq_high_hz': 1700}. Best is trial 628 with value: 0.414949757177793.
[I 2026-03-10 23:23:21,194] Trial 790 finished with value: 0.4045317359422826 and parameters: {'window_ms': 245, 'overlap': 0.65, 'freq_low_hz': 1200, 'freq_high_hz': 1700}. Best is trial 628 with value: 0.414949757177793.
[I 2026-03-10 23:23:22,468] Trial 791 finished with value: 0.4045317359422826 and parameters: {'window_ms': 245, 'overlap': 0.65, 'freq_low_hz': 1200, 'freq_high_hz': 1700}. Best is trial 628 with value: 0.414949757177793.
[I 2026-03-10 23:23:28,727] Trial 792 finished with value: 0.40355287725513184 and parameters: {'window_ms': 245, 'overlap': 0.65, 'freq_low_hz': 1200, 'freq_high_hz': 1800}. Best is trial 628 with value: 0.414949757177793.
[I 2026-03-10 23:23:29,889] Trial 794 finished with value: 0.40355287725513184 and parameters: {'window_ms': 245, 'overlap': 0.65, 'freq_low_hz': 1200, 'freq_high_hz': 1800}. Best is trial 628 with value: 0.414949757177793.
[I 2026-03-10 23:23:31,098] Trial 793 finished with value: 0.40355287725513184 and parameters: {'window_ms': 245, 'overlap': 0.65, 'freq_low_hz': 1200, 'freq_high_hz': 1800}. Best is trial 628 with value: 0.414949757177793.
[I 2026-03-10 23:23:32,294] Trial 795 finished with value: 0.40355287725513184 and parameters: {'window_ms': 245, 'overlap': 0.65, 'freq_low_hz': 1200, 'freq_high_hz': 1800}. Best is trial 628 with value: 0.414949757177793.
[I 2026-03-10 23:23:36,502] Trial 796 finished with value: 0.37752609493870026 and parameters: {'window_ms': 250, 'overlap': 0.65, 'freq_low_hz': 1200, 'freq_high_hz': 1800}. Best is trial 628 with value: 0.414949757177793.
[I 2026-03-10 23:23:39,492] Trial 797 finished with value: 0.40355287725513184 and parameters: {'window_ms': 245, 'overlap': 0.65, 'freq_low_hz': 1200, 'freq_high_hz': 1800}. Best is trial 628 with value: 0.414949757177793.
[I 2026-03-10 23:23:45,318] Trial 799 finished with value: 0.4137971651170764 and parameters: {'window_ms': 240, 'overlap': 0.65, 'freq_low_hz': 1200, 'freq_high_hz': 1800}. Best is trial 628 with value: 0.414949757177793.
[I 2026-03-10 23:23:45,946] Trial 786 finished with value: 0.3685235210572372 and parameters: {'window_ms': 165, 'overlap': 0.65, 'freq_low_hz': 450, 'freq_high_hz': 4100}. Best is trial 628 with value: 0.414949757177793.
[I 2026-03-10 23:23:47,498] Trial 779 finished with value: 0.3393395612711801 and parameters: {'window_ms': 240, 'overlap': 0.65, 'freq_low_hz': 950, 'freq_high_hz': 5200}. Best is trial 628 with value: 0.414949757177793.
[I 2026-03-10 23:23:48,298] Trial 798 finished with value: 0.37752609493870026 and parameters: {'window_ms': 250, 'overlap': 0.65, 'freq_low_hz': 1200, 'freq_high_hz': 1800}. Best is trial 628 with value: 0.414949757177793.
[I 2026-03-10 23:23:52,187] Trial 800 finished with value: 0.37752609493870026 and parameters: {'window_ms': 250, 'overlap': 0.65, 'freq_low_hz': 1200, 'freq_high_hz': 1800}. Best is trial 628 with value: 0.414949757177793.
[I 2026-03-10 23:23:54,743] Trial 801 finished with value: 0.4137971651170764 and parameters: {'window_ms': 240, 'overlap': 0.65, 'freq_low_hz': 1200, 'freq_high_hz': 1800}. Best is trial 628 with value: 0.414949757177793.
[I 2026-03-10 23:23:58,503] Trial 804 finished with value: 0.38402892166036773 and parameters: {'window_ms': 225, 'overlap': 0.6000000000000001, 'freq_low_hz': 1150, 'freq_high_hz': 1650}. Best is trial 628 with value: 0.414949757177793.
[I 2026-03-10 23:23:58,823] Trial 803 finished with value: 0.35696711627599587 and parameters: {'window_ms': 240, 'overlap': 0.65, 'freq_low_hz': 450, 'freq_high_hz': 1500}. Best is trial 628 with value: 0.414949757177793.
[I 2026-03-10 23:24:00,761] Trial 805 finished with value: 0.38402892166036773 and parameters: {'window_ms': 225, 'overlap': 0.6000000000000001, 'freq_low_hz': 1150, 'freq_high_hz': 1650}. Best is trial 628 with value: 0.414949757177793.
[I 2026-03-10 23:24:08,518] Trial 809 finished with value: 0.378780740229755 and parameters: {'window_ms': 240, 'overlap': 0.3, 'freq_low_hz': 1150, 'freq_high_hz': 1950}. Best is trial 628 with value: 0.414949757177793.
[I 2026-03-10 23:24:08,537] Trial 807 finished with value: 0.38386089958811753 and parameters: {'window_ms': 240, 'overlap': 0.65, 'freq_low_hz': 1150, 'freq_high_hz': 1850}. Best is trial 628 with value: 0.414949757177793.
[I 2026-03-10 23:24:15,915] Trial 808 finished with value: 0.38454673566342096 and parameters: {'window_ms': 250, 'overlap': 0.65, 'freq_low_hz': 1150, 'freq_high_hz': 1850}. Best is trial 628 with value: 0.414949757177793.
[I 2026-03-10 23:24:19,623] Trial 810 finished with value: 0.37812408708861905 and parameters: {'window_ms': 240, 'overlap': 0.65, 'freq_low_hz': 1150, 'freq_high_hz': 1950}. Best is trial 628 with value: 0.414949757177793.
[I 2026-03-10 23:24:24,094] Trial 811 finished with value: 0.39238445830473656 and parameters: {'window_ms': 240, 'overlap': 0.7, 'freq_low_hz': 1150, 'freq_high_hz': 1950}. Best is trial 628 with value: 0.414949757177793.
[I 2026-03-10 23:24:25,479] Trial 813 finished with value: 0.39238445830473656 and parameters: {'window_ms': 240, 'overlap': 0.7, 'freq_low_hz': 1150, 'freq_high_hz': 1950}. Best is trial 628 with value: 0.414949757177793.
[I 2026-03-10 23:24:28,206] Trial 814 finished with value: 0.39238445830473656 and parameters: {'window_ms': 240, 'overlap': 0.7, 'freq_low_hz': 1150, 'freq_high_hz': 1950}. Best is trial 628 with value: 0.414949757177793.
[I 2026-03-10 23:24:29,627] Trial 812 finished with value: 0.39238445830473656 and parameters: {'window_ms': 240, 'overlap': 0.7, 'freq_low_hz': 1150, 'freq_high_hz': 1950}. Best is trial 628 with value: 0.414949757177793.
[I 2026-03-10 23:24:35,238] Trial 815 finished with value: 0.38063770020842846 and parameters: {'window_ms': 240, 'overlap': 0.7, 'freq_low_hz': 1150, 'freq_high_hz': 1850}. Best is trial 628 with value: 0.414949757177793.
[I 2026-03-10 23:24:39,865] Trial 816 finished with value: 0.392157980989964 and parameters: {'window_ms': 250, 'overlap': 0.7, 'freq_low_hz': 1150, 'freq_high_hz': 1950}. Best is trial 628 with value: 0.414949757177793.
[I 2026-03-10 23:24:44,998] Trial 817 finished with value: 0.39240683221810446 and parameters: {'window_ms': 240, 'overlap': 0.7, 'freq_low_hz': 1200, 'freq_high_hz': 1900}. Best is trial 628 with value: 0.414949757177793.
[I 2026-03-10 23:24:48,329] Trial 819 finished with value: 0.38335183101260495 and parameters: {'window_ms': 250, 'overlap': 0.7, 'freq_low_hz': 1200, 'freq_high_hz': 1900}. Best is trial 628 with value: 0.414949757177793.
[I 2026-03-10 23:24:51,875] Trial 820 finished with value: 0.38335183101260495 and parameters: {'window_ms': 250, 'overlap': 0.7, 'freq_low_hz': 1200, 'freq_high_hz': 1900}. Best is trial 628 with value: 0.414949757177793.
[I 2026-03-10 23:24:52,742] Trial 821 finished with value: 0.38354145729562006 and parameters: {'window_ms': 250, 'overlap': 0.65, 'freq_low_hz': 1200, 'freq_high_hz': 1900}. Best is trial 628 with value: 0.414949757177793.
[I 2026-03-10 23:24:55,226] Trial 822 finished with value: 0.38354145729562006 and parameters: {'window_ms': 250, 'overlap': 0.65, 'freq_low_hz': 1200, 'freq_high_hz': 1900}. Best is trial 628 with value: 0.414949757177793.
[I 2026-03-10 23:24:58,937] Trial 823 finished with value: 0.37485304580738865 and parameters: {'window_ms': 250, 'overlap': 0.65, 'freq_low_hz': 850, 'freq_high_hz': 1600}. Best is trial 628 with value: 0.414949757177793.
[I 2026-03-10 23:25:00,762] Trial 802 finished with value: 0.35449043919737167 and parameters: {'window_ms': 240, 'overlap': 0.65, 'freq_low_hz': 1150, 'freq_high_hz': 5250}. Best is trial 628 with value: 0.414949757177793.
[I 2026-03-10 23:25:00,969] Trial 806 finished with value: 0.35358394535034804 and parameters: {'window_ms': 240, 'overlap': 0.65, 'freq_low_hz': 1150, 'freq_high_hz': 5150}. Best is trial 628 with value: 0.414949757177793.
[I 2026-03-10 23:25:04,222] Trial 825 finished with value: 0.3834861122244705 and parameters: {'window_ms': 235, 'overlap': 0.65, 'freq_low_hz': 1200, 'freq_high_hz': 1700}. Best is trial 628 with value: 0.414949757177793.
[I 2026-03-10 23:25:04,805] Trial 824 finished with value: 0.4016762765066289 and parameters: {'window_ms': 235, 'overlap': 0.65, 'freq_low_hz': 1200, 'freq_high_hz': 1800}. Best is trial 628 with value: 0.414949757177793.
[I 2026-03-10 23:25:08,564] Trial 826 finished with value: 0.3834861122244705 and parameters: {'window_ms': 235, 'overlap': 0.65, 'freq_low_hz': 1200, 'freq_high_hz': 1700}. Best is trial 628 with value: 0.414949757177793.
[I 2026-03-10 23:25:11,005] Trial 827 finished with value: 0.3834861122244705 and parameters: {'window_ms': 235, 'overlap': 0.65, 'freq_low_hz': 1200, 'freq_high_hz': 1700}. Best is trial 628 with value: 0.414949757177793.
[I 2026-03-10 23:25:13,521] Trial 829 finished with value: 0.3834861122244705 and parameters: {'window_ms': 235, 'overlap': 0.65, 'freq_low_hz': 1200, 'freq_high_hz': 1700}. Best is trial 628 with value: 0.414949757177793.
[I 2026-03-10 23:25:14,490] Trial 828 finished with value: 0.3834861122244705 and parameters: {'window_ms': 235, 'overlap': 0.65, 'freq_low_hz': 1200, 'freq_high_hz': 1700}. Best is trial 628 with value: 0.414949757177793.
[I 2026-03-10 23:25:17,845] Trial 830 finished with value: 0.3834861122244705 and parameters: {'window_ms': 235, 'overlap': 0.65, 'freq_low_hz': 1200, 'freq_high_hz': 1700}. Best is trial 628 with value: 0.414949757177793.
[I 2026-03-10 23:25:18,850] Trial 832 finished with value: 0.3834861122244705 and parameters: {'window_ms': 235, 'overlap': 0.65, 'freq_low_hz': 1200, 'freq_high_hz': 1700}. Best is trial 628 with value: 0.414949757177793.
[I 2026-03-10 23:25:21,114] Trial 831 finished with value: 0.3561636663956511 and parameters: {'window_ms': 235, 'overlap': 0.65, 'freq_low_hz': 1000, 'freq_high_hz': 1600}. Best is trial 628 with value: 0.414949757177793.
[I 2026-03-10 23:25:23,544] Trial 834 finished with value: 0.3834861122244705 and parameters: {'window_ms': 235, 'overlap': 0.65, 'freq_low_hz': 1200, 'freq_high_hz': 1700}. Best is trial 628 with value: 0.414949757177793.
[I 2026-03-10 23:25:25,898] Trial 833 finished with value: 0.3561636663956511 and parameters: {'window_ms': 235, 'overlap': 0.65, 'freq_low_hz': 1000, 'freq_high_hz': 1600}. Best is trial 628 with value: 0.414949757177793.
[I 2026-03-10 23:25:28,628] Trial 836 finished with value: 0.36965255388662605 and parameters: {'window_ms': 235, 'overlap': 0.65, 'freq_low_hz': 1100, 'freq_high_hz': 1600}. Best is trial 628 with value: 0.414949757177793.
[I 2026-03-10 23:25:31,815] Trial 838 finished with value: 0.37721587713976795 and parameters: {'window_ms': 245, 'overlap': 0.65, 'freq_low_hz': 1100, 'freq_high_hz': 1600}. Best is trial 628 with value: 0.414949757177793.
[I 2026-03-10 23:25:33,173] Trial 837 finished with value: 0.37721587713976795 and parameters: {'window_ms': 245, 'overlap': 0.65, 'freq_low_hz': 1100, 'freq_high_hz': 1600}. Best is trial 628 with value: 0.414949757177793.
[I 2026-03-10 23:25:37,050] Trial 835 finished with value: 0.3784595528112032 and parameters: {'window_ms': 235, 'overlap': 0.65, 'freq_low_hz': 550, 'freq_high_hz': 1600}. Best is trial 628 with value: 0.414949757177793.
[I 2026-03-10 23:25:37,546] Trial 840 finished with value: 0.37721587713976795 and parameters: {'window_ms': 245, 'overlap': 0.65, 'freq_low_hz': 1100, 'freq_high_hz': 1600}. Best is trial 628 with value: 0.414949757177793.
[I 2026-03-10 23:25:42,075] Trial 842 finished with value: 0.3513350699552792 and parameters: {'window_ms': 245, 'overlap': 0.65, 'freq_low_hz': 1100, 'freq_high_hz': 1500}. Best is trial 628 with value: 0.414949757177793.
[I 2026-03-10 23:25:44,297] Trial 843 finished with value: 0.3513350699552792 and parameters: {'window_ms': 245, 'overlap': 0.65, 'freq_low_hz': 1100, 'freq_high_hz': 1500}. Best is trial 628 with value: 0.414949757177793.
[I 2026-03-10 23:25:48,040] Trial 844 finished with value: 0.3513350699552792 and parameters: {'window_ms': 245, 'overlap': 0.65, 'freq_low_hz': 1100, 'freq_high_hz': 1500}. Best is trial 628 with value: 0.414949757177793.
[I 2026-03-10 23:25:53,118] Trial 818 finished with value: 0.391252281222374 and parameters: {'window_ms': 240, 'overlap': 0.7, 'freq_low_hz': 1200, 'freq_high_hz': 6000}. Best is trial 628 with value: 0.414949757177793.
[I 2026-03-10 23:25:55,762] Trial 847 finished with value: 0.3953471478676077 and parameters: {'window_ms': 230, 'overlap': 0.65, 'freq_low_hz': 1200, 'freq_high_hz': 1800}. Best is trial 628 with value: 0.414949757177793.
[I 2026-03-10 23:26:00,237] Trial 846 finished with value: 0.35805660637105724 and parameters: {'window_ms': 245, 'overlap': 0.65, 'freq_low_hz': 550, 'freq_high_hz': 1500}. Best is trial 628 with value: 0.414949757177793.
[I 2026-03-10 23:26:02,438] Trial 848 finished with value: 0.40355287725513184 and parameters: {'window_ms': 245, 'overlap': 0.65, 'freq_low_hz': 1200, 'freq_high_hz': 1800}. Best is trial 628 with value: 0.414949757177793.
[I 2026-03-10 23:26:02,473] Trial 849 finished with value: 0.3953471478676077 and parameters: {'window_ms': 230, 'overlap': 0.65, 'freq_low_hz': 1200, 'freq_high_hz': 1800}. Best is trial 628 with value: 0.414949757177793.
[I 2026-03-10 23:26:03,010] Trial 841 finished with value: 0.3750352538552519 and parameters: {'window_ms': 245, 'overlap': 0.65, 'freq_low_hz': 1100, 'freq_high_hz': 3100}. Best is trial 628 with value: 0.414949757177793.
[I 2026-03-10 23:26:05,988] Trial 850 finished with value: 0.3953471478676077 and parameters: {'window_ms': 230, 'overlap': 0.65, 'freq_low_hz': 1200, 'freq_high_hz': 1800}. Best is trial 628 with value: 0.414949757177793.
[I 2026-03-10 23:26:09,439] Trial 851 finished with value: 0.4095516783681151 and parameters: {'window_ms': 210, 'overlap': 0.7, 'freq_low_hz': 1200, 'freq_high_hz': 1800}. Best is trial 628 with value: 0.414949757177793.
[I 2026-03-10 23:26:12,889] Trial 852 finished with value: 0.3953471478676077 and parameters: {'window_ms': 230, 'overlap': 0.65, 'freq_low_hz': 1200, 'freq_high_hz': 1800}. Best is trial 628 with value: 0.414949757177793.
[I 2026-03-10 23:26:14,446] Trial 853 finished with value: 0.41365978538726844 and parameters: {'window_ms': 200, 'overlap': 0.65, 'freq_low_hz': 1200, 'freq_high_hz': 1800}. Best is trial 628 with value: 0.414949757177793.
[I 2026-03-10 23:26:20,954] Trial 854 finished with value: 0.40273684281919053 and parameters: {'window_ms': 210, 'overlap': 0.65, 'freq_low_hz': 1200, 'freq_high_hz': 1800}. Best is trial 628 with value: 0.414949757177793.
[I 2026-03-10 23:26:26,515] Trial 855 finished with value: 0.39190746726683146 and parameters: {'window_ms': 215, 'overlap': 0.65, 'freq_low_hz': 1000, 'freq_high_hz': 2000}. Best is trial 628 with value: 0.414949757177793.
