[I 2026-03-10 23:43:58,700] Trial 1243 finished with value: 0.36303060897431855 and parameters: {'window_ms': 140, 'overlap': 0.65, 'freq_low_hz': 550, 'freq_high_hz': 1700}. Best is trial 1216 with value: 0.4161157870952521.
[I 2026-03-10 23:44:00,407] Trial 1244 finished with value: 0.37702043963608683 and parameters: {'window_ms': 140, 'overlap': 0.65, 'freq_low_hz': 400, 'freq_high_hz': 1700}. Best is trial 1216 with value: 0.4161157870952521.
[I 2026-03-10 23:44:00,433] Trial 1240 finished with value: 0.36300875468597654 and parameters: {'window_ms': 245, 'overlap': 0.65, 'freq_low_hz': 600, 'freq_high_hz': 2300}. Best is trial 1216 with value: 0.4161157870952521.
[I 2026-03-10 23:44:02,431] Trial 1247 finished with value: 0.382675722158836 and parameters: {'window_ms': 210, 'overlap': 0.65, 'freq_low_hz': 1200, 'freq_high_hz': 1700}. Best is trial 1216 with value: 0.4161157870952521.
[I 2026-03-10 23:44:03,623] Trial 1248 finished with value: 0.37708667739582713 and parameters: {'window_ms': 155, 'overlap': 0.65, 'freq_low_hz': 1000, 'freq_high_hz': 1700}. Best is trial 1216 with value: 0.4161157870952521.
[I 2026-03-10 23:44:04,968] Trial 1242 finished with value: 0.3789014003069301 and parameters: {'window_ms': 245, 'overlap': 0.65, 'freq_low_hz': 550, 'freq_high_hz': 1700}. Best is trial 1216 with value: 0.4161157870952521.
[I 2026-03-10 23:44:09,941] Trial 1249 finished with value: 0.40744440724244635 and parameters: {'window_ms': 210, 'overlap': 0.65, 'freq_low_hz': 1150, 'freq_high_hz': 1650}. Best is trial 1216 with value: 0.4161157870952521.
[I 2026-03-10 23:44:14,114] Trial 1246 finished with value: 0.3799652726076177 and parameters: {'window_ms': 225, 'overlap': 0.65, 'freq_low_hz': 500, 'freq_high_hz': 1700}. Best is trial 1216 with value: 0.4161157870952521.
[I 2026-03-10 23:44:25,879] Trial 1250 finished with value: 0.37846212763850534 and parameters: {'window_ms': 215, 'overlap': 0.65, 'freq_low_hz': 600, 'freq_high_hz': 1700}. Best is trial 1216 with value: 0.4161157870952521.
[I 2026-03-10 23:44:27,279] Trial 1253 finished with value: 0.38006438435853934 and parameters: {'window_ms': 225, 'overlap': 0.65, 'freq_low_hz': 1000, 'freq_high_hz': 1700}. Best is trial 1216 with value: 0.4161157870952521.
[I 2026-03-10 23:44:33,997] Trial 1251 finished with value: 0.3793445276992221 and parameters: {'window_ms': 225, 'overlap': 0.65, 'freq_low_hz': 550, 'freq_high_hz': 1700}. Best is trial 1216 with value: 0.4161157870952521.
[I 2026-03-10 23:44:34,271] Trial 1256 finished with value: 0.37845399602950436 and parameters: {'window_ms': 225, 'overlap': 0.65, 'freq_low_hz': 650, 'freq_high_hz': 1500}. Best is trial 1216 with value: 0.4161157870952521.
[I 2026-03-10 23:44:35,320] Trial 1255 finished with value: 0.37845399602950436 and parameters: {'window_ms': 225, 'overlap': 0.65, 'freq_low_hz': 650, 'freq_high_hz': 1500}. Best is trial 1216 with value: 0.4161157870952521.
[I 2026-03-10 23:44:37,196] Trial 1257 finished with value: 0.3838599979113261 and parameters: {'window_ms': 225, 'overlap': 0.65, 'freq_low_hz': 550, 'freq_high_hz': 1500}. Best is trial 1216 with value: 0.4161157870952521.
[I 2026-03-10 23:44:38,879] Trial 1254 finished with value: 0.3863058746888142 and parameters: {'window_ms': 210, 'overlap': 0.65, 'freq_low_hz': 550, 'freq_high_hz': 1700}. Best is trial 1216 with value: 0.4161157870952521.
[I 2026-03-10 23:44:41,423] Trial 1252 finished with value: 0.3863058746888142 and parameters: {'window_ms': 210, 'overlap': 0.65, 'freq_low_hz': 550, 'freq_high_hz': 1700}. Best is trial 1216 with value: 0.4161157870952521.
[I 2026-03-10 23:44:41,833] Trial 1259 finished with value: 0.3617703936696551 and parameters: {'window_ms': 235, 'overlap': 0.65, 'freq_low_hz': 650, 'freq_high_hz': 1500}. Best is trial 1216 with value: 0.4161157870952521.
[I 2026-03-10 23:44:50,225] Trial 1261 finished with value: 0.4016762765066289 and parameters: {'window_ms': 235, 'overlap': 0.65, 'freq_low_hz': 1200, 'freq_high_hz': 1800}. Best is trial 1216 with value: 0.4161157870952521.
[I 2026-03-10 23:44:51,950] Trial 1260 finished with value: 0.4016762765066289 and parameters: {'window_ms': 235, 'overlap': 0.65, 'freq_low_hz': 1200, 'freq_high_hz': 1800}. Best is trial 1216 with value: 0.4161157870952521.
[I 2026-03-10 23:44:56,588] Trial 1258 finished with value: 0.363856775326106 and parameters: {'window_ms': 235, 'overlap': 0.65, 'freq_low_hz': 600, 'freq_high_hz': 2100}. Best is trial 1216 with value: 0.4161157870952521.
[I 2026-03-10 23:45:00,721] Trial 1265 finished with value: 0.4016762765066289 and parameters: {'window_ms': 235, 'overlap': 0.65, 'freq_low_hz': 1200, 'freq_high_hz': 1800}. Best is trial 1216 with value: 0.4161157870952521.
[I 2026-03-10 23:45:04,262] Trial 1262 finished with value: 0.36418247362447315 and parameters: {'window_ms': 235, 'overlap': 0.65, 'freq_low_hz': 600, 'freq_high_hz': 1500}. Best is trial 1216 with value: 0.4161157870952521.
[I 2026-03-10 23:45:05,586] Trial 1268 finished with value: 0.4016762765066289 and parameters: {'window_ms': 235, 'overlap': 0.65, 'freq_low_hz': 1200, 'freq_high_hz': 1800}. Best is trial 1216 with value: 0.4161157870952521.
[I 2026-03-10 23:45:12,138] Trial 1263 finished with value: 0.36707579949704566 and parameters: {'window_ms': 235, 'overlap': 0.65, 'freq_low_hz': 600, 'freq_high_hz': 2000}. Best is trial 1216 with value: 0.4161157870952521.
[I 2026-03-10 23:45:14,763] Trial 1264 finished with value: 0.36707579949704566 and parameters: {'window_ms': 235, 'overlap': 0.65, 'freq_low_hz': 600, 'freq_high_hz': 2000}. Best is trial 1216 with value: 0.4161157870952521.
[I 2026-03-10 23:45:16,430] Trial 1269 finished with value: 0.40625997303696604 and parameters: {'window_ms': 235, 'overlap': 0.7, 'freq_low_hz': 1200, 'freq_high_hz': 1800}. Best is trial 1216 with value: 0.4161157870952521.
[I 2026-03-10 23:45:21,272] Trial 1271 finished with value: 0.3966324718640281 and parameters: {'window_ms': 250, 'overlap': 0.7, 'freq_low_hz': 1200, 'freq_high_hz': 1800}. Best is trial 1216 with value: 0.4161157870952521.
[I 2026-03-10 23:45:22,685] Trial 1266 finished with value: 0.3637482259134986 and parameters: {'window_ms': 235, 'overlap': 0.65, 'freq_low_hz': 550, 'freq_high_hz': 2100}. Best is trial 1216 with value: 0.4161157870952521.
[I 2026-03-10 23:45:23,335] Trial 1267 finished with value: 0.36396244313293913 and parameters: {'window_ms': 235, 'overlap': 0.65, 'freq_low_hz': 650, 'freq_high_hz': 2100}. Best is trial 1216 with value: 0.4161157870952521.
[I 2026-03-10 23:45:24,406] Trial 1270 finished with value: 0.3921147548000709 and parameters: {'window_ms': 235, 'overlap': 0.7, 'freq_low_hz': 1150, 'freq_high_hz': 1950}. Best is trial 1216 with value: 0.4161157870952521.
[I 2026-03-10 23:45:33,487] Trial 1273 finished with value: 0.392157980989964 and parameters: {'window_ms': 250, 'overlap': 0.7, 'freq_low_hz': 1150, 'freq_high_hz': 1950}. Best is trial 1216 with value: 0.4161157870952521.
[I 2026-03-10 23:45:33,965] Trial 1272 finished with value: 0.392157980989964 and parameters: {'window_ms': 250, 'overlap': 0.7, 'freq_low_hz': 1150, 'freq_high_hz': 1950}. Best is trial 1216 with value: 0.4161157870952521.
[I 2026-03-10 23:45:35,771] Trial 1274 finished with value: 0.392157980989964 and parameters: {'window_ms': 250, 'overlap': 0.7, 'freq_low_hz': 1150, 'freq_high_hz': 1950}. Best is trial 1216 with value: 0.4161157870952521.
[I 2026-03-10 23:45:43,527] Trial 1276 finished with value: 0.392157980989964 and parameters: {'window_ms': 250, 'overlap': 0.7, 'freq_low_hz': 1150, 'freq_high_hz': 1950}. Best is trial 1216 with value: 0.4161157870952521.
[I 2026-03-10 23:45:45,016] Trial 1281 finished with value: 0.3833479162642823 and parameters: {'window_ms': 250, 'overlap': 0.7, 'freq_low_hz': 1150, 'freq_high_hz': 1650}. Best is trial 1216 with value: 0.4161157870952521.
[I 2026-03-10 23:45:49,078] Trial 1277 finished with value: 0.392157980989964 and parameters: {'window_ms': 250, 'overlap': 0.7, 'freq_low_hz': 1150, 'freq_high_hz': 1950}. Best is trial 1216 with value: 0.4161157870952521.
[I 2026-03-10 23:45:51,535] Trial 1278 finished with value: 0.392157980989964 and parameters: {'window_ms': 250, 'overlap': 0.7, 'freq_low_hz': 1150, 'freq_high_hz': 1950}. Best is trial 1216 with value: 0.4161157870952521.
[I 2026-03-10 23:45:53,593] Trial 1279 finished with value: 0.392157980989964 and parameters: {'window_ms': 250, 'overlap': 0.7, 'freq_low_hz': 1150, 'freq_high_hz': 1950}. Best is trial 1216 with value: 0.4161157870952521.
[I 2026-03-10 23:45:53,785] Trial 1282 finished with value: 0.3834051905654093 and parameters: {'window_ms': 215, 'overlap': 0.65, 'freq_low_hz': 1150, 'freq_high_hz': 1650}. Best is trial 1216 with value: 0.4161157870952521.
[I 2026-03-10 23:45:55,152] Trial 1283 finished with value: 0.38404190906816266 and parameters: {'window_ms': 240, 'overlap': 0.65, 'freq_low_hz': 1150, 'freq_high_hz': 1650}. Best is trial 1216 with value: 0.4161157870952521.
[I 2026-03-10 23:45:57,503] Trial 1284 finished with value: 0.40956090190401906 and parameters: {'window_ms': 215, 'overlap': 0.65, 'freq_low_hz': 1200, 'freq_high_hz': 1800}. Best is trial 1216 with value: 0.4161157870952521.
[I 2026-03-10 23:46:00,303] Trial 1280 finished with value: 0.36532742708930804 and parameters: {'window_ms': 250, 'overlap': 0.65, 'freq_low_hz': 250, 'freq_high_hz': 1600}. Best is trial 1216 with value: 0.4161157870952521.
[I 2026-03-10 23:46:07,012] Trial 1285 finished with value: 0.4137971651170764 and parameters: {'window_ms': 240, 'overlap': 0.65, 'freq_low_hz': 1200, 'freq_high_hz': 1800}. Best is trial 1216 with value: 0.4161157870952521.
[I 2026-03-10 23:46:09,363] Trial 1286 finished with value: 0.40956090190401906 and parameters: {'window_ms': 215, 'overlap': 0.65, 'freq_low_hz': 1200, 'freq_high_hz': 1800}. Best is trial 1216 with value: 0.4161157870952521.
[I 2026-03-10 23:46:10,727] Trial 1287 finished with value: 0.40956090190401906 and parameters: {'window_ms': 215, 'overlap': 0.65, 'freq_low_hz': 1200, 'freq_high_hz': 1800}. Best is trial 1216 with value: 0.4161157870952521.
[I 2026-03-10 23:46:13,726] Trial 1289 finished with value: 0.4137971651170764 and parameters: {'window_ms': 240, 'overlap': 0.65, 'freq_low_hz': 1200, 'freq_high_hz': 1800}. Best is trial 1216 with value: 0.4161157870952521.
[I 2026-03-10 23:46:15,445] Trial 1290 finished with value: 0.4137971651170764 and parameters: {'window_ms': 240, 'overlap': 0.65, 'freq_low_hz': 1200, 'freq_high_hz': 1800}. Best is trial 1216 with value: 0.4161157870952521.
[I 2026-03-10 23:46:17,022] Trial 1291 finished with value: 0.3953471478676077 and parameters: {'window_ms': 230, 'overlap': 0.65, 'freq_low_hz': 1200, 'freq_high_hz': 1800}. Best is trial 1216 with value: 0.4161157870952521.
[I 2026-03-10 23:46:19,602] Trial 1292 finished with value: 0.4137971651170764 and parameters: {'window_ms': 240, 'overlap': 0.65, 'freq_low_hz': 1200, 'freq_high_hz': 1800}. Best is trial 1216 with value: 0.4161157870952521.
[I 2026-03-10 23:46:21,496] Trial 1293 finished with value: 0.4137971651170764 and parameters: {'window_ms': 240, 'overlap': 0.65, 'freq_low_hz': 1200, 'freq_high_hz': 1800}. Best is trial 1216 with value: 0.4161157870952521.
[I 2026-03-10 23:46:29,253] Trial 1296 finished with value: 0.41259970378269095 and parameters: {'window_ms': 230, 'overlap': 0.6000000000000001, 'freq_low_hz': 1200, 'freq_high_hz': 1800}. Best is trial 1216 with value: 0.4161157870952521.
[I 2026-03-10 23:46:29,531] Trial 1294 finished with value: 0.3568965480273825 and parameters: {'window_ms': 230, 'overlap': 0.65, 'freq_low_hz': 1000, 'freq_high_hz': 1600}. Best is trial 1216 with value: 0.4161157870952521.
[I 2026-03-10 23:46:29,566] Trial 1295 finished with value: 0.3644481147169969 and parameters: {'window_ms': 230, 'overlap': 0.6000000000000001, 'freq_low_hz': 1000, 'freq_high_hz': 1600}. Best is trial 1216 with value: 0.4161157870952521.
[I 2026-03-10 23:46:31,659] Trial 1288 finished with value: 0.360884228152768 and parameters: {'window_ms': 215, 'overlap': 0.65, 'freq_low_hz': 1200, 'freq_high_hz': 3000}. Best is trial 1216 with value: 0.4161157870952521.
[I 2026-03-10 23:46:32,634] Trial 1275 finished with value: 0.33983354962142664 and parameters: {'window_ms': 250, 'overlap': 0.7, 'freq_low_hz': 1150, 'freq_high_hz': 4950}. Best is trial 1216 with value: 0.4161157870952521.
[I 2026-03-10 23:46:33,899] Trial 1298 finished with value: 0.36488043196801684 and parameters: {'window_ms': 230, 'overlap': 0.6000000000000001, 'freq_low_hz': 950, 'freq_high_hz': 1600}. Best is trial 1216 with value: 0.4161157870952521.
[I 2026-03-10 23:46:35,378] Trial 1297 finished with value: 0.366887392814609 and parameters: {'window_ms': 230, 'overlap': 0.6000000000000001, 'freq_low_hz': 900, 'freq_high_hz': 1600}. Best is trial 1216 with value: 0.4161157870952521.
[I 2026-03-10 23:46:39,278] Trial 1299 finished with value: 0.3644481147169969 and parameters: {'window_ms': 230, 'overlap': 0.6000000000000001, 'freq_low_hz': 1000, 'freq_high_hz': 1600}. Best is trial 1216 with value: 0.4161157870952521.
[I 2026-03-10 23:46:40,425] Trial 1300 finished with value: 0.3644481147169969 and parameters: {'window_ms': 230, 'overlap': 0.6000000000000001, 'freq_low_hz': 1000, 'freq_high_hz': 1600}. Best is trial 1216 with value: 0.4161157870952521.
[I 2026-03-10 23:46:42,546] Trial 1301 finished with value: 0.3644481147169969 and parameters: {'window_ms': 230, 'overlap': 0.6000000000000001, 'freq_low_hz': 1000, 'freq_high_hz': 1600}. Best is trial 1216 with value: 0.4161157870952521.
[I 2026-03-10 23:46:46,873] Trial 1302 finished with value: 0.3644481147169969 and parameters: {'window_ms': 230, 'overlap': 0.6000000000000001, 'freq_low_hz': 1000, 'freq_high_hz': 1600}. Best is trial 1216 with value: 0.4161157870952521.
[I 2026-03-10 23:46:48,932] Trial 1303 finished with value: 0.37309608271985173 and parameters: {'window_ms': 240, 'overlap': 0.6000000000000001, 'freq_low_hz': 950, 'freq_high_hz': 1600}. Best is trial 1216 with value: 0.4161157870952521.
[I 2026-03-10 23:46:49,677] Trial 1304 finished with value: 0.35707529844767844 and parameters: {'window_ms': 225, 'overlap': 0.6000000000000001, 'freq_low_hz': 950, 'freq_high_hz': 1600}. Best is trial 1216 with value: 0.4161157870952521.
[I 2026-03-10 23:46:50,523] Trial 1305 finished with value: 0.3686423859602042 and parameters: {'window_ms': 225, 'overlap': 0.6000000000000001, 'freq_low_hz': 900, 'freq_high_hz': 1600}. Best is trial 1216 with value: 0.4161157870952521.
[I 2026-03-10 23:46:51,122] Trial 1306 finished with value: 0.37309608271985173 and parameters: {'window_ms': 240, 'overlap': 0.6000000000000001, 'freq_low_hz': 950, 'freq_high_hz': 1600}. Best is trial 1216 with value: 0.4161157870952521.
[I 2026-03-10 23:46:53,075] Trial 1307 finished with value: 0.35707529844767844 and parameters: {'window_ms': 225, 'overlap': 0.6000000000000001, 'freq_low_hz': 950, 'freq_high_hz': 1600}. Best is trial 1216 with value: 0.4161157870952521.
[I 2026-03-10 23:46:54,143] Trial 1308 finished with value: 0.37567400510788956 and parameters: {'window_ms': 240, 'overlap': 0.65, 'freq_low_hz': 1000, 'freq_high_hz': 1700}. Best is trial 1216 with value: 0.4161157870952521.
[I 2026-03-10 23:46:57,246] Trial 1309 finished with value: 0.4025158594858789 and parameters: {'window_ms': 240, 'overlap': 0.65, 'freq_low_hz': 1200, 'freq_high_hz': 1700}. Best is trial 1216 with value: 0.4161157870952521.
[I 2026-03-10 23:46:58,302] Trial 1310 finished with value: 0.4025158594858789 and parameters: {'window_ms': 240, 'overlap': 0.65, 'freq_low_hz': 1200, 'freq_high_hz': 1700}. Best is trial 1216 with value: 0.4161157870952521.
[I 2026-03-10 23:47:00,413] Trial 1311 finished with value: 0.4025158594858789 and parameters: {'window_ms': 240, 'overlap': 0.65, 'freq_low_hz': 1200, 'freq_high_hz': 1700}. Best is trial 1216 with value: 0.4161157870952521.
[I 2026-03-10 23:47:05,358] Trial 1312 finished with value: 0.4025158594858789 and parameters: {'window_ms': 240, 'overlap': 0.65, 'freq_low_hz': 1200, 'freq_high_hz': 1700}. Best is trial 1216 with value: 0.4161157870952521.
[I 2026-03-10 23:47:07,718] Trial 1316 finished with value: 0.4045317359422826 and parameters: {'window_ms': 245, 'overlap': 0.65, 'freq_low_hz': 1200, 'freq_high_hz': 1700}. Best is trial 1216 with value: 0.4161157870952521.
[I 2026-03-10 23:47:08,212] Trial 1313 finished with value: 0.4025158594858789 and parameters: {'window_ms': 240, 'overlap': 0.65, 'freq_low_hz': 1200, 'freq_high_hz': 1700}. Best is trial 1216 with value: 0.4161157870952521.
[I 2026-03-10 23:47:08,769] Trial 1314 finished with value: 0.4025158594858789 and parameters: {'window_ms': 240, 'overlap': 0.65, 'freq_low_hz': 1200, 'freq_high_hz': 1700}. Best is trial 1216 with value: 0.4161157870952521.
[I 2026-03-10 23:47:14,470] Trial 1317 finished with value: 0.40930188316120725 and parameters: {'window_ms': 245, 'overlap': 0.65, 'freq_low_hz': 1100, 'freq_high_hz': 1700}. Best is trial 1216 with value: 0.4161157870952521.
[I 2026-03-10 23:47:21,018] Trial 1320 finished with value: 0.37987183038526534 and parameters: {'window_ms': 245, 'overlap': 0.65, 'freq_low_hz': 1200, 'freq_high_hz': 1900}. Best is trial 1216 with value: 0.4161157870952521.
[I 2026-03-10 23:47:21,534] Trial 1321 finished with value: 0.37987183038526534 and parameters: {'window_ms': 245, 'overlap': 0.65, 'freq_low_hz': 1200, 'freq_high_hz': 1900}. Best is trial 1216 with value: 0.4161157870952521.
[I 2026-03-10 23:47:22,253] Trial 1319 finished with value: 0.37987183038526534 and parameters: {'window_ms': 245, 'overlap': 0.65, 'freq_low_hz': 1200, 'freq_high_hz': 1900}. Best is trial 1216 with value: 0.4161157870952521.
[I 2026-03-10 23:47:26,282] Trial 1318 finished with value: 0.3789117964456452 and parameters: {'window_ms': 245, 'overlap': 0.65, 'freq_low_hz': 500, 'freq_high_hz': 1700}. Best is trial 1216 with value: 0.4161157870952521.
[I 2026-03-10 23:47:30,547] Trial 1324 finished with value: 0.371494929470612 and parameters: {'window_ms': 220, 'overlap': 0.65, 'freq_low_hz': 1200, 'freq_high_hz': 1900}. Best is trial 1216 with value: 0.4161157870952521.
[I 2026-03-10 23:47:30,888] Trial 1323 finished with value: 0.371494929470612 and parameters: {'window_ms': 220, 'overlap': 0.65, 'freq_low_hz': 1200, 'freq_high_hz': 1900}. Best is trial 1216 with value: 0.4161157870952521.
[I 2026-03-10 23:47:31,046] Trial 1325 finished with value: 0.371494929470612 and parameters: {'window_ms': 220, 'overlap': 0.65, 'freq_low_hz': 1200, 'freq_high_hz': 1900}. Best is trial 1216 with value: 0.4161157870952521.
[I 2026-03-10 23:47:31,998] Trial 1322 finished with value: 0.37949177227536973 and parameters: {'window_ms': 245, 'overlap': 0.65, 'freq_low_hz': 1100, 'freq_high_hz': 1900}. Best is trial 1216 with value: 0.4161157870952521.
[I 2026-03-10 23:47:35,636] Trial 1326 finished with value: 0.377366023970726 and parameters: {'window_ms': 220, 'overlap': 0.65, 'freq_low_hz': 1150, 'freq_high_hz': 1850}. Best is trial 1216 with value: 0.4161157870952521.
[I 2026-03-10 23:47:44,481] Trial 1327 finished with value: 0.37984524957448723 and parameters: {'window_ms': 225, 'overlap': 0.65, 'freq_low_hz': 1150, 'freq_high_hz': 1850}. Best is trial 1216 with value: 0.4161157870952521.
[I 2026-03-10 23:47:44,546] Trial 1329 finished with value: 0.38028780282091385 and parameters: {'window_ms': 235, 'overlap': 0.65, 'freq_low_hz': 1150, 'freq_high_hz': 1850}. Best is trial 1216 with value: 0.4161157870952521.
[I 2026-03-10 23:47:49,139] Trial 1330 finished with value: 0.377366023970726 and parameters: {'window_ms': 220, 'overlap': 0.65, 'freq_low_hz': 1150, 'freq_high_hz': 1850}. Best is trial 1216 with value: 0.4161157870952521.
[I 2026-03-10 23:47:49,972] Trial 1328 finished with value: 0.3638060886535728 and parameters: {'window_ms': 220, 'overlap': 0.65, 'freq_low_hz': 1100, 'freq_high_hz': 2100}. Best is trial 1216 with value: 0.4161157870952521.
[I 2026-03-10 23:47:50,236] Trial 1332 finished with value: 0.3938678160593369 and parameters: {'window_ms': 85, 'overlap': 0.65, 'freq_low_hz': 1150, 'freq_high_hz': 1850}. Best is trial 1216 with value: 0.4161157870952521.
[I 2026-03-10 23:47:50,941] Trial 1331 finished with value: 0.377366023970726 and parameters: {'window_ms': 220, 'overlap': 0.65, 'freq_low_hz': 1150, 'freq_high_hz': 1850}. Best is trial 1216 with value: 0.4161157870952521.
[I 2026-03-10 23:47:56,075] Trial 1334 finished with value: 0.38028780282091385 and parameters: {'window_ms': 235, 'overlap': 0.65, 'freq_low_hz': 1150, 'freq_high_hz': 1850}. Best is trial 1216 with value: 0.4161157870952521.
[I 2026-03-10 23:47:58,631] Trial 1333 finished with value: 0.36382241642714047 and parameters: {'window_ms': 235, 'overlap': 0.65, 'freq_low_hz': 1100, 'freq_high_hz': 2100}. Best is trial 1216 with value: 0.4161157870952521.
[I 2026-03-10 23:48:05,666] Trial 1336 finished with value: 0.3513644532622165 and parameters: {'window_ms': 85, 'overlap': 0.65, 'freq_low_hz': 850, 'freq_high_hz': 2000}. Best is trial 1216 with value: 0.4161157870952521.
[I 2026-03-10 23:48:07,639] Trial 1335 finished with value: 0.36729519194882637 and parameters: {'window_ms': 235, 'overlap': 0.65, 'freq_low_hz': 800, 'freq_high_hz': 2000}. Best is trial 1216 with value: 0.4161157870952521.
[I 2026-03-10 23:48:08,854] Trial 1315 finished with value: 0.3915611852246406 and parameters: {'window_ms': 240, 'overlap': 0.65, 'freq_low_hz': 1200, 'freq_high_hz': 5900}. Best is trial 1216 with value: 0.4161157870952521.
[I 2026-03-10 23:48:11,493] Trial 1338 finished with value: 0.38249171548096905 and parameters: {'window_ms': 235, 'overlap': 0.65, 'freq_low_hz': 1150, 'freq_high_hz': 1750}. Best is trial 1216 with value: 0.4161157870952521.
