[I 2026-03-10 23:07:04,938] Trial 378 finished with value: 0.3926362236654588 and parameters: {'window_ms': 230, 'overlap': 0.6000000000000001, 'freq_low_hz': 1200, 'freq_high_hz': 1900}. Best is trial 180 with value: 0.4147228372997391.
[I 2026-03-10 23:07:05,782] Trial 357 finished with value: 0.34325132795305 and parameters: {'window_ms': 230, 'overlap': 0.6000000000000001, 'freq_low_hz': 1200, 'freq_high_hz': 5700}. Best is trial 180 with value: 0.4147228372997391.
[I 2026-03-10 23:07:07,647] Trial 367 finished with value: 0.3537089945432228 and parameters: {'window_ms': 230, 'overlap': 0.6000000000000001, 'freq_low_hz': 1200, 'freq_high_hz': 4700}. Best is trial 180 with value: 0.4147228372997391.
[I 2026-03-10 23:07:14,144] Trial 379 finished with value: 0.378232674092439 and parameters: {'window_ms': 225, 'overlap': 0.6000000000000001, 'freq_low_hz': 1200, 'freq_high_hz': 1900}. Best is trial 180 with value: 0.4147228372997391.
[I 2026-03-10 23:07:18,235] Trial 361 finished with value: 0.3719431913973161 and parameters: {'window_ms': 230, 'overlap': 0.6000000000000001, 'freq_low_hz': 1200, 'freq_high_hz': 5600}. Best is trial 180 with value: 0.4147228372997391.
[I 2026-03-10 23:07:18,742] Trial 371 finished with value: 0.3399667539966864 and parameters: {'window_ms': 230, 'overlap': 0.6000000000000001, 'freq_low_hz': 1200, 'freq_high_hz': 4800}. Best is trial 180 with value: 0.4147228372997391.
[I 2026-03-10 23:07:21,898] Trial 381 finished with value: 0.40952594668179976 and parameters: {'window_ms': 225, 'overlap': 0.6000000000000001, 'freq_low_hz': 1200, 'freq_high_hz': 1800}. Best is trial 180 with value: 0.4147228372997391.
[I 2026-03-10 23:07:22,294] Trial 380 finished with value: 0.3820861341013051 and parameters: {'window_ms': 220, 'overlap': 0.6000000000000001, 'freq_low_hz': 1200, 'freq_high_hz': 1900}. Best is trial 180 with value: 0.4147228372997391.
[I 2026-03-10 23:07:24,646] Trial 373 finished with value: 0.3399667539966864 and parameters: {'window_ms': 230, 'overlap': 0.6000000000000001, 'freq_low_hz': 1200, 'freq_high_hz': 4800}. Best is trial 180 with value: 0.4147228372997391.
[I 2026-03-10 23:07:24,928] Trial 382 finished with value: 0.4017007454888538 and parameters: {'window_ms': 220, 'overlap': 0.6000000000000001, 'freq_low_hz': 1200, 'freq_high_hz': 1800}. Best is trial 180 with value: 0.4147228372997391.
[I 2026-03-10 23:07:27,312] Trial 384 finished with value: 0.3548530092043486 and parameters: {'window_ms': 220, 'overlap': 0.6000000000000001, 'freq_low_hz': 750, 'freq_high_hz': 1500}. Best is trial 180 with value: 0.4147228372997391.
[I 2026-03-10 23:07:28,845] Trial 385 finished with value: 0.3548530092043486 and parameters: {'window_ms': 220, 'overlap': 0.6000000000000001, 'freq_low_hz': 750, 'freq_high_hz': 1500}. Best is trial 180 with value: 0.4147228372997391.
[I 2026-03-10 23:07:31,285] Trial 383 finished with value: 0.3885248170087394 and parameters: {'window_ms': 220, 'overlap': 0.6000000000000001, 'freq_low_hz': 750, 'freq_high_hz': 1800}. Best is trial 180 with value: 0.4147228372997391.
[I 2026-03-10 23:07:34,053] Trial 386 finished with value: 0.4017007454888538 and parameters: {'window_ms': 220, 'overlap': 0.6000000000000001, 'freq_low_hz': 1200, 'freq_high_hz': 1800}. Best is trial 180 with value: 0.4147228372997391.
[I 2026-03-10 23:07:37,752] Trial 388 finished with value: 0.4017007454888538 and parameters: {'window_ms': 220, 'overlap': 0.6000000000000001, 'freq_low_hz': 1200, 'freq_high_hz': 1800}. Best is trial 180 with value: 0.4147228372997391.
[I 2026-03-10 23:07:38,071] Trial 387 finished with value: 0.4017007454888538 and parameters: {'window_ms': 220, 'overlap': 0.6000000000000001, 'freq_low_hz': 1200, 'freq_high_hz': 1800}. Best is trial 180 with value: 0.4147228372997391.
[I 2026-03-10 23:07:39,534] Trial 389 finished with value: 0.4017007454888538 and parameters: {'window_ms': 220, 'overlap': 0.6000000000000001, 'freq_low_hz': 1200, 'freq_high_hz': 1800}. Best is trial 180 with value: 0.4147228372997391.
[I 2026-03-10 23:07:41,652] Trial 390 finished with value: 0.4017007454888538 and parameters: {'window_ms': 220, 'overlap': 0.6000000000000001, 'freq_low_hz': 1200, 'freq_high_hz': 1800}. Best is trial 180 with value: 0.4147228372997391.
[I 2026-03-10 23:07:44,130] Trial 392 finished with value: 0.4017007454888538 and parameters: {'window_ms': 220, 'overlap': 0.6000000000000001, 'freq_low_hz': 1200, 'freq_high_hz': 1800}. Best is trial 180 with value: 0.4147228372997391.
[I 2026-03-10 23:07:45,326] Trial 391 finished with value: 0.4017007454888538 and parameters: {'window_ms': 220, 'overlap': 0.6000000000000001, 'freq_low_hz': 1200, 'freq_high_hz': 1800}. Best is trial 180 with value: 0.4147228372997391.
[I 2026-03-10 23:07:45,354] Trial 393 finished with value: 0.40952594668179976 and parameters: {'window_ms': 225, 'overlap': 0.6000000000000001, 'freq_low_hz': 1200, 'freq_high_hz': 1800}. Best is trial 180 with value: 0.4147228372997391.
[I 2026-03-10 23:07:46,888] Trial 394 finished with value: 0.40952594668179976 and parameters: {'window_ms': 225, 'overlap': 0.6000000000000001, 'freq_low_hz': 1200, 'freq_high_hz': 1800}. Best is trial 180 with value: 0.4147228372997391.
[I 2026-03-10 23:07:48,202] Trial 395 finished with value: 0.40952594668179976 and parameters: {'window_ms': 225, 'overlap': 0.6000000000000001, 'freq_low_hz': 1200, 'freq_high_hz': 1800}. Best is trial 180 with value: 0.4147228372997391.
[I 2026-03-10 23:07:53,184] Trial 396 finished with value: 0.40952594668179976 and parameters: {'window_ms': 225, 'overlap': 0.6000000000000001, 'freq_low_hz': 1200, 'freq_high_hz': 1800}. Best is trial 180 with value: 0.4147228372997391.
[I 2026-03-10 23:07:57,681] Trial 398 finished with value: 0.38329664256772433 and parameters: {'window_ms': 235, 'overlap': 0.6000000000000001, 'freq_low_hz': 1200, 'freq_high_hz': 1700}. Best is trial 180 with value: 0.4147228372997391.
[I 2026-03-10 23:07:57,706] Trial 399 finished with value: 0.38329664256772433 and parameters: {'window_ms': 235, 'overlap': 0.6000000000000001, 'freq_low_hz': 1200, 'freq_high_hz': 1700}. Best is trial 180 with value: 0.4147228372997391.
[I 2026-03-10 23:07:58,094] Trial 397 finished with value: 0.3783243704629626 and parameters: {'window_ms': 235, 'overlap': 0.6000000000000001, 'freq_low_hz': 1200, 'freq_high_hz': 1800}. Best is trial 180 with value: 0.4147228372997391.
[I 2026-03-10 23:07:59,647] Trial 400 finished with value: 0.38329664256772433 and parameters: {'window_ms': 235, 'overlap': 0.6000000000000001, 'freq_low_hz': 1200, 'freq_high_hz': 1700}. Best is trial 180 with value: 0.4147228372997391.
[I 2026-03-10 23:08:02,686] Trial 401 finished with value: 0.38329664256772433 and parameters: {'window_ms': 235, 'overlap': 0.6000000000000001, 'freq_low_hz': 1200, 'freq_high_hz': 1700}. Best is trial 180 with value: 0.4147228372997391.
[I 2026-03-10 23:08:07,004] Trial 402 finished with value: 0.38171233354872985 and parameters: {'window_ms': 225, 'overlap': 0.6000000000000001, 'freq_low_hz': 1150, 'freq_high_hz': 1750}. Best is trial 180 with value: 0.4147228372997391.
[I 2026-03-10 23:08:07,292] Trial 405 finished with value: 0.3833823235084741 and parameters: {'window_ms': 235, 'overlap': 0.6000000000000001, 'freq_low_hz': 1150, 'freq_high_hz': 1650}. Best is trial 180 with value: 0.4147228372997391.
[I 2026-03-10 23:08:12,773] Trial 403 finished with value: 0.37411810942562584 and parameters: {'window_ms': 225, 'overlap': 0.6000000000000001, 'freq_low_hz': 200, 'freq_high_hz': 1600}. Best is trial 180 with value: 0.4147228372997391.
[I 2026-03-10 23:08:13,665] Trial 404 finished with value: 0.36321503064763205 and parameters: {'window_ms': 235, 'overlap': 0.6000000000000001, 'freq_low_hz': 1150, 'freq_high_hz': 2450}. Best is trial 180 with value: 0.4147228372997391.
[I 2026-03-10 23:08:17,490] Trial 410 finished with value: 0.38402892166036773 and parameters: {'window_ms': 225, 'overlap': 0.6000000000000001, 'freq_low_hz': 1150, 'freq_high_hz': 1650}. Best is trial 180 with value: 0.4147228372997391.
[I 2026-03-10 23:08:18,436] Trial 406 finished with value: 0.36321503064763205 and parameters: {'window_ms': 235, 'overlap': 0.6000000000000001, 'freq_low_hz': 1150, 'freq_high_hz': 2450}. Best is trial 180 with value: 0.4147228372997391.
[I 2026-03-10 23:08:18,921] Trial 407 finished with value: 0.364085938071267 and parameters: {'window_ms': 235, 'overlap': 0.6000000000000001, 'freq_low_hz': 1150, 'freq_high_hz': 2050}. Best is trial 180 with value: 0.4147228372997391.
[I 2026-03-10 23:08:19,047] Trial 408 finished with value: 0.37393478344640074 and parameters: {'window_ms': 235, 'overlap': 0.6000000000000001, 'freq_low_hz': 850, 'freq_high_hz': 1600}. Best is trial 180 with value: 0.4147228372997391.
[I 2026-03-10 23:08:21,528] Trial 411 finished with value: 0.38402892166036773 and parameters: {'window_ms': 225, 'overlap': 0.6000000000000001, 'freq_low_hz': 1150, 'freq_high_hz': 1650}. Best is trial 180 with value: 0.4147228372997391.
[I 2026-03-10 23:08:21,606] Trial 409 finished with value: 0.3638707577916792 and parameters: {'window_ms': 225, 'overlap': 0.6000000000000001, 'freq_low_hz': 1150, 'freq_high_hz': 2050}. Best is trial 180 with value: 0.4147228372997391.
[I 2026-03-10 23:08:27,048] Trial 412 finished with value: 0.37798326390096637 and parameters: {'window_ms': 210, 'overlap': 0.6000000000000001, 'freq_low_hz': 1150, 'freq_high_hz': 1950}. Best is trial 180 with value: 0.4147228372997391.
[I 2026-03-10 23:08:28,880] Trial 413 finished with value: 0.37816688220782363 and parameters: {'window_ms': 225, 'overlap': 0.6000000000000001, 'freq_low_hz': 1150, 'freq_high_hz': 1950}. Best is trial 180 with value: 0.4147228372997391.
[I 2026-03-10 23:08:32,261] Trial 415 finished with value: 0.37123900465301524 and parameters: {'window_ms': 105, 'overlap': 0.6000000000000001, 'freq_low_hz': 650, 'freq_high_hz': 1600}. Best is trial 180 with value: 0.4147228372997391.
[I 2026-03-10 23:08:33,573] Trial 414 finished with value: 0.3638707577916792 and parameters: {'window_ms': 225, 'overlap': 0.6000000000000001, 'freq_low_hz': 1150, 'freq_high_hz': 2050}. Best is trial 180 with value: 0.4147228372997391.
[I 2026-03-10 23:08:34,988] Trial 419 finished with value: 0.3451881384676696 and parameters: {'window_ms': 110, 'overlap': 0.55, 'freq_low_hz': 650, 'freq_high_hz': 1500}. Best is trial 180 with value: 0.4147228372997391.
[I 2026-03-10 23:08:37,249] Trial 418 finished with value: 0.3796671769165572 and parameters: {'window_ms': 225, 'overlap': 0.55, 'freq_low_hz': 1200, 'freq_high_hz': 1900}. Best is trial 180 with value: 0.4147228372997391.
[I 2026-03-10 23:08:38,046] Trial 421 finished with value: 0.3520088187133906 and parameters: {'window_ms': 100, 'overlap': 0.55, 'freq_low_hz': 1200, 'freq_high_hz': 1900}. Best is trial 180 with value: 0.4147228372997391.
[I 2026-03-10 23:08:39,447] Trial 417 finished with value: 0.3638707577916792 and parameters: {'window_ms': 225, 'overlap': 0.6000000000000001, 'freq_low_hz': 1150, 'freq_high_hz': 2050}. Best is trial 180 with value: 0.4147228372997391.
[I 2026-03-10 23:08:39,965] Trial 416 finished with value: 0.36542311956585516 and parameters: {'window_ms': 225, 'overlap': 0.6000000000000001, 'freq_low_hz': 650, 'freq_high_hz': 1500}. Best is trial 180 with value: 0.4147228372997391.
[I 2026-03-10 23:08:42,178] Trial 420 finished with value: 0.3919342345401987 and parameters: {'window_ms': 230, 'overlap': 0.55, 'freq_low_hz': 1200, 'freq_high_hz': 2000}. Best is trial 180 with value: 0.4147228372997391.
[I 2026-03-10 23:08:44,077] Trial 422 finished with value: 0.39668138551408433 and parameters: {'window_ms': 230, 'overlap': 0.55, 'freq_low_hz': 1200, 'freq_high_hz': 1900}. Best is trial 180 with value: 0.4147228372997391.
[I 2026-03-10 23:08:47,441] Trial 423 finished with value: 0.39668138551408433 and parameters: {'window_ms': 230, 'overlap': 0.55, 'freq_low_hz': 1200, 'freq_high_hz': 1900}. Best is trial 180 with value: 0.4147228372997391.
[I 2026-03-10 23:08:48,170] Trial 424 finished with value: 0.35188734243601566 and parameters: {'window_ms': 85, 'overlap': 0.55, 'freq_low_hz': 1200, 'freq_high_hz': 1900}. Best is trial 180 with value: 0.4147228372997391.
[I 2026-03-10 23:08:51,780] Trial 425 finished with value: 0.39668138551408433 and parameters: {'window_ms': 230, 'overlap': 0.55, 'freq_low_hz': 1200, 'freq_high_hz': 1900}. Best is trial 180 with value: 0.4147228372997391.
[I 2026-03-10 23:08:52,622] Trial 426 finished with value: 0.39668138551408433 and parameters: {'window_ms': 230, 'overlap': 0.55, 'freq_low_hz': 1200, 'freq_high_hz': 1900}. Best is trial 180 with value: 0.4147228372997391.
[I 2026-03-10 23:08:54,534] Trial 428 finished with value: 0.4135457538105577 and parameters: {'window_ms': 230, 'overlap': 0.6000000000000001, 'freq_low_hz': 1200, 'freq_high_hz': 1700}. Best is trial 180 with value: 0.4147228372997391.
[I 2026-03-10 23:08:54,825] Trial 427 finished with value: 0.39668138551408433 and parameters: {'window_ms': 230, 'overlap': 0.55, 'freq_low_hz': 1200, 'freq_high_hz': 1900}. Best is trial 180 with value: 0.4147228372997391.
[I 2026-03-10 23:08:55,429] Trial 429 finished with value: 0.4135457538105577 and parameters: {'window_ms': 230, 'overlap': 0.6000000000000001, 'freq_low_hz': 1200, 'freq_high_hz': 1700}. Best is trial 180 with value: 0.4147228372997391.
[I 2026-03-10 23:08:55,621] Trial 430 finished with value: 0.365799651198948 and parameters: {'window_ms': 80, 'overlap': 0.6000000000000001, 'freq_low_hz': 1200, 'freq_high_hz': 1700}. Best is trial 180 with value: 0.4147228372997391.
[I 2026-03-10 23:08:57,962] Trial 431 finished with value: 0.4135457538105577 and parameters: {'window_ms': 230, 'overlap': 0.6000000000000001, 'freq_low_hz': 1200, 'freq_high_hz': 1700}. Best is trial 180 with value: 0.4147228372997391.
[I 2026-03-10 23:08:59,671] Trial 432 finished with value: 0.4135457538105577 and parameters: {'window_ms': 230, 'overlap': 0.6000000000000001, 'freq_low_hz': 1200, 'freq_high_hz': 1700}. Best is trial 180 with value: 0.4147228372997391.
[I 2026-03-10 23:09:04,005] Trial 433 finished with value: 0.38329664256772433 and parameters: {'window_ms': 235, 'overlap': 0.6000000000000001, 'freq_low_hz': 1200, 'freq_high_hz': 1700}. Best is trial 180 with value: 0.4147228372997391.
[I 2026-03-10 23:09:04,429] Trial 434 finished with value: 0.410256527768278 and parameters: {'window_ms': 240, 'overlap': 0.6000000000000001, 'freq_low_hz': 1200, 'freq_high_hz': 1700}. Best is trial 180 with value: 0.4147228372997391.
[I 2026-03-10 23:09:06,461] Trial 435 finished with value: 0.39973511510306126 and parameters: {'window_ms': 210, 'overlap': 0.6000000000000001, 'freq_low_hz': 1200, 'freq_high_hz': 1700}. Best is trial 180 with value: 0.4147228372997391.
[I 2026-03-10 23:09:06,468] Trial 436 finished with value: 0.375029346494699 and parameters: {'window_ms': 35, 'overlap': 0.6000000000000001, 'freq_low_hz': 1200, 'freq_high_hz': 1700}. Best is trial 180 with value: 0.4147228372997391.
[I 2026-03-10 23:09:09,461] Trial 437 finished with value: 0.410256527768278 and parameters: {'window_ms': 240, 'overlap': 0.6000000000000001, 'freq_low_hz': 1200, 'freq_high_hz': 1700}. Best is trial 180 with value: 0.4147228372997391.
[I 2026-03-10 23:09:09,990] Trial 439 finished with value: 0.410256527768278 and parameters: {'window_ms': 240, 'overlap': 0.6000000000000001, 'freq_low_hz': 1200, 'freq_high_hz': 1700}. Best is trial 180 with value: 0.4147228372997391.
[I 2026-03-10 23:09:10,443] Trial 438 finished with value: 0.38329664256772433 and parameters: {'window_ms': 235, 'overlap': 0.6000000000000001, 'freq_low_hz': 1200, 'freq_high_hz': 1700}. Best is trial 180 with value: 0.4147228372997391.
[I 2026-03-10 23:09:10,513] Trial 440 finished with value: 0.38415580918434494 and parameters: {'window_ms': 240, 'overlap': 0.6000000000000001, 'freq_low_hz': 1150, 'freq_high_hz': 1650}. Best is trial 180 with value: 0.4147228372997391.
[I 2026-03-10 23:09:14,904] Trial 442 finished with value: 0.3833823235084741 and parameters: {'window_ms': 235, 'overlap': 0.6000000000000001, 'freq_low_hz': 1150, 'freq_high_hz': 1650}. Best is trial 180 with value: 0.4147228372997391.
[I 2026-03-10 23:09:19,171] Trial 443 finished with value: 0.3842484604953868 and parameters: {'window_ms': 150, 'overlap': 0.6000000000000001, 'freq_low_hz': 1150, 'freq_high_hz': 1650}. Best is trial 180 with value: 0.4147228372997391.
[I 2026-03-10 23:09:19,200] Trial 441 finished with value: 0.3785324714649597 and parameters: {'window_ms': 235, 'overlap': 0.6000000000000001, 'freq_low_hz': 500, 'freq_high_hz': 1600}. Best is trial 180 with value: 0.4147228372997391.
[I 2026-03-10 23:09:21,068] Trial 446 finished with value: 0.3833823235084741 and parameters: {'window_ms': 235, 'overlap': 0.6000000000000001, 'freq_low_hz': 1150, 'freq_high_hz': 1650}. Best is trial 180 with value: 0.4147228372997391.
[I 2026-03-10 23:09:21,317] Trial 444 finished with value: 0.3833823235084741 and parameters: {'window_ms': 235, 'overlap': 0.6000000000000001, 'freq_low_hz': 1150, 'freq_high_hz': 1650}. Best is trial 180 with value: 0.4147228372997391.
[I 2026-03-10 23:09:21,988] Trial 445 finished with value: 0.3833823235084741 and parameters: {'window_ms': 235, 'overlap': 0.6000000000000001, 'freq_low_hz': 1150, 'freq_high_hz': 1650}. Best is trial 180 with value: 0.4147228372997391.
[I 2026-03-10 23:09:26,014] Trial 449 finished with value: 0.37625993211182746 and parameters: {'window_ms': 235, 'overlap': 0.6000000000000001, 'freq_low_hz': 1150, 'freq_high_hz': 1550}. Best is trial 180 with value: 0.4147228372997391.
[I 2026-03-10 23:09:26,309] Trial 450 finished with value: 0.37625993211182746 and parameters: {'window_ms': 235, 'overlap': 0.6000000000000001, 'freq_low_hz': 1150, 'freq_high_hz': 1550}. Best is trial 180 with value: 0.4147228372997391.
[I 2026-03-10 23:09:26,331] Trial 447 finished with value: 0.3833823235084741 and parameters: {'window_ms': 235, 'overlap': 0.6000000000000001, 'freq_low_hz': 1150, 'freq_high_hz': 1650}. Best is trial 180 with value: 0.4147228372997391.
[I 2026-03-10 23:09:26,633] Trial 448 finished with value: 0.3833823235084741 and parameters: {'window_ms': 235, 'overlap': 0.6000000000000001, 'freq_low_hz': 1150, 'freq_high_hz': 1650}. Best is trial 180 with value: 0.4147228372997391.
[I 2026-03-10 23:09:31,207] Trial 451 finished with value: 0.36966843277920197 and parameters: {'window_ms': 230, 'overlap': 0.6000000000000001, 'freq_low_hz': 1150, 'freq_high_hz': 1550}. Best is trial 180 with value: 0.4147228372997391.
[I 2026-03-10 23:09:34,400] Trial 453 finished with value: 0.3512019165655426 and parameters: {'window_ms': 230, 'overlap': 0.6000000000000001, 'freq_low_hz': 1000, 'freq_high_hz': 1500}. Best is trial 180 with value: 0.4147228372997391.
[I 2026-03-10 23:09:36,493] Trial 454 finished with value: 0.3512019165655426 and parameters: {'window_ms': 230, 'overlap': 0.6000000000000001, 'freq_low_hz': 1000, 'freq_high_hz': 1500}. Best is trial 180 with value: 0.4147228372997391.
[I 2026-03-10 23:09:36,563] Trial 452 finished with value: 0.3512019165655426 and parameters: {'window_ms': 230, 'overlap': 0.6000000000000001, 'freq_low_hz': 1000, 'freq_high_hz': 1500}. Best is trial 180 with value: 0.4147228372997391.
[I 2026-03-10 23:09:36,763] Trial 455 finished with value: 0.3512019165655426 and parameters: {'window_ms': 230, 'overlap': 0.6000000000000001, 'freq_low_hz': 1000, 'freq_high_hz': 1500}. Best is trial 180 with value: 0.4147228372997391.
[I 2026-03-10 23:09:38,209] Trial 456 finished with value: 0.3644481147169969 and parameters: {'window_ms': 230, 'overlap': 0.6000000000000001, 'freq_low_hz': 1000, 'freq_high_hz': 1600}. Best is trial 180 with value: 0.4147228372997391.
[I 2026-03-10 23:09:43,305] Trial 458 finished with value: 0.3512019165655426 and parameters: {'window_ms': 230, 'overlap': 0.6000000000000001, 'freq_low_hz': 1000, 'freq_high_hz': 1500}. Best is trial 180 with value: 0.4147228372997391.
[I 2026-03-10 23:09:43,398] Trial 457 finished with value: 0.3512019165655426 and parameters: {'window_ms': 230, 'overlap': 0.6000000000000001, 'freq_low_hz': 1000, 'freq_high_hz': 1500}. Best is trial 180 with value: 0.4147228372997391.
[I 2026-03-10 23:09:43,509] Trial 459 finished with value: 0.3512019165655426 and parameters: {'window_ms': 230, 'overlap': 0.6000000000000001, 'freq_low_hz': 1000, 'freq_high_hz': 1500}. Best is trial 180 with value: 0.4147228372997391.
[I 2026-03-10 23:09:43,933] Trial 460 finished with value: 0.3512019165655426 and parameters: {'window_ms': 230, 'overlap': 0.6000000000000001, 'freq_low_hz': 1000, 'freq_high_hz': 1500}. Best is trial 180 with value: 0.4147228372997391.
[I 2026-03-10 23:09:52,940] Trial 462 finished with value: 0.3506420953494278 and parameters: {'window_ms': 230, 'overlap': 0.55, 'freq_low_hz': 1000, 'freq_high_hz': 1500}. Best is trial 180 with value: 0.4147228372997391.
[I 2026-03-10 23:09:53,300] Trial 465 finished with value: 0.39922640842102186 and parameters: {'window_ms': 225, 'overlap': 0.55, 'freq_low_hz': 1200, 'freq_high_hz': 1800}. Best is trial 180 with value: 0.4147228372997391.
[I 2026-03-10 23:09:55,554] Trial 466 finished with value: 0.39922640842102186 and parameters: {'window_ms': 225, 'overlap': 0.55, 'freq_low_hz': 1200, 'freq_high_hz': 1800}. Best is trial 180 with value: 0.4147228372997391.
[I 2026-03-10 23:09:55,936] Trial 461 finished with value: 0.3610644941551577 and parameters: {'window_ms': 230, 'overlap': 0.55, 'freq_low_hz': 1200, 'freq_high_hz': 2700}. Best is trial 180 with value: 0.4147228372997391.
[I 2026-03-10 23:09:56,809] Trial 463 finished with value: 0.3444234515246977 and parameters: {'window_ms': 230, 'overlap': 0.55, 'freq_low_hz': 450, 'freq_high_hz': 1500}. Best is trial 180 with value: 0.4147228372997391.
