[I 2026-03-10 23:30:36,775] Trial 954 finished with value: 0.3834488486153828 and parameters: {'window_ms': 240, 'overlap': 0.75, 'freq_low_hz': 1150, 'freq_high_hz': 1650}. Best is trial 628 with value: 0.414949757177793.
[I 2026-03-10 23:30:38,166] Trial 949 finished with value: 0.36520101822465373 and parameters: {'window_ms': 240, 'overlap': 0.65, 'freq_low_hz': 250, 'freq_high_hz': 1600}. Best is trial 628 with value: 0.414949757177793.
[I 2026-03-10 23:30:38,907] Trial 956 finished with value: 0.3571455755661552 and parameters: {'window_ms': 240, 'overlap': 0.65, 'freq_low_hz': 950, 'freq_high_hz': 1600}. Best is trial 628 with value: 0.414949757177793.
[I 2026-03-10 23:30:40,859] Trial 952 finished with value: 0.3658564384254757 and parameters: {'window_ms': 240, 'overlap': 0.65, 'freq_low_hz': 200, 'freq_high_hz': 1600}. Best is trial 628 with value: 0.414949757177793.
[I 2026-03-10 23:30:45,394] Trial 958 finished with value: 0.3618951131529182 and parameters: {'window_ms': 90, 'overlap': 0.65, 'freq_low_hz': 950, 'freq_high_hz': 1500}. Best is trial 628 with value: 0.414949757177793.
[I 2026-03-10 23:30:48,126] Trial 955 finished with value: 0.3708168554211718 and parameters: {'window_ms': 240, 'overlap': 0.65, 'freq_low_hz': 1150, 'freq_high_hz': 2450}. Best is trial 628 with value: 0.414949757177793.
[I 2026-03-10 23:30:52,485] Trial 959 finished with value: 0.3819867271956673 and parameters: {'window_ms': 240, 'overlap': 0.65, 'freq_low_hz': 950, 'freq_high_hz': 1500}. Best is trial 628 with value: 0.414949757177793.
[I 2026-03-10 23:30:53,018] Trial 960 finished with value: 0.3819867271956673 and parameters: {'window_ms': 240, 'overlap': 0.65, 'freq_low_hz': 950, 'freq_high_hz': 1500}. Best is trial 628 with value: 0.414949757177793.
[I 2026-03-10 23:30:57,980] Trial 957 finished with value: 0.3709898553076201 and parameters: {'window_ms': 240, 'overlap': 0.65, 'freq_low_hz': 950, 'freq_high_hz': 2500}. Best is trial 628 with value: 0.414949757177793.
[I 2026-03-10 23:31:02,342] Trial 963 finished with value: 0.3834498065654877 and parameters: {'window_ms': 230, 'overlap': 0.65, 'freq_low_hz': 1150, 'freq_high_hz': 1650}. Best is trial 628 with value: 0.414949757177793.
[I 2026-03-10 23:31:03,419] Trial 965 finished with value: 0.37947769015238547 and parameters: {'window_ms': 230, 'overlap': 0.65, 'freq_low_hz': 1150, 'freq_high_hz': 1850}. Best is trial 628 with value: 0.414949757177793.
[I 2026-03-10 23:31:03,691] Trial 964 finished with value: 0.37947769015238547 and parameters: {'window_ms': 230, 'overlap': 0.65, 'freq_low_hz': 1150, 'freq_high_hz': 1850}. Best is trial 628 with value: 0.414949757177793.
[I 2026-03-10 23:31:11,915] Trial 967 finished with value: 0.4068802605277456 and parameters: {'window_ms': 205, 'overlap': 0.65, 'freq_low_hz': 1150, 'freq_high_hz': 1850}. Best is trial 628 with value: 0.414949757177793.
[I 2026-03-10 23:31:16,819] Trial 966 finished with value: 0.37984524957448723 and parameters: {'window_ms': 225, 'overlap': 0.65, 'freq_low_hz': 1150, 'freq_high_hz': 1850}. Best is trial 628 with value: 0.414949757177793.
[I 2026-03-10 23:31:19,858] Trial 968 finished with value: 0.4068802605277456 and parameters: {'window_ms': 205, 'overlap': 0.65, 'freq_low_hz': 1150, 'freq_high_hz': 1850}. Best is trial 628 with value: 0.414949757177793.
[I 2026-03-10 23:31:20,822] Trial 969 finished with value: 0.37947769015238547 and parameters: {'window_ms': 230, 'overlap': 0.65, 'freq_low_hz': 1150, 'freq_high_hz': 1850}. Best is trial 628 with value: 0.414949757177793.
[I 2026-03-10 23:31:22,982] Trial 962 finished with value: 0.3708202657418562 and parameters: {'window_ms': 230, 'overlap': 0.65, 'freq_low_hz': 950, 'freq_high_hz': 2500}. Best is trial 628 with value: 0.414949757177793.
[I 2026-03-10 23:31:26,858] Trial 972 finished with value: 0.3838059389862488 and parameters: {'window_ms': 225, 'overlap': 0.65, 'freq_low_hz': 1200, 'freq_high_hz': 1800}. Best is trial 628 with value: 0.414949757177793.
[I 2026-03-10 23:31:27,731] Trial 971 finished with value: 0.3838059389862488 and parameters: {'window_ms': 225, 'overlap': 0.65, 'freq_low_hz': 1200, 'freq_high_hz': 1800}. Best is trial 628 with value: 0.414949757177793.
[I 2026-03-10 23:31:39,815] Trial 975 finished with value: 0.40929668012668136 and parameters: {'window_ms': 225, 'overlap': 0.7, 'freq_low_hz': 1200, 'freq_high_hz': 1700}. Best is trial 628 with value: 0.414949757177793.
[I 2026-03-10 23:31:40,836] Trial 977 finished with value: 0.40929668012668136 and parameters: {'window_ms': 225, 'overlap': 0.7, 'freq_low_hz': 1200, 'freq_high_hz': 1700}. Best is trial 628 with value: 0.414949757177793.
[I 2026-03-10 23:31:40,898] Trial 974 finished with value: 0.3919516024777314 and parameters: {'window_ms': 210, 'overlap': 0.8, 'freq_low_hz': 1200, 'freq_high_hz': 2000}. Best is trial 628 with value: 0.414949757177793.
[I 2026-03-10 23:31:41,446] Trial 976 finished with value: 0.38195634906794396 and parameters: {'window_ms': 175, 'overlap': 0.7, 'freq_low_hz': 1200, 'freq_high_hz': 1700}. Best is trial 628 with value: 0.414949757177793.
[I 2026-03-10 23:31:45,014] Trial 978 finished with value: 0.4123449626928894 and parameters: {'window_ms': 210, 'overlap': 0.7, 'freq_low_hz': 1200, 'freq_high_hz': 1700}. Best is trial 628 with value: 0.414949757177793.
[I 2026-03-10 23:31:47,368] Trial 973 finished with value: 0.4054085275066888 and parameters: {'window_ms': 225, 'overlap': 0.9, 'freq_low_hz': 1200, 'freq_high_hz': 1800}. Best is trial 628 with value: 0.414949757177793.
[I 2026-03-10 23:31:50,433] Trial 979 finished with value: 0.38195634906794396 and parameters: {'window_ms': 175, 'overlap': 0.7, 'freq_low_hz': 1200, 'freq_high_hz': 1700}. Best is trial 628 with value: 0.414949757177793.
[I 2026-03-10 23:31:51,909] Trial 961 finished with value: 0.35685442134367557 and parameters: {'window_ms': 230, 'overlap': 0.8, 'freq_low_hz': 200, 'freq_high_hz': 2500}. Best is trial 628 with value: 0.414949757177793.
[I 2026-03-10 23:31:56,224] Trial 980 finished with value: 0.3917197507267493 and parameters: {'window_ms': 195, 'overlap': 0.7, 'freq_low_hz': 1200, 'freq_high_hz': 2000}. Best is trial 628 with value: 0.414949757177793.
[I 2026-03-10 23:31:56,922] Trial 970 finished with value: 0.3615820446033575 and parameters: {'window_ms': 225, 'overlap': 0.65, 'freq_low_hz': 1150, 'freq_high_hz': 3550}. Best is trial 628 with value: 0.414949757177793.
[I 2026-03-10 23:32:08,798] Trial 981 finished with value: 0.3917197507267493 and parameters: {'window_ms': 195, 'overlap': 0.7, 'freq_low_hz': 1200, 'freq_high_hz': 2000}. Best is trial 628 with value: 0.414949757177793.
[I 2026-03-10 23:32:10,394] Trial 983 finished with value: 0.3920496987081544 and parameters: {'window_ms': 235, 'overlap': 0.7, 'freq_low_hz': 1200, 'freq_high_hz': 2000}. Best is trial 628 with value: 0.414949757177793.
[I 2026-03-10 23:32:10,714] Trial 984 finished with value: 0.3919641176461529 and parameters: {'window_ms': 235, 'overlap': 0.65, 'freq_low_hz': 1100, 'freq_high_hz': 2000}. Best is trial 628 with value: 0.414949757177793.
[I 2026-03-10 23:32:10,716] Trial 982 finished with value: 0.3917197507267493 and parameters: {'window_ms': 195, 'overlap': 0.7, 'freq_low_hz': 1200, 'freq_high_hz': 2000}. Best is trial 628 with value: 0.414949757177793.
[I 2026-03-10 23:32:14,533] Trial 986 finished with value: 0.39213653083864647 and parameters: {'window_ms': 235, 'overlap': 0.65, 'freq_low_hz': 1200, 'freq_high_hz': 2000}. Best is trial 628 with value: 0.414949757177793.
[I 2026-03-10 23:32:15,997] Trial 985 finished with value: 0.3641386710443907 and parameters: {'window_ms': 195, 'overlap': 0.65, 'freq_low_hz': 1100, 'freq_high_hz': 2000}. Best is trial 628 with value: 0.414949757177793.
[I 2026-03-10 23:32:16,718] Trial 987 finished with value: 0.3641386710443907 and parameters: {'window_ms': 195, 'overlap': 0.65, 'freq_low_hz': 1100, 'freq_high_hz': 2000}. Best is trial 628 with value: 0.414949757177793.
[I 2026-03-10 23:32:18,831] Trial 990 finished with value: 0.3834861122244705 and parameters: {'window_ms': 235, 'overlap': 0.65, 'freq_low_hz': 1200, 'freq_high_hz': 1700}. Best is trial 628 with value: 0.414949757177793.
[I 2026-03-10 23:32:19,694] Trial 988 finished with value: 0.3919641176461529 and parameters: {'window_ms': 235, 'overlap': 0.65, 'freq_low_hz': 1100, 'freq_high_hz': 2000}. Best is trial 628 with value: 0.414949757177793.
[I 2026-03-10 23:32:20,631] Trial 989 finished with value: 0.3641386710443907 and parameters: {'window_ms': 195, 'overlap': 0.65, 'freq_low_hz': 1100, 'freq_high_hz': 2000}. Best is trial 628 with value: 0.414949757177793.
[I 2026-03-10 23:32:29,084] Trial 993 finished with value: 0.3527869749307666 and parameters: {'window_ms': 235, 'overlap': 0.65, 'freq_low_hz': 1050, 'freq_high_hz': 1500}. Best is trial 628 with value: 0.414949757177793.
[I 2026-03-10 23:32:31,102] Trial 992 finished with value: 0.369728298423437 and parameters: {'window_ms': 235, 'overlap': 0.65, 'freq_low_hz': 1050, 'freq_high_hz': 1600}. Best is trial 628 with value: 0.414949757177793.
[I 2026-03-10 23:32:31,538] Trial 994 finished with value: 0.3527869749307666 and parameters: {'window_ms': 235, 'overlap': 0.65, 'freq_low_hz': 1050, 'freq_high_hz': 1500}. Best is trial 628 with value: 0.414949757177793.
[I 2026-03-10 23:32:32,581] Trial 995 finished with value: 0.38039008160446736 and parameters: {'window_ms': 245, 'overlap': 0.65, 'freq_low_hz': 900, 'freq_high_hz': 1500}. Best is trial 628 with value: 0.414949757177793.
[I 2026-03-10 23:32:33,837] Trial 991 finished with value: 0.3919641176461529 and parameters: {'window_ms': 235, 'overlap': 0.65, 'freq_low_hz': 1100, 'freq_high_hz': 2000}. Best is trial 628 with value: 0.414949757177793.
[I 2026-03-10 23:32:35,542] Trial 997 finished with value: 0.35058258988302693 and parameters: {'window_ms': 245, 'overlap': 0.65, 'freq_low_hz': 1000, 'freq_high_hz': 1500}. Best is trial 628 with value: 0.414949757177793.
[I 2026-03-10 23:32:37,850] Trial 998 finished with value: 0.3511148969818765 and parameters: {'window_ms': 245, 'overlap': 0.65, 'freq_low_hz': 1050, 'freq_high_hz': 1500}. Best is trial 628 with value: 0.414949757177793.
[I 2026-03-10 23:32:38,478] Trial 996 finished with value: 0.34973322579120353 and parameters: {'window_ms': 245, 'overlap': 0.65, 'freq_low_hz': 850, 'freq_high_hz': 1500}. Best is trial 628 with value: 0.414949757177793.
[I 2026-03-10 23:32:39,337] Trial 999 finished with value: 0.35200199444945257 and parameters: {'window_ms': 250, 'overlap': 0.6000000000000001, 'freq_low_hz': 1000, 'freq_high_hz': 1500}. Best is trial 628 with value: 0.414949757177793.
[I 2026-03-10 23:32:40,203] Trial 1000 finished with value: 0.35011042410499166 and parameters: {'window_ms': 250, 'overlap': 0.6000000000000001, 'freq_low_hz': 1000, 'freq_high_hz': 1600}. Best is trial 628 with value: 0.414949757177793.
[I 2026-03-10 23:32:49,061] Trial 1003 finished with value: 0.35780009094888937 and parameters: {'window_ms': 180, 'overlap': 0.6000000000000001, 'freq_low_hz': 1000, 'freq_high_hz': 1600}. Best is trial 628 with value: 0.414949757177793.
[I 2026-03-10 23:32:51,847] Trial 1002 finished with value: 0.3612867532699593 and parameters: {'window_ms': 245, 'overlap': 0.6000000000000001, 'freq_low_hz': 1000, 'freq_high_hz': 1600}. Best is trial 628 with value: 0.414949757177793.
[I 2026-03-10 23:32:52,336] Trial 1001 finished with value: 0.3612867532699593 and parameters: {'window_ms': 245, 'overlap': 0.6000000000000001, 'freq_low_hz': 1000, 'freq_high_hz': 1600}. Best is trial 628 with value: 0.414949757177793.
[I 2026-03-10 23:32:52,411] Trial 1004 finished with value: 0.3760486093223741 and parameters: {'window_ms': 250, 'overlap': 0.6000000000000001, 'freq_low_hz': 1150, 'freq_high_hz': 1750}. Best is trial 628 with value: 0.414949757177793.
[I 2026-03-10 23:32:54,546] Trial 1005 finished with value: 0.35011042410499166 and parameters: {'window_ms': 250, 'overlap': 0.6000000000000001, 'freq_low_hz': 1000, 'freq_high_hz': 1600}. Best is trial 628 with value: 0.414949757177793.
[I 2026-03-10 23:32:58,022] Trial 1006 finished with value: 0.35011042410499166 and parameters: {'window_ms': 250, 'overlap': 0.6000000000000001, 'freq_low_hz': 1000, 'freq_high_hz': 1600}. Best is trial 628 with value: 0.414949757177793.
[I 2026-03-10 23:32:58,470] Trial 1008 finished with value: 0.3816654340660009 and parameters: {'window_ms': 220, 'overlap': 0.6000000000000001, 'freq_low_hz': 1150, 'freq_high_hz': 1750}. Best is trial 628 with value: 0.414949757177793.
[I 2026-03-10 23:32:59,132] Trial 1007 finished with value: 0.35637473236218015 and parameters: {'window_ms': 220, 'overlap': 0.6000000000000001, 'freq_low_hz': 1000, 'freq_high_hz': 1600}. Best is trial 628 with value: 0.414949757177793.
[I 2026-03-10 23:32:59,952] Trial 1010 finished with value: 0.4075649546422777 and parameters: {'window_ms': 240, 'overlap': 0.6000000000000001, 'freq_low_hz': 1150, 'freq_high_hz': 1750}. Best is trial 628 with value: 0.414949757177793.
[I 2026-03-10 23:33:09,107] Trial 1011 finished with value: 0.4017007454888538 and parameters: {'window_ms': 220, 'overlap': 0.6000000000000001, 'freq_low_hz': 1200, 'freq_high_hz': 1800}. Best is trial 628 with value: 0.414949757177793.
[I 2026-03-10 23:33:12,896] Trial 1014 finished with value: 0.414949757177793 and parameters: {'window_ms': 220, 'overlap': 0.65, 'freq_low_hz': 1200, 'freq_high_hz': 1800}. Best is trial 628 with value: 0.414949757177793.
[I 2026-03-10 23:33:12,934] Trial 1012 finished with value: 0.40956090190401906 and parameters: {'window_ms': 215, 'overlap': 0.65, 'freq_low_hz': 1200, 'freq_high_hz': 1800}. Best is trial 628 with value: 0.414949757177793.
[I 2026-03-10 23:33:13,402] Trial 1015 finished with value: 0.4137971651170764 and parameters: {'window_ms': 240, 'overlap': 0.65, 'freq_low_hz': 1200, 'freq_high_hz': 1800}. Best is trial 628 with value: 0.414949757177793.
[I 2026-03-10 23:33:13,554] Trial 1013 finished with value: 0.4137971651170764 and parameters: {'window_ms': 240, 'overlap': 0.65, 'freq_low_hz': 1200, 'freq_high_hz': 1800}. Best is trial 628 with value: 0.414949757177793.
[I 2026-03-10 23:33:15,726] Trial 1016 finished with value: 0.4137971651170764 and parameters: {'window_ms': 240, 'overlap': 0.65, 'freq_low_hz': 1200, 'freq_high_hz': 1800}. Best is trial 628 with value: 0.414949757177793.
[I 2026-03-10 23:33:16,952] Trial 1017 finished with value: 0.414949757177793 and parameters: {'window_ms': 220, 'overlap': 0.65, 'freq_low_hz': 1200, 'freq_high_hz': 1800}. Best is trial 628 with value: 0.414949757177793.
[I 2026-03-10 23:33:19,907] Trial 1018 finished with value: 0.4137971651170764 and parameters: {'window_ms': 240, 'overlap': 0.65, 'freq_low_hz': 1200, 'freq_high_hz': 1800}. Best is trial 628 with value: 0.414949757177793.
[I 2026-03-10 23:33:21,888] Trial 1019 finished with value: 0.4137971651170764 and parameters: {'window_ms': 240, 'overlap': 0.65, 'freq_low_hz': 1200, 'freq_high_hz': 1800}. Best is trial 628 with value: 0.414949757177793.
[I 2026-03-10 23:33:31,679] Trial 1020 finished with value: 0.4137971651170764 and parameters: {'window_ms': 240, 'overlap': 0.65, 'freq_low_hz': 1200, 'freq_high_hz': 1800}. Best is trial 628 with value: 0.414949757177793.
[I 2026-03-10 23:33:35,246] Trial 1021 finished with value: 0.3860207728850932 and parameters: {'window_ms': 215, 'overlap': 0.65, 'freq_low_hz': 1200, 'freq_high_hz': 1900}. Best is trial 628 with value: 0.414949757177793.
[I 2026-03-10 23:33:36,502] Trial 1023 finished with value: 0.3860207728850932 and parameters: {'window_ms': 215, 'overlap': 0.65, 'freq_low_hz': 1200, 'freq_high_hz': 1900}. Best is trial 628 with value: 0.414949757177793.
[I 2026-03-10 23:33:36,757] Trial 1025 finished with value: 0.38254902162558846 and parameters: {'window_ms': 240, 'overlap': 0.65, 'freq_low_hz': 1200, 'freq_high_hz': 1900}. Best is trial 628 with value: 0.414949757177793.
[I 2026-03-10 23:33:36,769] Trial 1024 finished with value: 0.3860207728850932 and parameters: {'window_ms': 215, 'overlap': 0.65, 'freq_low_hz': 1200, 'freq_high_hz': 1900}. Best is trial 628 with value: 0.414949757177793.
[I 2026-03-10 23:33:38,991] Trial 1022 finished with value: 0.39594111832581175 and parameters: {'window_ms': 210, 'overlap': 0.65, 'freq_low_hz': 1200, 'freq_high_hz': 1900}. Best is trial 628 with value: 0.414949757177793.
[I 2026-03-10 23:33:40,962] Trial 1009 finished with value: 0.35361591639100837 and parameters: {'window_ms': 220, 'overlap': 0.6000000000000001, 'freq_low_hz': 1150, 'freq_high_hz': 4850}. Best is trial 628 with value: 0.414949757177793.
[I 2026-03-10 23:33:41,891] Trial 1026 finished with value: 0.3854493722696957 and parameters: {'window_ms': 215, 'overlap': 0.65, 'freq_low_hz': 1150, 'freq_high_hz': 1850}. Best is trial 628 with value: 0.414949757177793.
[I 2026-03-10 23:33:44,077] Trial 1027 finished with value: 0.38386089958811753 and parameters: {'window_ms': 240, 'overlap': 0.65, 'freq_low_hz': 1150, 'freq_high_hz': 1850}. Best is trial 628 with value: 0.414949757177793.
[I 2026-03-10 23:33:44,298] Trial 1028 finished with value: 0.38386089958811753 and parameters: {'window_ms': 240, 'overlap': 0.65, 'freq_low_hz': 1150, 'freq_high_hz': 1850}. Best is trial 628 with value: 0.414949757177793.
[I 2026-03-10 23:33:56,151] Trial 1029 finished with value: 0.37812408708861905 and parameters: {'window_ms': 240, 'overlap': 0.65, 'freq_low_hz': 1150, 'freq_high_hz': 1950}. Best is trial 628 with value: 0.414949757177793.
[I 2026-03-10 23:33:56,484] Trial 1031 finished with value: 0.3660256870372055 and parameters: {'window_ms': 55, 'overlap': 0.65, 'freq_low_hz': 1150, 'freq_high_hz': 1850}. Best is trial 628 with value: 0.414949757177793.
[I 2026-03-10 23:33:58,792] Trial 1030 finished with value: 0.37812408708861905 and parameters: {'window_ms': 240, 'overlap': 0.65, 'freq_low_hz': 1150, 'freq_high_hz': 1950}. Best is trial 628 with value: 0.414949757177793.
[I 2026-03-10 23:34:00,801] Trial 1035 finished with value: 0.35189416162071074 and parameters: {'window_ms': 25, 'overlap': 0.65, 'freq_low_hz': 1150, 'freq_high_hz': 1850}. Best is trial 628 with value: 0.414949757177793.
[I 2026-03-10 23:34:02,290] Trial 1033 finished with value: 0.39608807496696485 and parameters: {'window_ms': 245, 'overlap': 0.65, 'freq_low_hz': 1150, 'freq_high_hz': 1850}. Best is trial 628 with value: 0.414949757177793.
[I 2026-03-10 23:34:02,535] Trial 1032 finished with value: 0.39608807496696485 and parameters: {'window_ms': 245, 'overlap': 0.65, 'freq_low_hz': 1150, 'freq_high_hz': 1850}. Best is trial 628 with value: 0.414949757177793.
[I 2026-03-10 23:34:03,351] Trial 1034 finished with value: 0.39608807496696485 and parameters: {'window_ms': 245, 'overlap': 0.65, 'freq_low_hz': 1150, 'freq_high_hz': 1850}. Best is trial 628 with value: 0.414949757177793.
[I 2026-03-10 23:34:05,474] Trial 1036 finished with value: 0.39608807496696485 and parameters: {'window_ms': 245, 'overlap': 0.65, 'freq_low_hz': 1150, 'freq_high_hz': 1850}. Best is trial 628 with value: 0.414949757177793.
[I 2026-03-10 23:34:07,525] Trial 1037 finished with value: 0.3827748350708873 and parameters: {'window_ms': 245, 'overlap': 0.65, 'freq_low_hz': 1150, 'freq_high_hz': 1750}. Best is trial 628 with value: 0.414949757177793.
[I 2026-03-10 23:34:09,319] Trial 1038 finished with value: 0.3827748350708873 and parameters: {'window_ms': 245, 'overlap': 0.65, 'freq_low_hz': 1150, 'freq_high_hz': 1750}. Best is trial 628 with value: 0.414949757177793.
[I 2026-03-10 23:34:18,183] Trial 1040 finished with value: 0.4045317359422826 and parameters: {'window_ms': 245, 'overlap': 0.65, 'freq_low_hz': 1200, 'freq_high_hz': 1700}. Best is trial 628 with value: 0.414949757177793.
[I 2026-03-10 23:34:20,723] Trial 1041 finished with value: 0.4045317359422826 and parameters: {'window_ms': 245, 'overlap': 0.65, 'freq_low_hz': 1200, 'freq_high_hz': 1700}. Best is trial 628 with value: 0.414949757177793.
[I 2026-03-10 23:34:22,132] Trial 1042 finished with value: 0.4045317359422826 and parameters: {'window_ms': 245, 'overlap': 0.65, 'freq_low_hz': 1200, 'freq_high_hz': 1700}. Best is trial 628 with value: 0.414949757177793.
[I 2026-03-10 23:34:22,883] Trial 1044 finished with value: 0.4052419006536092 and parameters: {'window_ms': 250, 'overlap': 0.65, 'freq_low_hz': 1200, 'freq_high_hz': 1700}. Best is trial 628 with value: 0.414949757177793.
[I 2026-03-10 23:34:24,161] Trial 1045 finished with value: 0.4052419006536092 and parameters: {'window_ms': 250, 'overlap': 0.65, 'freq_low_hz': 1200, 'freq_high_hz': 1700}. Best is trial 628 with value: 0.414949757177793.
[I 2026-03-10 23:34:27,138] Trial 1046 finished with value: 0.4052419006536092 and parameters: {'window_ms': 250, 'overlap': 0.65, 'freq_low_hz': 1200, 'freq_high_hz': 1700}. Best is trial 628 with value: 0.414949757177793.
[I 2026-03-10 23:34:27,212] Trial 1047 finished with value: 0.4052419006536092 and parameters: {'window_ms': 250, 'overlap': 0.65, 'freq_low_hz': 1200, 'freq_high_hz': 1700}. Best is trial 628 with value: 0.414949757177793.
[I 2026-03-10 23:34:30,892] Trial 1048 finished with value: 0.4052419006536092 and parameters: {'window_ms': 250, 'overlap': 0.65, 'freq_low_hz': 1200, 'freq_high_hz': 1700}. Best is trial 628 with value: 0.414949757177793.
[I 2026-03-10 23:34:37,884] Trial 1039 finished with value: 0.36553947413176063 and parameters: {'window_ms': 245, 'overlap': 0.65, 'freq_low_hz': 350, 'freq_high_hz': 2200}. Best is trial 628 with value: 0.414949757177793.
[I 2026-03-10 23:34:40,133] Trial 1049 finished with value: 0.4052419006536092 and parameters: {'window_ms': 250, 'overlap': 0.65, 'freq_low_hz': 1200, 'freq_high_hz': 1700}. Best is trial 628 with value: 0.414949757177793.
