[I 2026-03-10 23:34:40,570] Trial 1051 finished with value: 0.382747845342289 and parameters: {'window_ms': 230, 'overlap': 0.65, 'freq_low_hz': 1200, 'freq_high_hz': 1700}. Best is trial 628 with value: 0.414949757177793.
[I 2026-03-10 23:34:43,782] Trial 1043 finished with value: 0.38464736364878316 and parameters: {'window_ms': 245, 'overlap': 0.65, 'freq_low_hz': 1200, 'freq_high_hz': 2700}. Best is trial 628 with value: 0.414949757177793.
[I 2026-03-10 23:34:48,887] Trial 1054 finished with value: 0.3926785955718411 and parameters: {'window_ms': 230, 'overlap': 0.65, 'freq_low_hz': 1200, 'freq_high_hz': 1900}. Best is trial 628 with value: 0.414949757177793.
[I 2026-03-10 23:34:49,482] Trial 1053 finished with value: 0.3926785955718411 and parameters: {'window_ms': 230, 'overlap': 0.65, 'freq_low_hz': 1200, 'freq_high_hz': 1900}. Best is trial 628 with value: 0.414949757177793.
[I 2026-03-10 23:34:58,211] Trial 1056 finished with value: 0.3926785955718411 and parameters: {'window_ms': 230, 'overlap': 0.65, 'freq_low_hz': 1200, 'freq_high_hz': 1900}. Best is trial 628 with value: 0.414949757177793.
[I 2026-03-10 23:35:04,428] Trial 1052 finished with value: 0.37086866664397333 and parameters: {'window_ms': 230, 'overlap': 0.65, 'freq_low_hz': 1200, 'freq_high_hz': 2700}. Best is trial 628 with value: 0.414949757177793.
[I 2026-03-10 23:35:04,582] Trial 1057 finished with value: 0.3926785955718411 and parameters: {'window_ms': 230, 'overlap': 0.65, 'freq_low_hz': 1200, 'freq_high_hz': 1900}. Best is trial 628 with value: 0.414949757177793.
[I 2026-03-10 23:35:05,277] Trial 1055 finished with value: 0.36602835035762077 and parameters: {'window_ms': 235, 'overlap': 0.65, 'freq_low_hz': 800, 'freq_high_hz': 2100}. Best is trial 628 with value: 0.414949757177793.
[I 2026-03-10 23:35:05,326] Trial 1058 finished with value: 0.3926785955718411 and parameters: {'window_ms': 230, 'overlap': 0.65, 'freq_low_hz': 1200, 'freq_high_hz': 1900}. Best is trial 628 with value: 0.414949757177793.
[I 2026-03-10 23:35:06,909] Trial 1059 finished with value: 0.3921930596138021 and parameters: {'window_ms': 235, 'overlap': 0.65, 'freq_low_hz': 1200, 'freq_high_hz': 1900}. Best is trial 628 with value: 0.414949757177793.
[I 2026-03-10 23:35:08,950] Trial 1050 finished with value: 0.3496482363394663 and parameters: {'window_ms': 230, 'overlap': 0.65, 'freq_low_hz': 150, 'freq_high_hz': 2200}. Best is trial 628 with value: 0.414949757177793.
[I 2026-03-10 23:35:09,374] Trial 1062 finished with value: 0.4016762765066289 and parameters: {'window_ms': 235, 'overlap': 0.65, 'freq_low_hz': 1200, 'freq_high_hz': 1800}. Best is trial 628 with value: 0.414949757177793.
[I 2026-03-10 23:35:17,586] Trial 1060 finished with value: 0.36729519194882637 and parameters: {'window_ms': 235, 'overlap': 0.65, 'freq_low_hz': 800, 'freq_high_hz': 2000}. Best is trial 628 with value: 0.414949757177793.
[I 2026-03-10 23:35:25,077] Trial 1061 finished with value: 0.3643147603403286 and parameters: {'window_ms': 235, 'overlap': 0.65, 'freq_low_hz': 900, 'freq_high_hz': 2100}. Best is trial 628 with value: 0.414949757177793.
[I 2026-03-10 23:35:31,225] Trial 1064 finished with value: 0.4016762765066289 and parameters: {'window_ms': 235, 'overlap': 0.65, 'freq_low_hz': 1200, 'freq_high_hz': 1800}. Best is trial 628 with value: 0.414949757177793.
[I 2026-03-10 23:35:34,814] Trial 1070 finished with value: 0.38225931817034187 and parameters: {'window_ms': 240, 'overlap': 0.7, 'freq_low_hz': 1150, 'freq_high_hz': 1750}. Best is trial 628 with value: 0.414949757177793.
[I 2026-03-10 23:35:35,791] Trial 1067 finished with value: 0.3790022353083538 and parameters: {'window_ms': 240, 'overlap': 0.7, 'freq_low_hz': 900, 'freq_high_hz': 2000}. Best is trial 628 with value: 0.414949757177793.
[I 2026-03-10 23:35:35,958] Trial 1065 finished with value: 0.36399282430236496 and parameters: {'window_ms': 240, 'overlap': 0.7, 'freq_low_hz': 1050, 'freq_high_hz': 2100}. Best is trial 628 with value: 0.414949757177793.
[I 2026-03-10 23:35:37,418] Trial 1063 finished with value: 0.3746935373593878 and parameters: {'window_ms': 240, 'overlap': 0.65, 'freq_low_hz': 1200, 'freq_high_hz': 2900}. Best is trial 628 with value: 0.414949757177793.
[I 2026-03-10 23:35:38,591] Trial 1066 finished with value: 0.36399282430236496 and parameters: {'window_ms': 240, 'overlap': 0.7, 'freq_low_hz': 1050, 'freq_high_hz': 2100}. Best is trial 628 with value: 0.414949757177793.
[I 2026-03-10 23:35:41,999] Trial 1068 finished with value: 0.3790022353083538 and parameters: {'window_ms': 240, 'overlap': 0.7, 'freq_low_hz': 900, 'freq_high_hz': 2000}. Best is trial 628 with value: 0.414949757177793.
[I 2026-03-10 23:35:45,192] Trial 1071 finished with value: 0.3564097641891788 and parameters: {'window_ms': 240, 'overlap': 0.7, 'freq_low_hz': 950, 'freq_high_hz': 1600}. Best is trial 628 with value: 0.414949757177793.
[I 2026-03-10 23:35:46,875] Trial 1069 finished with value: 0.3644894038133936 and parameters: {'window_ms': 240, 'overlap': 0.7, 'freq_low_hz': 900, 'freq_high_hz': 2100}. Best is trial 628 with value: 0.414949757177793.
[I 2026-03-10 23:35:55,759] Trial 1072 finished with value: 0.39225839426044334 and parameters: {'window_ms': 240, 'overlap': 0.7, 'freq_low_hz': 1050, 'freq_high_hz': 2000}. Best is trial 628 with value: 0.414949757177793.
[I 2026-03-10 23:35:57,622] Trial 1075 finished with value: 0.3702208503627239 and parameters: {'window_ms': 240, 'overlap': 0.7, 'freq_low_hz': 1050, 'freq_high_hz': 1600}. Best is trial 628 with value: 0.414949757177793.
[I 2026-03-10 23:35:59,583] Trial 1074 finished with value: 0.3564097641891788 and parameters: {'window_ms': 240, 'overlap': 0.7, 'freq_low_hz': 950, 'freq_high_hz': 1600}. Best is trial 628 with value: 0.414949757177793.
[I 2026-03-10 23:36:00,583] Trial 1078 finished with value: 0.3571455755661552 and parameters: {'window_ms': 240, 'overlap': 0.65, 'freq_low_hz': 950, 'freq_high_hz': 1600}. Best is trial 628 with value: 0.414949757177793.
[I 2026-03-10 23:36:00,915] Trial 1077 finished with value: 0.3571455755661552 and parameters: {'window_ms': 240, 'overlap': 0.65, 'freq_low_hz': 950, 'freq_high_hz': 1600}. Best is trial 628 with value: 0.414949757177793.
[I 2026-03-10 23:36:02,562] Trial 1076 finished with value: 0.3571455755661552 and parameters: {'window_ms': 240, 'overlap': 0.65, 'freq_low_hz': 950, 'freq_high_hz': 1600}. Best is trial 628 with value: 0.414949757177793.
[I 2026-03-10 23:36:04,523] Trial 1073 finished with value: 0.37908524881641187 and parameters: {'window_ms': 240, 'overlap': 0.7, 'freq_low_hz': 950, 'freq_high_hz': 2000}. Best is trial 628 with value: 0.414949757177793.
[I 2026-03-10 23:36:09,362] Trial 1080 finished with value: 0.38249171548096905 and parameters: {'window_ms': 235, 'overlap': 0.65, 'freq_low_hz': 1150, 'freq_high_hz': 1750}. Best is trial 628 with value: 0.414949757177793.
[I 2026-03-10 23:36:09,750] Trial 1079 finished with value: 0.3571455755661552 and parameters: {'window_ms': 240, 'overlap': 0.65, 'freq_low_hz': 950, 'freq_high_hz': 1600}. Best is trial 628 with value: 0.414949757177793.
[I 2026-03-10 23:36:10,923] Trial 1081 finished with value: 0.38249171548096905 and parameters: {'window_ms': 235, 'overlap': 0.65, 'freq_low_hz': 1150, 'freq_high_hz': 1750}. Best is trial 628 with value: 0.414949757177793.
[I 2026-03-10 23:36:18,448] Trial 1082 finished with value: 0.3824186805035093 and parameters: {'window_ms': 225, 'overlap': 0.65, 'freq_low_hz': 1150, 'freq_high_hz': 1750}. Best is trial 628 with value: 0.414949757177793.
[I 2026-03-10 23:36:20,701] Trial 1083 finished with value: 0.3824186805035093 and parameters: {'window_ms': 225, 'overlap': 0.65, 'freq_low_hz': 1150, 'freq_high_hz': 1750}. Best is trial 628 with value: 0.414949757177793.
[I 2026-03-10 23:36:22,192] Trial 1084 finished with value: 0.40800544401057953 and parameters: {'window_ms': 225, 'overlap': 0.65, 'freq_low_hz': 1100, 'freq_high_hz': 1800}. Best is trial 628 with value: 0.414949757177793.
[I 2026-03-10 23:36:25,002] Trial 1087 finished with value: 0.3824186805035093 and parameters: {'window_ms': 225, 'overlap': 0.65, 'freq_low_hz': 1150, 'freq_high_hz': 1750}. Best is trial 628 with value: 0.414949757177793.
[I 2026-03-10 23:36:26,283] Trial 1085 finished with value: 0.40800544401057953 and parameters: {'window_ms': 225, 'overlap': 0.65, 'freq_low_hz': 1100, 'freq_high_hz': 1800}. Best is trial 628 with value: 0.414949757177793.
[I 2026-03-10 23:36:26,839] Trial 1086 finished with value: 0.3824186805035093 and parameters: {'window_ms': 225, 'overlap': 0.65, 'freq_low_hz': 1150, 'freq_high_hz': 1750}. Best is trial 628 with value: 0.414949757177793.
[I 2026-03-10 23:36:27,785] Trial 1088 finished with value: 0.3824186805035093 and parameters: {'window_ms': 225, 'overlap': 0.65, 'freq_low_hz': 1150, 'freq_high_hz': 1750}. Best is trial 628 with value: 0.414949757177793.
[I 2026-03-10 23:36:32,569] Trial 1089 finished with value: 0.3824186805035093 and parameters: {'window_ms': 225, 'overlap': 0.65, 'freq_low_hz': 1150, 'freq_high_hz': 1750}. Best is trial 628 with value: 0.414949757177793.
[I 2026-03-10 23:36:33,475] Trial 1090 finished with value: 0.3824186805035093 and parameters: {'window_ms': 225, 'overlap': 0.65, 'freq_low_hz': 1150, 'freq_high_hz': 1750}. Best is trial 628 with value: 0.414949757177793.
[I 2026-03-10 23:36:34,158] Trial 1091 finished with value: 0.3838059389862488 and parameters: {'window_ms': 225, 'overlap': 0.65, 'freq_low_hz': 1200, 'freq_high_hz': 1800}. Best is trial 628 with value: 0.414949757177793.
[I 2026-03-10 23:36:42,521] Trial 1093 finished with value: 0.414949757177793 and parameters: {'window_ms': 220, 'overlap': 0.65, 'freq_low_hz': 1200, 'freq_high_hz': 1800}. Best is trial 628 with value: 0.414949757177793.
[I 2026-03-10 23:36:43,470] Trial 1092 finished with value: 0.3838059389862488 and parameters: {'window_ms': 225, 'overlap': 0.65, 'freq_low_hz': 1200, 'freq_high_hz': 1800}. Best is trial 628 with value: 0.414949757177793.
[I 2026-03-10 23:36:47,390] Trial 1094 finished with value: 0.414949757177793 and parameters: {'window_ms': 220, 'overlap': 0.65, 'freq_low_hz': 1200, 'freq_high_hz': 1800}. Best is trial 628 with value: 0.414949757177793.
[I 2026-03-10 23:36:51,403] Trial 1098 finished with value: 0.38354145729562006 and parameters: {'window_ms': 250, 'overlap': 0.65, 'freq_low_hz': 1200, 'freq_high_hz': 1900}. Best is trial 628 with value: 0.414949757177793.
[I 2026-03-10 23:36:52,546] Trial 1095 finished with value: 0.37752609493870026 and parameters: {'window_ms': 250, 'overlap': 0.65, 'freq_low_hz': 1200, 'freq_high_hz': 1800}. Best is trial 628 with value: 0.414949757177793.
[I 2026-03-10 23:36:54,826] Trial 1096 finished with value: 0.38354145729562006 and parameters: {'window_ms': 250, 'overlap': 0.65, 'freq_low_hz': 1200, 'freq_high_hz': 1900}. Best is trial 628 with value: 0.414949757177793.
[I 2026-03-10 23:36:56,658] Trial 1097 finished with value: 0.38354145729562006 and parameters: {'window_ms': 250, 'overlap': 0.65, 'freq_low_hz': 1200, 'freq_high_hz': 1900}. Best is trial 628 with value: 0.414949757177793.
[I 2026-03-10 23:36:58,911] Trial 1101 finished with value: 0.3921930596138021 and parameters: {'window_ms': 235, 'overlap': 0.65, 'freq_low_hz': 1200, 'freq_high_hz': 1900}. Best is trial 628 with value: 0.414949757177793.
[I 2026-03-10 23:37:01,253] Trial 1100 finished with value: 0.38354145729562006 and parameters: {'window_ms': 250, 'overlap': 0.65, 'freq_low_hz': 1200, 'freq_high_hz': 1900}. Best is trial 628 with value: 0.414949757177793.
[I 2026-03-10 23:37:02,038] Trial 1099 finished with value: 0.38354145729562006 and parameters: {'window_ms': 250, 'overlap': 0.65, 'freq_low_hz': 1200, 'freq_high_hz': 1900}. Best is trial 628 with value: 0.414949757177793.
[I 2026-03-10 23:37:08,994] Trial 1104 finished with value: 0.3976000894129351 and parameters: {'window_ms': 220, 'overlap': 0.35, 'freq_low_hz': 1200, 'freq_high_hz': 1900}. Best is trial 628 with value: 0.414949757177793.
[I 2026-03-10 23:37:09,331] Trial 1102 finished with value: 0.3860207728850932 and parameters: {'window_ms': 215, 'overlap': 0.65, 'freq_low_hz': 1200, 'freq_high_hz': 1900}. Best is trial 628 with value: 0.414949757177793.
[I 2026-03-10 23:37:09,975] Trial 1103 finished with value: 0.371494929470612 and parameters: {'window_ms': 220, 'overlap': 0.65, 'freq_low_hz': 1200, 'freq_high_hz': 1900}. Best is trial 628 with value: 0.414949757177793.
[I 2026-03-10 23:37:17,422] Trial 1105 finished with value: 0.371494929470612 and parameters: {'window_ms': 220, 'overlap': 0.65, 'freq_low_hz': 1200, 'freq_high_hz': 1900}. Best is trial 628 with value: 0.414949757177793.
[I 2026-03-10 23:37:22,108] Trial 1111 finished with value: 0.4123478308416643 and parameters: {'window_ms': 220, 'overlap': 0.65, 'freq_low_hz': 1200, 'freq_high_hz': 1700}. Best is trial 628 with value: 0.414949757177793.
[I 2026-03-10 23:37:22,136] Trial 1106 finished with value: 0.3860207728850932 and parameters: {'window_ms': 215, 'overlap': 0.65, 'freq_low_hz': 1200, 'freq_high_hz': 1900}. Best is trial 628 with value: 0.414949757177793.
[I 2026-03-10 23:37:23,707] Trial 1110 finished with value: 0.38314583316696027 and parameters: {'window_ms': 215, 'overlap': 0.65, 'freq_low_hz': 1200, 'freq_high_hz': 1700}. Best is trial 628 with value: 0.414949757177793.
[I 2026-03-10 23:37:29,828] Trial 1107 finished with value: 0.38077679629945693 and parameters: {'window_ms': 210, 'overlap': 0.65, 'freq_low_hz': 850, 'freq_high_hz': 1900}. Best is trial 628 with value: 0.414949757177793.
[I 2026-03-10 23:37:30,110] Trial 1109 finished with value: 0.3866571852984004 and parameters: {'window_ms': 220, 'overlap': 0.65, 'freq_low_hz': 700, 'freq_high_hz': 1700}. Best is trial 628 with value: 0.414949757177793.
[I 2026-03-10 23:37:32,861] Trial 1108 finished with value: 0.3806286386035709 and parameters: {'window_ms': 220, 'overlap': 0.65, 'freq_low_hz': 700, 'freq_high_hz': 1900}. Best is trial 628 with value: 0.414949757177793.
[I 2026-03-10 23:37:33,036] Trial 1114 finished with value: 0.4002517845150282 and parameters: {'window_ms': 220, 'overlap': 0.65, 'freq_low_hz': 1000, 'freq_high_hz': 1700}. Best is trial 628 with value: 0.414949757177793.
[I 2026-03-10 23:37:33,457] Trial 1112 finished with value: 0.37531197281681417 and parameters: {'window_ms': 215, 'overlap': 0.65, 'freq_low_hz': 1000, 'freq_high_hz': 1700}. Best is trial 628 with value: 0.414949757177793.
[I 2026-03-10 23:37:36,442] Trial 1113 finished with value: 0.3821034584602097 and parameters: {'window_ms': 220, 'overlap': 0.65, 'freq_low_hz': 850, 'freq_high_hz': 1700}. Best is trial 628 with value: 0.414949757177793.
[I 2026-03-10 23:37:41,768] Trial 1115 finished with value: 0.37531197281681417 and parameters: {'window_ms': 215, 'overlap': 0.65, 'freq_low_hz': 1000, 'freq_high_hz': 1700}. Best is trial 628 with value: 0.414949757177793.
[I 2026-03-10 23:37:42,232] Trial 1116 finished with value: 0.35683571315397794 and parameters: {'window_ms': 220, 'overlap': 0.7, 'freq_low_hz': 1000, 'freq_high_hz': 1600}. Best is trial 628 with value: 0.414949757177793.
[I 2026-03-10 23:37:43,195] Trial 1117 finished with value: 0.35683571315397794 and parameters: {'window_ms': 220, 'overlap': 0.7, 'freq_low_hz': 1000, 'freq_high_hz': 1600}. Best is trial 628 with value: 0.414949757177793.
[I 2026-03-10 23:37:48,082] Trial 1120 finished with value: 0.3700366736987927 and parameters: {'window_ms': 220, 'overlap': 0.6000000000000001, 'freq_low_hz': 1100, 'freq_high_hz': 1600}. Best is trial 628 with value: 0.414949757177793.
[I 2026-03-10 23:37:49,633] Trial 1119 finished with value: 0.35637473236218015 and parameters: {'window_ms': 220, 'overlap': 0.6000000000000001, 'freq_low_hz': 1000, 'freq_high_hz': 1600}. Best is trial 628 with value: 0.414949757177793.
[I 2026-03-10 23:37:51,382] Trial 1118 finished with value: 0.3647315428758875 and parameters: {'window_ms': 220, 'overlap': 0.7, 'freq_low_hz': 700, 'freq_high_hz': 1600}. Best is trial 628 with value: 0.414949757177793.
[I 2026-03-10 23:37:53,259] Trial 1122 finished with value: 0.38407750126191803 and parameters: {'window_ms': 215, 'overlap': 0.8500000000000001, 'freq_low_hz': 1150, 'freq_high_hz': 1650}. Best is trial 628 with value: 0.414949757177793.
[I 2026-03-10 23:37:54,208] Trial 1124 finished with value: 0.3700366736987927 and parameters: {'window_ms': 220, 'overlap': 0.6000000000000001, 'freq_low_hz': 1100, 'freq_high_hz': 1600}. Best is trial 628 with value: 0.414949757177793.
[I 2026-03-10 23:37:55,016] Trial 1123 finished with value: 0.38399921452390695 and parameters: {'window_ms': 230, 'overlap': 0.6000000000000001, 'freq_low_hz': 1150, 'freq_high_hz': 1650}. Best is trial 628 with value: 0.414949757177793.
[I 2026-03-10 23:38:01,925] Trial 1126 finished with value: 0.37727947880936413 and parameters: {'window_ms': 230, 'overlap': 0.6000000000000001, 'freq_low_hz': 1100, 'freq_high_hz': 1600}. Best is trial 628 with value: 0.414949757177793.
[I 2026-03-10 23:38:03,032] Trial 1127 finished with value: 0.38399921452390695 and parameters: {'window_ms': 230, 'overlap': 0.6000000000000001, 'freq_low_hz': 1150, 'freq_high_hz': 1650}. Best is trial 628 with value: 0.414949757177793.
[I 2026-03-10 23:38:05,106] Trial 1128 finished with value: 0.3739923186481698 and parameters: {'window_ms': 35, 'overlap': 0.6000000000000001, 'freq_low_hz': 1150, 'freq_high_hz': 1650}. Best is trial 628 with value: 0.414949757177793.
[I 2026-03-10 23:38:10,901] Trial 1130 finished with value: 0.382037938325263 and parameters: {'window_ms': 230, 'overlap': 0.6000000000000001, 'freq_low_hz': 1150, 'freq_high_hz': 1750}. Best is trial 628 with value: 0.414949757177793.
[I 2026-03-10 23:38:11,019] Trial 1129 finished with value: 0.3834498065654877 and parameters: {'window_ms': 230, 'overlap': 0.65, 'freq_low_hz': 1150, 'freq_high_hz': 1650}. Best is trial 628 with value: 0.414949757177793.
[I 2026-03-10 23:38:12,688] Trial 1132 finished with value: 0.35160143161523866 and parameters: {'window_ms': 75, 'overlap': 0.65, 'freq_low_hz': 1150, 'freq_high_hz': 1750}. Best is trial 628 with value: 0.414949757177793.
[I 2026-03-10 23:38:14,817] Trial 1131 finished with value: 0.37498333674188616 and parameters: {'window_ms': 230, 'overlap': 0.65, 'freq_low_hz': 1150, 'freq_high_hz': 1750}. Best is trial 628 with value: 0.414949757177793.
[I 2026-03-10 23:38:18,163] Trial 1133 finished with value: 0.37498333674188616 and parameters: {'window_ms': 230, 'overlap': 0.65, 'freq_low_hz': 1150, 'freq_high_hz': 1750}. Best is trial 628 with value: 0.414949757177793.
[I 2026-03-10 23:38:21,801] Trial 1134 finished with value: 0.37498333674188616 and parameters: {'window_ms': 230, 'overlap': 0.65, 'freq_low_hz': 1150, 'freq_high_hz': 1750}. Best is trial 628 with value: 0.414949757177793.
[I 2026-03-10 23:38:22,750] Trial 1136 finished with value: 0.35206111213103924 and parameters: {'window_ms': 45, 'overlap': 0.65, 'freq_low_hz': 1200, 'freq_high_hz': 1800}. Best is trial 628 with value: 0.414949757177793.
[I 2026-03-10 23:38:24,222] Trial 1135 finished with value: 0.3953471478676077 and parameters: {'window_ms': 230, 'overlap': 0.65, 'freq_low_hz': 1200, 'freq_high_hz': 1800}. Best is trial 628 with value: 0.414949757177793.
[I 2026-03-10 23:38:32,253] Trial 1137 finished with value: 0.3953471478676077 and parameters: {'window_ms': 230, 'overlap': 0.65, 'freq_low_hz': 1200, 'freq_high_hz': 1800}. Best is trial 628 with value: 0.414949757177793.
[I 2026-03-10 23:38:32,634] Trial 1138 finished with value: 0.3953471478676077 and parameters: {'window_ms': 230, 'overlap': 0.65, 'freq_low_hz': 1200, 'freq_high_hz': 1800}. Best is trial 628 with value: 0.414949757177793.
[I 2026-03-10 23:38:33,822] Trial 1139 finished with value: 0.3953471478676077 and parameters: {'window_ms': 230, 'overlap': 0.65, 'freq_low_hz': 1200, 'freq_high_hz': 1800}. Best is trial 628 with value: 0.414949757177793.
[I 2026-03-10 23:38:34,036] Trial 1125 finished with value: 0.36089379026783736 and parameters: {'window_ms': 230, 'overlap': 0.6000000000000001, 'freq_low_hz': 1100, 'freq_high_hz': 4300}. Best is trial 628 with value: 0.414949757177793.
[I 2026-03-10 23:38:41,230] Trial 1140 finished with value: 0.4016762765066289 and parameters: {'window_ms': 235, 'overlap': 0.65, 'freq_low_hz': 1200, 'freq_high_hz': 1800}. Best is trial 628 with value: 0.414949757177793.
[I 2026-03-10 23:38:50,572] Trial 1141 finished with value: 0.39213653083864647 and parameters: {'window_ms': 235, 'overlap': 0.65, 'freq_low_hz': 1200, 'freq_high_hz': 2000}. Best is trial 628 with value: 0.414949757177793.
[I 2026-03-10 23:38:52,554] Trial 1121 finished with value: 0.3618763860932107 and parameters: {'window_ms': 215, 'overlap': 0.7, 'freq_low_hz': 1100, 'freq_high_hz': 5400}. Best is trial 628 with value: 0.414949757177793.
[I 2026-03-10 23:38:54,715] Trial 1143 finished with value: 0.39213653083864647 and parameters: {'window_ms': 235, 'overlap': 0.65, 'freq_low_hz': 1200, 'freq_high_hz': 2000}. Best is trial 628 with value: 0.414949757177793.
[I 2026-03-10 23:39:03,781] Trial 1145 finished with value: 0.3920496987081544 and parameters: {'window_ms': 235, 'overlap': 0.7, 'freq_low_hz': 1200, 'freq_high_hz': 2000}. Best is trial 628 with value: 0.414949757177793.
[I 2026-03-10 23:39:04,631] Trial 1148 finished with value: 0.3920496987081544 and parameters: {'window_ms': 235, 'overlap': 0.7, 'freq_low_hz': 1200, 'freq_high_hz': 2000}. Best is trial 628 with value: 0.414949757177793.
[I 2026-03-10 23:39:15,386] Trial 1151 finished with value: 0.3508003602297793 and parameters: {'window_ms': 235, 'overlap': 0.7, 'freq_low_hz': 1050, 'freq_high_hz': 1500}. Best is trial 628 with value: 0.414949757177793.
