[I 2026-03-10 23:00:04,067] Trial 182 finished with value: 0.4147228372997391 and parameters: {'window_ms': 235, 'overlap': 0.65, 'freq_low_hz': 1000, 'freq_high_hz': 1700}. Best is trial 180 with value: 0.4147228372997391.
[I 2026-03-10 23:00:04,238] Trial 181 finished with value: 0.4147228372997391 and parameters: {'window_ms': 235, 'overlap': 0.65, 'freq_low_hz': 1000, 'freq_high_hz': 1700}. Best is trial 180 with value: 0.4147228372997391.
[I 2026-03-10 23:00:04,715] Trial 183 finished with value: 0.4147228372997391 and parameters: {'window_ms': 235, 'overlap': 0.65, 'freq_low_hz': 1000, 'freq_high_hz': 1700}. Best is trial 180 with value: 0.4147228372997391.
[I 2026-03-10 23:00:07,306] Trial 184 finished with value: 0.4147228372997391 and parameters: {'window_ms': 235, 'overlap': 0.65, 'freq_low_hz': 1000, 'freq_high_hz': 1700}. Best is trial 180 with value: 0.4147228372997391.
[I 2026-03-10 23:00:08,034] Trial 186 finished with value: 0.3638927287048738 and parameters: {'window_ms': 220, 'overlap': 0.45, 'freq_low_hz': 1000, 'freq_high_hz': 2100}. Best is trial 180 with value: 0.4147228372997391.
[I 2026-03-10 23:00:09,887] Trial 185 finished with value: 0.3638203558188426 and parameters: {'window_ms': 235, 'overlap': 0.65, 'freq_low_hz': 1000, 'freq_high_hz': 2100}. Best is trial 180 with value: 0.4147228372997391.
[I 2026-03-10 23:00:10,541] Trial 179 finished with value: 0.3679904624735875 and parameters: {'window_ms': 230, 'overlap': 0.65, 'freq_low_hz': 650, 'freq_high_hz': 3100}. Best is trial 180 with value: 0.4147228372997391.
[I 2026-03-10 23:00:12,227] Trial 187 finished with value: 0.36394407674343504 and parameters: {'window_ms': 220, 'overlap': 0.65, 'freq_low_hz': 800, 'freq_high_hz': 2100}. Best is trial 180 with value: 0.4147228372997391.
[I 2026-03-10 23:00:13,582] Trial 192 finished with value: 0.3806538731314963 and parameters: {'window_ms': 220, 'overlap': 0.65, 'freq_low_hz': 950, 'freq_high_hz': 1700}. Best is trial 180 with value: 0.4147228372997391.
[I 2026-03-10 23:00:13,725] Trial 190 finished with value: 0.38576616968102473 and parameters: {'window_ms': 220, 'overlap': 0.65, 'freq_low_hz': 750, 'freq_high_hz': 1700}. Best is trial 180 with value: 0.4147228372997391.
[I 2026-03-10 23:00:14,244] Trial 191 finished with value: 0.3932608660411525 and parameters: {'window_ms': 220, 'overlap': 0.65, 'freq_low_hz': 800, 'freq_high_hz': 1700}. Best is trial 180 with value: 0.4147228372997391.
[I 2026-03-10 23:00:15,446] Trial 193 finished with value: 0.4002517845150282 and parameters: {'window_ms': 220, 'overlap': 0.65, 'freq_low_hz': 1000, 'freq_high_hz': 1700}. Best is trial 180 with value: 0.4147228372997391.
[I 2026-03-10 23:00:15,710] Trial 188 finished with value: 0.36369264822694003 and parameters: {'window_ms': 220, 'overlap': 0.65, 'freq_low_hz': 500, 'freq_high_hz': 2100}. Best is trial 180 with value: 0.4147228372997391.
[I 2026-03-10 23:00:15,780] Trial 189 finished with value: 0.3605406178718849 and parameters: {'window_ms': 220, 'overlap': 0.45, 'freq_low_hz': 800, 'freq_high_hz': 3100}. Best is trial 180 with value: 0.4147228372997391.
[I 2026-03-10 23:00:17,192] Trial 194 finished with value: 0.3776503918249185 and parameters: {'window_ms': 225, 'overlap': 0.65, 'freq_low_hz': 950, 'freq_high_hz': 1700}. Best is trial 180 with value: 0.4147228372997391.
[I 2026-03-10 23:00:18,343] Trial 195 finished with value: 0.3806538731314963 and parameters: {'window_ms': 220, 'overlap': 0.65, 'freq_low_hz': 950, 'freq_high_hz': 1700}. Best is trial 180 with value: 0.4147228372997391.
[I 2026-03-10 23:00:18,428] Trial 196 finished with value: 0.3806538731314963 and parameters: {'window_ms': 220, 'overlap': 0.65, 'freq_low_hz': 950, 'freq_high_hz': 1700}. Best is trial 180 with value: 0.4147228372997391.
[I 2026-03-10 23:00:20,645] Trial 197 finished with value: 0.3776503918249185 and parameters: {'window_ms': 225, 'overlap': 0.65, 'freq_low_hz': 950, 'freq_high_hz': 1700}. Best is trial 180 with value: 0.4147228372997391.
[I 2026-03-10 23:00:21,176] Trial 198 finished with value: 0.38006438435853934 and parameters: {'window_ms': 225, 'overlap': 0.65, 'freq_low_hz': 1000, 'freq_high_hz': 1700}. Best is trial 180 with value: 0.4147228372997391.
[I 2026-03-10 23:00:21,474] Trial 199 finished with value: 0.3768404300969139 and parameters: {'window_ms': 225, 'overlap': 0.6000000000000001, 'freq_low_hz': 1000, 'freq_high_hz': 1700}. Best is trial 180 with value: 0.4147228372997391.
[I 2026-03-10 23:00:21,824] Trial 200 finished with value: 0.3745705825243814 and parameters: {'window_ms': 225, 'overlap': 0.6000000000000001, 'freq_low_hz': 950, 'freq_high_hz': 1700}. Best is trial 180 with value: 0.4147228372997391.
[I 2026-03-10 23:00:22,917] Trial 201 finished with value: 0.3768404300969139 and parameters: {'window_ms': 225, 'overlap': 0.6000000000000001, 'freq_low_hz': 1000, 'freq_high_hz': 1700}. Best is trial 180 with value: 0.4147228372997391.
[I 2026-03-10 23:00:23,008] Trial 202 finished with value: 0.3768404300969139 and parameters: {'window_ms': 225, 'overlap': 0.6000000000000001, 'freq_low_hz': 1000, 'freq_high_hz': 1700}. Best is trial 180 with value: 0.4147228372997391.
[I 2026-03-10 23:00:23,447] Trial 203 finished with value: 0.38602330281943 and parameters: {'window_ms': 230, 'overlap': 0.6000000000000001, 'freq_low_hz': 1000, 'freq_high_hz': 1700}. Best is trial 180 with value: 0.4147228372997391.
[I 2026-03-10 23:00:24,580] Trial 204 finished with value: 0.35050424183438933 and parameters: {'window_ms': 235, 'overlap': 0.6000000000000001, 'freq_low_hz': 1000, 'freq_high_hz': 1500}. Best is trial 180 with value: 0.4147228372997391.
[I 2026-03-10 23:00:25,338] Trial 205 finished with value: 0.35050424183438933 and parameters: {'window_ms': 235, 'overlap': 0.6000000000000001, 'freq_low_hz': 1000, 'freq_high_hz': 1500}. Best is trial 180 with value: 0.4147228372997391.
[I 2026-03-10 23:00:25,712] Trial 206 finished with value: 0.3562732930135613 and parameters: {'window_ms': 235, 'overlap': 0.6000000000000001, 'freq_low_hz': 1000, 'freq_high_hz': 1600}. Best is trial 180 with value: 0.4147228372997391.
[I 2026-03-10 23:00:27,615] Trial 207 finished with value: 0.35050424183438933 and parameters: {'window_ms': 235, 'overlap': 0.6000000000000001, 'freq_low_hz': 1000, 'freq_high_hz': 1500}. Best is trial 180 with value: 0.4147228372997391.
[I 2026-03-10 23:00:28,379] Trial 208 finished with value: 0.35050424183438933 and parameters: {'window_ms': 235, 'overlap': 0.6000000000000001, 'freq_low_hz': 1000, 'freq_high_hz': 1500}. Best is trial 180 with value: 0.4147228372997391.
[I 2026-03-10 23:00:29,828] Trial 209 finished with value: 0.35050424183438933 and parameters: {'window_ms': 235, 'overlap': 0.6000000000000001, 'freq_low_hz': 1000, 'freq_high_hz': 1500}. Best is trial 180 with value: 0.4147228372997391.
[I 2026-03-10 23:00:29,961] Trial 210 finished with value: 0.35050424183438933 and parameters: {'window_ms': 235, 'overlap': 0.6000000000000001, 'freq_low_hz': 1000, 'freq_high_hz': 1500}. Best is trial 180 with value: 0.4147228372997391.
[I 2026-03-10 23:00:31,068] Trial 212 finished with value: 0.34964593553592127 and parameters: {'window_ms': 235, 'overlap': 0.45, 'freq_low_hz': 1000, 'freq_high_hz': 1500}. Best is trial 180 with value: 0.4147228372997391.
[I 2026-03-10 23:00:31,268] Trial 213 finished with value: 0.3499605130684134 and parameters: {'window_ms': 235, 'overlap': 0.45, 'freq_low_hz': 1050, 'freq_high_hz': 1500}. Best is trial 180 with value: 0.4147228372997391.
[I 2026-03-10 23:00:31,994] Trial 211 finished with value: 0.35050424183438933 and parameters: {'window_ms': 235, 'overlap': 0.6000000000000001, 'freq_low_hz': 1000, 'freq_high_hz': 1500}. Best is trial 180 with value: 0.4147228372997391.
[I 2026-03-10 23:00:36,818] Trial 215 finished with value: 0.39230244185983504 and parameters: {'window_ms': 185, 'overlap': 0.45, 'freq_low_hz': 1050, 'freq_high_hz': 1900}. Best is trial 180 with value: 0.4147228372997391.
[I 2026-03-10 23:00:38,809] Trial 216 finished with value: 0.39978481975161423 and parameters: {'window_ms': 235, 'overlap': 0.45, 'freq_low_hz': 1050, 'freq_high_hz': 1900}. Best is trial 180 with value: 0.4147228372997391.
[I 2026-03-10 23:00:40,893] Trial 214 finished with value: 0.379368781764934 and parameters: {'window_ms': 235, 'overlap': 0.75, 'freq_low_hz': 1050, 'freq_high_hz': 1900}. Best is trial 180 with value: 0.4147228372997391.
[I 2026-03-10 23:00:46,034] Trial 218 finished with value: 0.36592715051651453 and parameters: {'window_ms': 185, 'overlap': 0.45, 'freq_low_hz': 700, 'freq_high_hz': 1900}. Best is trial 180 with value: 0.4147228372997391.
[I 2026-03-10 23:00:47,714] Trial 219 finished with value: 0.3794859121744112 and parameters: {'window_ms': 240, 'overlap': 0.45, 'freq_low_hz': 1050, 'freq_high_hz': 1900}. Best is trial 180 with value: 0.4147228372997391.
[I 2026-03-10 23:00:49,394] Trial 217 finished with value: 0.380655133208784 and parameters: {'window_ms': 240, 'overlap': 0.45, 'freq_low_hz': 700, 'freq_high_hz': 1900}. Best is trial 180 with value: 0.4147228372997391.
[I 2026-03-10 23:00:52,884] Trial 220 finished with value: 0.3768719004799371 and parameters: {'window_ms': 240, 'overlap': 0.75, 'freq_low_hz': 1050, 'freq_high_hz': 1900}. Best is trial 180 with value: 0.4147228372997391.
[I 2026-03-10 23:00:54,498] Trial 222 finished with value: 0.39251573341928037 and parameters: {'window_ms': 240, 'overlap': 0.75, 'freq_low_hz': 1200, 'freq_high_hz': 1900}. Best is trial 180 with value: 0.4147228372997391.
[I 2026-03-10 23:00:55,370] Trial 225 finished with value: 0.37849827826291177 and parameters: {'window_ms': 240, 'overlap': 0.4, 'freq_low_hz': 1050, 'freq_high_hz': 1900}. Best is trial 180 with value: 0.4147228372997391.
[I 2026-03-10 23:00:57,584] Trial 221 finished with value: 0.3768719004799371 and parameters: {'window_ms': 240, 'overlap': 0.75, 'freq_low_hz': 1050, 'freq_high_hz': 1900}. Best is trial 180 with value: 0.4147228372997391.
[I 2026-03-10 23:00:57,743] Trial 223 finished with value: 0.39251573341928037 and parameters: {'window_ms': 240, 'overlap': 0.75, 'freq_low_hz': 1200, 'freq_high_hz': 1900}. Best is trial 180 with value: 0.4147228372997391.
[I 2026-03-10 23:01:01,401] Trial 227 finished with value: 0.37777483168068954 and parameters: {'window_ms': 240, 'overlap': 0.4, 'freq_low_hz': 1050, 'freq_high_hz': 1600}. Best is trial 180 with value: 0.4147228372997391.
[I 2026-03-10 23:01:04,364] Trial 228 finished with value: 0.37726134266609884 and parameters: {'window_ms': 245, 'overlap': 0.4, 'freq_low_hz': 1100, 'freq_high_hz': 1600}. Best is trial 180 with value: 0.4147228372997391.
[I 2026-03-10 23:01:11,856] Trial 231 finished with value: 0.37205282004158885 and parameters: {'window_ms': 245, 'overlap': 0.4, 'freq_low_hz': 1200, 'freq_high_hz': 1800}. Best is trial 180 with value: 0.4147228372997391.
[I 2026-03-10 23:01:13,437] Trial 226 finished with value: 0.36859478968486525 and parameters: {'window_ms': 240, 'overlap': 0.4, 'freq_low_hz': 1050, 'freq_high_hz': 3400}. Best is trial 180 with value: 0.4147228372997391.
[I 2026-03-10 23:01:16,738] Trial 232 finished with value: 0.40355287725513184 and parameters: {'window_ms': 245, 'overlap': 0.65, 'freq_low_hz': 1200, 'freq_high_hz': 1800}. Best is trial 180 with value: 0.4147228372997391.
[I 2026-03-10 23:01:18,103] Trial 234 finished with value: 0.40355287725513184 and parameters: {'window_ms': 245, 'overlap': 0.65, 'freq_low_hz': 1200, 'freq_high_hz': 1800}. Best is trial 180 with value: 0.4147228372997391.
[I 2026-03-10 23:01:20,086] Trial 233 finished with value: 0.40355287725513184 and parameters: {'window_ms': 245, 'overlap': 0.65, 'freq_low_hz': 1200, 'freq_high_hz': 1800}. Best is trial 180 with value: 0.4147228372997391.
[I 2026-03-10 23:01:21,883] Trial 235 finished with value: 0.40355287725513184 and parameters: {'window_ms': 245, 'overlap': 0.65, 'freq_low_hz': 1200, 'freq_high_hz': 1800}. Best is trial 180 with value: 0.4147228372997391.
[I 2026-03-10 23:01:24,386] Trial 236 finished with value: 0.3953471478676077 and parameters: {'window_ms': 230, 'overlap': 0.65, 'freq_low_hz': 1200, 'freq_high_hz': 1800}. Best is trial 180 with value: 0.4147228372997391.
[I 2026-03-10 23:01:31,771] Trial 238 finished with value: 0.3825393629016438 and parameters: {'window_ms': 160, 'overlap': 0.65, 'freq_low_hz': 1200, 'freq_high_hz': 1800}. Best is trial 180 with value: 0.4147228372997391.
[I 2026-03-10 23:01:33,661] Trial 229 finished with value: 0.35447891946727444 and parameters: {'window_ms': 245, 'overlap': 0.4, 'freq_low_hz': 550, 'freq_high_hz': 3600}. Best is trial 180 with value: 0.4147228372997391.
[I 2026-03-10 23:01:34,090] Trial 237 finished with value: 0.3570594225519283 and parameters: {'window_ms': 230, 'overlap': 0.65, 'freq_low_hz': 950, 'freq_high_hz': 1600}. Best is trial 180 with value: 0.4147228372997391.
[I 2026-03-10 23:01:37,670] Trial 241 finished with value: 0.38136525485895456 and parameters: {'window_ms': 160, 'overlap': 0.65, 'freq_low_hz': 1200, 'freq_high_hz': 1700}. Best is trial 180 with value: 0.4147228372997391.
[I 2026-03-10 23:01:39,436] Trial 240 finished with value: 0.3953471478676077 and parameters: {'window_ms': 230, 'overlap': 0.65, 'freq_low_hz': 1200, 'freq_high_hz': 1800}. Best is trial 180 with value: 0.4147228372997391.
[I 2026-03-10 23:01:42,189] Trial 239 finished with value: 0.37858057311277377 and parameters: {'window_ms': 230, 'overlap': 0.65, 'freq_low_hz': 550, 'freq_high_hz': 1600}. Best is trial 180 with value: 0.4147228372997391.
[I 2026-03-10 23:01:42,748] Trial 242 finished with value: 0.38367559577165034 and parameters: {'window_ms': 245, 'overlap': 0.65, 'freq_low_hz': 1150, 'freq_high_hz': 1650}. Best is trial 180 with value: 0.4147228372997391.
[I 2026-03-10 23:01:42,774] Trial 243 finished with value: 0.38418707365300586 and parameters: {'window_ms': 160, 'overlap': 0.65, 'freq_low_hz': 1150, 'freq_high_hz': 1650}. Best is trial 180 with value: 0.4147228372997391.
[I 2026-03-10 23:01:51,258] Trial 244 finished with value: 0.38367559577165034 and parameters: {'window_ms': 245, 'overlap': 0.65, 'freq_low_hz': 1150, 'freq_high_hz': 1650}. Best is trial 180 with value: 0.4147228372997391.
[I 2026-03-10 23:01:53,539] Trial 246 finished with value: 0.4045317359422826 and parameters: {'window_ms': 245, 'overlap': 0.65, 'freq_low_hz': 1200, 'freq_high_hz': 1700}. Best is trial 180 with value: 0.4147228372997391.
[I 2026-03-10 23:01:54,545] Trial 230 finished with value: 0.37683302876593894 and parameters: {'window_ms': 245, 'overlap': 0.4, 'freq_low_hz': 1200, 'freq_high_hz': 5900}. Best is trial 180 with value: 0.4147228372997391.
[I 2026-03-10 23:01:56,278] Trial 245 finished with value: 0.3827748350708873 and parameters: {'window_ms': 245, 'overlap': 0.65, 'freq_low_hz': 1150, 'freq_high_hz': 1750}. Best is trial 180 with value: 0.4147228372997391.
[I 2026-03-10 23:01:57,377] Trial 247 finished with value: 0.38367559577165034 and parameters: {'window_ms': 245, 'overlap': 0.65, 'freq_low_hz': 1150, 'freq_high_hz': 1650}. Best is trial 180 with value: 0.4147228372997391.
[I 2026-03-10 23:02:00,706] Trial 248 finished with value: 0.38367559577165034 and parameters: {'window_ms': 245, 'overlap': 0.65, 'freq_low_hz': 1150, 'freq_high_hz': 1650}. Best is trial 180 with value: 0.4147228372997391.
[I 2026-03-10 23:02:03,964] Trial 251 finished with value: 0.40355287725513184 and parameters: {'window_ms': 245, 'overlap': 0.65, 'freq_low_hz': 1200, 'freq_high_hz': 1800}. Best is trial 180 with value: 0.4147228372997391.
[I 2026-03-10 23:02:04,157] Trial 249 finished with value: 0.38367559577165034 and parameters: {'window_ms': 245, 'overlap': 0.65, 'freq_low_hz': 1150, 'freq_high_hz': 1650}. Best is trial 180 with value: 0.4147228372997391.
[I 2026-03-10 23:02:05,495] Trial 250 finished with value: 0.40355287725513184 and parameters: {'window_ms': 245, 'overlap': 0.65, 'freq_low_hz': 1200, 'freq_high_hz': 1800}. Best is trial 180 with value: 0.4147228372997391.
[I 2026-03-10 23:02:11,124] Trial 252 finished with value: 0.40355287725513184 and parameters: {'window_ms': 245, 'overlap': 0.65, 'freq_low_hz': 1200, 'freq_high_hz': 1800}. Best is trial 180 with value: 0.4147228372997391.
[I 2026-03-10 23:02:13,448] Trial 253 finished with value: 0.40355287725513184 and parameters: {'window_ms': 245, 'overlap': 0.65, 'freq_low_hz': 1200, 'freq_high_hz': 1800}. Best is trial 180 with value: 0.4147228372997391.
[I 2026-03-10 23:02:14,967] Trial 255 finished with value: 0.40355287725513184 and parameters: {'window_ms': 245, 'overlap': 0.65, 'freq_low_hz': 1200, 'freq_high_hz': 1800}. Best is trial 180 with value: 0.4147228372997391.
[I 2026-03-10 23:02:15,418] Trial 254 finished with value: 0.40355287725513184 and parameters: {'window_ms': 245, 'overlap': 0.65, 'freq_low_hz': 1200, 'freq_high_hz': 1800}. Best is trial 180 with value: 0.4147228372997391.
[I 2026-03-10 23:02:19,510] Trial 256 finished with value: 0.40355287725513184 and parameters: {'window_ms': 245, 'overlap': 0.65, 'freq_low_hz': 1200, 'freq_high_hz': 1800}. Best is trial 180 with value: 0.4147228372997391.
[I 2026-03-10 23:02:20,135] Trial 257 finished with value: 0.3991991417443987 and parameters: {'window_ms': 245, 'overlap': 0.7, 'freq_low_hz': 1200, 'freq_high_hz': 1800}. Best is trial 180 with value: 0.4147228372997391.
[I 2026-03-10 23:02:23,089] Trial 224 finished with value: 0.3911577568331296 and parameters: {'window_ms': 240, 'overlap': 0.75, 'freq_low_hz': 1200, 'freq_high_hz': 6000}. Best is trial 180 with value: 0.4147228372997391.
[I 2026-03-10 23:02:24,249] Trial 259 finished with value: 0.40355287725513184 and parameters: {'window_ms': 245, 'overlap': 0.65, 'freq_low_hz': 1200, 'freq_high_hz': 1800}. Best is trial 180 with value: 0.4147228372997391.
[I 2026-03-10 23:02:24,614] Trial 258 finished with value: 0.40355287725513184 and parameters: {'window_ms': 245, 'overlap': 0.65, 'freq_low_hz': 1200, 'freq_high_hz': 1800}. Best is trial 180 with value: 0.4147228372997391.
[I 2026-03-10 23:02:24,863] Trial 260 finished with value: 0.40355287725513184 and parameters: {'window_ms': 245, 'overlap': 0.65, 'freq_low_hz': 1200, 'freq_high_hz': 1800}. Best is trial 180 with value: 0.4147228372997391.
[I 2026-03-10 23:02:31,737] Trial 261 finished with value: 0.3922686839342515 and parameters: {'window_ms': 245, 'overlap': 0.65, 'freq_low_hz': 1200, 'freq_high_hz': 2000}. Best is trial 180 with value: 0.4147228372997391.
[I 2026-03-10 23:02:33,951] Trial 262 finished with value: 0.3922686839342515 and parameters: {'window_ms': 245, 'overlap': 0.65, 'freq_low_hz': 1200, 'freq_high_hz': 2000}. Best is trial 180 with value: 0.4147228372997391.
[I 2026-03-10 23:02:37,344] Trial 264 finished with value: 0.40355287725513184 and parameters: {'window_ms': 245, 'overlap': 0.65, 'freq_low_hz': 1200, 'freq_high_hz': 1800}. Best is trial 180 with value: 0.4147228372997391.
[I 2026-03-10 23:02:38,594] Trial 263 finished with value: 0.3922686839342515 and parameters: {'window_ms': 245, 'overlap': 0.65, 'freq_low_hz': 1200, 'freq_high_hz': 2000}. Best is trial 180 with value: 0.4147228372997391.
[I 2026-03-10 23:02:39,718] Trial 266 finished with value: 0.4045317359422826 and parameters: {'window_ms': 245, 'overlap': 0.65, 'freq_low_hz': 1200, 'freq_high_hz': 1700}. Best is trial 180 with value: 0.4147228372997391.
[I 2026-03-10 23:02:41,960] Trial 265 finished with value: 0.3922686839342515 and parameters: {'window_ms': 245, 'overlap': 0.65, 'freq_low_hz': 1200, 'freq_high_hz': 2000}. Best is trial 180 with value: 0.4147228372997391.
[I 2026-03-10 23:02:45,096] Trial 267 finished with value: 0.3922686839342515 and parameters: {'window_ms': 245, 'overlap': 0.65, 'freq_low_hz': 1200, 'freq_high_hz': 2000}. Best is trial 180 with value: 0.4147228372997391.
[I 2026-03-10 23:02:45,874] Trial 268 finished with value: 0.3922686839342515 and parameters: {'window_ms': 245, 'overlap': 0.65, 'freq_low_hz': 1200, 'freq_high_hz': 2000}. Best is trial 180 with value: 0.4147228372997391.
[I 2026-03-10 23:02:46,957] Trial 269 finished with value: 0.3921004141506956 and parameters: {'window_ms': 250, 'overlap': 0.65, 'freq_low_hz': 1200, 'freq_high_hz': 2000}. Best is trial 180 with value: 0.4147228372997391.
[I 2026-03-10 23:02:47,445] Trial 270 finished with value: 0.3921004141506956 and parameters: {'window_ms': 250, 'overlap': 0.65, 'freq_low_hz': 1200, 'freq_high_hz': 2000}. Best is trial 180 with value: 0.4147228372997391.
[I 2026-03-10 23:02:52,654] Trial 272 finished with value: 0.38304980038410635 and parameters: {'window_ms': 250, 'overlap': 0.7, 'freq_low_hz': 1150, 'freq_high_hz': 1750}. Best is trial 180 with value: 0.4147228372997391.
[I 2026-03-10 23:02:53,633] Trial 271 finished with value: 0.3921004141506956 and parameters: {'window_ms': 250, 'overlap': 0.65, 'freq_low_hz': 1200, 'freq_high_hz': 2000}. Best is trial 180 with value: 0.4147228372997391.
[I 2026-03-10 23:02:55,908] Trial 275 finished with value: 0.3856721749834786 and parameters: {'window_ms': 125, 'overlap': 0.7, 'freq_low_hz': 1150, 'freq_high_hz': 1650}. Best is trial 180 with value: 0.4147228372997391.
[I 2026-03-10 23:02:56,581] Trial 274 finished with value: 0.38304980038410635 and parameters: {'window_ms': 250, 'overlap': 0.7, 'freq_low_hz': 1150, 'freq_high_hz': 1750}. Best is trial 180 with value: 0.4147228372997391.
[I 2026-03-10 23:02:57,559] Trial 273 finished with value: 0.38304980038410635 and parameters: {'window_ms': 250, 'overlap': 0.7, 'freq_low_hz': 1150, 'freq_high_hz': 1750}. Best is trial 180 with value: 0.4147228372997391.
[I 2026-03-10 23:03:01,939] Trial 277 finished with value: 0.38404190906816266 and parameters: {'window_ms': 240, 'overlap': 0.65, 'freq_low_hz': 1150, 'freq_high_hz': 1650}. Best is trial 180 with value: 0.4147228372997391.
