[I 2026-03-10 23:52:34,437] Trial 1432 finished with value: 0.35778082748572776 and parameters: {'window_ms': 225, 'overlap': 0.65, 'freq_low_hz': 350, 'freq_high_hz': 1500}. Best is trial 1216 with value: 0.4161157870952521.
[I 2026-03-10 23:52:35,772] Trial 1435 finished with value: 0.3636220535930532 and parameters: {'window_ms': 210, 'overlap': 0.65, 'freq_low_hz': 1050, 'freq_high_hz': 2100}. Best is trial 1216 with value: 0.4161157870952521.
[I 2026-03-10 23:52:39,618] Trial 1437 finished with value: 0.3641067978543658 and parameters: {'window_ms': 235, 'overlap': 0.65, 'freq_low_hz': 1200, 'freq_high_hz': 2100}. Best is trial 1216 with value: 0.4161157870952521.
[I 2026-03-10 23:52:40,650] Trial 1438 finished with value: 0.3921689236484934 and parameters: {'window_ms': 235, 'overlap': 0.65, 'freq_low_hz': 1150, 'freq_high_hz': 1950}. Best is trial 1216 with value: 0.4161157870952521.
[I 2026-03-10 23:52:40,795] Trial 1439 finished with value: 0.3651905701108093 and parameters: {'window_ms': 210, 'overlap': 0.65, 'freq_low_hz': 600, 'freq_high_hz': 1500}. Best is trial 1216 with value: 0.4161157870952521.
[I 2026-03-10 23:52:41,671] Trial 1436 finished with value: 0.3641067978543658 and parameters: {'window_ms': 235, 'overlap': 0.65, 'freq_low_hz': 1200, 'freq_high_hz': 2100}. Best is trial 1216 with value: 0.4161157870952521.
[I 2026-03-10 23:52:43,246] Trial 1441 finished with value: 0.3527869749307666 and parameters: {'window_ms': 235, 'overlap': 0.65, 'freq_low_hz': 1050, 'freq_high_hz': 1500}. Best is trial 1216 with value: 0.4161157870952521.
[I 2026-03-10 23:52:43,763] Trial 1440 finished with value: 0.3527869749307666 and parameters: {'window_ms': 235, 'overlap': 0.65, 'freq_low_hz': 1050, 'freq_high_hz': 1500}. Best is trial 1216 with value: 0.4161157870952521.
[I 2026-03-10 23:52:47,680] Trial 1443 finished with value: 0.3628900966828245 and parameters: {'window_ms': 235, 'overlap': 0.6000000000000001, 'freq_low_hz': 1050, 'freq_high_hz': 1500}. Best is trial 1216 with value: 0.4161157870952521.
[I 2026-03-10 23:52:47,997] Trial 1442 finished with value: 0.3527869749307666 and parameters: {'window_ms': 235, 'overlap': 0.65, 'freq_low_hz': 1050, 'freq_high_hz': 1500}. Best is trial 1216 with value: 0.4161157870952521.
[I 2026-03-10 23:53:00,305] Trial 1445 finished with value: 0.37559030894103557 and parameters: {'window_ms': 235, 'overlap': 0.6000000000000001, 'freq_low_hz': 650, 'freq_high_hz': 1500}. Best is trial 1216 with value: 0.4161157870952521.
[I 2026-03-10 23:53:01,802] Trial 1444 finished with value: 0.3920300957469386 and parameters: {'window_ms': 235, 'overlap': 0.6000000000000001, 'freq_low_hz': 1050, 'freq_high_hz': 2000}. Best is trial 1216 with value: 0.4161157870952521.
[I 2026-03-10 23:53:01,888] Trial 1450 finished with value: 0.3776985197894202 and parameters: {'window_ms': 250, 'overlap': 0.35, 'freq_low_hz': 1150, 'freq_high_hz': 1850}. Best is trial 1216 with value: 0.4161157870952521.
[I 2026-03-10 23:53:02,053] Trial 1448 finished with value: 0.393692887518087 and parameters: {'window_ms': 250, 'overlap': 0.6000000000000001, 'freq_low_hz': 1150, 'freq_high_hz': 1850}. Best is trial 1216 with value: 0.4161157870952521.
[I 2026-03-10 23:53:04,331] Trial 1449 finished with value: 0.3813227177563719 and parameters: {'window_ms': 250, 'overlap': 0.6000000000000001, 'freq_low_hz': 650, 'freq_high_hz': 1500}. Best is trial 1216 with value: 0.4161157870952521.
[I 2026-03-10 23:53:04,552] Trial 1451 finished with value: 0.393692887518087 and parameters: {'window_ms': 250, 'overlap': 0.6000000000000001, 'freq_low_hz': 1150, 'freq_high_hz': 1850}. Best is trial 1216 with value: 0.4161157870952521.
[I 2026-03-10 23:53:05,147] Trial 1452 finished with value: 0.3776985197894202 and parameters: {'window_ms': 250, 'overlap': 0.35, 'freq_low_hz': 1150, 'freq_high_hz': 1850}. Best is trial 1216 with value: 0.4161157870952521.
[I 2026-03-10 23:53:05,442] Trial 1447 finished with value: 0.3454699343420308 and parameters: {'window_ms': 250, 'overlap': 0.6000000000000001, 'freq_low_hz': 400, 'freq_high_hz': 1500}. Best is trial 1216 with value: 0.4161157870952521.
[I 2026-03-10 23:53:10,613] Trial 1453 finished with value: 0.393692887518087 and parameters: {'window_ms': 250, 'overlap': 0.6000000000000001, 'freq_low_hz': 1150, 'freq_high_hz': 1850}. Best is trial 1216 with value: 0.4161157870952521.
[I 2026-03-10 23:53:12,207] Trial 1446 finished with value: 0.36739086069925886 and parameters: {'window_ms': 235, 'overlap': 0.6000000000000001, 'freq_low_hz': 600, 'freq_high_hz': 2000}. Best is trial 1216 with value: 0.4161157870952521.
[I 2026-03-10 23:53:27,705] Trial 1461 finished with value: 0.4135805415625077 and parameters: {'window_ms': 240, 'overlap': 0.7, 'freq_low_hz': 1200, 'freq_high_hz': 1700}. Best is trial 1216 with value: 0.4161157870952521.
[I 2026-03-10 23:53:28,466] Trial 1459 finished with value: 0.38322634109906656 and parameters: {'window_ms': 245, 'overlap': 0.7, 'freq_low_hz': 1200, 'freq_high_hz': 1700}. Best is trial 1216 with value: 0.4161157870952521.
[I 2026-03-10 23:53:28,876] Trial 1457 finished with value: 0.38335183101260495 and parameters: {'window_ms': 250, 'overlap': 0.7, 'freq_low_hz': 1200, 'freq_high_hz': 1900}. Best is trial 1216 with value: 0.4161157870952521.
[I 2026-03-10 23:53:30,789] Trial 1460 finished with value: 0.3881546959065161 and parameters: {'window_ms': 240, 'overlap': 0.7, 'freq_low_hz': 950, 'freq_high_hz': 1700}. Best is trial 1216 with value: 0.4161157870952521.
[I 2026-03-10 23:53:31,922] Trial 1455 finished with value: 0.3823375867464784 and parameters: {'window_ms': 250, 'overlap': 0.7, 'freq_low_hz': 950, 'freq_high_hz': 1900}. Best is trial 1216 with value: 0.4161157870952521.
[I 2026-03-10 23:53:32,470] Trial 1458 finished with value: 0.39240683221810446 and parameters: {'window_ms': 240, 'overlap': 0.7, 'freq_low_hz': 1200, 'freq_high_hz': 1900}. Best is trial 1216 with value: 0.4161157870952521.
[I 2026-03-10 23:53:33,424] Trial 1454 finished with value: 0.3813680741669251 and parameters: {'window_ms': 250, 'overlap': 0.6000000000000001, 'freq_low_hz': 300, 'freq_high_hz': 1900}. Best is trial 1216 with value: 0.4161157870952521.
[I 2026-03-10 23:53:35,189] Trial 1463 finished with value: 0.4135805415625077 and parameters: {'window_ms': 240, 'overlap': 0.7, 'freq_low_hz': 1200, 'freq_high_hz': 1700}. Best is trial 1216 with value: 0.4161157870952521.
[I 2026-03-10 23:53:47,604] Trial 1464 finished with value: 0.4025158594858789 and parameters: {'window_ms': 240, 'overlap': 0.65, 'freq_low_hz': 1200, 'freq_high_hz': 1700}. Best is trial 1216 with value: 0.4161157870952521.
[I 2026-03-10 23:53:49,601] Trial 1465 finished with value: 0.38314583316696027 and parameters: {'window_ms': 215, 'overlap': 0.65, 'freq_low_hz': 1200, 'freq_high_hz': 1700}. Best is trial 1216 with value: 0.4161157870952521.
[I 2026-03-10 23:53:50,758] Trial 1468 finished with value: 0.382747845342289 and parameters: {'window_ms': 230, 'overlap': 0.65, 'freq_low_hz': 1200, 'freq_high_hz': 1700}. Best is trial 1216 with value: 0.4161157870952521.
[I 2026-03-10 23:53:51,756] Trial 1466 finished with value: 0.4025158594858789 and parameters: {'window_ms': 240, 'overlap': 0.65, 'freq_low_hz': 1200, 'freq_high_hz': 1700}. Best is trial 1216 with value: 0.4161157870952521.
[I 2026-03-10 23:53:53,581] Trial 1467 finished with value: 0.382747845342289 and parameters: {'window_ms': 230, 'overlap': 0.65, 'freq_low_hz': 1200, 'freq_high_hz': 1700}. Best is trial 1216 with value: 0.4161157870952521.
[I 2026-03-10 23:53:54,427] Trial 1462 finished with value: 0.37661497794467824 and parameters: {'window_ms': 240, 'overlap': 0.7, 'freq_low_hz': 100, 'freq_high_hz': 1700}. Best is trial 1216 with value: 0.4161157870952521.
[I 2026-03-10 23:53:54,899] Trial 1470 finished with value: 0.38314583316696027 and parameters: {'window_ms': 215, 'overlap': 0.65, 'freq_low_hz': 1200, 'freq_high_hz': 1700}. Best is trial 1216 with value: 0.4161157870952521.
[I 2026-03-10 23:53:54,982] Trial 1471 finished with value: 0.38314583316696027 and parameters: {'window_ms': 215, 'overlap': 0.65, 'freq_low_hz': 1200, 'freq_high_hz': 1700}. Best is trial 1216 with value: 0.4161157870952521.
[I 2026-03-10 23:54:03,683] Trial 1456 finished with value: 0.3609297805038077 and parameters: {'window_ms': 250, 'overlap': 0.7, 'freq_low_hz': 950, 'freq_high_hz': 4200}. Best is trial 1216 with value: 0.4161157870952521.
[I 2026-03-10 23:54:06,111] Trial 1469 finished with value: 0.3654455130323542 and parameters: {'window_ms': 215, 'overlap': 0.65, 'freq_low_hz': 500, 'freq_high_hz': 1600}. Best is trial 1216 with value: 0.4161157870952521.
[I 2026-03-10 23:54:06,487] Trial 1472 finished with value: 0.38081545109117554 and parameters: {'window_ms': 130, 'overlap': 0.65, 'freq_low_hz': 1200, 'freq_high_hz': 1700}. Best is trial 1216 with value: 0.4161157870952521.
[I 2026-03-10 23:54:09,810] Trial 1473 finished with value: 0.3834498065654877 and parameters: {'window_ms': 230, 'overlap': 0.65, 'freq_low_hz': 1150, 'freq_high_hz': 1650}. Best is trial 1216 with value: 0.4161157870952521.
[I 2026-03-10 23:54:11,701] Trial 1474 finished with value: 0.37498333674188616 and parameters: {'window_ms': 230, 'overlap': 0.65, 'freq_low_hz': 1150, 'freq_high_hz': 1750}. Best is trial 1216 with value: 0.4161157870952521.
[I 2026-03-10 23:54:13,776] Trial 1479 finished with value: 0.3774769881362164 and parameters: {'window_ms': 230, 'overlap': 0.5, 'freq_low_hz': 1150, 'freq_high_hz': 1850}. Best is trial 1216 with value: 0.4161157870952521.
[I 2026-03-10 23:54:15,203] Trial 1478 finished with value: 0.39524191179014984 and parameters: {'window_ms': 130, 'overlap': 0.65, 'freq_low_hz': 1150, 'freq_high_hz': 1850}. Best is trial 1216 with value: 0.4161157870952521.
[I 2026-03-10 23:54:15,951] Trial 1475 finished with value: 0.37947769015238547 and parameters: {'window_ms': 230, 'overlap': 0.65, 'freq_low_hz': 1150, 'freq_high_hz': 1850}. Best is trial 1216 with value: 0.4161157870952521.
[I 2026-03-10 23:54:17,347] Trial 1476 finished with value: 0.37947769015238547 and parameters: {'window_ms': 230, 'overlap': 0.65, 'freq_low_hz': 1150, 'freq_high_hz': 1850}. Best is trial 1216 with value: 0.4161157870952521.
[I 2026-03-10 23:54:19,067] Trial 1477 finished with value: 0.37947769015238547 and parameters: {'window_ms': 230, 'overlap': 0.65, 'freq_low_hz': 1150, 'freq_high_hz': 1850}. Best is trial 1216 with value: 0.4161157870952521.
[I 2026-03-10 23:54:26,375] Trial 1480 finished with value: 0.37947769015238547 and parameters: {'window_ms': 230, 'overlap': 0.65, 'freq_low_hz': 1150, 'freq_high_hz': 1850}. Best is trial 1216 with value: 0.4161157870952521.
[I 2026-03-10 23:54:29,250] Trial 1481 finished with value: 0.37947769015238547 and parameters: {'window_ms': 230, 'overlap': 0.65, 'freq_low_hz': 1150, 'freq_high_hz': 1850}. Best is trial 1216 with value: 0.4161157870952521.
[I 2026-03-10 23:54:34,459] Trial 1483 finished with value: 0.36666082728300803 and parameters: {'window_ms': 160, 'overlap': 0.65, 'freq_low_hz': 1000, 'freq_high_hz': 1900}. Best is trial 1216 with value: 0.4161157870952521.
[I 2026-03-10 23:54:37,820] Trial 1482 finished with value: 0.3781587230460054 and parameters: {'window_ms': 230, 'overlap': 0.65, 'freq_low_hz': 1000, 'freq_high_hz': 2000}. Best is trial 1216 with value: 0.4161157870952521.
[I 2026-03-10 23:54:38,611] Trial 1488 finished with value: 0.364494737309578 and parameters: {'window_ms': 245, 'overlap': 0.65, 'freq_low_hz': 1000, 'freq_high_hz': 1600}. Best is trial 1216 with value: 0.4161157870952521.
[I 2026-03-10 23:54:40,079] Trial 1484 finished with value: 0.3783531601943862 and parameters: {'window_ms': 245, 'overlap': 0.65, 'freq_low_hz': 1000, 'freq_high_hz': 2000}. Best is trial 1216 with value: 0.4161157870952521.
[I 2026-03-10 23:54:42,624] Trial 1485 finished with value: 0.3783531601943862 and parameters: {'window_ms': 245, 'overlap': 0.65, 'freq_low_hz': 1000, 'freq_high_hz': 2000}. Best is trial 1216 with value: 0.4161157870952521.
[I 2026-03-10 23:54:43,301] Trial 1487 finished with value: 0.3783531601943862 and parameters: {'window_ms': 245, 'overlap': 0.65, 'freq_low_hz': 1000, 'freq_high_hz': 2000}. Best is trial 1216 with value: 0.4161157870952521.
[I 2026-03-10 23:54:44,456] Trial 1486 finished with value: 0.3783531601943862 and parameters: {'window_ms': 245, 'overlap': 0.65, 'freq_low_hz': 1000, 'freq_high_hz': 2000}. Best is trial 1216 with value: 0.4161157870952521.
[I 2026-03-10 23:54:47,704] Trial 1489 finished with value: 0.3783531601943862 and parameters: {'window_ms': 245, 'overlap': 0.65, 'freq_low_hz': 1000, 'freq_high_hz': 2000}. Best is trial 1216 with value: 0.4161157870952521.
[I 2026-03-10 23:54:50,439] Trial 1490 finished with value: 0.36939319715207025 and parameters: {'window_ms': 245, 'overlap': 0.65, 'freq_low_hz': 850, 'freq_high_hz': 1600}. Best is trial 1216 with value: 0.4161157870952521.
[I 2026-03-10 23:54:57,171] Trial 1493 finished with value: 0.40355287725513184 and parameters: {'window_ms': 245, 'overlap': 0.65, 'freq_low_hz': 1200, 'freq_high_hz': 1800}. Best is trial 1216 with value: 0.4161157870952521.
[I 2026-03-10 23:54:57,254] Trial 1491 finished with value: 0.3643174782432738 and parameters: {'window_ms': 240, 'overlap': 0.65, 'freq_low_hz': 1000, 'freq_high_hz': 2000}. Best is trial 1216 with value: 0.4161157870952521.
[I 2026-03-10 23:55:04,131] Trial 1495 finished with value: 0.40355287725513184 and parameters: {'window_ms': 245, 'overlap': 0.65, 'freq_low_hz': 1200, 'freq_high_hz': 1800}. Best is trial 1216 with value: 0.4161157870952521.
[I 2026-03-10 23:55:05,051] Trial 1492 finished with value: 0.3783531601943862 and parameters: {'window_ms': 245, 'overlap': 0.65, 'freq_low_hz': 1000, 'freq_high_hz': 2000}. Best is trial 1216 with value: 0.4161157870952521.
[I 2026-03-10 23:55:05,165] Trial 1496 finished with value: 0.4137971651170764 and parameters: {'window_ms': 240, 'overlap': 0.65, 'freq_low_hz': 1200, 'freq_high_hz': 1800}. Best is trial 1216 with value: 0.4161157870952521.
[I 2026-03-10 23:55:05,455] Trial 1498 finished with value: 0.4137971651170764 and parameters: {'window_ms': 240, 'overlap': 0.65, 'freq_low_hz': 1200, 'freq_high_hz': 1800}. Best is trial 1216 with value: 0.4161157870952521.
[I 2026-03-10 23:55:05,497] Trial 1497 finished with value: 0.4137971651170764 and parameters: {'window_ms': 240, 'overlap': 0.65, 'freq_low_hz': 1200, 'freq_high_hz': 1800}. Best is trial 1216 with value: 0.4161157870952521.
[I 2026-03-10 23:55:09,149] Trial 1499 finished with value: 0.4137971651170764 and parameters: {'window_ms': 240, 'overlap': 0.65, 'freq_low_hz': 1200, 'freq_high_hz': 1800}. Best is trial 1216 with value: 0.4161157870952521.
[I 2026-03-10 23:55:13,359] Trial 1500 finished with value: 0.4137971651170764 and parameters: {'window_ms': 240, 'overlap': 0.65, 'freq_low_hz': 1200, 'freq_high_hz': 1800}. Best is trial 1216 with value: 0.4161157870952521.
[I 2026-03-10 23:55:16,931] Trial 1502 finished with value: 0.40389888088152043 and parameters: {'window_ms': 15, 'overlap': 0.65, 'freq_low_hz': 1200, 'freq_high_hz': 1800}. Best is trial 1216 with value: 0.4161157870952521.
[I 2026-03-10 23:55:18,940] Trial 1501 finished with value: 0.414949757177793 and parameters: {'window_ms': 220, 'overlap': 0.65, 'freq_low_hz': 1200, 'freq_high_hz': 1800}. Best is trial 1216 with value: 0.4161157870952521.
[I 2026-03-10 23:55:21,485] Trial 1507 finished with value: 0.41123278143751635 and parameters: {'window_ms': 220, 'overlap': 0.6000000000000001, 'freq_low_hz': 1200, 'freq_high_hz': 1700}. Best is trial 1216 with value: 0.4161157870952521.
[I 2026-03-10 23:55:22,777] Trial 1503 finished with value: 0.4017007454888538 and parameters: {'window_ms': 220, 'overlap': 0.6000000000000001, 'freq_low_hz': 1200, 'freq_high_hz': 1800}. Best is trial 1216 with value: 0.4161157870952521.
[I 2026-03-10 23:55:24,335] Trial 1504 finished with value: 0.38075845709507505 and parameters: {'window_ms': 120, 'overlap': 0.6000000000000001, 'freq_low_hz': 1200, 'freq_high_hz': 1800}. Best is trial 1216 with value: 0.4161157870952521.
[I 2026-03-10 23:55:25,678] Trial 1506 finished with value: 0.41123278143751635 and parameters: {'window_ms': 220, 'overlap': 0.6000000000000001, 'freq_low_hz': 1200, 'freq_high_hz': 1700}. Best is trial 1216 with value: 0.4161157870952521.
[I 2026-03-10 23:55:27,826] Trial 1505 finished with value: 0.4017007454888538 and parameters: {'window_ms': 220, 'overlap': 0.6000000000000001, 'freq_low_hz': 1200, 'freq_high_hz': 1800}. Best is trial 1216 with value: 0.4161157870952521.
[I 2026-03-10 23:55:29,675] Trial 1508 finished with value: 0.41123278143751635 and parameters: {'window_ms': 220, 'overlap': 0.6000000000000001, 'freq_low_hz': 1200, 'freq_high_hz': 1700}. Best is trial 1216 with value: 0.4161157870952521.
[I 2026-03-10 23:55:33,870] Trial 1509 finished with value: 0.41123278143751635 and parameters: {'window_ms': 220, 'overlap': 0.6000000000000001, 'freq_low_hz': 1200, 'freq_high_hz': 1700}. Best is trial 1216 with value: 0.4161157870952521.
[I 2026-03-10 23:55:35,554] Trial 1510 finished with value: 0.3835087494215318 and parameters: {'window_ms': 220, 'overlap': 0.6000000000000001, 'freq_low_hz': 1150, 'freq_high_hz': 1650}. Best is trial 1216 with value: 0.4161157870952521.
[I 2026-03-10 23:55:36,946] Trial 1511 finished with value: 0.38184501948044713 and parameters: {'window_ms': 205, 'overlap': 0.6000000000000001, 'freq_low_hz': 1200, 'freq_high_hz': 1700}. Best is trial 1216 with value: 0.4161157870952521.
[I 2026-03-10 23:55:40,419] Trial 1512 finished with value: 0.40507301805984236 and parameters: {'window_ms': 215, 'overlap': 0.6000000000000001, 'freq_low_hz': 1200, 'freq_high_hz': 1700}. Best is trial 1216 with value: 0.4161157870952521.
[I 2026-03-10 23:55:42,862] Trial 1513 finished with value: 0.38407531498396236 and parameters: {'window_ms': 205, 'overlap': 0.6000000000000001, 'freq_low_hz': 1150, 'freq_high_hz': 1650}. Best is trial 1216 with value: 0.4161157870952521.
[I 2026-03-10 23:55:43,934] Trial 1494 finished with value: 0.3535674131276444 and parameters: {'window_ms': 245, 'overlap': 0.65, 'freq_low_hz': 1200, 'freq_high_hz': 5100}. Best is trial 1216 with value: 0.4161157870952521.
[I 2026-03-10 23:55:44,231] Trial 1514 finished with value: 0.38418475692578785 and parameters: {'window_ms': 215, 'overlap': 0.7, 'freq_low_hz': 1150, 'freq_high_hz': 1650}. Best is trial 1216 with value: 0.4161157870952521.
[I 2026-03-10 23:55:44,751] Trial 1515 finished with value: 0.3702655636687256 and parameters: {'window_ms': 205, 'overlap': 0.7, 'freq_low_hz': 1100, 'freq_high_hz': 1600}. Best is trial 1216 with value: 0.4161157870952521.
[I 2026-03-10 23:55:54,960] Trial 1518 finished with value: 0.38418475692578785 and parameters: {'window_ms': 215, 'overlap': 0.7, 'freq_low_hz': 1150, 'freq_high_hz': 1650}. Best is trial 1216 with value: 0.4161157870952521.
[I 2026-03-10 23:55:58,019] Trial 1519 finished with value: 0.39189080150035704 and parameters: {'window_ms': 205, 'overlap': 0.7, 'freq_low_hz': 1150, 'freq_high_hz': 1950}. Best is trial 1216 with value: 0.4161157870952521.
[I 2026-03-10 23:55:58,707] Trial 1516 finished with value: 0.37955470083962767 and parameters: {'window_ms': 205, 'overlap': 0.7, 'freq_low_hz': 550, 'freq_high_hz': 1600}. Best is trial 1216 with value: 0.4161157870952521.
[I 2026-03-10 23:56:04,019] Trial 1521 finished with value: 0.39189080150035704 and parameters: {'window_ms': 205, 'overlap': 0.7, 'freq_low_hz': 1150, 'freq_high_hz': 1950}. Best is trial 1216 with value: 0.4161157870952521.
[I 2026-03-10 23:56:04,151] Trial 1517 finished with value: 0.3630576797461278 and parameters: {'window_ms': 220, 'overlap': 0.7, 'freq_low_hz': 900, 'freq_high_hz': 2400}. Best is trial 1216 with value: 0.4161157870952521.
[I 2026-03-10 23:56:05,377] Trial 1520 finished with value: 0.36341352976251 and parameters: {'window_ms': 205, 'overlap': 0.7, 'freq_low_hz': 1150, 'freq_high_hz': 2350}. Best is trial 1216 with value: 0.4161157870952521.
Wrote Optuna tuning outputs to localization/tuning/results/respeaker_v3_optuna_launches/20260310_225541/srp_phat/20260310_225542
