[I 2026-03-10 22:55:42,723] A new study created in RDB with name: respeaker_v3_srp_phat
[I 2026-03-10 22:55:55,526] Trial 0 finished with value: 0.3388535541908553 and parameters: {'window_ms': 30, 'overlap': 0.5, 'freq_low_hz': 200, 'freq_high_hz': 3000}. Best is trial 0 with value: 0.3388535541908553.
[I 2026-03-10 22:55:58,990] Trial 6 finished with value: 0.35054742292014396 and parameters: {'window_ms': 110, 'overlap': 0.6000000000000001, 'freq_low_hz': 350, 'freq_high_hz': 2200}. Best is trial 6 with value: 0.35054742292014396.
[I 2026-03-10 22:56:00,316] Trial 8 finished with value: 0.37054812847717616 and parameters: {'window_ms': 225, 'overlap': 0.3, 'freq_low_hz': 750, 'freq_high_hz': 2500}. Best is trial 8 with value: 0.37054812847717616.
[I 2026-03-10 22:56:04,207] Trial 1 finished with value: 0.3609966663991058 and parameters: {'window_ms': 235, 'overlap': 0.55, 'freq_low_hz': 900, 'freq_high_hz': 2800}. Best is trial 8 with value: 0.37054812847717616.
[I 2026-03-10 22:56:06,349] Trial 7 finished with value: 0.3581820121897214 and parameters: {'window_ms': 35, 'overlap': 0.35, 'freq_low_hz': 100, 'freq_high_hz': 5900}. Best is trial 8 with value: 0.37054812847717616.
[I 2026-03-10 22:56:08,146] Trial 5 finished with value: 0.33309559621876056 and parameters: {'window_ms': 55, 'overlap': 0.35, 'freq_low_hz': 500, 'freq_high_hz': 5700}. Best is trial 8 with value: 0.37054812847717616.
[I 2026-03-10 22:56:12,944] Trial 11 finished with value: 0.34593655600939976 and parameters: {'window_ms': 30, 'overlap': 0.4, 'freq_low_hz': 1100, 'freq_high_hz': 5100}. Best is trial 8 with value: 0.37054812847717616.
[I 2026-03-10 22:56:14,565] Trial 9 finished with value: 0.3645266149072562 and parameters: {'window_ms': 155, 'overlap': 0.3, 'freq_low_hz': 300, 'freq_high_hz': 5800}. Best is trial 8 with value: 0.37054812847717616.
[I 2026-03-10 22:56:15,265] Trial 2 finished with value: 0.3610444506232386 and parameters: {'window_ms': 230, 'overlap': 0.45, 'freq_low_hz': 250, 'freq_high_hz': 4100}. Best is trial 8 with value: 0.37054812847717616.
[I 2026-03-10 22:56:17,994] Trial 14 finished with value: 0.36449336485648454 and parameters: {'window_ms': 240, 'overlap': 0.45, 'freq_low_hz': 600, 'freq_high_hz': 1600}. Best is trial 8 with value: 0.37054812847717616.
[I 2026-03-10 22:56:20,509] Trial 3 finished with value: 0.3469114509754085 and parameters: {'window_ms': 195, 'overlap': 0.8, 'freq_low_hz': 400, 'freq_high_hz': 2900}. Best is trial 8 with value: 0.37054812847717616.
[I 2026-03-10 22:56:24,653] Trial 18 finished with value: 0.37766917766540026 and parameters: {'window_ms': 230, 'overlap': 0.4, 'freq_low_hz': 850, 'freq_high_hz': 1700}. Best is trial 18 with value: 0.37766917766540026.
[I 2026-03-10 22:56:25,157] Trial 16 finished with value: 0.3942375118427409 and parameters: {'window_ms': 210, 'overlap': 0.45, 'freq_low_hz': 550, 'freq_high_hz': 1800}. Best is trial 16 with value: 0.3942375118427409.
[I 2026-03-10 22:56:31,245] Trial 17 finished with value: 0.33247358828848167 and parameters: {'window_ms': 195, 'overlap': 0.25, 'freq_low_hz': 350, 'freq_high_hz': 3100}. Best is trial 16 with value: 0.3942375118427409.
[I 2026-03-10 22:56:33,669] Trial 22 finished with value: 0.3548963525166295 and parameters: {'window_ms': 180, 'overlap': 0.65, 'freq_low_hz': 800, 'freq_high_hz': 1500}. Best is trial 16 with value: 0.3942375118427409.
[I 2026-03-10 22:56:35,710] Trial 21 finished with value: 0.3654365013018696 and parameters: {'window_ms': 180, 'overlap': 0.7, 'freq_low_hz': 750, 'freq_high_hz': 1600}. Best is trial 16 with value: 0.3942375118427409.
[I 2026-03-10 22:56:38,115] Trial 12 finished with value: 0.3605391398575853 and parameters: {'window_ms': 175, 'overlap': 0.75, 'freq_low_hz': 650, 'freq_high_hz': 3900}. Best is trial 16 with value: 0.3942375118427409.
[I 2026-03-10 22:56:40,327] Trial 20 finished with value: 0.3534256543562415 and parameters: {'window_ms': 170, 'overlap': 0.25, 'freq_low_hz': 800, 'freq_high_hz': 4100}. Best is trial 16 with value: 0.3942375118427409.
[I 2026-03-10 22:56:40,753] Trial 23 finished with value: 0.3670745829430712 and parameters: {'window_ms': 150, 'overlap': 0.65, 'freq_low_hz': 800, 'freq_high_hz': 1600}. Best is trial 16 with value: 0.3942375118427409.
[I 2026-03-10 22:56:46,561] Trial 15 finished with value: 0.346116994512815 and parameters: {'window_ms': 125, 'overlap': 0.8, 'freq_low_hz': 550, 'freq_high_hz': 3300}. Best is trial 16 with value: 0.3942375118427409.
[I 2026-03-10 22:56:54,156] Trial 29 finished with value: 0.34779416312757006 and parameters: {'window_ms': 95, 'overlap': 0.5, 'freq_low_hz': 1050, 'freq_high_hz': 2200}. Best is trial 16 with value: 0.3942375118427409.
[I 2026-03-10 22:56:54,629] Trial 4 finished with value: 0.33094144244263307 and parameters: {'window_ms': 90, 'overlap': 0.8500000000000001, 'freq_low_hz': 350, 'freq_high_hz': 4700}. Best is trial 16 with value: 0.3942375118427409.
[I 2026-03-10 22:56:58,436] Trial 27 finished with value: 0.36405243551623084 and parameters: {'window_ms': 115, 'overlap': 0.9, 'freq_low_hz': 1050, 'freq_high_hz': 2000}. Best is trial 16 with value: 0.3942375118427409.
[I 2026-03-10 22:56:59,384] Trial 26 finished with value: 0.3636594511565673 and parameters: {'window_ms': 130, 'overlap': 0.9, 'freq_low_hz': 1000, 'freq_high_hz': 2100}. Best is trial 16 with value: 0.3942375118427409.
[I 2026-03-10 22:56:59,951] Trial 24 finished with value: 0.354316004325504 and parameters: {'window_ms': 115, 'overlap': 0.7, 'freq_low_hz': 1000, 'freq_high_hz': 3800}. Best is trial 16 with value: 0.3942375118427409.
[I 2026-03-10 22:57:01,196] Trial 28 finished with value: 0.3629965056470333 and parameters: {'window_ms': 110, 'overlap': 0.9, 'freq_low_hz': 1050, 'freq_high_hz': 2200}. Best is trial 16 with value: 0.3942375118427409.
[I 2026-03-10 22:57:05,595] Trial 19 finished with value: 0.3608873993739853 and parameters: {'window_ms': 180, 'overlap': 0.8, 'freq_low_hz': 850, 'freq_high_hz': 4100}. Best is trial 16 with value: 0.3942375118427409.
[I 2026-03-10 22:57:06,190] Trial 30 finished with value: 0.36404297152521403 and parameters: {'window_ms': 220, 'overlap': 0.35, 'freq_low_hz': 950, 'freq_high_hz': 2200}. Best is trial 16 with value: 0.3942375118427409.
[I 2026-03-10 22:57:06,589] Trial 31 finished with value: 0.3634576357277936 and parameters: {'window_ms': 215, 'overlap': 0.35, 'freq_low_hz': 950, 'freq_high_hz': 2200}. Best is trial 16 with value: 0.3942375118427409.
[I 2026-03-10 22:57:09,475] Trial 13 finished with value: 0.3542109212480266 and parameters: {'window_ms': 215, 'overlap': 0.9, 'freq_low_hz': 650, 'freq_high_hz': 3100}. Best is trial 16 with value: 0.3942375118427409.
[I 2026-03-10 22:57:11,217] Trial 10 finished with value: 0.36191571412896767 and parameters: {'window_ms': 205, 'overlap': 0.8500000000000001, 'freq_low_hz': 1000, 'freq_high_hz': 5300}. Best is trial 16 with value: 0.3942375118427409.
[I 2026-03-10 22:57:11,289] Trial 32 finished with value: 0.35722637035495736 and parameters: {'window_ms': 215, 'overlap': 0.35, 'freq_low_hz': 950, 'freq_high_hz': 2500}. Best is trial 16 with value: 0.3942375118427409.
[I 2026-03-10 22:57:12,277] Trial 34 finished with value: 0.3707765355866161 and parameters: {'window_ms': 210, 'overlap': 0.35, 'freq_low_hz': 1200, 'freq_high_hz': 2600}. Best is trial 16 with value: 0.3942375118427409.
[I 2026-03-10 22:57:12,410] Trial 33 finished with value: 0.35707982547420714 and parameters: {'window_ms': 210, 'overlap': 0.35, 'freq_low_hz': 900, 'freq_high_hz': 2600}. Best is trial 16 with value: 0.3942375118427409.
[I 2026-03-10 22:57:15,990] Trial 35 finished with value: 0.35693153958039403 and parameters: {'window_ms': 215, 'overlap': 0.4, 'freq_low_hz': 700, 'freq_high_hz': 2500}. Best is trial 16 with value: 0.3942375118427409.
[I 2026-03-10 22:57:20,360] Trial 37 finished with value: 0.34748440997119295 and parameters: {'window_ms': 250, 'overlap': 0.45, 'freq_low_hz': 700, 'freq_high_hz': 2600}. Best is trial 16 with value: 0.3942375118427409.
[I 2026-03-10 22:57:20,378] Trial 36 finished with value: 0.3472952019604459 and parameters: {'window_ms': 215, 'overlap': 0.35, 'freq_low_hz': 500, 'freq_high_hz': 2600}. Best is trial 16 with value: 0.3942375118427409.
[I 2026-03-10 22:57:20,550] Trial 43 finished with value: 0.38683519847537373 and parameters: {'window_ms': 250, 'overlap': 0.45, 'freq_low_hz': 1200, 'freq_high_hz': 1900}. Best is trial 16 with value: 0.3942375118427409.
[I 2026-03-10 22:57:21,587] Trial 38 finished with value: 0.34748440997119295 and parameters: {'window_ms': 250, 'overlap': 0.45, 'freq_low_hz': 700, 'freq_high_hz': 2600}. Best is trial 16 with value: 0.3942375118427409.
[I 2026-03-10 22:57:21,832] Trial 41 finished with value: 0.3751186958211096 and parameters: {'window_ms': 245, 'overlap': 0.55, 'freq_low_hz': 750, 'freq_high_hz': 1800}. Best is trial 16 with value: 0.3942375118427409.
[I 2026-03-10 22:57:22,759] Trial 40 finished with value: 0.3321613154228939 and parameters: {'window_ms': 150, 'overlap': 0.55, 'freq_low_hz': 1200, 'freq_high_hz': 2700}. Best is trial 16 with value: 0.3942375118427409.
/home/mkeller/mkeller/signal-processing-research/localization/tuning/run_optuna_respeaker_v3.py:97: UserWarning: The distribution is specified by [1550, 6000] and step=100, but the range is not divisible by `step`. It will be replaced with [1550, 5950].
  freq_high_hz = trial.suggest_int("freq_high_hz", min_high, 6000, step=100)
[I 2026-03-10 22:57:23,418] Trial 44 finished with value: 0.37873351748173983 and parameters: {'window_ms': 250, 'overlap': 0.5, 'freq_low_hz': 1200, 'freq_high_hz': 1900}. Best is trial 16 with value: 0.3942375118427409.
/home/mkeller/mkeller/signal-processing-research/localization/tuning/run_optuna_respeaker_v3.py:97: UserWarning: The distribution is specified by [1550, 6000] and step=100, but the range is not divisible by `step`. It will be replaced with [1550, 5950].
  freq_high_hz = trial.suggest_int("freq_high_hz", min_high, 6000, step=100)
[I 2026-03-10 22:57:24,278] Trial 39 finished with value: 0.35700335385382065 and parameters: {'window_ms': 245, 'overlap': 0.45, 'freq_low_hz': 500, 'freq_high_hz': 2600}. Best is trial 16 with value: 0.3942375118427409.
/home/mkeller/mkeller/signal-processing-research/localization/tuning/run_optuna_respeaker_v3.py:97: UserWarning: The distribution is specified by [1550, 6000] and step=100, but the range is not divisible by `step`. It will be replaced with [1550, 5950].
  freq_high_hz = trial.suggest_int("freq_high_hz", min_high, 6000, step=100)
[I 2026-03-10 22:57:27,409] Trial 42 finished with value: 0.37072158137202915 and parameters: {'window_ms': 250, 'overlap': 0.45, 'freq_low_hz': 450, 'freq_high_hz': 2600}. Best is trial 16 with value: 0.3942375118427409.
/home/mkeller/mkeller/signal-processing-research/localization/tuning/run_optuna_respeaker_v3.py:97: UserWarning: The distribution is specified by [1550, 6000] and step=100, but the range is not divisible by `step`. It will be replaced with [1550, 5950].
  freq_high_hz = trial.suggest_int("freq_high_hz", min_high, 6000, step=100)
[I 2026-03-10 22:57:27,600] Trial 45 finished with value: 0.4085866664043679 and parameters: {'window_ms': 240, 'overlap': 0.5, 'freq_low_hz': 1200, 'freq_high_hz': 1800}. Best is trial 45 with value: 0.4085866664043679.
[I 2026-03-10 22:57:28,794] Trial 47 finished with value: 0.39336357709198766 and parameters: {'window_ms': 250, 'overlap': 0.55, 'freq_low_hz': 1200, 'freq_high_hz': 1900}. Best is trial 45 with value: 0.4085866664043679.
/home/mkeller/mkeller/signal-processing-research/localization/tuning/run_optuna_respeaker_v3.py:97: UserWarning: The distribution is specified by [1550, 6000] and step=100, but the range is not divisible by `step`. It will be replaced with [1550, 5950].
  freq_high_hz = trial.suggest_int("freq_high_hz", min_high, 6000, step=100)
[I 2026-03-10 22:57:29,800] Trial 48 finished with value: 0.37860633928034265 and parameters: {'window_ms': 235, 'overlap': 0.55, 'freq_low_hz': 1200, 'freq_high_hz': 1900}. Best is trial 45 with value: 0.4085866664043679.
/home/mkeller/mkeller/signal-processing-research/localization/tuning/run_optuna_respeaker_v3.py:97: UserWarning: The distribution is specified by [1550, 6000] and step=100, but the range is not divisible by `step`. It will be replaced with [1550, 5950].
  freq_high_hz = trial.suggest_int("freq_high_hz", min_high, 6000, step=100)
[I 2026-03-10 22:57:29,916] Trial 50 finished with value: 0.38350075079723234 and parameters: {'window_ms': 235, 'overlap': 0.5, 'freq_low_hz': 1150, 'freq_high_hz': 1850}. Best is trial 45 with value: 0.4085866664043679.
[I 2026-03-10 22:57:30,966] Trial 51 finished with value: 0.38350075079723234 and parameters: {'window_ms': 235, 'overlap': 0.5, 'freq_low_hz': 1150, 'freq_high_hz': 1850}. Best is trial 45 with value: 0.4085866664043679.
[I 2026-03-10 22:57:31,859] Trial 49 finished with value: 0.3988156224555723 and parameters: {'window_ms': 235, 'overlap': 0.55, 'freq_low_hz': 550, 'freq_high_hz': 1800}. Best is trial 45 with value: 0.4085866664043679.
[I 2026-03-10 22:57:31,978] Trial 52 finished with value: 0.3774769881362164 and parameters: {'window_ms': 230, 'overlap': 0.5, 'freq_low_hz': 1150, 'freq_high_hz': 1850}. Best is trial 45 with value: 0.4085866664043679.
[I 2026-03-10 22:57:33,759] Trial 25 finished with value: 0.3604151988961003 and parameters: {'window_ms': 115, 'overlap': 0.9, 'freq_low_hz': 1000, 'freq_high_hz': 4000}. Best is trial 45 with value: 0.4085866664043679.
[I 2026-03-10 22:57:34,517] Trial 46 finished with value: 0.3754152383618095 and parameters: {'window_ms': 235, 'overlap': 0.5, 'freq_low_hz': 1200, 'freq_high_hz': 3500}. Best is trial 45 with value: 0.4085866664043679.
[I 2026-03-10 22:57:35,155] Trial 53 finished with value: 0.3774769881362164 and parameters: {'window_ms': 230, 'overlap': 0.5, 'freq_low_hz': 1150, 'freq_high_hz': 1850}. Best is trial 45 with value: 0.4085866664043679.
[I 2026-03-10 22:57:35,386] Trial 54 finished with value: 0.393283222569277 and parameters: {'window_ms': 230, 'overlap': 0.5, 'freq_low_hz': 1200, 'freq_high_hz': 1900}. Best is trial 45 with value: 0.4085866664043679.
[I 2026-03-10 22:57:36,313] Trial 55 finished with value: 0.38350075079723234 and parameters: {'window_ms': 235, 'overlap': 0.5, 'freq_low_hz': 1150, 'freq_high_hz': 1850}. Best is trial 45 with value: 0.4085866664043679.
[I 2026-03-10 22:57:36,705] Trial 56 finished with value: 0.3824681636554262 and parameters: {'window_ms': 195, 'overlap': 0.5, 'freq_low_hz': 1150, 'freq_high_hz': 1850}. Best is trial 45 with value: 0.4085866664043679.
[I 2026-03-10 22:57:37,809] Trial 58 finished with value: 0.3641507101810081 and parameters: {'window_ms': 195, 'overlap': 0.6000000000000001, 'freq_low_hz': 1100, 'freq_high_hz': 1500}. Best is trial 45 with value: 0.4085866664043679.
[I 2026-03-10 22:57:38,643] Trial 60 finished with value: 0.3641507101810081 and parameters: {'window_ms': 195, 'overlap': 0.6000000000000001, 'freq_low_hz': 1100, 'freq_high_hz': 1500}. Best is trial 45 with value: 0.4085866664043679.
[I 2026-03-10 22:57:40,248] Trial 61 finished with value: 0.35738791202762826 and parameters: {'window_ms': 200, 'overlap': 0.6000000000000001, 'freq_low_hz': 1100, 'freq_high_hz': 1500}. Best is trial 45 with value: 0.4085866664043679.
[I 2026-03-10 22:57:42,208] Trial 63 finished with value: 0.35738791202762826 and parameters: {'window_ms': 200, 'overlap': 0.6000000000000001, 'freq_low_hz': 1100, 'freq_high_hz': 1500}. Best is trial 45 with value: 0.4085866664043679.
[I 2026-03-10 22:57:42,518] Trial 57 finished with value: 0.3608022875147834 and parameters: {'window_ms': 200, 'overlap': 0.6000000000000001, 'freq_low_hz': 1150, 'freq_high_hz': 2950}. Best is trial 45 with value: 0.4085866664043679.
[I 2026-03-10 22:57:42,747] Trial 64 finished with value: 0.34637029665141267 and parameters: {'window_ms': 70, 'overlap': 0.6000000000000001, 'freq_low_hz': 600, 'freq_high_hz': 1500}. Best is trial 45 with value: 0.4085866664043679.
[I 2026-03-10 22:57:44,414] Trial 65 finished with value: 0.37599157224042684 and parameters: {'window_ms': 195, 'overlap': 0.6000000000000001, 'freq_low_hz': 600, 'freq_high_hz': 1500}. Best is trial 45 with value: 0.4085866664043679.
[I 2026-03-10 22:57:46,065] Trial 66 finished with value: 0.36042168300219957 and parameters: {'window_ms': 200, 'overlap': 0.6000000000000001, 'freq_low_hz': 550, 'freq_high_hz': 1500}. Best is trial 45 with value: 0.4085866664043679.
[I 2026-03-10 22:57:47,084] Trial 62 finished with value: 0.3608115890851978 and parameters: {'window_ms': 200, 'overlap': 0.6000000000000001, 'freq_low_hz': 1100, 'freq_high_hz': 2900}. Best is trial 45 with value: 0.4085866664043679.
[I 2026-03-10 22:57:47,353] Trial 68 finished with value: 0.3244564091598586 and parameters: {'window_ms': 10, 'overlap': 0.4, 'freq_low_hz': 600, 'freq_high_hz': 2900}. Best is trial 45 with value: 0.4085866664043679.
[I 2026-03-10 22:57:50,659] Trial 59 finished with value: 0.3615907160659473 and parameters: {'window_ms': 200, 'overlap': 0.6000000000000001, 'freq_low_hz': 250, 'freq_high_hz': 3500}. Best is trial 45 with value: 0.4085866664043679.
[I 2026-03-10 22:57:50,954] Trial 71 finished with value: 0.34863549415662515 and parameters: {'window_ms': 10, 'overlap': 0.4, 'freq_low_hz': 600, 'freq_high_hz': 2400}. Best is trial 45 with value: 0.4085866664043679.
[I 2026-03-10 22:57:51,921] Trial 70 finished with value: 0.3383776411325328 and parameters: {'window_ms': 10, 'overlap': 0.55, 'freq_low_hz': 600, 'freq_high_hz': 2300}. Best is trial 45 with value: 0.4085866664043679.
[I 2026-03-10 22:57:52,301] Trial 67 finished with value: 0.3706623102131739 and parameters: {'window_ms': 225, 'overlap': 0.6000000000000001, 'freq_low_hz': 600, 'freq_high_hz': 2400}. Best is trial 45 with value: 0.4085866664043679.
[I 2026-03-10 22:57:53,558] Trial 69 finished with value: 0.3468858493721987 and parameters: {'window_ms': 165, 'overlap': 0.4, 'freq_low_hz': 600, 'freq_high_hz': 2900}. Best is trial 45 with value: 0.4085866664043679.
[I 2026-03-10 22:57:56,810] Trial 72 finished with value: 0.36322453509758057 and parameters: {'window_ms': 240, 'overlap': 0.4, 'freq_low_hz': 150, 'freq_high_hz': 2300}. Best is trial 45 with value: 0.4085866664043679.
[I 2026-03-10 22:57:56,909] Trial 73 finished with value: 0.3629530168328741 and parameters: {'window_ms': 225, 'overlap': 0.4, 'freq_low_hz': 400, 'freq_high_hz': 2300}. Best is trial 45 with value: 0.4085866664043679.
[I 2026-03-10 22:57:59,886] Trial 74 finished with value: 0.3629530168328741 and parameters: {'window_ms': 225, 'overlap': 0.4, 'freq_low_hz': 400, 'freq_high_hz': 2300}. Best is trial 45 with value: 0.4085866664043679.
[I 2026-03-10 22:57:59,991] Trial 80 finished with value: 0.4037444520023498 and parameters: {'window_ms': 240, 'overlap': 0.45, 'freq_low_hz': 1050, 'freq_high_hz': 1700}. Best is trial 45 with value: 0.4085866664043679.
[I 2026-03-10 22:58:00,551] Trial 75 finished with value: 0.36291673314540107 and parameters: {'window_ms': 225, 'overlap': 0.4, 'freq_low_hz': 350, 'freq_high_hz': 2300}. Best is trial 45 with value: 0.4085866664043679.
[I 2026-03-10 22:58:05,224] Trial 83 finished with value: 0.39060472573957383 and parameters: {'window_ms': 240, 'overlap': 0.65, 'freq_low_hz': 1050, 'freq_high_hz': 1700}. Best is trial 45 with value: 0.4085866664043679.
[I 2026-03-10 22:58:05,830] Trial 78 finished with value: 0.36378499939793224 and parameters: {'window_ms': 225, 'overlap': 0.65, 'freq_low_hz': 550, 'freq_high_hz': 2100}. Best is trial 45 with value: 0.4085866664043679.
[I 2026-03-10 22:58:05,864] Trial 77 finished with value: 0.3629991448683096 and parameters: {'window_ms': 240, 'overlap': 0.55, 'freq_low_hz': 450, 'freq_high_hz': 2300}. Best is trial 45 with value: 0.4085866664043679.
[I 2026-03-10 22:58:07,217] Trial 85 finished with value: 0.4037444520023498 and parameters: {'window_ms': 240, 'overlap': 0.45, 'freq_low_hz': 1050, 'freq_high_hz': 1700}. Best is trial 45 with value: 0.4085866664043679.
[I 2026-03-10 22:58:07,716] Trial 81 finished with value: 0.3780433466330776 and parameters: {'window_ms': 240, 'overlap': 0.45, 'freq_low_hz': 100, 'freq_high_hz': 2000}. Best is trial 45 with value: 0.4085866664043679.
[I 2026-03-10 22:58:08,226] Trial 86 finished with value: 0.4037444520023498 and parameters: {'window_ms': 240, 'overlap': 0.45, 'freq_low_hz': 1050, 'freq_high_hz': 1700}. Best is trial 45 with value: 0.4085866664043679.
[I 2026-03-10 22:58:08,362] Trial 79 finished with value: 0.36556933884908915 and parameters: {'window_ms': 225, 'overlap': 0.65, 'freq_low_hz': 400, 'freq_high_hz': 2100}. Best is trial 45 with value: 0.4085866664043679.
[I 2026-03-10 22:58:08,427] Trial 84 finished with value: 0.4037444520023498 and parameters: {'window_ms': 240, 'overlap': 0.45, 'freq_low_hz': 1050, 'freq_high_hz': 1700}. Best is trial 45 with value: 0.4085866664043679.
[I 2026-03-10 22:58:13,399] Trial 89 finished with value: 0.38303270978553106 and parameters: {'window_ms': 245, 'overlap': 0.45, 'freq_low_hz': 1050, 'freq_high_hz': 1700}. Best is trial 45 with value: 0.4085866664043679.
[I 2026-03-10 22:58:13,561] Trial 88 finished with value: 0.36221732630571996 and parameters: {'window_ms': 245, 'overlap': 0.45, 'freq_low_hz': 1000, 'freq_high_hz': 1700}. Best is trial 45 with value: 0.4085866664043679.
[I 2026-03-10 22:58:14,837] Trial 90 finished with value: 0.38303270978553106 and parameters: {'window_ms': 245, 'overlap': 0.45, 'freq_low_hz': 1050, 'freq_high_hz': 1700}. Best is trial 45 with value: 0.4085866664043679.
[I 2026-03-10 22:58:15,192] Trial 91 finished with value: 0.38303270978553106 and parameters: {'window_ms': 245, 'overlap': 0.45, 'freq_low_hz': 1050, 'freq_high_hz': 1700}. Best is trial 45 with value: 0.4085866664043679.
