[I 2026-03-10 23:39:18,326] Trial 1150 finished with value: 0.3860207728850932 and parameters: {'window_ms': 215, 'overlap': 0.65, 'freq_low_hz': 1200, 'freq_high_hz': 1900}. Best is trial 628 with value: 0.414949757177793.
[I 2026-03-10 23:39:19,778] Trial 1142 finished with value: 0.3614232501939513 and parameters: {'window_ms': 235, 'overlap': 0.65, 'freq_low_hz': 1200, 'freq_high_hz': 3700}. Best is trial 628 with value: 0.414949757177793.
[I 2026-03-10 23:39:29,807] Trial 1152 finished with value: 0.3782590305628165 and parameters: {'window_ms': 245, 'overlap': 0.7, 'freq_low_hz': 1050, 'freq_high_hz': 2000}. Best is trial 628 with value: 0.414949757177793.
[I 2026-03-10 23:39:33,602] Trial 1144 finished with value: 0.361428981514146 and parameters: {'window_ms': 235, 'overlap': 0.7, 'freq_low_hz': 1200, 'freq_high_hz': 3700}. Best is trial 628 with value: 0.414949757177793.
[I 2026-03-10 23:39:33,691] Trial 1153 finished with value: 0.3830645843236712 and parameters: {'window_ms': 245, 'overlap': 0.7, 'freq_low_hz': 1200, 'freq_high_hz': 1900}. Best is trial 628 with value: 0.414949757177793.
[I 2026-03-10 23:39:36,255] Trial 1154 finished with value: 0.3917178184231042 and parameters: {'window_ms': 210, 'overlap': 0.65, 'freq_low_hz': 1050, 'freq_high_hz': 2000}. Best is trial 628 with value: 0.414949757177793.
[I 2026-03-10 23:39:39,983] Trial 1156 finished with value: 0.38234791459215123 and parameters: {'window_ms': 10, 'overlap': 0.65, 'freq_low_hz': 1200, 'freq_high_hz': 1800}. Best is trial 628 with value: 0.414949757177793.
[I 2026-03-10 23:39:41,305] Trial 1155 finished with value: 0.39594111832581175 and parameters: {'window_ms': 210, 'overlap': 0.65, 'freq_low_hz': 1200, 'freq_high_hz': 1900}. Best is trial 628 with value: 0.414949757177793.
[I 2026-03-10 23:39:43,489] Trial 1149 finished with value: 0.35434016093768833 and parameters: {'window_ms': 105, 'overlap': 0.7, 'freq_low_hz': 1200, 'freq_high_hz': 3700}. Best is trial 628 with value: 0.414949757177793.
[I 2026-03-10 23:39:47,845] Trial 1146 finished with value: 0.3608919736635427 and parameters: {'window_ms': 235, 'overlap': 0.7, 'freq_low_hz': 1200, 'freq_high_hz': 4200}. Best is trial 628 with value: 0.414949757177793.
[I 2026-03-10 23:39:49,925] Trial 1158 finished with value: 0.40685457469687014 and parameters: {'window_ms': 210, 'overlap': 0.5, 'freq_low_hz': 1200, 'freq_high_hz': 1800}. Best is trial 628 with value: 0.414949757177793.
[I 2026-03-10 23:39:58,021] Trial 1159 finished with value: 0.4017026830598396 and parameters: {'window_ms': 225, 'overlap': 0.5, 'freq_low_hz': 1150, 'freq_high_hz': 1850}. Best is trial 628 with value: 0.414949757177793.
[I 2026-03-10 23:40:03,263] Trial 1162 finished with value: 0.37984524957448723 and parameters: {'window_ms': 225, 'overlap': 0.65, 'freq_low_hz': 1150, 'freq_high_hz': 1850}. Best is trial 628 with value: 0.414949757177793.
[I 2026-03-10 23:40:03,859] Trial 1160 finished with value: 0.37984524957448723 and parameters: {'window_ms': 225, 'overlap': 0.65, 'freq_low_hz': 1150, 'freq_high_hz': 1850}. Best is trial 628 with value: 0.414949757177793.
[I 2026-03-10 23:40:05,152] Trial 1147 finished with value: 0.36186105576989874 and parameters: {'window_ms': 215, 'overlap': 0.7, 'freq_low_hz': 1200, 'freq_high_hz': 5400}. Best is trial 628 with value: 0.414949757177793.
[I 2026-03-10 23:40:05,956] Trial 1164 finished with value: 0.37984524957448723 and parameters: {'window_ms': 225, 'overlap': 0.65, 'freq_low_hz': 1150, 'freq_high_hz': 1850}. Best is trial 628 with value: 0.414949757177793.
[I 2026-03-10 23:40:07,239] Trial 1163 finished with value: 0.37984524957448723 and parameters: {'window_ms': 225, 'overlap': 0.65, 'freq_low_hz': 1150, 'freq_high_hz': 1850}. Best is trial 628 with value: 0.414949757177793.
[I 2026-03-10 23:40:08,852] Trial 1157 finished with value: 0.3681962249792988 and parameters: {'window_ms': 245, 'overlap': 0.65, 'freq_low_hz': 1050, 'freq_high_hz': 3100}. Best is trial 628 with value: 0.414949757177793.
[I 2026-03-10 23:40:10,456] Trial 1166 finished with value: 0.4091921035999714 and parameters: {'window_ms': 225, 'overlap': 0.65, 'freq_low_hz': 1150, 'freq_high_hz': 1650}. Best is trial 628 with value: 0.414949757177793.
[I 2026-03-10 23:40:14,930] Trial 1161 finished with value: 0.3637120180100261 and parameters: {'window_ms': 225, 'overlap': 0.65, 'freq_low_hz': 750, 'freq_high_hz': 2200}. Best is trial 628 with value: 0.414949757177793.
[I 2026-03-10 23:40:15,410] Trial 1165 finished with value: 0.37984524957448723 and parameters: {'window_ms': 225, 'overlap': 0.65, 'freq_low_hz': 1150, 'freq_high_hz': 1850}. Best is trial 628 with value: 0.414949757177793.
[I 2026-03-10 23:40:22,486] Trial 1167 finished with value: 0.38367559577165034 and parameters: {'window_ms': 245, 'overlap': 0.65, 'freq_low_hz': 1150, 'freq_high_hz': 1650}. Best is trial 628 with value: 0.414949757177793.
[I 2026-03-10 23:40:24,217] Trial 1171 finished with value: 0.39192316222956536 and parameters: {'window_ms': 245, 'overlap': 0.3, 'freq_low_hz': 1150, 'freq_high_hz': 1650}. Best is trial 628 with value: 0.414949757177793.
[I 2026-03-10 23:40:26,340] Trial 1169 finished with value: 0.4045317359422826 and parameters: {'window_ms': 245, 'overlap': 0.65, 'freq_low_hz': 1200, 'freq_high_hz': 1700}. Best is trial 628 with value: 0.414949757177793.
[I 2026-03-10 23:40:26,712] Trial 1168 finished with value: 0.38367559577165034 and parameters: {'window_ms': 245, 'overlap': 0.65, 'freq_low_hz': 1150, 'freq_high_hz': 1650}. Best is trial 628 with value: 0.414949757177793.
[I 2026-03-10 23:40:30,083] Trial 1173 finished with value: 0.4025158594858789 and parameters: {'window_ms': 240, 'overlap': 0.65, 'freq_low_hz': 1200, 'freq_high_hz': 1700}. Best is trial 628 with value: 0.414949757177793.
[I 2026-03-10 23:40:32,458] Trial 1174 finished with value: 0.4045317359422826 and parameters: {'window_ms': 245, 'overlap': 0.65, 'freq_low_hz': 1200, 'freq_high_hz': 1700}. Best is trial 628 with value: 0.414949757177793.
[I 2026-03-10 23:40:37,258] Trial 1175 finished with value: 0.4045317359422826 and parameters: {'window_ms': 245, 'overlap': 0.65, 'freq_low_hz': 1200, 'freq_high_hz': 1700}. Best is trial 628 with value: 0.414949757177793.
[I 2026-03-10 23:40:37,555] Trial 1176 finished with value: 0.4045317359422826 and parameters: {'window_ms': 245, 'overlap': 0.65, 'freq_low_hz': 1200, 'freq_high_hz': 1700}. Best is trial 628 with value: 0.414949757177793.
[I 2026-03-10 23:40:42,572] Trial 1178 finished with value: 0.40679607990430966 and parameters: {'window_ms': 245, 'overlap': 0.6000000000000001, 'freq_low_hz': 1200, 'freq_high_hz': 1700}. Best is trial 628 with value: 0.414949757177793.
[I 2026-03-10 23:40:46,657] Trial 1180 finished with value: 0.410256527768278 and parameters: {'window_ms': 240, 'overlap': 0.6000000000000001, 'freq_low_hz': 1200, 'freq_high_hz': 1700}. Best is trial 628 with value: 0.414949757177793.
[I 2026-03-10 23:40:47,149] Trial 1179 finished with value: 0.38329664256772433 and parameters: {'window_ms': 235, 'overlap': 0.6000000000000001, 'freq_low_hz': 1200, 'freq_high_hz': 1700}. Best is trial 628 with value: 0.414949757177793.
[I 2026-03-10 23:40:52,320] Trial 1181 finished with value: 0.35050424183438933 and parameters: {'window_ms': 235, 'overlap': 0.6000000000000001, 'freq_low_hz': 1000, 'freq_high_hz': 1500}. Best is trial 628 with value: 0.414949757177793.
[I 2026-03-10 23:40:54,411] Trial 1182 finished with value: 0.3783243704629626 and parameters: {'window_ms': 235, 'overlap': 0.6000000000000001, 'freq_low_hz': 1200, 'freq_high_hz': 1800}. Best is trial 628 with value: 0.414949757177793.
[I 2026-03-10 23:40:56,233] Trial 1184 finished with value: 0.35050424183438933 and parameters: {'window_ms': 235, 'overlap': 0.6000000000000001, 'freq_low_hz': 1000, 'freq_high_hz': 1500}. Best is trial 628 with value: 0.414949757177793.
[I 2026-03-10 23:40:56,352] Trial 1170 finished with value: 0.3754933487525447 and parameters: {'window_ms': 245, 'overlap': 0.65, 'freq_low_hz': 1150, 'freq_high_hz': 3350}. Best is trial 628 with value: 0.414949757177793.
[I 2026-03-10 23:40:57,721] Trial 1183 finished with value: 0.35050424183438933 and parameters: {'window_ms': 235, 'overlap': 0.6000000000000001, 'freq_low_hz': 1000, 'freq_high_hz': 1500}. Best is trial 628 with value: 0.414949757177793.
[I 2026-03-10 23:40:57,801] Trial 1177 finished with value: 0.3833024030403062 and parameters: {'window_ms': 245, 'overlap': 0.9, 'freq_low_hz': 1200, 'freq_high_hz': 1700}. Best is trial 628 with value: 0.414949757177793.
[I 2026-03-10 23:41:00,682] Trial 1172 finished with value: 0.37448771068751646 and parameters: {'window_ms': 245, 'overlap': 0.65, 'freq_low_hz': 750, 'freq_high_hz': 3200}. Best is trial 628 with value: 0.414949757177793.
[I 2026-03-10 23:41:03,377] Trial 1185 finished with value: 0.35050424183438933 and parameters: {'window_ms': 235, 'overlap': 0.6000000000000001, 'freq_low_hz': 1000, 'freq_high_hz': 1500}. Best is trial 628 with value: 0.414949757177793.
[I 2026-03-10 23:41:07,497] Trial 1186 finished with value: 0.35050424183438933 and parameters: {'window_ms': 235, 'overlap': 0.6000000000000001, 'freq_low_hz': 1000, 'freq_high_hz': 1500}. Best is trial 628 with value: 0.414949757177793.
[I 2026-03-10 23:41:11,681] Trial 1187 finished with value: 0.4016762765066289 and parameters: {'window_ms': 235, 'overlap': 0.65, 'freq_low_hz': 1200, 'freq_high_hz': 1800}. Best is trial 628 with value: 0.414949757177793.
[I 2026-03-10 23:41:12,319] Trial 1189 finished with value: 0.3861536758091907 and parameters: {'window_ms': 220, 'overlap': 0.65, 'freq_low_hz': 1000, 'freq_high_hz': 1500}. Best is trial 628 with value: 0.414949757177793.
[I 2026-03-10 23:41:21,365] Trial 1193 finished with value: 0.3920314966903286 and parameters: {'window_ms': 220, 'overlap': 0.65, 'freq_low_hz': 1200, 'freq_high_hz': 2000}. Best is trial 628 with value: 0.414949757177793.
[I 2026-03-10 23:41:23,569] Trial 1192 finished with value: 0.3920314966903286 and parameters: {'window_ms': 220, 'overlap': 0.65, 'freq_low_hz': 1200, 'freq_high_hz': 2000}. Best is trial 628 with value: 0.414949757177793.
[I 2026-03-10 23:41:23,770] Trial 1191 finished with value: 0.3920314966903286 and parameters: {'window_ms': 220, 'overlap': 0.65, 'freq_low_hz': 1200, 'freq_high_hz': 2000}. Best is trial 628 with value: 0.414949757177793.
[I 2026-03-10 23:41:26,131] Trial 1190 finished with value: 0.39205019630573334 and parameters: {'window_ms': 240, 'overlap': 0.65, 'freq_low_hz': 1200, 'freq_high_hz': 2000}. Best is trial 628 with value: 0.414949757177793.
[I 2026-03-10 23:41:32,905] Trial 1195 finished with value: 0.3920314966903286 and parameters: {'window_ms': 220, 'overlap': 0.65, 'freq_low_hz': 1200, 'freq_high_hz': 2000}. Best is trial 628 with value: 0.414949757177793.
[I 2026-03-10 23:41:38,729] Trial 1196 finished with value: 0.3920314966903286 and parameters: {'window_ms': 220, 'overlap': 0.65, 'freq_low_hz': 1200, 'freq_high_hz': 2000}. Best is trial 628 with value: 0.414949757177793.
[I 2026-03-10 23:41:43,766] Trial 1199 finished with value: 0.3662782907332882 and parameters: {'window_ms': 125, 'overlap': 0.65, 'freq_low_hz': 1200, 'freq_high_hz': 1900}. Best is trial 628 with value: 0.414949757177793.
[I 2026-03-10 23:41:45,035] Trial 1200 finished with value: 0.38026397867826844 and parameters: {'window_ms': 120, 'overlap': 0.65, 'freq_low_hz': 1200, 'freq_high_hz': 1900}. Best is trial 628 with value: 0.414949757177793.
[I 2026-03-10 23:41:52,339] Trial 1194 finished with value: 0.3537856236675793 and parameters: {'window_ms': 220, 'overlap': 0.65, 'freq_low_hz': 1200, 'freq_high_hz': 3900}. Best is trial 628 with value: 0.414949757177793.
[I 2026-03-10 23:41:52,939] Trial 1198 finished with value: 0.3663898375717365 and parameters: {'window_ms': 240, 'overlap': 0.65, 'freq_low_hz': 550, 'freq_high_hz': 2000}. Best is trial 628 with value: 0.414949757177793.
[I 2026-03-10 23:41:57,870] Trial 1188 finished with value: 0.34013490476269614 and parameters: {'window_ms': 235, 'overlap': 0.65, 'freq_low_hz': 1000, 'freq_high_hz': 4500}. Best is trial 628 with value: 0.414949757177793.
[I 2026-03-10 23:41:59,851] Trial 1203 finished with value: 0.37947769015238547 and parameters: {'window_ms': 230, 'overlap': 0.65, 'freq_low_hz': 1150, 'freq_high_hz': 1850}. Best is trial 628 with value: 0.414949757177793.
[I 2026-03-10 23:42:04,414] Trial 1204 finished with value: 0.37947769015238547 and parameters: {'window_ms': 230, 'overlap': 0.65, 'freq_low_hz': 1150, 'freq_high_hz': 1850}. Best is trial 628 with value: 0.414949757177793.
[I 2026-03-10 23:42:07,298] Trial 1202 finished with value: 0.36401501984363505 and parameters: {'window_ms': 240, 'overlap': 0.65, 'freq_low_hz': 650, 'freq_high_hz': 2100}. Best is trial 628 with value: 0.414949757177793.
[I 2026-03-10 23:42:08,057] Trial 1201 finished with value: 0.3809949618638659 and parameters: {'window_ms': 240, 'overlap': 0.7, 'freq_low_hz': 650, 'freq_high_hz': 1900}. Best is trial 628 with value: 0.414949757177793.
[I 2026-03-10 23:42:08,350] Trial 1206 finished with value: 0.3704846275653114 and parameters: {'window_ms': 240, 'overlap': 0.65, 'freq_low_hz': 1100, 'freq_high_hz': 1600}. Best is trial 628 with value: 0.414949757177793.
[I 2026-03-10 23:42:13,288] Trial 1205 finished with value: 0.3639497972562174 and parameters: {'window_ms': 230, 'overlap': 0.7, 'freq_low_hz': 1100, 'freq_high_hz': 2100}. Best is trial 628 with value: 0.414949757177793.
[I 2026-03-10 23:42:14,051] Trial 1207 finished with value: 0.36989822633880487 and parameters: {'window_ms': 230, 'overlap': 0.7, 'freq_low_hz': 1100, 'freq_high_hz': 1600}. Best is trial 628 with value: 0.414949757177793.
[I 2026-03-10 23:42:14,156] Trial 1197 finished with value: 0.3605533324918038 and parameters: {'window_ms': 220, 'overlap': 0.65, 'freq_low_hz': 1200, 'freq_high_hz': 4000}. Best is trial 628 with value: 0.414949757177793.
[I 2026-03-10 23:42:22,941] Trial 1210 finished with value: 0.3821353433206968 and parameters: {'window_ms': 230, 'overlap': 0.7, 'freq_low_hz': 1150, 'freq_high_hz': 1750}. Best is trial 628 with value: 0.414949757177793.
[I 2026-03-10 23:42:23,235] Trial 1209 finished with value: 0.37968325289232313 and parameters: {'window_ms': 230, 'overlap': 0.7, 'freq_low_hz': 1150, 'freq_high_hz': 1850}. Best is trial 628 with value: 0.414949757177793.
[I 2026-03-10 23:42:25,867] Trial 1208 finished with value: 0.3639497972562174 and parameters: {'window_ms': 230, 'overlap': 0.7, 'freq_low_hz': 1100, 'freq_high_hz': 2100}. Best is trial 628 with value: 0.414949757177793.
[I 2026-03-10 23:42:27,731] Trial 1211 finished with value: 0.38225931817034187 and parameters: {'window_ms': 240, 'overlap': 0.7, 'freq_low_hz': 1150, 'freq_high_hz': 1750}. Best is trial 628 with value: 0.414949757177793.
[I 2026-03-10 23:42:29,060] Trial 1212 finished with value: 0.3836303308582108 and parameters: {'window_ms': 250, 'overlap': 0.7, 'freq_low_hz': 1100, 'freq_high_hz': 1600}. Best is trial 628 with value: 0.414949757177793.
[I 2026-03-10 23:42:31,395] Trial 1213 finished with value: 0.38304980038410635 and parameters: {'window_ms': 250, 'overlap': 0.7, 'freq_low_hz': 1150, 'freq_high_hz': 1750}. Best is trial 628 with value: 0.414949757177793.
[I 2026-03-10 23:42:31,551] Trial 1214 finished with value: 0.3821353433206968 and parameters: {'window_ms': 230, 'overlap': 0.7, 'freq_low_hz': 1150, 'freq_high_hz': 1750}. Best is trial 628 with value: 0.414949757177793.
[I 2026-03-10 23:42:35,791] Trial 1215 finished with value: 0.3567026290940296 and parameters: {'window_ms': 250, 'overlap': 0.7, 'freq_low_hz': 950, 'freq_high_hz': 1600}. Best is trial 628 with value: 0.414949757177793.
[I 2026-03-10 23:42:40,366] Trial 1217 finished with value: 0.378564595664414 and parameters: {'window_ms': 250, 'overlap': 0.65, 'freq_low_hz': 1050, 'freq_high_hz': 1800}. Best is trial 628 with value: 0.414949757177793.
[I 2026-03-10 23:42:43,169] Trial 1219 finished with value: 0.3744250741041797 and parameters: {'window_ms': 250, 'overlap': 0.65, 'freq_low_hz': 1050, 'freq_high_hz': 1600}. Best is trial 628 with value: 0.414949757177793.
[I 2026-03-10 23:42:45,734] Trial 1221 finished with value: 0.3744250741041797 and parameters: {'window_ms': 250, 'overlap': 0.65, 'freq_low_hz': 1050, 'freq_high_hz': 1600}. Best is trial 628 with value: 0.414949757177793.
[I 2026-03-10 23:42:46,846] Trial 1220 finished with value: 0.3744250741041797 and parameters: {'window_ms': 250, 'overlap': 0.65, 'freq_low_hz': 1050, 'freq_high_hz': 1600}. Best is trial 628 with value: 0.414949757177793.
[I 2026-03-10 23:42:48,939] Trial 1216 finished with value: 0.4161157870952521 and parameters: {'window_ms': 250, 'overlap': 0.65, 'freq_low_hz': 600, 'freq_high_hz': 1800}. Best is trial 1216 with value: 0.4161157870952521.
[I 2026-03-10 23:42:49,487] Trial 1218 finished with value: 0.37761312899934474 and parameters: {'window_ms': 250, 'overlap': 0.65, 'freq_low_hz': 950, 'freq_high_hz': 1800}. Best is trial 1216 with value: 0.4161157870952521.
[I 2026-03-10 23:42:52,710] Trial 1222 finished with value: 0.37752609493870026 and parameters: {'window_ms': 250, 'overlap': 0.65, 'freq_low_hz': 1200, 'freq_high_hz': 1800}. Best is trial 1216 with value: 0.4161157870952521.
[I 2026-03-10 23:42:53,597] Trial 1224 finished with value: 0.35629962312123886 and parameters: {'window_ms': 240, 'overlap': 0.65, 'freq_low_hz': 1050, 'freq_high_hz': 1600}. Best is trial 1216 with value: 0.4161157870952521.
[I 2026-03-10 23:42:54,128] Trial 1223 finished with value: 0.37764776650076326 and parameters: {'window_ms': 215, 'overlap': 0.65, 'freq_low_hz': 1050, 'freq_high_hz': 1800}. Best is trial 1216 with value: 0.4161157870952521.
[I 2026-03-10 23:43:01,243] Trial 1225 finished with value: 0.37611510852684715 and parameters: {'window_ms': 240, 'overlap': 0.65, 'freq_low_hz': 1050, 'freq_high_hz': 1900}. Best is trial 1216 with value: 0.4161157870952521.
[I 2026-03-10 23:43:02,847] Trial 1226 finished with value: 0.4137971651170764 and parameters: {'window_ms': 240, 'overlap': 0.65, 'freq_low_hz': 1200, 'freq_high_hz': 1800}. Best is trial 1216 with value: 0.4161157870952521.
[I 2026-03-10 23:43:06,492] Trial 1227 finished with value: 0.40015947608029545 and parameters: {'window_ms': 240, 'overlap': 0.6000000000000001, 'freq_low_hz': 1200, 'freq_high_hz': 1800}. Best is trial 1216 with value: 0.4161157870952521.
[I 2026-03-10 23:43:06,786] Trial 1229 finished with value: 0.40015947608029545 and parameters: {'window_ms': 240, 'overlap': 0.6000000000000001, 'freq_low_hz': 1200, 'freq_high_hz': 1800}. Best is trial 1216 with value: 0.4161157870952521.
[I 2026-03-10 23:43:10,005] Trial 1228 finished with value: 0.4137971651170764 and parameters: {'window_ms': 240, 'overlap': 0.65, 'freq_low_hz': 1200, 'freq_high_hz': 1800}. Best is trial 1216 with value: 0.4161157870952521.
[I 2026-03-10 23:43:11,362] Trial 1231 finished with value: 0.34394767379990454 and parameters: {'window_ms': 65, 'overlap': 0.6000000000000001, 'freq_low_hz': 650, 'freq_high_hz': 1900}. Best is trial 1216 with value: 0.4161157870952521.
[I 2026-03-10 23:43:21,223] Trial 1230 finished with value: 0.3942788025682701 and parameters: {'window_ms': 250, 'overlap': 0.6000000000000001, 'freq_low_hz': 500, 'freq_high_hz': 1900}. Best is trial 1216 with value: 0.4161157870952521.
[I 2026-03-10 23:43:23,248] Trial 1233 finished with value: 0.37915950329408776 and parameters: {'window_ms': 245, 'overlap': 0.6000000000000001, 'freq_low_hz': 950, 'freq_high_hz': 1900}. Best is trial 1216 with value: 0.4161157870952521.
[I 2026-03-10 23:43:26,350] Trial 1234 finished with value: 0.388032918070617 and parameters: {'window_ms': 245, 'overlap': 0.6000000000000001, 'freq_low_hz': 650, 'freq_high_hz': 1900}. Best is trial 1216 with value: 0.4161157870952521.
[I 2026-03-10 23:43:26,520] Trial 1232 finished with value: 0.3946722544327892 and parameters: {'window_ms': 245, 'overlap': 0.6000000000000001, 'freq_low_hz': 600, 'freq_high_hz': 1900}. Best is trial 1216 with value: 0.4161157870952521.
[I 2026-03-10 23:43:28,858] Trial 1235 finished with value: 0.37915950329408776 and parameters: {'window_ms': 245, 'overlap': 0.6000000000000001, 'freq_low_hz': 950, 'freq_high_hz': 1900}. Best is trial 1216 with value: 0.4161157870952521.
[I 2026-03-10 23:43:37,588] Trial 1236 finished with value: 0.3946722544327892 and parameters: {'window_ms': 245, 'overlap': 0.6000000000000001, 'freq_low_hz': 600, 'freq_high_hz': 1900}. Best is trial 1216 with value: 0.4161157870952521.
[I 2026-03-10 23:43:40,638] Trial 1237 finished with value: 0.3946722544327892 and parameters: {'window_ms': 245, 'overlap': 0.6000000000000001, 'freq_low_hz': 600, 'freq_high_hz': 1900}. Best is trial 1216 with value: 0.4161157870952521.
[I 2026-03-10 23:43:41,684] Trial 1238 finished with value: 0.3632719182628023 and parameters: {'window_ms': 245, 'overlap': 0.6000000000000001, 'freq_low_hz': 600, 'freq_high_hz': 2200}. Best is trial 1216 with value: 0.4161157870952521.
[I 2026-03-10 23:43:47,553] Trial 1239 finished with value: 0.3946722544327892 and parameters: {'window_ms': 245, 'overlap': 0.6000000000000001, 'freq_low_hz': 600, 'freq_high_hz': 1900}. Best is trial 1216 with value: 0.4161157870952521.
[I 2026-03-10 23:43:51,388] Trial 1241 finished with value: 0.3784989194823734 and parameters: {'window_ms': 245, 'overlap': 0.65, 'freq_low_hz': 1150, 'freq_high_hz': 1950}. Best is trial 1216 with value: 0.4161157870952521.
[I 2026-03-10 23:43:55,156] Trial 1245 finished with value: 0.3645823138820703 and parameters: {'window_ms': 95, 'overlap': 0.65, 'freq_low_hz': 600, 'freq_high_hz': 1700}. Best is trial 1216 with value: 0.4161157870952521.
