[I 2026-03-10 23:48:13,737] Trial 1340 finished with value: 0.40625997303696604 and parameters: {'window_ms': 235, 'overlap': 0.7, 'freq_low_hz': 1200, 'freq_high_hz': 1800}. Best is trial 1216 with value: 0.4161157870952521.
[I 2026-03-10 23:48:17,155] Trial 1339 finished with value: 0.33190341441870697 and parameters: {'window_ms': 80, 'overlap': 0.7, 'freq_low_hz': 1150, 'freq_high_hz': 2850}. Best is trial 1216 with value: 0.4161157870952521.
[I 2026-03-10 23:48:19,102] Trial 1342 finished with value: 0.40625997303696604 and parameters: {'window_ms': 235, 'overlap': 0.7, 'freq_low_hz': 1200, 'freq_high_hz': 1800}. Best is trial 1216 with value: 0.4161157870952521.
[I 2026-03-10 23:48:20,539] Trial 1343 finished with value: 0.40625997303696604 and parameters: {'window_ms': 235, 'overlap': 0.7, 'freq_low_hz': 1200, 'freq_high_hz': 1800}. Best is trial 1216 with value: 0.4161157870952521.
[I 2026-03-10 23:48:22,270] Trial 1341 finished with value: 0.36689841492077085 and parameters: {'window_ms': 235, 'overlap': 0.7, 'freq_low_hz': 700, 'freq_high_hz': 2000}. Best is trial 1216 with value: 0.4161157870952521.
[I 2026-03-10 23:48:24,737] Trial 1337 finished with value: 0.36147603580369553 and parameters: {'window_ms': 235, 'overlap': 0.65, 'freq_low_hz': 1150, 'freq_high_hz': 3550}. Best is trial 1216 with value: 0.4161157870952521.
[I 2026-03-10 23:48:24,850] Trial 1344 finished with value: 0.40625997303696604 and parameters: {'window_ms': 235, 'overlap': 0.7, 'freq_low_hz': 1200, 'freq_high_hz': 1800}. Best is trial 1216 with value: 0.4161157870952521.
[I 2026-03-10 23:48:29,169] Trial 1345 finished with value: 0.4086019046139169 and parameters: {'window_ms': 230, 'overlap': 0.7, 'freq_low_hz': 1200, 'freq_high_hz': 1800}. Best is trial 1216 with value: 0.4161157870952521.
[I 2026-03-10 23:48:32,922] Trial 1347 finished with value: 0.40407792049283103 and parameters: {'window_ms': 225, 'overlap': 0.7, 'freq_low_hz': 1200, 'freq_high_hz': 1800}. Best is trial 1216 with value: 0.4161157870952521.
[I 2026-03-10 23:48:34,116] Trial 1348 finished with value: 0.4086019046139169 and parameters: {'window_ms': 230, 'overlap': 0.7, 'freq_low_hz': 1200, 'freq_high_hz': 1800}. Best is trial 1216 with value: 0.4161157870952521.
[I 2026-03-10 23:48:34,667] Trial 1349 finished with value: 0.3460880346700347 and parameters: {'window_ms': 30, 'overlap': 0.7, 'freq_low_hz': 1050, 'freq_high_hz': 1500}. Best is trial 1216 with value: 0.4161157870952521.
[I 2026-03-10 23:48:40,081] Trial 1350 finished with value: 0.41234034349139786 and parameters: {'window_ms': 225, 'overlap': 0.65, 'freq_low_hz': 1200, 'freq_high_hz': 1700}. Best is trial 1216 with value: 0.4161157870952521.
[I 2026-03-10 23:48:41,733] Trial 1352 finished with value: 0.41234034349139786 and parameters: {'window_ms': 225, 'overlap': 0.65, 'freq_low_hz': 1200, 'freq_high_hz': 1700}. Best is trial 1216 with value: 0.4161157870952521.
[I 2026-03-10 23:48:43,119] Trial 1354 finished with value: 0.3511148969818765 and parameters: {'window_ms': 245, 'overlap': 0.65, 'freq_low_hz': 1050, 'freq_high_hz': 1500}. Best is trial 1216 with value: 0.4161157870952521.
[I 2026-03-10 23:48:46,233] Trial 1351 finished with value: 0.37294909962980954 and parameters: {'window_ms': 225, 'overlap': 0.65, 'freq_low_hz': 450, 'freq_high_hz': 1500}. Best is trial 1216 with value: 0.4161157870952521.
[I 2026-03-10 23:48:50,193] Trial 1355 finished with value: 0.4045317359422826 and parameters: {'window_ms': 245, 'overlap': 0.65, 'freq_low_hz': 1200, 'freq_high_hz': 1700}. Best is trial 1216 with value: 0.4161157870952521.
[I 2026-03-10 23:48:53,059] Trial 1358 finished with value: 0.4045317359422826 and parameters: {'window_ms': 245, 'overlap': 0.65, 'freq_low_hz': 1200, 'freq_high_hz': 1700}. Best is trial 1216 with value: 0.4161157870952521.
[I 2026-03-10 23:48:59,802] Trial 1359 finished with value: 0.4045317359422826 and parameters: {'window_ms': 245, 'overlap': 0.65, 'freq_low_hz': 1200, 'freq_high_hz': 1700}. Best is trial 1216 with value: 0.4161157870952521.
[I 2026-03-10 23:49:00,072] Trial 1356 finished with value: 0.357428014752814 and parameters: {'window_ms': 245, 'overlap': 0.65, 'freq_low_hz': 450, 'freq_high_hz': 1500}. Best is trial 1216 with value: 0.4161157870952521.
[I 2026-03-10 23:49:02,286] Trial 1360 finished with value: 0.3657920040990661 and parameters: {'window_ms': 105, 'overlap': 0.65, 'freq_low_hz': 1050, 'freq_high_hz': 2000}. Best is trial 1216 with value: 0.4161157870952521.
[I 2026-03-10 23:49:04,114] Trial 1362 finished with value: 0.4078718008629327 and parameters: {'window_ms': 245, 'overlap': 0.4, 'freq_low_hz': 1200, 'freq_high_hz': 1700}. Best is trial 1216 with value: 0.4161157870952521.
[I 2026-03-10 23:49:04,613] Trial 1361 finished with value: 0.4045317359422826 and parameters: {'window_ms': 245, 'overlap': 0.65, 'freq_low_hz': 1200, 'freq_high_hz': 1700}. Best is trial 1216 with value: 0.4161157870952521.
[I 2026-03-10 23:49:07,380] Trial 1346 finished with value: 0.35385180197771043 and parameters: {'window_ms': 230, 'overlap': 0.7, 'freq_low_hz': 1200, 'freq_high_hz': 4600}. Best is trial 1216 with value: 0.4161157870952521.
[I 2026-03-10 23:49:10,301] Trial 1364 finished with value: 0.38331526129622995 and parameters: {'window_ms': 245, 'overlap': 0.6000000000000001, 'freq_low_hz': 1150, 'freq_high_hz': 1750}. Best is trial 1216 with value: 0.4161157870952521.
[I 2026-03-10 23:49:12,298] Trial 1363 finished with value: 0.38191344686365075 and parameters: {'window_ms': 210, 'overlap': 0.65, 'freq_low_hz': 1150, 'freq_high_hz': 1750}. Best is trial 1216 with value: 0.4161157870952521.
[I 2026-03-10 23:49:17,973] Trial 1365 finished with value: 0.4075649546422777 and parameters: {'window_ms': 240, 'overlap': 0.6000000000000001, 'freq_low_hz': 1150, 'freq_high_hz': 1750}. Best is trial 1216 with value: 0.4161157870952521.
[I 2026-03-10 23:49:19,703] Trial 1366 finished with value: 0.37438164521248823 and parameters: {'window_ms': 210, 'overlap': 0.6000000000000001, 'freq_low_hz': 1150, 'freq_high_hz': 1750}. Best is trial 1216 with value: 0.4161157870952521.
[I 2026-03-10 23:49:20,257] Trial 1353 finished with value: 0.34007641226135593 and parameters: {'window_ms': 225, 'overlap': 0.65, 'freq_low_hz': 1050, 'freq_high_hz': 4600}. Best is trial 1216 with value: 0.4161157870952521.
[I 2026-03-10 23:49:21,080] Trial 1367 finished with value: 0.4075649546422777 and parameters: {'window_ms': 240, 'overlap': 0.6000000000000001, 'freq_low_hz': 1150, 'freq_high_hz': 1750}. Best is trial 1216 with value: 0.4161157870952521.
[I 2026-03-10 23:49:23,878] Trial 1369 finished with value: 0.4075649546422777 and parameters: {'window_ms': 240, 'overlap': 0.6000000000000001, 'freq_low_hz': 1150, 'freq_high_hz': 1750}. Best is trial 1216 with value: 0.4161157870952521.
[I 2026-03-10 23:49:24,591] Trial 1368 finished with value: 0.4075649546422777 and parameters: {'window_ms': 240, 'overlap': 0.6000000000000001, 'freq_low_hz': 1150, 'freq_high_hz': 1750}. Best is trial 1216 with value: 0.4161157870952521.
[I 2026-03-10 23:49:29,099] Trial 1370 finished with value: 0.4075649546422777 and parameters: {'window_ms': 240, 'overlap': 0.6000000000000001, 'freq_low_hz': 1150, 'freq_high_hz': 1750}. Best is trial 1216 with value: 0.4161157870952521.
[I 2026-03-10 23:49:32,263] Trial 1372 finished with value: 0.4075649546422777 and parameters: {'window_ms': 240, 'overlap': 0.6000000000000001, 'freq_low_hz': 1150, 'freq_high_hz': 1750}. Best is trial 1216 with value: 0.4161157870952521.
[I 2026-03-10 23:49:35,002] Trial 1371 finished with value: 0.3779973400241949 and parameters: {'window_ms': 215, 'overlap': 0.6000000000000001, 'freq_low_hz': 1150, 'freq_high_hz': 1950}. Best is trial 1216 with value: 0.4161157870952521.
[I 2026-03-10 23:49:35,158] Trial 1357 finished with value: 0.35372711990031924 and parameters: {'window_ms': 245, 'overlap': 0.65, 'freq_low_hz': 1050, 'freq_high_hz': 4700}. Best is trial 1216 with value: 0.4161157870952521.
[I 2026-03-10 23:49:44,529] Trial 1374 finished with value: 0.3643174782432738 and parameters: {'window_ms': 240, 'overlap': 0.65, 'freq_low_hz': 1000, 'freq_high_hz': 2000}. Best is trial 1216 with value: 0.4161157870952521.
[I 2026-03-10 23:49:45,123] Trial 1373 finished with value: 0.3780735734249009 and parameters: {'window_ms': 240, 'overlap': 0.6000000000000001, 'freq_low_hz': 1000, 'freq_high_hz': 2000}. Best is trial 1216 with value: 0.4161157870952521.
[I 2026-03-10 23:49:45,251] Trial 1375 finished with value: 0.3643174782432738 and parameters: {'window_ms': 240, 'overlap': 0.65, 'freq_low_hz': 1000, 'freq_high_hz': 2000}. Best is trial 1216 with value: 0.4161157870952521.
[I 2026-03-10 23:49:47,421] Trial 1376 finished with value: 0.3921360029217421 and parameters: {'window_ms': 250, 'overlap': 0.65, 'freq_low_hz': 1000, 'freq_high_hz': 2000}. Best is trial 1216 with value: 0.4161157870952521.
[I 2026-03-10 23:49:47,766] Trial 1377 finished with value: 0.3926785955718411 and parameters: {'window_ms': 230, 'overlap': 0.65, 'freq_low_hz': 1200, 'freq_high_hz': 1900}. Best is trial 1216 with value: 0.4161157870952521.
[I 2026-03-10 23:49:51,146] Trial 1379 finished with value: 0.38354145729562006 and parameters: {'window_ms': 250, 'overlap': 0.65, 'freq_low_hz': 1200, 'freq_high_hz': 1900}. Best is trial 1216 with value: 0.4161157870952521.
[I 2026-03-10 23:49:53,847] Trial 1378 finished with value: 0.3636751532061785 and parameters: {'window_ms': 250, 'overlap': 0.65, 'freq_low_hz': 1000, 'freq_high_hz': 2200}. Best is trial 1216 with value: 0.4161157870952521.
[I 2026-03-10 23:49:59,070] Trial 1380 finished with value: 0.39190746726683146 and parameters: {'window_ms': 215, 'overlap': 0.65, 'freq_low_hz': 1000, 'freq_high_hz': 2000}. Best is trial 1216 with value: 0.4161157870952521.
[I 2026-03-10 23:50:03,717] Trial 1382 finished with value: 0.3781587230460054 and parameters: {'window_ms': 230, 'overlap': 0.65, 'freq_low_hz': 1000, 'freq_high_hz': 2000}. Best is trial 1216 with value: 0.4161157870952521.
[I 2026-03-10 23:50:06,952] Trial 1384 finished with value: 0.38354145729562006 and parameters: {'window_ms': 250, 'overlap': 0.65, 'freq_low_hz': 1200, 'freq_high_hz': 1900}. Best is trial 1216 with value: 0.4161157870952521.
[I 2026-03-10 23:50:07,996] Trial 1383 finished with value: 0.38354145729562006 and parameters: {'window_ms': 250, 'overlap': 0.65, 'freq_low_hz': 1200, 'freq_high_hz': 1900}. Best is trial 1216 with value: 0.4161157870952521.
[I 2026-03-10 23:50:11,174] Trial 1386 finished with value: 0.3926785955718411 and parameters: {'window_ms': 230, 'overlap': 0.65, 'freq_low_hz': 1200, 'freq_high_hz': 1900}. Best is trial 1216 with value: 0.4161157870952521.
[I 2026-03-10 23:50:11,257] Trial 1387 finished with value: 0.3926785955718411 and parameters: {'window_ms': 230, 'overlap': 0.65, 'freq_low_hz': 1200, 'freq_high_hz': 1900}. Best is trial 1216 with value: 0.4161157870952521.
[I 2026-03-10 23:50:14,206] Trial 1388 finished with value: 0.3926785955718411 and parameters: {'window_ms': 230, 'overlap': 0.65, 'freq_low_hz': 1200, 'freq_high_hz': 1900}. Best is trial 1216 with value: 0.4161157870952521.
[I 2026-03-10 23:50:16,206] Trial 1385 finished with value: 0.37701191277576895 and parameters: {'window_ms': 250, 'overlap': 0.65, 'freq_low_hz': 1200, 'freq_high_hz': 2400}. Best is trial 1216 with value: 0.4161157870952521.
[I 2026-03-10 23:50:17,241] Trial 1389 finished with value: 0.3926785955718411 and parameters: {'window_ms': 230, 'overlap': 0.65, 'freq_low_hz': 1200, 'freq_high_hz': 1900}. Best is trial 1216 with value: 0.4161157870952521.
[I 2026-03-10 23:50:22,367] Trial 1390 finished with value: 0.3921930596138021 and parameters: {'window_ms': 235, 'overlap': 0.65, 'freq_low_hz': 1200, 'freq_high_hz': 1900}. Best is trial 1216 with value: 0.4161157870952521.
[I 2026-03-10 23:50:27,462] Trial 1392 finished with value: 0.3953471478676077 and parameters: {'window_ms': 230, 'overlap': 0.65, 'freq_low_hz': 1200, 'freq_high_hz': 1800}. Best is trial 1216 with value: 0.4161157870952521.
[I 2026-03-10 23:50:27,737] Trial 1391 finished with value: 0.3926785955718411 and parameters: {'window_ms': 230, 'overlap': 0.65, 'freq_low_hz': 1200, 'freq_high_hz': 1900}. Best is trial 1216 with value: 0.4161157870952521.
[I 2026-03-10 23:50:28,304] Trial 1393 finished with value: 0.3953471478676077 and parameters: {'window_ms': 230, 'overlap': 0.65, 'freq_low_hz': 1200, 'freq_high_hz': 1800}. Best is trial 1216 with value: 0.4161157870952521.
[I 2026-03-10 23:50:34,970] Trial 1394 finished with value: 0.3953471478676077 and parameters: {'window_ms': 230, 'overlap': 0.65, 'freq_low_hz': 1200, 'freq_high_hz': 1800}. Best is trial 1216 with value: 0.4161157870952521.
[I 2026-03-10 23:50:39,073] Trial 1397 finished with value: 0.4016762765066289 and parameters: {'window_ms': 235, 'overlap': 0.65, 'freq_low_hz': 1200, 'freq_high_hz': 1800}. Best is trial 1216 with value: 0.4161157870952521.
[I 2026-03-10 23:50:43,402] Trial 1396 finished with value: 0.3784791607859722 and parameters: {'window_ms': 225, 'overlap': 0.65, 'freq_low_hz': 650, 'freq_high_hz': 1600}. Best is trial 1216 with value: 0.4161157870952521.
[I 2026-03-10 23:50:47,718] Trial 1401 finished with value: 0.36965255388662605 and parameters: {'window_ms': 235, 'overlap': 0.65, 'freq_low_hz': 1100, 'freq_high_hz': 1600}. Best is trial 1216 with value: 0.4161157870952521.
[I 2026-03-10 23:50:47,894] Trial 1399 finished with value: 0.35262926566522246 and parameters: {'window_ms': 50, 'overlap': 0.65, 'freq_low_hz': 600, 'freq_high_hz': 1600}. Best is trial 1216 with value: 0.4161157870952521.
[I 2026-03-10 23:50:51,822] Trial 1400 finished with value: 0.35651568217911644 and parameters: {'window_ms': 235, 'overlap': 0.65, 'freq_low_hz': 950, 'freq_high_hz': 1600}. Best is trial 1216 with value: 0.4161157870952521.
[I 2026-03-10 23:50:52,508] Trial 1402 finished with value: 0.3705821275964723 and parameters: {'window_ms': 215, 'overlap': 0.7, 'freq_low_hz': 1100, 'freq_high_hz': 1600}. Best is trial 1216 with value: 0.4161157870952521.
[I 2026-03-10 23:51:03,282] Trial 1381 finished with value: 0.3688817262952854 and parameters: {'window_ms': 250, 'overlap': 0.65, 'freq_low_hz': 1000, 'freq_high_hz': 5700}. Best is trial 1216 with value: 0.4161157870952521.
[I 2026-03-10 23:51:03,702] Trial 1405 finished with value: 0.3701557052847087 and parameters: {'window_ms': 220, 'overlap': 0.7, 'freq_low_hz': 1100, 'freq_high_hz': 1600}. Best is trial 1216 with value: 0.4161157870952521.
[I 2026-03-10 23:51:06,030] Trial 1404 finished with value: 0.35739074784996183 and parameters: {'window_ms': 215, 'overlap': 0.7, 'freq_low_hz': 950, 'freq_high_hz': 1600}. Best is trial 1216 with value: 0.4161157870952521.
[I 2026-03-10 23:51:07,803] Trial 1407 finished with value: 0.3785832591519311 and parameters: {'window_ms': 220, 'overlap': 0.7, 'freq_low_hz': 1100, 'freq_high_hz': 1500}. Best is trial 1216 with value: 0.4161157870952521.
[I 2026-03-10 23:51:12,571] Trial 1406 finished with value: 0.3570080300307993 and parameters: {'window_ms': 220, 'overlap': 0.7, 'freq_low_hz': 950, 'freq_high_hz': 1600}. Best is trial 1216 with value: 0.4161157870952521.
[I 2026-03-10 23:51:13,887] Trial 1408 finished with value: 0.3769646579297812 and parameters: {'window_ms': 220, 'overlap': 0.65, 'freq_low_hz': 1100, 'freq_high_hz': 1600}. Best is trial 1216 with value: 0.4161157870952521.
[I 2026-03-10 23:51:20,992] Trial 1398 finished with value: 0.346511075786906 and parameters: {'window_ms': 235, 'overlap': 0.65, 'freq_low_hz': 1200, 'freq_high_hz': 4400}. Best is trial 1216 with value: 0.4161157870952521.
[I 2026-03-10 23:51:23,629] Trial 1410 finished with value: 0.4112513456189858 and parameters: {'window_ms': 220, 'overlap': 0.7, 'freq_low_hz': 1150, 'freq_high_hz': 1650}. Best is trial 1216 with value: 0.4161157870952521.
[I 2026-03-10 23:51:23,822] Trial 1411 finished with value: 0.383522295499373 and parameters: {'window_ms': 240, 'overlap': 0.7, 'freq_low_hz': 1150, 'freq_high_hz': 1650}. Best is trial 1216 with value: 0.4161157870952521.
[I 2026-03-10 23:51:25,312] Trial 1412 finished with value: 0.38415580918434494 and parameters: {'window_ms': 240, 'overlap': 0.6000000000000001, 'freq_low_hz': 1150, 'freq_high_hz': 1650}. Best is trial 1216 with value: 0.4161157870952521.
[I 2026-03-10 23:51:28,387] Trial 1413 finished with value: 0.38415580918434494 and parameters: {'window_ms': 240, 'overlap': 0.6000000000000001, 'freq_low_hz': 1150, 'freq_high_hz': 1650}. Best is trial 1216 with value: 0.4161157870952521.
[I 2026-03-10 23:51:32,066] Trial 1414 finished with value: 0.38404190906816266 and parameters: {'window_ms': 240, 'overlap': 0.65, 'freq_low_hz': 1150, 'freq_high_hz': 1650}. Best is trial 1216 with value: 0.4161157870952521.
[I 2026-03-10 23:51:35,596] Trial 1409 finished with value: 0.3636771400157284 and parameters: {'window_ms': 240, 'overlap': 0.7, 'freq_low_hz': 550, 'freq_high_hz': 2200}. Best is trial 1216 with value: 0.4161157870952521.
[I 2026-03-10 23:51:40,461] Trial 1416 finished with value: 0.38331526129622995 and parameters: {'window_ms': 245, 'overlap': 0.6000000000000001, 'freq_low_hz': 1150, 'freq_high_hz': 1750}. Best is trial 1216 with value: 0.4161157870952521.
[I 2026-03-10 23:51:43,500] Trial 1417 finished with value: 0.4075649546422777 and parameters: {'window_ms': 240, 'overlap': 0.6000000000000001, 'freq_low_hz': 1150, 'freq_high_hz': 1750}. Best is trial 1216 with value: 0.4161157870952521.
[I 2026-03-10 23:51:46,659] Trial 1418 finished with value: 0.40355287725513184 and parameters: {'window_ms': 245, 'overlap': 0.65, 'freq_low_hz': 1200, 'freq_high_hz': 1800}. Best is trial 1216 with value: 0.4161157870952521.
[I 2026-03-10 23:51:48,491] Trial 1415 finished with value: 0.38491800728478787 and parameters: {'window_ms': 240, 'overlap': 0.6000000000000001, 'freq_low_hz': 1150, 'freq_high_hz': 2650}. Best is trial 1216 with value: 0.4161157870952521.
[I 2026-03-10 23:51:49,599] Trial 1419 finished with value: 0.40355287725513184 and parameters: {'window_ms': 245, 'overlap': 0.65, 'freq_low_hz': 1200, 'freq_high_hz': 1800}. Best is trial 1216 with value: 0.4161157870952521.
[I 2026-03-10 23:51:49,872] Trial 1420 finished with value: 0.40355287725513184 and parameters: {'window_ms': 245, 'overlap': 0.65, 'freq_low_hz': 1200, 'freq_high_hz': 1800}. Best is trial 1216 with value: 0.4161157870952521.
[I 2026-03-10 23:51:51,421] Trial 1421 finished with value: 0.38211636687931294 and parameters: {'window_ms': 150, 'overlap': 0.65, 'freq_low_hz': 1200, 'freq_high_hz': 1800}. Best is trial 1216 with value: 0.4161157870952521.
[I 2026-03-10 23:51:56,342] Trial 1422 finished with value: 0.40355287725513184 and parameters: {'window_ms': 245, 'overlap': 0.65, 'freq_low_hz': 1200, 'freq_high_hz': 1800}. Best is trial 1216 with value: 0.4161157870952521.
[I 2026-03-10 23:51:57,895] Trial 1395 finished with value: 0.3465423677581072 and parameters: {'window_ms': 235, 'overlap': 0.8500000000000001, 'freq_low_hz': 1100, 'freq_high_hz': 4400}. Best is trial 1216 with value: 0.4161157870952521.
[I 2026-03-10 23:52:04,430] Trial 1423 finished with value: 0.40355287725513184 and parameters: {'window_ms': 245, 'overlap': 0.65, 'freq_low_hz': 1200, 'freq_high_hz': 1800}. Best is trial 1216 with value: 0.4161157870952521.
[I 2026-03-10 23:52:09,990] Trial 1425 finished with value: 0.3838059389862488 and parameters: {'window_ms': 225, 'overlap': 0.65, 'freq_low_hz': 1200, 'freq_high_hz': 1800}. Best is trial 1216 with value: 0.4161157870952521.
[I 2026-03-10 23:52:10,994] Trial 1428 finished with value: 0.3838059389862488 and parameters: {'window_ms': 225, 'overlap': 0.65, 'freq_low_hz': 1200, 'freq_high_hz': 1800}. Best is trial 1216 with value: 0.4161157870952521.
[I 2026-03-10 23:52:12,399] Trial 1429 finished with value: 0.41234034349139786 and parameters: {'window_ms': 225, 'overlap': 0.65, 'freq_low_hz': 1200, 'freq_high_hz': 1700}. Best is trial 1216 with value: 0.4161157870952521.
[I 2026-03-10 23:52:14,639] Trial 1426 finished with value: 0.3838059389862488 and parameters: {'window_ms': 225, 'overlap': 0.65, 'freq_low_hz': 1200, 'freq_high_hz': 1800}. Best is trial 1216 with value: 0.4161157870952521.
[I 2026-03-10 23:52:14,851] Trial 1403 finished with value: 0.35667925687870655 and parameters: {'window_ms': 235, 'overlap': 0.7, 'freq_low_hz': 1100, 'freq_high_hz': 5700}. Best is trial 1216 with value: 0.4161157870952521.
[I 2026-03-10 23:52:16,137] Trial 1431 finished with value: 0.41234034349139786 and parameters: {'window_ms': 225, 'overlap': 0.65, 'freq_low_hz': 1200, 'freq_high_hz': 1700}. Best is trial 1216 with value: 0.4161157870952521.
[I 2026-03-10 23:52:16,202] Trial 1424 finished with value: 0.3644446128041825 and parameters: {'window_ms': 245, 'overlap': 0.65, 'freq_low_hz': 900, 'freq_high_hz': 2100}. Best is trial 1216 with value: 0.4161157870952521.
[I 2026-03-10 23:52:26,131] Trial 1430 finished with value: 0.36416295778258334 and parameters: {'window_ms': 225, 'overlap': 0.65, 'freq_low_hz': 900, 'freq_high_hz': 2100}. Best is trial 1216 with value: 0.4161157870952521.
[I 2026-03-10 23:52:26,151] Trial 1427 finished with value: 0.3637091701976768 and parameters: {'window_ms': 225, 'overlap': 0.65, 'freq_low_hz': 150, 'freq_high_hz': 2100}. Best is trial 1216 with value: 0.4161157870952521.
[I 2026-03-10 23:52:30,440] Trial 1434 finished with value: 0.382675722158836 and parameters: {'window_ms': 210, 'overlap': 0.65, 'freq_low_hz': 1200, 'freq_high_hz': 1700}. Best is trial 1216 with value: 0.4161157870952521.
[I 2026-03-10 23:52:30,777] Trial 1433 finished with value: 0.41234034349139786 and parameters: {'window_ms': 225, 'overlap': 0.65, 'freq_low_hz': 1200, 'freq_high_hz': 1700}. Best is trial 1216 with value: 0.4161157870952521.
