[I 2026-03-10 22:58:15,509] Trial 92 finished with value: 0.38303270978553106 and parameters: {'window_ms': 245, 'overlap': 0.45, 'freq_low_hz': 1050, 'freq_high_hz': 1700}. Best is trial 45 with value: 0.4085866664043679.
[I 2026-03-10 22:58:16,986] Trial 93 finished with value: 0.38415710197984504 and parameters: {'window_ms': 245, 'overlap': 0.45, 'freq_low_hz': 900, 'freq_high_hz': 1700}. Best is trial 45 with value: 0.4085866664043679.
[I 2026-03-10 22:58:17,145] Trial 94 finished with value: 0.38415710197984504 and parameters: {'window_ms': 245, 'overlap': 0.45, 'freq_low_hz': 900, 'freq_high_hz': 1700}. Best is trial 45 with value: 0.4085866664043679.
[I 2026-03-10 22:58:17,429] Trial 76 finished with value: 0.3463590502709422 and parameters: {'window_ms': 225, 'overlap': 0.55, 'freq_low_hz': 150, 'freq_high_hz': 4500}. Best is trial 45 with value: 0.4085866664043679.
[I 2026-03-10 22:58:17,574] Trial 87 finished with value: 0.37534140943509825 and parameters: {'window_ms': 245, 'overlap': 0.65, 'freq_low_hz': 450, 'freq_high_hz': 1700}. Best is trial 45 with value: 0.4085866664043679.
[I 2026-03-10 22:58:20,174] Trial 82 finished with value: 0.3537516841054872 and parameters: {'window_ms': 225, 'overlap': 0.45, 'freq_low_hz': 400, 'freq_high_hz': 4600}. Best is trial 45 with value: 0.4085866664043679.
[I 2026-03-10 22:58:25,846] Trial 98 finished with value: 0.3647608779829385 and parameters: {'window_ms': 210, 'overlap': 0.55, 'freq_low_hz': 900, 'freq_high_hz': 2000}. Best is trial 45 with value: 0.4085866664043679.
[I 2026-03-10 22:58:25,879] Trial 99 finished with value: 0.3504788051943072 and parameters: {'window_ms': 215, 'overlap': 0.55, 'freq_low_hz': 1000, 'freq_high_hz': 2000}. Best is trial 45 with value: 0.4085866664043679.
[I 2026-03-10 22:58:26,896] Trial 100 finished with value: 0.3647532465574275 and parameters: {'window_ms': 220, 'overlap': 0.55, 'freq_low_hz': 950, 'freq_high_hz': 2000}. Best is trial 45 with value: 0.4085866664043679.
[I 2026-03-10 22:58:27,076] Trial 103 finished with value: 0.36407511673625326 and parameters: {'window_ms': 210, 'overlap': 0.5, 'freq_low_hz': 1000, 'freq_high_hz': 2000}. Best is trial 45 with value: 0.4085866664043679.
[I 2026-03-10 22:58:27,685] Trial 102 finished with value: 0.3779974657162069 and parameters: {'window_ms': 220, 'overlap': 0.5, 'freq_low_hz': 1000, 'freq_high_hz': 2000}. Best is trial 45 with value: 0.4085866664043679.
[I 2026-03-10 22:58:30,279] Trial 104 finished with value: 0.37821315456399596 and parameters: {'window_ms': 235, 'overlap': 0.5, 'freq_low_hz': 1000, 'freq_high_hz': 2000}. Best is trial 45 with value: 0.4085866664043679.
[I 2026-03-10 22:58:32,920] Trial 95 finished with value: 0.35344505702269513 and parameters: {'window_ms': 210, 'overlap': 0.45, 'freq_low_hz': 900, 'freq_high_hz': 4300}. Best is trial 45 with value: 0.4085866664043679.
[I 2026-03-10 22:58:36,190] Trial 108 finished with value: 0.36383771265117804 and parameters: {'window_ms': 235, 'overlap': 0.5, 'freq_low_hz': 1200, 'freq_high_hz': 2100}. Best is trial 45 with value: 0.4085866664043679.
[I 2026-03-10 22:58:36,521] Trial 109 finished with value: 0.40625997303696604 and parameters: {'window_ms': 235, 'overlap': 0.7, 'freq_low_hz': 1200, 'freq_high_hz': 1800}. Best is trial 45 with value: 0.4085866664043679.
[I 2026-03-10 22:58:36,626] Trial 96 finished with value: 0.34650819155640517 and parameters: {'window_ms': 215, 'overlap': 0.55, 'freq_low_hz': 950, 'freq_high_hz': 4400}. Best is trial 45 with value: 0.4085866664043679.
[I 2026-03-10 22:58:36,650] Trial 107 finished with value: 0.36383771265117804 and parameters: {'window_ms': 235, 'overlap': 0.5, 'freq_low_hz': 1200, 'freq_high_hz': 2100}. Best is trial 45 with value: 0.4085866664043679.
[I 2026-03-10 22:58:36,816] Trial 106 finished with value: 0.36457482157635934 and parameters: {'window_ms': 235, 'overlap': 0.5, 'freq_low_hz': 950, 'freq_high_hz': 2100}. Best is trial 45 with value: 0.4085866664043679.
[I 2026-03-10 22:58:37,486] Trial 97 finished with value: 0.33133972532610906 and parameters: {'window_ms': 210, 'overlap': 0.55, 'freq_low_hz': 900, 'freq_high_hz': 4400}. Best is trial 45 with value: 0.4085866664043679.
[I 2026-03-10 22:58:39,255] Trial 110 finished with value: 0.3966324718640281 and parameters: {'window_ms': 250, 'overlap': 0.7, 'freq_low_hz': 1200, 'freq_high_hz': 1800}. Best is trial 45 with value: 0.4085866664043679.
/home/mkeller/mkeller/signal-processing-research/localization/tuning/run_optuna_respeaker_v3.py:97: UserWarning: The distribution is specified by [1550, 6000] and step=100, but the range is not divisible by `step`. It will be replaced with [1550, 5950].
  freq_high_hz = trial.suggest_int("freq_high_hz", min_high, 6000, step=100)
[I 2026-03-10 22:58:39,864] Trial 101 finished with value: 0.34653211874883366 and parameters: {'window_ms': 220, 'overlap': 0.55, 'freq_low_hz': 950, 'freq_high_hz': 4400}. Best is trial 45 with value: 0.4085866664043679.
[I 2026-03-10 22:58:41,189] Trial 111 finished with value: 0.3966324718640281 and parameters: {'window_ms': 250, 'overlap': 0.7, 'freq_low_hz': 1200, 'freq_high_hz': 1800}. Best is trial 45 with value: 0.4085866664043679.
/home/mkeller/mkeller/signal-processing-research/localization/tuning/run_optuna_respeaker_v3.py:97: UserWarning: The distribution is specified by [1550, 6000] and step=100, but the range is not divisible by `step`. It will be replaced with [1550, 5950].
  freq_high_hz = trial.suggest_int("freq_high_hz", min_high, 6000, step=100)
[I 2026-03-10 22:58:44,538] Trial 116 finished with value: 0.36989822633880487 and parameters: {'window_ms': 230, 'overlap': 0.7, 'freq_low_hz': 1100, 'freq_high_hz': 1600}. Best is trial 45 with value: 0.4085866664043679.
/home/mkeller/mkeller/signal-processing-research/localization/tuning/run_optuna_respeaker_v3.py:97: UserWarning: The distribution is specified by [1550, 6000] and step=100, but the range is not divisible by `step`. It will be replaced with [1550, 5950].
  freq_high_hz = trial.suggest_int("freq_high_hz", min_high, 6000, step=100)
[I 2026-03-10 22:58:45,201] Trial 117 finished with value: 0.36989822633880487 and parameters: {'window_ms': 230, 'overlap': 0.7, 'freq_low_hz': 1100, 'freq_high_hz': 1600}. Best is trial 45 with value: 0.4085866664043679.
[I 2026-03-10 22:58:46,253] Trial 115 finished with value: 0.37968325289232313 and parameters: {'window_ms': 230, 'overlap': 0.7, 'freq_low_hz': 1150, 'freq_high_hz': 1850}. Best is trial 45 with value: 0.4085866664043679.
[I 2026-03-10 22:58:47,954] Trial 118 finished with value: 0.37968325289232313 and parameters: {'window_ms': 230, 'overlap': 0.7, 'freq_low_hz': 1150, 'freq_high_hz': 1850}. Best is trial 45 with value: 0.4085866664043679.
[I 2026-03-10 22:58:49,272] Trial 119 finished with value: 0.38040219360092287 and parameters: {'window_ms': 250, 'overlap': 0.75, 'freq_low_hz': 1150, 'freq_high_hz': 1850}. Best is trial 45 with value: 0.4085866664043679.
[I 2026-03-10 22:58:50,026] Trial 120 finished with value: 0.3854732797370708 and parameters: {'window_ms': 250, 'overlap': 0.7, 'freq_low_hz': 1150, 'freq_high_hz': 1850}. Best is trial 45 with value: 0.4085866664043679.
[I 2026-03-10 22:58:54,376] Trial 121 finished with value: 0.38040219360092287 and parameters: {'window_ms': 250, 'overlap': 0.75, 'freq_low_hz': 1150, 'freq_high_hz': 1850}. Best is trial 45 with value: 0.4085866664043679.
[I 2026-03-10 22:58:54,875] Trial 105 finished with value: 0.3618890842801153 and parameters: {'window_ms': 235, 'overlap': 0.5, 'freq_low_hz': 950, 'freq_high_hz': 5300}. Best is trial 45 with value: 0.4085866664043679.
[I 2026-03-10 22:58:55,488] Trial 123 finished with value: 0.40118437125614936 and parameters: {'window_ms': 250, 'overlap': 0.8, 'freq_low_hz': 1200, 'freq_high_hz': 1800}. Best is trial 45 with value: 0.4085866664043679.
[I 2026-03-10 22:58:55,688] Trial 122 finished with value: 0.38040219360092287 and parameters: {'window_ms': 250, 'overlap': 0.75, 'freq_low_hz': 1150, 'freq_high_hz': 1850}. Best is trial 45 with value: 0.4085866664043679.
[I 2026-03-10 22:58:56,900] Trial 124 finished with value: 0.3966324718640281 and parameters: {'window_ms': 250, 'overlap': 0.7, 'freq_low_hz': 1200, 'freq_high_hz': 1800}. Best is trial 45 with value: 0.4085866664043679.
[I 2026-03-10 22:58:58,316] Trial 125 finished with value: 0.4018106646087769 and parameters: {'window_ms': 250, 'overlap': 0.75, 'freq_low_hz': 1200, 'freq_high_hz': 1800}. Best is trial 45 with value: 0.4085866664043679.
[I 2026-03-10 22:58:59,140] Trial 126 finished with value: 0.39936176746697005 and parameters: {'window_ms': 240, 'overlap': 0.75, 'freq_low_hz': 1200, 'freq_high_hz': 1800}. Best is trial 45 with value: 0.4085866664043679.
[I 2026-03-10 22:59:04,118] Trial 128 finished with value: 0.39936176746697005 and parameters: {'window_ms': 240, 'overlap': 0.75, 'freq_low_hz': 1200, 'freq_high_hz': 1800}. Best is trial 45 with value: 0.4085866664043679.
[I 2026-03-10 22:59:04,960] Trial 129 finished with value: 0.3959454770534778 and parameters: {'window_ms': 240, 'overlap': 0.8, 'freq_low_hz': 1200, 'freq_high_hz': 1800}. Best is trial 45 with value: 0.4085866664043679.
[I 2026-03-10 22:59:07,585] Trial 130 finished with value: 0.39785789349307216 and parameters: {'window_ms': 240, 'overlap': 0.8500000000000001, 'freq_low_hz': 1200, 'freq_high_hz': 1800}. Best is trial 45 with value: 0.4085866664043679.
[I 2026-03-10 22:59:08,361] Trial 131 finished with value: 0.39785789349307216 and parameters: {'window_ms': 240, 'overlap': 0.8500000000000001, 'freq_low_hz': 1200, 'freq_high_hz': 1800}. Best is trial 45 with value: 0.4085866664043679.
[I 2026-03-10 22:59:09,074] Trial 113 finished with value: 0.3545157448745224 and parameters: {'window_ms': 230, 'overlap': 0.7, 'freq_low_hz': 1150, 'freq_high_hz': 5150}. Best is trial 45 with value: 0.4085866664043679.
[I 2026-03-10 22:59:09,667] Trial 133 finished with value: 0.3959454770534778 and parameters: {'window_ms': 240, 'overlap': 0.8, 'freq_low_hz': 1200, 'freq_high_hz': 1800}. Best is trial 45 with value: 0.4085866664043679.
[I 2026-03-10 22:59:12,772] Trial 132 finished with value: 0.3638404886880299 and parameters: {'window_ms': 240, 'overlap': 0.8, 'freq_low_hz': 1200, 'freq_high_hz': 2200}. Best is trial 45 with value: 0.4085866664043679.
[I 2026-03-10 22:59:17,447] Trial 136 finished with value: 0.3702865270804413 and parameters: {'window_ms': 240, 'overlap': 0.8500000000000001, 'freq_low_hz': 1100, 'freq_high_hz': 1600}. Best is trial 45 with value: 0.4085866664043679.
[I 2026-03-10 22:59:17,627] Trial 137 finished with value: 0.3702865270804413 and parameters: {'window_ms': 240, 'overlap': 0.8500000000000001, 'freq_low_hz': 1100, 'freq_high_hz': 1600}. Best is trial 45 with value: 0.4085866664043679.
[I 2026-03-10 22:59:18,648] Trial 138 finished with value: 0.3702865270804413 and parameters: {'window_ms': 240, 'overlap': 0.8500000000000001, 'freq_low_hz': 1100, 'freq_high_hz': 1600}. Best is trial 45 with value: 0.4085866664043679.
[I 2026-03-10 22:59:18,712] Trial 139 finished with value: 0.383388392469814 and parameters: {'window_ms': 240, 'overlap': 0.8500000000000001, 'freq_low_hz': 1200, 'freq_high_hz': 1700}. Best is trial 45 with value: 0.4085866664043679.
[I 2026-03-10 22:59:19,139] Trial 134 finished with value: 0.3638404886880299 and parameters: {'window_ms': 240, 'overlap': 0.8, 'freq_low_hz': 1200, 'freq_high_hz': 2200}. Best is trial 45 with value: 0.4085866664043679.
/home/mkeller/mkeller/signal-processing-research/localization/tuning/run_optuna_respeaker_v3.py:97: UserWarning: The distribution is specified by [1550, 6000] and step=100, but the range is not divisible by `step`. It will be replaced with [1550, 5950].
  freq_high_hz = trial.suggest_int("freq_high_hz", min_high, 6000, step=100)
[I 2026-03-10 22:59:19,709] Trial 112 finished with value: 0.3544885073111921 and parameters: {'window_ms': 250, 'overlap': 0.75, 'freq_low_hz': 1200, 'freq_high_hz': 5200}. Best is trial 45 with value: 0.4085866664043679.
[I 2026-03-10 22:59:21,368] Trial 114 finished with value: 0.34636855966975183 and parameters: {'window_ms': 230, 'overlap': 0.75, 'freq_low_hz': 1150, 'freq_high_hz': 5450}. Best is trial 45 with value: 0.4085866664043679.
[I 2026-03-10 22:59:22,106] Trial 140 finished with value: 0.383388392469814 and parameters: {'window_ms': 240, 'overlap': 0.8500000000000001, 'freq_low_hz': 1200, 'freq_high_hz': 1700}. Best is trial 45 with value: 0.4085866664043679.
[I 2026-03-10 22:59:22,449] Trial 135 finished with value: 0.3638209741162224 and parameters: {'window_ms': 240, 'overlap': 0.8500000000000001, 'freq_low_hz': 1200, 'freq_high_hz': 2200}. Best is trial 45 with value: 0.4085866664043679.
[I 2026-03-10 22:59:26,197] Trial 142 finished with value: 0.41129336098768593 and parameters: {'window_ms': 245, 'overlap': 0.75, 'freq_low_hz': 1200, 'freq_high_hz': 1700}. Best is trial 142 with value: 0.41129336098768593.
[I 2026-03-10 22:59:26,354] Trial 141 finished with value: 0.383388392469814 and parameters: {'window_ms': 240, 'overlap': 0.8500000000000001, 'freq_low_hz': 1200, 'freq_high_hz': 1700}. Best is trial 142 with value: 0.41129336098768593.
[I 2026-03-10 22:59:26,539] Trial 143 finished with value: 0.3612713619763126 and parameters: {'window_ms': 45, 'overlap': 0.75, 'freq_low_hz': 1200, 'freq_high_hz': 1700}. Best is trial 142 with value: 0.41129336098768593.
[I 2026-03-10 22:59:26,683] Trial 127 finished with value: 0.35362727348269035 and parameters: {'window_ms': 240, 'overlap': 0.75, 'freq_low_hz': 1200, 'freq_high_hz': 4900}. Best is trial 142 with value: 0.41129336098768593.
[I 2026-03-10 22:59:26,959] Trial 145 finished with value: 0.3514912019907576 and parameters: {'window_ms': 55, 'overlap': 0.75, 'freq_low_hz': 1150, 'freq_high_hz': 1950}. Best is trial 142 with value: 0.41129336098768593.
[I 2026-03-10 22:59:28,444] Trial 144 finished with value: 0.39213846684979964 and parameters: {'window_ms': 245, 'overlap': 0.75, 'freq_low_hz': 1200, 'freq_high_hz': 2000}. Best is trial 142 with value: 0.41129336098768593.
[I 2026-03-10 22:59:29,472] Trial 146 finished with value: 0.39221146478037694 and parameters: {'window_ms': 245, 'overlap': 0.75, 'freq_low_hz': 1150, 'freq_high_hz': 1950}. Best is trial 142 with value: 0.41129336098768593.
[I 2026-03-10 22:59:31,056] Trial 147 finished with value: 0.35169581572471775 and parameters: {'window_ms': 70, 'overlap': 0.8500000000000001, 'freq_low_hz': 1150, 'freq_high_hz': 1950}. Best is trial 142 with value: 0.41129336098768593.
[I 2026-03-10 22:59:32,863] Trial 148 finished with value: 0.3922031066514894 and parameters: {'window_ms': 245, 'overlap': 0.8, 'freq_low_hz': 1150, 'freq_high_hz': 1950}. Best is trial 142 with value: 0.41129336098768593.
[I 2026-03-10 22:59:34,590] Trial 154 finished with value: 0.35087895296543903 and parameters: {'window_ms': 245, 'overlap': 0.8, 'freq_low_hz': 1100, 'freq_high_hz': 1500}. Best is trial 142 with value: 0.41129336098768593.
[I 2026-03-10 22:59:34,644] Trial 151 finished with value: 0.37825282960714346 and parameters: {'window_ms': 140, 'overlap': 0.75, 'freq_low_hz': 1150, 'freq_high_hz': 1950}. Best is trial 142 with value: 0.41129336098768593.
[I 2026-03-10 22:59:35,141] Trial 152 finished with value: 0.37819596750067797 and parameters: {'window_ms': 145, 'overlap': 0.75, 'freq_low_hz': 1150, 'freq_high_hz': 1950}. Best is trial 142 with value: 0.41129336098768593.
[I 2026-03-10 22:59:35,921] Trial 155 finished with value: 0.3829670854608239 and parameters: {'window_ms': 235, 'overlap': 0.8, 'freq_low_hz': 1100, 'freq_high_hz': 1500}. Best is trial 142 with value: 0.41129336098768593.
[I 2026-03-10 22:59:36,453] Trial 150 finished with value: 0.39221146478037694 and parameters: {'window_ms': 245, 'overlap': 0.75, 'freq_low_hz': 1150, 'freq_high_hz': 1950}. Best is trial 142 with value: 0.41129336098768593.
[I 2026-03-10 22:59:37,399] Trial 156 finished with value: 0.3829670854608239 and parameters: {'window_ms': 235, 'overlap': 0.8, 'freq_low_hz': 1100, 'freq_high_hz': 1500}. Best is trial 142 with value: 0.41129336098768593.
[I 2026-03-10 22:59:38,784] Trial 157 finished with value: 0.3717833990935058 and parameters: {'window_ms': 135, 'overlap': 0.8, 'freq_low_hz': 1100, 'freq_high_hz': 1600}. Best is trial 142 with value: 0.41129336098768593.
[I 2026-03-10 22:59:42,152] Trial 153 finished with value: 0.37850346616332664 and parameters: {'window_ms': 245, 'overlap': 0.9, 'freq_low_hz': 1150, 'freq_high_hz': 1950}. Best is trial 142 with value: 0.41129336098768593.
[I 2026-03-10 22:59:43,010] Trial 158 finished with value: 0.3578348304069515 and parameters: {'window_ms': 235, 'overlap': 0.9, 'freq_low_hz': 1100, 'freq_high_hz': 1500}. Best is trial 142 with value: 0.41129336098768593.
[I 2026-03-10 22:59:43,200] Trial 159 finished with value: 0.36990833861738265 and parameters: {'window_ms': 250, 'overlap': 0.8, 'freq_low_hz': 1050, 'freq_high_hz': 1600}. Best is trial 142 with value: 0.41129336098768593.
[I 2026-03-10 22:59:43,457] Trial 161 finished with value: 0.36990833861738265 and parameters: {'window_ms': 250, 'overlap': 0.8, 'freq_low_hz': 1050, 'freq_high_hz': 1600}. Best is trial 142 with value: 0.41129336098768593.
[I 2026-03-10 22:59:45,267] Trial 163 finished with value: 0.39749136413676184 and parameters: {'window_ms': 250, 'overlap': 0.7, 'freq_low_hz': 1050, 'freq_high_hz': 1800}. Best is trial 142 with value: 0.41129336098768593.
[I 2026-03-10 22:59:45,510] Trial 160 finished with value: 0.3699653066348126 and parameters: {'window_ms': 250, 'overlap': 0.9, 'freq_low_hz': 1050, 'freq_high_hz': 1600}. Best is trial 142 with value: 0.41129336098768593.
[I 2026-03-10 22:59:47,712] Trial 162 finished with value: 0.3699653066348126 and parameters: {'window_ms': 250, 'overlap': 0.9, 'freq_low_hz': 1050, 'freq_high_hz': 1600}. Best is trial 142 with value: 0.41129336098768593.
[I 2026-03-10 22:59:48,149] Trial 165 finished with value: 0.39749136413676184 and parameters: {'window_ms': 250, 'overlap': 0.7, 'freq_low_hz': 1050, 'freq_high_hz': 1800}. Best is trial 142 with value: 0.41129336098768593.
[I 2026-03-10 22:59:49,100] Trial 164 finished with value: 0.3699653066348126 and parameters: {'window_ms': 250, 'overlap': 0.9, 'freq_low_hz': 1050, 'freq_high_hz': 1600}. Best is trial 142 with value: 0.41129336098768593.
[I 2026-03-10 22:59:50,565] Trial 149 finished with value: 0.34595752422463105 and parameters: {'window_ms': 70, 'overlap': 0.8, 'freq_low_hz': 1150, 'freq_high_hz': 4950}. Best is trial 142 with value: 0.41129336098768593.
[I 2026-03-10 22:59:51,040] Trial 168 finished with value: 0.3966324718640281 and parameters: {'window_ms': 250, 'overlap': 0.7, 'freq_low_hz': 1200, 'freq_high_hz': 1800}. Best is trial 142 with value: 0.41129336098768593.
[I 2026-03-10 22:59:51,060] Trial 166 finished with value: 0.39749136413676184 and parameters: {'window_ms': 250, 'overlap': 0.7, 'freq_low_hz': 1050, 'freq_high_hz': 1800}. Best is trial 142 with value: 0.41129336098768593.
[I 2026-03-10 22:59:52,155] Trial 167 finished with value: 0.39749136413676184 and parameters: {'window_ms': 250, 'overlap': 0.7, 'freq_low_hz': 1050, 'freq_high_hz': 1800}. Best is trial 142 with value: 0.41129336098768593.
[I 2026-03-10 22:59:52,999] Trial 169 finished with value: 0.3822920946176772 and parameters: {'window_ms': 225, 'overlap': 0.7, 'freq_low_hz': 850, 'freq_high_hz': 1800}. Best is trial 142 with value: 0.41129336098768593.
[I 2026-03-10 22:59:53,772] Trial 170 finished with value: 0.3966324718640281 and parameters: {'window_ms': 250, 'overlap': 0.7, 'freq_low_hz': 1200, 'freq_high_hz': 1800}. Best is trial 142 with value: 0.41129336098768593.
[I 2026-03-10 22:59:55,466] Trial 171 finished with value: 0.395732436641841 and parameters: {'window_ms': 230, 'overlap': 0.7, 'freq_low_hz': 850, 'freq_high_hz': 1800}. Best is trial 142 with value: 0.41129336098768593.
[I 2026-03-10 22:59:55,604] Trial 172 finished with value: 0.4086019046139169 and parameters: {'window_ms': 230, 'overlap': 0.7, 'freq_low_hz': 1200, 'freq_high_hz': 1800}. Best is trial 142 with value: 0.41129336098768593.
[I 2026-03-10 22:59:56,027] Trial 173 finished with value: 0.3953471478676077 and parameters: {'window_ms': 230, 'overlap': 0.65, 'freq_low_hz': 1200, 'freq_high_hz': 1800}. Best is trial 142 with value: 0.41129336098768593.
[I 2026-03-10 22:59:58,290] Trial 174 finished with value: 0.4016518687717149 and parameters: {'window_ms': 230, 'overlap': 0.65, 'freq_low_hz': 850, 'freq_high_hz': 1800}. Best is trial 142 with value: 0.41129336098768593.
[I 2026-03-10 22:59:58,509] Trial 175 finished with value: 0.3953471478676077 and parameters: {'window_ms': 230, 'overlap': 0.65, 'freq_low_hz': 1200, 'freq_high_hz': 1800}. Best is trial 142 with value: 0.41129336098768593.
[I 2026-03-10 22:59:58,830] Trial 176 finished with value: 0.3662111313207266 and parameters: {'window_ms': 100, 'overlap': 0.65, 'freq_low_hz': 1000, 'freq_high_hz': 1800}. Best is trial 142 with value: 0.41129336098768593.
[I 2026-03-10 23:00:00,119] Trial 177 finished with value: 0.40260544298161954 and parameters: {'window_ms': 230, 'overlap': 0.65, 'freq_low_hz': 1000, 'freq_high_hz': 1800}. Best is trial 142 with value: 0.41129336098768593.
[I 2026-03-10 23:00:02,764] Trial 180 finished with value: 0.4147228372997391 and parameters: {'window_ms': 235, 'overlap': 0.65, 'freq_low_hz': 1000, 'freq_high_hz': 1700}. Best is trial 180 with value: 0.4147228372997391.
[I 2026-03-10 23:00:03,266] Trial 178 finished with value: 0.3638203558188426 and parameters: {'window_ms': 235, 'overlap': 0.65, 'freq_low_hz': 1000, 'freq_high_hz': 2100}. Best is trial 180 with value: 0.4147228372997391.
