[I 2026-03-10 23:03:02,895] Trial 279 finished with value: 0.383522295499373 and parameters: {'window_ms': 240, 'overlap': 0.7, 'freq_low_hz': 1150, 'freq_high_hz': 1650}. Best is trial 180 with value: 0.4147228372997391.
[I 2026-03-10 23:03:04,757] Trial 278 finished with value: 0.3856721749834786 and parameters: {'window_ms': 125, 'overlap': 0.7, 'freq_low_hz': 1150, 'freq_high_hz': 1650}. Best is trial 180 with value: 0.4147228372997391.
[I 2026-03-10 23:03:05,414] Trial 280 finished with value: 0.383522295499373 and parameters: {'window_ms': 240, 'overlap': 0.7, 'freq_low_hz': 1150, 'freq_high_hz': 1650}. Best is trial 180 with value: 0.4147228372997391.
[I 2026-03-10 23:03:11,509] Trial 282 finished with value: 0.3856721749834786 and parameters: {'window_ms': 125, 'overlap': 0.7, 'freq_low_hz': 1150, 'freq_high_hz': 1650}. Best is trial 180 with value: 0.4147228372997391.
[I 2026-03-10 23:03:13,317] Trial 281 finished with value: 0.383522295499373 and parameters: {'window_ms': 240, 'overlap': 0.7, 'freq_low_hz': 1150, 'freq_high_hz': 1650}. Best is trial 180 with value: 0.4147228372997391.
[I 2026-03-10 23:03:15,423] Trial 284 finished with value: 0.383522295499373 and parameters: {'window_ms': 240, 'overlap': 0.7, 'freq_low_hz': 1150, 'freq_high_hz': 1650}. Best is trial 180 with value: 0.4147228372997391.
[I 2026-03-10 23:03:16,249] Trial 285 finished with value: 0.38404190906816266 and parameters: {'window_ms': 240, 'overlap': 0.65, 'freq_low_hz': 1150, 'freq_high_hz': 1650}. Best is trial 180 with value: 0.4147228372997391.
[I 2026-03-10 23:03:21,520] Trial 287 finished with value: 0.386484883109935 and parameters: {'window_ms': 235, 'overlap': 0.25, 'freq_low_hz': 1200, 'freq_high_hz': 1900}. Best is trial 180 with value: 0.4147228372997391.
[I 2026-03-10 23:03:21,623] Trial 286 finished with value: 0.38404190906816266 and parameters: {'window_ms': 240, 'overlap': 0.65, 'freq_low_hz': 1150, 'freq_high_hz': 1650}. Best is trial 180 with value: 0.4147228372997391.
[I 2026-03-10 23:03:28,058] Trial 288 finished with value: 0.3921930596138021 and parameters: {'window_ms': 235, 'overlap': 0.65, 'freq_low_hz': 1200, 'freq_high_hz': 1900}. Best is trial 180 with value: 0.4147228372997391.
[I 2026-03-10 23:03:28,339] Trial 289 finished with value: 0.3921930596138021 and parameters: {'window_ms': 235, 'overlap': 0.65, 'freq_low_hz': 1200, 'freq_high_hz': 1900}. Best is trial 180 with value: 0.4147228372997391.
[I 2026-03-10 23:03:31,479] Trial 276 finished with value: 0.36059743341207 and parameters: {'window_ms': 250, 'overlap': 0.7, 'freq_low_hz': 1150, 'freq_high_hz': 3950}. Best is trial 180 with value: 0.4147228372997391.
[I 2026-03-10 23:03:35,009] Trial 291 finished with value: 0.3921930596138021 and parameters: {'window_ms': 235, 'overlap': 0.65, 'freq_low_hz': 1200, 'freq_high_hz': 1900}. Best is trial 180 with value: 0.4147228372997391.
[I 2026-03-10 23:03:37,173] Trial 292 finished with value: 0.3770591792875412 and parameters: {'window_ms': 20, 'overlap': 0.65, 'freq_low_hz': 1200, 'freq_high_hz': 1800}. Best is trial 180 with value: 0.4147228372997391.
[I 2026-03-10 23:03:38,606] Trial 290 finished with value: 0.37935910567523257 and parameters: {'window_ms': 235, 'overlap': 0.65, 'freq_low_hz': 1100, 'freq_high_hz': 1900}. Best is trial 180 with value: 0.4147228372997391.
[I 2026-03-10 23:03:40,496] Trial 293 finished with value: 0.3921930596138021 and parameters: {'window_ms': 235, 'overlap': 0.65, 'freq_low_hz': 1200, 'freq_high_hz': 1900}. Best is trial 180 with value: 0.4147228372997391.
[I 2026-03-10 23:03:47,221] Trial 295 finished with value: 0.37935910567523257 and parameters: {'window_ms': 235, 'overlap': 0.65, 'freq_low_hz': 1100, 'freq_high_hz': 1900}. Best is trial 180 with value: 0.4147228372997391.
[I 2026-03-10 23:03:47,813] Trial 283 finished with value: 0.3606347376479326 and parameters: {'window_ms': 240, 'overlap': 0.7, 'freq_low_hz': 1150, 'freq_high_hz': 3950}. Best is trial 180 with value: 0.4147228372997391.
[I 2026-03-10 23:03:50,514] Trial 294 finished with value: 0.37935910567523257 and parameters: {'window_ms': 235, 'overlap': 0.65, 'freq_low_hz': 1100, 'freq_high_hz': 1900}. Best is trial 180 with value: 0.4147228372997391.
[I 2026-03-10 23:03:56,005] Trial 298 finished with value: 0.3848134586701829 and parameters: {'window_ms': 235, 'overlap': 0.6000000000000001, 'freq_low_hz': 1100, 'freq_high_hz': 1800}. Best is trial 180 with value: 0.4147228372997391.
[I 2026-03-10 23:03:56,698] Trial 300 finished with value: 0.3771332451884821 and parameters: {'window_ms': 235, 'overlap': 0.6000000000000001, 'freq_low_hz': 1100, 'freq_high_hz': 1600}. Best is trial 180 with value: 0.4147228372997391.
[I 2026-03-10 23:03:57,667] Trial 301 finished with value: 0.38375220700168017 and parameters: {'window_ms': 240, 'overlap': 0.6000000000000001, 'freq_low_hz': 1100, 'freq_high_hz': 1600}. Best is trial 180 with value: 0.4147228372997391.
[I 2026-03-10 23:03:58,412] Trial 299 finished with value: 0.3848134586701829 and parameters: {'window_ms': 235, 'overlap': 0.6000000000000001, 'freq_low_hz': 1100, 'freq_high_hz': 1800}. Best is trial 180 with value: 0.4147228372997391.
[I 2026-03-10 23:04:00,701] Trial 302 finished with value: 0.37727947880936413 and parameters: {'window_ms': 230, 'overlap': 0.6000000000000001, 'freq_low_hz': 1100, 'freq_high_hz': 1600}. Best is trial 180 with value: 0.4147228372997391.
[I 2026-03-10 23:04:03,337] Trial 296 finished with value: 0.366872277976521 and parameters: {'window_ms': 235, 'overlap': 0.65, 'freq_low_hz': 300, 'freq_high_hz': 1900}. Best is trial 180 with value: 0.4147228372997391.
[I 2026-03-10 23:04:04,713] Trial 304 finished with value: 0.4135457538105577 and parameters: {'window_ms': 230, 'overlap': 0.6000000000000001, 'freq_low_hz': 1200, 'freq_high_hz': 1700}. Best is trial 180 with value: 0.4147228372997391.
[I 2026-03-10 23:04:06,063] Trial 303 finished with value: 0.410256527768278 and parameters: {'window_ms': 240, 'overlap': 0.6000000000000001, 'freq_low_hz': 1200, 'freq_high_hz': 1700}. Best is trial 180 with value: 0.4147228372997391.
[I 2026-03-10 23:04:09,285] Trial 305 finished with value: 0.4135457538105577 and parameters: {'window_ms': 230, 'overlap': 0.6000000000000001, 'freq_low_hz': 1200, 'freq_high_hz': 1700}. Best is trial 180 with value: 0.4147228372997391.
[I 2026-03-10 23:04:12,971] Trial 307 finished with value: 0.3830624184184547 and parameters: {'window_ms': 240, 'overlap': 0.45, 'freq_low_hz': 1200, 'freq_high_hz': 1700}. Best is trial 180 with value: 0.4147228372997391.
[I 2026-03-10 23:04:15,412] Trial 309 finished with value: 0.3833415982734485 and parameters: {'window_ms': 245, 'overlap': 0.45, 'freq_low_hz': 1200, 'freq_high_hz': 1700}. Best is trial 180 with value: 0.4147228372997391.
[I 2026-03-10 23:04:15,438] Trial 308 finished with value: 0.4083455879544452 and parameters: {'window_ms': 230, 'overlap': 0.45, 'freq_low_hz': 1200, 'freq_high_hz': 1700}. Best is trial 180 with value: 0.4147228372997391.
[I 2026-03-10 23:04:19,223] Trial 310 finished with value: 0.3833415982734485 and parameters: {'window_ms': 245, 'overlap': 0.45, 'freq_low_hz': 1200, 'freq_high_hz': 1700}. Best is trial 180 with value: 0.4147228372997391.
[I 2026-03-10 23:04:22,526] Trial 311 finished with value: 0.4093616117685035 and parameters: {'window_ms': 245, 'overlap': 0.5, 'freq_low_hz': 1200, 'freq_high_hz': 1700}. Best is trial 180 with value: 0.4147228372997391.
[I 2026-03-10 23:04:23,652] Trial 312 finished with value: 0.3831768885804876 and parameters: {'window_ms': 230, 'overlap': 0.5, 'freq_low_hz': 1200, 'freq_high_hz': 1700}. Best is trial 180 with value: 0.4147228372997391.
[I 2026-03-10 23:04:24,622] Trial 313 finished with value: 0.40143398897432625 and parameters: {'window_ms': 230, 'overlap': 0.3, 'freq_low_hz': 1200, 'freq_high_hz': 1700}. Best is trial 180 with value: 0.4147228372997391.
[I 2026-03-10 23:04:27,197] Trial 297 finished with value: 0.35395886998836357 and parameters: {'window_ms': 235, 'overlap': 0.65, 'freq_low_hz': 1100, 'freq_high_hz': 4200}. Best is trial 180 with value: 0.4147228372997391.
[I 2026-03-10 23:04:29,349] Trial 306 finished with value: 0.34609128760861885 and parameters: {'window_ms': 230, 'overlap': 0.6000000000000001, 'freq_low_hz': 1200, 'freq_high_hz': 2800}. Best is trial 180 with value: 0.4147228372997391.
[I 2026-03-10 23:04:29,351] Trial 314 finished with value: 0.4135457538105577 and parameters: {'window_ms': 230, 'overlap': 0.6000000000000001, 'freq_low_hz': 1200, 'freq_high_hz': 1700}. Best is trial 180 with value: 0.4147228372997391.
[I 2026-03-10 23:04:30,952] Trial 315 finished with value: 0.4135457538105577 and parameters: {'window_ms': 230, 'overlap': 0.6000000000000001, 'freq_low_hz': 1200, 'freq_high_hz': 1700}. Best is trial 180 with value: 0.4147228372997391.
[I 2026-03-10 23:04:33,007] Trial 317 finished with value: 0.3831768885804876 and parameters: {'window_ms': 230, 'overlap': 0.5, 'freq_low_hz': 1200, 'freq_high_hz': 1700}. Best is trial 180 with value: 0.4147228372997391.
[I 2026-03-10 23:04:33,566] Trial 316 finished with value: 0.3831768885804876 and parameters: {'window_ms': 230, 'overlap': 0.5, 'freq_low_hz': 1200, 'freq_high_hz': 1700}. Best is trial 180 with value: 0.4147228372997391.
[I 2026-03-10 23:04:35,334] Trial 318 finished with value: 0.4083455879544452 and parameters: {'window_ms': 230, 'overlap': 0.45, 'freq_low_hz': 1200, 'freq_high_hz': 1700}. Best is trial 180 with value: 0.4147228372997391.
[I 2026-03-10 23:04:39,655] Trial 319 finished with value: 0.35071690971127406 and parameters: {'window_ms': 225, 'overlap': 0.5, 'freq_low_hz': 950, 'freq_high_hz': 1500}. Best is trial 180 with value: 0.4147228372997391.
[I 2026-03-10 23:04:41,977] Trial 320 finished with value: 0.34878954588710953 and parameters: {'window_ms': 225, 'overlap': 0.55, 'freq_low_hz': 950, 'freq_high_hz': 1500}. Best is trial 180 with value: 0.4147228372997391.
[I 2026-03-10 23:04:43,947] Trial 321 finished with value: 0.41352364663967633 and parameters: {'window_ms': 240, 'overlap': 0.55, 'freq_low_hz': 1200, 'freq_high_hz': 1700}. Best is trial 180 with value: 0.4147228372997391.
[I 2026-03-10 23:04:44,765] Trial 322 finished with value: 0.35071690971127406 and parameters: {'window_ms': 225, 'overlap': 0.5, 'freq_low_hz': 950, 'freq_high_hz': 1500}. Best is trial 180 with value: 0.4147228372997391.
[I 2026-03-10 23:04:45,565] Trial 323 finished with value: 0.34878954588710953 and parameters: {'window_ms': 225, 'overlap': 0.55, 'freq_low_hz': 950, 'freq_high_hz': 1500}. Best is trial 180 with value: 0.4147228372997391.
[I 2026-03-10 23:04:47,005] Trial 324 finished with value: 0.32811996569735835 and parameters: {'window_ms': 85, 'overlap': 0.55, 'freq_low_hz': 950, 'freq_high_hz': 1500}. Best is trial 180 with value: 0.4147228372997391.
[I 2026-03-10 23:04:47,881] Trial 325 finished with value: 0.37609202065389524 and parameters: {'window_ms': 225, 'overlap': 0.55, 'freq_low_hz': 1150, 'freq_high_hz': 1550}. Best is trial 180 with value: 0.4147228372997391.
[I 2026-03-10 23:04:50,147] Trial 327 finished with value: 0.37609202065389524 and parameters: {'window_ms': 225, 'overlap': 0.55, 'freq_low_hz': 1150, 'freq_high_hz': 1550}. Best is trial 180 with value: 0.4147228372997391.
[I 2026-03-10 23:04:51,250] Trial 326 finished with value: 0.38033085648063125 and parameters: {'window_ms': 225, 'overlap': 0.6000000000000001, 'freq_low_hz': 950, 'freq_high_hz': 1500}. Best is trial 180 with value: 0.4147228372997391.
[I 2026-03-10 23:04:52,350] Trial 328 finished with value: 0.3722546167785695 and parameters: {'window_ms': 225, 'overlap': 0.55, 'freq_low_hz': 900, 'freq_high_hz': 1500}. Best is trial 180 with value: 0.4147228372997391.
[I 2026-03-10 23:04:56,365] Trial 329 finished with value: 0.34878954588710953 and parameters: {'window_ms': 225, 'overlap': 0.55, 'freq_low_hz': 950, 'freq_high_hz': 1500}. Best is trial 180 with value: 0.4147228372997391.
[I 2026-03-10 23:05:00,106] Trial 331 finished with value: 0.37628045480216304 and parameters: {'window_ms': 225, 'overlap': 0.45, 'freq_low_hz': 1150, 'freq_high_hz': 1650}. Best is trial 180 with value: 0.4147228372997391.
[I 2026-03-10 23:05:00,750] Trial 332 finished with value: 0.37628045480216304 and parameters: {'window_ms': 225, 'overlap': 0.45, 'freq_low_hz': 1150, 'freq_high_hz': 1650}. Best is trial 180 with value: 0.4147228372997391.
[I 2026-03-10 23:05:01,677] Trial 330 finished with value: 0.40445671878333606 and parameters: {'window_ms': 225, 'overlap': 0.55, 'freq_low_hz': 1150, 'freq_high_hz': 1650}. Best is trial 180 with value: 0.4147228372997391.
[I 2026-03-10 23:05:02,156] Trial 334 finished with value: 0.4074267348516233 and parameters: {'window_ms': 215, 'overlap': 0.45, 'freq_low_hz': 1150, 'freq_high_hz': 1650}. Best is trial 180 with value: 0.4147228372997391.
[I 2026-03-10 23:05:02,269] Trial 333 finished with value: 0.40445671878333606 and parameters: {'window_ms': 225, 'overlap': 0.55, 'freq_low_hz': 1150, 'freq_high_hz': 1650}. Best is trial 180 with value: 0.4147228372997391.
[I 2026-03-10 23:05:05,416] Trial 335 finished with value: 0.37226796951970487 and parameters: {'window_ms': 215, 'overlap': 0.45, 'freq_low_hz': 1000, 'freq_high_hz': 1600}. Best is trial 180 with value: 0.4147228372997391.
[I 2026-03-10 23:05:07,766] Trial 336 finished with value: 0.3693637057947419 and parameters: {'window_ms': 230, 'overlap': 0.45, 'freq_low_hz': 1050, 'freq_high_hz': 1600}. Best is trial 180 with value: 0.4147228372997391.
[I 2026-03-10 23:05:10,110] Trial 338 finished with value: 0.37695491271402065 and parameters: {'window_ms': 215, 'overlap': 0.45, 'freq_low_hz': 1050, 'freq_high_hz': 1600}. Best is trial 180 with value: 0.4147228372997391.
[I 2026-03-10 23:05:10,505] Trial 337 finished with value: 0.37958450569817265 and parameters: {'window_ms': 215, 'overlap': 0.45, 'freq_low_hz': 900, 'freq_high_hz': 1600}. Best is trial 180 with value: 0.4147228372997391.
[I 2026-03-10 23:05:14,601] Trial 339 finished with value: 0.3693637057947419 and parameters: {'window_ms': 230, 'overlap': 0.45, 'freq_low_hz': 1050, 'freq_high_hz': 1600}. Best is trial 180 with value: 0.4147228372997391.
[I 2026-03-10 23:05:16,769] Trial 340 finished with value: 0.3693637057947419 and parameters: {'window_ms': 230, 'overlap': 0.45, 'freq_low_hz': 1050, 'freq_high_hz': 1600}. Best is trial 180 with value: 0.4147228372997391.
[I 2026-03-10 23:05:19,188] Trial 342 finished with value: 0.37695491271402065 and parameters: {'window_ms': 215, 'overlap': 0.45, 'freq_low_hz': 1050, 'freq_high_hz': 1600}. Best is trial 180 with value: 0.4147228372997391.
[I 2026-03-10 23:05:20,509] Trial 344 finished with value: 0.38399494859041705 and parameters: {'window_ms': 215, 'overlap': 0.55, 'freq_low_hz': 1150, 'freq_high_hz': 1650}. Best is trial 180 with value: 0.4147228372997391.
[I 2026-03-10 23:05:20,865] Trial 343 finished with value: 0.38399921452390695 and parameters: {'window_ms': 230, 'overlap': 0.6000000000000001, 'freq_low_hz': 1150, 'freq_high_hz': 1650}. Best is trial 180 with value: 0.4147228372997391.
[I 2026-03-10 23:05:27,228] Trial 346 finished with value: 0.38399494859041705 and parameters: {'window_ms': 215, 'overlap': 0.55, 'freq_low_hz': 1150, 'freq_high_hz': 1650}. Best is trial 180 with value: 0.4147228372997391.
[I 2026-03-10 23:05:30,787] Trial 348 finished with value: 0.38216816149236177 and parameters: {'window_ms': 230, 'overlap': 0.55, 'freq_low_hz': 1150, 'freq_high_hz': 1750}. Best is trial 180 with value: 0.4147228372997391.
[I 2026-03-10 23:05:34,181] Trial 349 finished with value: 0.38216816149236177 and parameters: {'window_ms': 230, 'overlap': 0.55, 'freq_low_hz': 1150, 'freq_high_hz': 1750}. Best is trial 180 with value: 0.4147228372997391.
[I 2026-03-10 23:05:37,814] Trial 350 finished with value: 0.381587074274341 and parameters: {'window_ms': 220, 'overlap': 0.55, 'freq_low_hz': 1150, 'freq_high_hz': 1750}. Best is trial 180 with value: 0.4147228372997391.
[I 2026-03-10 23:05:40,722] Trial 352 finished with value: 0.382037938325263 and parameters: {'window_ms': 230, 'overlap': 0.6000000000000001, 'freq_low_hz': 1150, 'freq_high_hz': 1750}. Best is trial 180 with value: 0.4147228372997391.
[I 2026-03-10 23:05:42,365] Trial 353 finished with value: 0.3816654340660009 and parameters: {'window_ms': 220, 'overlap': 0.6000000000000001, 'freq_low_hz': 1150, 'freq_high_hz': 1750}. Best is trial 180 with value: 0.4147228372997391.
[I 2026-03-10 23:05:42,815] Trial 341 finished with value: 0.3537670301782714 and parameters: {'window_ms': 215, 'overlap': 0.45, 'freq_low_hz': 1050, 'freq_high_hz': 3800}. Best is trial 180 with value: 0.4147228372997391.
[I 2026-03-10 23:05:48,443] Trial 354 finished with value: 0.4135457538105577 and parameters: {'window_ms': 230, 'overlap': 0.6000000000000001, 'freq_low_hz': 1200, 'freq_high_hz': 1700}. Best is trial 180 with value: 0.4147228372997391.
[I 2026-03-10 23:05:49,960] Trial 355 finished with value: 0.4135457538105577 and parameters: {'window_ms': 230, 'overlap': 0.6000000000000001, 'freq_low_hz': 1200, 'freq_high_hz': 1700}. Best is trial 180 with value: 0.4147228372997391.
[I 2026-03-10 23:05:53,683] Trial 356 finished with value: 0.41123278143751635 and parameters: {'window_ms': 220, 'overlap': 0.6000000000000001, 'freq_low_hz': 1200, 'freq_high_hz': 1700}. Best is trial 180 with value: 0.4147228372997391.
[I 2026-03-10 23:05:58,395] Trial 351 finished with value: 0.3602354459925143 and parameters: {'window_ms': 220, 'overlap': 0.55, 'freq_low_hz': 1150, 'freq_high_hz': 3250}. Best is trial 180 with value: 0.4147228372997391.
[I 2026-03-10 23:05:59,498] Trial 358 finished with value: 0.38329664256772433 and parameters: {'window_ms': 235, 'overlap': 0.6000000000000001, 'freq_low_hz': 1200, 'freq_high_hz': 1700}. Best is trial 180 with value: 0.4147228372997391.
[I 2026-03-10 23:06:01,200] Trial 360 finished with value: 0.38184501948044713 and parameters: {'window_ms': 205, 'overlap': 0.6000000000000001, 'freq_low_hz': 1200, 'freq_high_hz': 1700}. Best is trial 180 with value: 0.4147228372997391.
[I 2026-03-10 23:06:08,330] Trial 362 finished with value: 0.4135457538105577 and parameters: {'window_ms': 230, 'overlap': 0.6000000000000001, 'freq_low_hz': 1200, 'freq_high_hz': 1700}. Best is trial 180 with value: 0.4147228372997391.
[I 2026-03-10 23:06:09,829] Trial 345 finished with value: 0.34788134528121595 and parameters: {'window_ms': 215, 'overlap': 0.55, 'freq_low_hz': 1150, 'freq_high_hz': 5550}. Best is trial 180 with value: 0.4147228372997391.
[I 2026-03-10 23:06:13,263] Trial 363 finished with value: 0.3822685016320284 and parameters: {'window_ms': 175, 'overlap': 0.6000000000000001, 'freq_low_hz': 1200, 'freq_high_hz': 1700}. Best is trial 180 with value: 0.4147228372997391.
[I 2026-03-10 23:06:17,550] Trial 365 finished with value: 0.4135457538105577 and parameters: {'window_ms': 230, 'overlap': 0.6000000000000001, 'freq_low_hz': 1200, 'freq_high_hz': 1700}. Best is trial 180 with value: 0.4147228372997391.
[I 2026-03-10 23:06:18,356] Trial 364 finished with value: 0.38184501948044713 and parameters: {'window_ms': 205, 'overlap': 0.6000000000000001, 'freq_low_hz': 1200, 'freq_high_hz': 1700}. Best is trial 180 with value: 0.4147228372997391.
[I 2026-03-10 23:06:20,131] Trial 366 finished with value: 0.4135457538105577 and parameters: {'window_ms': 230, 'overlap': 0.6000000000000001, 'freq_low_hz': 1200, 'freq_high_hz': 1700}. Best is trial 180 with value: 0.4147228372997391.
[I 2026-03-10 23:06:28,845] Trial 368 finished with value: 0.4135457538105577 and parameters: {'window_ms': 230, 'overlap': 0.6000000000000001, 'freq_low_hz': 1200, 'freq_high_hz': 1700}. Best is trial 180 with value: 0.4147228372997391.
[I 2026-03-10 23:06:33,286] Trial 359 finished with value: 0.35449380376850775 and parameters: {'window_ms': 235, 'overlap': 0.6000000000000001, 'freq_low_hz': 1200, 'freq_high_hz': 3700}. Best is trial 180 with value: 0.4147228372997391.
[I 2026-03-10 23:06:35,758] Trial 369 finished with value: 0.41259970378269095 and parameters: {'window_ms': 230, 'overlap': 0.6000000000000001, 'freq_low_hz': 1200, 'freq_high_hz': 1800}. Best is trial 180 with value: 0.4147228372997391.
[I 2026-03-10 23:06:38,453] Trial 347 finished with value: 0.3719222342995816 and parameters: {'window_ms': 230, 'overlap': 0.55, 'freq_low_hz': 1150, 'freq_high_hz': 5650}. Best is trial 180 with value: 0.4147228372997391.
[I 2026-03-10 23:06:39,922] Trial 370 finished with value: 0.41259970378269095 and parameters: {'window_ms': 230, 'overlap': 0.6000000000000001, 'freq_low_hz': 1200, 'freq_high_hz': 1800}. Best is trial 180 with value: 0.4147228372997391.
[I 2026-03-10 23:06:42,317] Trial 372 finished with value: 0.41259970378269095 and parameters: {'window_ms': 230, 'overlap': 0.6000000000000001, 'freq_low_hz': 1200, 'freq_high_hz': 1800}. Best is trial 180 with value: 0.4147228372997391.
[I 2026-03-10 23:06:54,513] Trial 374 finished with value: 0.41259970378269095 and parameters: {'window_ms': 230, 'overlap': 0.6000000000000001, 'freq_low_hz': 1200, 'freq_high_hz': 1800}. Best is trial 180 with value: 0.4147228372997391.
[I 2026-03-10 23:06:59,430] Trial 375 finished with value: 0.3926362236654588 and parameters: {'window_ms': 230, 'overlap': 0.6000000000000001, 'freq_low_hz': 1200, 'freq_high_hz': 1900}. Best is trial 180 with value: 0.4147228372997391.
[I 2026-03-10 23:07:01,357] Trial 377 finished with value: 0.3926362236654588 and parameters: {'window_ms': 230, 'overlap': 0.6000000000000001, 'freq_low_hz': 1200, 'freq_high_hz': 1900}. Best is trial 180 with value: 0.4147228372997391.
[I 2026-03-10 23:07:04,278] Trial 376 finished with value: 0.3926362236654588 and parameters: {'window_ms': 230, 'overlap': 0.6000000000000001, 'freq_low_hz': 1200, 'freq_high_hz': 1900}. Best is trial 180 with value: 0.4147228372997391.
