[I 2026-03-10 23:13:39,725] Trial 565 finished with value: 0.37680653431519706 and parameters: {'window_ms': 220, 'overlap': 0.6000000000000001, 'freq_low_hz': 1150, 'freq_high_hz': 1850}. Best is trial 180 with value: 0.4147228372997391.
[I 2026-03-10 23:13:42,192] Trial 564 finished with value: 0.380552962182732 and parameters: {'window_ms': 235, 'overlap': 0.6000000000000001, 'freq_low_hz': 1150, 'freq_high_hz': 1850}. Best is trial 180 with value: 0.4147228372997391.
[I 2026-03-10 23:13:44,117] Trial 566 finished with value: 0.37680653431519706 and parameters: {'window_ms': 220, 'overlap': 0.6000000000000001, 'freq_low_hz': 1150, 'freq_high_hz': 1850}. Best is trial 180 with value: 0.4147228372997391.
[I 2026-03-10 23:13:45,309] Trial 551 finished with value: 0.3326078364614117 and parameters: {'window_ms': 250, 'overlap': 0.65, 'freq_low_hz': 1200, 'freq_high_hz': 4500}. Best is trial 180 with value: 0.4147228372997391.
[I 2026-03-10 23:13:47,142] Trial 567 finished with value: 0.37680653431519706 and parameters: {'window_ms': 220, 'overlap': 0.6000000000000001, 'freq_low_hz': 1150, 'freq_high_hz': 1850}. Best is trial 180 with value: 0.4147228372997391.
[I 2026-03-10 23:13:48,550] Trial 568 finished with value: 0.37680653431519706 and parameters: {'window_ms': 220, 'overlap': 0.6000000000000001, 'freq_low_hz': 1150, 'freq_high_hz': 1850}. Best is trial 180 with value: 0.4147228372997391.
[I 2026-03-10 23:13:49,773] Trial 559 finished with value: 0.3463995228794893 and parameters: {'window_ms': 235, 'overlap': 0.6000000000000001, 'freq_low_hz': 1200, 'freq_high_hz': 4500}. Best is trial 180 with value: 0.4147228372997391.
[I 2026-03-10 23:13:53,954] Trial 572 finished with value: 0.36940187270205743 and parameters: {'window_ms': 220, 'overlap': 0.25, 'freq_low_hz': 1100, 'freq_high_hz': 1600}. Best is trial 180 with value: 0.4147228372997391.
[I 2026-03-10 23:13:55,761] Trial 569 finished with value: 0.38000195887986804 and parameters: {'window_ms': 240, 'overlap': 0.6000000000000001, 'freq_low_hz': 1150, 'freq_high_hz': 1850}. Best is trial 180 with value: 0.4147228372997391.
[I 2026-03-10 23:13:56,973] Trial 571 finished with value: 0.38375220700168017 and parameters: {'window_ms': 240, 'overlap': 0.6000000000000001, 'freq_low_hz': 1100, 'freq_high_hz': 1600}. Best is trial 180 with value: 0.4147228372997391.
[I 2026-03-10 23:13:56,979] Trial 570 finished with value: 0.37680653431519706 and parameters: {'window_ms': 220, 'overlap': 0.6000000000000001, 'freq_low_hz': 1150, 'freq_high_hz': 1850}. Best is trial 180 with value: 0.4147228372997391.
[I 2026-03-10 23:13:59,153] Trial 573 finished with value: 0.38375220700168017 and parameters: {'window_ms': 240, 'overlap': 0.6000000000000001, 'freq_low_hz': 1100, 'freq_high_hz': 1600}. Best is trial 180 with value: 0.4147228372997391.
[I 2026-03-10 23:14:00,098] Trial 574 finished with value: 0.38375220700168017 and parameters: {'window_ms': 240, 'overlap': 0.6000000000000001, 'freq_low_hz': 1100, 'freq_high_hz': 1600}. Best is trial 180 with value: 0.4147228372997391.
[I 2026-03-10 23:14:02,678] Trial 575 finished with value: 0.38375220700168017 and parameters: {'window_ms': 240, 'overlap': 0.6000000000000001, 'freq_low_hz': 1100, 'freq_high_hz': 1600}. Best is trial 180 with value: 0.4147228372997391.
[I 2026-03-10 23:14:06,431] Trial 578 finished with value: 0.38375220700168017 and parameters: {'window_ms': 240, 'overlap': 0.6000000000000001, 'freq_low_hz': 1100, 'freq_high_hz': 1600}. Best is trial 180 with value: 0.4147228372997391.
[I 2026-03-10 23:14:08,744] Trial 576 finished with value: 0.3921116121074472 and parameters: {'window_ms': 240, 'overlap': 0.6000000000000001, 'freq_low_hz': 1200, 'freq_high_hz': 2000}. Best is trial 180 with value: 0.4147228372997391.
[I 2026-03-10 23:14:09,958] Trial 579 finished with value: 0.370858865337269 and parameters: {'window_ms': 240, 'overlap': 0.6000000000000001, 'freq_low_hz': 1100, 'freq_high_hz': 1500}. Best is trial 180 with value: 0.4147228372997391.
[I 2026-03-10 23:14:16,130] Trial 582 finished with value: 0.39205019630573334 and parameters: {'window_ms': 240, 'overlap': 0.65, 'freq_low_hz': 1200, 'freq_high_hz': 2000}. Best is trial 180 with value: 0.4147228372997391.
[I 2026-03-10 23:14:16,861] Trial 583 finished with value: 0.382747845342289 and parameters: {'window_ms': 230, 'overlap': 0.65, 'freq_low_hz': 1200, 'freq_high_hz': 1700}. Best is trial 180 with value: 0.4147228372997391.
[I 2026-03-10 23:14:17,162] Trial 580 finished with value: 0.39205019630573334 and parameters: {'window_ms': 240, 'overlap': 0.65, 'freq_low_hz': 1200, 'freq_high_hz': 2000}. Best is trial 180 with value: 0.4147228372997391.
[I 2026-03-10 23:14:17,969] Trial 581 finished with value: 0.39205019630573334 and parameters: {'window_ms': 240, 'overlap': 0.65, 'freq_low_hz': 1200, 'freq_high_hz': 2000}. Best is trial 180 with value: 0.4147228372997391.
[I 2026-03-10 23:14:18,721] Trial 585 finished with value: 0.37828973540470634 and parameters: {'window_ms': 230, 'overlap': 0.35, 'freq_low_hz': 1200, 'freq_high_hz': 2000}. Best is trial 180 with value: 0.4147228372997391.
[I 2026-03-10 23:14:20,270] Trial 584 finished with value: 0.3920476544342791 and parameters: {'window_ms': 230, 'overlap': 0.65, 'freq_low_hz': 1200, 'freq_high_hz': 2000}. Best is trial 180 with value: 0.4147228372997391.
[I 2026-03-10 23:14:23,819] Trial 586 finished with value: 0.382747845342289 and parameters: {'window_ms': 230, 'overlap': 0.65, 'freq_low_hz': 1200, 'freq_high_hz': 1700}. Best is trial 180 with value: 0.4147228372997391.
[I 2026-03-10 23:14:24,091] Trial 577 finished with value: 0.36166643303723284 and parameters: {'window_ms': 240, 'overlap': 0.6000000000000001, 'freq_low_hz': 1200, 'freq_high_hz': 3500}. Best is trial 180 with value: 0.4147228372997391.
[I 2026-03-10 23:14:25,347] Trial 587 finished with value: 0.382747845342289 and parameters: {'window_ms': 230, 'overlap': 0.65, 'freq_low_hz': 1200, 'freq_high_hz': 1700}. Best is trial 180 with value: 0.4147228372997391.
[I 2026-03-10 23:14:25,749] Trial 588 finished with value: 0.382675722158836 and parameters: {'window_ms': 210, 'overlap': 0.65, 'freq_low_hz': 1200, 'freq_high_hz': 1700}. Best is trial 180 with value: 0.4147228372997391.
[I 2026-03-10 23:14:32,354] Trial 589 finished with value: 0.382747845342289 and parameters: {'window_ms': 230, 'overlap': 0.65, 'freq_low_hz': 1200, 'freq_high_hz': 1700}. Best is trial 180 with value: 0.4147228372997391.
[I 2026-03-10 23:14:32,789] Trial 590 finished with value: 0.382747845342289 and parameters: {'window_ms': 230, 'overlap': 0.65, 'freq_low_hz': 1200, 'freq_high_hz': 1700}. Best is trial 180 with value: 0.4147228372997391.
[I 2026-03-10 23:14:33,682] Trial 593 finished with value: 0.3506420953494278 and parameters: {'window_ms': 230, 'overlap': 0.55, 'freq_low_hz': 1000, 'freq_high_hz': 1500}. Best is trial 180 with value: 0.4147228372997391.
[I 2026-03-10 23:14:35,973] Trial 594 finished with value: 0.4102309441120323 and parameters: {'window_ms': 230, 'overlap': 0.55, 'freq_low_hz': 1200, 'freq_high_hz': 1700}. Best is trial 180 with value: 0.4147228372997391.
[I 2026-03-10 23:14:36,352] Trial 592 finished with value: 0.3829531368026565 and parameters: {'window_ms': 230, 'overlap': 0.65, 'freq_low_hz': 1000, 'freq_high_hz': 1500}. Best is trial 180 with value: 0.4147228372997391.
[I 2026-03-10 23:14:36,896] Trial 591 finished with value: 0.34990812587548475 and parameters: {'window_ms': 230, 'overlap': 0.65, 'freq_low_hz': 850, 'freq_high_hz': 1500}. Best is trial 180 with value: 0.4147228372997391.
[I 2026-03-10 23:14:40,182] Trial 597 finished with value: 0.3506420953494278 and parameters: {'window_ms': 230, 'overlap': 0.55, 'freq_low_hz': 1000, 'freq_high_hz': 1500}. Best is trial 180 with value: 0.4147228372997391.
[I 2026-03-10 23:14:40,676] Trial 596 finished with value: 0.3506420953494278 and parameters: {'window_ms': 230, 'overlap': 0.55, 'freq_low_hz': 1000, 'freq_high_hz': 1500}. Best is trial 180 with value: 0.4147228372997391.
[I 2026-03-10 23:14:41,017] Trial 595 finished with value: 0.37393450758314245 and parameters: {'window_ms': 15, 'overlap': 0.55, 'freq_low_hz': 1000, 'freq_high_hz': 1500}. Best is trial 180 with value: 0.4147228372997391.
[I 2026-03-10 23:14:41,520] Trial 598 finished with value: 0.3506420953494278 and parameters: {'window_ms': 230, 'overlap': 0.55, 'freq_low_hz': 1000, 'freq_high_hz': 1500}. Best is trial 180 with value: 0.4147228372997391.
[I 2026-03-10 23:14:48,369] Trial 600 finished with value: 0.3548174339860602 and parameters: {'window_ms': 155, 'overlap': 0.55, 'freq_low_hz': 1000, 'freq_high_hz': 1500}. Best is trial 180 with value: 0.4147228372997391.
[I 2026-03-10 23:14:48,746] Trial 599 finished with value: 0.3585273475461672 and parameters: {'window_ms': 225, 'overlap': 0.55, 'freq_low_hz': 1000, 'freq_high_hz': 1500}. Best is trial 180 with value: 0.4147228372997391.
[I 2026-03-10 23:14:49,005] Trial 601 finished with value: 0.38286277123844514 and parameters: {'window_ms': 225, 'overlap': 0.55, 'freq_low_hz': 1150, 'freq_high_hz': 1750}. Best is trial 180 with value: 0.4147228372997391.
[I 2026-03-10 23:14:56,191] Trial 603 finished with value: 0.3611933907969796 and parameters: {'window_ms': 20, 'overlap': 0.6000000000000001, 'freq_low_hz': 1150, 'freq_high_hz': 1750}. Best is trial 180 with value: 0.4147228372997391.
[I 2026-03-10 23:14:57,426] Trial 605 finished with value: 0.366703191224727 and parameters: {'window_ms': 145, 'overlap': 0.6000000000000001, 'freq_low_hz': 1150, 'freq_high_hz': 1750}. Best is trial 180 with value: 0.4147228372997391.
[I 2026-03-10 23:14:58,056] Trial 606 finished with value: 0.38331526129622995 and parameters: {'window_ms': 245, 'overlap': 0.6000000000000001, 'freq_low_hz': 1150, 'freq_high_hz': 1750}. Best is trial 180 with value: 0.4147228372997391.
[I 2026-03-10 23:14:59,975] Trial 602 finished with value: 0.37979254361569353 and parameters: {'window_ms': 225, 'overlap': 0.6000000000000001, 'freq_low_hz': 600, 'freq_high_hz': 1600}. Best is trial 180 with value: 0.4147228372997391.
[I 2026-03-10 23:15:00,117] Trial 604 finished with value: 0.37979254361569353 and parameters: {'window_ms': 225, 'overlap': 0.6000000000000001, 'freq_low_hz': 600, 'freq_high_hz': 1600}. Best is trial 180 with value: 0.4147228372997391.
[I 2026-03-10 23:15:00,383] Trial 607 finished with value: 0.38331526129622995 and parameters: {'window_ms': 245, 'overlap': 0.6000000000000001, 'freq_low_hz': 1150, 'freq_high_hz': 1750}. Best is trial 180 with value: 0.4147228372997391.
[I 2026-03-10 23:15:01,403] Trial 608 finished with value: 0.3643130720289195 and parameters: {'window_ms': 245, 'overlap': 0.6000000000000001, 'freq_low_hz': 700, 'freq_high_hz': 1600}. Best is trial 180 with value: 0.4147228372997391.
[I 2026-03-10 23:15:06,426] Trial 610 finished with value: 0.38331526129622995 and parameters: {'window_ms': 245, 'overlap': 0.6000000000000001, 'freq_low_hz': 1150, 'freq_high_hz': 1750}. Best is trial 180 with value: 0.4147228372997391.
[I 2026-03-10 23:15:09,487] Trial 611 finished with value: 0.38331526129622995 and parameters: {'window_ms': 245, 'overlap': 0.6000000000000001, 'freq_low_hz': 1150, 'freq_high_hz': 1750}. Best is trial 180 with value: 0.4147228372997391.
[I 2026-03-10 23:15:12,470] Trial 609 finished with value: 0.37876026407436875 and parameters: {'window_ms': 245, 'overlap': 0.6000000000000001, 'freq_low_hz': 600, 'freq_high_hz': 1600}. Best is trial 180 with value: 0.4147228372997391.
[I 2026-03-10 23:15:18,562] Trial 612 finished with value: 0.38331526129622995 and parameters: {'window_ms': 245, 'overlap': 0.6000000000000001, 'freq_low_hz': 1150, 'freq_high_hz': 1750}. Best is trial 180 with value: 0.4147228372997391.
[I 2026-03-10 23:15:20,690] Trial 613 finished with value: 0.39241121696428655 and parameters: {'window_ms': 235, 'overlap': 0.6000000000000001, 'freq_low_hz': 1200, 'freq_high_hz': 1900}. Best is trial 180 with value: 0.4147228372997391.
[I 2026-03-10 23:15:22,042] Trial 615 finished with value: 0.3921930596138021 and parameters: {'window_ms': 235, 'overlap': 0.65, 'freq_low_hz': 1200, 'freq_high_hz': 1900}. Best is trial 180 with value: 0.4147228372997391.
[I 2026-03-10 23:15:22,187] Trial 616 finished with value: 0.3921930596138021 and parameters: {'window_ms': 235, 'overlap': 0.65, 'freq_low_hz': 1200, 'freq_high_hz': 1900}. Best is trial 180 with value: 0.4147228372997391.
[I 2026-03-10 23:15:22,857] Trial 614 finished with value: 0.3793954856298867 and parameters: {'window_ms': 235, 'overlap': 0.6000000000000001, 'freq_low_hz': 1050, 'freq_high_hz': 1900}. Best is trial 180 with value: 0.4147228372997391.
[I 2026-03-10 23:15:23,471] Trial 617 finished with value: 0.3921930596138021 and parameters: {'window_ms': 235, 'overlap': 0.65, 'freq_low_hz': 1200, 'freq_high_hz': 1900}. Best is trial 180 with value: 0.4147228372997391.
[I 2026-03-10 23:15:30,590] Trial 620 finished with value: 0.351162222786511 and parameters: {'window_ms': 40, 'overlap': 0.7, 'freq_low_hz': 1200, 'freq_high_hz': 1900}. Best is trial 180 with value: 0.4147228372997391.
[I 2026-03-10 23:15:32,025] Trial 619 finished with value: 0.37801144896583855 and parameters: {'window_ms': 215, 'overlap': 0.7, 'freq_low_hz': 1200, 'freq_high_hz': 1900}. Best is trial 180 with value: 0.4147228372997391.
[I 2026-03-10 23:15:38,274] Trial 621 finished with value: 0.3921930596138021 and parameters: {'window_ms': 235, 'overlap': 0.65, 'freq_low_hz': 1200, 'freq_high_hz': 1900}. Best is trial 180 with value: 0.4147228372997391.
[I 2026-03-10 23:15:41,524] Trial 618 finished with value: 0.366872277976521 and parameters: {'window_ms': 235, 'overlap': 0.65, 'freq_low_hz': 300, 'freq_high_hz': 1900}. Best is trial 180 with value: 0.4147228372997391.
[I 2026-03-10 23:15:44,195] Trial 623 finished with value: 0.3921930596138021 and parameters: {'window_ms': 235, 'overlap': 0.65, 'freq_low_hz': 1200, 'freq_high_hz': 1900}. Best is trial 180 with value: 0.4147228372997391.
[I 2026-03-10 23:15:45,534] Trial 622 finished with value: 0.3921930596138021 and parameters: {'window_ms': 235, 'overlap': 0.65, 'freq_low_hz': 1200, 'freq_high_hz': 1900}. Best is trial 180 with value: 0.4147228372997391.
[I 2026-03-10 23:15:48,193] Trial 624 finished with value: 0.3793459962427529 and parameters: {'window_ms': 215, 'overlap': 0.65, 'freq_low_hz': 1050, 'freq_high_hz': 1900}. Best is trial 180 with value: 0.4147228372997391.
[I 2026-03-10 23:15:48,621] Trial 626 finished with value: 0.3860207728850932 and parameters: {'window_ms': 215, 'overlap': 0.65, 'freq_low_hz': 1200, 'freq_high_hz': 1900}. Best is trial 180 with value: 0.4147228372997391.
[I 2026-03-10 23:15:50,918] Trial 625 finished with value: 0.37948327834043566 and parameters: {'window_ms': 220, 'overlap': 0.65, 'freq_low_hz': 1050, 'freq_high_hz': 1900}. Best is trial 180 with value: 0.4147228372997391.
[I 2026-03-10 23:15:54,539] Trial 628 finished with value: 0.414949757177793 and parameters: {'window_ms': 220, 'overlap': 0.65, 'freq_low_hz': 1200, 'freq_high_hz': 1800}. Best is trial 628 with value: 0.414949757177793.
[I 2026-03-10 23:15:58,683] Trial 627 finished with value: 0.3670398289653198 and parameters: {'window_ms': 220, 'overlap': 0.7, 'freq_low_hz': 200, 'freq_high_hz': 1600}. Best is trial 628 with value: 0.414949757177793.
[I 2026-03-10 23:16:02,825] Trial 630 finished with value: 0.414949757177793 and parameters: {'window_ms': 220, 'overlap': 0.65, 'freq_low_hz': 1200, 'freq_high_hz': 1800}. Best is trial 628 with value: 0.414949757177793.
[I 2026-03-10 23:16:03,757] Trial 631 finished with value: 0.4123478308416643 and parameters: {'window_ms': 220, 'overlap': 0.65, 'freq_low_hz': 1200, 'freq_high_hz': 1700}. Best is trial 628 with value: 0.414949757177793.
[I 2026-03-10 23:16:03,881] Trial 632 finished with value: 0.4123478308416643 and parameters: {'window_ms': 220, 'overlap': 0.65, 'freq_low_hz': 1200, 'freq_high_hz': 1700}. Best is trial 628 with value: 0.414949757177793.
[I 2026-03-10 23:16:04,225] Trial 633 finished with value: 0.41123278143751635 and parameters: {'window_ms': 220, 'overlap': 0.6000000000000001, 'freq_low_hz': 1200, 'freq_high_hz': 1700}. Best is trial 628 with value: 0.414949757177793.
[I 2026-03-10 23:16:07,469] Trial 635 finished with value: 0.3835087494215318 and parameters: {'window_ms': 220, 'overlap': 0.6000000000000001, 'freq_low_hz': 1150, 'freq_high_hz': 1650}. Best is trial 628 with value: 0.414949757177793.
[I 2026-03-10 23:16:09,963] Trial 629 finished with value: 0.34600948838869605 and parameters: {'window_ms': 220, 'overlap': 0.65, 'freq_low_hz': 1200, 'freq_high_hz': 2800}. Best is trial 628 with value: 0.414949757177793.
[I 2026-03-10 23:16:10,226] Trial 634 finished with value: 0.41123278143751635 and parameters: {'window_ms': 220, 'overlap': 0.6000000000000001, 'freq_low_hz': 1200, 'freq_high_hz': 1700}. Best is trial 628 with value: 0.414949757177793.
[I 2026-03-10 23:16:10,343] Trial 636 finished with value: 0.38402892166036773 and parameters: {'window_ms': 225, 'overlap': 0.6000000000000001, 'freq_low_hz': 1150, 'freq_high_hz': 1650}. Best is trial 628 with value: 0.414949757177793.
[I 2026-03-10 23:16:15,914] Trial 637 finished with value: 0.41122945643760006 and parameters: {'window_ms': 225, 'overlap': 0.7, 'freq_low_hz': 1150, 'freq_high_hz': 1650}. Best is trial 628 with value: 0.414949757177793.
[I 2026-03-10 23:16:20,978] Trial 638 finished with value: 0.3824186805035093 and parameters: {'window_ms': 225, 'overlap': 0.65, 'freq_low_hz': 1150, 'freq_high_hz': 1750}. Best is trial 628 with value: 0.414949757177793.
[I 2026-03-10 23:16:26,301] Trial 642 finished with value: 0.38209357677983735 and parameters: {'window_ms': 210, 'overlap': 0.7, 'freq_low_hz': 1150, 'freq_high_hz': 1750}. Best is trial 628 with value: 0.414949757177793.
[I 2026-03-10 23:16:27,106] Trial 640 finished with value: 0.38221014131304504 and parameters: {'window_ms': 225, 'overlap': 0.7, 'freq_low_hz': 1150, 'freq_high_hz': 1750}. Best is trial 628 with value: 0.414949757177793.
[I 2026-03-10 23:16:30,647] Trial 643 finished with value: 0.38221014131304504 and parameters: {'window_ms': 225, 'overlap': 0.7, 'freq_low_hz': 1150, 'freq_high_hz': 1750}. Best is trial 628 with value: 0.414949757177793.
[I 2026-03-10 23:16:32,426] Trial 639 finished with value: 0.3640340543847834 and parameters: {'window_ms': 220, 'overlap': 0.7, 'freq_low_hz': 1150, 'freq_high_hz': 2150}. Best is trial 628 with value: 0.414949757177793.
[I 2026-03-10 23:16:33,208] Trial 645 finished with value: 0.38221014131304504 and parameters: {'window_ms': 225, 'overlap': 0.7, 'freq_low_hz': 1150, 'freq_high_hz': 1750}. Best is trial 628 with value: 0.414949757177793.
[I 2026-03-10 23:16:33,841] Trial 644 finished with value: 0.38221014131304504 and parameters: {'window_ms': 225, 'overlap': 0.7, 'freq_low_hz': 1150, 'freq_high_hz': 1750}. Best is trial 628 with value: 0.414949757177793.
[I 2026-03-10 23:16:39,780] Trial 647 finished with value: 0.38191344686365075 and parameters: {'window_ms': 210, 'overlap': 0.65, 'freq_low_hz': 1150, 'freq_high_hz': 1750}. Best is trial 628 with value: 0.414949757177793.
[I 2026-03-10 23:16:40,022] Trial 646 finished with value: 0.36400356564045966 and parameters: {'window_ms': 225, 'overlap': 0.7, 'freq_low_hz': 1150, 'freq_high_hz': 2150}. Best is trial 628 with value: 0.414949757177793.
[I 2026-03-10 23:16:40,423] Trial 648 finished with value: 0.40273684281919053 and parameters: {'window_ms': 210, 'overlap': 0.65, 'freq_low_hz': 1200, 'freq_high_hz': 1800}. Best is trial 628 with value: 0.414949757177793.
[I 2026-03-10 23:16:41,026] Trial 641 finished with value: 0.33220078771256933 and parameters: {'window_ms': 225, 'overlap': 0.7, 'freq_low_hz': 1150, 'freq_high_hz': 2750}. Best is trial 628 with value: 0.414949757177793.
[I 2026-03-10 23:16:48,863] Trial 649 finished with value: 0.4046325667895978 and parameters: {'window_ms': 205, 'overlap': 0.65, 'freq_low_hz': 1200, 'freq_high_hz': 1800}. Best is trial 628 with value: 0.414949757177793.
[I 2026-03-10 23:16:49,403] Trial 650 finished with value: 0.40273684281919053 and parameters: {'window_ms': 210, 'overlap': 0.65, 'freq_low_hz': 1200, 'freq_high_hz': 1800}. Best is trial 628 with value: 0.414949757177793.
[I 2026-03-10 23:16:51,879] Trial 653 finished with value: 0.3521893060040742 and parameters: {'window_ms': 50, 'overlap': 0.65, 'freq_low_hz': 1200, 'freq_high_hz': 1800}. Best is trial 628 with value: 0.414949757177793.
[I 2026-03-10 23:16:53,218] Trial 652 finished with value: 0.4046325667895978 and parameters: {'window_ms': 205, 'overlap': 0.65, 'freq_low_hz': 1200, 'freq_high_hz': 1800}. Best is trial 628 with value: 0.414949757177793.
[I 2026-03-10 23:16:55,499] Trial 654 finished with value: 0.4046325667895978 and parameters: {'window_ms': 205, 'overlap': 0.65, 'freq_low_hz': 1200, 'freq_high_hz': 1800}. Best is trial 628 with value: 0.414949757177793.
[I 2026-03-10 23:17:00,368] Trial 656 finished with value: 0.4016762765066289 and parameters: {'window_ms': 235, 'overlap': 0.65, 'freq_low_hz': 1200, 'freq_high_hz': 1800}. Best is trial 628 with value: 0.414949757177793.
[I 2026-03-10 23:17:03,480] Trial 658 finished with value: 0.413665690906141 and parameters: {'window_ms': 195, 'overlap': 0.65, 'freq_low_hz': 1200, 'freq_high_hz': 1800}. Best is trial 628 with value: 0.414949757177793.
[I 2026-03-10 23:17:04,080] Trial 655 finished with value: 0.413665690906141 and parameters: {'window_ms': 195, 'overlap': 0.65, 'freq_low_hz': 1200, 'freq_high_hz': 1800}. Best is trial 628 with value: 0.414949757177793.
[I 2026-03-10 23:17:04,234] Trial 657 finished with value: 0.4016762765066289 and parameters: {'window_ms': 235, 'overlap': 0.65, 'freq_low_hz': 1200, 'freq_high_hz': 1800}. Best is trial 628 with value: 0.414949757177793.
