[I 2026-03-10 23:32:22,518] Trial 73 finished with value: 0.405784243558677 and parameters: {'window_ms': 105, 'overlap': 0.75, 'freq_low_hz': 1200, 'freq_high_hz': 2500, 'epsilon': 0.16699396992139898, 'd_freq': 6}. Best is trial 39 with value: 0.4583472648178159.
[I 2026-03-10 23:33:04,089] Trial 79 finished with value: 0.4248497976430326 and parameters: {'window_ms': 90, 'overlap': 0.7, 'freq_low_hz': 1100, 'freq_high_hz': 1600, 'epsilon': 0.06739722542177842, 'd_freq': 3}. Best is trial 39 with value: 0.4583472648178159.
[I 2026-03-10 23:33:11,351] Trial 80 finished with value: 0.45821880365906975 and parameters: {'window_ms': 80, 'overlap': 0.7, 'freq_low_hz': 1100, 'freq_high_hz': 1600, 'epsilon': 0.06262233601658714, 'd_freq': 3}. Best is trial 39 with value: 0.4583472648178159.
[I 2026-03-10 23:33:55,533] Trial 75 finished with value: 0.4406380963026585 and parameters: {'window_ms': 115, 'overlap': 0.8500000000000001, 'freq_low_hz': 1200, 'freq_high_hz': 2100, 'epsilon': 0.15008005388382342, 'd_freq': 3}. Best is trial 39 with value: 0.4583472648178159.
[I 2026-03-10 23:34:13,505] Trial 77 finished with value: 0.4248321480289756 and parameters: {'window_ms': 90, 'overlap': 0.8500000000000001, 'freq_low_hz': 1100, 'freq_high_hz': 2000, 'epsilon': 0.14221057031740114, 'd_freq': 3}. Best is trial 39 with value: 0.4583472648178159.
[I 2026-03-10 23:34:39,932] Trial 81 finished with value: 0.4223601705642283 and parameters: {'window_ms': 180, 'overlap': 0.6000000000000001, 'freq_low_hz': 1100, 'freq_high_hz': 3200, 'epsilon': 0.032578165153862214, 'd_freq': 3}. Best is trial 39 with value: 0.4583472648178159.
[I 2026-03-10 23:34:51,021] Trial 78 finished with value: 0.4215817753260425 and parameters: {'window_ms': 90, 'overlap': 0.7, 'freq_low_hz': 1100, 'freq_high_hz': 3200, 'epsilon': 0.14767520160055866, 'd_freq': 3}. Best is trial 39 with value: 0.4583472648178159.
[I 2026-03-10 23:34:51,250] Trial 82 finished with value: 0.4407731699363343 and parameters: {'window_ms': 85, 'overlap': 0.8, 'freq_low_hz': 1100, 'freq_high_hz': 1900, 'epsilon': 0.142245293896227, 'd_freq': 3}. Best is trial 39 with value: 0.4583472648178159.
[I 2026-03-10 23:35:05,796] Trial 83 finished with value: 0.4180446136162584 and parameters: {'window_ms': 85, 'overlap': 0.8, 'freq_low_hz': 1050, 'freq_high_hz': 1900, 'epsilon': 0.031817762817517185, 'd_freq': 4}. Best is trial 39 with value: 0.4583472648178159.
[I 2026-03-10 23:35:35,802] Trial 87 finished with value: 0.4212822777008751 and parameters: {'window_ms': 45, 'overlap': 0.65, 'freq_low_hz': 1050, 'freq_high_hz': 1600, 'epsilon': 0.4493830798649695, 'd_freq': 4}. Best is trial 39 with value: 0.4583472648178159.
[I 2026-03-10 23:35:44,641] Trial 86 finished with value: 0.42544215064975505 and parameters: {'window_ms': 50, 'overlap': 0.65, 'freq_low_hz': 1050, 'freq_high_hz': 1800, 'epsilon': 0.08364232111099106, 'd_freq': 4}. Best is trial 39 with value: 0.4583472648178159.
[I 2026-03-10 23:36:03,481] Trial 85 finished with value: 0.4183482138305731 and parameters: {'window_ms': 75, 'overlap': 0.8, 'freq_low_hz': 1000, 'freq_high_hz': 1800, 'epsilon': 0.08415032897019387, 'd_freq': 4}. Best is trial 39 with value: 0.4583472648178159.
[I 2026-03-10 23:36:14,131] Trial 84 finished with value: 0.4144887659882348 and parameters: {'window_ms': 50, 'overlap': 0.8, 'freq_low_hz': 1050, 'freq_high_hz': 3300, 'epsilon': 0.032977115923382774, 'd_freq': 4}. Best is trial 39 with value: 0.4583472648178159.
[I 2026-03-10 23:36:55,549] Trial 76 finished with value: 0.4210888736926729 and parameters: {'window_ms': 120, 'overlap': 0.8500000000000001, 'freq_low_hz': 1100, 'freq_high_hz': 3200, 'epsilon': 0.14423338214341977, 'd_freq': 3}. Best is trial 39 with value: 0.4583472648178159.
[I 2026-03-10 23:37:01,625] Trial 88 finished with value: 0.4387309887857221 and parameters: {'window_ms': 170, 'overlap': 0.65, 'freq_low_hz': 1000, 'freq_high_hz': 1600, 'epsilon': 0.07477849913134314, 'd_freq': 1}. Best is trial 39 with value: 0.4583472648178159.
[I 2026-03-10 23:37:41,621] Trial 89 finished with value: 0.467642220798863 and parameters: {'window_ms': 205, 'overlap': 0.7, 'freq_low_hz': 1000, 'freq_high_hz': 1500, 'epsilon': 0.07341244908311768, 'd_freq': 1}. Best is trial 89 with value: 0.467642220798863.
[I 2026-03-10 23:37:54,827] Trial 90 finished with value: 0.4387113033644486 and parameters: {'window_ms': 170, 'overlap': 0.7, 'freq_low_hz': 1000, 'freq_high_hz': 1500, 'epsilon': 0.06256077733835216, 'd_freq': 1}. Best is trial 89 with value: 0.467642220798863.
[I 2026-03-10 23:38:19,234] Trial 91 finished with value: 0.4498872403113742 and parameters: {'window_ms': 170, 'overlap': 0.7, 'freq_low_hz': 950, 'freq_high_hz': 1500, 'epsilon': 0.060342991654723385, 'd_freq': 1}. Best is trial 89 with value: 0.467642220798863.
[I 2026-03-10 23:39:19,504] Trial 93 finished with value: 0.44836863289509954 and parameters: {'window_ms': 165, 'overlap': 0.7, 'freq_low_hz': 950, 'freq_high_hz': 1500, 'epsilon': 0.0666668302966497, 'd_freq': 1}. Best is trial 89 with value: 0.467642220798863.
[I 2026-03-10 23:39:29,802] Trial 97 finished with value: 0.4581929915486911 and parameters: {'window_ms': 200, 'overlap': 0.55, 'freq_low_hz': 1150, 'freq_high_hz': 1850, 'epsilon': 0.06987156772261381, 'd_freq': 2}. Best is trial 89 with value: 0.467642220798863.
[I 2026-03-10 23:39:54,124] Trial 95 finished with value: 0.45291575105614384 and parameters: {'window_ms': 145, 'overlap': 0.7, 'freq_low_hz': 950, 'freq_high_hz': 1500, 'epsilon': 0.06465747479384873, 'd_freq': 1}. Best is trial 89 with value: 0.467642220798863.
[I 2026-03-10 23:41:36,179] Trial 99 finished with value: 0.42694936343335055 and parameters: {'window_ms': 205, 'overlap': 0.55, 'freq_low_hz': 350, 'freq_high_hz': 1900, 'epsilon': 0.09098504586102008, 'd_freq': 2}. Best is trial 89 with value: 0.467642220798863.
[I 2026-03-10 23:42:14,832] Trial 101 finished with value: 0.45193570794566673 and parameters: {'window_ms': 215, 'overlap': 0.55, 'freq_low_hz': 1150, 'freq_high_hz': 1850, 'epsilon': 0.10436330117335847, 'd_freq': 5}. Best is trial 89 with value: 0.467642220798863.
[I 2026-03-10 23:42:22,658] Trial 100 finished with value: 0.42684946450720485 and parameters: {'window_ms': 205, 'overlap': 0.55, 'freq_low_hz': 350, 'freq_high_hz': 2200, 'epsilon': 0.1030104001170481, 'd_freq': 2}. Best is trial 89 with value: 0.467642220798863.
[I 2026-03-10 23:43:30,936] Trial 98 finished with value: 0.43462673120935513 and parameters: {'window_ms': 205, 'overlap': 0.55, 'freq_low_hz': 1150, 'freq_high_hz': 5250, 'epsilon': 0.05398363596259455, 'd_freq': 2}. Best is trial 89 with value: 0.467642220798863.
[I 2026-03-10 23:44:16,615] Trial 104 finished with value: 0.4176809388065389 and parameters: {'window_ms': 185, 'overlap': 0.75, 'freq_low_hz': 900, 'freq_high_hz': 2100, 'epsilon': 0.07562941070569551, 'd_freq': 13}. Best is trial 89 with value: 0.467642220798863.
[I 2026-03-10 23:45:34,661] Trial 105 finished with value: 0.4581504349824692 and parameters: {'window_ms': 240, 'overlap': 0.45, 'freq_low_hz': 1200, 'freq_high_hz': 1700, 'epsilon': 0.04116979873836451, 'd_freq': 1}. Best is trial 89 with value: 0.467642220798863.
[I 2026-03-10 23:46:15,645] Trial 102 finished with value: 0.43452760426391485 and parameters: {'window_ms': 225, 'overlap': 0.45, 'freq_low_hz': 1200, 'freq_high_hz': 5100, 'epsilon': 0.0751698119039981, 'd_freq': 2}. Best is trial 89 with value: 0.467642220798863.
[I 2026-03-10 23:46:22,029] Trial 103 finished with value: 0.4347012831728802 and parameters: {'window_ms': 240, 'overlap': 0.45, 'freq_low_hz': 1200, 'freq_high_hz': 5500, 'epsilon': 0.07515826140006399, 'd_freq': 2}. Best is trial 89 with value: 0.467642220798863.
[I 2026-03-10 23:46:47,786] Trial 106 finished with value: 0.4581504349824692 and parameters: {'window_ms': 240, 'overlap': 0.45, 'freq_low_hz': 1200, 'freq_high_hz': 1700, 'epsilon': 0.04207196329126073, 'd_freq': 1}. Best is trial 89 with value: 0.467642220798863.
[I 2026-03-10 23:47:21,892] Trial 107 finished with value: 0.4664790693056904 and parameters: {'window_ms': 240, 'overlap': 0.45, 'freq_low_hz': 1100, 'freq_high_hz': 1600, 'epsilon': 0.037269479749056166, 'd_freq': 1}. Best is trial 89 with value: 0.467642220798863.
[I 2026-03-10 23:47:41,262] Trial 108 finished with value: 0.46253362277545385 and parameters: {'window_ms': 240, 'overlap': 0.5, 'freq_low_hz': 1100, 'freq_high_hz': 1600, 'epsilon': 0.03635992975392771, 'd_freq': 1}. Best is trial 89 with value: 0.467642220798863.
[I 2026-03-10 23:48:01,684] Trial 109 finished with value: 0.46253362277545385 and parameters: {'window_ms': 240, 'overlap': 0.5, 'freq_low_hz': 1100, 'freq_high_hz': 1600, 'epsilon': 0.04136015308302639, 'd_freq': 1}. Best is trial 89 with value: 0.467642220798863.
[I 2026-03-10 23:48:34,006] Trial 110 finished with value: 0.4661490565180548 and parameters: {'window_ms': 240, 'overlap': 0.45, 'freq_low_hz': 1150, 'freq_high_hz': 1650, 'epsilon': 0.04081430218353023, 'd_freq': 1}. Best is trial 89 with value: 0.467642220798863.
[I 2026-03-10 23:49:02,979] Trial 111 finished with value: 0.4662278577482911 and parameters: {'window_ms': 225, 'overlap': 0.5, 'freq_low_hz': 1100, 'freq_high_hz': 1600, 'epsilon': 0.0884515814058056, 'd_freq': 1}. Best is trial 89 with value: 0.467642220798863.
[I 2026-03-10 23:49:31,544] Trial 112 finished with value: 0.4554708643594003 and parameters: {'window_ms': 225, 'overlap': 0.5, 'freq_low_hz': 1050, 'freq_high_hz': 1600, 'epsilon': 0.25192776629757685, 'd_freq': 1}. Best is trial 89 with value: 0.467642220798863.
[I 2026-03-10 23:49:58,359] Trial 113 finished with value: 0.466303137115785 and parameters: {'window_ms': 245, 'overlap': 0.5, 'freq_low_hz': 1050, 'freq_high_hz': 1600, 'epsilon': 0.03053448772946783, 'd_freq': 1}. Best is trial 89 with value: 0.467642220798863.
[I 2026-03-10 23:50:28,374] Trial 114 finished with value: 0.46645785099430964 and parameters: {'window_ms': 230, 'overlap': 0.5, 'freq_low_hz': 1050, 'freq_high_hz': 1600, 'epsilon': 0.025970392916277445, 'd_freq': 1}. Best is trial 89 with value: 0.467642220798863.
[I 2026-03-10 23:50:54,134] Trial 115 finished with value: 0.45798386391043866 and parameters: {'window_ms': 245, 'overlap': 0.5, 'freq_low_hz': 1100, 'freq_high_hz': 1600, 'epsilon': 0.02721268542694911, 'd_freq': 1}. Best is trial 89 with value: 0.467642220798863.
[I 2026-03-10 23:51:04,987] Trial 92 finished with value: 0.42768867268644456 and parameters: {'window_ms': 170, 'overlap': 0.7, 'freq_low_hz': 1150, 'freq_high_hz': 5450, 'epsilon': 0.06427417497509788, 'd_freq': 1}. Best is trial 89 with value: 0.467642220798863.
[I 2026-03-10 23:51:18,271] Trial 94 finished with value: 0.44058103773379387 and parameters: {'window_ms': 205, 'overlap': 0.7, 'freq_low_hz': 1150, 'freq_high_hz': 5150, 'epsilon': 0.0598371664769437, 'd_freq': 1}. Best is trial 89 with value: 0.467642220798863.
[I 2026-03-10 23:51:20,635] Trial 116 finished with value: 0.45798386391043866 and parameters: {'window_ms': 245, 'overlap': 0.5, 'freq_low_hz': 1100, 'freq_high_hz': 1600, 'epsilon': 0.02035691908554751, 'd_freq': 1}. Best is trial 89 with value: 0.467642220798863.
[I 2026-03-10 23:52:02,728] Trial 117 finished with value: 0.462507316032532 and parameters: {'window_ms': 245, 'overlap': 0.5, 'freq_low_hz': 1000, 'freq_high_hz': 1600, 'epsilon': 0.021401090690491696, 'd_freq': 1}. Best is trial 89 with value: 0.467642220798863.
[I 2026-03-10 23:52:07,177] Trial 96 finished with value: 0.4277242589911579 and parameters: {'window_ms': 225, 'overlap': 0.7, 'freq_low_hz': 1150, 'freq_high_hz': 5150, 'epsilon': 0.06730824114532474, 'd_freq': 1}. Best is trial 89 with value: 0.467642220798863.
[I 2026-03-10 23:52:25,783] Trial 118 finished with value: 0.45310662887056097 and parameters: {'window_ms': 235, 'overlap': 0.5, 'freq_low_hz': 1000, 'freq_high_hz': 1600, 'epsilon': 0.050524191087292836, 'd_freq': 1}. Best is trial 89 with value: 0.467642220798863.
[I 2026-03-10 23:52:34,240] Trial 119 finished with value: 0.4616467262574793 and parameters: {'window_ms': 230, 'overlap': 0.5, 'freq_low_hz': 1000, 'freq_high_hz': 1600, 'epsilon': 0.03514829423386176, 'd_freq': 1}. Best is trial 89 with value: 0.467642220798863.
[I 2026-03-10 23:52:37,198] Trial 121 finished with value: 0.46279415471762964 and parameters: {'window_ms': 230, 'overlap': 0.5, 'freq_low_hz': 1000, 'freq_high_hz': 1500, 'epsilon': 0.03864417962196431, 'd_freq': 1}. Best is trial 89 with value: 0.467642220798863.
[I 2026-03-10 23:52:43,313] Trial 120 finished with value: 0.4616467262574793 and parameters: {'window_ms': 230, 'overlap': 0.5, 'freq_low_hz': 1000, 'freq_high_hz': 1600, 'epsilon': 0.03600326774153256, 'd_freq': 1}. Best is trial 89 with value: 0.467642220798863.
[I 2026-03-10 23:53:16,640] Trial 122 finished with value: 0.46279415471762964 and parameters: {'window_ms': 230, 'overlap': 0.5, 'freq_low_hz': 1000, 'freq_high_hz': 1500, 'epsilon': 0.03544984546236592, 'd_freq': 1}. Best is trial 89 with value: 0.467642220798863.
[I 2026-03-10 23:53:46,083] Trial 124 finished with value: 0.43819718802435204 and parameters: {'window_ms': 250, 'overlap': 0.4, 'freq_low_hz': 900, 'freq_high_hz': 1500, 'epsilon': 0.03695772783553402, 'd_freq': 1}. Best is trial 89 with value: 0.467642220798863.
[I 2026-03-10 23:54:20,611] Trial 127 finished with value: 0.4381004971414895 and parameters: {'window_ms': 230, 'overlap': 0.5, 'freq_low_hz': 900, 'freq_high_hz': 1500, 'epsilon': 0.030413857329477486, 'd_freq': 1}. Best is trial 89 with value: 0.467642220798863.
[I 2026-03-10 23:54:32,188] Trial 125 finished with value: 0.4519537707906707 and parameters: {'window_ms': 250, 'overlap': 0.4, 'freq_low_hz': 1000, 'freq_high_hz': 2000, 'epsilon': 0.03643352649421519, 'd_freq': 1}. Best is trial 89 with value: 0.467642220798863.
[I 2026-03-10 23:54:37,398] Trial 128 finished with value: 0.4383383705505527 and parameters: {'window_ms': 230, 'overlap': 0.4, 'freq_low_hz': 900, 'freq_high_hz': 1500, 'epsilon': 0.03659546459554968, 'd_freq': 1}. Best is trial 89 with value: 0.467642220798863.
[I 2026-03-10 23:55:09,926] Trial 126 finished with value: 0.4347542245691673 and parameters: {'window_ms': 230, 'overlap': 0.5, 'freq_low_hz': 900, 'freq_high_hz': 2000, 'epsilon': 0.0358338899064862, 'd_freq': 1}. Best is trial 89 with value: 0.467642220798863.
[I 2026-03-10 23:56:00,238] Trial 132 finished with value: 0.45820513123006534 and parameters: {'window_ms': 240, 'overlap': 0.45, 'freq_low_hz': 1050, 'freq_high_hz': 1700, 'epsilon': 0.020204195681870388, 'd_freq': 1}. Best is trial 89 with value: 0.467642220798863.
[I 2026-03-10 23:56:07,437] Trial 131 finished with value: 0.4520234421523593 and parameters: {'window_ms': 235, 'overlap': 0.45, 'freq_low_hz': 950, 'freq_high_hz': 1700, 'epsilon': 0.020220378609613555, 'd_freq': 1}. Best is trial 89 with value: 0.467642220798863.
[I 2026-03-10 23:56:07,644] Trial 129 finished with value: 0.43472918583151227 and parameters: {'window_ms': 230, 'overlap': 0.45, 'freq_low_hz': 900, 'freq_high_hz': 2000, 'epsilon': 0.020149382036847838, 'd_freq': 1}. Best is trial 89 with value: 0.467642220798863.
[I 2026-03-10 23:56:32,804] Trial 133 finished with value: 0.46229317392546454 and parameters: {'window_ms': 235, 'overlap': 0.45, 'freq_low_hz': 1050, 'freq_high_hz': 1700, 'epsilon': 0.022110912350094363, 'd_freq': 1}. Best is trial 89 with value: 0.467642220798863.
[I 2026-03-10 23:58:36,919] Trial 130 finished with value: 0.4348443923066163 and parameters: {'window_ms': 235, 'overlap': 0.45, 'freq_low_hz': 950, 'freq_high_hz': 3700, 'epsilon': 0.022830404585236597, 'd_freq': 1}. Best is trial 89 with value: 0.467642220798863.
[I 2026-03-11 00:00:24,911] Trial 123 finished with value: 0.43520480278798546 and parameters: {'window_ms': 235, 'overlap': 0.5, 'freq_low_hz': 1000, 'freq_high_hz': 5900, 'epsilon': 0.035421614976740276, 'd_freq': 1}. Best is trial 89 with value: 0.467642220798863.
Wrote Optuna tuning outputs to localization/tuning/results/respeaker_v3_optuna_launches/20260310_225541/ssz/20260310_225542
