[I 2026-03-10 23:22:10,699] Trial 370 finished with value: 0.38663365801807736 and parameters: {'window_ms': 195, 'overlap': 0.5, 'freq_low_hz': 650, 'freq_high_hz': 1700}. Best is trial 318 with value: 0.42305991464449244.
[I 2026-03-10 23:22:13,249] Trial 373 finished with value: 0.3673931966879301 and parameters: {'window_ms': 195, 'overlap': 0.55, 'freq_low_hz': 500, 'freq_high_hz': 1700}. Best is trial 318 with value: 0.42305991464449244.
[I 2026-03-10 23:22:16,177] Trial 375 finished with value: 0.36952961769686477 and parameters: {'window_ms': 215, 'overlap': 0.55, 'freq_low_hz': 1000, 'freq_high_hz': 1700}. Best is trial 318 with value: 0.42305991464449244.
[I 2026-03-10 23:22:17,598] Trial 378 finished with value: 0.4020607351312549 and parameters: {'window_ms': 205, 'overlap': 0.4, 'freq_low_hz': 1200, 'freq_high_hz': 1800}. Best is trial 318 with value: 0.42305991464449244.
[I 2026-03-10 23:22:17,729] Trial 376 finished with value: 0.4061548851343214 and parameters: {'window_ms': 205, 'overlap': 0.55, 'freq_low_hz': 1200, 'freq_high_hz': 1800}. Best is trial 318 with value: 0.42305991464449244.
[I 2026-03-10 23:22:19,493] Trial 380 finished with value: 0.3838491059615925 and parameters: {'window_ms': 195, 'overlap': 0.4, 'freq_low_hz': 1150, 'freq_high_hz': 1650}. Best is trial 318 with value: 0.42305991464449244.
[I 2026-03-10 23:22:20,526] Trial 379 finished with value: 0.3838705543147711 and parameters: {'window_ms': 205, 'overlap': 0.35, 'freq_low_hz': 1200, 'freq_high_hz': 1800}. Best is trial 318 with value: 0.42305991464449244.
[I 2026-03-10 23:22:21,915] Trial 381 finished with value: 0.38177807447355383 and parameters: {'window_ms': 205, 'overlap': 0.55, 'freq_low_hz': 1150, 'freq_high_hz': 1750}. Best is trial 318 with value: 0.42305991464449244.
[I 2026-03-10 23:22:26,647] Trial 382 finished with value: 0.41273601264273807 and parameters: {'window_ms': 200, 'overlap': 0.4, 'freq_low_hz': 1150, 'freq_high_hz': 1850}. Best is trial 318 with value: 0.42305991464449244.
[I 2026-03-10 23:22:29,098] Trial 383 finished with value: 0.38067356686569775 and parameters: {'window_ms': 120, 'overlap': 0.55, 'freq_low_hz': 1150, 'freq_high_hz': 1850}. Best is trial 318 with value: 0.42305991464449244.
[I 2026-03-10 23:22:34,144] Trial 384 finished with value: 0.4125740020355766 and parameters: {'window_ms': 205, 'overlap': 0.55, 'freq_low_hz': 1150, 'freq_high_hz': 1850}. Best is trial 318 with value: 0.42305991464449244.
[I 2026-03-10 23:22:37,784] Trial 377 finished with value: 0.3544713875744156 and parameters: {'window_ms': 205, 'overlap': 0.55, 'freq_low_hz': 1200, 'freq_high_hz': 3600}. Best is trial 318 with value: 0.42305991464449244.
[I 2026-03-10 23:22:41,212] Trial 388 finished with value: 0.3774597125025464 and parameters: {'window_ms': 245, 'overlap': 0.55, 'freq_low_hz': 1150, 'freq_high_hz': 1850}. Best is trial 318 with value: 0.42305991464449244.
[I 2026-03-10 23:22:41,770] Trial 389 finished with value: 0.411439705458572 and parameters: {'window_ms': 200, 'overlap': 0.55, 'freq_low_hz': 1150, 'freq_high_hz': 1850}. Best is trial 318 with value: 0.42305991464449244.
[I 2026-03-10 23:22:45,137] Trial 390 finished with value: 0.3774597125025464 and parameters: {'window_ms': 245, 'overlap': 0.55, 'freq_low_hz': 1150, 'freq_high_hz': 1850}. Best is trial 318 with value: 0.42305991464449244.
[I 2026-03-10 23:22:46,117] Trial 392 finished with value: 0.3726274348042137 and parameters: {'window_ms': 250, 'overlap': 0.45, 'freq_low_hz': 1100, 'freq_high_hz': 1500}. Best is trial 318 with value: 0.42305991464449244.
[I 2026-03-10 23:22:52,036] Trial 387 finished with value: 0.35467113910139064 and parameters: {'window_ms': 200, 'overlap': 0.35, 'freq_low_hz': 1150, 'freq_high_hz': 3450}. Best is trial 318 with value: 0.42305991464449244.
[I 2026-03-10 23:22:52,221] Trial 393 finished with value: 0.3873558205566395 and parameters: {'window_ms': 205, 'overlap': 0.55, 'freq_low_hz': 1100, 'freq_high_hz': 1500}. Best is trial 318 with value: 0.42305991464449244.
[I 2026-03-10 23:22:55,729] Trial 394 finished with value: 0.3573084129769279 and parameters: {'window_ms': 200, 'overlap': 0.55, 'freq_low_hz': 1100, 'freq_high_hz': 1500}. Best is trial 318 with value: 0.42305991464449244.
[I 2026-03-10 23:22:55,762] Trial 385 finished with value: 0.3544374859741464 and parameters: {'window_ms': 205, 'overlap': 0.35, 'freq_low_hz': 1150, 'freq_high_hz': 3650}. Best is trial 318 with value: 0.42305991464449244.
[I 2026-03-10 23:22:58,170] Trial 395 finished with value: 0.37058165487588124 and parameters: {'window_ms': 200, 'overlap': 0.45, 'freq_low_hz': 1100, 'freq_high_hz': 1600}. Best is trial 318 with value: 0.42305991464449244.
[I 2026-03-10 23:22:59,397] Trial 396 finished with value: 0.3573084129769279 and parameters: {'window_ms': 200, 'overlap': 0.55, 'freq_low_hz': 1100, 'freq_high_hz': 1500}. Best is trial 318 with value: 0.42305991464449244.
[I 2026-03-10 23:23:00,842] Trial 386 finished with value: 0.354449497830911 and parameters: {'window_ms': 205, 'overlap': 0.55, 'freq_low_hz': 1150, 'freq_high_hz': 3650}. Best is trial 318 with value: 0.42305991464449244.
[I 2026-03-10 23:23:02,177] Trial 397 finished with value: 0.3567882794231936 and parameters: {'window_ms': 200, 'overlap': 0.45, 'freq_low_hz': 1100, 'freq_high_hz': 1500}. Best is trial 318 with value: 0.42305991464449244.
[I 2026-03-10 23:23:04,137] Trial 391 finished with value: 0.3544791666077766 and parameters: {'window_ms': 200, 'overlap': 0.45, 'freq_low_hz': 1150, 'freq_high_hz': 3650}. Best is trial 318 with value: 0.42305991464449244.
[I 2026-03-10 23:23:05,777] Trial 398 finished with value: 0.3840372400287442 and parameters: {'window_ms': 200, 'overlap': 0.6000000000000001, 'freq_low_hz': 1100, 'freq_high_hz': 1600}. Best is trial 318 with value: 0.42305991464449244.
[I 2026-03-10 23:23:09,234] Trial 399 finished with value: 0.35738791202762826 and parameters: {'window_ms': 200, 'overlap': 0.6000000000000001, 'freq_low_hz': 1100, 'freq_high_hz': 1500}. Best is trial 318 with value: 0.42305991464449244.
[I 2026-03-10 23:23:10,961] Trial 400 finished with value: 0.3840372400287442 and parameters: {'window_ms': 200, 'overlap': 0.6000000000000001, 'freq_low_hz': 1100, 'freq_high_hz': 1600}. Best is trial 318 with value: 0.42305991464449244.
[I 2026-03-10 23:23:11,879] Trial 401 finished with value: 0.3840372400287442 and parameters: {'window_ms': 200, 'overlap': 0.6000000000000001, 'freq_low_hz': 1100, 'freq_high_hz': 1600}. Best is trial 318 with value: 0.42305991464449244.
[I 2026-03-10 23:23:13,955] Trial 402 finished with value: 0.376895768350799 and parameters: {'window_ms': 195, 'overlap': 0.6000000000000001, 'freq_low_hz': 1100, 'freq_high_hz': 1600}. Best is trial 318 with value: 0.42305991464449244.
[I 2026-03-10 23:23:16,092] Trial 403 finished with value: 0.411439705458572 and parameters: {'window_ms': 200, 'overlap': 0.55, 'freq_low_hz': 1150, 'freq_high_hz': 1850}. Best is trial 318 with value: 0.42305991464449244.
[I 2026-03-10 23:23:20,541] Trial 404 finished with value: 0.41145039762053165 and parameters: {'window_ms': 190, 'overlap': 0.6000000000000001, 'freq_low_hz': 1150, 'freq_high_hz': 1850}. Best is trial 318 with value: 0.42305991464449244.
[I 2026-03-10 23:23:22,053] Trial 405 finished with value: 0.41145039762053165 and parameters: {'window_ms': 190, 'overlap': 0.6000000000000001, 'freq_low_hz': 1150, 'freq_high_hz': 1850}. Best is trial 318 with value: 0.42305991464449244.
[I 2026-03-10 23:23:23,074] Trial 406 finished with value: 0.3837052497775326 and parameters: {'window_ms': 195, 'overlap': 0.6000000000000001, 'freq_low_hz': 1150, 'freq_high_hz': 1850}. Best is trial 318 with value: 0.42305991464449244.
[I 2026-03-10 23:23:24,699] Trial 408 finished with value: 0.41145039762053165 and parameters: {'window_ms': 190, 'overlap': 0.6000000000000001, 'freq_low_hz': 1150, 'freq_high_hz': 1850}. Best is trial 318 with value: 0.42305991464449244.
[I 2026-03-10 23:23:24,703] Trial 407 finished with value: 0.3762180105556339 and parameters: {'window_ms': 215, 'overlap': 0.6000000000000001, 'freq_low_hz': 1150, 'freq_high_hz': 1850}. Best is trial 318 with value: 0.42305991464449244.
[I 2026-03-10 23:23:26,088] Trial 409 finished with value: 0.40470513187427665 and parameters: {'window_ms': 190, 'overlap': 0.55, 'freq_low_hz': 1150, 'freq_high_hz': 1850}. Best is trial 318 with value: 0.42305991464449244.
[I 2026-03-10 23:23:29,910] Trial 410 finished with value: 0.40470513187427665 and parameters: {'window_ms': 190, 'overlap': 0.55, 'freq_low_hz': 1150, 'freq_high_hz': 1850}. Best is trial 318 with value: 0.42305991464449244.
[I 2026-03-10 23:23:32,456] Trial 411 finished with value: 0.3635279067473244 and parameters: {'window_ms': 145, 'overlap': 0.55, 'freq_low_hz': 1150, 'freq_high_hz': 2150}. Best is trial 318 with value: 0.42305991464449244.
[I 2026-03-10 23:23:34,500] Trial 412 finished with value: 0.38404914926203243 and parameters: {'window_ms': 215, 'overlap': 0.55, 'freq_low_hz': 1150, 'freq_high_hz': 1850}. Best is trial 318 with value: 0.42305991464449244.
[I 2026-03-10 23:23:41,014] Trial 414 finished with value: 0.3918304288725647 and parameters: {'window_ms': 190, 'overlap': 0.55, 'freq_low_hz': 1150, 'freq_high_hz': 1950}. Best is trial 318 with value: 0.42305991464449244.
[I 2026-03-10 23:23:43,070] Trial 413 finished with value: 0.36395490724332275 and parameters: {'window_ms': 215, 'overlap': 0.55, 'freq_low_hz': 1150, 'freq_high_hz': 2150}. Best is trial 318 with value: 0.42305991464449244.
[I 2026-03-10 23:23:44,806] Trial 415 finished with value: 0.3787054211759262 and parameters: {'window_ms': 190, 'overlap': 0.6000000000000001, 'freq_low_hz': 1150, 'freq_high_hz': 1950}. Best is trial 318 with value: 0.42305991464449244.
[I 2026-03-10 23:23:46,154] Trial 418 finished with value: 0.3787054211759262 and parameters: {'window_ms': 190, 'overlap': 0.6000000000000001, 'freq_low_hz': 1150, 'freq_high_hz': 1950}. Best is trial 318 with value: 0.42305991464449244.
[I 2026-03-10 23:23:50,537] Trial 420 finished with value: 0.3821709677318368 and parameters: {'window_ms': 215, 'overlap': 0.55, 'freq_low_hz': 1050, 'freq_high_hz': 1900}. Best is trial 318 with value: 0.42305991464449244.
[I 2026-03-10 23:23:51,946] Trial 417 finished with value: 0.3637309418198693 and parameters: {'window_ms': 190, 'overlap': 0.6000000000000001, 'freq_low_hz': 1150, 'freq_high_hz': 2150}. Best is trial 318 with value: 0.42305991464449244.
[I 2026-03-10 23:23:52,820] Trial 419 finished with value: 0.36379890793951636 and parameters: {'window_ms': 185, 'overlap': 0.6000000000000001, 'freq_low_hz': 1150, 'freq_high_hz': 2150}. Best is trial 318 with value: 0.42305991464449244.
[I 2026-03-10 23:24:00,610] Trial 422 finished with value: 0.3637309418198693 and parameters: {'window_ms': 190, 'overlap': 0.6000000000000001, 'freq_low_hz': 1150, 'freq_high_hz': 2150}. Best is trial 318 with value: 0.42305991464449244.
[I 2026-03-10 23:24:00,914] Trial 423 finished with value: 0.3340918121880439 and parameters: {'window_ms': 50, 'overlap': 0.6000000000000001, 'freq_low_hz': 1150, 'freq_high_hz': 2150}. Best is trial 318 with value: 0.42305991464449244.
[I 2026-03-10 23:24:04,306] Trial 416 finished with value: 0.3655532430393039 and parameters: {'window_ms': 190, 'overlap': 0.6000000000000001, 'freq_low_hz': 450, 'freq_high_hz': 2100}. Best is trial 318 with value: 0.42305991464449244.
[I 2026-03-10 23:24:10,360] Trial 424 finished with value: 0.36363587545792697 and parameters: {'window_ms': 190, 'overlap': 0.6000000000000001, 'freq_low_hz': 1050, 'freq_high_hz': 2100}. Best is trial 318 with value: 0.42305991464449244.
[I 2026-03-10 23:24:16,962] Trial 427 finished with value: 0.3811576057658736 and parameters: {'window_ms': 185, 'overlap': 0.6000000000000001, 'freq_low_hz': 1100, 'freq_high_hz': 1900}. Best is trial 318 with value: 0.42305991464449244.
[I 2026-03-10 23:24:24,036] Trial 426 finished with value: 0.35914026246544056 and parameters: {'window_ms': 185, 'overlap': 0.6000000000000001, 'freq_low_hz': 450, 'freq_high_hz': 1900}. Best is trial 318 with value: 0.42305991464449244.
[I 2026-03-10 23:24:26,273] Trial 431 finished with value: 0.3811576057658736 and parameters: {'window_ms': 185, 'overlap': 0.6000000000000001, 'freq_low_hz': 1100, 'freq_high_hz': 1900}. Best is trial 318 with value: 0.42305991464449244.
[I 2026-03-10 23:24:26,632] Trial 432 finished with value: 0.3811576057658736 and parameters: {'window_ms': 185, 'overlap': 0.6000000000000001, 'freq_low_hz': 1100, 'freq_high_hz': 1900}. Best is trial 318 with value: 0.42305991464449244.
[I 2026-03-10 23:24:29,767] Trial 428 finished with value: 0.3666399032546565 and parameters: {'window_ms': 220, 'overlap': 0.6000000000000001, 'freq_low_hz': 550, 'freq_high_hz': 1900}. Best is trial 318 with value: 0.42305991464449244.
[I 2026-03-10 23:24:30,676] Trial 430 finished with value: 0.3820361613453132 and parameters: {'window_ms': 220, 'overlap': 0.6000000000000001, 'freq_low_hz': 1050, 'freq_high_hz': 1900}. Best is trial 318 with value: 0.42305991464449244.
[I 2026-03-10 23:24:32,501] Trial 421 finished with value: 0.3465151196637833 and parameters: {'window_ms': 185, 'overlap': 0.6000000000000001, 'freq_low_hz': 1150, 'freq_high_hz': 4350}. Best is trial 318 with value: 0.42305991464449244.
[I 2026-03-10 23:24:35,063] Trial 429 finished with value: 0.36633372917874946 and parameters: {'window_ms': 185, 'overlap': 0.6000000000000001, 'freq_low_hz': 300, 'freq_high_hz': 1900}. Best is trial 318 with value: 0.42305991464449244.
[I 2026-03-10 23:24:40,423] Trial 434 finished with value: 0.3957201937484622 and parameters: {'window_ms': 220, 'overlap': 0.6000000000000001, 'freq_low_hz': 1100, 'freq_high_hz': 1900}. Best is trial 318 with value: 0.42305991464449244.
[I 2026-03-10 23:24:45,234] Trial 433 finished with value: 0.36325083563919097 and parameters: {'window_ms': 220, 'overlap': 0.6000000000000001, 'freq_low_hz': 1100, 'freq_high_hz': 2300}. Best is trial 318 with value: 0.42305991464449244.
[I 2026-03-10 23:24:45,880] Trial 435 finished with value: 0.381587074274341 and parameters: {'window_ms': 220, 'overlap': 0.55, 'freq_low_hz': 1150, 'freq_high_hz': 1750}. Best is trial 318 with value: 0.42305991464449244.
[I 2026-03-10 23:24:46,883] Trial 437 finished with value: 0.381587074274341 and parameters: {'window_ms': 220, 'overlap': 0.55, 'freq_low_hz': 1150, 'freq_high_hz': 1750}. Best is trial 318 with value: 0.42305991464449244.
[I 2026-03-10 23:24:46,938] Trial 425 finished with value: 0.3464616885001717 and parameters: {'window_ms': 185, 'overlap': 0.6000000000000001, 'freq_low_hz': 1050, 'freq_high_hz': 4400}. Best is trial 318 with value: 0.42305991464449244.
[I 2026-03-10 23:24:49,978] Trial 436 finished with value: 0.37490913867463943 and parameters: {'window_ms': 220, 'overlap': 0.65, 'freq_low_hz': 1150, 'freq_high_hz': 1750}. Best is trial 318 with value: 0.42305991464449244.
[I 2026-03-10 23:24:52,322] Trial 438 finished with value: 0.381587074274341 and parameters: {'window_ms': 220, 'overlap': 0.55, 'freq_low_hz': 1150, 'freq_high_hz': 1750}. Best is trial 318 with value: 0.42305991464449244.
[I 2026-03-10 23:24:55,114] Trial 439 finished with value: 0.381587074274341 and parameters: {'window_ms': 220, 'overlap': 0.55, 'freq_low_hz': 1150, 'freq_high_hz': 1750}. Best is trial 318 with value: 0.42305991464449244.
[I 2026-03-10 23:24:58,200] Trial 442 finished with value: 0.3997354241381937 and parameters: {'window_ms': 215, 'overlap': 0.55, 'freq_low_hz': 1200, 'freq_high_hz': 1700}. Best is trial 318 with value: 0.42305991464449244.
[I 2026-03-10 23:24:58,572] Trial 440 finished with value: 0.38707197895433104 and parameters: {'window_ms': 220, 'overlap': 0.55, 'freq_low_hz': 600, 'freq_high_hz': 1700}. Best is trial 318 with value: 0.42305991464449244.
[I 2026-03-10 23:25:03,502] Trial 443 finished with value: 0.3997354241381937 and parameters: {'window_ms': 215, 'overlap': 0.55, 'freq_low_hz': 1200, 'freq_high_hz': 1700}. Best is trial 318 with value: 0.42305991464449244.
[I 2026-03-10 23:25:05,438] Trial 444 finished with value: 0.38314583316696027 and parameters: {'window_ms': 215, 'overlap': 0.65, 'freq_low_hz': 1200, 'freq_high_hz': 1700}. Best is trial 318 with value: 0.42305991464449244.
[I 2026-03-10 23:25:08,549] Trial 448 finished with value: 0.40133504797162706 and parameters: {'window_ms': 210, 'overlap': 0.55, 'freq_low_hz': 1200, 'freq_high_hz': 1700}. Best is trial 318 with value: 0.42305991464449244.
[I 2026-03-10 23:25:11,320] Trial 441 finished with value: 0.35336571579746734 and parameters: {'window_ms': 220, 'overlap': 0.55, 'freq_low_hz': 650, 'freq_high_hz': 2400}. Best is trial 318 with value: 0.42305991464449244.
[I 2026-03-10 23:25:13,180] Trial 449 finished with value: 0.40133504797162706 and parameters: {'window_ms': 210, 'overlap': 0.55, 'freq_low_hz': 1200, 'freq_high_hz': 1700}. Best is trial 318 with value: 0.42305991464449244.
[I 2026-03-10 23:25:13,454] Trial 450 finished with value: 0.39061880932406084 and parameters: {'window_ms': 210, 'overlap': 0.25, 'freq_low_hz': 1200, 'freq_high_hz': 1700}. Best is trial 318 with value: 0.42305991464449244.
[I 2026-03-10 23:25:14,526] Trial 445 finished with value: 0.386510981559781 and parameters: {'window_ms': 210, 'overlap': 0.65, 'freq_low_hz': 600, 'freq_high_hz': 1700}. Best is trial 318 with value: 0.42305991464449244.
[I 2026-03-10 23:25:16,919] Trial 446 finished with value: 0.3756031096875019 and parameters: {'window_ms': 210, 'overlap': 0.65, 'freq_low_hz': 200, 'freq_high_hz': 1700}. Best is trial 318 with value: 0.42305991464449244.
[I 2026-03-10 23:25:17,537] Trial 451 finished with value: 0.3919735249003114 and parameters: {'window_ms': 210, 'overlap': 0.55, 'freq_low_hz': 1200, 'freq_high_hz': 2000}. Best is trial 318 with value: 0.42305991464449244.
[I 2026-03-10 23:25:22,390] Trial 447 finished with value: 0.3569314276696539 and parameters: {'window_ms': 210, 'overlap': 0.55, 'freq_low_hz': 200, 'freq_high_hz': 2500}. Best is trial 318 with value: 0.42305991464449244.
[I 2026-03-10 23:25:23,195] Trial 452 finished with value: 0.3919735249003114 and parameters: {'window_ms': 210, 'overlap': 0.55, 'freq_low_hz': 1200, 'freq_high_hz': 2000}. Best is trial 318 with value: 0.42305991464449244.
[I 2026-03-10 23:25:23,494] Trial 454 finished with value: 0.363475440850102 and parameters: {'window_ms': 100, 'overlap': 0.25, 'freq_low_hz': 1200, 'freq_high_hz': 2000}. Best is trial 318 with value: 0.42305991464449244.
[I 2026-03-10 23:25:28,151] Trial 453 finished with value: 0.3919735249003114 and parameters: {'window_ms': 210, 'overlap': 0.55, 'freq_low_hz': 1200, 'freq_high_hz': 2000}. Best is trial 318 with value: 0.42305991464449244.
[I 2026-03-10 23:25:30,156] Trial 455 finished with value: 0.3917367103377289 and parameters: {'window_ms': 210, 'overlap': 0.5, 'freq_low_hz': 1200, 'freq_high_hz': 2000}. Best is trial 318 with value: 0.42305991464449244.
[I 2026-03-10 23:25:32,951] Trial 456 finished with value: 0.3917367103377289 and parameters: {'window_ms': 210, 'overlap': 0.5, 'freq_low_hz': 1200, 'freq_high_hz': 2000}. Best is trial 318 with value: 0.42305991464449244.
[I 2026-03-10 23:25:37,617] Trial 459 finished with value: 0.39212202883205427 and parameters: {'window_ms': 225, 'overlap': 0.5, 'freq_low_hz': 1200, 'freq_high_hz': 2000}. Best is trial 318 with value: 0.42305991464449244.
[I 2026-03-10 23:25:37,774] Trial 457 finished with value: 0.3786018938413946 and parameters: {'window_ms': 225, 'overlap': 0.5, 'freq_low_hz': 850, 'freq_high_hz': 2000}. Best is trial 318 with value: 0.42305991464449244.
[I 2026-03-10 23:25:38,938] Trial 461 finished with value: 0.4087205886684856 and parameters: {'window_ms': 225, 'overlap': 0.5, 'freq_low_hz': 1200, 'freq_high_hz': 1800}. Best is trial 318 with value: 0.42305991464449244.
[I 2026-03-10 23:25:43,096] Trial 458 finished with value: 0.3661199127933596 and parameters: {'window_ms': 225, 'overlap': 0.5, 'freq_low_hz': 500, 'freq_high_hz': 2000}. Best is trial 318 with value: 0.42305991464449244.
[I 2026-03-10 23:25:43,919] Trial 463 finished with value: 0.36380869777090186 and parameters: {'window_ms': 225, 'overlap': 0.5, 'freq_low_hz': 700, 'freq_high_hz': 1600}. Best is trial 318 with value: 0.42305991464449244.
[I 2026-03-10 23:25:45,463] Trial 462 finished with value: 0.3652408713461027 and parameters: {'window_ms': 225, 'overlap': 0.55, 'freq_low_hz': 700, 'freq_high_hz': 1600}. Best is trial 318 with value: 0.42305991464449244.
[I 2026-03-10 23:25:47,353] Trial 464 finished with value: 0.4017026830598396 and parameters: {'window_ms': 225, 'overlap': 0.5, 'freq_low_hz': 1150, 'freq_high_hz': 1850}. Best is trial 318 with value: 0.42305991464449244.
[I 2026-03-10 23:25:47,802] Trial 465 finished with value: 0.4017026830598396 and parameters: {'window_ms': 225, 'overlap': 0.5, 'freq_low_hz': 1150, 'freq_high_hz': 1850}. Best is trial 318 with value: 0.42305991464449244.
[I 2026-03-10 23:25:54,234] Trial 466 finished with value: 0.3850646620623262 and parameters: {'window_ms': 225, 'overlap': 0.55, 'freq_low_hz': 1150, 'freq_high_hz': 1850}. Best is trial 318 with value: 0.42305991464449244.
[I 2026-03-10 23:25:56,453] Trial 469 finished with value: 0.3978246498193889 and parameters: {'window_ms': 195, 'overlap': 0.55, 'freq_low_hz': 1150, 'freq_high_hz': 1850}. Best is trial 318 with value: 0.42305991464449244.
[I 2026-03-10 23:25:56,848] Trial 468 finished with value: 0.3842603632151425 and parameters: {'window_ms': 230, 'overlap': 0.55, 'freq_low_hz': 1150, 'freq_high_hz': 1850}. Best is trial 318 with value: 0.42305991464449244.
[I 2026-03-10 23:25:57,449] Trial 467 finished with value: 0.3850646620623262 and parameters: {'window_ms': 225, 'overlap': 0.55, 'freq_low_hz': 1150, 'freq_high_hz': 1850}. Best is trial 318 with value: 0.42305991464449244.
