[I 2026-03-10 23:48:29,410] Trial 946 finished with value: 0.36438745236522624 and parameters: {'window_ms': 220, 'overlap': 0.65, 'freq_low_hz': 1100, 'freq_high_hz': 1500}. Best is trial 318 with value: 0.42305991464449244.
[I 2026-03-10 23:48:30,970] Trial 948 finished with value: 0.350341667254564 and parameters: {'window_ms': 225, 'overlap': 0.65, 'freq_low_hz': 1050, 'freq_high_hz': 1500}. Best is trial 318 with value: 0.42305991464449244.
[I 2026-03-10 23:48:32,850] Trial 949 finished with value: 0.350341667254564 and parameters: {'window_ms': 225, 'overlap': 0.65, 'freq_low_hz': 1050, 'freq_high_hz': 1500}. Best is trial 318 with value: 0.42305991464449244.
[I 2026-03-10 23:48:32,865] Trial 950 finished with value: 0.4091921035999714 and parameters: {'window_ms': 225, 'overlap': 0.65, 'freq_low_hz': 1150, 'freq_high_hz': 1650}. Best is trial 318 with value: 0.42305991464449244.
[I 2026-03-10 23:48:35,290] Trial 951 finished with value: 0.4091921035999714 and parameters: {'window_ms': 225, 'overlap': 0.65, 'freq_low_hz': 1150, 'freq_high_hz': 1650}. Best is trial 318 with value: 0.42305991464449244.
[I 2026-03-10 23:48:38,790] Trial 952 finished with value: 0.4091921035999714 and parameters: {'window_ms': 225, 'overlap': 0.65, 'freq_low_hz': 1150, 'freq_high_hz': 1650}. Best is trial 318 with value: 0.42305991464449244.
[I 2026-03-10 23:48:41,934] Trial 953 finished with value: 0.40100001757459597 and parameters: {'window_ms': 225, 'overlap': 0.65, 'freq_low_hz': 1050, 'freq_high_hz': 1600}. Best is trial 318 with value: 0.42305991464449244.
[I 2026-03-10 23:48:44,306] Trial 955 finished with value: 0.4091921035999714 and parameters: {'window_ms': 225, 'overlap': 0.65, 'freq_low_hz': 1150, 'freq_high_hz': 1650}. Best is trial 318 with value: 0.42305991464449244.
[I 2026-03-10 23:48:44,362] Trial 954 finished with value: 0.40100001757459597 and parameters: {'window_ms': 225, 'overlap': 0.65, 'freq_low_hz': 1050, 'freq_high_hz': 1600}. Best is trial 318 with value: 0.42305991464449244.
[I 2026-03-10 23:48:45,583] Trial 956 finished with value: 0.3700647421233494 and parameters: {'window_ms': 215, 'overlap': 0.65, 'freq_low_hz': 1050, 'freq_high_hz': 1600}. Best is trial 318 with value: 0.42305991464449244.
[I 2026-03-10 23:48:49,902] Trial 957 finished with value: 0.3834051905654093 and parameters: {'window_ms': 215, 'overlap': 0.65, 'freq_low_hz': 1150, 'freq_high_hz': 1650}. Best is trial 318 with value: 0.42305991464449244.
[I 2026-03-10 23:48:50,146] Trial 958 finished with value: 0.3834051905654093 and parameters: {'window_ms': 215, 'overlap': 0.65, 'freq_low_hz': 1150, 'freq_high_hz': 1650}. Best is trial 318 with value: 0.42305991464449244.
[I 2026-03-10 23:48:50,585] Trial 960 finished with value: 0.3834051905654093 and parameters: {'window_ms': 215, 'overlap': 0.65, 'freq_low_hz': 1150, 'freq_high_hz': 1650}. Best is trial 318 with value: 0.42305991464449244.
[I 2026-03-10 23:48:52,203] Trial 959 finished with value: 0.3834051905654093 and parameters: {'window_ms': 215, 'overlap': 0.65, 'freq_low_hz': 1150, 'freq_high_hz': 1650}. Best is trial 318 with value: 0.42305991464449244.
[I 2026-03-10 23:49:00,053] Trial 962 finished with value: 0.3834051905654093 and parameters: {'window_ms': 215, 'overlap': 0.65, 'freq_low_hz': 1150, 'freq_high_hz': 1650}. Best is trial 318 with value: 0.42305991464449244.
[I 2026-03-10 23:49:01,866] Trial 964 finished with value: 0.3834051905654093 and parameters: {'window_ms': 215, 'overlap': 0.65, 'freq_low_hz': 1150, 'freq_high_hz': 1650}. Best is trial 318 with value: 0.42305991464449244.
[I 2026-03-10 23:49:02,377] Trial 963 finished with value: 0.3834051905654093 and parameters: {'window_ms': 215, 'overlap': 0.65, 'freq_low_hz': 1150, 'freq_high_hz': 1650}. Best is trial 318 with value: 0.42305991464449244.
[I 2026-03-10 23:49:03,480] Trial 965 finished with value: 0.3834051905654093 and parameters: {'window_ms': 215, 'overlap': 0.65, 'freq_low_hz': 1150, 'freq_high_hz': 1650}. Best is trial 318 with value: 0.42305991464449244.
[I 2026-03-10 23:49:04,846] Trial 966 finished with value: 0.3834051905654093 and parameters: {'window_ms': 215, 'overlap': 0.65, 'freq_low_hz': 1150, 'freq_high_hz': 1650}. Best is trial 318 with value: 0.42305991464449244.
[I 2026-03-10 23:49:07,556] Trial 967 finished with value: 0.3834051905654093 and parameters: {'window_ms': 215, 'overlap': 0.65, 'freq_low_hz': 1150, 'freq_high_hz': 1650}. Best is trial 318 with value: 0.42305991464449244.
[I 2026-03-10 23:49:09,393] Trial 969 finished with value: 0.38418475692578785 and parameters: {'window_ms': 215, 'overlap': 0.7, 'freq_low_hz': 1150, 'freq_high_hz': 1650}. Best is trial 318 with value: 0.42305991464449244.
[I 2026-03-10 23:49:11,129] Trial 968 finished with value: 0.3834051905654093 and parameters: {'window_ms': 215, 'overlap': 0.65, 'freq_low_hz': 1150, 'freq_high_hz': 1650}. Best is trial 318 with value: 0.42305991464449244.
[I 2026-03-10 23:49:11,795] Trial 970 finished with value: 0.38418475692578785 and parameters: {'window_ms': 215, 'overlap': 0.7, 'freq_low_hz': 1150, 'freq_high_hz': 1650}. Best is trial 318 with value: 0.42305991464449244.
[I 2026-03-10 23:49:18,104] Trial 971 finished with value: 0.3834051905654093 and parameters: {'window_ms': 215, 'overlap': 0.65, 'freq_low_hz': 1150, 'freq_high_hz': 1650}. Best is trial 318 with value: 0.42305991464449244.
[I 2026-03-10 23:49:20,545] Trial 972 finished with value: 0.38418475692578785 and parameters: {'window_ms': 215, 'overlap': 0.7, 'freq_low_hz': 1150, 'freq_high_hz': 1650}. Best is trial 318 with value: 0.42305991464449244.
[I 2026-03-10 23:49:21,202] Trial 973 finished with value: 0.3835718960474078 and parameters: {'window_ms': 210, 'overlap': 0.7, 'freq_low_hz': 1150, 'freq_high_hz': 1650}. Best is trial 318 with value: 0.42305991464449244.
[I 2026-03-10 23:49:21,922] Trial 974 finished with value: 0.38319229209916145 and parameters: {'window_ms': 230, 'overlap': 0.7, 'freq_low_hz': 1150, 'freq_high_hz': 1650}. Best is trial 318 with value: 0.42305991464449244.
[I 2026-03-10 23:49:24,432] Trial 975 finished with value: 0.38319229209916145 and parameters: {'window_ms': 230, 'overlap': 0.7, 'freq_low_hz': 1150, 'freq_high_hz': 1650}. Best is trial 318 with value: 0.42305991464449244.
[I 2026-03-10 23:49:26,979] Trial 961 finished with value: 0.36088488141871733 and parameters: {'window_ms': 215, 'overlap': 0.65, 'freq_low_hz': 1150, 'freq_high_hz': 4250}. Best is trial 318 with value: 0.42305991464449244.
[I 2026-03-10 23:49:28,161] Trial 976 finished with value: 0.38319229209916145 and parameters: {'window_ms': 230, 'overlap': 0.7, 'freq_low_hz': 1150, 'freq_high_hz': 1650}. Best is trial 318 with value: 0.42305991464449244.
[I 2026-03-10 23:49:28,183] Trial 977 finished with value: 0.37522163114854246 and parameters: {'window_ms': 230, 'overlap': 0.7, 'freq_low_hz': 1100, 'freq_high_hz': 1500}. Best is trial 318 with value: 0.42305991464449244.
[I 2026-03-10 23:49:31,075] Trial 979 finished with value: 0.37522163114854246 and parameters: {'window_ms': 230, 'overlap': 0.7, 'freq_low_hz': 1100, 'freq_high_hz': 1500}. Best is trial 318 with value: 0.42305991464449244.
[I 2026-03-10 23:49:31,429] Trial 978 finished with value: 0.37522163114854246 and parameters: {'window_ms': 230, 'overlap': 0.7, 'freq_low_hz': 1100, 'freq_high_hz': 1500}. Best is trial 318 with value: 0.42305991464449244.
[I 2026-03-10 23:49:35,987] Trial 980 finished with value: 0.3820073676745451 and parameters: {'window_ms': 230, 'overlap': 0.65, 'freq_low_hz': 1100, 'freq_high_hz': 1500}. Best is trial 318 with value: 0.42305991464449244.
[I 2026-03-10 23:49:36,237] Trial 981 finished with value: 0.3820073676745451 and parameters: {'window_ms': 230, 'overlap': 0.65, 'freq_low_hz': 1100, 'freq_high_hz': 1500}. Best is trial 318 with value: 0.42305991464449244.
[I 2026-03-10 23:49:39,190] Trial 983 finished with value: 0.35756454031106927 and parameters: {'window_ms': 225, 'overlap': 0.65, 'freq_low_hz': 1100, 'freq_high_hz': 1500}. Best is trial 318 with value: 0.42305991464449244.
[I 2026-03-10 23:49:40,530] Trial 982 finished with value: 0.3820073676745451 and parameters: {'window_ms': 230, 'overlap': 0.65, 'freq_low_hz': 1100, 'freq_high_hz': 1500}. Best is trial 318 with value: 0.42305991464449244.
[I 2026-03-10 23:49:41,597] Trial 984 finished with value: 0.35756454031106927 and parameters: {'window_ms': 225, 'overlap': 0.65, 'freq_low_hz': 1100, 'freq_high_hz': 1500}. Best is trial 318 with value: 0.42305991464449244.
[I 2026-03-10 23:49:44,042] Trial 986 finished with value: 0.35756454031106927 and parameters: {'window_ms': 225, 'overlap': 0.65, 'freq_low_hz': 1100, 'freq_high_hz': 1500}. Best is trial 318 with value: 0.42305991464449244.
[I 2026-03-10 23:49:44,824] Trial 987 finished with value: 0.35756454031106927 and parameters: {'window_ms': 225, 'overlap': 0.65, 'freq_low_hz': 1100, 'freq_high_hz': 1500}. Best is trial 318 with value: 0.42305991464449244.
[I 2026-03-10 23:49:45,878] Trial 985 finished with value: 0.35756454031106927 and parameters: {'window_ms': 225, 'overlap': 0.65, 'freq_low_hz': 1100, 'freq_high_hz': 1500}. Best is trial 318 with value: 0.42305991464449244.
[I 2026-03-10 23:49:47,447] Trial 989 finished with value: 0.3700785649851891 and parameters: {'window_ms': 225, 'overlap': 0.65, 'freq_low_hz': 1100, 'freq_high_hz': 1600}. Best is trial 318 with value: 0.42305991464449244.
[I 2026-03-10 23:49:48,231] Trial 988 finished with value: 0.35756454031106927 and parameters: {'window_ms': 225, 'overlap': 0.65, 'freq_low_hz': 1100, 'freq_high_hz': 1500}. Best is trial 318 with value: 0.42305991464449244.
[I 2026-03-10 23:49:55,569] Trial 991 finished with value: 0.4091921035999714 and parameters: {'window_ms': 225, 'overlap': 0.65, 'freq_low_hz': 1150, 'freq_high_hz': 1650}. Best is trial 318 with value: 0.42305991464449244.
[I 2026-03-10 23:49:56,926] Trial 990 finished with value: 0.3700785649851891 and parameters: {'window_ms': 225, 'overlap': 0.65, 'freq_low_hz': 1100, 'freq_high_hz': 1600}. Best is trial 318 with value: 0.42305991464449244.
[I 2026-03-10 23:49:58,831] Trial 992 finished with value: 0.4091921035999714 and parameters: {'window_ms': 225, 'overlap': 0.65, 'freq_low_hz': 1150, 'freq_high_hz': 1650}. Best is trial 318 with value: 0.42305991464449244.
[I 2026-03-10 23:50:01,977] Trial 994 finished with value: 0.4134802399784844 and parameters: {'window_ms': 220, 'overlap': 0.65, 'freq_low_hz': 1150, 'freq_high_hz': 1650}. Best is trial 318 with value: 0.42305991464449244.
[I 2026-03-10 23:50:02,682] Trial 995 finished with value: 0.4134802399784844 and parameters: {'window_ms': 220, 'overlap': 0.65, 'freq_low_hz': 1150, 'freq_high_hz': 1650}. Best is trial 318 with value: 0.42305991464449244.
[I 2026-03-10 23:50:05,913] Trial 996 finished with value: 0.4134802399784844 and parameters: {'window_ms': 220, 'overlap': 0.65, 'freq_low_hz': 1150, 'freq_high_hz': 1650}. Best is trial 318 with value: 0.42305991464449244.
[I 2026-03-10 23:50:06,692] Trial 997 finished with value: 0.37490913867463943 and parameters: {'window_ms': 220, 'overlap': 0.65, 'freq_low_hz': 1150, 'freq_high_hz': 1750}. Best is trial 318 with value: 0.42305991464449244.
[I 2026-03-10 23:50:09,151] Trial 998 finished with value: 0.37490913867463943 and parameters: {'window_ms': 220, 'overlap': 0.65, 'freq_low_hz': 1150, 'freq_high_hz': 1750}. Best is trial 318 with value: 0.42305991464449244.
[I 2026-03-10 23:50:11,414] Trial 993 finished with value: 0.3616151898018519 and parameters: {'window_ms': 220, 'overlap': 0.65, 'freq_low_hz': 250, 'freq_high_hz': 1600}. Best is trial 318 with value: 0.42305991464449244.
[I 2026-03-10 23:50:15,734] Trial 1001 finished with value: 0.37490913867463943 and parameters: {'window_ms': 220, 'overlap': 0.65, 'freq_low_hz': 1150, 'freq_high_hz': 1750}. Best is trial 318 with value: 0.42305991464449244.
[I 2026-03-10 23:50:18,455] Trial 1000 finished with value: 0.37490913867463943 and parameters: {'window_ms': 220, 'overlap': 0.65, 'freq_low_hz': 1150, 'freq_high_hz': 1750}. Best is trial 318 with value: 0.42305991464449244.
[I 2026-03-10 23:50:20,880] Trial 1002 finished with value: 0.37490913867463943 and parameters: {'window_ms': 220, 'overlap': 0.65, 'freq_low_hz': 1150, 'freq_high_hz': 1750}. Best is trial 318 with value: 0.42305991464449244.
[I 2026-03-10 23:50:21,072] Trial 1003 finished with value: 0.38191344686365075 and parameters: {'window_ms': 210, 'overlap': 0.65, 'freq_low_hz': 1150, 'freq_high_hz': 1750}. Best is trial 318 with value: 0.42305991464449244.
[I 2026-03-10 23:50:23,365] Trial 1004 finished with value: 0.38191344686365075 and parameters: {'window_ms': 210, 'overlap': 0.65, 'freq_low_hz': 1150, 'freq_high_hz': 1750}. Best is trial 318 with value: 0.42305991464449244.
[I 2026-03-10 23:50:27,939] Trial 1005 finished with value: 0.38191344686365075 and parameters: {'window_ms': 210, 'overlap': 0.65, 'freq_low_hz': 1150, 'freq_high_hz': 1750}. Best is trial 318 with value: 0.42305991464449244.
[I 2026-03-10 23:50:28,150] Trial 1008 finished with value: 0.35915373398965844 and parameters: {'window_ms': 45, 'overlap': 0.65, 'freq_low_hz': 1150, 'freq_high_hz': 1750}. Best is trial 318 with value: 0.42305991464449244.
[I 2026-03-10 23:50:32,175] Trial 1007 finished with value: 0.38191344686365075 and parameters: {'window_ms': 210, 'overlap': 0.65, 'freq_low_hz': 1150, 'freq_high_hz': 1750}. Best is trial 318 with value: 0.42305991464449244.
[I 2026-03-10 23:50:38,218] Trial 1009 finished with value: 0.38191344686365075 and parameters: {'window_ms': 210, 'overlap': 0.65, 'freq_low_hz': 1150, 'freq_high_hz': 1750}. Best is trial 318 with value: 0.42305991464449244.
[I 2026-03-10 23:50:38,963] Trial 1010 finished with value: 0.38191344686365075 and parameters: {'window_ms': 210, 'overlap': 0.65, 'freq_low_hz': 1150, 'freq_high_hz': 1750}. Best is trial 318 with value: 0.42305991464449244.
[I 2026-03-10 23:50:41,094] Trial 1006 finished with value: 0.3652746599924468 and parameters: {'window_ms': 210, 'overlap': 0.65, 'freq_low_hz': 300, 'freq_high_hz': 1600}. Best is trial 318 with value: 0.42305991464449244.
[I 2026-03-10 23:50:44,848] Trial 999 finished with value: 0.35371215437099957 and parameters: {'window_ms': 220, 'overlap': 0.65, 'freq_low_hz': 1150, 'freq_high_hz': 3950}. Best is trial 318 with value: 0.42305991464449244.
[I 2026-03-10 23:50:47,327] Trial 1013 finished with value: 0.38191344686365075 and parameters: {'window_ms': 210, 'overlap': 0.65, 'freq_low_hz': 1150, 'freq_high_hz': 1750}. Best is trial 318 with value: 0.42305991464449244.
[I 2026-03-10 23:50:47,383] Trial 1014 finished with value: 0.40744440724244635 and parameters: {'window_ms': 210, 'overlap': 0.65, 'freq_low_hz': 1150, 'freq_high_hz': 1650}. Best is trial 318 with value: 0.42305991464449244.
[I 2026-03-10 23:50:58,932] Trial 1017 finished with value: 0.4112513456189858 and parameters: {'window_ms': 220, 'overlap': 0.7, 'freq_low_hz': 1150, 'freq_high_hz': 1650}. Best is trial 318 with value: 0.42305991464449244.
[I 2026-03-10 23:51:01,279] Trial 1019 finished with value: 0.4112513456189858 and parameters: {'window_ms': 220, 'overlap': 0.7, 'freq_low_hz': 1150, 'freq_high_hz': 1650}. Best is trial 318 with value: 0.42305991464449244.
[I 2026-03-10 23:51:02,594] Trial 1018 finished with value: 0.4112513456189858 and parameters: {'window_ms': 220, 'overlap': 0.7, 'freq_low_hz': 1150, 'freq_high_hz': 1650}. Best is trial 318 with value: 0.42305991464449244.
[I 2026-03-10 23:51:04,928] Trial 1015 finished with value: 0.35889435405528797 and parameters: {'window_ms': 210, 'overlap': 0.7, 'freq_low_hz': 300, 'freq_high_hz': 1600}. Best is trial 318 with value: 0.42305991464449244.
[I 2026-03-10 23:51:09,733] Trial 1021 finished with value: 0.4112513456189858 and parameters: {'window_ms': 220, 'overlap': 0.7, 'freq_low_hz': 1150, 'freq_high_hz': 1650}. Best is trial 318 with value: 0.42305991464449244.
[I 2026-03-10 23:51:14,863] Trial 1022 finished with value: 0.3536073714332157 and parameters: {'window_ms': 75, 'overlap': 0.65, 'freq_low_hz': 200, 'freq_high_hz': 1600}. Best is trial 318 with value: 0.42305991464449244.
[I 2026-03-10 23:51:17,051] Trial 1012 finished with value: 0.3544932770240783 and parameters: {'window_ms': 210, 'overlap': 0.65, 'freq_low_hz': 1150, 'freq_high_hz': 3750}. Best is trial 318 with value: 0.42305991464449244.
[I 2026-03-10 23:51:17,211] Trial 1016 finished with value: 0.3817151262337628 and parameters: {'window_ms': 210, 'overlap': 0.7, 'freq_low_hz': 200, 'freq_high_hz': 1600}. Best is trial 318 with value: 0.42305991464449244.
[I 2026-03-10 23:51:21,249] Trial 1011 finished with value: 0.36062716394746513 and parameters: {'window_ms': 210, 'overlap': 0.65, 'freq_low_hz': 1150, 'freq_high_hz': 3950}. Best is trial 318 with value: 0.42305991464449244.
[I 2026-03-10 23:51:21,618] Trial 1023 finished with value: 0.3701557052847087 and parameters: {'window_ms': 220, 'overlap': 0.7, 'freq_low_hz': 1100, 'freq_high_hz': 1600}. Best is trial 318 with value: 0.42305991464449244.
[I 2026-03-10 23:51:21,710] Trial 1024 finished with value: 0.3703439787865727 and parameters: {'window_ms': 225, 'overlap': 0.7, 'freq_low_hz': 1100, 'freq_high_hz': 1600}. Best is trial 318 with value: 0.42305991464449244.
[I 2026-03-10 23:51:22,709] Trial 1025 finished with value: 0.37019439507874174 and parameters: {'window_ms': 215, 'overlap': 0.65, 'freq_low_hz': 1100, 'freq_high_hz': 1600}. Best is trial 318 with value: 0.42305991464449244.
[I 2026-03-10 23:51:23,350] Trial 1026 finished with value: 0.37019439507874174 and parameters: {'window_ms': 215, 'overlap': 0.65, 'freq_low_hz': 1100, 'freq_high_hz': 1600}. Best is trial 318 with value: 0.42305991464449244.
[I 2026-03-10 23:51:28,341] Trial 1027 finished with value: 0.36873641557385844 and parameters: {'window_ms': 25, 'overlap': 0.65, 'freq_low_hz': 1100, 'freq_high_hz': 1600}. Best is trial 318 with value: 0.42305991464449244.
[I 2026-03-10 23:51:33,703] Trial 1028 finished with value: 0.3700785649851891 and parameters: {'window_ms': 225, 'overlap': 0.65, 'freq_low_hz': 1100, 'freq_high_hz': 1600}. Best is trial 318 with value: 0.42305991464449244.
[I 2026-03-10 23:51:34,047] Trial 1020 finished with value: 0.3750264549090786 and parameters: {'window_ms': 220, 'overlap': 0.7, 'freq_low_hz': 1150, 'freq_high_hz': 3150}. Best is trial 318 with value: 0.42305991464449244.
[I 2026-03-10 23:51:36,758] Trial 1029 finished with value: 0.3700785649851891 and parameters: {'window_ms': 225, 'overlap': 0.65, 'freq_low_hz': 1100, 'freq_high_hz': 1600}. Best is trial 318 with value: 0.42305991464449244.
[I 2026-03-10 23:51:36,878] Trial 1030 finished with value: 0.3700785649851891 and parameters: {'window_ms': 225, 'overlap': 0.65, 'freq_low_hz': 1100, 'freq_high_hz': 1600}. Best is trial 318 with value: 0.42305991464449244.
[I 2026-03-10 23:51:39,940] Trial 1032 finished with value: 0.3820073676745451 and parameters: {'window_ms': 230, 'overlap': 0.65, 'freq_low_hz': 1100, 'freq_high_hz': 1500}. Best is trial 318 with value: 0.42305991464449244.
[I 2026-03-10 23:51:40,059] Trial 1033 finished with value: 0.3810278211686696 and parameters: {'window_ms': 215, 'overlap': 0.65, 'freq_low_hz': 1100, 'freq_high_hz': 1500}. Best is trial 318 with value: 0.42305991464449244.
[I 2026-03-10 23:51:42,081] Trial 1031 finished with value: 0.37693914883454277 and parameters: {'window_ms': 230, 'overlap': 0.65, 'freq_low_hz': 1100, 'freq_high_hz': 1600}. Best is trial 318 with value: 0.42305991464449244.
[I 2026-03-10 23:51:44,304] Trial 1034 finished with value: 0.3953471478676077 and parameters: {'window_ms': 230, 'overlap': 0.65, 'freq_low_hz': 1200, 'freq_high_hz': 1800}. Best is trial 318 with value: 0.42305991464449244.
[I 2026-03-10 23:51:45,578] Trial 1035 finished with value: 0.3953471478676077 and parameters: {'window_ms': 230, 'overlap': 0.65, 'freq_low_hz': 1200, 'freq_high_hz': 1800}. Best is trial 318 with value: 0.42305991464449244.
[I 2026-03-10 23:51:47,978] Trial 1036 finished with value: 0.3838059389862488 and parameters: {'window_ms': 225, 'overlap': 0.65, 'freq_low_hz': 1200, 'freq_high_hz': 1800}. Best is trial 318 with value: 0.42305991464449244.
[I 2026-03-10 23:51:55,727] Trial 1037 finished with value: 0.3953471478676077 and parameters: {'window_ms': 230, 'overlap': 0.65, 'freq_low_hz': 1200, 'freq_high_hz': 1800}. Best is trial 318 with value: 0.42305991464449244.
[I 2026-03-10 23:51:55,882] Trial 1038 finished with value: 0.3953471478676077 and parameters: {'window_ms': 230, 'overlap': 0.65, 'freq_low_hz': 1200, 'freq_high_hz': 1800}. Best is trial 318 with value: 0.42305991464449244.
[I 2026-03-10 23:51:57,113] Trial 1040 finished with value: 0.3953471478676077 and parameters: {'window_ms': 230, 'overlap': 0.65, 'freq_low_hz': 1200, 'freq_high_hz': 1800}. Best is trial 318 with value: 0.42305991464449244.
[I 2026-03-10 23:51:57,405] Trial 1039 finished with value: 0.3953471478676077 and parameters: {'window_ms': 230, 'overlap': 0.65, 'freq_low_hz': 1200, 'freq_high_hz': 1800}. Best is trial 318 with value: 0.42305991464449244.
[I 2026-03-10 23:51:59,150] Trial 1041 finished with value: 0.3953471478676077 and parameters: {'window_ms': 230, 'overlap': 0.65, 'freq_low_hz': 1200, 'freq_high_hz': 1800}. Best is trial 318 with value: 0.42305991464449244.
[I 2026-03-10 23:52:02,522] Trial 1043 finished with value: 0.40956090190401906 and parameters: {'window_ms': 215, 'overlap': 0.65, 'freq_low_hz': 1200, 'freq_high_hz': 1800}. Best is trial 318 with value: 0.42305991464449244.
[I 2026-03-10 23:52:02,822] Trial 1042 finished with value: 0.40956090190401906 and parameters: {'window_ms': 215, 'overlap': 0.65, 'freq_low_hz': 1200, 'freq_high_hz': 1800}. Best is trial 318 with value: 0.42305991464449244.
