[I 2026-03-10 23:00:29,253] A new study created in RDB with name: respeaker_v3_srp_phat
[I 2026-03-10 23:00:51,981] Trial 3 finished with value: 0.39397824984353214 and parameters: {'window_ms': 105, 'overlap': 0.7, 'freq_low_hz': 1100, 'freq_high_hz': 1800}. Best is trial 3 with value: 0.39397824984353214.
[I 2026-03-10 23:00:54,241] Trial 4 finished with value: 0.35324370998396726 and parameters: {'window_ms': 30, 'overlap': 0.5, 'freq_low_hz': 1200, 'freq_high_hz': 4200}. Best is trial 3 with value: 0.39397824984353214.
[I 2026-03-10 23:00:55,387] Trial 0 finished with value: 0.3388535541908553 and parameters: {'window_ms': 30, 'overlap': 0.5, 'freq_low_hz': 200, 'freq_high_hz': 3000}. Best is trial 3 with value: 0.39397824984353214.
[I 2026-03-10 23:01:02,255] Trial 8 finished with value: 0.347091601832793 and parameters: {'window_ms': 140, 'overlap': 0.6000000000000001, 'freq_low_hz': 750, 'freq_high_hz': 2700}. Best is trial 3 with value: 0.39397824984353214.
[I 2026-03-10 23:01:11,980] Trial 6 finished with value: 0.32700683428753696 and parameters: {'window_ms': 40, 'overlap': 0.6000000000000001, 'freq_low_hz': 1200, 'freq_high_hz': 5400}. Best is trial 3 with value: 0.39397824984353214.
[I 2026-03-10 23:01:16,946] Trial 11 finished with value: 0.3590445347038556 and parameters: {'window_ms': 100, 'overlap': 0.5, 'freq_low_hz': 900, 'freq_high_hz': 2400}. Best is trial 3 with value: 0.39397824984353214.
[I 2026-03-10 23:01:20,762] Trial 1 finished with value: 0.36071290711585596 and parameters: {'window_ms': 150, 'overlap': 0.5, 'freq_low_hz': 100, 'freq_high_hz': 3900}. Best is trial 3 with value: 0.39397824984353214.
[I 2026-03-10 23:01:23,423] Trial 7 finished with value: 0.34615205657290904 and parameters: {'window_ms': 135, 'overlap': 0.65, 'freq_low_hz': 200, 'freq_high_hz': 3300}. Best is trial 3 with value: 0.39397824984353214.
[I 2026-03-10 23:01:23,807] Trial 5 finished with value: 0.3427362504714893 and parameters: {'window_ms': 165, 'overlap': 0.35, 'freq_low_hz': 500, 'freq_high_hz': 5500}. Best is trial 3 with value: 0.39397824984353214.
[I 2026-03-10 23:01:24,586] Trial 13 finished with value: 0.3509729077711888 and parameters: {'window_ms': 45, 'overlap': 0.8, 'freq_low_hz': 900, 'freq_high_hz': 2000}. Best is trial 3 with value: 0.39397824984353214.
[I 2026-03-10 23:01:31,455] Trial 14 finished with value: 0.36492670837561897 and parameters: {'window_ms': 15, 'overlap': 0.55, 'freq_low_hz': 700, 'freq_high_hz': 1600}. Best is trial 3 with value: 0.39397824984353214.
[I 2026-03-10 23:01:35,677] Trial 10 finished with value: 0.3757347156811482 and parameters: {'window_ms': 205, 'overlap': 0.8, 'freq_low_hz': 350, 'freq_high_hz': 1600}. Best is trial 3 with value: 0.39397824984353214.
[I 2026-03-10 23:01:40,609] Trial 12 finished with value: 0.3568700984729622 and parameters: {'window_ms': 175, 'overlap': 0.75, 'freq_low_hz': 250, 'freq_high_hz': 2500}. Best is trial 3 with value: 0.39397824984353214.
[I 2026-03-10 23:01:54,777] Trial 2 finished with value: 0.34082607858667874 and parameters: {'window_ms': 235, 'overlap': 0.55, 'freq_low_hz': 100, 'freq_high_hz': 5200}. Best is trial 3 with value: 0.39397824984353214.
[I 2026-03-10 23:01:57,672] Trial 16 finished with value: 0.3463039275490449 and parameters: {'window_ms': 165, 'overlap': 0.55, 'freq_low_hz': 450, 'freq_high_hz': 3200}. Best is trial 3 with value: 0.39397824984353214.
[I 2026-03-10 23:02:00,425] Trial 15 finished with value: 0.3309566763516058 and parameters: {'window_ms': 150, 'overlap': 0.45, 'freq_low_hz': 800, 'freq_high_hz': 4900}. Best is trial 3 with value: 0.39397824984353214.
[I 2026-03-10 23:02:07,872] Trial 20 finished with value: 0.35682845760357723 and parameters: {'window_ms': 235, 'overlap': 0.8, 'freq_low_hz': 450, 'freq_high_hz': 1500}. Best is trial 3 with value: 0.39397824984353214.
[I 2026-03-10 23:02:08,388] Trial 19 finished with value: 0.37875405601474865 and parameters: {'window_ms': 245, 'overlap': 0.8500000000000001, 'freq_low_hz': 500, 'freq_high_hz': 1600}. Best is trial 3 with value: 0.39397824984353214.
[I 2026-03-10 23:02:12,773] Trial 18 finished with value: 0.35326146997529245 and parameters: {'window_ms': 40, 'overlap': 0.8, 'freq_low_hz': 1100, 'freq_high_hz': 4300}. Best is trial 3 with value: 0.39397824984353214.
[I 2026-03-10 23:02:13,983] Trial 9 finished with value: 0.34158376076124053 and parameters: {'window_ms': 185, 'overlap': 0.65, 'freq_low_hz': 300, 'freq_high_hz': 5700}. Best is trial 3 with value: 0.39397824984353214.
[I 2026-03-10 23:02:27,098] Trial 17 finished with value: 0.3461381300194002 and parameters: {'window_ms': 125, 'overlap': 0.8, 'freq_low_hz': 600, 'freq_high_hz': 3400}. Best is trial 3 with value: 0.39397824984353214.
[I 2026-03-10 23:02:31,199] Trial 22 finished with value: 0.378393674448664 and parameters: {'window_ms': 245, 'overlap': 0.9, 'freq_low_hz': 500, 'freq_high_hz': 1600}. Best is trial 3 with value: 0.39397824984353214.
[I 2026-03-10 23:02:32,333] Trial 21 finished with value: 0.357617759275366 and parameters: {'window_ms': 235, 'overlap': 0.9, 'freq_low_hz': 400, 'freq_high_hz': 1500}. Best is trial 3 with value: 0.39397824984353214.
[I 2026-03-10 23:02:33,102] Trial 23 finished with value: 0.35875204650988674 and parameters: {'window_ms': 215, 'overlap': 0.8500000000000001, 'freq_low_hz': 450, 'freq_high_hz': 1500}. Best is trial 3 with value: 0.39397824984353214.
[I 2026-03-10 23:02:38,525] Trial 26 finished with value: 0.3657144216926949 and parameters: {'window_ms': 95, 'overlap': 0.9, 'freq_low_hz': 1050, 'freq_high_hz': 2000}. Best is trial 3 with value: 0.39397824984353214.
[I 2026-03-10 23:02:46,763] Trial 24 finished with value: 0.3652907393180152 and parameters: {'window_ms': 220, 'overlap': 0.9, 'freq_low_hz': 450, 'freq_high_hz': 1600}. Best is trial 3 with value: 0.39397824984353214.
[I 2026-03-10 23:02:48,336] Trial 27 finished with value: 0.34159185241337164 and parameters: {'window_ms': 95, 'overlap': 0.9, 'freq_low_hz': 1050, 'freq_high_hz': 2300}. Best is trial 3 with value: 0.39397824984353214.
[I 2026-03-10 23:02:50,550] Trial 25 finished with value: 0.37861617501438255 and parameters: {'window_ms': 220, 'overlap': 0.9, 'freq_low_hz': 500, 'freq_high_hz': 1600}. Best is trial 3 with value: 0.39397824984353214.
[I 2026-03-10 23:02:55,145] Trial 28 finished with value: 0.35053924544209153 and parameters: {'window_ms': 85, 'overlap': 0.9, 'freq_low_hz': 600, 'freq_high_hz': 2200}. Best is trial 3 with value: 0.39397824984353214.
[I 2026-03-10 23:03:01,017] Trial 34 finished with value: 0.3504984483072804 and parameters: {'window_ms': 75, 'overlap': 0.7, 'freq_low_hz': 600, 'freq_high_hz': 2100}. Best is trial 3 with value: 0.39397824984353214.
[I 2026-03-10 23:03:07,057] Trial 29 finished with value: 0.35069377889323705 and parameters: {'window_ms': 100, 'overlap': 0.9, 'freq_low_hz': 550, 'freq_high_hz': 2100}. Best is trial 3 with value: 0.39397824984353214.
[I 2026-03-10 23:03:10,611] Trial 32 finished with value: 0.3507119268997416 and parameters: {'window_ms': 80, 'overlap': 0.9, 'freq_low_hz': 600, 'freq_high_hz': 2100}. Best is trial 3 with value: 0.39397824984353214.
[I 2026-03-10 23:03:13,905] Trial 37 finished with value: 0.3508450299724848 and parameters: {'window_ms': 65, 'overlap': 0.7, 'freq_low_hz': 600, 'freq_high_hz': 2000}. Best is trial 3 with value: 0.39397824984353214.
[I 2026-03-10 23:03:14,454] Trial 31 finished with value: 0.3508137485706078 and parameters: {'window_ms': 85, 'overlap': 0.9, 'freq_low_hz': 550, 'freq_high_hz': 2000}. Best is trial 3 with value: 0.39397824984353214.
[I 2026-03-10 23:03:14,622] Trial 33 finished with value: 0.350843020498918 and parameters: {'window_ms': 80, 'overlap': 0.9, 'freq_low_hz': 600, 'freq_high_hz': 2000}. Best is trial 3 with value: 0.39397824984353214.
[I 2026-03-10 23:03:20,581] Trial 36 finished with value: 0.3670483271792836 and parameters: {'window_ms': 250, 'overlap': 0.7, 'freq_low_hz': 600, 'freq_high_hz': 2000}. Best is trial 3 with value: 0.39397824984353214.
[I 2026-03-10 23:03:21,434] Trial 35 finished with value: 0.3639991600467711 and parameters: {'window_ms': 250, 'overlap': 0.7, 'freq_low_hz': 600, 'freq_high_hz': 2100}. Best is trial 3 with value: 0.39397824984353214.
[I 2026-03-10 23:03:28,083] Trial 38 finished with value: 0.3346192428544924 and parameters: {'window_ms': 65, 'overlap': 0.7, 'freq_low_hz': 650, 'freq_high_hz': 2800}. Best is trial 3 with value: 0.39397824984353214.
[I 2026-03-10 23:03:38,279] Trial 30 finished with value: 0.3655493078781465 and parameters: {'window_ms': 210, 'overlap': 0.9, 'freq_low_hz': 350, 'freq_high_hz': 2100}. Best is trial 3 with value: 0.39397824984353214.
[I 2026-03-10 23:03:41,420] Trial 39 finished with value: 0.3568792744698228 and parameters: {'window_ms': 195, 'overlap': 0.7, 'freq_low_hz': 800, 'freq_high_hz': 2600}. Best is trial 3 with value: 0.39397824984353214.
[I 2026-03-10 23:03:56,246] Trial 41 finished with value: 0.37478716521950267 and parameters: {'window_ms': 250, 'overlap': 0.75, 'freq_low_hz': 850, 'freq_high_hz': 2800}. Best is trial 3 with value: 0.39397824984353214.
[I 2026-03-10 23:03:58,583] Trial 40 finished with value: 0.34711483379520164 and parameters: {'window_ms': 250, 'overlap': 0.7, 'freq_low_hz': 700, 'freq_high_hz': 2700}. Best is trial 3 with value: 0.39397824984353214.
[I 2026-03-10 23:04:13,771] Trial 49 finished with value: 0.3738713689044121 and parameters: {'window_ms': 115, 'overlap': 0.8500000000000001, 'freq_low_hz': 700, 'freq_high_hz': 1800}. Best is trial 3 with value: 0.39397824984353214.
[I 2026-03-10 23:04:13,792] Trial 44 finished with value: 0.3608888165333321 and parameters: {'window_ms': 250, 'overlap': 0.75, 'freq_low_hz': 700, 'freq_high_hz': 2800}. Best is trial 3 with value: 0.39397824984353214.
[I 2026-03-10 23:04:16,365] Trial 48 finished with value: 0.38153165393358607 and parameters: {'window_ms': 195, 'overlap': 0.8500000000000001, 'freq_low_hz': 800, 'freq_high_hz': 1800}. Best is trial 3 with value: 0.39397824984353214.
[I 2026-03-10 23:04:20,071] Trial 45 finished with value: 0.37378104822743163 and parameters: {'window_ms': 200, 'overlap': 0.8500000000000001, 'freq_low_hz': 350, 'freq_high_hz': 1800}. Best is trial 3 with value: 0.39397824984353214.
[I 2026-03-10 23:04:29,282] Trial 43 finished with value: 0.36117007565872444 and parameters: {'window_ms': 250, 'overlap': 0.8500000000000001, 'freq_low_hz': 700, 'freq_high_hz': 2600}. Best is trial 3 with value: 0.39397824984353214.
[I 2026-03-10 23:04:30,447] Trial 42 finished with value: 0.3608953454919077 and parameters: {'window_ms': 245, 'overlap': 0.8500000000000001, 'freq_low_hz': 700, 'freq_high_hz': 2700}. Best is trial 3 with value: 0.39397824984353214.
[I 2026-03-10 23:04:36,650] Trial 47 finished with value: 0.4193505957586744 and parameters: {'window_ms': 200, 'overlap': 0.8500000000000001, 'freq_low_hz': 100, 'freq_high_hz': 1800}. Best is trial 47 with value: 0.4193505957586744.
[I 2026-03-10 23:04:38,911] Trial 55 finished with value: 0.37729283529039925 and parameters: {'window_ms': 230, 'overlap': 0.3, 'freq_low_hz': 950, 'freq_high_hz': 1800}. Best is trial 47 with value: 0.4193505957586744.
/home/mkeller/mkeller/signal-processing-research/localization/tuning/run_optuna_respeaker_v3.py:97: UserWarning: The distribution is specified by [1550, 6000] and step=100, but the range is not divisible by `step`. It will be replaced with [1550, 5950].
  freq_high_hz = trial.suggest_int("freq_high_hz", min_high, 6000, step=100)
[I 2026-03-10 23:04:44,077] Trial 46 finished with value: 0.3472091642674119 and parameters: {'window_ms': 195, 'overlap': 0.8500000000000001, 'freq_low_hz': 350, 'freq_high_hz': 2700}. Best is trial 47 with value: 0.4193505957586744.
[I 2026-03-10 23:04:49,551] Trial 57 finished with value: 0.37558108444443555 and parameters: {'window_ms': 225, 'overlap': 0.25, 'freq_low_hz': 950, 'freq_high_hz': 1800}. Best is trial 47 with value: 0.4193505957586744.
[I 2026-03-10 23:04:52,655] Trial 51 finished with value: 0.37378104822743163 and parameters: {'window_ms': 200, 'overlap': 0.8500000000000001, 'freq_low_hz': 350, 'freq_high_hz': 1800}. Best is trial 47 with value: 0.4193505957586744.
[I 2026-03-10 23:04:57,595] Trial 50 finished with value: 0.4034386067696847 and parameters: {'window_ms': 205, 'overlap': 0.8500000000000001, 'freq_low_hz': 150, 'freq_high_hz': 1800}. Best is trial 47 with value: 0.4193505957586744.
[I 2026-03-10 23:05:06,036] Trial 52 finished with value: 0.379820800437072 and parameters: {'window_ms': 225, 'overlap': 0.8500000000000001, 'freq_low_hz': 350, 'freq_high_hz': 1700}. Best is trial 47 with value: 0.4193505957586744.
[I 2026-03-10 23:05:06,662] Trial 56 finished with value: 0.40563483018873103 and parameters: {'window_ms': 225, 'overlap': 0.8500000000000001, 'freq_low_hz': 950, 'freq_high_hz': 1800}. Best is trial 47 with value: 0.4193505957586744.
[I 2026-03-10 23:05:07,941] Trial 58 finished with value: 0.3980520698786918 and parameters: {'window_ms': 225, 'overlap': 0.3, 'freq_low_hz': 100, 'freq_high_hz': 1800}. Best is trial 47 with value: 0.4193505957586744.
[I 2026-03-10 23:05:11,722] Trial 54 finished with value: 0.39167534320177305 and parameters: {'window_ms': 225, 'overlap': 0.8500000000000001, 'freq_low_hz': 150, 'freq_high_hz': 1800}. Best is trial 47 with value: 0.4193505957586744.
[I 2026-03-10 23:05:12,539] Trial 53 finished with value: 0.37378104822743163 and parameters: {'window_ms': 200, 'overlap': 0.8500000000000001, 'freq_low_hz': 350, 'freq_high_hz': 1800}. Best is trial 47 with value: 0.4193505957586744.
[I 2026-03-10 23:05:28,793] Trial 59 finished with value: 0.36090530381766844 and parameters: {'window_ms': 180, 'overlap': 0.65, 'freq_low_hz': 1150, 'freq_high_hz': 4150}. Best is trial 47 with value: 0.4193505957586744.
[I 2026-03-10 23:05:39,281] Trial 60 finished with value: 0.41099410482761883 and parameters: {'window_ms': 180, 'overlap': 0.8, 'freq_low_hz': 100, 'freq_high_hz': 1800}. Best is trial 47 with value: 0.4193505957586744.
[I 2026-03-10 23:05:39,377] Trial 61 finished with value: 0.3503076911360318 and parameters: {'window_ms': 165, 'overlap': 0.8, 'freq_low_hz': 150, 'freq_high_hz': 1700}. Best is trial 47 with value: 0.4193505957586744.
[I 2026-03-10 23:05:48,057] Trial 67 finished with value: 0.34938116942460173 and parameters: {'window_ms': 180, 'overlap': 0.4, 'freq_low_hz': 100, 'freq_high_hz': 2300}. Best is trial 47 with value: 0.4193505957586744.
[I 2026-03-10 23:05:55,770] Trial 63 finished with value: 0.35670931518683924 and parameters: {'window_ms': 185, 'overlap': 0.75, 'freq_low_hz': 150, 'freq_high_hz': 2400}. Best is trial 47 with value: 0.4193505957586744.
[I 2026-03-10 23:06:02,341] Trial 69 finished with value: 0.3589928188618896 and parameters: {'window_ms': 170, 'overlap': 0.35, 'freq_low_hz': 100, 'freq_high_hz': 2400}. Best is trial 47 with value: 0.4193505957586744.
[I 2026-03-10 23:06:08,326] Trial 65 finished with value: 0.34902074088218854 and parameters: {'window_ms': 185, 'overlap': 0.8, 'freq_low_hz': 200, 'freq_high_hz': 2300}. Best is trial 47 with value: 0.4193505957586744.
[I 2026-03-10 23:06:10,384] Trial 70 finished with value: 0.3505541552118313 and parameters: {'window_ms': 165, 'overlap': 0.4, 'freq_low_hz': 100, 'freq_high_hz': 2300}. Best is trial 47 with value: 0.4193505957586744.
[I 2026-03-10 23:06:19,052] Trial 66 finished with value: 0.36129830119716505 and parameters: {'window_ms': 185, 'overlap': 0.65, 'freq_low_hz': 100, 'freq_high_hz': 4200}. Best is trial 47 with value: 0.4193505957586744.
[I 2026-03-10 23:06:24,235] Trial 71 finished with value: 0.35452854412059753 and parameters: {'window_ms': 185, 'overlap': 0.4, 'freq_low_hz': 100, 'freq_high_hz': 3600}. Best is trial 47 with value: 0.4193505957586744.
[I 2026-03-10 23:06:35,009] Trial 62 finished with value: 0.3612814229884347 and parameters: {'window_ms': 175, 'overlap': 0.8, 'freq_low_hz': 100, 'freq_high_hz': 4200}. Best is trial 47 with value: 0.4193505957586744.
[I 2026-03-10 23:06:38,230] Trial 64 finished with value: 0.3608000969949852 and parameters: {'window_ms': 175, 'overlap': 0.8, 'freq_low_hz': 100, 'freq_high_hz': 3900}. Best is trial 47 with value: 0.4193505957586744.
[I 2026-03-10 23:06:41,249] Trial 72 finished with value: 0.35665281889370826 and parameters: {'window_ms': 150, 'overlap': 0.75, 'freq_low_hz': 200, 'freq_high_hz': 2400}. Best is trial 47 with value: 0.4193505957586744.
[I 2026-03-10 23:06:48,451] Trial 68 finished with value: 0.3683249241961192 and parameters: {'window_ms': 180, 'overlap': 0.4, 'freq_low_hz': 100, 'freq_high_hz': 6000}. Best is trial 47 with value: 0.4193505957586744.
[I 2026-03-10 23:06:55,425] Trial 73 finished with value: 0.3503905700050621 and parameters: {'window_ms': 150, 'overlap': 0.8, 'freq_low_hz': 250, 'freq_high_hz': 2300}. Best is trial 47 with value: 0.4193505957586744.
[I 2026-03-10 23:07:07,810] Trial 76 finished with value: 0.36134642977575077 and parameters: {'window_ms': 210, 'overlap': 0.6000000000000001, 'freq_low_hz': 250, 'freq_high_hz': 3800}. Best is trial 47 with value: 0.4193505957586744.
[I 2026-03-10 23:07:17,619] Trial 82 finished with value: 0.3552875226635118 and parameters: {'window_ms': 210, 'overlap': 0.6000000000000001, 'freq_low_hz': 250, 'freq_high_hz': 1500}. Best is trial 47 with value: 0.4193505957586744.
[I 2026-03-10 23:07:21,080] Trial 83 finished with value: 0.35582058562631397 and parameters: {'window_ms': 215, 'overlap': 0.55, 'freq_low_hz': 250, 'freq_high_hz': 1500}. Best is trial 47 with value: 0.4193505957586744.
[I 2026-03-10 23:07:21,583] Trial 75 finished with value: 0.3409315611756614 and parameters: {'window_ms': 155, 'overlap': 0.6000000000000001, 'freq_low_hz': 250, 'freq_high_hz': 5000}. Best is trial 47 with value: 0.4193505957586744.
[I 2026-03-10 23:07:31,111] Trial 74 finished with value: 0.36167646483938815 and parameters: {'window_ms': 210, 'overlap': 0.8, 'freq_low_hz': 250, 'freq_high_hz': 3500}. Best is trial 47 with value: 0.4193505957586744.
[I 2026-03-10 23:07:33,608] Trial 80 finished with value: 0.3530966558282262 and parameters: {'window_ms': 210, 'overlap': 0.5, 'freq_low_hz': 250, 'freq_high_hz': 4700}. Best is trial 47 with value: 0.4193505957586744.
[I 2026-03-10 23:07:42,917] Trial 77 finished with value: 0.36080097086466156 and parameters: {'window_ms': 210, 'overlap': 0.75, 'freq_low_hz': 250, 'freq_high_hz': 3700}. Best is trial 47 with value: 0.4193505957586744.
[I 2026-03-10 23:07:45,720] Trial 79 finished with value: 0.3549401376615021 and parameters: {'window_ms': 210, 'overlap': 0.5, 'freq_low_hz': 250, 'freq_high_hz': 4900}. Best is trial 47 with value: 0.4193505957586744.
[I 2026-03-10 23:07:47,200] Trial 84 finished with value: 0.3771665089620663 and parameters: {'window_ms': 215, 'overlap': 0.8, 'freq_low_hz': 150, 'freq_high_hz': 1500}. Best is trial 47 with value: 0.4193505957586744.
[I 2026-03-10 23:07:49,568] Trial 81 finished with value: 0.3462169112933529 and parameters: {'window_ms': 210, 'overlap': 0.6000000000000001, 'freq_low_hz': 250, 'freq_high_hz': 4800}. Best is trial 47 with value: 0.4193505957586744.
[I 2026-03-10 23:07:51,014] Trial 87 finished with value: 0.3801721053187061 and parameters: {'window_ms': 235, 'overlap': 0.5, 'freq_low_hz': 150, 'freq_high_hz': 1900}. Best is trial 47 with value: 0.4193505957586744.
[I 2026-03-10 23:07:57,376] Trial 85 finished with value: 0.37998850391238603 and parameters: {'window_ms': 235, 'overlap': 0.75, 'freq_low_hz': 150, 'freq_high_hz': 1900}. Best is trial 47 with value: 0.4193505957586744.
[I 2026-03-10 23:08:02,111] Trial 86 finished with value: 0.37998850391238603 and parameters: {'window_ms': 235, 'overlap': 0.75, 'freq_low_hz': 150, 'freq_high_hz': 1900}. Best is trial 47 with value: 0.4193505957586744.
[I 2026-03-10 23:08:11,265] Trial 88 finished with value: 0.37998850391238603 and parameters: {'window_ms': 235, 'overlap': 0.75, 'freq_low_hz': 150, 'freq_high_hz': 1900}. Best is trial 47 with value: 0.4193505957586744.
[I 2026-03-10 23:08:13,466] Trial 95 finished with value: 0.35187855701943005 and parameters: {'window_ms': 115, 'overlap': 0.45, 'freq_low_hz': 1000, 'freq_high_hz': 1900}. Best is trial 47 with value: 0.4193505957586744.
/home/mkeller/mkeller/signal-processing-research/localization/tuning/run_optuna_respeaker_v3.py:97: UserWarning: The distribution is specified by [1550, 6000] and step=100, but the range is not divisible by `step`. It will be replaced with [1550, 5950].
  freq_high_hz = trial.suggest_int("freq_high_hz", min_high, 6000, step=100)
[I 2026-03-10 23:08:13,977] Trial 89 finished with value: 0.37998850391238603 and parameters: {'window_ms': 235, 'overlap': 0.75, 'freq_low_hz': 150, 'freq_high_hz': 1900}. Best is trial 47 with value: 0.4193505957586744.
/home/mkeller/mkeller/signal-processing-research/localization/tuning/run_optuna_respeaker_v3.py:97: UserWarning: The distribution is specified by [1550, 6000] and step=100, but the range is not divisible by `step`. It will be replaced with [1550, 5950].
  freq_high_hz = trial.suggest_int("freq_high_hz", min_high, 6000, step=100)
[I 2026-03-10 23:08:23,804] Trial 93 finished with value: 0.3793919729141941 and parameters: {'window_ms': 235, 'overlap': 0.8500000000000001, 'freq_low_hz': 1000, 'freq_high_hz': 1900}. Best is trial 47 with value: 0.4193505957586744.
[I 2026-03-10 23:08:24,333] Trial 94 finished with value: 0.37954891434903104 and parameters: {'window_ms': 240, 'overlap': 0.8500000000000001, 'freq_low_hz': 1050, 'freq_high_hz': 1900}. Best is trial 47 with value: 0.4193505957586744.
