[I 2026-03-11 00:00:33,689] Trial 1334 finished with value: 0.3860207728850932 and parameters: {'window_ms': 215, 'overlap': 0.65, 'freq_low_hz': 1200, 'freq_high_hz': 1900}. Best is trial 318 with value: 0.42305991464449244.
[I 2026-03-11 00:00:34,795] Trial 1335 finished with value: 0.37822717197074307 and parameters: {'window_ms': 225, 'overlap': 0.65, 'freq_low_hz': 1200, 'freq_high_hz': 1900}. Best is trial 318 with value: 0.42305991464449244.
[I 2026-03-11 00:00:35,074] Trial 1336 finished with value: 0.35129276064002746 and parameters: {'window_ms': 40, 'overlap': 0.65, 'freq_low_hz': 1200, 'freq_high_hz': 1900}. Best is trial 318 with value: 0.42305991464449244.
[I 2026-03-11 00:00:35,674] Trial 1324 finished with value: 0.3399313165576073 and parameters: {'window_ms': 220, 'overlap': 0.65, 'freq_low_hz': 1200, 'freq_high_hz': 4800}. Best is trial 318 with value: 0.42305991464449244.
[I 2026-03-11 00:00:37,012] Trial 1337 finished with value: 0.37822717197074307 and parameters: {'window_ms': 225, 'overlap': 0.65, 'freq_low_hz': 1200, 'freq_high_hz': 1900}. Best is trial 318 with value: 0.42305991464449244.
[I 2026-03-11 00:00:37,207] Trial 1338 finished with value: 0.37822717197074307 and parameters: {'window_ms': 225, 'overlap': 0.65, 'freq_low_hz': 1200, 'freq_high_hz': 1900}. Best is trial 318 with value: 0.42305991464449244.
[I 2026-03-11 00:00:38,970] Trial 1331 finished with value: 0.3461562049190648 and parameters: {'window_ms': 105, 'overlap': 0.65, 'freq_low_hz': 1050, 'freq_high_hz': 4700}. Best is trial 318 with value: 0.42305991464449244.
Wrote Optuna tuning outputs to localization/tuning/results/respeaker_v3_optuna_launches/20260310_230026/srp_phat/20260310_230028
