[I 2026-03-10 23:39:10,106] Trial 750 finished with value: 0.3498242545729781 and parameters: {'window_ms': 180, 'overlap': 0.55, 'freq_low_hz': 100, 'freq_high_hz': 2100}. Best is trial 318 with value: 0.42305991464449244.
[I 2026-03-10 23:39:10,594] Trial 755 finished with value: 0.37591700733950034 and parameters: {'window_ms': 175, 'overlap': 0.55, 'freq_low_hz': 450, 'freq_high_hz': 1600}. Best is trial 318 with value: 0.42305991464449244.
[I 2026-03-10 23:39:11,467] Trial 754 finished with value: 0.37347206290979024 and parameters: {'window_ms': 175, 'overlap': 0.55, 'freq_low_hz': 550, 'freq_high_hz': 1600}. Best is trial 318 with value: 0.42305991464449244.
[I 2026-03-10 23:39:14,234] Trial 757 finished with value: 0.380394680450239 and parameters: {'window_ms': 155, 'overlap': 0.55, 'freq_low_hz': 550, 'freq_high_hz': 1600}. Best is trial 318 with value: 0.42305991464449244.
[I 2026-03-10 23:39:17,211] Trial 758 finished with value: 0.3810617850095701 and parameters: {'window_ms': 170, 'overlap': 0.55, 'freq_low_hz': 550, 'freq_high_hz': 1600}. Best is trial 318 with value: 0.42305991464449244.
[I 2026-03-10 23:39:19,536] Trial 759 finished with value: 0.3620100858475694 and parameters: {'window_ms': 170, 'overlap': 0.55, 'freq_low_hz': 400, 'freq_high_hz': 1600}. Best is trial 318 with value: 0.42305991464449244.
[I 2026-03-10 23:39:30,418] Trial 760 finished with value: 0.37568189278397995 and parameters: {'window_ms': 170, 'overlap': 0.55, 'freq_low_hz': 450, 'freq_high_hz': 1600}. Best is trial 318 with value: 0.42305991464449244.
[I 2026-03-10 23:39:30,998] Trial 761 finished with value: 0.37970000604036147 and parameters: {'window_ms': 175, 'overlap': 0.55, 'freq_low_hz': 600, 'freq_high_hz': 1600}. Best is trial 318 with value: 0.42305991464449244.
[I 2026-03-10 23:39:34,034] Trial 765 finished with value: 0.3619697404562619 and parameters: {'window_ms': 165, 'overlap': 0.55, 'freq_low_hz': 850, 'freq_high_hz': 1500}. Best is trial 318 with value: 0.42305991464449244.
[I 2026-03-10 23:39:40,828] Trial 762 finished with value: 0.3815693017770534 and parameters: {'window_ms': 165, 'overlap': 0.75, 'freq_low_hz': 600, 'freq_high_hz': 1600}. Best is trial 318 with value: 0.42305991464449244.
[I 2026-03-10 23:39:42,072] Trial 764 finished with value: 0.37347206290979024 and parameters: {'window_ms': 175, 'overlap': 0.55, 'freq_low_hz': 550, 'freq_high_hz': 1600}. Best is trial 318 with value: 0.42305991464449244.
[I 2026-03-10 23:39:45,137] Trial 768 finished with value: 0.3918829226809361 and parameters: {'window_ms': 180, 'overlap': 0.6000000000000001, 'freq_low_hz': 700, 'freq_high_hz': 1700}. Best is trial 318 with value: 0.42305991464449244.
[I 2026-03-10 23:39:46,567] Trial 766 finished with value: 0.38757909996420137 and parameters: {'window_ms': 170, 'overlap': 0.8, 'freq_low_hz': 700, 'freq_high_hz': 1700}. Best is trial 318 with value: 0.42305991464449244.
[I 2026-03-10 23:39:46,877] Trial 763 finished with value: 0.3693145858323308 and parameters: {'window_ms': 180, 'overlap': 0.75, 'freq_low_hz': 450, 'freq_high_hz': 1500}. Best is trial 318 with value: 0.42305991464449244.
[I 2026-03-10 23:39:57,453] Trial 767 finished with value: 0.387925162729786 and parameters: {'window_ms': 165, 'overlap': 0.8, 'freq_low_hz': 600, 'freq_high_hz': 1700}. Best is trial 318 with value: 0.42305991464449244.
[I 2026-03-10 23:39:57,998] Trial 770 finished with value: 0.3918829226809361 and parameters: {'window_ms': 180, 'overlap': 0.6000000000000001, 'freq_low_hz': 700, 'freq_high_hz': 1700}. Best is trial 318 with value: 0.42305991464449244.
[I 2026-03-10 23:39:59,609] Trial 769 finished with value: 0.3827239944977388 and parameters: {'window_ms': 175, 'overlap': 0.75, 'freq_low_hz': 450, 'freq_high_hz': 1700}. Best is trial 318 with value: 0.42305991464449244.
[I 2026-03-10 23:40:04,178] Trial 771 finished with value: 0.36933186954130076 and parameters: {'window_ms': 180, 'overlap': 0.6000000000000001, 'freq_low_hz': 500, 'freq_high_hz': 1700}. Best is trial 318 with value: 0.42305991464449244.
[I 2026-03-10 23:40:11,590] Trial 773 finished with value: 0.39121603902469726 and parameters: {'window_ms': 190, 'overlap': 0.6000000000000001, 'freq_low_hz': 800, 'freq_high_hz': 1700}. Best is trial 318 with value: 0.42305991464449244.
[I 2026-03-10 23:40:14,496] Trial 776 finished with value: 0.38899522890274074 and parameters: {'window_ms': 185, 'overlap': 0.5, 'freq_low_hz': 500, 'freq_high_hz': 1700}. Best is trial 318 with value: 0.42305991464449244.
[I 2026-03-10 23:40:14,818] Trial 777 finished with value: 0.37529441498974014 and parameters: {'window_ms': 185, 'overlap': 0.6000000000000001, 'freq_low_hz': 500, 'freq_high_hz': 1700}. Best is trial 318 with value: 0.42305991464449244.
[I 2026-03-10 23:40:18,114] Trial 774 finished with value: 0.3688407834585542 and parameters: {'window_ms': 190, 'overlap': 0.6000000000000001, 'freq_low_hz': 350, 'freq_high_hz': 1700}. Best is trial 318 with value: 0.42305991464449244.
[I 2026-03-10 23:40:19,109] Trial 772 finished with value: 0.36888895830664875 and parameters: {'window_ms': 185, 'overlap': 0.75, 'freq_low_hz': 250, 'freq_high_hz': 1700}. Best is trial 318 with value: 0.42305991464449244.
[I 2026-03-10 23:40:21,717] Trial 775 finished with value: 0.3612017711905141 and parameters: {'window_ms': 185, 'overlap': 0.6000000000000001, 'freq_low_hz': 150, 'freq_high_hz': 1700}. Best is trial 318 with value: 0.42305991464449244.
[I 2026-03-10 23:40:27,505] Trial 778 finished with value: 0.3658700926185505 and parameters: {'window_ms': 180, 'overlap': 0.5, 'freq_low_hz': 650, 'freq_high_hz': 1900}. Best is trial 318 with value: 0.42305991464449244.
[I 2026-03-10 23:40:33,226] Trial 779 finished with value: 0.34173251428498375 and parameters: {'window_ms': 180, 'overlap': 0.5, 'freq_low_hz': 150, 'freq_high_hz': 1900}. Best is trial 318 with value: 0.42305991464449244.
[I 2026-03-10 23:40:38,194] Trial 780 finished with value: 0.37696082681275833 and parameters: {'window_ms': 185, 'overlap': 0.6000000000000001, 'freq_low_hz': 350, 'freq_high_hz': 1900}. Best is trial 318 with value: 0.42305991464449244.
[I 2026-03-10 23:40:44,437] Trial 785 finished with value: 0.37921976815474134 and parameters: {'window_ms': 240, 'overlap': 0.65, 'freq_low_hz': 1100, 'freq_high_hz': 1900}. Best is trial 318 with value: 0.42305991464449244.
[I 2026-03-10 23:40:47,089] Trial 781 finished with value: 0.3556788129510437 and parameters: {'window_ms': 185, 'overlap': 0.65, 'freq_low_hz': 150, 'freq_high_hz': 1900}. Best is trial 318 with value: 0.42305991464449244.
[I 2026-03-10 23:40:48,192] Trial 783 finished with value: 0.36637798677455385 and parameters: {'window_ms': 180, 'overlap': 0.6000000000000001, 'freq_low_hz': 650, 'freq_high_hz': 1900}. Best is trial 318 with value: 0.42305991464449244.
[I 2026-03-10 23:40:50,786] Trial 782 finished with value: 0.3787672823278885 and parameters: {'window_ms': 190, 'overlap': 0.5, 'freq_low_hz': 350, 'freq_high_hz': 1900}. Best is trial 318 with value: 0.42305991464449244.
[I 2026-03-10 23:40:51,435] Trial 786 finished with value: 0.36037518848094285 and parameters: {'window_ms': 180, 'overlap': 0.5, 'freq_low_hz': 350, 'freq_high_hz': 1900}. Best is trial 318 with value: 0.42305991464449244.
[I 2026-03-10 23:40:52,403] Trial 788 finished with value: 0.37927836655091113 and parameters: {'window_ms': 235, 'overlap': 0.55, 'freq_low_hz': 1100, 'freq_high_hz': 1900}. Best is trial 318 with value: 0.42305991464449244.
[I 2026-03-10 23:40:56,991] Trial 784 finished with value: 0.3556788129510437 and parameters: {'window_ms': 185, 'overlap': 0.65, 'freq_low_hz': 150, 'freq_high_hz': 1900}. Best is trial 318 with value: 0.42305991464449244.
[I 2026-03-10 23:40:57,113] Trial 787 finished with value: 0.38113649154641593 and parameters: {'window_ms': 240, 'overlap': 0.55, 'freq_low_hz': 350, 'freq_high_hz': 1900}. Best is trial 318 with value: 0.42305991464449244.
[I 2026-03-10 23:41:05,710] Trial 791 finished with value: 0.3781626422435935 and parameters: {'window_ms': 235, 'overlap': 0.55, 'freq_low_hz': 1050, 'freq_high_hz': 1800}. Best is trial 318 with value: 0.42305991464449244.
[I 2026-03-10 23:41:05,941] Trial 790 finished with value: 0.37921976815474134 and parameters: {'window_ms': 240, 'overlap': 0.65, 'freq_low_hz': 1100, 'freq_high_hz': 1900}. Best is trial 318 with value: 0.42305991464449244.
[I 2026-03-10 23:41:06,304] Trial 793 finished with value: 0.39825468544229536 and parameters: {'window_ms': 235, 'overlap': 0.55, 'freq_low_hz': 1200, 'freq_high_hz': 1800}. Best is trial 318 with value: 0.42305991464449244.
[I 2026-03-10 23:41:06,512] Trial 789 finished with value: 0.3660373590444191 and parameters: {'window_ms': 190, 'overlap': 0.55, 'freq_low_hz': 300, 'freq_high_hz': 1900}. Best is trial 318 with value: 0.42305991464449244.
[I 2026-03-10 23:41:11,372] Trial 792 finished with value: 0.39223384800522226 and parameters: {'window_ms': 235, 'overlap': 0.55, 'freq_low_hz': 1100, 'freq_high_hz': 1800}. Best is trial 318 with value: 0.42305991464449244.
[I 2026-03-10 23:41:11,595] Trial 795 finished with value: 0.3753371800028245 and parameters: {'window_ms': 240, 'overlap': 0.55, 'freq_low_hz': 1150, 'freq_high_hz': 1750}. Best is trial 318 with value: 0.42305991464449244.
[I 2026-03-10 23:41:11,749] Trial 796 finished with value: 0.3745900287349898 and parameters: {'window_ms': 195, 'overlap': 0.55, 'freq_low_hz': 1150, 'freq_high_hz': 1750}. Best is trial 318 with value: 0.42305991464449244.
[I 2026-03-10 23:41:12,058] Trial 794 finished with value: 0.3753371800028245 and parameters: {'window_ms': 240, 'overlap': 0.55, 'freq_low_hz': 1150, 'freq_high_hz': 1750}. Best is trial 318 with value: 0.42305991464449244.
[I 2026-03-10 23:41:13,318] Trial 798 finished with value: 0.39462251709388957 and parameters: {'window_ms': 150, 'overlap': 0.25, 'freq_low_hz': 1150, 'freq_high_hz': 1750}. Best is trial 318 with value: 0.42305991464449244.
[I 2026-03-10 23:41:24,102] Trial 799 finished with value: 0.37420219213629785 and parameters: {'window_ms': 160, 'overlap': 0.25, 'freq_low_hz': 1150, 'freq_high_hz': 1750}. Best is trial 318 with value: 0.42305991464449244.
[I 2026-03-10 23:41:24,356] Trial 800 finished with value: 0.3745900287349898 and parameters: {'window_ms': 195, 'overlap': 0.55, 'freq_low_hz': 1150, 'freq_high_hz': 1750}. Best is trial 318 with value: 0.42305991464449244.
[I 2026-03-10 23:41:30,896] Trial 804 finished with value: 0.39923372436109134 and parameters: {'window_ms': 195, 'overlap': 0.3, 'freq_low_hz': 1150, 'freq_high_hz': 1750}. Best is trial 318 with value: 0.42305991464449244.
[I 2026-03-10 23:41:31,342] Trial 803 finished with value: 0.3812479642733746 and parameters: {'window_ms': 195, 'overlap': 0.6000000000000001, 'freq_low_hz': 1150, 'freq_high_hz': 1750}. Best is trial 318 with value: 0.42305991464449244.
[I 2026-03-10 23:41:32,145] Trial 805 finished with value: 0.40952594668179976 and parameters: {'window_ms': 225, 'overlap': 0.6000000000000001, 'freq_low_hz': 1200, 'freq_high_hz': 1800}. Best is trial 318 with value: 0.42305991464449244.
[I 2026-03-10 23:41:32,731] Trial 797 finished with value: 0.3969483230080547 and parameters: {'window_ms': 230, 'overlap': 0.55, 'freq_low_hz': 300, 'freq_high_hz': 1800}. Best is trial 318 with value: 0.42305991464449244.
[I 2026-03-10 23:41:32,942] Trial 802 finished with value: 0.3641676813576385 and parameters: {'window_ms': 145, 'overlap': 0.55, 'freq_low_hz': 950, 'freq_high_hz': 2000}. Best is trial 318 with value: 0.42305991464449244.
[I 2026-03-10 23:41:36,885] Trial 801 finished with value: 0.35954428776159697 and parameters: {'window_ms': 225, 'overlap': 0.3, 'freq_low_hz': 400, 'freq_high_hz': 2000}. Best is trial 318 with value: 0.42305991464449244.
[I 2026-03-10 23:41:37,714] Trial 807 finished with value: 0.35889142872119767 and parameters: {'window_ms': 110, 'overlap': 0.6000000000000001, 'freq_low_hz': 400, 'freq_high_hz': 1500}. Best is trial 318 with value: 0.42305991464449244.
[I 2026-03-10 23:41:48,469] Trial 806 finished with value: 0.36561537679630135 and parameters: {'window_ms': 165, 'overlap': 0.6000000000000001, 'freq_low_hz': 400, 'freq_high_hz': 2000}. Best is trial 318 with value: 0.42305991464449244.
[I 2026-03-10 23:41:53,851] Trial 809 finished with value: 0.3640158501169912 and parameters: {'window_ms': 225, 'overlap': 0.6000000000000001, 'freq_low_hz': 950, 'freq_high_hz': 2000}. Best is trial 318 with value: 0.42305991464449244.
[I 2026-03-10 23:41:54,390] Trial 810 finished with value: 0.36365194045277555 and parameters: {'window_ms': 125, 'overlap': 0.6000000000000001, 'freq_low_hz': 1200, 'freq_high_hz': 2000}. Best is trial 318 with value: 0.42305991464449244.
[I 2026-03-10 23:41:58,425] Trial 815 finished with value: 0.34912938035593055 and parameters: {'window_ms': 105, 'overlap': 0.6000000000000001, 'freq_low_hz': 800, 'freq_high_hz': 1500}. Best is trial 318 with value: 0.42305991464449244.
[I 2026-03-10 23:41:58,598] Trial 811 finished with value: 0.39199525396302276 and parameters: {'window_ms': 225, 'overlap': 0.6000000000000001, 'freq_low_hz': 1200, 'freq_high_hz': 2000}. Best is trial 318 with value: 0.42305991464449244.
[I 2026-03-10 23:41:58,721] Trial 813 finished with value: 0.39199525396302276 and parameters: {'window_ms': 225, 'overlap': 0.6000000000000001, 'freq_low_hz': 1200, 'freq_high_hz': 2000}. Best is trial 318 with value: 0.42305991464449244.
[I 2026-03-10 23:42:01,564] Trial 816 finished with value: 0.39199525396302276 and parameters: {'window_ms': 225, 'overlap': 0.6000000000000001, 'freq_low_hz': 1200, 'freq_high_hz': 2000}. Best is trial 318 with value: 0.42305991464449244.
[I 2026-03-10 23:42:05,131] Trial 812 finished with value: 0.3649621080610848 and parameters: {'window_ms': 230, 'overlap': 0.6000000000000001, 'freq_low_hz': 850, 'freq_high_hz': 2000}. Best is trial 318 with value: 0.42305991464449244.
[I 2026-03-10 23:42:05,147] Trial 808 finished with value: 0.36671820017310086 and parameters: {'window_ms': 200, 'overlap': 0.6000000000000001, 'freq_low_hz': 400, 'freq_high_hz': 2000}. Best is trial 318 with value: 0.42305991464449244.
[I 2026-03-10 23:42:09,996] Trial 817 finished with value: 0.40471575562340545 and parameters: {'window_ms': 200, 'overlap': 0.6000000000000001, 'freq_low_hz': 1200, 'freq_high_hz': 1800}. Best is trial 318 with value: 0.42305991464449244.
[I 2026-03-10 23:42:11,238] Trial 818 finished with value: 0.4094301968375187 and parameters: {'window_ms': 200, 'overlap': 0.55, 'freq_low_hz': 1200, 'freq_high_hz': 1800}. Best is trial 318 with value: 0.42305991464449244.
[I 2026-03-10 23:42:11,349] Trial 814 finished with value: 0.36681536806095705 and parameters: {'window_ms': 225, 'overlap': 0.6000000000000001, 'freq_low_hz': 400, 'freq_high_hz': 2000}. Best is trial 318 with value: 0.42305991464449244.
[I 2026-03-10 23:42:16,095] Trial 822 finished with value: 0.4094301968375187 and parameters: {'window_ms': 200, 'overlap': 0.55, 'freq_low_hz': 1200, 'freq_high_hz': 1800}. Best is trial 318 with value: 0.42305991464449244.
[I 2026-03-10 23:42:20,933] Trial 823 finished with value: 0.4094301968375187 and parameters: {'window_ms': 200, 'overlap': 0.55, 'freq_low_hz': 1200, 'freq_high_hz': 1800}. Best is trial 318 with value: 0.42305991464449244.
[I 2026-03-10 23:42:22,169] Trial 821 finished with value: 0.38781198117911686 and parameters: {'window_ms': 200, 'overlap': 0.55, 'freq_low_hz': 850, 'freq_high_hz': 1800}. Best is trial 318 with value: 0.42305991464449244.
[I 2026-03-10 23:42:23,605] Trial 825 finished with value: 0.41247403183624703 and parameters: {'window_ms': 175, 'overlap': 0.55, 'freq_low_hz': 1200, 'freq_high_hz': 1800}. Best is trial 318 with value: 0.42305991464449244.
[I 2026-03-10 23:42:26,543] Trial 819 finished with value: 0.413671808223425 and parameters: {'window_ms': 200, 'overlap': 0.9, 'freq_low_hz': 1200, 'freq_high_hz': 1800}. Best is trial 318 with value: 0.42305991464449244.
[I 2026-03-10 23:42:31,208] Trial 820 finished with value: 0.36368094012338625 and parameters: {'window_ms': 200, 'overlap': 0.55, 'freq_low_hz': 750, 'freq_high_hz': 2100}. Best is trial 318 with value: 0.42305991464449244.
[I 2026-03-10 23:42:33,315] Trial 827 finished with value: 0.37931265343100656 and parameters: {'window_ms': 175, 'overlap': 0.55, 'freq_low_hz': 1150, 'freq_high_hz': 1850}. Best is trial 318 with value: 0.42305991464449244.
[I 2026-03-10 23:42:39,024] Trial 824 finished with value: 0.413671808223425 and parameters: {'window_ms': 200, 'overlap': 0.9, 'freq_low_hz': 1200, 'freq_high_hz': 1800}. Best is trial 318 with value: 0.42305991464449244.
[I 2026-03-10 23:42:40,448] Trial 831 finished with value: 0.383651629124277 and parameters: {'window_ms': 190, 'overlap': 0.5, 'freq_low_hz': 1150, 'freq_high_hz': 1650}. Best is trial 318 with value: 0.42305991464449244.
[I 2026-03-10 23:42:42,098] Trial 832 finished with value: 0.40759168349402175 and parameters: {'window_ms': 160, 'overlap': 0.5, 'freq_low_hz': 1200, 'freq_high_hz': 1800}. Best is trial 318 with value: 0.42305991464449244.
[I 2026-03-10 23:42:44,205] Trial 826 finished with value: 0.3763961139802806 and parameters: {'window_ms': 190, 'overlap': 0.55, 'freq_low_hz': 200, 'freq_high_hz': 1800}. Best is trial 318 with value: 0.42305991464449244.
[I 2026-03-10 23:42:50,797] Trial 835 finished with value: 0.38272674021114284 and parameters: {'window_ms': 215, 'overlap': 0.5, 'freq_low_hz': 1200, 'freq_high_hz': 1700}. Best is trial 318 with value: 0.42305991464449244.
[I 2026-03-10 23:42:51,875] Trial 829 finished with value: 0.38336798332923944 and parameters: {'window_ms': 190, 'overlap': 0.9, 'freq_low_hz': 1150, 'freq_high_hz': 1850}. Best is trial 318 with value: 0.42305991464449244.
[I 2026-03-10 23:42:55,606] Trial 828 finished with value: 0.36523206884574005 and parameters: {'window_ms': 190, 'overlap': 0.9, 'freq_low_hz': 750, 'freq_high_hz': 1600}. Best is trial 318 with value: 0.42305991464449244.
[I 2026-03-10 23:42:57,955] Trial 834 finished with value: 0.381480009079274 and parameters: {'window_ms': 165, 'overlap': 0.9, 'freq_low_hz': 1200, 'freq_high_hz': 1700}. Best is trial 318 with value: 0.42305991464449244.
[I 2026-03-10 23:43:05,630] Trial 836 finished with value: 0.3815705224705318 and parameters: {'window_ms': 160, 'overlap': 0.9, 'freq_low_hz': 1200, 'freq_high_hz': 1700}. Best is trial 318 with value: 0.42305991464449244.
[I 2026-03-10 23:43:06,051] Trial 837 finished with value: 0.381480009079274 and parameters: {'window_ms': 165, 'overlap': 0.9, 'freq_low_hz': 1200, 'freq_high_hz': 1700}. Best is trial 318 with value: 0.42305991464449244.
[I 2026-03-10 23:43:06,727] Trial 838 finished with value: 0.381480009079274 and parameters: {'window_ms': 165, 'overlap': 0.9, 'freq_low_hz': 1200, 'freq_high_hz': 1700}. Best is trial 318 with value: 0.42305991464449244.
[I 2026-03-10 23:43:12,751] Trial 839 finished with value: 0.381480009079274 and parameters: {'window_ms': 165, 'overlap': 0.9, 'freq_low_hz': 1200, 'freq_high_hz': 1700}. Best is trial 318 with value: 0.42305991464449244.
[I 2026-03-10 23:43:15,219] Trial 842 finished with value: 0.3810833753355357 and parameters: {'window_ms': 150, 'overlap': 0.65, 'freq_low_hz': 1200, 'freq_high_hz': 1700}. Best is trial 318 with value: 0.42305991464449244.
[I 2026-03-10 23:43:18,426] Trial 830 finished with value: 0.36424593136852507 and parameters: {'window_ms': 220, 'overlap': 0.9, 'freq_low_hz': 700, 'freq_high_hz': 1600}. Best is trial 318 with value: 0.42305991464449244.
[I 2026-03-10 23:43:21,027] Trial 840 finished with value: 0.38255345707902094 and parameters: {'window_ms': 215, 'overlap': 0.9, 'freq_low_hz': 1200, 'freq_high_hz': 1700}. Best is trial 318 with value: 0.42305991464449244.
[I 2026-03-10 23:43:22,658] Trial 841 finished with value: 0.38286466018749665 and parameters: {'window_ms': 220, 'overlap': 0.9, 'freq_low_hz': 1200, 'freq_high_hz': 1700}. Best is trial 318 with value: 0.42305991464449244.
[I 2026-03-10 23:43:28,987] Trial 843 finished with value: 0.38255345707902094 and parameters: {'window_ms': 215, 'overlap': 0.9, 'freq_low_hz': 1200, 'freq_high_hz': 1700}. Best is trial 318 with value: 0.42305991464449244.
[I 2026-03-10 23:43:35,224] Trial 847 finished with value: 0.39216112228410976 and parameters: {'window_ms': 155, 'overlap': 0.65, 'freq_low_hz': 1200, 'freq_high_hz': 1900}. Best is trial 318 with value: 0.42305991464449244.
[I 2026-03-10 23:43:35,501] Trial 844 finished with value: 0.38136321657906247 and parameters: {'window_ms': 155, 'overlap': 0.9, 'freq_low_hz': 1200, 'freq_high_hz': 1700}. Best is trial 318 with value: 0.42305991464449244.
[I 2026-03-10 23:43:37,648] Trial 845 finished with value: 0.38198873834276614 and parameters: {'window_ms': 150, 'overlap': 0.9, 'freq_low_hz': 1200, 'freq_high_hz': 1800}. Best is trial 318 with value: 0.42305991464449244.
[I 2026-03-10 23:43:50,596] Trial 846 finished with value: 0.39310643766956355 and parameters: {'window_ms': 215, 'overlap': 0.9, 'freq_low_hz': 1200, 'freq_high_hz': 1900}. Best is trial 318 with value: 0.42305991464449244.
[I 2026-03-10 23:43:55,089] Trial 848 finished with value: 0.3783035253757256 and parameters: {'window_ms': 220, 'overlap': 0.9, 'freq_low_hz': 1200, 'freq_high_hz': 1900}. Best is trial 318 with value: 0.42305991464449244.
[I 2026-03-10 23:43:58,522] Trial 849 finished with value: 0.39310643766956355 and parameters: {'window_ms': 215, 'overlap': 0.9, 'freq_low_hz': 1200, 'freq_high_hz': 1900}. Best is trial 318 with value: 0.42305991464449244.
[I 2026-03-10 23:44:06,396] Trial 850 finished with value: 0.39216089060011056 and parameters: {'window_ms': 230, 'overlap': 0.9, 'freq_low_hz': 1200, 'freq_high_hz': 1900}. Best is trial 318 with value: 0.42305991464449244.
