[I 2026-03-10 23:16:04,387] Trial 272 finished with value: 0.3547516445287678 and parameters: {'window_ms': 210, 'overlap': 0.45, 'freq_low_hz': 1150, 'freq_high_hz': 5750}. Best is trial 47 with value: 0.4193505957586744.
[I 2026-03-10 23:16:10,600] Trial 278 finished with value: 0.38014322355214814 and parameters: {'window_ms': 235, 'overlap': 0.9, 'freq_low_hz': 1150, 'freq_high_hz': 1850}. Best is trial 47 with value: 0.4193505957586744.
[I 2026-03-10 23:16:20,516] Trial 280 finished with value: 0.38014322355214814 and parameters: {'window_ms': 235, 'overlap': 0.9, 'freq_low_hz': 1150, 'freq_high_hz': 1850}. Best is trial 47 with value: 0.4193505957586744.
[I 2026-03-10 23:16:24,246] Trial 269 finished with value: 0.3912517209051882 and parameters: {'window_ms': 210, 'overlap': 0.6000000000000001, 'freq_low_hz': 1150, 'freq_high_hz': 5850}. Best is trial 47 with value: 0.4193505957586744.
[I 2026-03-10 23:16:25,624] Trial 284 finished with value: 0.3732262453958699 and parameters: {'window_ms': 235, 'overlap': 0.55, 'freq_low_hz': 1150, 'freq_high_hz': 1850}. Best is trial 47 with value: 0.4193505957586744.
[I 2026-03-10 23:16:33,260] Trial 276 finished with value: 0.3658231023647793 and parameters: {'window_ms': 210, 'overlap': 0.9, 'freq_low_hz': 300, 'freq_high_hz': 1600}. Best is trial 47 with value: 0.4193505957586744.
[I 2026-03-10 23:16:34,771] Trial 285 finished with value: 0.37022420657303706 and parameters: {'window_ms': 235, 'overlap': 0.9, 'freq_low_hz': 1100, 'freq_high_hz': 1600}. Best is trial 47 with value: 0.4193505957586744.
[I 2026-03-10 23:16:37,941] Trial 286 finished with value: 0.37022420657303706 and parameters: {'window_ms': 235, 'overlap': 0.9, 'freq_low_hz': 1100, 'freq_high_hz': 1600}. Best is trial 47 with value: 0.4193505957586744.
[I 2026-03-10 23:16:46,291] Trial 283 finished with value: 0.38014322355214814 and parameters: {'window_ms': 235, 'overlap': 0.9, 'freq_low_hz': 1150, 'freq_high_hz': 1850}. Best is trial 47 with value: 0.4193505957586744.
[I 2026-03-10 23:16:51,120] Trial 288 finished with value: 0.3701948881110866 and parameters: {'window_ms': 230, 'overlap': 0.9, 'freq_low_hz': 1100, 'freq_high_hz': 1600}. Best is trial 47 with value: 0.4193505957586744.
[I 2026-03-10 23:16:51,120] Trial 287 finished with value: 0.3701948881110866 and parameters: {'window_ms': 230, 'overlap': 0.9, 'freq_low_hz': 1100, 'freq_high_hz': 1600}. Best is trial 47 with value: 0.4193505957586744.
[I 2026-03-10 23:16:53,986] Trial 289 finished with value: 0.3702300314359454 and parameters: {'window_ms': 225, 'overlap': 0.9, 'freq_low_hz': 1100, 'freq_high_hz': 1600}. Best is trial 47 with value: 0.4193505957586744.
[I 2026-03-10 23:16:58,122] Trial 292 finished with value: 0.40697596452487195 and parameters: {'window_ms': 225, 'overlap': 0.75, 'freq_low_hz': 1200, 'freq_high_hz': 1800}. Best is trial 47 with value: 0.4193505957586744.
[I 2026-03-10 23:17:01,305] Trial 290 finished with value: 0.3701948881110866 and parameters: {'window_ms': 230, 'overlap': 0.9, 'freq_low_hz': 1100, 'freq_high_hz': 1600}. Best is trial 47 with value: 0.4193505957586744.
[I 2026-03-10 23:17:02,974] Trial 282 finished with value: 0.36523227963946914 and parameters: {'window_ms': 235, 'overlap': 0.9, 'freq_low_hz': 300, 'freq_high_hz': 1600}. Best is trial 47 with value: 0.4193505957586744.
[I 2026-03-10 23:17:09,358] Trial 293 finished with value: 0.40407792049283103 and parameters: {'window_ms': 225, 'overlap': 0.7, 'freq_low_hz': 1200, 'freq_high_hz': 1800}. Best is trial 47 with value: 0.4193505957586744.
[I 2026-03-10 23:17:10,006] Trial 295 finished with value: 0.4094301968375187 and parameters: {'window_ms': 200, 'overlap': 0.55, 'freq_low_hz': 1200, 'freq_high_hz': 1800}. Best is trial 47 with value: 0.4193505957586744.
[I 2026-03-10 23:17:10,665] Trial 294 finished with value: 0.38355790883923535 and parameters: {'window_ms': 200, 'overlap': 0.75, 'freq_low_hz': 1200, 'freq_high_hz': 1800}. Best is trial 47 with value: 0.4193505957586744.
[I 2026-03-10 23:17:12,955] Trial 281 finished with value: 0.3649984123974978 and parameters: {'window_ms': 230, 'overlap': 0.9, 'freq_low_hz': 300, 'freq_high_hz': 1600}. Best is trial 47 with value: 0.4193505957586744.
[I 2026-03-10 23:17:13,609] Trial 296 finished with value: 0.4094301968375187 and parameters: {'window_ms': 200, 'overlap': 0.55, 'freq_low_hz': 1200, 'freq_high_hz': 1800}. Best is trial 47 with value: 0.4193505957586744.
[I 2026-03-10 23:17:19,561] Trial 297 finished with value: 0.4094301968375187 and parameters: {'window_ms': 200, 'overlap': 0.55, 'freq_low_hz': 1200, 'freq_high_hz': 1800}. Best is trial 47 with value: 0.4193505957586744.
[I 2026-03-10 23:17:24,734] Trial 298 finished with value: 0.38355790883923535 and parameters: {'window_ms': 200, 'overlap': 0.75, 'freq_low_hz': 1200, 'freq_high_hz': 1800}. Best is trial 47 with value: 0.4193505957586744.
[I 2026-03-10 23:17:25,366] Trial 299 finished with value: 0.38355790883923535 and parameters: {'window_ms': 200, 'overlap': 0.75, 'freq_low_hz': 1200, 'freq_high_hz': 1800}. Best is trial 47 with value: 0.4193505957586744.
[I 2026-03-10 23:17:32,498] Trial 301 finished with value: 0.3926291117531114 and parameters: {'window_ms': 200, 'overlap': 0.7, 'freq_low_hz': 1200, 'freq_high_hz': 1900}. Best is trial 47 with value: 0.4193505957586744.
[I 2026-03-10 23:17:37,522] Trial 303 finished with value: 0.3952839572927584 and parameters: {'window_ms': 190, 'overlap': 0.7, 'freq_low_hz': 1200, 'freq_high_hz': 1900}. Best is trial 47 with value: 0.4193505957586744.
[I 2026-03-10 23:17:38,190] Trial 304 finished with value: 0.3638138099298896 and parameters: {'window_ms': 200, 'overlap': 0.7, 'freq_low_hz': 1200, 'freq_high_hz': 2100}. Best is trial 47 with value: 0.4193505957586744.
[I 2026-03-10 23:17:38,707] Trial 302 finished with value: 0.3921041095920275 and parameters: {'window_ms': 225, 'overlap': 0.75, 'freq_low_hz': 1200, 'freq_high_hz': 1900}. Best is trial 47 with value: 0.4193505957586744.
[I 2026-03-10 23:17:48,106] Trial 305 finished with value: 0.3638138099298896 and parameters: {'window_ms': 200, 'overlap': 0.7, 'freq_low_hz': 1200, 'freq_high_hz': 2100}. Best is trial 47 with value: 0.4193505957586744.
[I 2026-03-10 23:17:48,886] Trial 306 finished with value: 0.3636905824188937 and parameters: {'window_ms': 190, 'overlap': 0.7, 'freq_low_hz': 1200, 'freq_high_hz': 2100}. Best is trial 47 with value: 0.4193505957586744.
[I 2026-03-10 23:17:57,365] Trial 308 finished with value: 0.3787187254996506 and parameters: {'window_ms': 190, 'overlap': 0.7, 'freq_low_hz': 1150, 'freq_high_hz': 1950}. Best is trial 47 with value: 0.4193505957586744.
[I 2026-03-10 23:18:15,654] Trial 312 finished with value: 0.3780469505297685 and parameters: {'window_ms': 225, 'overlap': 0.65, 'freq_low_hz': 1150, 'freq_high_hz': 1950}. Best is trial 47 with value: 0.4193505957586744.
[I 2026-03-10 23:18:17,339] Trial 300 finished with value: 0.36056429496120834 and parameters: {'window_ms': 225, 'overlap': 0.7, 'freq_low_hz': 1200, 'freq_high_hz': 4000}. Best is trial 47 with value: 0.4193505957586744.
[I 2026-03-10 23:18:24,803] Trial 310 finished with value: 0.36356402183055003 and parameters: {'window_ms': 185, 'overlap': 0.7, 'freq_low_hz': 150, 'freq_high_hz': 2100}. Best is trial 47 with value: 0.4193505957586744.
[I 2026-03-10 23:18:33,173] Trial 311 finished with value: 0.349691014739633 and parameters: {'window_ms': 190, 'overlap': 0.7, 'freq_low_hz': 150, 'freq_high_hz': 2100}. Best is trial 47 with value: 0.4193505957586744.
[I 2026-03-10 23:18:33,760] Trial 309 finished with value: 0.35188098284427255 and parameters: {'window_ms': 190, 'overlap': 0.7, 'freq_low_hz': 150, 'freq_high_hz': 1900}. Best is trial 47 with value: 0.4193505957586744.
[I 2026-03-10 23:18:43,078] Trial 307 finished with value: 0.3605177953333136 and parameters: {'window_ms': 190, 'overlap': 0.7, 'freq_low_hz': 850, 'freq_high_hz': 4000}. Best is trial 47 with value: 0.4193505957586744.
[I 2026-03-10 23:18:43,238] Trial 275 finished with value: 0.3618612997961337 and parameters: {'window_ms': 210, 'overlap': 0.9, 'freq_low_hz': 1150, 'freq_high_hz': 5450}. Best is trial 47 with value: 0.4193505957586744.
[I 2026-03-10 23:18:45,313] Trial 317 finished with value: 0.38286277123844514 and parameters: {'window_ms': 225, 'overlap': 0.55, 'freq_low_hz': 1150, 'freq_high_hz': 1750}. Best is trial 47 with value: 0.4193505957586744.
[I 2026-03-10 23:18:51,234] Trial 315 finished with value: 0.39074539485888693 and parameters: {'window_ms': 225, 'overlap': 0.55, 'freq_low_hz': 150, 'freq_high_hz': 1800}. Best is trial 47 with value: 0.4193505957586744.
[I 2026-03-10 23:18:52,956] Trial 319 finished with value: 0.3674802592795458 and parameters: {'window_ms': 180, 'overlap': 0.55, 'freq_low_hz': 1150, 'freq_high_hz': 1750}. Best is trial 47 with value: 0.4193505957586744.
[I 2026-03-10 23:18:59,964] Trial 318 finished with value: 0.42305991464449244 and parameters: {'window_ms': 225, 'overlap': 0.55, 'freq_low_hz': 450, 'freq_high_hz': 1800}. Best is trial 318 with value: 0.42305991464449244.
[I 2026-03-10 23:19:04,145] Trial 291 finished with value: 0.36061918434267876 and parameters: {'window_ms': 225, 'overlap': 0.9, 'freq_low_hz': 1200, 'freq_high_hz': 4000}. Best is trial 318 with value: 0.42305991464449244.
[I 2026-03-10 23:19:04,912] Trial 322 finished with value: 0.41247403183624703 and parameters: {'window_ms': 175, 'overlap': 0.55, 'freq_low_hz': 1200, 'freq_high_hz': 1800}. Best is trial 318 with value: 0.42305991464449244.
[I 2026-03-10 23:19:06,203] Trial 320 finished with value: 0.3812685777251527 and parameters: {'window_ms': 170, 'overlap': 0.5, 'freq_low_hz': 800, 'freq_high_hz': 1800}. Best is trial 318 with value: 0.42305991464449244.
[I 2026-03-10 23:19:09,488] Trial 323 finished with value: 0.3808752274426178 and parameters: {'window_ms': 170, 'overlap': 0.65, 'freq_low_hz': 1150, 'freq_high_hz': 1750}. Best is trial 318 with value: 0.42305991464449244.
[I 2026-03-10 23:19:10,777] Trial 314 finished with value: 0.3606342795497178 and parameters: {'window_ms': 225, 'overlap': 0.65, 'freq_low_hz': 150, 'freq_high_hz': 4000}. Best is trial 318 with value: 0.42305991464449244.
[I 2026-03-10 23:19:13,656] Trial 324 finished with value: 0.371494929470612 and parameters: {'window_ms': 220, 'overlap': 0.65, 'freq_low_hz': 1200, 'freq_high_hz': 1900}. Best is trial 318 with value: 0.42305991464449244.
[I 2026-03-10 23:19:14,421] Trial 321 finished with value: 0.38760740483300476 and parameters: {'window_ms': 225, 'overlap': 0.5, 'freq_low_hz': 450, 'freq_high_hz': 1800}. Best is trial 318 with value: 0.42305991464449244.
[I 2026-03-10 23:19:23,858] Trial 316 finished with value: 0.3463992480482948 and parameters: {'window_ms': 225, 'overlap': 0.55, 'freq_low_hz': 1150, 'freq_high_hz': 5350}. Best is trial 318 with value: 0.42305991464449244.
[I 2026-03-10 23:19:29,706] Trial 313 finished with value: 0.34217239980882264 and parameters: {'window_ms': 225, 'overlap': 0.65, 'freq_low_hz': 150, 'freq_high_hz': 5300}. Best is trial 318 with value: 0.42305991464449244.
[I 2026-03-10 23:19:36,614] Trial 326 finished with value: 0.3771598604640408 and parameters: {'window_ms': 230, 'overlap': 0.5, 'freq_low_hz': 500, 'freq_high_hz': 1900}. Best is trial 318 with value: 0.42305991464449244.
[I 2026-03-10 23:19:37,580] Trial 328 finished with value: 0.37815979553239126 and parameters: {'window_ms': 140, 'overlap': 0.8, 'freq_low_hz': 1150, 'freq_high_hz': 1950}. Best is trial 318 with value: 0.42305991464449244.
[I 2026-03-10 23:19:41,122] Trial 329 finished with value: 0.37922489078119637 and parameters: {'window_ms': 230, 'overlap': 0.8, 'freq_low_hz': 1000, 'freq_high_hz': 1900}. Best is trial 318 with value: 0.42305991464449244.
[I 2026-03-10 23:19:45,341] Trial 331 finished with value: 0.3921347872614007 and parameters: {'window_ms': 230, 'overlap': 0.8, 'freq_low_hz': 1150, 'freq_high_hz': 1950}. Best is trial 318 with value: 0.42305991464449244.
[I 2026-03-10 23:20:02,273] Trial 335 finished with value: 0.3926362236654588 and parameters: {'window_ms': 230, 'overlap': 0.6000000000000001, 'freq_low_hz': 1200, 'freq_high_hz': 1900}. Best is trial 318 with value: 0.42305991464449244.
[I 2026-03-10 23:20:05,099] Trial 330 finished with value: 0.38083807629426936 and parameters: {'window_ms': 230, 'overlap': 0.8, 'freq_low_hz': 450, 'freq_high_hz': 1900}. Best is trial 318 with value: 0.42305991464449244.
[I 2026-03-10 23:20:05,672] Trial 336 finished with value: 0.37883849618336757 and parameters: {'window_ms': 220, 'overlap': 0.75, 'freq_low_hz': 1200, 'freq_high_hz': 1900}. Best is trial 318 with value: 0.42305991464449244.
[I 2026-03-10 23:20:10,324] Trial 327 finished with value: 0.3543957804530479 and parameters: {'window_ms': 175, 'overlap': 0.5, 'freq_low_hz': 1150, 'freq_high_hz': 5250}. Best is trial 318 with value: 0.42305991464449244.
[I 2026-03-10 23:20:15,474] Trial 337 finished with value: 0.36670195539135086 and parameters: {'window_ms': 220, 'overlap': 0.6000000000000001, 'freq_low_hz': 650, 'freq_high_hz': 1900}. Best is trial 318 with value: 0.42305991464449244.
[I 2026-03-10 23:20:21,059] Trial 333 finished with value: 0.3808353515117066 and parameters: {'window_ms': 230, 'overlap': 0.8, 'freq_low_hz': 400, 'freq_high_hz': 1900}. Best is trial 318 with value: 0.42305991464449244.
[I 2026-03-10 23:20:25,019] Trial 338 finished with value: 0.36502067863335863 and parameters: {'window_ms': 220, 'overlap': 0.6000000000000001, 'freq_low_hz': 400, 'freq_high_hz': 1800}. Best is trial 318 with value: 0.42305991464449244.
[I 2026-03-10 23:20:27,638] Trial 334 finished with value: 0.37591537845818057 and parameters: {'window_ms': 180, 'overlap': 0.8, 'freq_low_hz': 400, 'freq_high_hz': 1900}. Best is trial 318 with value: 0.42305991464449244.
[I 2026-03-10 23:20:37,390] Trial 339 finished with value: 0.4100585306476089 and parameters: {'window_ms': 220, 'overlap': 0.55, 'freq_low_hz': 450, 'freq_high_hz': 1800}. Best is trial 318 with value: 0.42305991464449244.
[I 2026-03-10 23:20:37,901] Trial 341 finished with value: 0.40772978112354813 and parameters: {'window_ms': 180, 'overlap': 0.4, 'freq_low_hz': 100, 'freq_high_hz': 1800}. Best is trial 318 with value: 0.42305991464449244.
[I 2026-03-10 23:20:40,451] Trial 340 finished with value: 0.35999842744895844 and parameters: {'window_ms': 220, 'overlap': 0.4, 'freq_low_hz': 100, 'freq_high_hz': 1800}. Best is trial 318 with value: 0.42305991464449244.
[I 2026-03-10 23:20:42,325] Trial 325 finished with value: 0.3408433458063026 and parameters: {'window_ms': 220, 'overlap': 0.65, 'freq_low_hz': 400, 'freq_high_hz': 5100}. Best is trial 318 with value: 0.42305991464449244.
[I 2026-03-10 23:20:44,840] Trial 342 finished with value: 0.40057164689195657 and parameters: {'window_ms': 215, 'overlap': 0.6000000000000001, 'freq_low_hz': 400, 'freq_high_hz': 1800}. Best is trial 318 with value: 0.42305991464449244.
[I 2026-03-10 23:20:50,486] Trial 345 finished with value: 0.4124647803451635 and parameters: {'window_ms': 215, 'overlap': 0.55, 'freq_low_hz': 950, 'freq_high_hz': 1800}. Best is trial 318 with value: 0.42305991464449244.
[I 2026-03-10 23:20:52,995] Trial 344 finished with value: 0.3872827923714234 and parameters: {'window_ms': 215, 'overlap': 0.55, 'freq_low_hz': 100, 'freq_high_hz': 1800}. Best is trial 318 with value: 0.42305991464449244.
[I 2026-03-10 23:20:53,853] Trial 343 finished with value: 0.3727039595096013 and parameters: {'window_ms': 215, 'overlap': 0.55, 'freq_low_hz': 200, 'freq_high_hz': 1800}. Best is trial 318 with value: 0.42305991464449244.
[I 2026-03-10 23:20:57,310] Trial 347 finished with value: 0.41373624988795765 and parameters: {'window_ms': 215, 'overlap': 0.55, 'freq_low_hz': 1200, 'freq_high_hz': 1800}. Best is trial 318 with value: 0.42305991464449244.
[I 2026-03-10 23:21:00,934] Trial 348 finished with value: 0.3879206740737428 and parameters: {'window_ms': 185, 'overlap': 0.4, 'freq_low_hz': 600, 'freq_high_hz': 1600}. Best is trial 318 with value: 0.42305991464449244.
[I 2026-03-10 23:21:03,265] Trial 346 finished with value: 0.3872827923714234 and parameters: {'window_ms': 215, 'overlap': 0.55, 'freq_low_hz': 100, 'freq_high_hz': 1800}. Best is trial 318 with value: 0.42305991464449244.
[I 2026-03-10 23:21:13,347] Trial 353 finished with value: 0.3580439227866162 and parameters: {'window_ms': 175, 'overlap': 0.55, 'freq_low_hz': 950, 'freq_high_hz': 1600}. Best is trial 318 with value: 0.42305991464449244.
[I 2026-03-10 23:21:13,757] Trial 350 finished with value: 0.38352409700416473 and parameters: {'window_ms': 175, 'overlap': 0.55, 'freq_low_hz': 100, 'freq_high_hz': 1600}. Best is trial 318 with value: 0.42305991464449244.
[I 2026-03-10 23:21:17,789] Trial 352 finished with value: 0.36612701806631703 and parameters: {'window_ms': 165, 'overlap': 0.55, 'freq_low_hz': 800, 'freq_high_hz': 2000}. Best is trial 318 with value: 0.42305991464449244.
[I 2026-03-10 23:21:19,239] Trial 351 finished with value: 0.37655102260185686 and parameters: {'window_ms': 180, 'overlap': 0.55, 'freq_low_hz': 100, 'freq_high_hz': 1600}. Best is trial 318 with value: 0.42305991464449244.
[I 2026-03-10 23:21:22,815] Trial 349 finished with value: 0.34728927484161937 and parameters: {'window_ms': 185, 'overlap': 0.55, 'freq_low_hz': 100, 'freq_high_hz': 2600}. Best is trial 318 with value: 0.42305991464449244.
[I 2026-03-10 23:21:23,806] Trial 355 finished with value: 0.36443911035221366 and parameters: {'window_ms': 180, 'overlap': 0.55, 'freq_low_hz': 950, 'freq_high_hz': 2000}. Best is trial 318 with value: 0.42305991464449244.
[I 2026-03-10 23:21:24,348] Trial 354 finished with value: 0.36462236830343026 and parameters: {'window_ms': 170, 'overlap': 0.55, 'freq_low_hz': 900, 'freq_high_hz': 2000}. Best is trial 318 with value: 0.42305991464449244.
[I 2026-03-10 23:21:28,626] Trial 357 finished with value: 0.3643160807722693 and parameters: {'window_ms': 165, 'overlap': 0.55, 'freq_low_hz': 950, 'freq_high_hz': 2000}. Best is trial 318 with value: 0.42305991464449244.
[I 2026-03-10 23:21:31,359] Trial 332 finished with value: 0.3408450878427031 and parameters: {'window_ms': 230, 'overlap': 0.75, 'freq_low_hz': 200, 'freq_high_hz': 5300}. Best is trial 318 with value: 0.42305991464449244.
[I 2026-03-10 23:21:33,717] Trial 356 finished with value: 0.3660130519422203 and parameters: {'window_ms': 175, 'overlap': 0.55, 'freq_low_hz': 350, 'freq_high_hz': 2000}. Best is trial 318 with value: 0.42305991464449244.
[I 2026-03-10 23:21:39,722] Trial 359 finished with value: 0.3645485329963256 and parameters: {'window_ms': 180, 'overlap': 0.55, 'freq_low_hz': 900, 'freq_high_hz': 2000}. Best is trial 318 with value: 0.42305991464449244.
[I 2026-03-10 23:21:41,499] Trial 361 finished with value: 0.37780871023329016 and parameters: {'window_ms': 185, 'overlap': 0.5, 'freq_low_hz': 1200, 'freq_high_hz': 2000}. Best is trial 318 with value: 0.42305991464449244.
[I 2026-03-10 23:21:46,446] Trial 358 finished with value: 0.3660130519422203 and parameters: {'window_ms': 175, 'overlap': 0.55, 'freq_low_hz': 350, 'freq_high_hz': 2000}. Best is trial 318 with value: 0.42305991464449244.
[I 2026-03-10 23:21:46,786] Trial 360 finished with value: 0.3645485329963256 and parameters: {'window_ms': 180, 'overlap': 0.55, 'freq_low_hz': 900, 'freq_high_hz': 2000}. Best is trial 318 with value: 0.42305991464449244.
[I 2026-03-10 23:21:48,953] Trial 362 finished with value: 0.35739468508765065 and parameters: {'window_ms': 235, 'overlap': 0.5, 'freq_low_hz': 900, 'freq_high_hz': 2000}. Best is trial 318 with value: 0.42305991464449244.
[I 2026-03-10 23:21:50,641] Trial 364 finished with value: 0.3786144517550913 and parameters: {'window_ms': 235, 'overlap': 0.5, 'freq_low_hz': 700, 'freq_high_hz': 1700}. Best is trial 318 with value: 0.42305991464449244.
[I 2026-03-10 23:21:52,022] Trial 363 finished with value: 0.3916229682910453 and parameters: {'window_ms': 195, 'overlap': 0.5, 'freq_low_hz': 350, 'freq_high_hz': 1700}. Best is trial 318 with value: 0.42305991464449244.
[I 2026-03-10 23:21:55,710] Trial 368 finished with value: 0.40025666792340553 and parameters: {'window_ms': 195, 'overlap': 0.5, 'freq_low_hz': 1200, 'freq_high_hz': 1700}. Best is trial 318 with value: 0.42305991464449244.
[I 2026-03-10 23:21:58,746] Trial 369 finished with value: 0.4092890031339292 and parameters: {'window_ms': 195, 'overlap': 0.4, 'freq_low_hz': 1200, 'freq_high_hz': 1700}. Best is trial 318 with value: 0.42305991464449244.
[I 2026-03-10 23:21:58,755] Trial 366 finished with value: 0.3786144517550913 and parameters: {'window_ms': 235, 'overlap': 0.5, 'freq_low_hz': 700, 'freq_high_hz': 1700}. Best is trial 318 with value: 0.42305991464449244.
[I 2026-03-10 23:22:00,438] Trial 365 finished with value: 0.37553790785340524 and parameters: {'window_ms': 235, 'overlap': 0.5, 'freq_low_hz': 350, 'freq_high_hz': 1700}. Best is trial 318 with value: 0.42305991464449244.
[I 2026-03-10 23:22:03,401] Trial 367 finished with value: 0.3811907563147448 and parameters: {'window_ms': 235, 'overlap': 0.5, 'freq_low_hz': 500, 'freq_high_hz': 1700}. Best is trial 318 with value: 0.42305991464449244.
[I 2026-03-10 23:22:03,749] Trial 371 finished with value: 0.41032680238681346 and parameters: {'window_ms': 235, 'overlap': 0.55, 'freq_low_hz': 1200, 'freq_high_hz': 1700}. Best is trial 318 with value: 0.42305991464449244.
[I 2026-03-10 23:22:04,700] Trial 372 finished with value: 0.40025666792340553 and parameters: {'window_ms': 195, 'overlap': 0.5, 'freq_low_hz': 1200, 'freq_high_hz': 1700}. Best is trial 318 with value: 0.42305991464449244.
[I 2026-03-10 23:22:08,498] Trial 374 finished with value: 0.3670307782850314 and parameters: {'window_ms': 155, 'overlap': 0.55, 'freq_low_hz': 1200, 'freq_high_hz': 1700}. Best is trial 318 with value: 0.42305991464449244.
