[I 2026-03-10 23:12:17,585] Trial 179 finished with value: 0.37984524957448723 and parameters: {'window_ms': 225, 'overlap': 0.65, 'freq_low_hz': 1150, 'freq_high_hz': 1850}. Best is trial 47 with value: 0.4193505957586744.
[I 2026-03-10 23:12:18,812] Trial 180 finished with value: 0.37984524957448723 and parameters: {'window_ms': 225, 'overlap': 0.65, 'freq_low_hz': 1150, 'freq_high_hz': 1850}. Best is trial 47 with value: 0.4193505957586744.
[I 2026-03-10 23:12:19,892] Trial 182 finished with value: 0.3841572705007556 and parameters: {'window_ms': 220, 'overlap': 0.7, 'freq_low_hz': 1150, 'freq_high_hz': 1850}. Best is trial 47 with value: 0.4193505957586744.
[I 2026-03-10 23:12:20,370] Trial 184 finished with value: 0.3660033202469566 and parameters: {'window_ms': 65, 'overlap': 0.65, 'freq_low_hz': 1150, 'freq_high_hz': 1850}. Best is trial 47 with value: 0.4193505957586744.
[I 2026-03-10 23:12:20,942] Trial 181 finished with value: 0.38003831303048596 and parameters: {'window_ms': 220, 'overlap': 0.8500000000000001, 'freq_low_hz': 1150, 'freq_high_hz': 1850}. Best is trial 47 with value: 0.4193505957586744.
[I 2026-03-10 23:12:24,045] Trial 183 finished with value: 0.38003831303048596 and parameters: {'window_ms': 220, 'overlap': 0.8500000000000001, 'freq_low_hz': 1150, 'freq_high_hz': 1850}. Best is trial 47 with value: 0.4193505957586744.
[I 2026-03-10 23:12:26,685] Trial 186 finished with value: 0.377366023970726 and parameters: {'window_ms': 220, 'overlap': 0.65, 'freq_low_hz': 1150, 'freq_high_hz': 1850}. Best is trial 47 with value: 0.4193505957586744.
[I 2026-03-10 23:12:32,381] Trial 188 finished with value: 0.3860559241792259 and parameters: {'window_ms': 95, 'overlap': 0.7, 'freq_low_hz': 1150, 'freq_high_hz': 1650}. Best is trial 47 with value: 0.4193505957586744.
[I 2026-03-10 23:12:32,384] Trial 187 finished with value: 0.377366023970726 and parameters: {'window_ms': 220, 'overlap': 0.65, 'freq_low_hz': 1150, 'freq_high_hz': 1850}. Best is trial 47 with value: 0.4193505957586744.
[I 2026-03-10 23:12:34,928] Trial 190 finished with value: 0.37502746975574036 and parameters: {'window_ms': 50, 'overlap': 0.6000000000000001, 'freq_low_hz': 1200, 'freq_high_hz': 1700}. Best is trial 47 with value: 0.4193505957586744.
[I 2026-03-10 23:12:36,407] Trial 191 finished with value: 0.40507301805984236 and parameters: {'window_ms': 215, 'overlap': 0.6000000000000001, 'freq_low_hz': 1200, 'freq_high_hz': 1700}. Best is trial 47 with value: 0.4193505957586744.
[I 2026-03-10 23:12:37,765] Trial 193 finished with value: 0.39973511510306126 and parameters: {'window_ms': 210, 'overlap': 0.6000000000000001, 'freq_low_hz': 1200, 'freq_high_hz': 1700}. Best is trial 47 with value: 0.4193505957586744.
[I 2026-03-10 23:12:37,862] Trial 192 finished with value: 0.39973511510306126 and parameters: {'window_ms': 210, 'overlap': 0.6000000000000001, 'freq_low_hz': 1200, 'freq_high_hz': 1700}. Best is trial 47 with value: 0.4193505957586744.
[I 2026-03-10 23:12:40,472] Trial 194 finished with value: 0.39973511510306126 and parameters: {'window_ms': 210, 'overlap': 0.6000000000000001, 'freq_low_hz': 1200, 'freq_high_hz': 1700}. Best is trial 47 with value: 0.4193505957586744.
[I 2026-03-10 23:12:40,921] Trial 189 finished with value: 0.39198989592483013 and parameters: {'window_ms': 210, 'overlap': 0.8500000000000001, 'freq_low_hz': 1200, 'freq_high_hz': 1900}. Best is trial 47 with value: 0.4193505957586744.
[I 2026-03-10 23:12:47,913] Trial 196 finished with value: 0.4135457538105577 and parameters: {'window_ms': 230, 'overlap': 0.6000000000000001, 'freq_low_hz': 1200, 'freq_high_hz': 1700}. Best is trial 47 with value: 0.4193505957586744.
[I 2026-03-10 23:12:49,777] Trial 195 finished with value: 0.3829214220946385 and parameters: {'window_ms': 210, 'overlap': 0.9, 'freq_low_hz': 1200, 'freq_high_hz': 1700}. Best is trial 47 with value: 0.4193505957586744.
[I 2026-03-10 23:12:52,581] Trial 185 finished with value: 0.340105212603604 and parameters: {'window_ms': 220, 'overlap': 0.65, 'freq_low_hz': 1150, 'freq_high_hz': 4550}. Best is trial 47 with value: 0.4193505957586744.
[I 2026-03-10 23:12:53,497] Trial 201 finished with value: 0.40133504797162706 and parameters: {'window_ms': 210, 'overlap': 0.55, 'freq_low_hz': 1200, 'freq_high_hz': 1700}. Best is trial 47 with value: 0.4193505957586744.
[I 2026-03-10 23:12:54,232] Trial 200 finished with value: 0.40133504797162706 and parameters: {'window_ms': 210, 'overlap': 0.55, 'freq_low_hz': 1200, 'freq_high_hz': 1700}. Best is trial 47 with value: 0.4193505957586744.
[I 2026-03-10 23:12:54,949] Trial 199 finished with value: 0.40133504797162706 and parameters: {'window_ms': 210, 'overlap': 0.55, 'freq_low_hz': 1200, 'freq_high_hz': 1700}. Best is trial 47 with value: 0.4193505957586744.
[I 2026-03-10 23:12:56,387] Trial 202 finished with value: 0.40133504797162706 and parameters: {'window_ms': 210, 'overlap': 0.55, 'freq_low_hz': 1200, 'freq_high_hz': 1700}. Best is trial 47 with value: 0.4193505957586744.
[I 2026-03-10 23:12:56,508] Trial 203 finished with value: 0.3824103088981753 and parameters: {'window_ms': 190, 'overlap': 0.55, 'freq_low_hz': 1200, 'freq_high_hz': 1700}. Best is trial 47 with value: 0.4193505957586744.
[I 2026-03-10 23:12:58,372] Trial 198 finished with value: 0.3829214220946385 and parameters: {'window_ms': 210, 'overlap': 0.9, 'freq_low_hz': 1200, 'freq_high_hz': 1700}. Best is trial 47 with value: 0.4193505957586744.
[I 2026-03-10 23:13:03,014] Trial 204 finished with value: 0.3997354241381937 and parameters: {'window_ms': 215, 'overlap': 0.55, 'freq_low_hz': 1200, 'freq_high_hz': 1700}. Best is trial 47 with value: 0.4193505957586744.
[I 2026-03-10 23:13:06,077] Trial 205 finished with value: 0.39923713488953216 and parameters: {'window_ms': 195, 'overlap': 0.55, 'freq_low_hz': 1200, 'freq_high_hz': 1700}. Best is trial 47 with value: 0.4193505957586744.
[I 2026-03-10 23:13:08,088] Trial 206 finished with value: 0.40133504797162706 and parameters: {'window_ms': 210, 'overlap': 0.55, 'freq_low_hz': 1200, 'freq_high_hz': 1700}. Best is trial 47 with value: 0.4193505957586744.
[I 2026-03-10 23:13:08,633] Trial 209 finished with value: 0.39923713488953216 and parameters: {'window_ms': 195, 'overlap': 0.55, 'freq_low_hz': 1200, 'freq_high_hz': 1700}. Best is trial 47 with value: 0.4193505957586744.
[I 2026-03-10 23:13:08,801] Trial 208 finished with value: 0.39923713488953216 and parameters: {'window_ms': 195, 'overlap': 0.55, 'freq_low_hz': 1200, 'freq_high_hz': 1700}. Best is trial 47 with value: 0.4193505957586744.
[I 2026-03-10 23:13:09,137] Trial 207 finished with value: 0.39923713488953216 and parameters: {'window_ms': 195, 'overlap': 0.55, 'freq_low_hz': 1200, 'freq_high_hz': 1700}. Best is trial 47 with value: 0.4193505957586744.
[I 2026-03-10 23:13:12,498] Trial 210 finished with value: 0.39923713488953216 and parameters: {'window_ms': 195, 'overlap': 0.55, 'freq_low_hz': 1200, 'freq_high_hz': 1700}. Best is trial 47 with value: 0.4193505957586744.
[I 2026-03-10 23:13:12,590] Trial 211 finished with value: 0.3997354241381937 and parameters: {'window_ms': 215, 'overlap': 0.55, 'freq_low_hz': 1200, 'freq_high_hz': 1700}. Best is trial 47 with value: 0.4193505957586744.
[I 2026-03-10 23:13:12,733] Trial 212 finished with value: 0.39923713488953216 and parameters: {'window_ms': 195, 'overlap': 0.55, 'freq_low_hz': 1200, 'freq_high_hz': 1700}. Best is trial 47 with value: 0.4193505957586744.
[I 2026-03-10 23:13:17,085] Trial 197 finished with value: 0.3464120103213351 and parameters: {'window_ms': 210, 'overlap': 0.6000000000000001, 'freq_low_hz': 1200, 'freq_high_hz': 4500}. Best is trial 47 with value: 0.4193505957586744.
[I 2026-03-10 23:13:17,869] Trial 213 finished with value: 0.3997354241381937 and parameters: {'window_ms': 215, 'overlap': 0.55, 'freq_low_hz': 1200, 'freq_high_hz': 1700}. Best is trial 47 with value: 0.4193505957586744.
[I 2026-03-10 23:13:24,396] Trial 216 finished with value: 0.3959845905387425 and parameters: {'window_ms': 205, 'overlap': 0.55, 'freq_low_hz': 1200, 'freq_high_hz': 1900}. Best is trial 47 with value: 0.4193505957586744.
[I 2026-03-10 23:13:24,458] Trial 215 finished with value: 0.3959845905387425 and parameters: {'window_ms': 205, 'overlap': 0.55, 'freq_low_hz': 1200, 'freq_high_hz': 1900}. Best is trial 47 with value: 0.4193505957586744.
[I 2026-03-10 23:13:26,247] Trial 217 finished with value: 0.39667762445660115 and parameters: {'window_ms': 215, 'overlap': 0.5, 'freq_low_hz': 1200, 'freq_high_hz': 1900}. Best is trial 47 with value: 0.4193505957586744.
[I 2026-03-10 23:13:26,770] Trial 214 finished with value: 0.37338978519172633 and parameters: {'window_ms': 205, 'overlap': 0.55, 'freq_low_hz': 400, 'freq_high_hz': 1500}. Best is trial 47 with value: 0.4193505957586744.
[I 2026-03-10 23:13:27,077] Trial 218 finished with value: 0.39227033595201266 and parameters: {'window_ms': 205, 'overlap': 0.5, 'freq_low_hz': 1200, 'freq_high_hz': 1900}. Best is trial 47 with value: 0.4193505957586744.
[I 2026-03-10 23:13:29,692] Trial 219 finished with value: 0.3925979501082398 and parameters: {'window_ms': 205, 'overlap': 0.6000000000000001, 'freq_low_hz': 1200, 'freq_high_hz': 1900}. Best is trial 47 with value: 0.4193505957586744.
[I 2026-03-10 23:13:30,692] Trial 221 finished with value: 0.3665054234929344 and parameters: {'window_ms': 215, 'overlap': 0.5, 'freq_low_hz': 650, 'freq_high_hz': 1500}. Best is trial 47 with value: 0.4193505957586744.
[I 2026-03-10 23:13:32,618] Trial 220 finished with value: 0.355091510381327 and parameters: {'window_ms': 205, 'overlap': 0.6000000000000001, 'freq_low_hz': 750, 'freq_high_hz': 1500}. Best is trial 47 with value: 0.4193505957586744.
[I 2026-03-10 23:13:34,298] Trial 222 finished with value: 0.39227033595201266 and parameters: {'window_ms': 205, 'overlap': 0.5, 'freq_low_hz': 1200, 'freq_high_hz': 1900}. Best is trial 47 with value: 0.4193505957586744.
[I 2026-03-10 23:13:36,986] Trial 223 finished with value: 0.3598955393821144 and parameters: {'window_ms': 205, 'overlap': 0.55, 'freq_low_hz': 750, 'freq_high_hz': 1500}. Best is trial 47 with value: 0.4193505957586744.
[I 2026-03-10 23:13:39,725] Trial 225 finished with value: 0.3844279039125516 and parameters: {'window_ms': 215, 'overlap': 0.5, 'freq_low_hz': 1150, 'freq_high_hz': 1550}. Best is trial 47 with value: 0.4193505957586744.
[I 2026-03-10 23:13:42,278] Trial 227 finished with value: 0.36974327899051185 and parameters: {'window_ms': 230, 'overlap': 0.5, 'freq_low_hz': 1150, 'freq_high_hz': 1550}. Best is trial 47 with value: 0.4193505957586744.
[I 2026-03-10 23:13:42,425] Trial 224 finished with value: 0.39250399654541324 and parameters: {'window_ms': 205, 'overlap': 0.5, 'freq_low_hz': 1150, 'freq_high_hz': 1950}. Best is trial 47 with value: 0.4193505957586744.
[I 2026-03-10 23:13:45,344] Trial 226 finished with value: 0.3583303924318462 and parameters: {'window_ms': 230, 'overlap': 0.5, 'freq_low_hz': 550, 'freq_high_hz': 1500}. Best is trial 47 with value: 0.4193505957586744.
[I 2026-03-10 23:13:45,447] Trial 229 finished with value: 0.36624308891765667 and parameters: {'window_ms': 230, 'overlap': 0.5, 'freq_low_hz': 750, 'freq_high_hz': 1500}. Best is trial 47 with value: 0.4193505957586744.
[I 2026-03-10 23:13:47,944] Trial 228 finished with value: 0.35501938410191447 and parameters: {'window_ms': 230, 'overlap': 0.6000000000000001, 'freq_low_hz': 750, 'freq_high_hz': 1500}. Best is trial 47 with value: 0.4193505957586744.
[I 2026-03-10 23:13:51,354] Trial 232 finished with value: 0.38165873772578834 and parameters: {'window_ms': 215, 'overlap': 0.55, 'freq_low_hz': 1150, 'freq_high_hz': 1750}. Best is trial 47 with value: 0.4193505957586744.
[I 2026-03-10 23:13:55,370] Trial 230 finished with value: 0.36556758027478786 and parameters: {'window_ms': 215, 'overlap': 0.6000000000000001, 'freq_low_hz': 550, 'freq_high_hz': 1600}. Best is trial 47 with value: 0.4193505957586744.
[I 2026-03-10 23:13:55,430] Trial 231 finished with value: 0.3749817878846286 and parameters: {'window_ms': 215, 'overlap': 0.8500000000000001, 'freq_low_hz': 1150, 'freq_high_hz': 1750}. Best is trial 47 with value: 0.4193505957586744.
[I 2026-03-10 23:14:00,060] Trial 233 finished with value: 0.3749817878846286 and parameters: {'window_ms': 215, 'overlap': 0.8500000000000001, 'freq_low_hz': 1150, 'freq_high_hz': 1750}. Best is trial 47 with value: 0.4193505957586744.
[I 2026-03-10 23:14:04,652] Trial 236 finished with value: 0.37519624599626694 and parameters: {'window_ms': 230, 'overlap': 0.8500000000000001, 'freq_low_hz': 1150, 'freq_high_hz': 1750}. Best is trial 47 with value: 0.4193505957586744.
[I 2026-03-10 23:14:05,451] Trial 235 finished with value: 0.37519624599626694 and parameters: {'window_ms': 230, 'overlap': 0.8500000000000001, 'freq_low_hz': 1150, 'freq_high_hz': 1750}. Best is trial 47 with value: 0.4193505957586744.
[I 2026-03-10 23:14:08,684] Trial 239 finished with value: 0.3749817878846286 and parameters: {'window_ms': 215, 'overlap': 0.8500000000000001, 'freq_low_hz': 1150, 'freq_high_hz': 1750}. Best is trial 47 with value: 0.4193505957586744.
[I 2026-03-10 23:14:10,444] Trial 237 finished with value: 0.3749817878846286 and parameters: {'window_ms': 215, 'overlap': 0.8500000000000001, 'freq_low_hz': 1150, 'freq_high_hz': 1750}. Best is trial 47 with value: 0.4193505957586744.
[I 2026-03-10 23:14:12,176] Trial 242 finished with value: 0.39922640842102186 and parameters: {'window_ms': 225, 'overlap': 0.55, 'freq_low_hz': 1200, 'freq_high_hz': 1800}. Best is trial 47 with value: 0.4193505957586744.
[I 2026-03-10 23:14:14,450] Trial 240 finished with value: 0.3835252101510491 and parameters: {'window_ms': 215, 'overlap': 0.8500000000000001, 'freq_low_hz': 1200, 'freq_high_hz': 1800}. Best is trial 47 with value: 0.4193505957586744.
[I 2026-03-10 23:14:15,165] Trial 241 finished with value: 0.39922640842102186 and parameters: {'window_ms': 225, 'overlap': 0.55, 'freq_low_hz': 1200, 'freq_high_hz': 1800}. Best is trial 47 with value: 0.4193505957586744.
[I 2026-03-10 23:14:16,381] Trial 234 finished with value: 0.3789477634925098 and parameters: {'window_ms': 230, 'overlap': 0.8500000000000001, 'freq_low_hz': 550, 'freq_high_hz': 1600}. Best is trial 47 with value: 0.4193505957586744.
[I 2026-03-10 23:14:17,324] Trial 243 finished with value: 0.39922640842102186 and parameters: {'window_ms': 225, 'overlap': 0.55, 'freq_low_hz': 1200, 'freq_high_hz': 1800}. Best is trial 47 with value: 0.4193505957586744.
[I 2026-03-10 23:14:21,261] Trial 244 finished with value: 0.41047783345825883 and parameters: {'window_ms': 220, 'overlap': 0.55, 'freq_low_hz': 1200, 'freq_high_hz': 1800}. Best is trial 47 with value: 0.4193505957586744.
[I 2026-03-10 23:14:21,865] Trial 245 finished with value: 0.41047783345825883 and parameters: {'window_ms': 220, 'overlap': 0.55, 'freq_low_hz': 1200, 'freq_high_hz': 1800}. Best is trial 47 with value: 0.4193505957586744.
[I 2026-03-10 23:14:27,993] Trial 247 finished with value: 0.41047783345825883 and parameters: {'window_ms': 220, 'overlap': 0.55, 'freq_low_hz': 1200, 'freq_high_hz': 1800}. Best is trial 47 with value: 0.4193505957586744.
[I 2026-03-10 23:14:29,145] Trial 248 finished with value: 0.41047783345825883 and parameters: {'window_ms': 220, 'overlap': 0.55, 'freq_low_hz': 1200, 'freq_high_hz': 1800}. Best is trial 47 with value: 0.4193505957586744.
[I 2026-03-10 23:14:29,654] Trial 249 finished with value: 0.41047783345825883 and parameters: {'window_ms': 220, 'overlap': 0.55, 'freq_low_hz': 1200, 'freq_high_hz': 1800}. Best is trial 47 with value: 0.4193505957586744.
[I 2026-03-10 23:14:30,561] Trial 251 finished with value: 0.38245280091297373 and parameters: {'window_ms': 220, 'overlap': 0.55, 'freq_low_hz': 1200, 'freq_high_hz': 1700}. Best is trial 47 with value: 0.4193505957586744.
[I 2026-03-10 23:14:32,006] Trial 250 finished with value: 0.38245280091297373 and parameters: {'window_ms': 220, 'overlap': 0.55, 'freq_low_hz': 1200, 'freq_high_hz': 1700}. Best is trial 47 with value: 0.4193505957586744.
[I 2026-03-10 23:14:32,136] Trial 252 finished with value: 0.38245280091297373 and parameters: {'window_ms': 220, 'overlap': 0.55, 'freq_low_hz': 1200, 'freq_high_hz': 1700}. Best is trial 47 with value: 0.4193505957586744.
[I 2026-03-10 23:14:35,526] Trial 253 finished with value: 0.38245280091297373 and parameters: {'window_ms': 220, 'overlap': 0.55, 'freq_low_hz': 1200, 'freq_high_hz': 1700}. Best is trial 47 with value: 0.4193505957586744.
[I 2026-03-10 23:14:36,409] Trial 238 finished with value: 0.36086316241904004 and parameters: {'window_ms': 215, 'overlap': 0.8500000000000001, 'freq_low_hz': 1150, 'freq_high_hz': 2950}. Best is trial 47 with value: 0.4193505957586744.
[I 2026-03-10 23:14:36,933] Trial 246 finished with value: 0.3608114311232234 and parameters: {'window_ms': 220, 'overlap': 0.55, 'freq_low_hz': 1200, 'freq_high_hz': 3000}. Best is trial 47 with value: 0.4193505957586744.
[I 2026-03-10 23:14:39,210] Trial 254 finished with value: 0.3967482063555072 and parameters: {'window_ms': 220, 'overlap': 0.55, 'freq_low_hz': 1200, 'freq_high_hz': 1900}. Best is trial 47 with value: 0.4193505957586744.
[I 2026-03-10 23:14:45,844] Trial 255 finished with value: 0.3796671769165572 and parameters: {'window_ms': 225, 'overlap': 0.55, 'freq_low_hz': 1200, 'freq_high_hz': 1900}. Best is trial 47 with value: 0.4193505957586744.
[I 2026-03-10 23:14:46,070] Trial 257 finished with value: 0.3919306408612594 and parameters: {'window_ms': 220, 'overlap': 0.55, 'freq_low_hz': 1200, 'freq_high_hz': 2000}. Best is trial 47 with value: 0.4193505957586744.
[I 2026-03-10 23:14:48,406] Trial 260 finished with value: 0.363921732364911 and parameters: {'window_ms': 155, 'overlap': 0.55, 'freq_low_hz': 1200, 'freq_high_hz': 2000}. Best is trial 47 with value: 0.4193505957586744.
[I 2026-03-10 23:14:53,636] Trial 258 finished with value: 0.3919306408612594 and parameters: {'window_ms': 220, 'overlap': 0.55, 'freq_low_hz': 1200, 'freq_high_hz': 2000}. Best is trial 47 with value: 0.4193505957586744.
[I 2026-03-10 23:14:55,800] Trial 262 finished with value: 0.3922051874235215 and parameters: {'window_ms': 225, 'overlap': 0.55, 'freq_low_hz': 1200, 'freq_high_hz': 2000}. Best is trial 47 with value: 0.4193505957586744.
[I 2026-03-10 23:14:58,329] Trial 263 finished with value: 0.39199525396302276 and parameters: {'window_ms': 225, 'overlap': 0.6000000000000001, 'freq_low_hz': 1200, 'freq_high_hz': 2000}. Best is trial 47 with value: 0.4193505957586744.
[I 2026-03-10 23:15:01,854] Trial 259 finished with value: 0.37497249375119074 and parameters: {'window_ms': 220, 'overlap': 0.55, 'freq_low_hz': 1200, 'freq_high_hz': 3200}. Best is trial 47 with value: 0.4193505957586744.
[I 2026-03-10 23:15:04,048] Trial 256 finished with value: 0.36016553223808623 and parameters: {'window_ms': 220, 'overlap': 0.55, 'freq_low_hz': 1200, 'freq_high_hz': 3300}. Best is trial 47 with value: 0.4193505957586744.
[I 2026-03-10 23:15:04,087] Trial 264 finished with value: 0.39199525396302276 and parameters: {'window_ms': 225, 'overlap': 0.6000000000000001, 'freq_low_hz': 1200, 'freq_high_hz': 2000}. Best is trial 47 with value: 0.4193505957586744.
[I 2026-03-10 23:15:06,890] Trial 265 finished with value: 0.36383794080705906 and parameters: {'window_ms': 160, 'overlap': 0.6000000000000001, 'freq_low_hz': 1200, 'freq_high_hz': 2000}. Best is trial 47 with value: 0.4193505957586744.
[I 2026-03-10 23:15:17,293] Trial 270 finished with value: 0.3839547340588531 and parameters: {'window_ms': 210, 'overlap': 0.6000000000000001, 'freq_low_hz': 1150, 'freq_high_hz': 1650}. Best is trial 47 with value: 0.4193505957586744.
[I 2026-03-10 23:15:21,474] Trial 273 finished with value: 0.3839078090919713 and parameters: {'window_ms': 210, 'overlap': 0.45, 'freq_low_hz': 1150, 'freq_high_hz': 1650}. Best is trial 47 with value: 0.4193505957586744.
[I 2026-03-10 23:15:21,834] Trial 271 finished with value: 0.3839547340588531 and parameters: {'window_ms': 210, 'overlap': 0.6000000000000001, 'freq_low_hz': 1150, 'freq_high_hz': 1650}. Best is trial 47 with value: 0.4193505957586744.
[I 2026-03-10 23:15:26,910] Trial 266 finished with value: 0.36702623120449457 and parameters: {'window_ms': 210, 'overlap': 0.6000000000000001, 'freq_low_hz': 1200, 'freq_high_hz': 3300}. Best is trial 47 with value: 0.4193505957586744.
[I 2026-03-10 23:15:27,546] Trial 274 finished with value: 0.3839078090919713 and parameters: {'window_ms': 210, 'overlap': 0.45, 'freq_low_hz': 1150, 'freq_high_hz': 1650}. Best is trial 47 with value: 0.4193505957586744.
[I 2026-03-10 23:15:45,422] Trial 261 finished with value: 0.3765223071800816 and parameters: {'window_ms': 225, 'overlap': 0.55, 'freq_low_hz': 1200, 'freq_high_hz': 5700}. Best is trial 47 with value: 0.4193505957586744.
[I 2026-03-10 23:15:54,469] Trial 267 finished with value: 0.3908384459168523 and parameters: {'window_ms': 210, 'overlap': 0.6000000000000001, 'freq_low_hz': 1200, 'freq_high_hz': 5800}. Best is trial 47 with value: 0.4193505957586744.
[I 2026-03-10 23:15:55,565] Trial 277 finished with value: 0.3835781193988847 and parameters: {'window_ms': 210, 'overlap': 0.9, 'freq_low_hz': 1200, 'freq_high_hz': 1800}. Best is trial 47 with value: 0.4193505957586744.
[I 2026-03-10 23:16:03,159] Trial 279 finished with value: 0.4054085275066888 and parameters: {'window_ms': 225, 'overlap': 0.9, 'freq_low_hz': 1200, 'freq_high_hz': 1800}. Best is trial 47 with value: 0.4193505957586744.
[I 2026-03-10 23:16:03,929] Trial 268 finished with value: 0.3908384459168523 and parameters: {'window_ms': 210, 'overlap': 0.6000000000000001, 'freq_low_hz': 1200, 'freq_high_hz': 5800}. Best is trial 47 with value: 0.4193505957586744.
