[I 2026-03-10 23:56:23,251] Trial 1143 finished with value: 0.3608891572418633 and parameters: {'window_ms': 235, 'overlap': 0.65, 'freq_low_hz': 1200, 'freq_high_hz': 3000}. Best is trial 318 with value: 0.42305991464449244.
[I 2026-03-10 23:56:26,651] Trial 1148 finished with value: 0.38449384781138995 and parameters: {'window_ms': 235, 'overlap': 0.9, 'freq_low_hz': 1200, 'freq_high_hz': 1800}. Best is trial 318 with value: 0.42305991464449244.
[I 2026-03-10 23:56:27,052] Trial 1147 finished with value: 0.38449384781138995 and parameters: {'window_ms': 235, 'overlap': 0.9, 'freq_low_hz': 1200, 'freq_high_hz': 1800}. Best is trial 318 with value: 0.42305991464449244.
[I 2026-03-10 23:56:27,511] Trial 1145 finished with value: 0.37856249742087233 and parameters: {'window_ms': 235, 'overlap': 0.9, 'freq_low_hz': 1200, 'freq_high_hz': 1900}. Best is trial 318 with value: 0.42305991464449244.
[I 2026-03-10 23:56:30,174] Trial 1132 finished with value: 0.3565396056619339 and parameters: {'window_ms': 235, 'overlap': 0.65, 'freq_low_hz': 1200, 'freq_high_hz': 5500}. Best is trial 318 with value: 0.42305991464449244.
[I 2026-03-10 23:56:31,918] Trial 1131 finished with value: 0.3697167375411187 and parameters: {'window_ms': 240, 'overlap': 0.65, 'freq_low_hz': 1200, 'freq_high_hz': 5500}. Best is trial 318 with value: 0.42305991464449244.
[I 2026-03-10 23:56:36,446] Trial 1149 finished with value: 0.4016762765066289 and parameters: {'window_ms': 235, 'overlap': 0.65, 'freq_low_hz': 1200, 'freq_high_hz': 1800}. Best is trial 318 with value: 0.42305991464449244.
[I 2026-03-10 23:56:37,973] Trial 1150 finished with value: 0.4016762765066289 and parameters: {'window_ms': 235, 'overlap': 0.65, 'freq_low_hz': 1200, 'freq_high_hz': 1800}. Best is trial 318 with value: 0.42305991464449244.
[I 2026-03-10 23:56:39,173] Trial 1151 finished with value: 0.4016762765066289 and parameters: {'window_ms': 235, 'overlap': 0.65, 'freq_low_hz': 1200, 'freq_high_hz': 1800}. Best is trial 318 with value: 0.42305991464449244.
[I 2026-03-10 23:56:39,556] Trial 1142 finished with value: 0.3806185764215259 and parameters: {'window_ms': 240, 'overlap': 0.9, 'freq_low_hz': 500, 'freq_high_hz': 1900}. Best is trial 318 with value: 0.42305991464449244.
[I 2026-03-10 23:56:42,893] Trial 1153 finished with value: 0.4016762765066289 and parameters: {'window_ms': 235, 'overlap': 0.65, 'freq_low_hz': 1200, 'freq_high_hz': 1800}. Best is trial 318 with value: 0.42305991464449244.
[I 2026-03-10 23:56:45,786] Trial 1156 finished with value: 0.40355287725513184 and parameters: {'window_ms': 245, 'overlap': 0.65, 'freq_low_hz': 1200, 'freq_high_hz': 1800}. Best is trial 318 with value: 0.42305991464449244.
[I 2026-03-10 23:56:46,685] Trial 1141 finished with value: 0.3565396056619339 and parameters: {'window_ms': 235, 'overlap': 0.65, 'freq_low_hz': 1200, 'freq_high_hz': 5500}. Best is trial 318 with value: 0.42305991464449244.
[I 2026-03-10 23:56:50,170] Trial 1157 finished with value: 0.37752609493870026 and parameters: {'window_ms': 250, 'overlap': 0.65, 'freq_low_hz': 1200, 'freq_high_hz': 1800}. Best is trial 318 with value: 0.42305991464449244.
[I 2026-03-10 23:56:51,166] Trial 1155 finished with value: 0.36464705523752505 and parameters: {'window_ms': 245, 'overlap': 0.65, 'freq_low_hz': 350, 'freq_high_hz': 1600}. Best is trial 318 with value: 0.42305991464449244.
[I 2026-03-10 23:56:53,419] Trial 1154 finished with value: 0.36544380304024704 and parameters: {'window_ms': 245, 'overlap': 0.65, 'freq_low_hz': 500, 'freq_high_hz': 2100}. Best is trial 318 with value: 0.42305991464449244.
[I 2026-03-10 23:56:53,835] Trial 1160 finished with value: 0.37752609493870026 and parameters: {'window_ms': 250, 'overlap': 0.65, 'freq_low_hz': 1200, 'freq_high_hz': 1800}. Best is trial 318 with value: 0.42305991464449244.
[I 2026-03-10 23:56:54,477] Trial 1158 finished with value: 0.3645770912231246 and parameters: {'window_ms': 245, 'overlap': 0.65, 'freq_low_hz': 800, 'freq_high_hz': 1600}. Best is trial 318 with value: 0.42305991464449244.
[I 2026-03-10 23:56:57,075] Trial 1152 finished with value: 0.36565826367799775 and parameters: {'window_ms': 235, 'overlap': 0.75, 'freq_low_hz': 350, 'freq_high_hz': 2100}. Best is trial 318 with value: 0.42305991464449244.
[I 2026-03-10 23:57:08,695] Trial 1166 finished with value: 0.4018106646087769 and parameters: {'window_ms': 250, 'overlap': 0.75, 'freq_low_hz': 1200, 'freq_high_hz': 1800}. Best is trial 318 with value: 0.42305991464449244.
[I 2026-03-10 23:57:09,254] Trial 1167 finished with value: 0.3757594552440358 and parameters: {'window_ms': 240, 'overlap': 0.75, 'freq_low_hz': 1150, 'freq_high_hz': 1750}. Best is trial 318 with value: 0.42305991464449244.
[I 2026-03-10 23:57:09,792] Trial 1162 finished with value: 0.3637196214499151 and parameters: {'window_ms': 250, 'overlap': 0.65, 'freq_low_hz': 350, 'freq_high_hz': 2200}. Best is trial 318 with value: 0.42305991464449244.
[I 2026-03-10 23:57:11,485] Trial 1169 finished with value: 0.3750570610756386 and parameters: {'window_ms': 240, 'overlap': 0.65, 'freq_low_hz': 1150, 'freq_high_hz': 1750}. Best is trial 318 with value: 0.42305991464449244.
[I 2026-03-10 23:57:11,747] Trial 1163 finished with value: 0.3634663451674337 and parameters: {'window_ms': 245, 'overlap': 0.65, 'freq_low_hz': 450, 'freq_high_hz': 2200}. Best is trial 318 with value: 0.42305991464449244.
[I 2026-03-10 23:57:12,576] Trial 1165 finished with value: 0.3652321002646502 and parameters: {'window_ms': 250, 'overlap': 0.65, 'freq_low_hz': 300, 'freq_high_hz': 1600}. Best is trial 318 with value: 0.42305991464449244.
[I 2026-03-10 23:57:13,695] Trial 1161 finished with value: 0.36788926115567344 and parameters: {'window_ms': 245, 'overlap': 0.65, 'freq_low_hz': 800, 'freq_high_hz': 3300}. Best is trial 318 with value: 0.42305991464449244.
[I 2026-03-10 23:57:15,089] Trial 1159 finished with value: 0.3696321063393267 and parameters: {'window_ms': 240, 'overlap': 0.65, 'freq_low_hz': 350, 'freq_high_hz': 3300}. Best is trial 318 with value: 0.42305991464449244.
[I 2026-03-10 23:57:16,177] Trial 1164 finished with value: 0.36583518731918213 and parameters: {'window_ms': 245, 'overlap': 0.75, 'freq_low_hz': 700, 'freq_high_hz': 2100}. Best is trial 318 with value: 0.42305991464449244.
[I 2026-03-10 23:57:18,432] Trial 1168 finished with value: 0.3638964103618847 and parameters: {'window_ms': 240, 'overlap': 0.65, 'freq_low_hz': 200, 'freq_high_hz': 2100}. Best is trial 318 with value: 0.42305991464449244.
[I 2026-03-10 23:57:22,264] Trial 1170 finished with value: 0.36185935040129663 and parameters: {'window_ms': 240, 'overlap': 0.65, 'freq_low_hz': 700, 'freq_high_hz': 1500}. Best is trial 318 with value: 0.42305991464449244.
[I 2026-03-10 23:57:22,745] Trial 1171 finished with value: 0.34957552927955643 and parameters: {'window_ms': 90, 'overlap': 0.65, 'freq_low_hz': 300, 'freq_high_hz': 1500}. Best is trial 318 with value: 0.42305991464449244.
[I 2026-03-10 23:57:23,845] Trial 1173 finished with value: 0.3921930596138021 and parameters: {'window_ms': 235, 'overlap': 0.65, 'freq_low_hz': 1200, 'freq_high_hz': 1900}. Best is trial 318 with value: 0.42305991464449244.
[I 2026-03-10 23:57:24,304] Trial 1174 finished with value: 0.3926785955718411 and parameters: {'window_ms': 230, 'overlap': 0.65, 'freq_low_hz': 1200, 'freq_high_hz': 1900}. Best is trial 318 with value: 0.42305991464449244.
[I 2026-03-10 23:57:25,040] Trial 1175 finished with value: 0.3920476544342791 and parameters: {'window_ms': 230, 'overlap': 0.65, 'freq_low_hz': 1200, 'freq_high_hz': 2000}. Best is trial 318 with value: 0.42305991464449244.
[I 2026-03-10 23:57:25,278] Trial 1172 finished with value: 0.3578558531378615 and parameters: {'window_ms': 230, 'overlap': 0.65, 'freq_low_hz': 450, 'freq_high_hz': 1500}. Best is trial 318 with value: 0.42305991464449244.
[I 2026-03-10 23:57:26,985] Trial 1176 finished with value: 0.35212603581505814 and parameters: {'window_ms': 95, 'overlap': 0.8500000000000001, 'freq_low_hz': 1200, 'freq_high_hz': 1900}. Best is trial 318 with value: 0.42305991464449244.
[I 2026-03-10 23:57:27,274] Trial 1177 finished with value: 0.37852735701723006 and parameters: {'window_ms': 230, 'overlap': 0.7, 'freq_low_hz': 1200, 'freq_high_hz': 1900}. Best is trial 318 with value: 0.42305991464449244.
[I 2026-03-10 23:57:28,079] Trial 1178 finished with value: 0.37852735701723006 and parameters: {'window_ms': 230, 'overlap': 0.7, 'freq_low_hz': 1200, 'freq_high_hz': 1900}. Best is trial 318 with value: 0.42305991464449244.
[I 2026-03-10 23:57:32,490] Trial 1180 finished with value: 0.3803193540556414 and parameters: {'window_ms': 130, 'overlap': 0.6000000000000001, 'freq_low_hz': 1200, 'freq_high_hz': 1900}. Best is trial 318 with value: 0.42305991464449244.
[I 2026-03-10 23:57:33,564] Trial 1179 finished with value: 0.3921207631617329 and parameters: {'window_ms': 230, 'overlap': 0.8500000000000001, 'freq_low_hz': 1200, 'freq_high_hz': 1900}. Best is trial 318 with value: 0.42305991464449244.
[I 2026-03-10 23:57:34,413] Trial 1181 finished with value: 0.37852735701723006 and parameters: {'window_ms': 230, 'overlap': 0.7, 'freq_low_hz': 1200, 'freq_high_hz': 1900}. Best is trial 318 with value: 0.42305991464449244.
[I 2026-03-10 23:57:35,465] Trial 1183 finished with value: 0.3821353433206968 and parameters: {'window_ms': 230, 'overlap': 0.7, 'freq_low_hz': 1150, 'freq_high_hz': 1750}. Best is trial 318 with value: 0.42305991464449244.
[I 2026-03-10 23:57:35,839] Trial 1184 finished with value: 0.3821353433206968 and parameters: {'window_ms': 230, 'overlap': 0.7, 'freq_low_hz': 1150, 'freq_high_hz': 1750}. Best is trial 318 with value: 0.42305991464449244.
[I 2026-03-10 23:57:36,698] Trial 1185 finished with value: 0.37584976076577004 and parameters: {'window_ms': 235, 'overlap': 0.7, 'freq_low_hz': 1150, 'freq_high_hz': 1750}. Best is trial 318 with value: 0.42305991464449244.
[I 2026-03-10 23:57:37,467] Trial 1186 finished with value: 0.3660698718962672 and parameters: {'window_ms': 120, 'overlap': 0.7, 'freq_low_hz': 1150, 'freq_high_hz': 1750}. Best is trial 318 with value: 0.42305991464449244.
[I 2026-03-10 23:57:37,895] Trial 1187 finished with value: 0.382037938325263 and parameters: {'window_ms': 230, 'overlap': 0.6000000000000001, 'freq_low_hz': 1150, 'freq_high_hz': 1750}. Best is trial 318 with value: 0.42305991464449244.
[I 2026-03-10 23:57:38,435] Trial 1188 finished with value: 0.37620712621047686 and parameters: {'window_ms': 235, 'overlap': 0.6000000000000001, 'freq_low_hz': 1150, 'freq_high_hz': 1750}. Best is trial 318 with value: 0.42305991464449244.
[I 2026-03-10 23:57:39,653] Trial 1182 finished with value: 0.3920378391278132 and parameters: {'window_ms': 230, 'overlap': 0.8500000000000001, 'freq_low_hz': 1150, 'freq_high_hz': 1950}. Best is trial 318 with value: 0.42305991464449244.
[I 2026-03-10 23:57:43,070] Trial 1189 finished with value: 0.37620712621047686 and parameters: {'window_ms': 235, 'overlap': 0.6000000000000001, 'freq_low_hz': 1150, 'freq_high_hz': 1750}. Best is trial 318 with value: 0.42305991464449244.
[I 2026-03-10 23:57:43,392] Trial 1190 finished with value: 0.382037938325263 and parameters: {'window_ms': 230, 'overlap': 0.6000000000000001, 'freq_low_hz': 1150, 'freq_high_hz': 1750}. Best is trial 318 with value: 0.42305991464449244.
[I 2026-03-10 23:57:44,753] Trial 1191 finished with value: 0.37620712621047686 and parameters: {'window_ms': 235, 'overlap': 0.6000000000000001, 'freq_low_hz': 1150, 'freq_high_hz': 1750}. Best is trial 318 with value: 0.42305991464449244.
[I 2026-03-10 23:57:46,009] Trial 1192 finished with value: 0.37620712621047686 and parameters: {'window_ms': 235, 'overlap': 0.6000000000000001, 'freq_low_hz': 1150, 'freq_high_hz': 1750}. Best is trial 318 with value: 0.42305991464449244.
[I 2026-03-10 23:57:46,502] Trial 1193 finished with value: 0.37620712621047686 and parameters: {'window_ms': 235, 'overlap': 0.6000000000000001, 'freq_low_hz': 1150, 'freq_high_hz': 1750}. Best is trial 318 with value: 0.42305991464449244.
[I 2026-03-10 23:57:46,885] Trial 1195 finished with value: 0.37620712621047686 and parameters: {'window_ms': 235, 'overlap': 0.6000000000000001, 'freq_low_hz': 1150, 'freq_high_hz': 1750}. Best is trial 318 with value: 0.42305991464449244.
[I 2026-03-10 23:57:47,320] Trial 1194 finished with value: 0.37620712621047686 and parameters: {'window_ms': 235, 'overlap': 0.6000000000000001, 'freq_low_hz': 1150, 'freq_high_hz': 1750}. Best is trial 318 with value: 0.42305991464449244.
[I 2026-03-10 23:57:48,510] Trial 1196 finished with value: 0.37620712621047686 and parameters: {'window_ms': 235, 'overlap': 0.6000000000000001, 'freq_low_hz': 1150, 'freq_high_hz': 1750}. Best is trial 318 with value: 0.42305991464449244.
[I 2026-03-10 23:57:48,981] Trial 1197 finished with value: 0.38249171548096905 and parameters: {'window_ms': 235, 'overlap': 0.65, 'freq_low_hz': 1150, 'freq_high_hz': 1750}. Best is trial 318 with value: 0.42305991464449244.
[I 2026-03-10 23:57:50,472] Trial 1198 finished with value: 0.38249171548096905 and parameters: {'window_ms': 235, 'overlap': 0.65, 'freq_low_hz': 1150, 'freq_high_hz': 1750}. Best is trial 318 with value: 0.42305991464449244.
[I 2026-03-10 23:57:53,320] Trial 1200 finished with value: 0.4025158594858789 and parameters: {'window_ms': 240, 'overlap': 0.65, 'freq_low_hz': 1200, 'freq_high_hz': 1700}. Best is trial 318 with value: 0.42305991464449244.
[I 2026-03-10 23:57:55,321] Trial 1201 finished with value: 0.4025158594858789 and parameters: {'window_ms': 240, 'overlap': 0.65, 'freq_low_hz': 1200, 'freq_high_hz': 1700}. Best is trial 318 with value: 0.42305991464449244.
[I 2026-03-10 23:57:56,609] Trial 1202 finished with value: 0.4025158594858789 and parameters: {'window_ms': 240, 'overlap': 0.65, 'freq_low_hz': 1200, 'freq_high_hz': 1700}. Best is trial 318 with value: 0.42305991464449244.
[I 2026-03-10 23:57:56,877] Trial 1199 finished with value: 0.36566264378679236 and parameters: {'window_ms': 240, 'overlap': 0.65, 'freq_low_hz': 550, 'freq_high_hz': 1600}. Best is trial 318 with value: 0.42305991464449244.
[I 2026-03-10 23:57:57,019] Trial 1204 finished with value: 0.4025158594858789 and parameters: {'window_ms': 240, 'overlap': 0.65, 'freq_low_hz': 1200, 'freq_high_hz': 1700}. Best is trial 318 with value: 0.42305991464449244.
[I 2026-03-10 23:57:57,136] Trial 1203 finished with value: 0.4025158594858789 and parameters: {'window_ms': 240, 'overlap': 0.65, 'freq_low_hz': 1200, 'freq_high_hz': 1700}. Best is trial 318 with value: 0.42305991464449244.
[I 2026-03-10 23:57:58,081] Trial 1205 finished with value: 0.4025158594858789 and parameters: {'window_ms': 240, 'overlap': 0.65, 'freq_low_hz': 1200, 'freq_high_hz': 1700}. Best is trial 318 with value: 0.42305991464449244.
[I 2026-03-10 23:58:00,645] Trial 1206 finished with value: 0.3922686839342515 and parameters: {'window_ms': 245, 'overlap': 0.65, 'freq_low_hz': 1200, 'freq_high_hz': 2000}. Best is trial 318 with value: 0.42305991464449244.
[I 2026-03-10 23:58:01,363] Trial 1207 finished with value: 0.3650345528886385 and parameters: {'window_ms': 245, 'overlap': 0.65, 'freq_low_hz': 750, 'freq_high_hz': 1600}. Best is trial 318 with value: 0.42305991464449244.
[I 2026-03-10 23:58:02,940] Trial 1208 finished with value: 0.3922686839342515 and parameters: {'window_ms': 245, 'overlap': 0.65, 'freq_low_hz': 1200, 'freq_high_hz': 2000}. Best is trial 318 with value: 0.42305991464449244.
[I 2026-03-10 23:58:04,447] Trial 1209 finished with value: 0.3645351159653198 and parameters: {'window_ms': 240, 'overlap': 0.65, 'freq_low_hz': 750, 'freq_high_hz': 1600}. Best is trial 318 with value: 0.42305991464449244.
[I 2026-03-10 23:58:06,266] Trial 1210 finished with value: 0.39205019630573334 and parameters: {'window_ms': 240, 'overlap': 0.65, 'freq_low_hz': 1200, 'freq_high_hz': 2000}. Best is trial 318 with value: 0.42305991464449244.
[I 2026-03-10 23:58:07,782] Trial 1212 finished with value: 0.3922686839342515 and parameters: {'window_ms': 245, 'overlap': 0.65, 'freq_low_hz': 1200, 'freq_high_hz': 2000}. Best is trial 318 with value: 0.42305991464449244.
[I 2026-03-10 23:58:07,922] Trial 1211 finished with value: 0.3922686839342515 and parameters: {'window_ms': 245, 'overlap': 0.65, 'freq_low_hz': 1200, 'freq_high_hz': 2000}. Best is trial 318 with value: 0.42305991464449244.
[I 2026-03-10 23:58:08,062] Trial 1213 finished with value: 0.3922686839342515 and parameters: {'window_ms': 245, 'overlap': 0.65, 'freq_low_hz': 1200, 'freq_high_hz': 2000}. Best is trial 318 with value: 0.42305991464449244.
[I 2026-03-10 23:58:08,496] Trial 1215 finished with value: 0.3920476544342791 and parameters: {'window_ms': 230, 'overlap': 0.65, 'freq_low_hz': 1200, 'freq_high_hz': 2000}. Best is trial 318 with value: 0.42305991464449244.
[I 2026-03-10 23:58:11,707] Trial 1216 finished with value: 0.37860488559577926 and parameters: {'window_ms': 250, 'overlap': 0.8, 'freq_low_hz': 1200, 'freq_high_hz': 1900}. Best is trial 318 with value: 0.42305991464449244.
[I 2026-03-10 23:58:14,965] Trial 1214 finished with value: 0.39206928520453554 and parameters: {'window_ms': 230, 'overlap': 0.9, 'freq_low_hz': 1200, 'freq_high_hz': 2000}. Best is trial 318 with value: 0.42305991464449244.
[I 2026-03-10 23:58:16,870] Trial 1217 finished with value: 0.39216089060011056 and parameters: {'window_ms': 230, 'overlap': 0.9, 'freq_low_hz': 1200, 'freq_high_hz': 1900}. Best is trial 318 with value: 0.42305991464449244.
[I 2026-03-10 23:58:18,641] Trial 1218 finished with value: 0.39216089060011056 and parameters: {'window_ms': 230, 'overlap': 0.9, 'freq_low_hz': 1200, 'freq_high_hz': 1900}. Best is trial 318 with value: 0.42305991464449244.
[I 2026-03-10 23:58:20,244] Trial 1219 finished with value: 0.39216089060011056 and parameters: {'window_ms': 230, 'overlap': 0.9, 'freq_low_hz': 1200, 'freq_high_hz': 1900}. Best is trial 318 with value: 0.42305991464449244.
[I 2026-03-10 23:58:21,640] Trial 1220 finished with value: 0.39216089060011056 and parameters: {'window_ms': 230, 'overlap': 0.9, 'freq_low_hz': 1200, 'freq_high_hz': 1900}. Best is trial 318 with value: 0.42305991464449244.
[I 2026-03-10 23:58:23,604] Trial 1221 finished with value: 0.39216089060011056 and parameters: {'window_ms': 230, 'overlap': 0.9, 'freq_low_hz': 1200, 'freq_high_hz': 1900}. Best is trial 318 with value: 0.42305991464449244.
[I 2026-03-10 23:58:23,663] Trial 1222 finished with value: 0.39216089060011056 and parameters: {'window_ms': 230, 'overlap': 0.9, 'freq_low_hz': 1200, 'freq_high_hz': 1900}. Best is trial 318 with value: 0.42305991464449244.
[I 2026-03-10 23:58:23,855] Trial 1223 finished with value: 0.392184603732217 and parameters: {'window_ms': 225, 'overlap': 0.9, 'freq_low_hz': 1200, 'freq_high_hz': 1900}. Best is trial 318 with value: 0.42305991464449244.
[I 2026-03-10 23:58:25,003] Trial 1224 finished with value: 0.39216089060011056 and parameters: {'window_ms': 230, 'overlap': 0.9, 'freq_low_hz': 1200, 'freq_high_hz': 1900}. Best is trial 318 with value: 0.42305991464449244.
[I 2026-03-10 23:58:26,341] Trial 1227 finished with value: 0.4068802605277456 and parameters: {'window_ms': 205, 'overlap': 0.65, 'freq_low_hz': 1150, 'freq_high_hz': 1850}. Best is trial 318 with value: 0.42305991464449244.
[I 2026-03-10 23:58:27,748] Trial 1225 finished with value: 0.38012058408717153 and parameters: {'window_ms': 230, 'overlap': 0.9, 'freq_low_hz': 1150, 'freq_high_hz': 1850}. Best is trial 318 with value: 0.42305991464449244.
[I 2026-03-10 23:58:28,536] Trial 1228 finished with value: 0.37984524957448723 and parameters: {'window_ms': 225, 'overlap': 0.65, 'freq_low_hz': 1150, 'freq_high_hz': 1850}. Best is trial 318 with value: 0.42305991464449244.
[I 2026-03-10 23:58:29,633] Trial 1226 finished with value: 0.3572518399749861 and parameters: {'window_ms': 205, 'overlap': 0.9, 'freq_low_hz': 900, 'freq_high_hz': 1600}. Best is trial 318 with value: 0.42305991464449244.
[I 2026-03-10 23:58:30,102] Trial 1229 finished with value: 0.4068802605277456 and parameters: {'window_ms': 205, 'overlap': 0.65, 'freq_low_hz': 1150, 'freq_high_hz': 1850}. Best is trial 318 with value: 0.42305991464449244.
[I 2026-03-10 23:58:31,991] Trial 1230 finished with value: 0.40862825697803895 and parameters: {'window_ms': 205, 'overlap': 0.7, 'freq_low_hz': 1150, 'freq_high_hz': 1850}. Best is trial 318 with value: 0.42305991464449244.
[I 2026-03-10 23:58:32,718] Trial 1233 finished with value: 0.38379639348336786 and parameters: {'window_ms': 205, 'overlap': 0.7, 'freq_low_hz': 1150, 'freq_high_hz': 1650}. Best is trial 318 with value: 0.42305991464449244.
[I 2026-03-10 23:58:33,231] Trial 1231 finished with value: 0.3577069663959272 and parameters: {'window_ms': 205, 'overlap': 0.7, 'freq_low_hz': 900, 'freq_high_hz': 1600}. Best is trial 318 with value: 0.42305991464449244.
[I 2026-03-10 23:58:33,618] Trial 1234 finished with value: 0.38418475692578785 and parameters: {'window_ms': 215, 'overlap': 0.7, 'freq_low_hz': 1150, 'freq_high_hz': 1650}. Best is trial 318 with value: 0.42305991464449244.
[I 2026-03-10 23:58:35,304] Trial 1235 finished with value: 0.38379639348336786 and parameters: {'window_ms': 205, 'overlap': 0.7, 'freq_low_hz': 1150, 'freq_high_hz': 1650}. Best is trial 318 with value: 0.42305991464449244.
[I 2026-03-10 23:58:37,351] Trial 1237 finished with value: 0.38418475692578785 and parameters: {'window_ms': 215, 'overlap': 0.7, 'freq_low_hz': 1150, 'freq_high_hz': 1650}. Best is trial 318 with value: 0.42305991464449244.
[I 2026-03-10 23:58:39,267] Trial 1239 finished with value: 0.38418475692578785 and parameters: {'window_ms': 215, 'overlap': 0.7, 'freq_low_hz': 1150, 'freq_high_hz': 1650}. Best is trial 318 with value: 0.42305991464449244.
