[I 2026-03-10 23:58:39,512] Trial 1238 finished with value: 0.3405177659905836 and parameters: {'window_ms': 70, 'overlap': 0.7, 'freq_low_hz': 400, 'freq_high_hz': 1500}. Best is trial 318 with value: 0.42305991464449244.
[I 2026-03-10 23:58:40,731] Trial 1236 finished with value: 0.3754210675298407 and parameters: {'window_ms': 205, 'overlap': 0.7, 'freq_low_hz': 400, 'freq_high_hz': 1600}. Best is trial 318 with value: 0.42305991464449244.
[I 2026-03-10 23:58:40,924] Trial 1241 finished with value: 0.3834051905654093 and parameters: {'window_ms': 215, 'overlap': 0.65, 'freq_low_hz': 1150, 'freq_high_hz': 1650}. Best is trial 318 with value: 0.42305991464449244.
[I 2026-03-10 23:58:40,959] Trial 1240 finished with value: 0.38418475692578785 and parameters: {'window_ms': 215, 'overlap': 0.7, 'freq_low_hz': 1150, 'freq_high_hz': 1650}. Best is trial 318 with value: 0.42305991464449244.
[I 2026-03-10 23:58:42,222] Trial 1243 finished with value: 0.3834051905654093 and parameters: {'window_ms': 215, 'overlap': 0.65, 'freq_low_hz': 1150, 'freq_high_hz': 1650}. Best is trial 318 with value: 0.42305991464449244.
[I 2026-03-10 23:58:45,725] Trial 1242 finished with value: 0.36353102247153757 and parameters: {'window_ms': 215, 'overlap': 0.65, 'freq_low_hz': 1150, 'freq_high_hz': 2350}. Best is trial 318 with value: 0.42305991464449244.
[I 2026-03-10 23:58:46,253] Trial 1245 finished with value: 0.3824186805035093 and parameters: {'window_ms': 225, 'overlap': 0.65, 'freq_low_hz': 1150, 'freq_high_hz': 1750}. Best is trial 318 with value: 0.42305991464449244.
[I 2026-03-10 23:58:47,373] Trial 1246 finished with value: 0.3838059389862488 and parameters: {'window_ms': 225, 'overlap': 0.65, 'freq_low_hz': 1200, 'freq_high_hz': 1800}. Best is trial 318 with value: 0.42305991464449244.
[I 2026-03-10 23:58:48,206] Trial 1244 finished with value: 0.3578002796687255 and parameters: {'window_ms': 225, 'overlap': 0.65, 'freq_low_hz': 250, 'freq_high_hz': 1500}. Best is trial 318 with value: 0.42305991464449244.
[I 2026-03-10 23:58:48,477] Trial 1249 finished with value: 0.40952594668179976 and parameters: {'window_ms': 225, 'overlap': 0.6000000000000001, 'freq_low_hz': 1200, 'freq_high_hz': 1800}. Best is trial 318 with value: 0.42305991464449244.
[I 2026-03-10 23:58:48,502] Trial 1247 finished with value: 0.3838059389862488 and parameters: {'window_ms': 225, 'overlap': 0.65, 'freq_low_hz': 1200, 'freq_high_hz': 1800}. Best is trial 318 with value: 0.42305991464449244.
[I 2026-03-10 23:58:48,752] Trial 1232 finished with value: 0.35351802122134546 and parameters: {'window_ms': 205, 'overlap': 0.65, 'freq_low_hz': 1150, 'freq_high_hz': 5150}. Best is trial 318 with value: 0.42305991464449244.
[I 2026-03-10 23:58:50,563] Trial 1251 finished with value: 0.40952594668179976 and parameters: {'window_ms': 225, 'overlap': 0.6000000000000001, 'freq_low_hz': 1200, 'freq_high_hz': 1800}. Best is trial 318 with value: 0.42305991464449244.
[I 2026-03-10 23:58:51,356] Trial 1248 finished with value: 0.3782107782411575 and parameters: {'window_ms': 225, 'overlap': 0.65, 'freq_low_hz': 600, 'freq_high_hz': 1600}. Best is trial 318 with value: 0.42305991464449244.
[I 2026-03-10 23:58:52,106] Trial 1250 finished with value: 0.3700339332410197 and parameters: {'window_ms': 225, 'overlap': 0.65, 'freq_low_hz': 600, 'freq_high_hz': 1500}. Best is trial 318 with value: 0.42305991464449244.
[I 2026-03-10 23:58:54,178] Trial 1252 finished with value: 0.40952594668179976 and parameters: {'window_ms': 225, 'overlap': 0.6000000000000001, 'freq_low_hz': 1200, 'freq_high_hz': 1800}. Best is trial 318 with value: 0.42305991464449244.
[I 2026-03-10 23:58:54,682] Trial 1253 finished with value: 0.40952594668179976 and parameters: {'window_ms': 225, 'overlap': 0.6000000000000001, 'freq_low_hz': 1200, 'freq_high_hz': 1800}. Best is trial 318 with value: 0.42305991464449244.
[I 2026-03-10 23:58:56,065] Trial 1255 finished with value: 0.40952594668179976 and parameters: {'window_ms': 225, 'overlap': 0.6000000000000001, 'freq_low_hz': 1200, 'freq_high_hz': 1800}. Best is trial 318 with value: 0.42305991464449244.
[I 2026-03-10 23:58:56,941] Trial 1254 finished with value: 0.3661796665600156 and parameters: {'window_ms': 225, 'overlap': 0.6000000000000001, 'freq_low_hz': 600, 'freq_high_hz': 1500}. Best is trial 318 with value: 0.42305991464449244.
[I 2026-03-10 23:58:57,249] Trial 1258 finished with value: 0.4017007454888538 and parameters: {'window_ms': 220, 'overlap': 0.6000000000000001, 'freq_low_hz': 1200, 'freq_high_hz': 1800}. Best is trial 318 with value: 0.42305991464449244.
[I 2026-03-10 23:58:59,445] Trial 1257 finished with value: 0.39427674815654135 and parameters: {'window_ms': 250, 'overlap': 0.8500000000000001, 'freq_low_hz': 1200, 'freq_high_hz': 1800}. Best is trial 318 with value: 0.42305991464449244.
[I 2026-03-10 23:58:59,805] Trial 1260 finished with value: 0.3783243704629626 and parameters: {'window_ms': 235, 'overlap': 0.6000000000000001, 'freq_low_hz': 1200, 'freq_high_hz': 1800}. Best is trial 318 with value: 0.42305991464449244.
[I 2026-03-10 23:59:03,679] Trial 1256 finished with value: 0.36205665585039776 and parameters: {'window_ms': 235, 'overlap': 0.8500000000000001, 'freq_low_hz': 650, 'freq_high_hz': 1500}. Best is trial 318 with value: 0.42305991464449244.
[I 2026-03-10 23:59:04,199] Trial 1262 finished with value: 0.36665448826168084 and parameters: {'window_ms': 115, 'overlap': 0.8500000000000001, 'freq_low_hz': 1200, 'freq_high_hz': 1700}. Best is trial 318 with value: 0.42305991464449244.
[I 2026-03-10 23:59:05,514] Trial 1265 finished with value: 0.3834861122244705 and parameters: {'window_ms': 235, 'overlap': 0.65, 'freq_low_hz': 1200, 'freq_high_hz': 1700}. Best is trial 318 with value: 0.42305991464449244.
[I 2026-03-10 23:59:07,513] Trial 1263 finished with value: 0.3495715628978498 and parameters: {'window_ms': 235, 'overlap': 0.8500000000000001, 'freq_low_hz': 850, 'freq_high_hz': 1500}. Best is trial 318 with value: 0.42305991464449244.
[I 2026-03-10 23:59:08,854] Trial 1267 finished with value: 0.38318786617334477 and parameters: {'window_ms': 235, 'overlap': 0.65, 'freq_low_hz': 1150, 'freq_high_hz': 1650}. Best is trial 318 with value: 0.42305991464449244.
[I 2026-03-10 23:59:09,276] Trial 1259 finished with value: 0.357759079867047 and parameters: {'window_ms': 235, 'overlap': 0.8500000000000001, 'freq_low_hz': 500, 'freq_high_hz': 1500}. Best is trial 318 with value: 0.42305991464449244.
[I 2026-03-10 23:59:10,583] Trial 1268 finished with value: 0.38249171548096905 and parameters: {'window_ms': 235, 'overlap': 0.65, 'freq_low_hz': 1150, 'freq_high_hz': 1750}. Best is trial 318 with value: 0.42305991464449244.
[I 2026-03-10 23:59:11,355] Trial 1264 finished with value: 0.3551195561514728 and parameters: {'window_ms': 235, 'overlap': 0.65, 'freq_low_hz': 200, 'freq_high_hz': 1500}. Best is trial 318 with value: 0.42305991464449244.
[I 2026-03-10 23:59:14,425] Trial 1270 finished with value: 0.40744440724244635 and parameters: {'window_ms': 210, 'overlap': 0.65, 'freq_low_hz': 1150, 'freq_high_hz': 1650}. Best is trial 318 with value: 0.42305991464449244.
[I 2026-03-10 23:59:16,543] Trial 1261 finished with value: 0.3454529811547883 and parameters: {'window_ms': 235, 'overlap': 0.8500000000000001, 'freq_low_hz': 200, 'freq_high_hz': 1500}. Best is trial 318 with value: 0.42305991464449244.
[I 2026-03-10 23:59:19,508] Trial 1271 finished with value: 0.3654455130323542 and parameters: {'window_ms': 215, 'overlap': 0.65, 'freq_low_hz': 500, 'freq_high_hz': 1600}. Best is trial 318 with value: 0.42305991464449244.
[I 2026-03-10 23:59:21,142] Trial 1275 finished with value: 0.3834051905654093 and parameters: {'window_ms': 215, 'overlap': 0.65, 'freq_low_hz': 1150, 'freq_high_hz': 1650}. Best is trial 318 with value: 0.42305991464449244.
[I 2026-03-10 23:59:21,426] Trial 1276 finished with value: 0.4134802399784844 and parameters: {'window_ms': 220, 'overlap': 0.65, 'freq_low_hz': 1150, 'freq_high_hz': 1650}. Best is trial 318 with value: 0.42305991464449244.
[I 2026-03-10 23:59:24,348] Trial 1272 finished with value: 0.38163715477216364 and parameters: {'window_ms': 210, 'overlap': 0.65, 'freq_low_hz': 200, 'freq_high_hz': 1600}. Best is trial 318 with value: 0.42305991464449244.
[I 2026-03-10 23:59:24,938] Trial 1277 finished with value: 0.4123478308416643 and parameters: {'window_ms': 220, 'overlap': 0.65, 'freq_low_hz': 1200, 'freq_high_hz': 1700}. Best is trial 318 with value: 0.42305991464449244.
[I 2026-03-10 23:59:25,383] Trial 1274 finished with value: 0.3671266025543936 and parameters: {'window_ms': 220, 'overlap': 0.65, 'freq_low_hz': 200, 'freq_high_hz': 1600}. Best is trial 318 with value: 0.42305991464449244.
[I 2026-03-10 23:59:25,525] Trial 1273 finished with value: 0.3671266025543936 and parameters: {'window_ms': 220, 'overlap': 0.65, 'freq_low_hz': 200, 'freq_high_hz': 1600}. Best is trial 318 with value: 0.42305991464449244.
[I 2026-03-10 23:59:25,869] Trial 1269 finished with value: 0.36730015480987227 and parameters: {'window_ms': 235, 'overlap': 0.8, 'freq_low_hz': 200, 'freq_high_hz': 1600}. Best is trial 318 with value: 0.42305991464449244.
[I 2026-03-10 23:59:30,522] Trial 1279 finished with value: 0.38310805745718624 and parameters: {'window_ms': 220, 'overlap': 0.8, 'freq_low_hz': 1200, 'freq_high_hz': 1700}. Best is trial 318 with value: 0.42305991464449244.
[I 2026-03-10 23:59:31,246] Trial 1280 finished with value: 0.4123478308416643 and parameters: {'window_ms': 220, 'overlap': 0.65, 'freq_low_hz': 1200, 'freq_high_hz': 1700}. Best is trial 318 with value: 0.42305991464449244.
[I 2026-03-10 23:59:32,610] Trial 1281 finished with value: 0.38384819647576135 and parameters: {'window_ms': 245, 'overlap': 0.8, 'freq_low_hz': 1200, 'freq_high_hz': 1700}. Best is trial 318 with value: 0.42305991464449244.
[I 2026-03-10 23:59:34,476] Trial 1266 finished with value: 0.34693128128777295 and parameters: {'window_ms': 235, 'overlap': 0.8500000000000001, 'freq_low_hz': 500, 'freq_high_hz': 2900}. Best is trial 318 with value: 0.42305991464449244.
[I 2026-03-10 23:59:34,963] Trial 1282 finished with value: 0.40355287725513184 and parameters: {'window_ms': 245, 'overlap': 0.65, 'freq_low_hz': 1200, 'freq_high_hz': 1800}. Best is trial 318 with value: 0.42305991464449244.
[I 2026-03-10 23:59:35,685] Trial 1283 finished with value: 0.40355287725513184 and parameters: {'window_ms': 245, 'overlap': 0.65, 'freq_low_hz': 1200, 'freq_high_hz': 1800}. Best is trial 318 with value: 0.42305991464449244.
[I 2026-03-10 23:59:36,244] Trial 1286 finished with value: 0.40355287725513184 and parameters: {'window_ms': 245, 'overlap': 0.65, 'freq_low_hz': 1200, 'freq_high_hz': 1800}. Best is trial 318 with value: 0.42305991464449244.
[I 2026-03-10 23:59:37,698] Trial 1278 finished with value: 0.3468878781826718 and parameters: {'window_ms': 220, 'overlap': 0.65, 'freq_low_hz': 450, 'freq_high_hz': 2900}. Best is trial 318 with value: 0.42305991464449244.
[I 2026-03-10 23:59:40,084] Trial 1284 finished with value: 0.3652321002646502 and parameters: {'window_ms': 250, 'overlap': 0.65, 'freq_low_hz': 300, 'freq_high_hz': 1600}. Best is trial 318 with value: 0.42305991464449244.
[I 2026-03-10 23:59:40,349] Trial 1287 finished with value: 0.40355287725513184 and parameters: {'window_ms': 245, 'overlap': 0.65, 'freq_low_hz': 1200, 'freq_high_hz': 1800}. Best is trial 318 with value: 0.42305991464449244.
[I 2026-03-10 23:59:41,876] Trial 1285 finished with value: 0.35976367168155 and parameters: {'window_ms': 245, 'overlap': 0.65, 'freq_low_hz': 1200, 'freq_high_hz': 2900}. Best is trial 318 with value: 0.42305991464449244.
[I 2026-03-10 23:59:43,971] Trial 1288 finished with value: 0.3639726653547715 and parameters: {'window_ms': 250, 'overlap': 0.65, 'freq_low_hz': 1100, 'freq_high_hz': 2100}. Best is trial 318 with value: 0.42305991464449244.
[I 2026-03-10 23:59:44,243] Trial 1289 finished with value: 0.37834396863732495 and parameters: {'window_ms': 250, 'overlap': 0.65, 'freq_low_hz': 1100, 'freq_high_hz': 2000}. Best is trial 318 with value: 0.42305991464449244.
[I 2026-03-10 23:59:45,547] Trial 1292 finished with value: 0.38278764192161063 and parameters: {'window_ms': 210, 'overlap': 0.6000000000000001, 'freq_low_hz': 1150, 'freq_high_hz': 1850}. Best is trial 318 with value: 0.42305991464449244.
[I 2026-03-10 23:59:45,946] Trial 1293 finished with value: 0.37928095898716374 and parameters: {'window_ms': 230, 'overlap': 0.6000000000000001, 'freq_low_hz': 1150, 'freq_high_hz': 1950}. Best is trial 318 with value: 0.42305991464449244.
[I 2026-03-10 23:59:46,654] Trial 1291 finished with value: 0.36369488448029974 and parameters: {'window_ms': 210, 'overlap': 0.65, 'freq_low_hz': 1100, 'freq_high_hz': 2100}. Best is trial 318 with value: 0.42305991464449244.
[I 2026-03-10 23:59:46,904] Trial 1290 finished with value: 0.3477398431013345 and parameters: {'window_ms': 10, 'overlap': 0.65, 'freq_low_hz': 1100, 'freq_high_hz': 2100}. Best is trial 318 with value: 0.42305991464449244.
[I 2026-03-10 23:59:48,795] Trial 1294 finished with value: 0.3778618934201715 and parameters: {'window_ms': 210, 'overlap': 0.6000000000000001, 'freq_low_hz': 1100, 'freq_high_hz': 2000}. Best is trial 318 with value: 0.42305991464449244.
[I 2026-03-10 23:59:50,708] Trial 1295 finished with value: 0.37798326390096637 and parameters: {'window_ms': 210, 'overlap': 0.6000000000000001, 'freq_low_hz': 1150, 'freq_high_hz': 1950}. Best is trial 318 with value: 0.42305991464449244.
[I 2026-03-10 23:59:51,930] Trial 1296 finished with value: 0.36369488448029974 and parameters: {'window_ms': 210, 'overlap': 0.65, 'freq_low_hz': 1100, 'freq_high_hz': 2100}. Best is trial 318 with value: 0.42305991464449244.
[I 2026-03-10 23:59:52,213] Trial 1297 finished with value: 0.37798326390096637 and parameters: {'window_ms': 210, 'overlap': 0.6000000000000001, 'freq_low_hz': 1150, 'freq_high_hz': 1950}. Best is trial 318 with value: 0.42305991464449244.
[I 2026-03-10 23:59:54,368] Trial 1299 finished with value: 0.37798326390096637 and parameters: {'window_ms': 210, 'overlap': 0.6000000000000001, 'freq_low_hz': 1150, 'freq_high_hz': 1950}. Best is trial 318 with value: 0.42305991464449244.
[I 2026-03-10 23:59:55,720] Trial 1301 finished with value: 0.38278764192161063 and parameters: {'window_ms': 210, 'overlap': 0.6000000000000001, 'freq_low_hz': 1150, 'freq_high_hz': 1850}. Best is trial 318 with value: 0.42305991464449244.
[I 2026-03-10 23:59:55,792] Trial 1300 finished with value: 0.37928095898716374 and parameters: {'window_ms': 230, 'overlap': 0.6000000000000001, 'freq_low_hz': 1150, 'freq_high_hz': 1950}. Best is trial 318 with value: 0.42305991464449244.
[I 2026-03-10 23:59:57,042] Trial 1303 finished with value: 0.3762180105556339 and parameters: {'window_ms': 215, 'overlap': 0.6000000000000001, 'freq_low_hz': 1150, 'freq_high_hz': 1850}. Best is trial 318 with value: 0.42305991464449244.
[I 2026-03-10 23:59:59,600] Trial 1304 finished with value: 0.37968325289232313 and parameters: {'window_ms': 230, 'overlap': 0.7, 'freq_low_hz': 1150, 'freq_high_hz': 1850}. Best is trial 318 with value: 0.42305991464449244.
[I 2026-03-11 00:00:01,360] Trial 1305 finished with value: 0.37968325289232313 and parameters: {'window_ms': 230, 'overlap': 0.7, 'freq_low_hz': 1150, 'freq_high_hz': 1850}. Best is trial 318 with value: 0.42305991464449244.
[I 2026-03-11 00:00:02,639] Trial 1307 finished with value: 0.37968325289232313 and parameters: {'window_ms': 230, 'overlap': 0.7, 'freq_low_hz': 1150, 'freq_high_hz': 1850}. Best is trial 318 with value: 0.42305991464449244.
[I 2026-03-11 00:00:02,948] Trial 1306 finished with value: 0.37968325289232313 and parameters: {'window_ms': 230, 'overlap': 0.7, 'freq_low_hz': 1150, 'freq_high_hz': 1850}. Best is trial 318 with value: 0.42305991464449244.
[I 2026-03-11 00:00:04,030] Trial 1308 finished with value: 0.3835614977059212 and parameters: {'window_ms': 230, 'overlap': 0.7, 'freq_low_hz': 1200, 'freq_high_hz': 1700}. Best is trial 318 with value: 0.42305991464449244.
[I 2026-03-11 00:00:05,470] Trial 1309 finished with value: 0.3835614977059212 and parameters: {'window_ms': 230, 'overlap': 0.7, 'freq_low_hz': 1200, 'freq_high_hz': 1700}. Best is trial 318 with value: 0.42305991464449244.
[I 2026-03-11 00:00:05,695] Trial 1310 finished with value: 0.3829136323378674 and parameters: {'window_ms': 220, 'overlap': 0.7, 'freq_low_hz': 1200, 'freq_high_hz': 1700}. Best is trial 318 with value: 0.42305991464449244.
[I 2026-03-11 00:00:05,741] Trial 1302 finished with value: 0.35386693724787865 and parameters: {'window_ms': 230, 'overlap': 0.6000000000000001, 'freq_low_hz': 1150, 'freq_high_hz': 3850}. Best is trial 318 with value: 0.42305991464449244.
[I 2026-03-11 00:00:06,588] Trial 1311 finished with value: 0.3835614977059212 and parameters: {'window_ms': 230, 'overlap': 0.7, 'freq_low_hz': 1200, 'freq_high_hz': 1700}. Best is trial 318 with value: 0.42305991464449244.
[I 2026-03-11 00:00:09,027] Trial 1312 finished with value: 0.36695833910503145 and parameters: {'window_ms': 140, 'overlap': 0.7, 'freq_low_hz': 1200, 'freq_high_hz': 1700}. Best is trial 318 with value: 0.42305991464449244.
[I 2026-03-11 00:00:10,602] Trial 1313 finished with value: 0.4025158594858789 and parameters: {'window_ms': 240, 'overlap': 0.65, 'freq_low_hz': 1200, 'freq_high_hz': 1700}. Best is trial 318 with value: 0.42305991464449244.
[I 2026-03-11 00:00:11,652] Trial 1315 finished with value: 0.4025158594858789 and parameters: {'window_ms': 240, 'overlap': 0.65, 'freq_low_hz': 1200, 'freq_high_hz': 1700}. Best is trial 318 with value: 0.42305991464449244.
[I 2026-03-11 00:00:11,779] Trial 1314 finished with value: 0.4025158594858789 and parameters: {'window_ms': 240, 'overlap': 0.65, 'freq_low_hz': 1200, 'freq_high_hz': 1700}. Best is trial 318 with value: 0.42305991464449244.
[I 2026-03-11 00:00:13,001] Trial 1316 finished with value: 0.4025158594858789 and parameters: {'window_ms': 240, 'overlap': 0.65, 'freq_low_hz': 1200, 'freq_high_hz': 1700}. Best is trial 318 with value: 0.42305991464449244.
[I 2026-03-11 00:00:14,403] Trial 1317 finished with value: 0.4123478308416643 and parameters: {'window_ms': 220, 'overlap': 0.65, 'freq_low_hz': 1200, 'freq_high_hz': 1700}. Best is trial 318 with value: 0.42305991464449244.
[I 2026-03-11 00:00:14,942] Trial 1318 finished with value: 0.4025158594858789 and parameters: {'window_ms': 240, 'overlap': 0.65, 'freq_low_hz': 1200, 'freq_high_hz': 1700}. Best is trial 318 with value: 0.42305991464449244.
[I 2026-03-11 00:00:15,118] Trial 1319 finished with value: 0.4025158594858789 and parameters: {'window_ms': 240, 'overlap': 0.65, 'freq_low_hz': 1200, 'freq_high_hz': 1700}. Best is trial 318 with value: 0.42305991464449244.
[I 2026-03-11 00:00:16,068] Trial 1320 finished with value: 0.4025158594858789 and parameters: {'window_ms': 240, 'overlap': 0.65, 'freq_low_hz': 1200, 'freq_high_hz': 1700}. Best is trial 318 with value: 0.42305991464449244.
[I 2026-03-11 00:00:16,552] Trial 1298 finished with value: 0.3912517209051882 and parameters: {'window_ms': 210, 'overlap': 0.6000000000000001, 'freq_low_hz': 1150, 'freq_high_hz': 5850}. Best is trial 318 with value: 0.42305991464449244.
[I 2026-03-11 00:00:18,432] Trial 1321 finished with value: 0.4123478308416643 and parameters: {'window_ms': 220, 'overlap': 0.65, 'freq_low_hz': 1200, 'freq_high_hz': 1700}. Best is trial 318 with value: 0.42305991464449244.
[I 2026-03-11 00:00:21,316] Trial 1323 finished with value: 0.414949757177793 and parameters: {'window_ms': 220, 'overlap': 0.65, 'freq_low_hz': 1200, 'freq_high_hz': 1800}. Best is trial 318 with value: 0.42305991464449244.
[I 2026-03-11 00:00:22,449] Trial 1325 finished with value: 0.3944108947196035 and parameters: {'window_ms': 105, 'overlap': 0.65, 'freq_low_hz': 1200, 'freq_high_hz': 1800}. Best is trial 318 with value: 0.42305991464449244.
[I 2026-03-11 00:00:22,522] Trial 1322 finished with value: 0.37864017007073364 and parameters: {'window_ms': 220, 'overlap': 0.65, 'freq_low_hz': 550, 'freq_high_hz': 1500}. Best is trial 318 with value: 0.42305991464449244.
[I 2026-03-11 00:00:24,369] Trial 1326 finished with value: 0.40956090190401906 and parameters: {'window_ms': 215, 'overlap': 0.65, 'freq_low_hz': 1200, 'freq_high_hz': 1800}. Best is trial 318 with value: 0.42305991464449244.
[I 2026-03-11 00:00:25,299] Trial 1327 finished with value: 0.40956090190401906 and parameters: {'window_ms': 215, 'overlap': 0.65, 'freq_low_hz': 1200, 'freq_high_hz': 1800}. Best is trial 318 with value: 0.42305991464449244.
[I 2026-03-11 00:00:27,280] Trial 1328 finished with value: 0.39693833986552 and parameters: {'window_ms': 215, 'overlap': 0.65, 'freq_low_hz': 550, 'freq_high_hz': 1500}. Best is trial 318 with value: 0.42305991464449244.
[I 2026-03-11 00:00:27,703] Trial 1329 finished with value: 0.37887352786810424 and parameters: {'window_ms': 215, 'overlap': 0.65, 'freq_low_hz': 650, 'freq_high_hz': 1500}. Best is trial 318 with value: 0.42305991464449244.
[I 2026-03-11 00:00:29,167] Trial 1330 finished with value: 0.37864017007073364 and parameters: {'window_ms': 220, 'overlap': 0.65, 'freq_low_hz': 550, 'freq_high_hz': 1500}. Best is trial 318 with value: 0.42305991464449244.
[I 2026-03-11 00:00:31,861] Trial 1332 finished with value: 0.3860207728850932 and parameters: {'window_ms': 215, 'overlap': 0.65, 'freq_low_hz': 1200, 'freq_high_hz': 1900}. Best is trial 318 with value: 0.42305991464449244.
[I 2026-03-11 00:00:33,425] Trial 1333 finished with value: 0.3860207728850932 and parameters: {'window_ms': 215, 'overlap': 0.65, 'freq_low_hz': 1200, 'freq_high_hz': 1900}. Best is trial 318 with value: 0.42305991464449244.
