[I 2026-03-10 23:29:58,978] Trial 566 finished with value: 0.3796671769165572 and parameters: {'window_ms': 225, 'overlap': 0.55, 'freq_low_hz': 1200, 'freq_high_hz': 1900}. Best is trial 318 with value: 0.42305991464449244.
[I 2026-03-10 23:30:00,064] Trial 567 finished with value: 0.3796671769165572 and parameters: {'window_ms': 225, 'overlap': 0.55, 'freq_low_hz': 1200, 'freq_high_hz': 1900}. Best is trial 318 with value: 0.42305991464449244.
[I 2026-03-10 23:30:03,119] Trial 569 finished with value: 0.38245280091297373 and parameters: {'window_ms': 220, 'overlap': 0.55, 'freq_low_hz': 1200, 'freq_high_hz': 1700}. Best is trial 318 with value: 0.42305991464449244.
[I 2026-03-10 23:30:05,490] Trial 568 finished with value: 0.3967482063555072 and parameters: {'window_ms': 220, 'overlap': 0.55, 'freq_low_hz': 1200, 'freq_high_hz': 1900}. Best is trial 318 with value: 0.42305991464449244.
[I 2026-03-10 23:30:06,829] Trial 570 finished with value: 0.3967482063555072 and parameters: {'window_ms': 220, 'overlap': 0.55, 'freq_low_hz': 1200, 'freq_high_hz': 1900}. Best is trial 318 with value: 0.42305991464449244.
[I 2026-03-10 23:30:11,861] Trial 554 finished with value: 0.3719078190402585 and parameters: {'window_ms': 205, 'overlap': 0.6000000000000001, 'freq_low_hz': 1100, 'freq_high_hz': 5600}. Best is trial 318 with value: 0.42305991464449244.
[I 2026-03-10 23:30:13,167] Trial 571 finished with value: 0.3967482063555072 and parameters: {'window_ms': 220, 'overlap': 0.55, 'freq_low_hz': 1200, 'freq_high_hz': 1900}. Best is trial 318 with value: 0.42305991464449244.
[I 2026-03-10 23:30:13,837] Trial 572 finished with value: 0.3967482063555072 and parameters: {'window_ms': 220, 'overlap': 0.55, 'freq_low_hz': 1200, 'freq_high_hz': 1900}. Best is trial 318 with value: 0.42305991464449244.
[I 2026-03-10 23:30:19,773] Trial 575 finished with value: 0.38245280091297373 and parameters: {'window_ms': 220, 'overlap': 0.55, 'freq_low_hz': 1200, 'freq_high_hz': 1700}. Best is trial 318 with value: 0.42305991464449244.
[I 2026-03-10 23:30:21,387] Trial 574 finished with value: 0.38310805745718624 and parameters: {'window_ms': 220, 'overlap': 0.8, 'freq_low_hz': 1200, 'freq_high_hz': 1700}. Best is trial 318 with value: 0.42305991464449244.
[I 2026-03-10 23:30:22,612] Trial 576 finished with value: 0.3819353832494948 and parameters: {'window_ms': 185, 'overlap': 0.55, 'freq_low_hz': 1200, 'freq_high_hz': 1700}. Best is trial 318 with value: 0.42305991464449244.
[I 2026-03-10 23:30:27,563] Trial 577 finished with value: 0.40857649337103774 and parameters: {'window_ms': 195, 'overlap': 0.55, 'freq_low_hz': 1200, 'freq_high_hz': 1800}. Best is trial 318 with value: 0.42305991464449244.
[I 2026-03-10 23:30:29,685] Trial 579 finished with value: 0.40133504797162706 and parameters: {'window_ms': 210, 'overlap': 0.55, 'freq_low_hz': 1200, 'freq_high_hz': 1700}. Best is trial 318 with value: 0.42305991464449244.
[I 2026-03-10 23:30:32,613] Trial 580 finished with value: 0.38214258579107613 and parameters: {'window_ms': 185, 'overlap': 0.55, 'freq_low_hz': 1050, 'freq_high_hz': 1700}. Best is trial 318 with value: 0.42305991464449244.
[I 2026-03-10 23:30:34,271] Trial 581 finished with value: 0.382747845342289 and parameters: {'window_ms': 230, 'overlap': 0.65, 'freq_low_hz': 1200, 'freq_high_hz': 1700}. Best is trial 318 with value: 0.42305991464449244.
[I 2026-03-10 23:30:37,333] Trial 582 finished with value: 0.3736364558121254 and parameters: {'window_ms': 185, 'overlap': 0.35, 'freq_low_hz': 1150, 'freq_high_hz': 1750}. Best is trial 318 with value: 0.42305991464449244.
[I 2026-03-10 23:30:38,619] Trial 578 finished with value: 0.35533175000589284 and parameters: {'window_ms': 195, 'overlap': 0.55, 'freq_low_hz': 250, 'freq_high_hz': 1500}. Best is trial 318 with value: 0.42305991464449244.
[I 2026-03-10 23:30:41,345] Trial 584 finished with value: 0.3507647408622565 and parameters: {'window_ms': 230, 'overlap': 0.55, 'freq_low_hz': 1050, 'freq_high_hz': 1500}. Best is trial 318 with value: 0.42305991464449244.
[I 2026-03-10 23:30:43,056] Trial 583 finished with value: 0.3860864773341639 and parameters: {'window_ms': 185, 'overlap': 0.75, 'freq_low_hz': 1050, 'freq_high_hz': 1500}. Best is trial 318 with value: 0.42305991464449244.
[I 2026-03-10 23:30:47,671] Trial 585 finished with value: 0.3860864773341639 and parameters: {'window_ms': 185, 'overlap': 0.75, 'freq_low_hz': 1050, 'freq_high_hz': 1500}. Best is trial 318 with value: 0.42305991464449244.
[I 2026-03-10 23:30:49,561] Trial 586 finished with value: 0.37438164521248823 and parameters: {'window_ms': 210, 'overlap': 0.6000000000000001, 'freq_low_hz': 1150, 'freq_high_hz': 1750}. Best is trial 318 with value: 0.42305991464449244.
[I 2026-03-10 23:30:52,435] Trial 573 finished with value: 0.3535797485282694 and parameters: {'window_ms': 220, 'overlap': 0.55, 'freq_low_hz': 1200, 'freq_high_hz': 5000}. Best is trial 318 with value: 0.42305991464449244.
[I 2026-03-10 23:30:56,212] Trial 588 finished with value: 0.3800255111665105 and parameters: {'window_ms': 230, 'overlap': 0.3, 'freq_low_hz': 1150, 'freq_high_hz': 1850}. Best is trial 318 with value: 0.42305991464449244.
[I 2026-03-10 23:31:02,271] Trial 589 finished with value: 0.38278764192161063 and parameters: {'window_ms': 210, 'overlap': 0.6000000000000001, 'freq_low_hz': 1150, 'freq_high_hz': 1850}. Best is trial 318 with value: 0.42305991464449244.
[I 2026-03-10 23:31:09,177] Trial 590 finished with value: 0.38532473561045605 and parameters: {'window_ms': 230, 'overlap': 0.75, 'freq_low_hz': 1150, 'freq_high_hz': 1850}. Best is trial 318 with value: 0.42305991464449244.
[I 2026-03-10 23:31:09,811] Trial 593 finished with value: 0.3754474471213568 and parameters: {'window_ms': 210, 'overlap': 0.25, 'freq_low_hz': 1150, 'freq_high_hz': 1850}. Best is trial 318 with value: 0.42305991464449244.
[I 2026-03-10 23:31:11,446] Trial 544 finished with value: 0.3674810076727371 and parameters: {'window_ms': 225, 'overlap': 0.8500000000000001, 'freq_low_hz': 1200, 'freq_high_hz': 5600}. Best is trial 318 with value: 0.42305991464449244.
[I 2026-03-10 23:31:13,971] Trial 587 finished with value: 0.39306689013303986 and parameters: {'window_ms': 230, 'overlap': 0.65, 'freq_low_hz': 150, 'freq_high_hz': 1600}. Best is trial 318 with value: 0.42305991464449244.
[I 2026-03-10 23:31:17,795] Trial 592 finished with value: 0.3801190241889584 and parameters: {'window_ms': 210, 'overlap': 0.6000000000000001, 'freq_low_hz': 300, 'freq_high_hz': 1600}. Best is trial 318 with value: 0.42305991464449244.
[I 2026-03-10 23:31:29,631] Trial 598 finished with value: 0.3834051905654093 and parameters: {'window_ms': 215, 'overlap': 0.65, 'freq_low_hz': 1150, 'freq_high_hz': 1650}. Best is trial 318 with value: 0.42305991464449244.
[I 2026-03-10 23:31:29,762] Trial 599 finished with value: 0.3539842169240179 and parameters: {'window_ms': 55, 'overlap': 0.45, 'freq_low_hz': 100, 'freq_high_hz': 1600}. Best is trial 318 with value: 0.42305991464449244.
[I 2026-03-10 23:31:31,843] Trial 594 finished with value: 0.3690556619646481 and parameters: {'window_ms': 210, 'overlap': 0.6000000000000001, 'freq_low_hz': 100, 'freq_high_hz': 1600}. Best is trial 318 with value: 0.42305991464449244.
[I 2026-03-10 23:31:38,283] Trial 595 finished with value: 0.35342719515832366 and parameters: {'window_ms': 230, 'overlap': 0.3, 'freq_low_hz': 1150, 'freq_high_hz': 4150}. Best is trial 318 with value: 0.42305991464449244.
[I 2026-03-10 23:31:40,033] Trial 596 finished with value: 0.37000554316095136 and parameters: {'window_ms': 215, 'overlap': 0.6000000000000001, 'freq_low_hz': 150, 'freq_high_hz': 1600}. Best is trial 318 with value: 0.42305991464449244.
[I 2026-03-10 23:31:42,691] Trial 597 finished with value: 0.3603790836339476 and parameters: {'window_ms': 200, 'overlap': 0.65, 'freq_low_hz': 300, 'freq_high_hz': 1600}. Best is trial 318 with value: 0.42305991464449244.
[I 2026-03-10 23:31:51,293] Trial 603 finished with value: 0.40471575562340545 and parameters: {'window_ms': 200, 'overlap': 0.6000000000000001, 'freq_low_hz': 1200, 'freq_high_hz': 1800}. Best is trial 318 with value: 0.42305991464449244.
[I 2026-03-10 23:31:51,486] Trial 604 finished with value: 0.40948696084042213 and parameters: {'window_ms': 200, 'overlap': 0.7, 'freq_low_hz': 1200, 'freq_high_hz': 1800}. Best is trial 318 with value: 0.42305991464449244.
[I 2026-03-10 23:31:51,609] Trial 601 finished with value: 0.37669525447526314 and parameters: {'window_ms': 200, 'overlap': 0.6000000000000001, 'freq_low_hz': 100, 'freq_high_hz': 1600}. Best is trial 318 with value: 0.42305991464449244.
[I 2026-03-10 23:31:54,638] Trial 600 finished with value: 0.38349339488287365 and parameters: {'window_ms': 200, 'overlap': 0.65, 'freq_low_hz': 100, 'freq_high_hz': 1600}. Best is trial 318 with value: 0.42305991464449244.
[I 2026-03-10 23:31:55,226] Trial 605 finished with value: 0.40772687442739974 and parameters: {'window_ms': 195, 'overlap': 0.8, 'freq_low_hz': 1200, 'freq_high_hz': 1800}. Best is trial 318 with value: 0.42305991464449244.
[I 2026-03-10 23:31:58,957] Trial 606 finished with value: 0.4094301968375187 and parameters: {'window_ms': 200, 'overlap': 0.55, 'freq_low_hz': 1200, 'freq_high_hz': 1800}. Best is trial 318 with value: 0.42305991464449244.
[I 2026-03-10 23:31:59,098] Trial 591 finished with value: 0.36093271152385326 and parameters: {'window_ms': 210, 'overlap': 0.75, 'freq_low_hz': 1150, 'freq_high_hz': 4150}. Best is trial 318 with value: 0.42305991464449244.
[I 2026-03-10 23:32:05,937] Trial 602 finished with value: 0.3637501362359197 and parameters: {'window_ms': 215, 'overlap': 0.7, 'freq_low_hz': 100, 'freq_high_hz': 2100}. Best is trial 318 with value: 0.42305991464449244.
[I 2026-03-10 23:32:10,331] Trial 609 finished with value: 0.40857649337103774 and parameters: {'window_ms': 195, 'overlap': 0.55, 'freq_low_hz': 1200, 'freq_high_hz': 1800}. Best is trial 318 with value: 0.42305991464449244.
[I 2026-03-10 23:32:15,463] Trial 611 finished with value: 0.36360151527716456 and parameters: {'window_ms': 195, 'overlap': 0.55, 'freq_low_hz': 1100, 'freq_high_hz': 2100}. Best is trial 318 with value: 0.42305991464449244.
[I 2026-03-10 23:32:16,906] Trial 610 finished with value: 0.36376835516997247 and parameters: {'window_ms': 195, 'overlap': 0.55, 'freq_low_hz': 1150, 'freq_high_hz': 2050}. Best is trial 318 with value: 0.42305991464449244.
[I 2026-03-10 23:32:17,315] Trial 613 finished with value: 0.363736453861474 and parameters: {'window_ms': 190, 'overlap': 0.55, 'freq_low_hz': 1100, 'freq_high_hz': 2100}. Best is trial 318 with value: 0.42305991464449244.
[I 2026-03-10 23:32:18,349] Trial 608 finished with value: 0.3454704499032471 and parameters: {'window_ms': 195, 'overlap': 0.55, 'freq_low_hz': 1200, 'freq_high_hz': 3100}. Best is trial 318 with value: 0.42305991464449244.
[I 2026-03-10 23:32:19,395] Trial 614 finished with value: 0.3634967376663215 and parameters: {'window_ms': 190, 'overlap': 0.5, 'freq_low_hz': 1100, 'freq_high_hz': 2100}. Best is trial 318 with value: 0.42305991464449244.
[I 2026-03-10 23:32:22,018] Trial 612 finished with value: 0.3636906367660128 and parameters: {'window_ms': 215, 'overlap': 0.55, 'freq_low_hz': 1100, 'freq_high_hz': 2100}. Best is trial 318 with value: 0.42305991464449244.
[I 2026-03-10 23:32:22,806] Trial 615 finished with value: 0.3638879693485255 and parameters: {'window_ms': 190, 'overlap': 0.5, 'freq_low_hz': 1100, 'freq_high_hz': 2000}. Best is trial 318 with value: 0.42305991464449244.
[I 2026-03-10 23:32:26,406] Trial 607 finished with value: 0.3541353008242436 and parameters: {'window_ms': 145, 'overlap': 0.7, 'freq_low_hz': 850, 'freq_high_hz': 3100}. Best is trial 318 with value: 0.42305991464449244.
[I 2026-03-10 23:32:30,309] Trial 616 finished with value: 0.391656025962176 and parameters: {'window_ms': 190, 'overlap': 0.55, 'freq_low_hz': 1100, 'freq_high_hz': 2000}. Best is trial 318 with value: 0.42305991464449244.
[I 2026-03-10 23:32:30,798] Trial 617 finished with value: 0.3917829863120797 and parameters: {'window_ms': 225, 'overlap': 0.5, 'freq_low_hz': 1000, 'freq_high_hz': 2000}. Best is trial 318 with value: 0.42305991464449244.
[I 2026-03-10 23:32:35,229] Trial 618 finished with value: 0.3638079419116954 and parameters: {'window_ms': 190, 'overlap': 0.5, 'freq_low_hz': 1000, 'freq_high_hz': 2000}. Best is trial 318 with value: 0.42305991464449244.
[I 2026-03-10 23:32:35,805] Trial 620 finished with value: 0.35313513352354436 and parameters: {'window_ms': 170, 'overlap': 0.5, 'freq_low_hz': 1000, 'freq_high_hz': 1900}. Best is trial 318 with value: 0.42305991464449244.
[I 2026-03-10 23:32:38,241] Trial 621 finished with value: 0.3776023586156254 and parameters: {'window_ms': 165, 'overlap': 0.5, 'freq_low_hz': 1150, 'freq_high_hz': 1950}. Best is trial 318 with value: 0.42305991464449244.
[I 2026-03-10 23:32:38,835] Trial 619 finished with value: 0.37784103846926753 and parameters: {'window_ms': 220, 'overlap': 0.5, 'freq_low_hz': 950, 'freq_high_hz': 1900}. Best is trial 318 with value: 0.42305991464449244.
[I 2026-03-10 23:32:40,200] Trial 622 finished with value: 0.3787560192844198 and parameters: {'window_ms': 220, 'overlap': 0.5, 'freq_low_hz': 1000, 'freq_high_hz': 1900}. Best is trial 318 with value: 0.42305991464449244.
[I 2026-03-10 23:32:42,837] Trial 623 finished with value: 0.39273972612215535 and parameters: {'window_ms': 225, 'overlap': 0.5, 'freq_low_hz': 1000, 'freq_high_hz': 1900}. Best is trial 318 with value: 0.42305991464449244.
[I 2026-03-10 23:32:44,190] Trial 624 finished with value: 0.39214644740455723 and parameters: {'window_ms': 225, 'overlap': 0.5, 'freq_low_hz': 1150, 'freq_high_hz': 1950}. Best is trial 318 with value: 0.42305991464449244.
[I 2026-03-10 23:32:47,183] Trial 625 finished with value: 0.3781485701185695 and parameters: {'window_ms': 220, 'overlap': 0.5, 'freq_low_hz': 1150, 'freq_high_hz': 1950}. Best is trial 318 with value: 0.42305991464449244.
[I 2026-03-10 23:32:48,657] Trial 626 finished with value: 0.3816654340660009 and parameters: {'window_ms': 220, 'overlap': 0.6000000000000001, 'freq_low_hz': 1150, 'freq_high_hz': 1750}. Best is trial 318 with value: 0.42305991464449244.
[I 2026-03-10 23:32:55,310] Trial 629 finished with value: 0.3816654340660009 and parameters: {'window_ms': 220, 'overlap': 0.6000000000000001, 'freq_low_hz': 1150, 'freq_high_hz': 1750}. Best is trial 318 with value: 0.42305991464449244.
[I 2026-03-10 23:32:57,838] Trial 631 finished with value: 0.3816654340660009 and parameters: {'window_ms': 220, 'overlap': 0.6000000000000001, 'freq_low_hz': 1150, 'freq_high_hz': 1750}. Best is trial 318 with value: 0.42305991464449244.
[I 2026-03-10 23:32:58,918] Trial 630 finished with value: 0.3816654340660009 and parameters: {'window_ms': 220, 'overlap': 0.6000000000000001, 'freq_low_hz': 1150, 'freq_high_hz': 1750}. Best is trial 318 with value: 0.42305991464449244.
[I 2026-03-10 23:33:00,261] Trial 632 finished with value: 0.37620712621047686 and parameters: {'window_ms': 235, 'overlap': 0.6000000000000001, 'freq_low_hz': 1150, 'freq_high_hz': 1750}. Best is trial 318 with value: 0.42305991464449244.
[I 2026-03-10 23:33:00,836] Trial 628 finished with value: 0.37501945871537945 and parameters: {'window_ms': 220, 'overlap': 0.6000000000000001, 'freq_low_hz': 950, 'freq_high_hz': 1900}. Best is trial 318 with value: 0.42305991464449244.
[I 2026-03-10 23:33:04,007] Trial 635 finished with value: 0.38042183569024995 and parameters: {'window_ms': 120, 'overlap': 0.6000000000000001, 'freq_low_hz': 1200, 'freq_high_hz': 1700}. Best is trial 318 with value: 0.42305991464449244.
[I 2026-03-10 23:33:05,571] Trial 634 finished with value: 0.37620712621047686 and parameters: {'window_ms': 235, 'overlap': 0.6000000000000001, 'freq_low_hz': 1150, 'freq_high_hz': 1750}. Best is trial 318 with value: 0.42305991464449244.
[I 2026-03-10 23:33:06,374] Trial 627 finished with value: 0.36126014168425785 and parameters: {'window_ms': 220, 'overlap': 0.6000000000000001, 'freq_low_hz': 1150, 'freq_high_hz': 2650}. Best is trial 318 with value: 0.42305991464449244.
[I 2026-03-10 23:33:08,914] Trial 636 finished with value: 0.41032680238681346 and parameters: {'window_ms': 235, 'overlap': 0.55, 'freq_low_hz': 1200, 'freq_high_hz': 1700}. Best is trial 318 with value: 0.42305991464449244.
[I 2026-03-10 23:33:13,469] Trial 637 finished with value: 0.41032680238681346 and parameters: {'window_ms': 235, 'overlap': 0.55, 'freq_low_hz': 1200, 'freq_high_hz': 1700}. Best is trial 318 with value: 0.42305991464449244.
[I 2026-03-10 23:33:14,505] Trial 638 finished with value: 0.41032680238681346 and parameters: {'window_ms': 235, 'overlap': 0.55, 'freq_low_hz': 1200, 'freq_high_hz': 1700}. Best is trial 318 with value: 0.42305991464449244.
[I 2026-03-10 23:33:17,475] Trial 639 finished with value: 0.41032680238681346 and parameters: {'window_ms': 235, 'overlap': 0.55, 'freq_low_hz': 1200, 'freq_high_hz': 1700}. Best is trial 318 with value: 0.42305991464449244.
[I 2026-03-10 23:33:17,873] Trial 640 finished with value: 0.3997354241381937 and parameters: {'window_ms': 215, 'overlap': 0.55, 'freq_low_hz': 1200, 'freq_high_hz': 1700}. Best is trial 318 with value: 0.42305991464449244.
[I 2026-03-10 23:33:18,671] Trial 641 finished with value: 0.4102309441120323 and parameters: {'window_ms': 230, 'overlap': 0.55, 'freq_low_hz': 1200, 'freq_high_hz': 1700}. Best is trial 318 with value: 0.42305991464449244.
[I 2026-03-10 23:33:21,393] Trial 642 finished with value: 0.4057109812404548 and parameters: {'window_ms': 210, 'overlap': 0.55, 'freq_low_hz': 1200, 'freq_high_hz': 1800}. Best is trial 318 with value: 0.42305991464449244.
[I 2026-03-10 23:33:24,062] Trial 644 finished with value: 0.4057109812404548 and parameters: {'window_ms': 210, 'overlap': 0.55, 'freq_low_hz': 1200, 'freq_high_hz': 1800}. Best is trial 318 with value: 0.42305991464449244.
[I 2026-03-10 23:33:26,862] Trial 643 finished with value: 0.40383578019927646 and parameters: {'window_ms': 180, 'overlap': 0.55, 'freq_low_hz': 1200, 'freq_high_hz': 1800}. Best is trial 318 with value: 0.42305991464449244.
[I 2026-03-10 23:33:29,114] Trial 645 finished with value: 0.40383578019927646 and parameters: {'window_ms': 180, 'overlap': 0.55, 'freq_low_hz': 1200, 'freq_high_hz': 1800}. Best is trial 318 with value: 0.42305991464449244.
[I 2026-03-10 23:33:37,610] Trial 647 finished with value: 0.41373624988795765 and parameters: {'window_ms': 215, 'overlap': 0.55, 'freq_low_hz': 1200, 'freq_high_hz': 1800}. Best is trial 318 with value: 0.42305991464449244.
[I 2026-03-10 23:33:47,814] Trial 651 finished with value: 0.37919430665223164 and parameters: {'window_ms': 215, 'overlap': 0.4, 'freq_low_hz': 650, 'freq_high_hz': 1900}. Best is trial 318 with value: 0.42305991464449244.
[I 2026-03-10 23:33:47,887] Trial 653 finished with value: 0.4020257813162919 and parameters: {'window_ms': 215, 'overlap': 0.4, 'freq_low_hz': 1150, 'freq_high_hz': 1850}. Best is trial 318 with value: 0.42305991464449244.
[I 2026-03-10 23:33:50,942] Trial 650 finished with value: 0.36583098756175186 and parameters: {'window_ms': 210, 'overlap': 0.55, 'freq_low_hz': 500, 'freq_high_hz': 1900}. Best is trial 318 with value: 0.42305991464449244.
[I 2026-03-10 23:33:51,473] Trial 654 finished with value: 0.38404914926203243 and parameters: {'window_ms': 215, 'overlap': 0.55, 'freq_low_hz': 1150, 'freq_high_hz': 1850}. Best is trial 318 with value: 0.42305991464449244.
[I 2026-03-10 23:33:57,006] Trial 652 finished with value: 0.3663750154423645 and parameters: {'window_ms': 215, 'overlap': 0.55, 'freq_low_hz': 650, 'freq_high_hz': 1900}. Best is trial 318 with value: 0.42305991464449244.
[I 2026-03-10 23:34:01,038] Trial 648 finished with value: 0.366982509839139 and parameters: {'window_ms': 210, 'overlap': 0.8, 'freq_low_hz': 650, 'freq_high_hz': 1900}. Best is trial 318 with value: 0.42305991464449244.
[I 2026-03-10 23:34:04,634] Trial 633 finished with value: 0.4064176636149851 and parameters: {'window_ms': 215, 'overlap': 0.6000000000000001, 'freq_low_hz': 1150, 'freq_high_hz': 5950}. Best is trial 318 with value: 0.42305991464449244.
[I 2026-03-10 23:34:06,036] Trial 655 finished with value: 0.3839475853430483 and parameters: {'window_ms': 210, 'overlap': 0.8, 'freq_low_hz': 1150, 'freq_high_hz': 1850}. Best is trial 318 with value: 0.42305991464449244.
[I 2026-03-10 23:34:07,458] Trial 657 finished with value: 0.4104799549788085 and parameters: {'window_ms': 210, 'overlap': 0.45, 'freq_low_hz': 1150, 'freq_high_hz': 1850}. Best is trial 318 with value: 0.42305991464449244.
[I 2026-03-10 23:34:07,755] Trial 646 finished with value: 0.35380975055789593 and parameters: {'window_ms': 210, 'overlap': 0.55, 'freq_low_hz': 1200, 'freq_high_hz': 4600}. Best is trial 318 with value: 0.42305991464449244.
[I 2026-03-10 23:34:07,800] Trial 658 finished with value: 0.40433996240879516 and parameters: {'window_ms': 205, 'overlap': 0.35, 'freq_low_hz': 1150, 'freq_high_hz': 1650}. Best is trial 318 with value: 0.42305991464449244.
[I 2026-03-10 23:34:14,619] Trial 656 finished with value: 0.3839475853430483 and parameters: {'window_ms': 210, 'overlap': 0.8, 'freq_low_hz': 1150, 'freq_high_hz': 1850}. Best is trial 318 with value: 0.42305991464449244.
[I 2026-03-10 23:34:17,193] Trial 660 finished with value: 0.38334920371067366 and parameters: {'window_ms': 205, 'overlap': 0.65, 'freq_low_hz': 1150, 'freq_high_hz': 1650}. Best is trial 318 with value: 0.42305991464449244.
[I 2026-03-10 23:34:18,727] Trial 649 finished with value: 0.38981908662186376 and parameters: {'window_ms': 180, 'overlap': 0.35, 'freq_low_hz': 1200, 'freq_high_hz': 6000}. Best is trial 318 with value: 0.42305991464449244.
