[I 2026-03-10 23:44:11,430] Trial 854 finished with value: 0.39515730773611213 and parameters: {'window_ms': 175, 'overlap': 0.9, 'freq_low_hz': 1200, 'freq_high_hz': 1900}. Best is trial 318 with value: 0.42305991464449244.
[I 2026-03-10 23:44:22,441] Trial 852 finished with value: 0.39216089060011056 and parameters: {'window_ms': 230, 'overlap': 0.9, 'freq_low_hz': 1200, 'freq_high_hz': 1900}. Best is trial 318 with value: 0.42305991464449244.
[I 2026-03-10 23:44:27,278] Trial 851 finished with value: 0.36898005745852386 and parameters: {'window_ms': 230, 'overlap': 0.9, 'freq_low_hz': 500, 'freq_high_hz': 1500}. Best is trial 318 with value: 0.42305991464449244.
[I 2026-03-10 23:44:29,307] Trial 856 finished with value: 0.39515730773611213 and parameters: {'window_ms': 175, 'overlap': 0.9, 'freq_low_hz': 1200, 'freq_high_hz': 1900}. Best is trial 318 with value: 0.42305991464449244.
[I 2026-03-10 23:44:30,933] Trial 853 finished with value: 0.39216089060011056 and parameters: {'window_ms': 230, 'overlap': 0.9, 'freq_low_hz': 1200, 'freq_high_hz': 1900}. Best is trial 318 with value: 0.42305991464449244.
[I 2026-03-10 23:44:33,895] Trial 857 finished with value: 0.40863961225326284 and parameters: {'window_ms': 230, 'overlap': 0.9, 'freq_low_hz': 1200, 'freq_high_hz': 1800}. Best is trial 318 with value: 0.42305991464449244.
[I 2026-03-10 23:44:44,112] Trial 860 finished with value: 0.3835781193988847 and parameters: {'window_ms': 210, 'overlap': 0.9, 'freq_low_hz': 1200, 'freq_high_hz': 1800}. Best is trial 318 with value: 0.42305991464449244.
[I 2026-03-10 23:44:45,387] Trial 861 finished with value: 0.4095044696945684 and parameters: {'window_ms': 210, 'overlap': 0.6000000000000001, 'freq_low_hz': 1200, 'freq_high_hz': 1800}. Best is trial 318 with value: 0.42305991464449244.
[I 2026-03-10 23:44:46,239] Trial 859 finished with value: 0.40863961225326284 and parameters: {'window_ms': 230, 'overlap': 0.9, 'freq_low_hz': 1200, 'freq_high_hz': 1800}. Best is trial 318 with value: 0.42305991464449244.
[I 2026-03-10 23:44:51,603] Trial 863 finished with value: 0.40273684281919053 and parameters: {'window_ms': 210, 'overlap': 0.65, 'freq_low_hz': 1200, 'freq_high_hz': 1800}. Best is trial 318 with value: 0.42305991464449244.
[I 2026-03-10 23:44:58,410] Trial 864 finished with value: 0.38345396493272543 and parameters: {'window_ms': 210, 'overlap': 0.8500000000000001, 'freq_low_hz': 1150, 'freq_high_hz': 1650}. Best is trial 318 with value: 0.42305991464449244.
[I 2026-03-10 23:45:01,872] Trial 865 finished with value: 0.38345396493272543 and parameters: {'window_ms': 210, 'overlap': 0.8500000000000001, 'freq_low_hz': 1150, 'freq_high_hz': 1650}. Best is trial 318 with value: 0.42305991464449244.
[I 2026-03-10 23:45:08,850] Trial 867 finished with value: 0.4134802399784844 and parameters: {'window_ms': 220, 'overlap': 0.65, 'freq_low_hz': 1150, 'freq_high_hz': 1650}. Best is trial 318 with value: 0.42305991464449244.
[I 2026-03-10 23:45:11,188] Trial 869 finished with value: 0.3805458269358133 and parameters: {'window_ms': 220, 'overlap': 0.35, 'freq_low_hz': 1150, 'freq_high_hz': 1650}. Best is trial 318 with value: 0.42305991464449244.
[I 2026-03-10 23:45:14,314] Trial 862 finished with value: 0.40863961225326284 and parameters: {'window_ms': 230, 'overlap': 0.9, 'freq_low_hz': 1200, 'freq_high_hz': 1800}. Best is trial 318 with value: 0.42305991464449244.
[I 2026-03-10 23:45:18,492] Trial 866 finished with value: 0.36526107217355147 and parameters: {'window_ms': 210, 'overlap': 0.65, 'freq_low_hz': 550, 'freq_high_hz': 1600}. Best is trial 318 with value: 0.42305991464449244.
[I 2026-03-10 23:45:23,117] Trial 870 finished with value: 0.34147817812023207 and parameters: {'window_ms': 220, 'overlap': 0.35, 'freq_low_hz': 600, 'freq_high_hz': 1500}. Best is trial 318 with value: 0.42305991464449244.
[I 2026-03-10 23:45:25,983] Trial 868 finished with value: 0.36868509069837757 and parameters: {'window_ms': 210, 'overlap': 0.65, 'freq_low_hz': 300, 'freq_high_hz': 1500}. Best is trial 318 with value: 0.42305991464449244.
[I 2026-03-10 23:45:32,079] Trial 872 finished with value: 0.4134802399784844 and parameters: {'window_ms': 220, 'overlap': 0.65, 'freq_low_hz': 1150, 'freq_high_hz': 1650}. Best is trial 318 with value: 0.42305991464449244.
[I 2026-03-10 23:45:33,192] Trial 871 finished with value: 0.34584745268359746 and parameters: {'window_ms': 140, 'overlap': 0.35, 'freq_low_hz': 1150, 'freq_high_hz': 2850}. Best is trial 318 with value: 0.42305991464449244.
[I 2026-03-10 23:45:34,266] Trial 833 finished with value: 0.35351658171705225 and parameters: {'window_ms': 160, 'overlap': 0.9, 'freq_low_hz': 1200, 'freq_high_hz': 5100}. Best is trial 318 with value: 0.42305991464449244.
[I 2026-03-10 23:45:35,508] Trial 873 finished with value: 0.4134802399784844 and parameters: {'window_ms': 220, 'overlap': 0.65, 'freq_low_hz': 1150, 'freq_high_hz': 1650}. Best is trial 318 with value: 0.42305991464449244.
[I 2026-03-10 23:45:35,958] Trial 874 finished with value: 0.4134802399784844 and parameters: {'window_ms': 220, 'overlap': 0.65, 'freq_low_hz': 1150, 'freq_high_hz': 1650}. Best is trial 318 with value: 0.42305991464449244.
[I 2026-03-10 23:45:42,298] Trial 876 finished with value: 0.4134802399784844 and parameters: {'window_ms': 220, 'overlap': 0.65, 'freq_low_hz': 1150, 'freq_high_hz': 1650}. Best is trial 318 with value: 0.42305991464449244.
[I 2026-03-10 23:45:43,542] Trial 875 finished with value: 0.38418475692578785 and parameters: {'window_ms': 215, 'overlap': 0.7, 'freq_low_hz': 1150, 'freq_high_hz': 1650}. Best is trial 318 with value: 0.42305991464449244.
[I 2026-03-10 23:45:47,568] Trial 877 finished with value: 0.4134802399784844 and parameters: {'window_ms': 220, 'overlap': 0.65, 'freq_low_hz': 1150, 'freq_high_hz': 1650}. Best is trial 318 with value: 0.42305991464449244.
[I 2026-03-10 23:45:54,075] Trial 882 finished with value: 0.4123478308416643 and parameters: {'window_ms': 220, 'overlap': 0.65, 'freq_low_hz': 1200, 'freq_high_hz': 1700}. Best is trial 318 with value: 0.42305991464449244.
[I 2026-03-10 23:45:54,381] Trial 880 finished with value: 0.4112513456189858 and parameters: {'window_ms': 220, 'overlap': 0.7, 'freq_low_hz': 1150, 'freq_high_hz': 1650}. Best is trial 318 with value: 0.42305991464449244.
[I 2026-03-10 23:45:54,946] Trial 879 finished with value: 0.4134802399784844 and parameters: {'window_ms': 220, 'overlap': 0.65, 'freq_low_hz': 1150, 'freq_high_hz': 1650}. Best is trial 318 with value: 0.42305991464449244.
[I 2026-03-10 23:45:58,680] Trial 881 finished with value: 0.4112513456189858 and parameters: {'window_ms': 220, 'overlap': 0.7, 'freq_low_hz': 1150, 'freq_high_hz': 1650}. Best is trial 318 with value: 0.42305991464449244.
[I 2026-03-10 23:46:01,898] Trial 883 finished with value: 0.4123478308416643 and parameters: {'window_ms': 220, 'overlap': 0.65, 'freq_low_hz': 1200, 'freq_high_hz': 1700}. Best is trial 318 with value: 0.42305991464449244.
[I 2026-03-10 23:46:04,806] Trial 884 finished with value: 0.4123478308416643 and parameters: {'window_ms': 220, 'overlap': 0.65, 'freq_low_hz': 1200, 'freq_high_hz': 1700}. Best is trial 318 with value: 0.42305991464449244.
[I 2026-03-10 23:46:07,083] Trial 885 finished with value: 0.4123478308416643 and parameters: {'window_ms': 220, 'overlap': 0.65, 'freq_low_hz': 1200, 'freq_high_hz': 1700}. Best is trial 318 with value: 0.42305991464449244.
[I 2026-03-10 23:46:09,359] Trial 878 finished with value: 0.33218986999345235 and parameters: {'window_ms': 220, 'overlap': 0.65, 'freq_low_hz': 1150, 'freq_high_hz': 2750}. Best is trial 318 with value: 0.42305991464449244.
[I 2026-03-10 23:46:11,522] Trial 887 finished with value: 0.4123478308416643 and parameters: {'window_ms': 220, 'overlap': 0.65, 'freq_low_hz': 1200, 'freq_high_hz': 1700}. Best is trial 318 with value: 0.42305991464449244.
[I 2026-03-10 23:46:12,074] Trial 886 finished with value: 0.4123478308416643 and parameters: {'window_ms': 220, 'overlap': 0.65, 'freq_low_hz': 1200, 'freq_high_hz': 1700}. Best is trial 318 with value: 0.42305991464449244.
[I 2026-03-10 23:46:16,578] Trial 889 finished with value: 0.37091124101192674 and parameters: {'window_ms': 225, 'overlap': 0.65, 'freq_low_hz': 1150, 'freq_high_hz': 1550}. Best is trial 318 with value: 0.42305991464449244.
[I 2026-03-10 23:46:17,718] Trial 888 finished with value: 0.4091921035999714 and parameters: {'window_ms': 225, 'overlap': 0.65, 'freq_low_hz': 1150, 'freq_high_hz': 1650}. Best is trial 318 with value: 0.42305991464449244.
[I 2026-03-10 23:46:22,446] Trial 890 finished with value: 0.37091124101192674 and parameters: {'window_ms': 225, 'overlap': 0.65, 'freq_low_hz': 1150, 'freq_high_hz': 1550}. Best is trial 318 with value: 0.42305991464449244.
[I 2026-03-10 23:46:24,042] Trial 891 finished with value: 0.37091124101192674 and parameters: {'window_ms': 225, 'overlap': 0.65, 'freq_low_hz': 1150, 'freq_high_hz': 1550}. Best is trial 318 with value: 0.42305991464449244.
[I 2026-03-10 23:46:25,954] Trial 892 finished with value: 0.37091124101192674 and parameters: {'window_ms': 225, 'overlap': 0.65, 'freq_low_hz': 1150, 'freq_high_hz': 1550}. Best is trial 318 with value: 0.42305991464449244.
[I 2026-03-10 23:46:28,680] Trial 893 finished with value: 0.4091921035999714 and parameters: {'window_ms': 225, 'overlap': 0.65, 'freq_low_hz': 1150, 'freq_high_hz': 1650}. Best is trial 318 with value: 0.42305991464449244.
[I 2026-03-10 23:46:29,860] Trial 895 finished with value: 0.37091124101192674 and parameters: {'window_ms': 225, 'overlap': 0.65, 'freq_low_hz': 1150, 'freq_high_hz': 1550}. Best is trial 318 with value: 0.42305991464449244.
[I 2026-03-10 23:46:34,766] Trial 896 finished with value: 0.37091124101192674 and parameters: {'window_ms': 225, 'overlap': 0.65, 'freq_low_hz': 1150, 'freq_high_hz': 1550}. Best is trial 318 with value: 0.42305991464449244.
[I 2026-03-10 23:46:37,651] Trial 897 finished with value: 0.35756454031106927 and parameters: {'window_ms': 225, 'overlap': 0.65, 'freq_low_hz': 1100, 'freq_high_hz': 1500}. Best is trial 318 with value: 0.42305991464449244.
[I 2026-03-10 23:46:40,954] Trial 898 finished with value: 0.35756454031106927 and parameters: {'window_ms': 225, 'overlap': 0.65, 'freq_low_hz': 1100, 'freq_high_hz': 1500}. Best is trial 318 with value: 0.42305991464449244.
[I 2026-03-10 23:46:41,992] Trial 900 finished with value: 0.3810278211686696 and parameters: {'window_ms': 215, 'overlap': 0.65, 'freq_low_hz': 1100, 'freq_high_hz': 1500}. Best is trial 318 with value: 0.42305991464449244.
[I 2026-03-10 23:46:42,723] Trial 894 finished with value: 0.37858423010831205 and parameters: {'window_ms': 225, 'overlap': 0.65, 'freq_low_hz': 450, 'freq_high_hz': 1600}. Best is trial 318 with value: 0.42305991464449244.
[I 2026-03-10 23:46:46,217] Trial 901 finished with value: 0.38499999521123734 and parameters: {'window_ms': 215, 'overlap': 0.7, 'freq_low_hz': 1100, 'freq_high_hz': 1500}. Best is trial 318 with value: 0.42305991464449244.
[I 2026-03-10 23:46:46,386] Trial 899 finished with value: 0.41234034349139786 and parameters: {'window_ms': 225, 'overlap': 0.65, 'freq_low_hz': 1200, 'freq_high_hz': 1700}. Best is trial 318 with value: 0.42305991464449244.
[I 2026-03-10 23:46:48,869] Trial 902 finished with value: 0.3810278211686696 and parameters: {'window_ms': 215, 'overlap': 0.65, 'freq_low_hz': 1100, 'freq_high_hz': 1500}. Best is trial 318 with value: 0.42305991464449244.
[I 2026-03-10 23:46:49,008] Trial 855 finished with value: 0.3535434863898582 and parameters: {'window_ms': 210, 'overlap': 0.9, 'freq_low_hz': 1200, 'freq_high_hz': 5000}. Best is trial 318 with value: 0.42305991464449244.
[I 2026-03-10 23:46:52,300] Trial 903 finished with value: 0.38499999521123734 and parameters: {'window_ms': 215, 'overlap': 0.7, 'freq_low_hz': 1100, 'freq_high_hz': 1500}. Best is trial 318 with value: 0.42305991464449244.
[I 2026-03-10 23:46:56,100] Trial 904 finished with value: 0.38499999521123734 and parameters: {'window_ms': 215, 'overlap': 0.7, 'freq_low_hz': 1100, 'freq_high_hz': 1500}. Best is trial 318 with value: 0.42305991464449244.
[I 2026-03-10 23:46:58,526] Trial 858 finished with value: 0.3535963813671394 and parameters: {'window_ms': 230, 'overlap': 0.9, 'freq_low_hz': 1200, 'freq_high_hz': 5000}. Best is trial 318 with value: 0.42305991464449244.
[I 2026-03-10 23:46:58,869] Trial 906 finished with value: 0.40372992319645945 and parameters: {'window_ms': 215, 'overlap': 0.7, 'freq_low_hz': 1200, 'freq_high_hz': 1700}. Best is trial 318 with value: 0.42305991464449244.
[I 2026-03-10 23:46:59,927] Trial 905 finished with value: 0.40372992319645945 and parameters: {'window_ms': 215, 'overlap': 0.7, 'freq_low_hz': 1200, 'freq_high_hz': 1700}. Best is trial 318 with value: 0.42305991464449244.
[I 2026-03-10 23:47:02,058] Trial 907 finished with value: 0.40372992319645945 and parameters: {'window_ms': 215, 'overlap': 0.7, 'freq_low_hz': 1200, 'freq_high_hz': 1700}. Best is trial 318 with value: 0.42305991464449244.
[I 2026-03-10 23:47:03,445] Trial 908 finished with value: 0.36078317453751557 and parameters: {'window_ms': 60, 'overlap': 0.7, 'freq_low_hz': 1200, 'freq_high_hz': 1700}. Best is trial 318 with value: 0.42305991464449244.
[I 2026-03-10 23:47:07,017] Trial 910 finished with value: 0.38350979841384353 and parameters: {'window_ms': 235, 'overlap': 0.7, 'freq_low_hz': 1200, 'freq_high_hz': 1700}. Best is trial 318 with value: 0.42305991464449244.
[I 2026-03-10 23:47:07,516] Trial 909 finished with value: 0.40372992319645945 and parameters: {'window_ms': 215, 'overlap': 0.7, 'freq_low_hz': 1200, 'freq_high_hz': 1700}. Best is trial 318 with value: 0.42305991464449244.
[I 2026-03-10 23:47:09,912] Trial 911 finished with value: 0.40372992319645945 and parameters: {'window_ms': 215, 'overlap': 0.7, 'freq_low_hz': 1200, 'freq_high_hz': 1700}. Best is trial 318 with value: 0.42305991464449244.
[I 2026-03-10 23:47:14,651] Trial 912 finished with value: 0.38350979841384353 and parameters: {'window_ms': 235, 'overlap': 0.7, 'freq_low_hz': 1200, 'freq_high_hz': 1700}. Best is trial 318 with value: 0.42305991464449244.
[I 2026-03-10 23:47:18,202] Trial 913 finished with value: 0.38350979841384353 and parameters: {'window_ms': 235, 'overlap': 0.7, 'freq_low_hz': 1200, 'freq_high_hz': 1700}. Best is trial 318 with value: 0.42305991464449244.
[I 2026-03-10 23:47:19,432] Trial 914 finished with value: 0.3834861122244705 and parameters: {'window_ms': 235, 'overlap': 0.65, 'freq_low_hz': 1200, 'freq_high_hz': 1700}. Best is trial 318 with value: 0.42305991464449244.
[I 2026-03-10 23:47:20,388] Trial 917 finished with value: 0.4134802399784844 and parameters: {'window_ms': 220, 'overlap': 0.65, 'freq_low_hz': 1150, 'freq_high_hz': 1650}. Best is trial 318 with value: 0.42305991464449244.
[I 2026-03-10 23:47:26,515] Trial 915 finished with value: 0.3777714531926241 and parameters: {'window_ms': 235, 'overlap': 0.65, 'freq_low_hz': 650, 'freq_high_hz': 1600}. Best is trial 318 with value: 0.42305991464449244.
[I 2026-03-10 23:47:29,294] Trial 916 finished with value: 0.3784595528112032 and parameters: {'window_ms': 235, 'overlap': 0.65, 'freq_low_hz': 550, 'freq_high_hz': 1600}. Best is trial 318 with value: 0.42305991464449244.
[I 2026-03-10 23:47:30,164] Trial 921 finished with value: 0.38318786617334477 and parameters: {'window_ms': 235, 'overlap': 0.65, 'freq_low_hz': 1150, 'freq_high_hz': 1650}. Best is trial 318 with value: 0.42305991464449244.
[I 2026-03-10 23:47:32,918] Trial 919 finished with value: 0.3777714531926241 and parameters: {'window_ms': 235, 'overlap': 0.65, 'freq_low_hz': 650, 'freq_high_hz': 1600}. Best is trial 318 with value: 0.42305991464449244.
[I 2026-03-10 23:47:34,624] Trial 922 finished with value: 0.4134802399784844 and parameters: {'window_ms': 220, 'overlap': 0.65, 'freq_low_hz': 1150, 'freq_high_hz': 1650}. Best is trial 318 with value: 0.42305991464449244.
[I 2026-03-10 23:47:35,694] Trial 918 finished with value: 0.3654862882342058 and parameters: {'window_ms': 235, 'overlap': 0.65, 'freq_low_hz': 250, 'freq_high_hz': 1600}. Best is trial 318 with value: 0.42305991464449244.
[I 2026-03-10 23:47:36,954] Trial 923 finished with value: 0.4134802399784844 and parameters: {'window_ms': 220, 'overlap': 0.65, 'freq_low_hz': 1150, 'freq_high_hz': 1650}. Best is trial 318 with value: 0.42305991464449244.
[I 2026-03-10 23:47:39,939] Trial 924 finished with value: 0.4134802399784844 and parameters: {'window_ms': 220, 'overlap': 0.65, 'freq_low_hz': 1150, 'freq_high_hz': 1650}. Best is trial 318 with value: 0.42305991464449244.
[I 2026-03-10 23:47:41,846] Trial 925 finished with value: 0.4134802399784844 and parameters: {'window_ms': 220, 'overlap': 0.65, 'freq_low_hz': 1150, 'freq_high_hz': 1650}. Best is trial 318 with value: 0.42305991464449244.
[I 2026-03-10 23:47:47,930] Trial 928 finished with value: 0.4134802399784844 and parameters: {'window_ms': 220, 'overlap': 0.65, 'freq_low_hz': 1150, 'freq_high_hz': 1650}. Best is trial 318 with value: 0.42305991464449244.
[I 2026-03-10 23:47:50,582] Trial 927 finished with value: 0.4134802399784844 and parameters: {'window_ms': 220, 'overlap': 0.65, 'freq_low_hz': 1150, 'freq_high_hz': 1650}. Best is trial 318 with value: 0.42305991464449244.
[I 2026-03-10 23:47:52,650] Trial 929 finished with value: 0.4134802399784844 and parameters: {'window_ms': 220, 'overlap': 0.65, 'freq_low_hz': 1150, 'freq_high_hz': 1650}. Best is trial 318 with value: 0.42305991464449244.
[I 2026-03-10 23:47:53,525] Trial 930 finished with value: 0.4134802399784844 and parameters: {'window_ms': 220, 'overlap': 0.65, 'freq_low_hz': 1150, 'freq_high_hz': 1650}. Best is trial 318 with value: 0.42305991464449244.
[I 2026-03-10 23:47:54,007] Trial 932 finished with value: 0.36438745236522624 and parameters: {'window_ms': 220, 'overlap': 0.65, 'freq_low_hz': 1100, 'freq_high_hz': 1500}. Best is trial 318 with value: 0.42305991464449244.
[I 2026-03-10 23:47:55,035] Trial 931 finished with value: 0.4134802399784844 and parameters: {'window_ms': 220, 'overlap': 0.65, 'freq_low_hz': 1150, 'freq_high_hz': 1650}. Best is trial 318 with value: 0.42305991464449244.
[I 2026-03-10 23:47:58,787] Trial 933 finished with value: 0.36438745236522624 and parameters: {'window_ms': 220, 'overlap': 0.65, 'freq_low_hz': 1100, 'freq_high_hz': 1500}. Best is trial 318 with value: 0.42305991464449244.
[I 2026-03-10 23:47:59,634] Trial 934 finished with value: 0.36438745236522624 and parameters: {'window_ms': 220, 'overlap': 0.65, 'freq_low_hz': 1100, 'freq_high_hz': 1500}. Best is trial 318 with value: 0.42305991464449244.
[I 2026-03-10 23:48:05,450] Trial 935 finished with value: 0.36438745236522624 and parameters: {'window_ms': 220, 'overlap': 0.65, 'freq_low_hz': 1100, 'freq_high_hz': 1500}. Best is trial 318 with value: 0.42305991464449244.
[I 2026-03-10 23:48:08,023] Trial 936 finished with value: 0.36438745236522624 and parameters: {'window_ms': 220, 'overlap': 0.65, 'freq_low_hz': 1100, 'freq_high_hz': 1500}. Best is trial 318 with value: 0.42305991464449244.
[I 2026-03-10 23:48:09,822] Trial 926 finished with value: 0.3749305329579848 and parameters: {'window_ms': 230, 'overlap': 0.65, 'freq_low_hz': 1150, 'freq_high_hz': 3250}. Best is trial 318 with value: 0.42305991464449244.
[I 2026-03-10 23:48:11,253] Trial 937 finished with value: 0.36438745236522624 and parameters: {'window_ms': 220, 'overlap': 0.65, 'freq_low_hz': 1100, 'freq_high_hz': 1500}. Best is trial 318 with value: 0.42305991464449244.
[I 2026-03-10 23:48:11,849] Trial 938 finished with value: 0.36438745236522624 and parameters: {'window_ms': 220, 'overlap': 0.65, 'freq_low_hz': 1100, 'freq_high_hz': 1500}. Best is trial 318 with value: 0.42305991464449244.
[I 2026-03-10 23:48:12,638] Trial 939 finished with value: 0.36438745236522624 and parameters: {'window_ms': 220, 'overlap': 0.65, 'freq_low_hz': 1100, 'freq_high_hz': 1500}. Best is trial 318 with value: 0.42305991464449244.
[I 2026-03-10 23:48:13,606] Trial 940 finished with value: 0.36438745236522624 and parameters: {'window_ms': 220, 'overlap': 0.65, 'freq_low_hz': 1100, 'freq_high_hz': 1500}. Best is trial 318 with value: 0.42305991464449244.
[I 2026-03-10 23:48:15,935] Trial 941 finished with value: 0.36438745236522624 and parameters: {'window_ms': 220, 'overlap': 0.65, 'freq_low_hz': 1100, 'freq_high_hz': 1500}. Best is trial 318 with value: 0.42305991464449244.
[I 2026-03-10 23:48:17,494] Trial 920 finished with value: 0.339982250965991 and parameters: {'window_ms': 235, 'overlap': 0.65, 'freq_low_hz': 1150, 'freq_high_hz': 4650}. Best is trial 318 with value: 0.42305991464449244.
[I 2026-03-10 23:48:19,421] Trial 942 finished with value: 0.3769646579297812 and parameters: {'window_ms': 220, 'overlap': 0.65, 'freq_low_hz': 1100, 'freq_high_hz': 1600}. Best is trial 318 with value: 0.42305991464449244.
[I 2026-03-10 23:48:22,915] Trial 943 finished with value: 0.36438745236522624 and parameters: {'window_ms': 220, 'overlap': 0.65, 'freq_low_hz': 1100, 'freq_high_hz': 1500}. Best is trial 318 with value: 0.42305991464449244.
[I 2026-03-10 23:48:25,474] Trial 944 finished with value: 0.36438745236522624 and parameters: {'window_ms': 220, 'overlap': 0.65, 'freq_low_hz': 1100, 'freq_high_hz': 1500}. Best is trial 318 with value: 0.42305991464449244.
[I 2026-03-10 23:48:26,894] Trial 945 finished with value: 0.35544990311645724 and parameters: {'window_ms': 220, 'overlap': 0.65, 'freq_low_hz': 1050, 'freq_high_hz': 1500}. Best is trial 318 with value: 0.42305991464449244.
[I 2026-03-10 23:48:27,274] Trial 947 finished with value: 0.35756454031106927 and parameters: {'window_ms': 225, 'overlap': 0.65, 'freq_low_hz': 1100, 'freq_high_hz': 1500}. Best is trial 318 with value: 0.42305991464449244.
