[I 2026-03-10 23:34:18,770] Trial 659 finished with value: 0.37109354860724963 and parameters: {'window_ms': 205, 'overlap': 0.45, 'freq_low_hz': 1200, 'freq_high_hz': 2500}. Best is trial 318 with value: 0.42305991464449244.
[I 2026-03-10 23:34:25,842] Trial 663 finished with value: 0.4013321706640197 and parameters: {'window_ms': 225, 'overlap': 0.35, 'freq_low_hz': 1200, 'freq_high_hz': 1700}. Best is trial 318 with value: 0.42305991464449244.
[I 2026-03-10 23:34:27,394] Trial 665 finished with value: 0.37743318983042423 and parameters: {'window_ms': 205, 'overlap': 0.45, 'freq_low_hz': 1100, 'freq_high_hz': 1600}. Best is trial 318 with value: 0.42305991464449244.
[I 2026-03-10 23:34:27,450] Trial 666 finished with value: 0.36461267678824016 and parameters: {'window_ms': 205, 'overlap': 0.65, 'freq_low_hz': 1100, 'freq_high_hz': 1500}. Best is trial 318 with value: 0.42305991464449244.
[I 2026-03-10 23:34:27,509] Trial 661 finished with value: 0.3716765316942671 and parameters: {'window_ms': 205, 'overlap': 0.35, 'freq_low_hz': 150, 'freq_high_hz': 1600}. Best is trial 318 with value: 0.42305991464449244.
[I 2026-03-10 23:34:34,559] Trial 667 finished with value: 0.370552846196077 and parameters: {'window_ms': 200, 'overlap': 0.65, 'freq_low_hz': 1100, 'freq_high_hz': 1600}. Best is trial 318 with value: 0.42305991464449244.
[I 2026-03-10 23:34:35,426] Trial 668 finished with value: 0.3708382635578835 and parameters: {'window_ms': 200, 'overlap': 0.65, 'freq_low_hz': 1100, 'freq_high_hz': 1500}. Best is trial 318 with value: 0.42305991464449244.
[I 2026-03-10 23:34:39,752] Trial 670 finished with value: 0.3708382635578835 and parameters: {'window_ms': 200, 'overlap': 0.65, 'freq_low_hz': 1100, 'freq_high_hz': 1500}. Best is trial 318 with value: 0.42305991464449244.
[I 2026-03-10 23:34:42,507] Trial 671 finished with value: 0.3545409277694147 and parameters: {'window_ms': 200, 'overlap': 0.25, 'freq_low_hz': 1100, 'freq_high_hz': 1500}. Best is trial 318 with value: 0.42305991464449244.
[I 2026-03-10 23:34:43,326] Trial 669 finished with value: 0.3617657758006033 and parameters: {'window_ms': 200, 'overlap': 0.65, 'freq_low_hz': 750, 'freq_high_hz': 1500}. Best is trial 318 with value: 0.42305991464449244.
[I 2026-03-10 23:34:46,604] Trial 662 finished with value: 0.35676098220597185 and parameters: {'window_ms': 200, 'overlap': 0.55, 'freq_low_hz': 200, 'freq_high_hz': 2500}. Best is trial 318 with value: 0.42305991464449244.
[I 2026-03-10 23:34:48,308] Trial 673 finished with value: 0.3777776677017318 and parameters: {'window_ms': 200, 'overlap': 0.45, 'freq_low_hz': 1100, 'freq_high_hz': 2000}. Best is trial 318 with value: 0.42305991464449244.
[I 2026-03-10 23:34:48,570] Trial 672 finished with value: 0.37787816772059996 and parameters: {'window_ms': 200, 'overlap': 0.25, 'freq_low_hz': 1100, 'freq_high_hz': 2000}. Best is trial 318 with value: 0.42305991464449244.
[I 2026-03-10 23:34:59,228] Trial 676 finished with value: 0.36377785878110364 and parameters: {'window_ms': 175, 'overlap': 0.3, 'freq_low_hz': 1150, 'freq_high_hz': 2050}. Best is trial 318 with value: 0.42305991464449244.
[I 2026-03-10 23:34:59,421] Trial 674 finished with value: 0.36666706018247025 and parameters: {'window_ms': 200, 'overlap': 0.6000000000000001, 'freq_low_hz': 750, 'freq_high_hz': 2000}. Best is trial 318 with value: 0.42305991464449244.
[I 2026-03-10 23:35:03,001] Trial 675 finished with value: 0.36547060965144845 and parameters: {'window_ms': 175, 'overlap': 0.4, 'freq_low_hz': 750, 'freq_high_hz': 2000}. Best is trial 318 with value: 0.42305991464449244.
[I 2026-03-10 23:35:05,789] Trial 678 finished with value: 0.3642454798034137 and parameters: {'window_ms': 190, 'overlap': 0.45, 'freq_low_hz': 1150, 'freq_high_hz': 2050}. Best is trial 318 with value: 0.42305991464449244.
[I 2026-03-10 23:35:06,039] Trial 677 finished with value: 0.37798326390096637 and parameters: {'window_ms': 210, 'overlap': 0.6000000000000001, 'freq_low_hz': 1150, 'freq_high_hz': 1950}. Best is trial 318 with value: 0.42305991464449244.
[I 2026-03-10 23:35:08,172] Trial 679 finished with value: 0.3787054211759262 and parameters: {'window_ms': 190, 'overlap': 0.6000000000000001, 'freq_low_hz': 1150, 'freq_high_hz': 1950}. Best is trial 318 with value: 0.42305991464449244.
[I 2026-03-10 23:35:09,054] Trial 682 finished with value: 0.4020257813162919 and parameters: {'window_ms': 215, 'overlap': 0.4, 'freq_low_hz': 1150, 'freq_high_hz': 1850}. Best is trial 318 with value: 0.42305991464449244.
[I 2026-03-10 23:35:09,134] Trial 680 finished with value: 0.36431996826535795 and parameters: {'window_ms': 185, 'overlap': 0.45, 'freq_low_hz': 1150, 'freq_high_hz': 2050}. Best is trial 318 with value: 0.42305991464449244.
[I 2026-03-10 23:35:09,332] Trial 681 finished with value: 0.37537904929013427 and parameters: {'window_ms': 185, 'overlap': 0.3, 'freq_low_hz': 1150, 'freq_high_hz': 1850}. Best is trial 318 with value: 0.42305991464449244.
[I 2026-03-10 23:35:12,706] Trial 664 finished with value: 0.34007896134820936 and parameters: {'window_ms': 205, 'overlap': 0.65, 'freq_low_hz': 1100, 'freq_high_hz': 4500}. Best is trial 318 with value: 0.42305991464449244.
[I 2026-03-10 23:35:19,447] Trial 683 finished with value: 0.41145039762053165 and parameters: {'window_ms': 190, 'overlap': 0.6000000000000001, 'freq_low_hz': 1150, 'freq_high_hz': 1850}. Best is trial 318 with value: 0.42305991464449244.
[I 2026-03-10 23:35:20,662] Trial 684 finished with value: 0.3758735076467318 and parameters: {'window_ms': 185, 'overlap': 0.45, 'freq_low_hz': 1150, 'freq_high_hz': 1850}. Best is trial 318 with value: 0.42305991464449244.
[I 2026-03-10 23:35:22,182] Trial 685 finished with value: 0.3809073060377574 and parameters: {'window_ms': 190, 'overlap': 0.45, 'freq_low_hz': 1150, 'freq_high_hz': 1750}. Best is trial 318 with value: 0.42305991464449244.
[I 2026-03-10 23:35:26,386] Trial 688 finished with value: 0.37490206637761625 and parameters: {'window_ms': 215, 'overlap': 0.6000000000000001, 'freq_low_hz': 1150, 'freq_high_hz': 1750}. Best is trial 318 with value: 0.42305991464449244.
[I 2026-03-10 23:35:30,254] Trial 691 finished with value: 0.40952594668179976 and parameters: {'window_ms': 225, 'overlap': 0.6000000000000001, 'freq_low_hz': 1200, 'freq_high_hz': 1800}. Best is trial 318 with value: 0.42305991464449244.
[I 2026-03-10 23:35:30,332] Trial 690 finished with value: 0.40952594668179976 and parameters: {'window_ms': 225, 'overlap': 0.6000000000000001, 'freq_low_hz': 1200, 'freq_high_hz': 1800}. Best is trial 318 with value: 0.42305991464449244.
[I 2026-03-10 23:35:31,287] Trial 686 finished with value: 0.3762180105556339 and parameters: {'window_ms': 215, 'overlap': 0.6000000000000001, 'freq_low_hz': 1150, 'freq_high_hz': 1850}. Best is trial 318 with value: 0.42305991464449244.
[I 2026-03-10 23:35:32,142] Trial 689 finished with value: 0.41259970378269095 and parameters: {'window_ms': 230, 'overlap': 0.6000000000000001, 'freq_low_hz': 1200, 'freq_high_hz': 1800}. Best is trial 318 with value: 0.42305991464449244.
[I 2026-03-10 23:35:39,744] Trial 694 finished with value: 0.3812479642733746 and parameters: {'window_ms': 195, 'overlap': 0.6000000000000001, 'freq_low_hz': 1150, 'freq_high_hz': 1750}. Best is trial 318 with value: 0.42305991464449244.
[I 2026-03-10 23:35:41,538] Trial 692 finished with value: 0.39928220532211833 and parameters: {'window_ms': 225, 'overlap': 0.6000000000000001, 'freq_low_hz': 800, 'freq_high_hz': 1800}. Best is trial 318 with value: 0.42305991464449244.
[I 2026-03-10 23:35:42,375] Trial 695 finished with value: 0.3812479642733746 and parameters: {'window_ms': 195, 'overlap': 0.6000000000000001, 'freq_low_hz': 1150, 'freq_high_hz': 1750}. Best is trial 318 with value: 0.42305991464449244.
[I 2026-03-10 23:35:44,904] Trial 693 finished with value: 0.3750864688577482 and parameters: {'window_ms': 195, 'overlap': 0.6000000000000001, 'freq_low_hz': 900, 'freq_high_hz': 1800}. Best is trial 318 with value: 0.42305991464449244.
[I 2026-03-10 23:35:47,547] Trial 687 finished with value: 0.37868703652146124 and parameters: {'window_ms': 215, 'overlap': 0.6000000000000001, 'freq_low_hz': 250, 'freq_high_hz': 1800}. Best is trial 318 with value: 0.42305991464449244.
[I 2026-03-10 23:35:48,341] Trial 696 finished with value: 0.3812479642733746 and parameters: {'window_ms': 195, 'overlap': 0.6000000000000001, 'freq_low_hz': 1150, 'freq_high_hz': 1750}. Best is trial 318 with value: 0.42305991464449244.
[I 2026-03-10 23:35:49,691] Trial 698 finished with value: 0.40918522332101165 and parameters: {'window_ms': 195, 'overlap': 0.6000000000000001, 'freq_low_hz': 1150, 'freq_high_hz': 1650}. Best is trial 318 with value: 0.42305991464449244.
[I 2026-03-10 23:35:51,444] Trial 697 finished with value: 0.3812479642733746 and parameters: {'window_ms': 195, 'overlap': 0.6000000000000001, 'freq_low_hz': 1150, 'freq_high_hz': 1750}. Best is trial 318 with value: 0.42305991464449244.
[I 2026-03-10 23:35:51,448] Trial 700 finished with value: 0.40122247820157203 and parameters: {'window_ms': 195, 'overlap': 0.6000000000000001, 'freq_low_hz': 1050, 'freq_high_hz': 1700}. Best is trial 318 with value: 0.42305991464449244.
[I 2026-03-10 23:35:52,883] Trial 699 finished with value: 0.3819190038679124 and parameters: {'window_ms': 195, 'overlap': 0.6000000000000001, 'freq_low_hz': 1100, 'freq_high_hz': 1700}. Best is trial 318 with value: 0.42305991464449244.
[I 2026-03-10 23:36:07,897] Trial 701 finished with value: 0.36051182485039446 and parameters: {'window_ms': 195, 'overlap': 0.6000000000000001, 'freq_low_hz': 900, 'freq_high_hz': 1900}. Best is trial 318 with value: 0.42305991464449244.
[I 2026-03-10 23:36:10,577] Trial 705 finished with value: 0.37165017515135457 and parameters: {'window_ms': 245, 'overlap': 0.6000000000000001, 'freq_low_hz': 1050, 'freq_high_hz': 1600}. Best is trial 318 with value: 0.42305991464449244.
[I 2026-03-10 23:36:14,275] Trial 707 finished with value: 0.37865248058911943 and parameters: {'window_ms': 180, 'overlap': 0.6000000000000001, 'freq_low_hz': 1100, 'freq_high_hz': 1900}. Best is trial 318 with value: 0.42305991464449244.
[I 2026-03-10 23:36:14,841] Trial 704 finished with value: 0.36369761111802745 and parameters: {'window_ms': 250, 'overlap': 0.6000000000000001, 'freq_low_hz': 1100, 'freq_high_hz': 2200}. Best is trial 318 with value: 0.42305991464449244.
[I 2026-03-10 23:36:15,918] Trial 706 finished with value: 0.37885063296889937 and parameters: {'window_ms': 250, 'overlap': 0.6000000000000001, 'freq_low_hz': 1200, 'freq_high_hz': 1900}. Best is trial 318 with value: 0.42305991464449244.
[I 2026-03-10 23:36:16,327] Trial 702 finished with value: 0.36376892047164106 and parameters: {'window_ms': 195, 'overlap': 0.6000000000000001, 'freq_low_hz': 900, 'freq_high_hz': 2200}. Best is trial 318 with value: 0.42305991464449244.
[I 2026-03-10 23:36:34,806] Trial 703 finished with value: 0.37544255558296125 and parameters: {'window_ms': 245, 'overlap': 0.6000000000000001, 'freq_low_hz': 1100, 'freq_high_hz': 3500}. Best is trial 318 with value: 0.42305991464449244.
[I 2026-03-10 23:36:47,131] Trial 716 finished with value: 0.39270590097114716 and parameters: {'window_ms': 185, 'overlap': 0.8500000000000001, 'freq_low_hz': 1200, 'freq_high_hz': 1900}. Best is trial 318 with value: 0.42305991464449244.
[I 2026-03-10 23:36:52,271] Trial 712 finished with value: 0.3921207631617329 and parameters: {'window_ms': 230, 'overlap': 0.8500000000000001, 'freq_low_hz': 1200, 'freq_high_hz': 1900}. Best is trial 318 with value: 0.42305991464449244.
[I 2026-03-10 23:37:00,058] Trial 710 finished with value: 0.3659866846717109 and parameters: {'window_ms': 170, 'overlap': 0.8500000000000001, 'freq_low_hz': 250, 'freq_high_hz': 1900}. Best is trial 318 with value: 0.42305991464449244.
[I 2026-03-10 23:37:07,269] Trial 717 finished with value: 0.39270590097114716 and parameters: {'window_ms': 185, 'overlap': 0.8500000000000001, 'freq_low_hz': 1200, 'freq_high_hz': 1900}. Best is trial 318 with value: 0.42305991464449244.
[I 2026-03-10 23:37:09,325] Trial 713 finished with value: 0.36159377416091676 and parameters: {'window_ms': 230, 'overlap': 0.65, 'freq_low_hz': 1200, 'freq_high_hz': 3500}. Best is trial 318 with value: 0.42305991464449244.
[I 2026-03-10 23:37:12,394] Trial 711 finished with value: 0.35467101506777227 and parameters: {'window_ms': 180, 'overlap': 0.65, 'freq_low_hz': 1100, 'freq_high_hz': 3500}. Best is trial 318 with value: 0.42305991464449244.
[I 2026-03-10 23:37:14,371] Trial 719 finished with value: 0.39434107391791406 and parameters: {'window_ms': 135, 'overlap': 0.65, 'freq_low_hz': 1200, 'freq_high_hz': 1900}. Best is trial 318 with value: 0.42305991464449244.
[I 2026-03-10 23:37:19,382] Trial 709 finished with value: 0.3638311172730159 and parameters: {'window_ms': 245, 'overlap': 0.8500000000000001, 'freq_low_hz': 400, 'freq_high_hz': 2200}. Best is trial 318 with value: 0.42305991464449244.
[I 2026-03-10 23:37:21,998] Trial 718 finished with value: 0.37858057311277377 and parameters: {'window_ms': 230, 'overlap': 0.65, 'freq_low_hz': 550, 'freq_high_hz': 1600}. Best is trial 318 with value: 0.42305991464449244.
[I 2026-03-10 23:37:31,829] Trial 721 finished with value: 0.3835614977059212 and parameters: {'window_ms': 230, 'overlap': 0.7, 'freq_low_hz': 1200, 'freq_high_hz': 1700}. Best is trial 318 with value: 0.42305991464449244.
[I 2026-03-10 23:37:31,966] Trial 708 finished with value: 0.37536137512979756 and parameters: {'window_ms': 185, 'overlap': 0.8500000000000001, 'freq_low_hz': 1100, 'freq_high_hz': 3400}. Best is trial 318 with value: 0.42305991464449244.
[I 2026-03-10 23:37:32,652] Trial 723 finished with value: 0.3815452702558855 and parameters: {'window_ms': 190, 'overlap': 0.7, 'freq_low_hz': 1200, 'freq_high_hz': 1700}. Best is trial 318 with value: 0.42305991464449244.
[I 2026-03-10 23:37:35,670] Trial 724 finished with value: 0.38319229209916145 and parameters: {'window_ms': 230, 'overlap': 0.7, 'freq_low_hz': 1150, 'freq_high_hz': 1650}. Best is trial 318 with value: 0.42305991464449244.
[I 2026-03-10 23:37:37,847] Trial 720 finished with value: 0.36604853253844133 and parameters: {'window_ms': 185, 'overlap': 0.65, 'freq_low_hz': 400, 'freq_high_hz': 2000}. Best is trial 318 with value: 0.42305991464449244.
[I 2026-03-10 23:37:39,552] Trial 725 finished with value: 0.3839068092247182 and parameters: {'window_ms': 190, 'overlap': 0.7, 'freq_low_hz': 1150, 'freq_high_hz': 1650}. Best is trial 318 with value: 0.42305991464449244.
[I 2026-03-10 23:37:41,964] Trial 726 finished with value: 0.3835718960474078 and parameters: {'window_ms': 210, 'overlap': 0.7, 'freq_low_hz': 1150, 'freq_high_hz': 1650}. Best is trial 318 with value: 0.42305991464449244.
[I 2026-03-10 23:37:46,929] Trial 715 finished with value: 0.37555226344133835 and parameters: {'window_ms': 230, 'overlap': 0.8500000000000001, 'freq_low_hz': 1200, 'freq_high_hz': 3400}. Best is trial 318 with value: 0.42305991464449244.
[I 2026-03-10 23:37:49,429] Trial 727 finished with value: 0.3743540739207325 and parameters: {'window_ms': 20, 'overlap': 0.6000000000000001, 'freq_low_hz': 1150, 'freq_high_hz': 1650}. Best is trial 318 with value: 0.42305991464449244.
[I 2026-03-10 23:37:50,386] Trial 729 finished with value: 0.3839547340588531 and parameters: {'window_ms': 210, 'overlap': 0.6000000000000001, 'freq_low_hz': 1150, 'freq_high_hz': 1650}. Best is trial 318 with value: 0.42305991464449244.
[I 2026-03-10 23:37:52,650] Trial 722 finished with value: 0.3501054611102854 and parameters: {'window_ms': 190, 'overlap': 0.65, 'freq_low_hz': 150, 'freq_high_hz': 2000}. Best is trial 318 with value: 0.42305991464449244.
[I 2026-03-10 23:37:55,567] Trial 731 finished with value: 0.38407531498396236 and parameters: {'window_ms': 205, 'overlap': 0.6000000000000001, 'freq_low_hz': 1150, 'freq_high_hz': 1650}. Best is trial 318 with value: 0.42305991464449244.
[I 2026-03-10 23:37:56,235] Trial 730 finished with value: 0.3640182762854059 and parameters: {'window_ms': 160, 'overlap': 0.6000000000000001, 'freq_low_hz': 1150, 'freq_high_hz': 2050}. Best is trial 318 with value: 0.42305991464449244.
[I 2026-03-10 23:37:58,473] Trial 732 finished with value: 0.3817642300626927 and parameters: {'window_ms': 160, 'overlap': 0.6000000000000001, 'freq_low_hz': 1150, 'freq_high_hz': 1850}. Best is trial 318 with value: 0.42305991464449244.
[I 2026-03-10 23:38:02,734] Trial 733 finished with value: 0.3759672759351196 and parameters: {'window_ms': 205, 'overlap': 0.6000000000000001, 'freq_low_hz': 1150, 'freq_high_hz': 1850}. Best is trial 318 with value: 0.42305991464449244.
[I 2026-03-10 23:38:04,762] Trial 734 finished with value: 0.39378328921885647 and parameters: {'window_ms': 80, 'overlap': 0.6000000000000001, 'freq_low_hz': 1150, 'freq_high_hz': 1850}. Best is trial 318 with value: 0.42305991464449244.
[I 2026-03-10 23:38:04,776] Trial 714 finished with value: 0.36853198479760557 and parameters: {'window_ms': 230, 'overlap': 0.8500000000000001, 'freq_low_hz': 350, 'freq_high_hz': 3500}. Best is trial 318 with value: 0.42305991464449244.
[I 2026-03-10 23:38:05,232] Trial 728 finished with value: 0.3664313753292079 and parameters: {'window_ms': 190, 'overlap': 0.6000000000000001, 'freq_low_hz': 200, 'freq_high_hz': 2000}. Best is trial 318 with value: 0.42305991464449244.
[I 2026-03-10 23:38:08,727] Trial 736 finished with value: 0.4061548851343214 and parameters: {'window_ms': 205, 'overlap': 0.55, 'freq_low_hz': 1200, 'freq_high_hz': 1800}. Best is trial 318 with value: 0.42305991464449244.
[I 2026-03-10 23:38:09,578] Trial 735 finished with value: 0.3759672759351196 and parameters: {'window_ms': 205, 'overlap': 0.6000000000000001, 'freq_low_hz': 1150, 'freq_high_hz': 1850}. Best is trial 318 with value: 0.42305991464449244.
[I 2026-03-10 23:38:14,472] Trial 737 finished with value: 0.37655984580523316 and parameters: {'window_ms': 205, 'overlap': 0.6000000000000001, 'freq_low_hz': 1200, 'freq_high_hz': 1800}. Best is trial 318 with value: 0.42305991464449244.
[I 2026-03-10 23:38:17,723] Trial 739 finished with value: 0.4061548851343214 and parameters: {'window_ms': 205, 'overlap': 0.55, 'freq_low_hz': 1200, 'freq_high_hz': 1800}. Best is trial 318 with value: 0.42305991464449244.
[I 2026-03-10 23:38:17,898] Trial 738 finished with value: 0.38272914179927897 and parameters: {'window_ms': 175, 'overlap': 0.8, 'freq_low_hz': 1200, 'freq_high_hz': 1800}. Best is trial 318 with value: 0.42305991464449244.
[I 2026-03-10 23:38:23,850] Trial 743 finished with value: 0.41247403183624703 and parameters: {'window_ms': 175, 'overlap': 0.55, 'freq_low_hz': 1200, 'freq_high_hz': 1800}. Best is trial 318 with value: 0.42305991464449244.
[I 2026-03-10 23:38:24,896] Trial 742 finished with value: 0.4061548851343214 and parameters: {'window_ms': 205, 'overlap': 0.55, 'freq_low_hz': 1200, 'freq_high_hz': 1800}. Best is trial 318 with value: 0.42305991464449244.
[I 2026-03-10 23:38:26,266] Trial 740 finished with value: 0.41247380798519817 and parameters: {'window_ms': 175, 'overlap': 0.55, 'freq_low_hz': 600, 'freq_high_hz': 1800}. Best is trial 318 with value: 0.42305991464449244.
[I 2026-03-10 23:38:34,106] Trial 747 finished with value: 0.39825468544229536 and parameters: {'window_ms': 235, 'overlap': 0.55, 'freq_low_hz': 1200, 'freq_high_hz': 1800}. Best is trial 318 with value: 0.42305991464449244.
[I 2026-03-10 23:38:39,351] Trial 744 finished with value: 0.42305991464449244 and parameters: {'window_ms': 225, 'overlap': 0.55, 'freq_low_hz': 450, 'freq_high_hz': 1800}. Best is trial 318 with value: 0.42305991464449244.
[I 2026-03-10 23:38:40,940] Trial 741 finished with value: 0.36374836472371674 and parameters: {'window_ms': 175, 'overlap': 0.55, 'freq_low_hz': 100, 'freq_high_hz': 2000}. Best is trial 318 with value: 0.42305991464449244.
[I 2026-03-10 23:38:42,823] Trial 745 finished with value: 0.3636152651743326 and parameters: {'window_ms': 175, 'overlap': 0.55, 'freq_low_hz': 600, 'freq_high_hz': 2100}. Best is trial 318 with value: 0.42305991464449244.
[I 2026-03-10 23:38:43,573] Trial 749 finished with value: 0.3796671769165572 and parameters: {'window_ms': 225, 'overlap': 0.55, 'freq_low_hz': 1200, 'freq_high_hz': 1900}. Best is trial 318 with value: 0.42305991464449244.
[I 2026-03-10 23:38:46,953] Trial 746 finished with value: 0.36403665101664234 and parameters: {'window_ms': 235, 'overlap': 0.55, 'freq_low_hz': 600, 'freq_high_hz': 2100}. Best is trial 318 with value: 0.42305991464449244.
[I 2026-03-10 23:38:48,144] Trial 751 finished with value: 0.39455154618380406 and parameters: {'window_ms': 170, 'overlap': 0.4, 'freq_low_hz': 1200, 'freq_high_hz': 1900}. Best is trial 318 with value: 0.42305991464449244.
[I 2026-03-10 23:38:59,230] Trial 752 finished with value: 0.36551703641831074 and parameters: {'window_ms': 170, 'overlap': 0.4, 'freq_low_hz': 500, 'freq_high_hz': 2000}. Best is trial 318 with value: 0.42305991464449244.
[I 2026-03-10 23:39:01,872] Trial 748 finished with value: 0.36439552624180566 and parameters: {'window_ms': 225, 'overlap': 0.55, 'freq_low_hz': 100, 'freq_high_hz': 2000}. Best is trial 318 with value: 0.42305991464449244.
[I 2026-03-10 23:39:02,913] Trial 753 finished with value: 0.3633974662596396 and parameters: {'window_ms': 170, 'overlap': 0.4, 'freq_low_hz': 1100, 'freq_high_hz': 2100}. Best is trial 318 with value: 0.42305991464449244.
[I 2026-03-10 23:39:09,248] Trial 756 finished with value: 0.37568189278397995 and parameters: {'window_ms': 170, 'overlap': 0.55, 'freq_low_hz': 450, 'freq_high_hz': 1600}. Best is trial 318 with value: 0.42305991464449244.
