[I 2026-03-10 23:26:02,269] Trial 470 finished with value: 0.3978246498193889 and parameters: {'window_ms': 195, 'overlap': 0.55, 'freq_low_hz': 1150, 'freq_high_hz': 1850}. Best is trial 318 with value: 0.42305991464449244.
[I 2026-03-10 23:26:04,147] Trial 472 finished with value: 0.3828945904219839 and parameters: {'window_ms': 10, 'overlap': 0.55, 'freq_low_hz': 1150, 'freq_high_hz': 1850}. Best is trial 318 with value: 0.42305991464449244.
[I 2026-03-10 23:26:04,940] Trial 474 finished with value: 0.3978246498193889 and parameters: {'window_ms': 195, 'overlap': 0.55, 'freq_low_hz': 1150, 'freq_high_hz': 1850}. Best is trial 318 with value: 0.42305991464449244.
[I 2026-03-10 23:26:05,623] Trial 473 finished with value: 0.3978246498193889 and parameters: {'window_ms': 195, 'overlap': 0.55, 'freq_low_hz': 1150, 'freq_high_hz': 1850}. Best is trial 318 with value: 0.42305991464449244.
[I 2026-03-10 23:26:06,553] Trial 460 finished with value: 0.3460908358599119 and parameters: {'window_ms': 100, 'overlap': 0.5, 'freq_low_hz': 1200, 'freq_high_hz': 4800}. Best is trial 318 with value: 0.42305991464449244.
[I 2026-03-10 23:26:14,118] Trial 477 finished with value: 0.37085575841323054 and parameters: {'window_ms': 205, 'overlap': 0.55, 'freq_low_hz': 1100, 'freq_high_hz': 1600}. Best is trial 318 with value: 0.42305991464449244.
[I 2026-03-10 23:26:15,667] Trial 476 finished with value: 0.38165873772578834 and parameters: {'window_ms': 215, 'overlap': 0.55, 'freq_low_hz': 1150, 'freq_high_hz': 1750}. Best is trial 318 with value: 0.42305991464449244.
[I 2026-03-10 23:26:17,269] Trial 478 finished with value: 0.37085575841323054 and parameters: {'window_ms': 205, 'overlap': 0.55, 'freq_low_hz': 1100, 'freq_high_hz': 1600}. Best is trial 318 with value: 0.42305991464449244.
[I 2026-03-10 23:26:21,065] Trial 479 finished with value: 0.3771653805310222 and parameters: {'window_ms': 205, 'overlap': 0.6000000000000001, 'freq_low_hz': 1100, 'freq_high_hz': 1600}. Best is trial 318 with value: 0.42305991464449244.
[I 2026-03-10 23:26:23,387] Trial 480 finished with value: 0.3709370705923817 and parameters: {'window_ms': 215, 'overlap': 0.6000000000000001, 'freq_low_hz': 1100, 'freq_high_hz': 1600}. Best is trial 318 with value: 0.42305991464449244.
[I 2026-03-10 23:26:23,629] Trial 482 finished with value: 0.3709370705923817 and parameters: {'window_ms': 215, 'overlap': 0.6000000000000001, 'freq_low_hz': 1100, 'freq_high_hz': 1600}. Best is trial 318 with value: 0.42305991464449244.
[I 2026-03-10 23:26:26,460] Trial 481 finished with value: 0.40759889390593906 and parameters: {'window_ms': 215, 'overlap': 0.6000000000000001, 'freq_low_hz': 1100, 'freq_high_hz': 1800}. Best is trial 318 with value: 0.42305991464449244.
[I 2026-03-10 23:26:35,616] Trial 485 finished with value: 0.3771653805310222 and parameters: {'window_ms': 205, 'overlap': 0.6000000000000001, 'freq_low_hz': 1100, 'freq_high_hz': 1600}. Best is trial 318 with value: 0.42305991464449244.
[I 2026-03-10 23:26:37,083] Trial 484 finished with value: 0.3709370705923817 and parameters: {'window_ms': 215, 'overlap': 0.6000000000000001, 'freq_low_hz': 1100, 'freq_high_hz': 1600}. Best is trial 318 with value: 0.42305991464449244.
[I 2026-03-10 23:26:38,639] Trial 486 finished with value: 0.37923584405531696 and parameters: {'window_ms': 90, 'overlap': 0.6000000000000001, 'freq_low_hz': 800, 'freq_high_hz': 1600}. Best is trial 318 with value: 0.42305991464449244.
[I 2026-03-10 23:26:40,040] Trial 487 finished with value: 0.4067555729139368 and parameters: {'window_ms': 215, 'overlap': 0.6000000000000001, 'freq_low_hz': 1200, 'freq_high_hz': 1800}. Best is trial 318 with value: 0.42305991464449244.
[I 2026-03-10 23:26:40,294] Trial 488 finished with value: 0.37972839943493486 and parameters: {'window_ms': 70, 'overlap': 0.6000000000000001, 'freq_low_hz': 1200, 'freq_high_hz': 1800}. Best is trial 318 with value: 0.42305991464449244.
[I 2026-03-10 23:26:42,005] Trial 471 finished with value: 0.33243225967345397 and parameters: {'window_ms': 195, 'overlap': 0.55, 'freq_low_hz': 1150, 'freq_high_hz': 4750}. Best is trial 318 with value: 0.42305991464449244.
[I 2026-03-10 23:26:44,094] Trial 475 finished with value: 0.35360726362977185 and parameters: {'window_ms': 215, 'overlap': 0.55, 'freq_low_hz': 1150, 'freq_high_hz': 4850}. Best is trial 318 with value: 0.42305991464449244.
[I 2026-03-10 23:26:45,137] Trial 489 finished with value: 0.41259970378269095 and parameters: {'window_ms': 230, 'overlap': 0.6000000000000001, 'freq_low_hz': 1200, 'freq_high_hz': 1800}. Best is trial 318 with value: 0.42305991464449244.
[I 2026-03-10 23:26:45,322] Trial 483 finished with value: 0.3459428105775261 and parameters: {'window_ms': 215, 'overlap': 0.6000000000000001, 'freq_low_hz': 1100, 'freq_high_hz': 2800}. Best is trial 318 with value: 0.42305991464449244.
[I 2026-03-10 23:26:47,670] Trial 490 finished with value: 0.3953471478676077 and parameters: {'window_ms': 230, 'overlap': 0.65, 'freq_low_hz': 1200, 'freq_high_hz': 1800}. Best is trial 318 with value: 0.42305991464449244.
[I 2026-03-10 23:26:54,230] Trial 492 finished with value: 0.3936372528532684 and parameters: {'window_ms': 85, 'overlap': 0.3, 'freq_low_hz': 1200, 'freq_high_hz': 1800}. Best is trial 318 with value: 0.42305991464449244.
[I 2026-03-10 23:26:59,763] Trial 494 finished with value: 0.40951548784060604 and parameters: {'window_ms': 230, 'overlap': 0.55, 'freq_low_hz': 1200, 'freq_high_hz': 1800}. Best is trial 318 with value: 0.42305991464449244.
[I 2026-03-10 23:27:00,148] Trial 496 finished with value: 0.382747845342289 and parameters: {'window_ms': 230, 'overlap': 0.65, 'freq_low_hz': 1200, 'freq_high_hz': 1700}. Best is trial 318 with value: 0.42305991464449244.
[I 2026-03-10 23:27:00,837] Trial 491 finished with value: 0.375431003746439 and parameters: {'window_ms': 235, 'overlap': 0.55, 'freq_low_hz': 800, 'freq_high_hz': 1800}. Best is trial 318 with value: 0.42305991464449244.
[I 2026-03-10 23:27:01,870] Trial 497 finished with value: 0.4102309441120323 and parameters: {'window_ms': 230, 'overlap': 0.55, 'freq_low_hz': 1200, 'freq_high_hz': 1700}. Best is trial 318 with value: 0.42305991464449244.
[I 2026-03-10 23:27:04,232] Trial 498 finished with value: 0.3834861122244705 and parameters: {'window_ms': 235, 'overlap': 0.65, 'freq_low_hz': 1200, 'freq_high_hz': 1700}. Best is trial 318 with value: 0.42305991464449244.
[I 2026-03-10 23:27:05,566] Trial 499 finished with value: 0.3834861122244705 and parameters: {'window_ms': 235, 'overlap': 0.65, 'freq_low_hz': 1200, 'freq_high_hz': 1700}. Best is trial 318 with value: 0.42305991464449244.
[I 2026-03-10 23:27:06,886] Trial 500 finished with value: 0.3834861122244705 and parameters: {'window_ms': 235, 'overlap': 0.65, 'freq_low_hz': 1200, 'freq_high_hz': 1700}. Best is trial 318 with value: 0.42305991464449244.
[I 2026-03-10 23:27:07,730] Trial 493 finished with value: 0.3472811771216399 and parameters: {'window_ms': 230, 'overlap': 0.3, 'freq_low_hz': 1200, 'freq_high_hz': 2800}. Best is trial 318 with value: 0.42305991464449244.
[I 2026-03-10 23:27:11,782] Trial 501 finished with value: 0.410256527768278 and parameters: {'window_ms': 240, 'overlap': 0.6000000000000001, 'freq_low_hz': 1200, 'freq_high_hz': 1700}. Best is trial 318 with value: 0.42305991464449244.
[I 2026-03-10 23:27:12,338] Trial 495 finished with value: 0.36388624865600905 and parameters: {'window_ms': 230, 'overlap': 0.65, 'freq_low_hz': 750, 'freq_high_hz': 2100}. Best is trial 318 with value: 0.42305991464449244.
[I 2026-03-10 23:27:18,377] Trial 502 finished with value: 0.4025158594858789 and parameters: {'window_ms': 240, 'overlap': 0.65, 'freq_low_hz': 1200, 'freq_high_hz': 1700}. Best is trial 318 with value: 0.42305991464449244.
[I 2026-03-10 23:27:18,754] Trial 503 finished with value: 0.3926785955718411 and parameters: {'window_ms': 230, 'overlap': 0.65, 'freq_low_hz': 1200, 'freq_high_hz': 1900}. Best is trial 318 with value: 0.42305991464449244.
[I 2026-03-10 23:27:21,737] Trial 505 finished with value: 0.37841748776689216 and parameters: {'window_ms': 240, 'overlap': 0.6000000000000001, 'freq_low_hz': 1200, 'freq_high_hz': 1900}. Best is trial 318 with value: 0.42305991464449244.
[I 2026-03-10 23:27:22,225] Trial 504 finished with value: 0.38254902162558846 and parameters: {'window_ms': 240, 'overlap': 0.65, 'freq_low_hz': 1200, 'freq_high_hz': 1900}. Best is trial 318 with value: 0.42305991464449244.
[I 2026-03-10 23:27:24,129] Trial 507 finished with value: 0.3925979501082398 and parameters: {'window_ms': 205, 'overlap': 0.6000000000000001, 'freq_low_hz': 1200, 'freq_high_hz': 1900}. Best is trial 318 with value: 0.42305991464449244.
[I 2026-03-10 23:27:24,591] Trial 506 finished with value: 0.3925979501082398 and parameters: {'window_ms': 205, 'overlap': 0.6000000000000001, 'freq_low_hz': 1200, 'freq_high_hz': 1900}. Best is trial 318 with value: 0.42305991464449244.
[I 2026-03-10 23:27:27,909] Trial 508 finished with value: 0.37830587808822425 and parameters: {'window_ms': 240, 'overlap': 0.6000000000000001, 'freq_low_hz': 1150, 'freq_high_hz': 1950}. Best is trial 318 with value: 0.42305991464449244.
[I 2026-03-10 23:27:29,338] Trial 509 finished with value: 0.37830587808822425 and parameters: {'window_ms': 240, 'overlap': 0.6000000000000001, 'freq_low_hz': 1150, 'freq_high_hz': 1950}. Best is trial 318 with value: 0.42305991464449244.
[I 2026-03-10 23:27:30,625] Trial 510 finished with value: 0.3788973134416843 and parameters: {'window_ms': 180, 'overlap': 0.6000000000000001, 'freq_low_hz': 1150, 'freq_high_hz': 1950}. Best is trial 318 with value: 0.42305991464449244.
[I 2026-03-10 23:27:33,694] Trial 511 finished with value: 0.3788973134416843 and parameters: {'window_ms': 180, 'overlap': 0.6000000000000001, 'freq_low_hz': 1150, 'freq_high_hz': 1950}. Best is trial 318 with value: 0.42305991464449244.
[I 2026-03-10 23:27:37,530] Trial 512 finished with value: 0.3919377934599673 and parameters: {'window_ms': 220, 'overlap': 0.6000000000000001, 'freq_low_hz': 1150, 'freq_high_hz': 1950}. Best is trial 318 with value: 0.42305991464449244.
[I 2026-03-10 23:27:39,662] Trial 513 finished with value: 0.3788973134416843 and parameters: {'window_ms': 180, 'overlap': 0.6000000000000001, 'freq_low_hz': 1150, 'freq_high_hz': 1950}. Best is trial 318 with value: 0.42305991464449244.
[I 2026-03-10 23:27:43,849] Trial 515 finished with value: 0.3785327751805151 and parameters: {'window_ms': 180, 'overlap': 0.55, 'freq_low_hz': 1150, 'freq_high_hz': 1950}. Best is trial 318 with value: 0.42305991464449244.
[I 2026-03-10 23:27:43,874] Trial 517 finished with value: 0.37778611171965 and parameters: {'window_ms': 175, 'overlap': 0.55, 'freq_low_hz': 1150, 'freq_high_hz': 1950}. Best is trial 318 with value: 0.42305991464449244.
[I 2026-03-10 23:27:45,131] Trial 514 finished with value: 0.37783584981060936 and parameters: {'window_ms': 205, 'overlap': 0.6000000000000001, 'freq_low_hz': 1150, 'freq_high_hz': 1950}. Best is trial 318 with value: 0.42305991464449244.
[I 2026-03-10 23:27:48,367] Trial 519 finished with value: 0.35926375668484245 and parameters: {'window_ms': 175, 'overlap': 0.55, 'freq_low_hz': 1000, 'freq_high_hz': 1500}. Best is trial 318 with value: 0.42305991464449244.
[I 2026-03-10 23:27:50,309] Trial 518 finished with value: 0.36386127368437227 and parameters: {'window_ms': 220, 'overlap': 0.55, 'freq_low_hz': 1150, 'freq_high_hz': 2050}. Best is trial 318 with value: 0.42305991464449244.
[I 2026-03-10 23:27:53,970] Trial 520 finished with value: 0.36386127368437227 and parameters: {'window_ms': 220, 'overlap': 0.55, 'freq_low_hz': 1150, 'freq_high_hz': 2050}. Best is trial 318 with value: 0.42305991464449244.
[I 2026-03-10 23:28:01,909] Trial 524 finished with value: 0.3745900287349898 and parameters: {'window_ms': 195, 'overlap': 0.55, 'freq_low_hz': 1150, 'freq_high_hz': 1750}. Best is trial 318 with value: 0.42305991464449244.
[I 2026-03-10 23:28:02,350] Trial 523 finished with value: 0.3637248454045653 and parameters: {'window_ms': 200, 'overlap': 0.55, 'freq_low_hz': 1150, 'freq_high_hz': 2050}. Best is trial 318 with value: 0.42305991464449244.
[I 2026-03-10 23:28:02,501] Trial 525 finished with value: 0.381587074274341 and parameters: {'window_ms': 220, 'overlap': 0.55, 'freq_low_hz': 1150, 'freq_high_hz': 1750}. Best is trial 318 with value: 0.42305991464449244.
[I 2026-03-10 23:28:04,739] Trial 521 finished with value: 0.3608530582381043 and parameters: {'window_ms': 220, 'overlap': 0.55, 'freq_low_hz': 1150, 'freq_high_hz': 2950}. Best is trial 318 with value: 0.42305991464449244.
[I 2026-03-10 23:28:07,643] Trial 527 finished with value: 0.4104501530951163 and parameters: {'window_ms': 190, 'overlap': 0.55, 'freq_low_hz': 1200, 'freq_high_hz': 1800}. Best is trial 318 with value: 0.42305991464449244.
[I 2026-03-10 23:28:07,699] Trial 526 finished with value: 0.41047783345825883 and parameters: {'window_ms': 220, 'overlap': 0.55, 'freq_low_hz': 1200, 'freq_high_hz': 1800}. Best is trial 318 with value: 0.42305991464449244.
[I 2026-03-10 23:28:11,638] Trial 522 finished with value: 0.3608365253683615 and parameters: {'window_ms': 190, 'overlap': 0.55, 'freq_low_hz': 1150, 'freq_high_hz': 2950}. Best is trial 318 with value: 0.42305991464449244.
[I 2026-03-10 23:28:11,693] Trial 528 finished with value: 0.40857649337103774 and parameters: {'window_ms': 195, 'overlap': 0.55, 'freq_low_hz': 1200, 'freq_high_hz': 1800}. Best is trial 318 with value: 0.42305991464449244.
[I 2026-03-10 23:28:13,705] Trial 516 finished with value: 0.3613038152079021 and parameters: {'window_ms': 170, 'overlap': 0.6000000000000001, 'freq_low_hz': 1150, 'freq_high_hz': 3850}. Best is trial 318 with value: 0.42305991464449244.
[I 2026-03-10 23:28:20,848] Trial 531 finished with value: 0.41047783345825883 and parameters: {'window_ms': 220, 'overlap': 0.55, 'freq_low_hz': 1200, 'freq_high_hz': 1800}. Best is trial 318 with value: 0.42305991464449244.
[I 2026-03-10 23:28:20,873] Trial 532 finished with value: 0.40857649337103774 and parameters: {'window_ms': 195, 'overlap': 0.55, 'freq_low_hz': 1200, 'freq_high_hz': 1800}. Best is trial 318 with value: 0.42305991464449244.
[I 2026-03-10 23:28:23,716] Trial 533 finished with value: 0.3548514166589404 and parameters: {'window_ms': 190, 'overlap': 0.55, 'freq_low_hz': 850, 'freq_high_hz': 1500}. Best is trial 318 with value: 0.42305991464449244.
[I 2026-03-10 23:28:24,880] Trial 534 finished with value: 0.4004983931063357 and parameters: {'window_ms': 215, 'overlap': 0.5, 'freq_low_hz': 1200, 'freq_high_hz': 1800}. Best is trial 318 with value: 0.42305991464449244.
[I 2026-03-10 23:28:25,128] Trial 535 finished with value: 0.3946252844933662 and parameters: {'window_ms': 110, 'overlap': 0.55, 'freq_low_hz': 1200, 'freq_high_hz': 1800}. Best is trial 318 with value: 0.42305991464449244.
[I 2026-03-10 23:28:29,354] Trial 536 finished with value: 0.4004983931063357 and parameters: {'window_ms': 215, 'overlap': 0.5, 'freq_low_hz': 1200, 'freq_high_hz': 1800}. Best is trial 318 with value: 0.42305991464449244.
[I 2026-03-10 23:28:30,494] Trial 538 finished with value: 0.4004983931063357 and parameters: {'window_ms': 215, 'overlap': 0.5, 'freq_low_hz': 1200, 'freq_high_hz': 1800}. Best is trial 318 with value: 0.42305991464449244.
[I 2026-03-10 23:28:31,259] Trial 537 finished with value: 0.4004983931063357 and parameters: {'window_ms': 215, 'overlap': 0.5, 'freq_low_hz': 1200, 'freq_high_hz': 1800}. Best is trial 318 with value: 0.42305991464449244.
[I 2026-03-10 23:28:37,342] Trial 539 finished with value: 0.4004983931063357 and parameters: {'window_ms': 215, 'overlap': 0.5, 'freq_low_hz': 1200, 'freq_high_hz': 1800}. Best is trial 318 with value: 0.42305991464449244.
[I 2026-03-10 23:28:37,634] Trial 540 finished with value: 0.4004983931063357 and parameters: {'window_ms': 215, 'overlap': 0.5, 'freq_low_hz': 1200, 'freq_high_hz': 1800}. Best is trial 318 with value: 0.42305991464449244.
[I 2026-03-10 23:28:41,492] Trial 542 finished with value: 0.37374338067079393 and parameters: {'window_ms': 225, 'overlap': 0.4, 'freq_low_hz': 1050, 'freq_high_hz': 1600}. Best is trial 318 with value: 0.42305991464449244.
[I 2026-03-10 23:28:41,529] Trial 543 finished with value: 0.4045227202588143 and parameters: {'window_ms': 225, 'overlap': 0.4, 'freq_low_hz': 1200, 'freq_high_hz': 1700}. Best is trial 318 with value: 0.42305991464449244.
[I 2026-03-10 23:28:42,222] Trial 541 finished with value: 0.4004983931063357 and parameters: {'window_ms': 215, 'overlap': 0.5, 'freq_low_hz': 1200, 'freq_high_hz': 1800}. Best is trial 318 with value: 0.42305991464449244.
[I 2026-03-10 23:28:45,353] Trial 530 finished with value: 0.35441265064636296 and parameters: {'window_ms': 200, 'overlap': 0.55, 'freq_low_hz': 1200, 'freq_high_hz': 3800}. Best is trial 318 with value: 0.42305991464449244.
[I 2026-03-10 23:28:51,950] Trial 545 finished with value: 0.39465031700297404 and parameters: {'window_ms': 130, 'overlap': 0.8500000000000001, 'freq_low_hz': 1200, 'freq_high_hz': 1700}. Best is trial 318 with value: 0.42305991464449244.
[I 2026-03-10 23:28:52,152] Trial 546 finished with value: 0.3753053903258723 and parameters: {'window_ms': 35, 'overlap': 0.8500000000000001, 'freq_low_hz': 1200, 'freq_high_hz': 1700}. Best is trial 318 with value: 0.42305991464449244.
[I 2026-03-10 23:28:54,354] Trial 547 finished with value: 0.3809503217586712 and parameters: {'window_ms': 225, 'overlap': 0.45, 'freq_low_hz': 1100, 'freq_high_hz': 1600}. Best is trial 318 with value: 0.42305991464449244.
[I 2026-03-10 23:28:54,944] Trial 529 finished with value: 0.35862467918966695 and parameters: {'window_ms': 190, 'overlap': 0.55, 'freq_low_hz': 1200, 'freq_high_hz': 5600}. Best is trial 318 with value: 0.42305991464449244.
[I 2026-03-10 23:28:59,714] Trial 548 finished with value: 0.3839922202778122 and parameters: {'window_ms': 160, 'overlap': 0.8500000000000001, 'freq_low_hz': 1150, 'freq_high_hz': 1650}. Best is trial 318 with value: 0.42305991464449244.
[I 2026-03-10 23:29:04,579] Trial 551 finished with value: 0.37692517502084827 and parameters: {'window_ms': 200, 'overlap': 0.8500000000000001, 'freq_low_hz': 1100, 'freq_high_hz': 1600}. Best is trial 318 with value: 0.42305991464449244.
[I 2026-03-10 23:29:04,786] Trial 549 finished with value: 0.3703083638496471 and parameters: {'window_ms': 205, 'overlap': 0.8500000000000001, 'freq_low_hz': 1100, 'freq_high_hz': 1600}. Best is trial 318 with value: 0.42305991464449244.
[I 2026-03-10 23:29:13,979] Trial 553 finished with value: 0.33498612128199895 and parameters: {'window_ms': 35, 'overlap': 0.6000000000000001, 'freq_low_hz': 1100, 'freq_high_hz': 2100}. Best is trial 318 with value: 0.42305991464449244.
[I 2026-03-10 23:29:16,924] Trial 550 finished with value: 0.36366451917710935 and parameters: {'window_ms': 200, 'overlap': 0.8500000000000001, 'freq_low_hz': 1100, 'freq_high_hz': 2100}. Best is trial 318 with value: 0.42305991464449244.
[I 2026-03-10 23:29:17,414] Trial 555 finished with value: 0.37096630640853795 and parameters: {'window_ms': 205, 'overlap': 0.35, 'freq_low_hz': 1150, 'freq_high_hz': 2250}. Best is trial 318 with value: 0.42305991464449244.
[I 2026-03-10 23:29:24,370] Trial 557 finished with value: 0.36383746506044584 and parameters: {'window_ms': 210, 'overlap': 0.6000000000000001, 'freq_low_hz': 1150, 'freq_high_hz': 2050}. Best is trial 318 with value: 0.42305991464449244.
[I 2026-03-10 23:29:26,826] Trial 556 finished with value: 0.3631400664987261 and parameters: {'window_ms': 205, 'overlap': 0.6000000000000001, 'freq_low_hz': 1150, 'freq_high_hz': 2250}. Best is trial 318 with value: 0.42305991464449244.
[I 2026-03-10 23:29:28,085] Trial 558 finished with value: 0.36364072812276926 and parameters: {'window_ms': 205, 'overlap': 0.6000000000000001, 'freq_low_hz': 1150, 'freq_high_hz': 2050}. Best is trial 318 with value: 0.42305991464449244.
[I 2026-03-10 23:29:33,642] Trial 559 finished with value: 0.36364072812276926 and parameters: {'window_ms': 205, 'overlap': 0.6000000000000001, 'freq_low_hz': 1150, 'freq_high_hz': 2050}. Best is trial 318 with value: 0.42305991464449244.
[I 2026-03-10 23:29:37,182] Trial 561 finished with value: 0.39195590444756084 and parameters: {'window_ms': 205, 'overlap': 0.25, 'freq_low_hz': 1150, 'freq_high_hz': 1950}. Best is trial 318 with value: 0.42305991464449244.
[I 2026-03-10 23:29:42,299] Trial 562 finished with value: 0.37816688220782363 and parameters: {'window_ms': 225, 'overlap': 0.6000000000000001, 'freq_low_hz': 1150, 'freq_high_hz': 1950}. Best is trial 318 with value: 0.42305991464449244.
[I 2026-03-10 23:29:43,319] Trial 552 finished with value: 0.36318917208433393 and parameters: {'window_ms': 205, 'overlap': 0.8500000000000001, 'freq_low_hz': 1100, 'freq_high_hz': 2300}. Best is trial 318 with value: 0.42305991464449244.
[I 2026-03-10 23:29:43,732] Trial 560 finished with value: 0.3631400664987261 and parameters: {'window_ms': 205, 'overlap': 0.6000000000000001, 'freq_low_hz': 1150, 'freq_high_hz': 2250}. Best is trial 318 with value: 0.42305991464449244.
[I 2026-03-10 23:29:49,306] Trial 563 finished with value: 0.36625083155578636 and parameters: {'window_ms': 225, 'overlap': 0.6000000000000001, 'freq_low_hz': 550, 'freq_high_hz': 1500}. Best is trial 318 with value: 0.42305991464449244.
[I 2026-03-10 23:29:51,327] Trial 565 finished with value: 0.378429846080232 and parameters: {'window_ms': 225, 'overlap': 0.55, 'freq_low_hz': 1150, 'freq_high_hz': 1950}. Best is trial 318 with value: 0.42305991464449244.
[I 2026-03-10 23:29:52,522] Trial 564 finished with value: 0.37816688220782363 and parameters: {'window_ms': 225, 'overlap': 0.6000000000000001, 'freq_low_hz': 1150, 'freq_high_hz': 1950}. Best is trial 318 with value: 0.42305991464449244.
