[I 2026-03-10 23:08:26,463] Trial 96 finished with value: 0.40060560209099494 and parameters: {'window_ms': 240, 'overlap': 0.8500000000000001, 'freq_low_hz': 1050, 'freq_high_hz': 1700}. Best is trial 47 with value: 0.4193505957586744.
/home/mkeller/mkeller/signal-processing-research/localization/tuning/run_optuna_respeaker_v3.py:97: UserWarning: The distribution is specified by [1550, 6000] and step=100, but the range is not divisible by `step`. It will be replaced with [1550, 5950].
  freq_high_hz = trial.suggest_int("freq_high_hz", min_high, 6000, step=100)
[I 2026-03-10 23:08:27,707] Trial 97 finished with value: 0.36024137762111297 and parameters: {'window_ms': 110, 'overlap': 0.45, 'freq_low_hz': 1000, 'freq_high_hz': 1700}. Best is trial 47 with value: 0.4193505957586744.
[I 2026-03-10 23:08:30,070] Trial 99 finished with value: 0.41239471222494367 and parameters: {'window_ms': 220, 'overlap': 0.25, 'freq_low_hz': 1150, 'freq_high_hz': 1650}. Best is trial 47 with value: 0.4193505957586744.
[I 2026-03-10 23:08:31,665] Trial 98 finished with value: 0.4123065123734191 and parameters: {'window_ms': 225, 'overlap': 0.8500000000000001, 'freq_low_hz': 1150, 'freq_high_hz': 1650}. Best is trial 47 with value: 0.4193505957586744.
[I 2026-03-10 23:08:35,912] Trial 78 finished with value: 0.3409169289958959 and parameters: {'window_ms': 210, 'overlap': 0.8, 'freq_low_hz': 250, 'freq_high_hz': 5200}. Best is trial 47 with value: 0.4193505957586744.
[I 2026-03-10 23:08:41,042] Trial 90 finished with value: 0.38033600372725446 and parameters: {'window_ms': 235, 'overlap': 0.8500000000000001, 'freq_low_hz': 150, 'freq_high_hz': 1900}. Best is trial 47 with value: 0.4193505957586744.
/home/mkeller/mkeller/signal-processing-research/localization/tuning/run_optuna_respeaker_v3.py:97: UserWarning: The distribution is specified by [1550, 6000] and step=100, but the range is not divisible by `step`. It will be replaced with [1550, 5950].
  freq_high_hz = trial.suggest_int("freq_high_hz", min_high, 6000, step=100)
[I 2026-03-10 23:08:42,435] Trial 92 finished with value: 0.38033600372725446 and parameters: {'window_ms': 235, 'overlap': 0.8500000000000001, 'freq_low_hz': 150, 'freq_high_hz': 1900}. Best is trial 47 with value: 0.4193505957586744.
[I 2026-03-10 23:08:44,086] Trial 91 finished with value: 0.38033600372725446 and parameters: {'window_ms': 235, 'overlap': 0.8500000000000001, 'freq_low_hz': 150, 'freq_high_hz': 1900}. Best is trial 47 with value: 0.4193505957586744.
/home/mkeller/mkeller/signal-processing-research/localization/tuning/run_optuna_respeaker_v3.py:97: UserWarning: The distribution is specified by [1550, 6000] and step=100, but the range is not divisible by `step`. It will be replaced with [1550, 5950].
  freq_high_hz = trial.suggest_int("freq_high_hz", min_high, 6000, step=100)
[I 2026-03-10 23:08:45,753] Trial 105 finished with value: 0.39696849752358715 and parameters: {'window_ms': 225, 'overlap': 0.25, 'freq_low_hz': 1200, 'freq_high_hz': 1700}. Best is trial 47 with value: 0.4193505957586744.
[I 2026-03-10 23:08:47,408] Trial 101 finished with value: 0.35569367195323304 and parameters: {'window_ms': 225, 'overlap': 0.25, 'freq_low_hz': 200, 'freq_high_hz': 1700}. Best is trial 47 with value: 0.4193505957586744.
[I 2026-03-10 23:08:49,817] Trial 102 finished with value: 0.3835731018590931 and parameters: {'window_ms': 225, 'overlap': 0.9, 'freq_low_hz': 1150, 'freq_high_hz': 1650}. Best is trial 47 with value: 0.4193505957586744.
[I 2026-03-10 23:08:50,629] Trial 106 finished with value: 0.38994047473270593 and parameters: {'window_ms': 225, 'overlap': 0.3, 'freq_low_hz': 1200, 'freq_high_hz': 1700}. Best is trial 47 with value: 0.4193505957586744.
[I 2026-03-10 23:08:50,745] Trial 103 finished with value: 0.37016286032854584 and parameters: {'window_ms': 220, 'overlap': 0.9, 'freq_low_hz': 1100, 'freq_high_hz': 1600}. Best is trial 47 with value: 0.4193505957586744.
[I 2026-03-10 23:08:52,421] Trial 104 finished with value: 0.3602317133487499 and parameters: {'window_ms': 225, 'overlap': 0.25, 'freq_low_hz': 1200, 'freq_high_hz': 3100}. Best is trial 47 with value: 0.4193505957586744.
[I 2026-03-10 23:08:55,948] Trial 107 finished with value: 0.37653262943471527 and parameters: {'window_ms': 225, 'overlap': 0.25, 'freq_low_hz': 1150, 'freq_high_hz': 1650}. Best is trial 47 with value: 0.4193505957586744.
[I 2026-03-10 23:08:57,256] Trial 109 finished with value: 0.37653262943471527 and parameters: {'window_ms': 225, 'overlap': 0.25, 'freq_low_hz': 1150, 'freq_high_hz': 1650}. Best is trial 47 with value: 0.4193505957586744.
[I 2026-03-10 23:08:59,127] Trial 110 finished with value: 0.37653262943471527 and parameters: {'window_ms': 225, 'overlap': 0.25, 'freq_low_hz': 1150, 'freq_high_hz': 1650}. Best is trial 47 with value: 0.4193505957586744.
[I 2026-03-10 23:09:02,340] Trial 100 finished with value: 0.3742283541773418 and parameters: {'window_ms': 225, 'overlap': 0.8500000000000001, 'freq_low_hz': 200, 'freq_high_hz': 1700}. Best is trial 47 with value: 0.4193505957586744.
[I 2026-03-10 23:09:04,201] Trial 108 finished with value: 0.38286466018749665 and parameters: {'window_ms': 220, 'overlap': 0.9, 'freq_low_hz': 1200, 'freq_high_hz': 1700}. Best is trial 47 with value: 0.4193505957586744.
[I 2026-03-10 23:09:05,429] Trial 111 finished with value: 0.3637078940350342 and parameters: {'window_ms': 220, 'overlap': 0.3, 'freq_low_hz': 1200, 'freq_high_hz': 2200}. Best is trial 47 with value: 0.4193505957586744.
[I 2026-03-10 23:09:05,836] Trial 114 finished with value: 0.36380553649487724 and parameters: {'window_ms': 200, 'overlap': 0.25, 'freq_low_hz': 1150, 'freq_high_hz': 2150}. Best is trial 47 with value: 0.4193505957586744.
[I 2026-03-10 23:09:05,946] Trial 112 finished with value: 0.3637539499897786 and parameters: {'window_ms': 220, 'overlap': 0.25, 'freq_low_hz': 1200, 'freq_high_hz': 2200}. Best is trial 47 with value: 0.4193505957586744.
[I 2026-03-10 23:09:08,281] Trial 115 finished with value: 0.36375135293596883 and parameters: {'window_ms': 200, 'overlap': 0.3, 'freq_low_hz': 1150, 'freq_high_hz': 2150}. Best is trial 47 with value: 0.4193505957586744.
[I 2026-03-10 23:09:08,729] Trial 113 finished with value: 0.3636481484790788 and parameters: {'window_ms': 220, 'overlap': 0.25, 'freq_low_hz': 1100, 'freq_high_hz': 2200}. Best is trial 47 with value: 0.4193505957586744.
[I 2026-03-10 23:09:13,238] Trial 116 finished with value: 0.3633977184027227 and parameters: {'window_ms': 200, 'overlap': 0.3, 'freq_low_hz': 1100, 'freq_high_hz': 2200}. Best is trial 47 with value: 0.4193505957586744.
[I 2026-03-10 23:09:14,641] Trial 117 finished with value: 0.363686950981428 and parameters: {'window_ms': 200, 'overlap': 0.3, 'freq_low_hz': 1100, 'freq_high_hz': 2100}. Best is trial 47 with value: 0.4193505957586744.
[I 2026-03-10 23:09:15,129] Trial 118 finished with value: 0.363686950981428 and parameters: {'window_ms': 200, 'overlap': 0.3, 'freq_low_hz': 1100, 'freq_high_hz': 2100}. Best is trial 47 with value: 0.4193505957586744.
[I 2026-03-10 23:09:19,736] Trial 122 finished with value: 0.36104627574988407 and parameters: {'window_ms': 245, 'overlap': 0.3, 'freq_low_hz': 1100, 'freq_high_hz': 1500}. Best is trial 47 with value: 0.4193505957586744.
[I 2026-03-10 23:09:20,374] Trial 123 finished with value: 0.36104627574988407 and parameters: {'window_ms': 245, 'overlap': 0.3, 'freq_low_hz': 1100, 'freq_high_hz': 1500}. Best is trial 47 with value: 0.4193505957586744.
[I 2026-03-10 23:09:22,062] Trial 121 finished with value: 0.363686950981428 and parameters: {'window_ms': 200, 'overlap': 0.3, 'freq_low_hz': 1100, 'freq_high_hz': 2100}. Best is trial 47 with value: 0.4193505957586744.
[I 2026-03-10 23:09:22,111] Trial 125 finished with value: 0.36104627574988407 and parameters: {'window_ms': 245, 'overlap': 0.3, 'freq_low_hz': 1100, 'freq_high_hz': 1500}. Best is trial 47 with value: 0.4193505957586744.
[I 2026-03-10 23:09:22,172] Trial 124 finished with value: 0.36104627574988407 and parameters: {'window_ms': 245, 'overlap': 0.3, 'freq_low_hz': 1100, 'freq_high_hz': 1500}. Best is trial 47 with value: 0.4193505957586744.
[I 2026-03-10 23:09:23,030] Trial 120 finished with value: 0.3633152002570898 and parameters: {'window_ms': 200, 'overlap': 0.35, 'freq_low_hz': 1100, 'freq_high_hz': 2200}. Best is trial 47 with value: 0.4193505957586744.
[I 2026-03-10 23:09:25,706] Trial 126 finished with value: 0.3628552863277916 and parameters: {'window_ms': 245, 'overlap': 0.3, 'freq_low_hz': 1050, 'freq_high_hz': 1500}. Best is trial 47 with value: 0.4193505957586744.
[I 2026-03-10 23:09:28,177] Trial 127 finished with value: 0.3669039053679531 and parameters: {'window_ms': 125, 'overlap': 0.35, 'freq_low_hz': 1050, 'freq_high_hz': 1500}. Best is trial 47 with value: 0.4193505957586744.
[I 2026-03-10 23:09:30,469] Trial 128 finished with value: 0.35525628161589307 and parameters: {'window_ms': 130, 'overlap': 0.35, 'freq_low_hz': 1050, 'freq_high_hz': 1500}. Best is trial 47 with value: 0.4193505957586744.
[I 2026-03-10 23:09:33,461] Trial 119 finished with value: 0.3631579164379992 and parameters: {'window_ms': 135, 'overlap': 0.9, 'freq_low_hz': 1100, 'freq_high_hz': 2200}. Best is trial 47 with value: 0.4193505957586744.
/home/mkeller/mkeller/signal-processing-research/localization/tuning/run_optuna_respeaker_v3.py:97: UserWarning: The distribution is specified by [1550, 6000] and step=100, but the range is not divisible by `step`. It will be replaced with [1550, 5950].
  freq_high_hz = trial.suggest_int("freq_high_hz", min_high, 6000, step=100)
[I 2026-03-10 23:09:35,433] Trial 129 finished with value: 0.37768835025865294 and parameters: {'window_ms': 190, 'overlap': 0.35, 'freq_low_hz': 1200, 'freq_high_hz': 2000}. Best is trial 47 with value: 0.4193505957586744.
[I 2026-03-10 23:09:36,109] Trial 131 finished with value: 0.38087313145717205 and parameters: {'window_ms': 135, 'overlap': 0.35, 'freq_low_hz': 1050, 'freq_high_hz': 1800}. Best is trial 47 with value: 0.4193505957586744.
[I 2026-03-10 23:09:36,478] Trial 133 finished with value: 0.377753757710659 and parameters: {'window_ms': 230, 'overlap': 0.35, 'freq_low_hz': 1050, 'freq_high_hz': 1800}. Best is trial 47 with value: 0.4193505957586744.
[I 2026-03-10 23:09:37,541] Trial 132 finished with value: 0.377753757710659 and parameters: {'window_ms': 230, 'overlap': 0.35, 'freq_low_hz': 1050, 'freq_high_hz': 1800}. Best is trial 47 with value: 0.4193505957586744.
[I 2026-03-10 23:09:44,946] Trial 130 finished with value: 0.3824117519459162 and parameters: {'window_ms': 230, 'overlap': 0.9, 'freq_low_hz': 1150, 'freq_high_hz': 1750}. Best is trial 47 with value: 0.4193505957586744.
[I 2026-03-10 23:09:52,002] Trial 135 finished with value: 0.40863961225326284 and parameters: {'window_ms': 230, 'overlap': 0.9, 'freq_low_hz': 1200, 'freq_high_hz': 1800}. Best is trial 47 with value: 0.4193505957586744.
[I 2026-03-10 23:09:54,477] Trial 134 finished with value: 0.3931851694688483 and parameters: {'window_ms': 230, 'overlap': 0.9, 'freq_low_hz': 1050, 'freq_high_hz': 1800}. Best is trial 47 with value: 0.4193505957586744.
[I 2026-03-10 23:09:54,813] Trial 136 finished with value: 0.40863961225326284 and parameters: {'window_ms': 230, 'overlap': 0.9, 'freq_low_hz': 1200, 'freq_high_hz': 1800}. Best is trial 47 with value: 0.4193505957586744.
[I 2026-03-10 23:09:57,521] Trial 137 finished with value: 0.3824117519459162 and parameters: {'window_ms': 230, 'overlap': 0.9, 'freq_low_hz': 1150, 'freq_high_hz': 1750}. Best is trial 47 with value: 0.4193505957586744.
[I 2026-03-10 23:09:59,688] Trial 140 finished with value: 0.3834603770222439 and parameters: {'window_ms': 230, 'overlap': 0.9, 'freq_low_hz': 1200, 'freq_high_hz': 1700}. Best is trial 47 with value: 0.4193505957586744.
[I 2026-03-10 23:10:00,931] Trial 138 finished with value: 0.3824117519459162 and parameters: {'window_ms': 230, 'overlap': 0.9, 'freq_low_hz': 1150, 'freq_high_hz': 1750}. Best is trial 47 with value: 0.4193505957586744.
[I 2026-03-10 23:10:01,152] Trial 141 finished with value: 0.38255345707902094 and parameters: {'window_ms': 215, 'overlap': 0.9, 'freq_low_hz': 1200, 'freq_high_hz': 1700}. Best is trial 47 with value: 0.4193505957586744.
[I 2026-03-10 23:10:02,034] Trial 142 finished with value: 0.38255345707902094 and parameters: {'window_ms': 215, 'overlap': 0.9, 'freq_low_hz': 1200, 'freq_high_hz': 1700}. Best is trial 47 with value: 0.4193505957586744.
[I 2026-03-10 23:10:06,646] Trial 139 finished with value: 0.3824117519459162 and parameters: {'window_ms': 230, 'overlap': 0.9, 'freq_low_hz': 1150, 'freq_high_hz': 1750}. Best is trial 47 with value: 0.4193505957586744.
[I 2026-03-10 23:10:14,840] Trial 143 finished with value: 0.32652564394845807 and parameters: {'window_ms': 15, 'overlap': 0.9, 'freq_low_hz': 1200, 'freq_high_hz': 2000}. Best is trial 47 with value: 0.4193505957586744.
[I 2026-03-10 23:10:17,461] Trial 144 finished with value: 0.3834294600922948 and parameters: {'window_ms': 215, 'overlap': 0.9, 'freq_low_hz': 1150, 'freq_high_hz': 1650}. Best is trial 47 with value: 0.4193505957586744.
[I 2026-03-10 23:10:29,281] Trial 149 finished with value: 0.34936235832877127 and parameters: {'window_ms': 20, 'overlap': 0.8500000000000001, 'freq_low_hz': 850, 'freq_high_hz': 2000}. Best is trial 47 with value: 0.4193505957586744.
[I 2026-03-10 23:10:30,809] Trial 150 finished with value: 0.39222921334872096 and parameters: {'window_ms': 240, 'overlap': 0.8500000000000001, 'freq_low_hz': 1200, 'freq_high_hz': 2000}. Best is trial 47 with value: 0.4193505957586744.
[I 2026-03-10 23:10:31,363] Trial 147 finished with value: 0.35051766041919735 and parameters: {'window_ms': 215, 'overlap': 0.8500000000000001, 'freq_low_hz': 1000, 'freq_high_hz': 2000}. Best is trial 47 with value: 0.4193505957586744.
[I 2026-03-10 23:10:32,448] Trial 145 finished with value: 0.36503442819769305 and parameters: {'window_ms': 215, 'overlap': 0.8500000000000001, 'freq_low_hz': 950, 'freq_high_hz': 2000}. Best is trial 47 with value: 0.4193505957586744.
[I 2026-03-10 23:10:35,906] Trial 152 finished with value: 0.35667573545824205 and parameters: {'window_ms': 240, 'overlap': 0.8500000000000001, 'freq_low_hz': 900, 'freq_high_hz': 1600}. Best is trial 47 with value: 0.4193505957586744.
[I 2026-03-10 23:10:38,838] Trial 148 finished with value: 0.3789414271442337 and parameters: {'window_ms': 240, 'overlap': 0.8500000000000001, 'freq_low_hz': 850, 'freq_high_hz': 2000}. Best is trial 47 with value: 0.4193505957586744.
[I 2026-03-10 23:10:42,207] Trial 146 finished with value: 0.3649801631525044 and parameters: {'window_ms': 215, 'overlap': 0.9, 'freq_low_hz': 950, 'freq_high_hz': 2000}. Best is trial 47 with value: 0.4193505957586744.
[I 2026-03-10 23:10:43,161] Trial 151 finished with value: 0.37895842921441464 and parameters: {'window_ms': 240, 'overlap': 0.8500000000000001, 'freq_low_hz': 900, 'freq_high_hz': 2000}. Best is trial 47 with value: 0.4193505957586744.
[I 2026-03-10 23:11:22,079] Trial 157 finished with value: 0.3867874194980885 and parameters: {'window_ms': 240, 'overlap': 0.8, 'freq_low_hz': 100, 'freq_high_hz': 1600}. Best is trial 47 with value: 0.4193505957586744.
[I 2026-03-10 23:11:24,090] Trial 153 finished with value: 0.36453442196294794 and parameters: {'window_ms': 240, 'overlap': 0.8500000000000001, 'freq_low_hz': 100, 'freq_high_hz': 2000}. Best is trial 47 with value: 0.4193505957586744.
[I 2026-03-10 23:11:28,451] Trial 159 finished with value: 0.3867874194980885 and parameters: {'window_ms': 240, 'overlap': 0.8, 'freq_low_hz': 100, 'freq_high_hz': 1600}. Best is trial 47 with value: 0.4193505957586744.
[I 2026-03-10 23:11:28,780] Trial 158 finished with value: 0.3867874194980885 and parameters: {'window_ms': 240, 'overlap': 0.8, 'freq_low_hz': 100, 'freq_high_hz': 1600}. Best is trial 47 with value: 0.4193505957586744.
[I 2026-03-10 23:11:29,647] Trial 155 finished with value: 0.3809401808830906 and parameters: {'window_ms': 240, 'overlap': 0.8500000000000001, 'freq_low_hz': 100, 'freq_high_hz': 1600}. Best is trial 47 with value: 0.4193505957586744.
[I 2026-03-10 23:11:31,371] Trial 160 finished with value: 0.3867874194980885 and parameters: {'window_ms': 240, 'overlap': 0.8, 'freq_low_hz': 100, 'freq_high_hz': 1600}. Best is trial 47 with value: 0.4193505957586744.
[I 2026-03-10 23:11:32,192] Trial 154 finished with value: 0.36453442196294794 and parameters: {'window_ms': 240, 'overlap': 0.8500000000000001, 'freq_low_hz': 100, 'freq_high_hz': 2000}. Best is trial 47 with value: 0.4193505957586744.
[I 2026-03-10 23:11:33,051] Trial 156 finished with value: 0.36443156747382605 and parameters: {'window_ms': 240, 'overlap': 0.8, 'freq_low_hz': 100, 'freq_high_hz': 2000}. Best is trial 47 with value: 0.4193505957586744.
[I 2026-03-10 23:11:35,088] Trial 161 finished with value: 0.3867874194980885 and parameters: {'window_ms': 240, 'overlap': 0.8, 'freq_low_hz': 100, 'freq_high_hz': 1600}. Best is trial 47 with value: 0.4193505957586744.
[I 2026-03-10 23:11:37,402] Trial 162 finished with value: 0.3867874194980885 and parameters: {'window_ms': 240, 'overlap': 0.8, 'freq_low_hz': 100, 'freq_high_hz': 1600}. Best is trial 47 with value: 0.4193505957586744.
[I 2026-03-10 23:11:44,556] Trial 163 finished with value: 0.3836159693397212 and parameters: {'window_ms': 205, 'overlap': 0.8, 'freq_low_hz': 1200, 'freq_high_hz': 1800}. Best is trial 47 with value: 0.4193505957586744.
[I 2026-03-10 23:11:45,765] Trial 166 finished with value: 0.414949757177793 and parameters: {'window_ms': 220, 'overlap': 0.65, 'freq_low_hz': 1200, 'freq_high_hz': 1800}. Best is trial 47 with value: 0.4193505957586744.
[I 2026-03-10 23:11:47,981] Trial 164 finished with value: 0.3836159693397212 and parameters: {'window_ms': 205, 'overlap': 0.8, 'freq_low_hz': 1200, 'freq_high_hz': 1800}. Best is trial 47 with value: 0.4193505957586744.
[I 2026-03-10 23:11:49,632] Trial 165 finished with value: 0.37683832857150085 and parameters: {'window_ms': 220, 'overlap': 0.8, 'freq_low_hz': 1200, 'freq_high_hz': 1800}. Best is trial 47 with value: 0.4193505957586744.
[I 2026-03-10 23:11:53,761] Trial 167 finished with value: 0.3838637036041237 and parameters: {'window_ms': 205, 'overlap': 0.8500000000000001, 'freq_low_hz': 1200, 'freq_high_hz': 1800}. Best is trial 47 with value: 0.4193505957586744.
[I 2026-03-10 23:11:55,897] Trial 169 finished with value: 0.3838637036041237 and parameters: {'window_ms': 205, 'overlap': 0.8500000000000001, 'freq_low_hz': 1200, 'freq_high_hz': 1800}. Best is trial 47 with value: 0.4193505957586744.
[I 2026-03-10 23:11:55,994] Trial 168 finished with value: 0.40085213187652147 and parameters: {'window_ms': 220, 'overlap': 0.8500000000000001, 'freq_low_hz': 1200, 'freq_high_hz': 1800}. Best is trial 47 with value: 0.4193505957586744.
/home/mkeller/mkeller/signal-processing-research/localization/tuning/run_optuna_respeaker_v3.py:97: UserWarning: The distribution is specified by [1550, 6000] and step=100, but the range is not divisible by `step`. It will be replaced with [1550, 5950].
  freq_high_hz = trial.suggest_int("freq_high_hz", min_high, 6000, step=100)
[I 2026-03-10 23:11:57,130] Trial 170 finished with value: 0.40085213187652147 and parameters: {'window_ms': 220, 'overlap': 0.8500000000000001, 'freq_low_hz': 1200, 'freq_high_hz': 1800}. Best is trial 47 with value: 0.4193505957586744.
[I 2026-03-10 23:11:57,305] Trial 171 finished with value: 0.40085213187652147 and parameters: {'window_ms': 220, 'overlap': 0.8500000000000001, 'freq_low_hz': 1200, 'freq_high_hz': 1800}. Best is trial 47 with value: 0.4193505957586744.
[I 2026-03-10 23:11:58,800] Trial 172 finished with value: 0.40085213187652147 and parameters: {'window_ms': 220, 'overlap': 0.8500000000000001, 'freq_low_hz': 1200, 'freq_high_hz': 1800}. Best is trial 47 with value: 0.4193505957586744.
/home/mkeller/mkeller/signal-processing-research/localization/tuning/run_optuna_respeaker_v3.py:97: UserWarning: The distribution is specified by [1550, 6000] and step=100, but the range is not divisible by `step`. It will be replaced with [1550, 5950].
  freq_high_hz = trial.suggest_int("freq_high_hz", min_high, 6000, step=100)
[I 2026-03-10 23:12:01,739] Trial 173 finished with value: 0.3838059389862488 and parameters: {'window_ms': 225, 'overlap': 0.65, 'freq_low_hz': 1200, 'freq_high_hz': 1800}. Best is trial 47 with value: 0.4193505957586744.
[I 2026-03-10 23:12:03,265] Trial 174 finished with value: 0.414949757177793 and parameters: {'window_ms': 220, 'overlap': 0.65, 'freq_low_hz': 1200, 'freq_high_hz': 1800}. Best is trial 47 with value: 0.4193505957586744.
/home/mkeller/mkeller/signal-processing-research/localization/tuning/run_optuna_respeaker_v3.py:97: UserWarning: The distribution is specified by [1550, 6000] and step=100, but the range is not divisible by `step`. It will be replaced with [1550, 5950].
  freq_high_hz = trial.suggest_int("freq_high_hz", min_high, 6000, step=100)
[I 2026-03-10 23:12:08,537] Trial 176 finished with value: 0.37968325289232313 and parameters: {'window_ms': 230, 'overlap': 0.7, 'freq_low_hz': 1150, 'freq_high_hz': 1850}. Best is trial 47 with value: 0.4193505957586744.
[I 2026-03-10 23:12:08,628] Trial 175 finished with value: 0.377366023970726 and parameters: {'window_ms': 220, 'overlap': 0.65, 'freq_low_hz': 1150, 'freq_high_hz': 1850}. Best is trial 47 with value: 0.4193505957586744.
[I 2026-03-10 23:12:14,438] Trial 177 finished with value: 0.37984524957448723 and parameters: {'window_ms': 225, 'overlap': 0.65, 'freq_low_hz': 1150, 'freq_high_hz': 1850}. Best is trial 47 with value: 0.4193505957586744.
[I 2026-03-10 23:12:15,452] Trial 178 finished with value: 0.377366023970726 and parameters: {'window_ms': 220, 'overlap': 0.65, 'freq_low_hz': 1150, 'freq_high_hz': 1850}. Best is trial 47 with value: 0.4193505957586744.
